# nice ../build/src/mohex/mohex --config mohex-weak.htp --seed 352061 --logfile-name jobs/11x11-mohex-mohex-weak-vs-mohex-mohex-cg2010/mohex-mohex-weak-13.log
>boardsize 11 11
MoHex 2.0.CMake Mar 21 2025
Copyright (C) 2007-2012 by the authors of the Benzene project.
This program comes with ABSOLUTELY NO WARRANTY. This is
free software and you are welcome to redistribute it under
certain conditions. Type `benzene-license' for details.

SgRandom::SetSeed: 352061
SgUctSearch: system memory 33632358400, using 1000000000 (5681818 nodes)
SgRandom::SetSeed: 1
SgRandom::SetSeed: 352061
27b77 info: Prior Patterns:
27b77 info: Global:
27b77 info: Size            = 565 32648 
27b77 info: TableEntries    = 65932 65910
27b77 info: MirrorsAdded    = 0 0
27b77 info: PrunableCount   = 30593 30629
27b77 info: LargestGamma    = 5820.77
27b77 info: SmallestGamma   = 6.6e-05
27b77 info: Local:
27b77 info: Size            = 550 5318 
27b77 info: TableEntries    = 11602 11588
27b77 info: MirrorsAdded    = 0 0
27b77 info: PrunableCount   = 3659 3667
27b77 info: LargestGamma    = 11281.8
27b77 info: SmallestGamma   = 0.026235
27b77 info: Playout Patterns:
27b77 info: Global:
27b77 info: Size            = 565 32648 
27b77 info: TableEntries    = 70329 70329
27b77 info: MirrorsAdded    = 4397 4419
27b77 info: PrunableCount   = 30593 30629
27b77 info: LargestGamma    = 5820.77
27b77 info: SmallestGamma   = 6.6e-05
27b77 info: Local:
27b77 info: Size            = 550 5318 
27b77 info: TableEntries    = 11602 11588
27b77 info: MirrorsAdded    = 0 0
27b77 info: PrunableCount   = 3659 3667
27b77 info: LargestGamma    = 11281.8
27b77 info: SmallestGamma   = 0.026235
param_game allow_swap 1
= 

param_mohex max_memory 1600000
= 

param_mohex num_threads 1
= 

param_mohex max_time 1
= 

param_mohex max_games 1
= 

param_mohex knowledge_threshold 400
= 

param_mohex reuse_subtree 1
= 

param_mohex use_parallel_solver 1
= 

<= 
<
>name
<= MoHex
<
>version
<= 2.0.CMake
<
>play b a7
<= 
<
>genmove w
<= swap-pieces
<
>showboard
27b77 info: SwapCheck: reading from '/home/linus/MoHex2.0/nfbranchfix/benzene-vanilla-cmake/share/swap-moves.txt'.
27b77 info: SwapCheck: playing swap.
<= 
< 
<  b3f021d8087c9a69
<  a  b  c  d  e  f  g  h  i  j  k  
< 1\.  .  .  .  .  .  .  .  .  .  .\1
<  2\.  .  .  .  .  .  .  .  .  .  .\2
<   3\.  .  .  .  .  .  .  .  .  .  .\3
<    4\.  .  .  .  .  .  .  .  .  .  .\4
<     5\.  .  .  .  .  .  .  .  .  .  .\5
<      6\.  .  .  .  .  .  .  .  .  .  .\6
<       7\B  .  .  .  .  .  .  .  .  .  .\7
<        8\.  .  .  .  .  .  .  .  .  .  .\8
<         9\.  .  .  .  .  .  .  .  .  .  .\9
<         10\.  .  .  .  .  .  .  .  .  .  .\10
<          11\.  .  .  .  .  .  .  .  .  .  .\11
<              a  b  c  d  e  f  g  h  i  j  k  
<
>play w h8
<= 
<
>showboard
<= 
< 
<  2532994a2040bf92
<  a  b  c  d  e  f  g  h  i  j  k  
< 1\.  .  .  .  .  .  .  .  .  .  .\1
<  2\.  .  .  .  .  .  .  .  .  .  .\2
<   3\.  .  .  .  .  .  .  .  .  .  .\3
<    4\.  .  .  .  .  .  .  .  .  .  .\4
<     5\.  .  .  .  .  .  .  .  .  .  .\5
<      6\.  .  .  .  .  .  .  .  .  .  .\6
<       7\B  .  .  .  .  .  .  .  .  .  .\7
<        8\.  .  .  .  .  .  .  W  .  .  .\8
<         9\.  .  .  .  .  .  .  .  .  .  .\9
<         10\.  .  .  .  .  .  .  .  .  .  .\10
<          11\.  .  .  .  .  .  .  .  .  .  .\11
<              a  b  c  d  e  f  g  h  i  j  k  
<
>genmove b
<= h7
<
>showboard
27b77 info: PlayAndSolve: Building VCs to avoid race condition.
27b77 info: PlayAndSolve: Continuing on as usual.
b4e16 info: *** PlayerThread ***
ace06 info: *** SolverThread ***
b4e16 info: Best move cannot be determined, must search state.
b4e16 info: --- MoHexPlayer::Search() ---
b4e16 info: Color: black
b4e16 info: MaxGames: 1
b4e16 info: NumberThreads: 1
b4e16 info: MaxNodes: 9090 (799920 bytes)
b4e16 info: TimeForMove: 1
b4e16 info: PreSearch: max time reached (47/91).
b4e16 info: Time for PreSearch: 0.200271s
b4e16 info: 
  2532994a2040bf92
  a  b  c  d  e  f  g  h  i  j  k  
 1\.  .  .  .  .  .  .  .  .  .  .\1
  2\.  .  *  *  *  *  *  *  *  *  *\2
   3\.  *  *  *  *  *  *  *  *  *  *\3
    4\*  *  *  *  *  *  *  *  *  *  *\4
     5\*  *  *  *  *  *  *  *  *  *  *\5
      6\*  *  *  *  *  *  *  *  *  *  *\6
       7\B  *  *  *  *  *  *  *  *  *  *\7
        8\*  *  *  *  *  *  *  W  *  *  *\8
         9\*  *  *  *  *  *  *  *  *  *  .\9
         10\*  *  *  *  *  *  *  *  *  .  .\10
          11\.  .  .  .  .  .  .  .  .  .  .\11
              a  b  c  d  e  f  g  h  i  j  k  
b4e16 info: No subtree to reuse.
b4e16 info: Creating thread 0
b4e16 info: StartSearch()[0]
SgUctSearch: max games reached
b4e16 info: 
Elapsed Time   0.37783s
Count          1
GamesPlayed    1
Nodes          1
Knowledge      0 (0.0%)
Expansions     0.0
Time           0.00
GameLen        119.0 dev=0.0 min=119.0 max=119.0
InTree         0.0 dev=0.0 min=0.0 max=0.0
KnowDepth      -
Aborted        0%
Games/s        427.0
Score          1.00
Sequence      
b4e16 info: 
b4e16 warning: **** MoHexSearch returned empty sequence!
b4e16 warning: **** Returning random move!
b4e16 info: *** Player move: h7
a4df6 info: DfpnSolver::CheckAbort(): Abort flag!
ace06 info: 
MID calls      41
VC builds      40
Terminal       0
Work           41
Wasted Work    0 (0%)
Elapsed Time   0.394537
MIDs/sec       103.919
VCs/sec        101.385
Cnt prune sib  0
Avg prune sib  -
Consider Size  88.725 dev=2.57893 min=83 max=91
Move Index     -
Move Percent   -
Delta Increase 3.075 dev=12.9584 min=1 max=84
Winner         empty
PV             c10 f5 h4

HashTableStatistics:
Stores         106
LookupAttempt  12247
LookupSuccess  719
Collisions     0

ace06 info: Search aborted.
<= 
< 
<  37fc2cb14ed6b3dc
<  a  b  c  d  e  f  g  h  i  j  k  
< 1\.  .  .  .  .  .  .  .  .  .  .\1
<  2\.  .  .  .  .  .  .  .  .  .  .\2
<   3\.  .  .  .  .  .  .  .  .  .  .\3
<    4\.  .  .  .  .  .  .  .  .  .  .\4
<     5\.  .  .  .  .  .  .  .  .  .  .\5
<      6\.  .  .  .  .  .  .  .  .  .  .\6
<       7\B  .  .  .  .  .  .  B  .  .  .\7
<        8\.  .  .  .  .  .  .  W  .  .  .\8
<         9\.  .  .  .  .  .  .  .  .  .  .\9
<         10\.  .  .  .  .  .  .  .  .  .  .\10
<          11\.  .  .  .  .  .  .  .  .  .  .\11
<              a  b  c  d  e  f  g  h  i  j  k  
<
>play w f9
<= 
<
>showboard
<= 
< 
<  3fc1c8cff300c922
<  a  b  c  d  e  f  g  h  i  j  k  
< 1\.  .  .  .  .  .  .  .  .  .  .\1
<  2\.  .  .  .  .  .  .  .  .  .  .\2
<   3\.  .  .  .  .  .  .  .  .  .  .\3
<    4\.  .  .  .  .  .  .  .  .  .  .\4
<     5\.  .  .  .  .  .  .  .  .  .  .\5
<      6\.  .  .  .  .  .  .  .  .  .  .\6
<       7\B  .  .  .  .  .  .  B  .  .  .\7
<        8\.  .  .  .  .  .  .  W  .  .  .\8
<         9\.  .  .  .  .  W  .  .  .  .  .\9
<         10\.  .  .  .  .  .  .  .  .  .  .\10
<          11\.  .  .  .  .  .  .  .  .  .  .\11
<              a  b  c  d  e  f  g  h  i  j  k  
<
>genmove b
<= j1
<
>showboard
27b77 info: PlayAndSolve: Building VCs to avoid race condition.
27b77 info: PlayAndSolve: Continuing on as usual.
ace06 info: *** PlayerThread ***
b4e16 info: *** SolverThread ***
ace06 info: Best move cannot be determined, must search state.
ace06 info: --- MoHexPlayer::Search() ---
ace06 info: Color: black
ace06 info: MaxGames: 1
ace06 info: NumberThreads: 1
ace06 info: MaxNodes: 9090 (799920 bytes)
ace06 info: TimeForMove: 1
ace06 info: PreSearch: max time reached (51/87).
ace06 info: Time for PreSearch: 0.20189s
ace06 info: 
  3fc1c8cff300c922
  a  b  c  d  e  f  g  h  i  j  k  
 1\.  .  .  .  .  .  .  .  .  .  .\1
  2\.  .  *  *  *  *  *  *  *  *  *\2
   3\.  *  *  *  *  *  *  *  *  *  *\3
    4\*  *  *  *  *  *  *  *  *  *  *\4
     5\*  *  *  *  *  *  *  *  *  *  *\5
      6\*  *  *  *  *  *  *  *  *  *  *\6
       7\B  *  *  *  *  *  *  B  *  *  *\7
        8\*  *  *  *  *  *  *  W  *  *  *\8
         9\*  *  *  *  *  W  *  *  *  *  .\9
         10\*  *  *  *  .  .  *  *  *  .  .\10
          11\.  .  .  .  .  .  .  .  .  .  .\11
              a  b  c  d  e  f  g  h  i  j  k  
ace06 info: Old: [black, a7] [white, swap-pieces] [white, h8] 
ace06 info: New: [black, a7] [white, swap-pieces] [white, h8] [black, h7] [white, f9] 
ace06 info: MovesPlayed: [black, h7] [white, f9] 
ace06 info: No subtree to reuse.
ace06 info: StartSearch()[0]
SgUctSearch: max games reached
ace06 info: 
Elapsed Time   0.361039s
Count          1
GamesPlayed    1
Nodes          1
Knowledge      0 (0.0%)
Expansions     0.0
Time           0.00
GameLen        117.0 dev=0.0 min=117.0 max=117.0
InTree         0.0 dev=0.0 min=0.0 max=0.0
KnowDepth      -
Aborted        0%
Games/s        3333.3
Score          0.00
Sequence      
ace06 info: 
ace06 warning: **** MoHexSearch returned empty sequence!
ace06 warning: **** Returning random move!
ace06 info: *** Player move: j1
a4df6 info: DfpnSolver::CheckAbort(): Abort flag!
b4e16 info: 
MID calls      49
VC builds      47
Terminal       0
Work           49
Wasted Work    0 (0%)
Elapsed Time   0.372216
MIDs/sec       131.644
VCs/sec        126.271
Cnt prune sib  0
Avg prune sib  -
Consider Size  82.5106 dev=12.4846 min=25 max=91
Move Index     -
Move Percent   -
Delta Increase 3.25 dev=11.5785 min=1 max=79
Winner         empty
PV             d10 c9 e8 e7

HashTableStatistics:
Stores         226
LookupAttempt  24158
LookupSuccess  1396
Collisions     0

b4e16 info: Search aborted.
<= 
< 
<  a8c6c482106d26ae
<  a  b  c  d  e  f  g  h  i  j  k  
< 1\.  .  .  .  .  .  .  .  .  B  .\1
<  2\.  .  .  .  .  .  .  .  .  .  .\2
<   3\.  .  .  .  .  .  .  .  .  .  .\3
<    4\.  .  .  .  .  .  .  .  .  .  .\4
<     5\.  .  .  .  .  .  .  .  .  .  .\5
<      6\.  .  .  .  .  .  .  .  .  .  .\6
<       7\B  .  .  .  .  .  .  B  .  .  .\7
<        8\.  .  .  .  .  .  .  W  .  .  .\8
<         9\.  .  .  .  .  W  .  .  .  .  .\9
<         10\.  .  .  .  .  .  .  .  .  .  .\10
<          11\.  .  .  .  .  .  .  .  .  .  .\11
<              a  b  c  d  e  f  g  h  i  j  k  
<
>play w h9
<= 
<
>showboard
<= 
< 
<  feea2b486b6c9475
<  a  b  c  d  e  f  g  h  i  j  k  
< 1\.  .  .  .  .  .  .  .  .  B  .\1
<  2\.  .  .  .  .  .  .  .  .  .  .\2
<   3\.  .  .  .  .  .  .  .  .  .  .\3
<    4\.  .  .  .  .  .  .  .  .  .  .\4
<     5\.  .  .  .  .  .  .  .  .  .  .\5
<      6\.  .  .  .  .  .  .  .  .  .  .\6
<       7\B  .  .  .  .  .  .  B  .  .  .\7
<        8\.  .  .  .  .  .  .  W  .  .  .\8
<         9\.  .  .  .  .  W  .  W  .  .  .\9
<         10\.  .  .  .  .  .  .  .  .  .  .\10
<          11\.  .  .  .  .  .  .  .  .  .  .\11
<              a  b  c  d  e  f  g  h  i  j  k  
<
>genmove b
<= k3
<
>showboard
27b77 info: PlayAndSolve: Building VCs to avoid race condition.
27b77 info: PlayAndSolve: Continuing on as usual.
b4e16 info: *** PlayerThread ***
ace06 info: *** SolverThread ***
b4e16 info: Best move cannot be determined, must search state.
b4e16 info: --- MoHexPlayer::Search() ---
b4e16 info: Color: black
b4e16 info: MaxGames: 1
b4e16 info: NumberThreads: 1
b4e16 info: MaxNodes: 9090 (799920 bytes)
b4e16 info: TimeForMove: 1
b4e16 info: PreSearch: max time reached (53/84).
b4e16 info: Time for PreSearch: 0.201219s
b4e16 info: 
  feea2b486b6c9475
  a  b  c  d  e  f  g  h  i  j  k  
 1\.  .  .  .  .  .  .  .  .  B  .\1
  2\.  .  *  *  *  *  *  *  *  *  *\2
   3\.  *  *  *  *  *  *  *  *  *  *\3
    4\*  *  *  *  *  *  *  *  *  *  *\4
     5\*  *  *  *  *  *  *  *  *  *  *\5
      6\*  *  *  *  *  *  *  *  *  *  *\6
       7\B  *  *  *  *  *  *  B  *  *  *\7
        8\*  *  *  *  *  *  *  W  *  *  *\8
         9\*  *  *  *  *  W  .  W  *  *  .\9
         10\*  *  *  *  .  *  .  .  *  .  .\10
          11\.  .  .  .  .  .  .  .  .  .  .\11
              a  b  c  d  e  f  g  h  i  j  k  
b4e16 info: Old: [black, a7] [white, swap-pieces] [white, h8] [black, h7] [white, f9] 
b4e16 info: New: [black, a7] [white, swap-pieces] [white, h8] [black, h7] [white, f9] [black, j1] [white, h9] 
b4e16 info: MovesPlayed: [black, j1] [white, h9] 
b4e16 info: No subtree to reuse.
b4e16 info: StartSearch()[0]
SgUctSearch: max games reached
b4e16 info: 
Elapsed Time   0.360688s
Count          1
GamesPlayed    1
Nodes          1
Knowledge      0 (0.0%)
Expansions     0.0
Time           0.00
GameLen        115.0 dev=0.0 min=115.0 max=115.0
InTree         0.0 dev=0.0 min=0.0 max=0.0
KnowDepth      -
Aborted        0%
Games/s        3731.3
Score          1.00
Sequence      
b4e16 info: 
b4e16 warning: **** MoHexSearch returned empty sequence!
b4e16 warning: **** Returning random move!
b4e16 info: *** Player move: k3
a4df6 info: DfpnSolver::CheckAbort(): Abort flag!
ace06 info: 
MID calls      37
VC builds      36
Terminal       0
Work           37
Wasted Work    0 (0%)
Elapsed Time   0.376674
MIDs/sec       98.2282
VCs/sec        95.5734
Cnt prune sib  0
Avg prune sib  -
Consider Size  77.9445 dev=15.49 min=14 max=86
Move Index     -
Move Percent   -
Delta Increase 3.11111 dev=12.1559 min=1 max=75
Winner         empty
PV             d10 h4 e8

HashTableStatistics:
Stores         322
LookupAttempt  34365
LookupSuccess  2011
Collisions     0

ace06 info: Search aborted.
<= 
< 
<  bdb73f659b03fe7d
<  a  b  c  d  e  f  g  h  i  j  k  
< 1\.  .  .  .  .  .  .  .  .  B  .\1
<  2\.  .  .  .  .  .  .  .  .  .  .\2
<   3\.  .  .  .  .  .  .  .  .  .  B\3
<    4\.  .  .  .  .  .  .  .  .  .  .\4
<     5\.  .  .  .  .  .  .  .  .  .  .\5
<      6\.  .  .  .  .  .  .  .  .  .  .\6
<       7\B  .  .  .  .  .  .  B  .  .  .\7
<        8\.  .  .  .  .  .  .  W  .  .  .\8
<         9\.  .  .  .  .  W  .  W  .  .  .\9
<         10\.  .  .  .  .  .  .  .  .  .  .\10
<          11\.  .  .  .  .  .  .  .  .  .  .\11
<              a  b  c  d  e  f  g  h  i  j  k  
<
>play w j8
<= 
<
>showboard
<= 
< 
<  eb84651e39a33e36
<  a  b  c  d  e  f  g  h  i  j  k  
< 1\.  .  .  .  .  .  .  .  .  B  .\1
<  2\.  .  .  .  .  .  .  .  .  .  .\2
<   3\.  .  .  .  .  .  .  .  .  .  B\3
<    4\.  .  .  .  .  .  .  .  .  .  .\4
<     5\.  .  .  .  .  .  .  .  .  .  .\5
<      6\.  .  .  .  .  .  .  .  .  .  .\6
<       7\B  .  .  .  .  .  .  B  .  .  .\7
<        8\.  .  .  .  .  .  .  W  .  W  .\8
<         9\.  .  .  .  .  W  .  W  .  .  .\9
<         10\.  .  .  .  .  .  .  .  .  .  .\10
<          11\.  .  .  .  .  .  .  .  .  .  .\11
<              a  b  c  d  e  f  g  h  i  j  k  
<
>genmove b
<= d8
<
>showboard
27b77 info: PlayAndSolve: Building VCs to avoid race condition.
27b77 info: PlayAndSolve: Continuing on as usual.
ace06 info: *** PlayerThread ***
b4e16 info: *** SolverThread ***
ace06 info: Best move cannot be determined, must search state.
ace06 info: --- MoHexPlayer::Search() ---
ace06 info: Color: black
ace06 info: MaxGames: 1
ace06 info: NumberThreads: 1
ace06 info: MaxNodes: 9090 (799920 bytes)
ace06 info: TimeForMove: 1
ace06 info: PreSearch: max time reached (59/75).
ace06 info: Time for PreSearch: 0.201187s
ace06 info: 
  eb84651e39a33e36
  a  b  c  d  e  f  g  h  i  j  k  
 1\.  .  .  .  .  .  .  .  .  B  .\1
  2\.  .  *  *  *  *  *  *  *  *  *\2
   3\.  *  *  *  *  *  *  *  *  *  B\3
    4\*  *  *  *  *  *  *  *  *  *  *\4
     5\*  *  *  *  *  *  *  *  *  *  .\5
      6\*  *  *  *  *  *  *  *  *  *  w\6
       7\B  *  *  *  *  *  *  B  *  .  w\7
        8\*  *  *  *  *  *  *  W  .  W  w\8
         9\*  *  *  *  *  W  .  W  *  .  w\9
         10\*  *  *  *  .  *  .  .  .  .  w\10
          11\.  .  .  .  .  .  .  .  .  .  w\11
              a  b  c  d  e  f  g  h  i  j  k  
ace06 info: Old: [black, a7] [white, swap-pieces] [white, h8] [black, h7] [white, f9] [black, j1] [white, h9] 
ace06 info: New: [black, a7] [white, swap-pieces] [white, h8] [black, h7] [white, f9] [black, j1] [white, h9] [black, k3] [white, j8] 
ace06 info: MovesPlayed: [black, k3] [white, j8] 
ace06 info: No subtree to reuse.
ace06 info: StartSearch()[0]
SgUctSearch: max games reached
ace06 info: 
Elapsed Time   0.349906s
Count          1
GamesPlayed    1
Nodes          1
Knowledge      0 (0.0%)
Expansions     0.0
Time           0.00
GameLen        107.0 dev=0.0 min=107.0 max=107.0
InTree         0.0 dev=0.0 min=0.0 max=0.0
KnowDepth      -
Aborted        0%
Games/s        3355.7
Score          1.00
Sequence      
ace06 info: 
ace06 warning: **** MoHexSearch returned empty sequence!
ace06 warning: **** Returning random move!
ace06 info: *** Player move: d8
a4df6 info: DfpnSolver::CheckAbort(): Abort flag!
b4e16 info: 
MID calls      61
VC builds      58
Terminal       0
Work           61
Wasted Work    0 (0%)
Elapsed Time   0.360423
MIDs/sec       169.246
VCs/sec        160.922
Cnt prune sib  0
Avg prune sib  -
Consider Size  67.9655 dev=16.3706 min=8 max=80
Move Index     -
Move Percent   -
Delta Increase 2.41667 dev=8.73554 min=1 max=69
Winner         empty
PV             c10 b5 e8

HashTableStatistics:
Stores         465
LookupAttempt  44747
LookupSuccess  2602
Collisions     0

b4e16 info: Search aborted.
<= 
< 
<  ab7ff0d528b015d9
<  a  b  c  d  e  f  g  h  i  j  k  
< 1\.  .  .  .  .  .  .  .  .  B  .\1
<  2\.  .  .  .  .  .  .  .  .  .  .\2
<   3\.  .  .  .  .  .  .  .  .  .  B\3
<    4\.  .  .  .  .  .  .  .  .  .  .\4
<     5\.  .  .  .  .  .  .  .  .  .  .\5
<      6\.  .  .  .  .  .  .  .  .  .  .\6
<       7\B  .  .  .  .  .  .  B  .  .  .\7
<        8\.  .  .  B  .  .  .  W  .  W  .\8
<         9\.  .  .  .  .  W  .  W  .  .  .\9
<         10\.  .  .  .  .  .  .  .  .  .  .\10
<          11\.  .  .  .  .  .  .  .  .  .  .\11
<              a  b  c  d  e  f  g  h  i  j  k  
<
>play w c3
<= 
<
>showboard
<= 
< 
<  18b507dbdac94c3d
<  a  b  c  d  e  f  g  h  i  j  k  
< 1\.  .  .  .  .  .  .  .  .  B  .\1
<  2\.  .  .  .  .  .  .  .  .  .  .\2
<   3\.  .  W  .  .  .  .  .  .  .  B\3
<    4\.  .  .  .  .  .  .  .  .  .  .\4
<     5\.  .  .  .  .  .  .  .  .  .  .\5
<      6\.  .  .  .  .  .  .  .  .  .  .\6
<       7\B  .  .  .  .  .  .  B  .  .  .\7
<        8\.  .  .  B  .  .  .  W  .  W  .\8
<         9\.  .  .  .  .  W  .  W  .  .  .\9
<         10\.  .  .  .  .  .  .  .  .  .  .\10
<          11\.  .  .  .  .  .  .  .  .  .  .\11
<              a  b  c  d  e  f  g  h  i  j  k  
<
>genmove b
<= g4
<
>showboard
27b77 info: PlayAndSolve: Building VCs to avoid race condition.
27b77 info: PlayAndSolve: Continuing on as usual.
b4e16 info: *** PlayerThread ***
ace06 info: *** SolverThread ***
b4e16 info: Best move cannot be determined, must search state.
b4e16 info: --- MoHexPlayer::Search() ---
b4e16 info: Color: black
b4e16 info: MaxGames: 1
b4e16 info: NumberThreads: 1
b4e16 info: MaxNodes: 9090 (799920 bytes)
b4e16 info: TimeForMove: 1
b4e16 info: PreSearch: max time reached (52/72).
b4e16 info: Time for PreSearch: 0.200445s
b4e16 info: 
  18b507dbdac94c3d
  a  b  c  d  e  f  g  h  i  j  k  
 1\.  .  .  .  .  .  .  .  .  B  .\1
  2\.  *  .  .  *  *  *  *  *  *  *\2
   3\.  *  W  *  *  *  *  *  *  *  B\3
    4\*  *  *  *  *  *  *  *  *  *  *\4
     5\*  *  *  *  *  *  *  *  *  *  .\5
      6\*  *  *  *  *  *  *  *  *  *  w\6
       7\B  *  *  *  *  *  *  B  *  .  w\7
        8\*  *  *  B  *  *  *  W  .  W  w\8
         9\*  *  *  *  *  W  .  W  *  .  w\9
         10\*  *  *  *  .  *  .  .  .  .  w\10
          11\.  .  .  .  .  .  .  .  .  .  w\11
              a  b  c  d  e  f  g  h  i  j  k  
b4e16 info: Old: [black, a7] [white, swap-pieces] [white, h8] [black, h7] [white, f9] [black, j1] [white, h9] [black, k3] [white, j8] 
b4e16 info: New: [black, a7] [white, swap-pieces] [white, h8] [black, h7] [white, f9] [black, j1] [white, h9] [black, k3] [white, j8] [black, d8] [white, c3] 
b4e16 info: MovesPlayed: [black, d8] [white, c3] 
b4e16 info: No subtree to reuse.
b4e16 info: StartSearch()[0]
SgUctSearch: max games reached
b4e16 info: 
Elapsed Time   0.362096s
Count          1
GamesPlayed    1
Nodes          1
Knowledge      0 (0.0%)
Expansions     0.0
Time           0.00
GameLen        105.0 dev=0.0 min=105.0 max=105.0
InTree         0.0 dev=0.0 min=0.0 max=0.0
KnowDepth      -
Aborted        0%
Games/s        1814.9
Score          1.00
Sequence      
b4e16 info: 
b4e16 warning: **** MoHexSearch returned empty sequence!
b4e16 warning: **** Returning random move!
b4e16 info: *** Player move: g4
a4df6 info: DfpnSolver::CheckAbort(): Abort flag!
ace06 info: 
MID calls      62
VC builds      59
Terminal       0
Work           62
Wasted Work    0 (0%)
Elapsed Time   0.372257
MIDs/sec       166.552
VCs/sec        158.493
Cnt prune sib  0
Avg prune sib  -
Consider Size  64.4068 dev=11.3363 min=15 max=75
Move Index     -
Move Percent   -
Delta Increase 3.19672 dev=11.1264 min=1 max=66
Winner         empty
PV             c10 d7 e7

HashTableStatistics:
Stores         609
LookupAttempt  54525
LookupSuccess  3149
Collisions     0

ace06 info: Search aborted.
<= 
< 
<  7b3832dc4c1414c9
<  a  b  c  d  e  f  g  h  i  j  k  
< 1\.  .  .  .  .  .  .  .  .  B  .\1
<  2\.  .  .  .  .  .  .  .  .  .  .\2
<   3\.  .  W  .  .  .  .  .  .  .  B\3
<    4\.  .  .  .  .  .  B  .  .  .  .\4
<     5\.  .  .  .  .  .  .  .  .  .  .\5
<      6\.  .  .  .  .  .  .  .  .  .  .\6
<       7\B  .  .  .  .  .  .  B  .  .  .\7
<        8\.  .  .  B  .  .  .  W  .  W  .\8
<         9\.  .  .  .  .  W  .  W  .  .  .\9
<         10\.  .  .  .  .  .  .  .  .  .  .\10
<          11\.  .  .  .  .  .  .  .  .  .  .\11
<              a  b  c  d  e  f  g  h  i  j  k  
<
>play w c11
<= 
<
>showboard
<= 
< 
<  0f8c26443a595462
<  a  b  c  d  e  f  g  h  i  j  k  
< 1\.  .  .  .  .  .  .  .  .  B  .\1
<  2\.  .  .  .  .  .  .  .  .  .  .\2
<   3\.  .  W  .  .  .  .  .  .  .  B\3
<    4\.  .  .  .  .  .  B  .  .  .  .\4
<     5\.  .  .  .  .  .  .  .  .  .  .\5
<      6\.  .  .  .  .  .  .  .  .  .  .\6
<       7\B  .  .  .  .  .  .  B  .  .  .\7
<        8\.  .  .  B  .  .  .  W  .  W  .\8
<         9\.  .  .  .  .  W  .  W  .  .  .\9
<         10\.  .  .  .  .  .  .  .  .  .  .\10
<          11\.  .  W  .  .  .  .  .  .  .  .\11
<              a  b  c  d  e  f  g  h  i  j  k  
<
>genmove b
<= i1
<
>showboard
27b77 info: PlayAndSolve: Building VCs to avoid race condition.
27b77 info: PlayAndSolve: Continuing on as usual.
ace06 info: *** PlayerThread ***
b4e16 info: *** SolverThread ***
ace06 info: Best move cannot be determined, must search state.
ace06 info: --- MoHexPlayer::Search() ---
ace06 info: Color: black
ace06 info: MaxGames: 1
ace06 info: NumberThreads: 1
ace06 info: MaxNodes: 9090 (799920 bytes)
ace06 info: TimeForMove: 1
ace06 info: PreSearch: max time reached (40/72).
ace06 info: Time for PreSearch: 0.2043s
ace06 info: 
  0f8c26443a595462
  a  b  c  d  e  f  g  h  i  j  k  
 1\.  .  .  .  .  .  .  .  .  B  .\1
  2\.  *  .  .  *  *  *  *  *  *  *\2
   3\.  *  W  *  *  *  *  *  *  *  B\3
    4\*  *  *  *  *  *  B  *  *  *  *\4
     5\*  *  *  *  *  *  *  *  *  *  .\5
      6\*  *  *  *  *  *  *  *  *  *  w\6
       7\B  *  *  *  *  *  *  B  *  .  w\7
        8\*  *  *  B  *  *  *  W  .  W  w\8
         9\*  *  *  *  *  W  .  W  *  .  w\9
         10\*  *  *  *  *  *  .  .  .  .  w\10
          11\.  .  W  .  .  .  .  .  .  .  w\11
              a  b  c  d  e  f  g  h  i  j  k  
ace06 info: Old: [black, a7] [white, swap-pieces] [white, h8] [black, h7] [white, f9] [black, j1] [white, h9] [black, k3] [white, j8] [black, d8] [white, c3] 
ace06 info: New: [black, a7] [white, swap-pieces] [white, h8] [black, h7] [white, f9] [black, j1] [white, h9] [black, k3] [white, j8] [black, d8] [white, c3] [black, g4] [white, c11] 
ace06 info: MovesPlayed: [black, g4] [white, c11] 
ace06 info: No subtree to reuse.
ace06 info: StartSearch()[0]
SgUctSearch: max games reached
ace06 info: 
Elapsed Time   0.348481s
Count          1
GamesPlayed    1
Nodes          1
Knowledge      0 (0.0%)
Expansions     0.0
Time           0.00
GameLen        103.0 dev=0.0 min=103.0 max=103.0
InTree         0.0 dev=0.0 min=0.0 max=0.0
KnowDepth      -
Aborted        0%
Games/s        3096.0
Score          1.00
Sequence      
ace06 info: 
ace06 warning: **** MoHexSearch returned empty sequence!
ace06 warning: **** Returning random move!
ace06 info: *** Player move: i1
a4df6 info: DfpnSolver::CheckAbort(): Abort flag!
b4e16 info: 
MID calls      48
VC builds      46
Terminal       0
Work           48
Wasted Work    0 (0%)
Elapsed Time   0.36272
MIDs/sec       132.333
VCs/sec        126.82
Cnt prune sib  2
Avg prune sib  1.5 dev=0.5 min=1 max=2
Consider Size  62.6304 dev=16.3924 min=1 max=75
Move Index     -
Move Percent   -
Delta Increase 3.23913 dev=10.6571 min=1 max=67
Winner         empty
PV             b10 h3 e8 g3

HashTableStatistics:
Stores         724
LookupAttempt  63232
LookupSuccess  3681
Collisions     0

b4e16 info: Search aborted.
<= 
< 
<  7459a1ca663ffb0a
<  a  b  c  d  e  f  g  h  i  j  k  
< 1\.  .  .  .  .  .  .  .  B  B  .\1
<  2\.  .  .  .  .  .  .  .  .  .  .\2
<   3\.  .  W  .  .  .  .  .  .  .  B\3
<    4\.  .  .  .  .  .  B  .  .  .  .\4
<     5\.  .  .  .  .  .  .  .  .  .  .\5
<      6\.  .  .  .  .  .  .  .  .  .  .\6
<       7\B  .  .  .  .  .  .  B  .  .  .\7
<        8\.  .  .  B  .  .  .  W  .  W  .\8
<         9\.  .  .  .  .  W  .  W  .  .  .\9
<         10\.  .  .  .  .  .  .  .  .  .  .\10
<          11\.  .  W  .  .  .  .  .  .  .  .\11
<              a  b  c  d  e  f  g  h  i  j  k  
<
>play w h6
<= 
<
>showboard
<= 
< 
<  72932e3d6542b574
<  a  b  c  d  e  f  g  h  i  j  k  
< 1\.  .  .  .  .  .  .  .  B  B  .\1
<  2\.  .  .  .  .  .  .  .  .  .  .\2
<   3\.  .  W  .  .  .  .  .  .  .  B\3
<    4\.  .  .  .  .  .  B  .  .  .  .\4
<     5\.  .  .  .  .  .  .  .  .  .  .\5
<      6\.  .  .  .  .  .  .  W  .  .  .\6
<       7\B  .  .  .  .  .  .  B  .  .  .\7
<        8\.  .  .  B  .  .  .  W  .  W  .\8
<         9\.  .  .  .  .  W  .  W  .  .  .\9
<         10\.  .  .  .  .  .  .  .  .  .  .\10
<          11\.  .  W  .  .  .  .  .  .  .  .\11
<              a  b  c  d  e  f  g  h  i  j  k  
<
>genmove b
<= h2
<
>showboard
27b77 info: PlayAndSolve: Building VCs to avoid race condition.
27b77 info: PlayAndSolve: Continuing on as usual.
b4e16 info: *** PlayerThread ***
ace06 info: *** SolverThread ***
b4e16 info: Best move cannot be determined, must search state.
b4e16 info: --- MoHexPlayer::Search() ---
b4e16 info: Color: black
b4e16 info: MaxGames: 1
b4e16 info: NumberThreads: 1
b4e16 info: MaxNodes: 9090 (799920 bytes)
b4e16 info: TimeForMove: 1
b4e16 info: Time for PreSearch: 0.16415s
b4e16 info: 
  72932e3d6542b574
  a  b  c  d  e  f  g  h  i  j  k  
 1\.  .  .  .  .  .  .  .  B  B  .\1
  2\.  *  .  .  .  .  .  .  .  *  *\2
   3\.  *  W  *  .  .  .  .  *  *  B\3
    4\*  *  *  *  .  .  B  .  *  *  *\4
     5\*  *  *  *  .  .  .  *  *  *  .\5
      6\*  *  *  .  .  .  *  W  *  *  w\6
       7\B  *  *  .  .  *  *  B  *  .  w\7
        8\*  *  .  B  *  *  *  W  .  W  w\8
         9\*  *  .  *  *  W  .  W  *  .  w\9
         10\*  *  *  *  *  *  .  .  .  .  w\10
          11\.  .  W  .  .  .  .  .  .  .  w\11
              a  b  c  d  e  f  g  h  i  j  k  
b4e16 info: Old: [black, a7] [white, swap-pieces] [white, h8] [black, h7] [white, f9] [black, j1] [white, h9] [black, k3] [white, j8] [black, d8] [white, c3] [black, g4] [white, c11] 
b4e16 info: New: [black, a7] [white, swap-pieces] [white, h8] [black, h7] [white, f9] [black, j1] [white, h9] [black, k3] [white, j8] [black, d8] [white, c3] [black, g4] [white, c11] [black, i1] [white, h6] 
b4e16 info: MovesPlayed: [black, i1] [white, h6] 
b4e16 info: No subtree to reuse.
b4e16 info: StartSearch()[0]
SgUctSearch: max games reached
b4e16 info: 
Elapsed Time   0.314916s
Count          1
GamesPlayed    1
Nodes          1
Knowledge      0 (0.0%)
Expansions     0.0
Time           0.00
GameLen        101.0 dev=0.0 min=101.0 max=101.0
InTree         0.0 dev=0.0 min=0.0 max=0.0
KnowDepth      -
Aborted        0%
Games/s        3773.6
Score          0.00
Sequence      
b4e16 info: 
b4e16 warning: **** MoHexSearch returned empty sequence!
b4e16 warning: **** Returning random move!
b4e16 info: *** Player move: h2
a4df6 info: DfpnSolver::CheckAbort(): Abort flag!
ace06 info: 
MID calls      41
VC builds      38
Terminal       0
Work           41
Wasted Work    0 (0%)
Elapsed Time   0.330336
MIDs/sec       124.116
VCs/sec        115.034
Cnt prune sib  1
Avg prune sib  1 dev=0 min=1 max=1
Consider Size  54.7632 dev=19.436 min=1 max=73
Move Index     -
Move Percent   -
Delta Increase 3.61539 dev=9.0458 min=1 max=44
Winner         empty
PV             b10 e7 d5 d7

HashTableStatistics:
Stores         820
LookupAttempt  68430
LookupSuccess  4012
Collisions     0

ace06 info: Search aborted.
<= 
< 
<  1646bb3ac47d4ae9
<  a  b  c  d  e  f  g  h  i  j  k  
< 1\.  .  .  .  .  .  .  .  B  B  .\1
<  2\.  .  .  .  .  .  .  B  .  .  .\2
<   3\.  .  W  .  .  .  .  .  .  .  B\3
<    4\.  .  .  .  .  .  B  .  .  .  .\4
<     5\.  .  .  .  .  .  .  .  .  .  .\5
<      6\.  .  .  .  .  .  .  W  .  .  .\6
<       7\B  .  .  .  .  .  .  B  .  .  .\7
<        8\.  .  .  B  .  .  .  W  .  W  .\8
<         9\.  .  .  .  .  W  .  W  .  .  .\9
<         10\.  .  .  .  .  .  .  .  .  .  .\10
<          11\.  .  W  .  .  .  .  .  .  .  .\11
<              a  b  c  d  e  f  g  h  i  j  k  
<
>play w b11
<= 
<
>showboard
<= 
< 
<  d83ae70fea7d8cea
<  a  b  c  d  e  f  g  h  i  j  k  
< 1\.  .  .  .  .  .  .  .  B  B  .\1
<  2\.  .  .  .  .  .  .  B  .  .  .\2
<   3\.  .  W  .  .  .  .  .  .  .  B\3
<    4\.  .  .  .  .  .  B  .  .  .  .\4
<     5\.  .  .  .  .  .  .  .  .  .  .\5
<      6\.  .  .  .  .  .  .  W  .  .  .\6
<       7\B  .  .  .  .  .  .  B  .  .  .\7
<        8\.  .  .  B  .  .  .  W  .  W  .\8
<         9\.  .  .  .  .  W  .  W  .  .  .\9
<         10\.  .  .  .  .  .  .  .  .  .  .\10
<          11\.  W  W  .  .  .  .  .  .  .  .\11
<              a  b  c  d  e  f  g  h  i  j  k  
<
>genmove b
<= d10
<
>showboard
27b77 info: PlayAndSolve: Building VCs to avoid race condition.
27b77 info: PlayAndSolve: Continuing on as usual.
ace06 info: *** PlayerThread ***
b4e16 info: *** SolverThread ***
ace06 info: Opponent has won; playing most blocking move.
ace06 info: *** Player move: d10
b4e16 info: 
MID calls      0
VC builds      1
Terminal       1
Work           1
Wasted Work    0 (0%)
Elapsed Time   0.008511
MIDs/sec       0
VCs/sec        117.495
Cnt prune sib  0
Avg prune sib  -
Consider Size  -
Move Index     -
Move Percent   -
Delta Increase -
Winner         white
PV             

HashTableStatistics:
Stores         821
LookupAttempt  68436
LookupSuccess  4015
Collisions     0

<= 
< 
<  cef2715314d1298d
<  a  b  c  d  e  f  g  h  i  j  k  
< 1\.  .  .  .  .  .  .  .  B  B  .\1
<  2\.  .  .  .  .  .  .  B  .  .  .\2
<   3\.  .  W  .  .  .  .  .  .  .  B\3
<    4\.  .  .  .  .  .  B  .  .  .  .\4
<     5\.  .  .  .  .  .  .  .  .  .  .\5
<      6\.  .  .  .  .  .  .  W  .  .  .\6
<       7\B  .  .  .  .  .  .  B  .  .  .\7
<        8\.  .  .  B  .  .  .  W  .  W  .\8
<         9\.  .  .  .  .  W  .  W  .  .  .\9
<         10\.  .  .  B  .  .  .  .  .  .  .\10
<          11\.  W  W  .  .  .  .  .  .  .  .\11
<              a  b  c  d  e  f  g  h  i  j  k  
<
>play w d11
<= 
<
>showboard
<= 
< 
<  69c906ca34631b17
<  a  b  c  d  e  f  g  h  i  j  k  
< 1\.  .  .  .  .  .  .  .  B  B  .\1
<  2\.  .  .  .  .  .  .  B  .  .  .\2
<   3\.  .  W  .  .  .  .  .  .  .  B\3
<    4\.  .  .  .  .  .  B  .  .  .  .\4
<     5\.  .  .  .  .  .  .  .  .  .  .\5
<      6\.  .  .  .  .  .  .  W  .  .  .\6
<       7\B  .  .  .  .  .  .  B  .  .  .\7
<        8\.  .  .  B  .  .  .  W  .  W  .\8
<         9\.  .  .  .  .  W  .  W  .  .  .\9
<         10\.  .  .  B  .  .  .  .  .  .  .\10
<          11\.  W  W  W  .  .  .  .  .  .  .\11
<              a  b  c  d  e  f  g  h  i  j  k  
<
>genmove b
<= e10
<
>showboard
27b77 info: PlayAndSolve: Building VCs to avoid race condition.
27b77 info: PlayAndSolve: Continuing on as usual.
ace06 info: *** SolverThread ***
b4e16 info: *** PlayerThread ***
b4e16 info: Opponent has won; playing most blocking move.
b4e16 info: *** Player move: e10
ace06 info: 
MID calls      0
VC builds      1
Terminal       1
Work           1
Wasted Work    0 (0%)
Elapsed Time   0.00812
MIDs/sec       0
VCs/sec        123.153
Cnt prune sib  0
Avg prune sib  -
Consider Size  -
Move Index     -
Move Percent   -
Delta Increase -
Winner         white
PV             

HashTableStatistics:
Stores         822
LookupAttempt  68442
LookupSuccess  4018
Collisions     0

<= 
< 
<  469cffcf0cdc33df
<  a  b  c  d  e  f  g  h  i  j  k  
< 1\.  .  .  .  .  .  .  .  B  B  .\1
<  2\.  .  .  .  .  .  .  B  .  .  .\2
<   3\.  .  W  .  .  .  .  .  .  .  B\3
<    4\.  .  .  .  .  .  B  .  .  .  .\4
<     5\.  .  .  .  .  .  .  .  .  .  .\5
<      6\.  .  .  .  .  .  .  W  .  .  .\6
<       7\B  .  .  .  .  .  .  B  .  .  .\7
<        8\.  .  .  B  .  .  .  W  .  W  .\8
<         9\.  .  .  .  .  W  .  W  .  .  .\9
<         10\.  .  .  B  B  .  .  .  .  .  .\10
<          11\.  W  W  W  .  .  .  .  .  .  .\11
<              a  b  c  d  e  f  g  h  i  j  k  
<
>play w e11
<= 
<
>showboard
<= 
< 
<  6a3cb0b709eda9de
<  a  b  c  d  e  f  g  h  i  j  k  
< 1\.  .  .  .  .  .  .  .  B  B  .\1
<  2\.  .  .  .  .  .  .  B  .  .  .\2
<   3\.  .  W  .  .  .  .  .  .  .  B\3
<    4\.  .  .  .  .  .  B  .  .  .  .\4
<     5\.  .  .  .  .  .  .  .  .  .  .\5
<      6\.  .  .  .  .  .  .  W  .  .  .\6
<       7\B  .  .  .  .  .  .  B  .  .  .\7
<        8\.  .  .  B  .  .  .  W  .  W  .\8
<         9\.  .  .  .  .  W  .  W  .  .  .\9
<         10\.  .  .  B  B  .  .  .  .  .  .\10
<          11\.  W  W  W  W  .  .  .  .  .  .\11
<              a  b  c  d  e  f  g  h  i  j  k  
<
>genmove b
<= f10
<
>showboard
27b77 info: PlayAndSolve: Building VCs to avoid race condition.
27b77 info: PlayAndSolve: Continuing on as usual.
b4e16 info: *** SolverThread ***
ace06 info: *** PlayerThread ***
ace06 info: Opponent has won; playing most blocking move.
ace06 info: *** Player move: f10
b4e16 info: 
MID calls      0
VC builds      1
Terminal       1
Work           1
Wasted Work    0 (0%)
Elapsed Time   0.009076
MIDs/sec       0
VCs/sec        110.181
Cnt prune sib  0
Avg prune sib  -
Consider Size  -
Move Index     -
Move Percent   -
Delta Increase -
Winner         white
PV             

HashTableStatistics:
Stores         823
LookupAttempt  68448
LookupSuccess  4021
Collisions     0

<= 
< 
<  ece37303cfb8f5d7
<  a  b  c  d  e  f  g  h  i  j  k  
< 1\.  .  .  .  .  .  .  .  B  B  .\1
<  2\.  .  .  .  .  .  .  B  .  .  .\2
<   3\.  .  W  .  .  .  .  .  .  .  B\3
<    4\.  .  .  .  .  .  B  .  .  .  .\4
<     5\.  .  .  .  .  .  .  .  .  .  .\5
<      6\.  .  .  .  .  .  .  W  .  .  .\6
<       7\B  .  .  .  .  .  .  B  .  .  .\7
<        8\.  .  .  B  .  .  .  W  .  W  .\8
<         9\.  .  .  .  .  W  .  W  .  .  .\9
<         10\.  .  .  B  B  B  .  .  .  .  .\10
<          11\.  W  W  W  W  .  .  .  .  .  .\11
<              a  b  c  d  e  f  g  h  i  j  k  
<
>play w f11
<= 
<
>showboard
<= 
< 
<  c64d3ae6c428e529
<  a  b  c  d  e  f  g  h  i  j  k  
< 1\.  .  .  .  .  .  .  .  B  B  .\1
<  2\.  .  .  .  .  .  .  B  .  .  .\2
<   3\.  .  W  .  .  .  .  .  .  .  B\3
<    4\.  .  .  .  .  .  B  .  .  .  .\4
<     5\.  .  .  .  .  .  .  .  .  .  .\5
<      6\.  .  .  .  .  .  .  W  .  .  .\6
<       7\B  .  .  .  .  .  .  B  .  .  .\7
<        8\.  .  .  B  .  .  .  W  .  W  .\8
<         9\.  .  .  .  .  W  .  W  .  .  .\9
<         10\.  .  .  B  B  B  .  .  .  .  .\10
<          11\.  W  W  W  W  W  .  .  .  .  .\11
<              a  b  c  d  e  f  g  h  i  j  k  
<
>genmove b
<= g10
<
>showboard
27b77 info: PlayAndSolve: Building VCs to avoid race condition.
27b77 info: PlayAndSolve: Continuing on as usual.
ace06 info: *** SolverThread ***
b4e16 info: *** PlayerThread ***
b4e16 info: Opponent has won; playing most blocking move.
b4e16 info: *** Player move: g10
ace06 info: 
MID calls      0
VC builds      1
Terminal       1
Work           1
Wasted Work    0 (0%)
Elapsed Time   0.007926
MIDs/sec       0
VCs/sec        126.167
Cnt prune sib  0
Avg prune sib  -
Consider Size  -
Move Index     -
Move Percent   -
Delta Increase -
Winner         white
PV             

HashTableStatistics:
Stores         824
LookupAttempt  68454
LookupSuccess  4024
Collisions     0

<= 
< 
<  ac8a03b822e73448
<  a  b  c  d  e  f  g  h  i  j  k  
< 1\.  .  .  .  .  .  .  .  B  B  .\1
<  2\.  .  .  .  .  .  .  B  .  .  .\2
<   3\.  .  W  .  .  .  .  .  .  .  B\3
<    4\.  .  .  .  .  .  B  .  .  .  .\4
<     5\.  .  .  .  .  .  .  .  .  .  .\5
<      6\.  .  .  .  .  .  .  W  .  .  .\6
<       7\B  .  .  .  .  .  .  B  .  .  .\7
<        8\.  .  .  B  .  .  .  W  .  W  .\8
<         9\.  .  .  .  .  W  .  W  .  .  .\9
<         10\.  .  .  B  B  B  B  .  .  .  .\10
<          11\.  W  W  W  W  W  .  .  .  .  .\11
<              a  b  c  d  e  f  g  h  i  j  k  
<
>play w g11
<= 
<
>showboard
<= 
< 
<  29dc52bec432f95a
<  a  b  c  d  e  f  g  h  i  j  k  
< 1\.  .  .  .  .  .  .  .  B  B  .\1
<  2\.  .  .  .  .  .  .  B  .  .  .\2
<   3\.  .  W  .  .  .  .  .  .  .  B\3
<    4\.  .  .  .  .  .  B  .  .  .  .\4
<     5\.  .  .  .  .  .  .  .  .  .  .\5
<      6\.  .  .  .  .  .  .  W  .  .  .\6
<       7\B  .  .  .  .  .  .  B  .  .  .\7
<        8\.  .  .  B  .  .  .  W  .  W  .\8
<         9\.  .  .  .  .  W  .  W  .  .  .\9
<         10\.  .  .  B  B  B  B  .  .  .  .\10
<          11\.  W  W  W  W  W  W  .  .  .  .\11
<              a  b  c  d  e  f  g  h  i  j  k  
<
>genmove b
<= h10
<
>showboard
27b77 info: PlayAndSolve: Building VCs to avoid race condition.
27b77 info: PlayAndSolve: Continuing on as usual.
b4e16 info: *** SolverThread ***
ace06 info: *** PlayerThread ***
ace06 info: Opponent has won; playing most blocking move.
ace06 info: *** Player move: h10
b4e16 info: 
MID calls      0
VC builds      1
Terminal       1
Work           1
Wasted Work    0 (0%)
Elapsed Time   0.007621
MIDs/sec       0
VCs/sec        131.216
Cnt prune sib  0
Avg prune sib  -
Consider Size  -
Move Index     -
Move Percent   -
Delta Increase -
Winner         white
PV             

HashTableStatistics:
Stores         825
LookupAttempt  68460
LookupSuccess  4027
Collisions     0

<= 
< 
<  e5245ab5f310f538
<  a  b  c  d  e  f  g  h  i  j  k  
< 1\.  .  .  .  .  .  .  .  B  B  .\1
<  2\.  .  .  .  .  .  .  B  .  .  .\2
<   3\.  .  W  .  .  .  .  .  .  .  B\3
<    4\.  .  .  .  .  .  B  .  .  .  .\4
<     5\.  .  .  .  .  .  .  .  .  .  .\5
<      6\.  .  .  .  .  .  .  W  .  .  .\6
<       7\B  .  .  .  .  .  .  B  .  .  .\7
<        8\.  .  .  B  .  .  .  W  .  W  .\8
<         9\.  .  .  .  .  W  .  W  .  .  .\9
<         10\.  .  .  B  B  B  B  B  .  .  .\10
<          11\.  W  W  W  W  W  W  .  .  .  .\11
<              a  b  c  d  e  f  g  h  i  j  k  
<
>play w h11
<= 
<
>showboard
<= 
< 
<  58a7b89734a9af27
<  a  b  c  d  e  f  g  h  i  j  k  
< 1\.  .  .  .  .  .  .  .  B  B  .\1
<  2\.  .  .  .  .  .  .  B  .  .  .\2
<   3\.  .  W  .  .  .  .  .  .  .  B\3
<    4\.  .  .  .  .  .  B  .  .  .  .\4
<     5\.  .  .  .  .  .  .  .  .  .  .\5
<      6\.  .  .  .  .  .  .  W  .  .  .\6
<       7\B  .  .  .  .  .  .  B  .  .  .\7
<        8\.  .  .  B  .  .  .  W  .  W  .\8
<         9\.  .  .  .  .  W  .  W  .  .  .\9
<         10\.  .  .  B  B  B  B  B  .  .  .\10
<          11\.  W  W  W  W  W  W  W  .  .  .\11
<              a  b  c  d  e  f  g  h  i  j  k  
<
>genmove b
<= a11
<
>showboard
27b77 info: PlayAndSolve: Building VCs to avoid race condition.
27b77 info: PlayAndSolve: Continuing on as usual.
b4e16 info: *** PlayerThread ***
ace06 info: *** SolverThread ***
b4e16 info: Opponent has won; playing most blocking move.
b4e16 info: *** Player move: a11
ace06 info: 
MID calls      0
VC builds      1
Terminal       1
Work           1
Wasted Work    0 (0%)
Elapsed Time   0.006457
MIDs/sec       0
VCs/sec        154.871
Cnt prune sib  0
Avg prune sib  -
Consider Size  -
Move Index     -
Move Percent   -
Delta Increase -
Winner         white
PV             

HashTableStatistics:
Stores         826
LookupAttempt  68466
LookupSuccess  4030
Collisions     0

<= 
< 
<  5116e44ab4abc5ce
<  a  b  c  d  e  f  g  h  i  j  k  
< 1\.  .  .  .  .  .  .  .  B  B  .\1
<  2\.  .  .  .  .  .  .  B  .  .  .\2
<   3\.  .  W  .  .  .  .  .  .  .  B\3
<    4\.  .  .  .  .  .  B  .  .  .  .\4
<     5\.  .  .  .  .  .  .  .  .  .  .\5
<      6\.  .  .  .  .  .  .  W  .  .  .\6
<       7\B  .  .  .  .  .  .  B  .  .  .\7
<        8\.  .  .  B  .  .  .  W  .  W  .\8
<         9\.  .  .  .  .  W  .  W  .  .  .\9
<         10\.  .  .  B  B  B  B  B  .  .  .\10
<          11\B  W  W  W  W  W  W  W  .  .  .\11
<              a  b  c  d  e  f  g  h  i  j  k  
<
>play w b10
<= 
<
>showboard
<= 
< 
<  8a822657ba15b511
<  a  b  c  d  e  f  g  h  i  j  k  
< 1\.  .  .  .  .  .  .  .  B  B  .\1
<  2\.  .  .  .  .  .  .  B  .  .  .\2
<   3\.  .  W  .  .  .  .  .  .  .  B\3
<    4\.  .  .  .  .  .  B  .  .  .  .\4
<     5\.  .  .  .  .  .  .  .  .  .  .\5
<      6\.  .  .  .  .  .  .  W  .  .  .\6
<       7\B  .  .  .  .  .  .  B  .  .  .\7
<        8\.  .  .  B  .  .  .  W  .  W  .\8
<         9\.  .  .  .  .  W  .  W  .  .  .\9
<         10\.  W  .  B  B  B  B  B  .  .  .\10
<          11\B  W  W  W  W  W  W  W  .  .  .\11
<              a  b  c  d  e  f  g  h  i  j  k  
<
>genmove b
<= i10
<
>showboard
27b77 info: PlayAndSolve: Building VCs to avoid race condition.
27b77 info: PlayAndSolve: Continuing on as usual.
ace06 info: *** PlayerThread ***
b4e16 info: *** SolverThread ***
ace06 info: Opponent has won; playing most blocking move.
ace06 info: *** Player move: i10
b4e16 info: 
MID calls      0
VC builds      1
Terminal       1
Work           1
Wasted Work    0 (0%)
Elapsed Time   0.007143
MIDs/sec       0
VCs/sec        139.997
Cnt prune sib  0
Avg prune sib  -
Consider Size  -
Move Index     -
Move Percent   -
Delta Increase -
Winner         white
PV             

HashTableStatistics:
Stores         827
LookupAttempt  68472
LookupSuccess  4033
Collisions     0

<= 
< 
<  64647f7f2295baca
<  a  b  c  d  e  f  g  h  i  j  k  
< 1\.  .  .  .  .  .  .  .  B  B  .\1
<  2\.  .  .  .  .  .  .  B  .  .  .\2
<   3\.  .  W  .  .  .  .  .  .  .  B\3
<    4\.  .  .  .  .  .  B  .  .  .  .\4
<     5\.  .  .  .  .  .  .  .  .  .  .\5
<      6\.  .  .  .  .  .  .  W  .  .  .\6
<       7\B  .  .  .  .  .  .  B  .  .  .\7
<        8\.  .  .  B  .  .  .  W  .  W  .\8
<         9\.  .  .  .  .  W  .  W  .  .  .\9
<         10\.  W  .  B  B  B  B  B  B  .  .\10
<          11\B  W  W  W  W  W  W  W  .  .  .\11
<              a  b  c  d  e  f  g  h  i  j  k  
<
>play w i11
<= 
<
>showboard
<= 
< 
<  1200c69fd83ef322
<  a  b  c  d  e  f  g  h  i  j  k  
< 1\.  .  .  .  .  .  .  .  B  B  .\1
<  2\.  .  .  .  .  .  .  B  .  .  .\2
<   3\.  .  W  .  .  .  .  .  .  .  B\3
<    4\.  .  .  .  .  .  B  .  .  .  .\4
<     5\.  .  .  .  .  .  .  .  .  .  .\5
<      6\.  .  .  .  .  .  .  W  .  .  .\6
<       7\B  .  .  .  .  .  .  B  .  .  .\7
<        8\.  .  .  B  .  .  .  W  .  W  .\8
<         9\.  .  .  .  .  W  .  W  .  .  .\9
<         10\.  W  .  B  B  B  B  B  B  .  .\10
<          11\B  W  W  W  W  W  W  W  W  .  .\11
<              a  b  c  d  e  f  g  h  i  j  k  
<
>genmove b
<= a10
<
>showboard
27b77 info: PlayAndSolve: Building VCs to avoid race condition.
27b77 info: PlayAndSolve: Continuing on as usual.
b4e16 info: *** PlayerThread ***
ace06 info: *** SolverThread ***
b4e16 info: Opponent has won; playing most blocking move.
b4e16 info: *** Player move: a10
ace06 info: 
MID calls      0
VC builds      1
Terminal       1
Work           1
Wasted Work    0 (0%)
Elapsed Time   0.005044
MIDs/sec       0
VCs/sec        198.255
Cnt prune sib  0
Avg prune sib  -
Consider Size  -
Move Index     -
Move Percent   -
Delta Increase -
Winner         white
PV             

HashTableStatistics:
Stores         828
LookupAttempt  68478
LookupSuccess  4036
Collisions     0

<= 
< 
<  ef8b842d5311ca34
<  a  b  c  d  e  f  g  h  i  j  k  
< 1\.  .  .  .  .  .  .  .  B  B  .\1
<  2\.  .  .  .  .  .  .  B  .  .  .\2
<   3\.  .  W  .  .  .  .  .  .  .  B\3
<    4\.  .  .  .  .  .  B  .  .  .  .\4
<     5\.  .  .  .  .  .  .  .  .  .  .\5
<      6\.  .  .  .  .  .  .  W  .  .  .\6
<       7\B  .  .  .  .  .  .  B  .  .  .\7
<        8\.  .  .  B  .  .  .  W  .  W  .\8
<         9\.  .  .  .  .  W  .  W  .  .  .\9
<         10\B  W  .  B  B  B  B  B  B  .  .\10
<          11\B  W  W  W  W  W  W  W  W  .  .\11
<              a  b  c  d  e  f  g  h  i  j  k  
<
>play w b9
<= 
<
>showboard
<= 
< 
<  c9e75e61266f268c
<  a  b  c  d  e  f  g  h  i  j  k  
< 1\.  .  .  .  .  .  .  .  B  B  .\1
<  2\.  .  .  .  .  .  .  B  .  .  .\2
<   3\.  .  W  .  .  .  .  .  .  .  B\3
<    4\.  .  .  .  .  .  B  .  .  .  .\4
<     5\.  .  .  .  .  .  .  .  .  .  .\5
<      6\.  .  .  .  .  .  .  W  .  .  .\6
<       7\B  .  .  .  .  .  .  B  .  .  .\7
<        8\.  .  .  B  .  .  .  W  .  W  .\8
<         9\.  W  .  .  .  W  .  W  .  .  .\9
<         10\B  W  .  B  B  B  B  B  B  .  .\10
<          11\B  W  W  W  W  W  W  W  W  .  .\11
<              a  b  c  d  e  f  g  h  i  j  k  
<
>genmove b
<= b3
<
>showboard
27b77 info: PlayAndSolve: Building VCs to avoid race condition.
27b77 info: PlayAndSolve: Continuing on as usual.
b4e16 info: *** SolverThread ***
ace06 info: *** PlayerThread ***
ace06 info: Opponent has won; playing most blocking move.
ace06 info: *** Player move: b3
b4e16 info: 
MID calls      0
VC builds      1
Terminal       1
Work           1
Wasted Work    0 (0%)
Elapsed Time   0.0049
MIDs/sec       0
VCs/sec        204.082
Cnt prune sib  0
Avg prune sib  -
Consider Size  -
Move Index     -
Move Percent   -
Delta Increase -
Winner         white
PV             

HashTableStatistics:
Stores         829
LookupAttempt  68484
LookupSuccess  4039
Collisions     0

<= 
< 
<  2518cdb6a5856e75
<  a  b  c  d  e  f  g  h  i  j  k  
< 1\.  .  .  .  .  .  .  .  B  B  .\1
<  2\.  .  .  .  .  .  .  B  .  .  .\2
<   3\.  B  W  .  .  .  .  .  .  .  B\3
<    4\.  .  .  .  .  .  B  .  .  .  .\4
<     5\.  .  .  .  .  .  .  .  .  .  .\5
<      6\.  .  .  .  .  .  .  W  .  .  .\6
<       7\B  .  .  .  .  .  .  B  .  .  .\7
<        8\.  .  .  B  .  .  .  W  .  W  .\8
<         9\.  W  .  .  .  W  .  W  .  .  .\9
<         10\B  W  .  B  B  B  B  B  B  .  .\10
<          11\B  W  W  W  W  W  W  W  W  .  .\11
<              a  b  c  d  e  f  g  h  i  j  k  
<
>play w a9
<= 
<
>showboard
<= 
< 
<  e7fe10e84a502563
<  a  b  c  d  e  f  g  h  i  j  k  
< 1\.  .  .  .  .  .  .  .  B  B  .\1
<  2\.  .  .  .  .  .  .  B  .  .  .\2
<   3\.  B  W  .  .  .  .  .  .  .  B\3
<    4\.  .  .  .  .  .  B  .  .  .  .\4
<     5\.  .  .  .  .  .  .  .  .  .  .\5
<      6\.  .  .  .  .  .  .  W  .  .  .\6
<       7\B  .  .  .  .  .  .  B  .  .  .\7
<        8\.  .  .  B  .  .  .  W  .  W  .\8
<         9\W  W  .  .  .  W  .  W  .  .  .\9
<         10\B  W  .  B  B  B  B  B  B  .  .\10
<          11\B  W  W  W  W  W  W  W  W  .  .\11
<              a  b  c  d  e  f  g  h  i  j  k  
<
>genmove b
<= j10
<
>showboard
27b77 info: PlayAndSolve: Building VCs to avoid race condition.
27b77 info: PlayAndSolve: Continuing on as usual.
b4e16 info: *** PlayerThread ***
ace06 info: *** SolverThread ***
b4e16 info: Captured cells caused win! Removing...
ace06 info: 
MID calls      0
VC builds      1
Terminal       1
Work           1
Wasted Work    0 (0%)
Elapsed Time   0.002492
MIDs/sec       0
VCs/sec        401.284
Cnt prune sib  0
Avg prune sib  -
Consider Size  -
Move Index     -
Move Percent   -
Delta Increase -
Winner         white
PV             

HashTableStatistics:
Stores         830
LookupAttempt  68490
LookupSuccess  4042
Collisions     0

b4e16 info: Opponent has won; playing most blocking move.
b4e16 info: *** Player move: j10
<= 
< 
<  ca769ba4162f8134
<  a  b  c  d  e  f  g  h  i  j  k  
< 1\.  .  .  .  .  .  .  .  B  B  .\1
<  2\.  .  .  .  .  .  .  B  .  .  .\2
<   3\.  B  W  .  .  .  .  .  .  .  B\3
<    4\.  .  .  .  .  .  B  .  .  .  .\4
<     5\.  .  .  .  .  .  .  .  .  .  .\5
<      6\.  .  .  .  .  .  .  W  .  .  .\6
<       7\B  .  .  .  .  .  .  B  .  .  .\7
<        8\.  .  .  B  .  .  .  W  .  W  .\8
<         9\W  W  .  .  .  W  .  W  .  .  .\9
<         10\B  W  .  B  B  B  B  B  B  B  .\10
<          11\B  W  W  W  W  W  W  W  W  .  .\11
<              a  b  c  d  e  f  g  h  i  j  k  
<
>play w j11
<= 
<
>showboard
<= 
< 
<  14e99cf4abcc1c56
<  a  b  c  d  e  f  g  h  i  j  k  
< 1\.  .  .  .  .  .  .  .  B  B  .\1
<  2\.  .  .  .  .  .  .  B  .  .  .\2
<   3\.  B  W  .  .  .  .  .  .  .  B\3
<    4\.  .  .  .  .  .  B  .  .  .  .\4
<     5\.  .  .  .  .  .  .  .  .  .  .\5
<      6\.  .  .  .  .  .  .  W  .  .  .\6
<       7\B  .  .  .  .  .  .  B  .  .  .\7
<        8\.  .  .  B  .  .  .  W  .  W  .\8
<         9\W  W  .  .  .  W  .  W  .  .  .\9
<         10\B  W  .  B  B  B  B  B  B  B  .\10
<          11\B  W  W  W  W  W  W  W  W  W  .\11
<              a  b  c  d  e  f  g  h  i  j  k  
<
>genmove b
<= k10
<
>showboard
27b77 info: PlayAndSolve: Building VCs to avoid race condition.
27b77 info: PlayAndSolve: Continuing on as usual.
b4e16 info: *** SolverThread ***
ace06 info: *** PlayerThread ***
ace06 info: Captured cells caused win! Removing...
b4e16 info: 
MID calls      0
VC builds      1
Terminal       1
Work           1
Wasted Work    0 (0%)
Elapsed Time   0.002349
MIDs/sec       0
VCs/sec        425.713
Cnt prune sib  0
Avg prune sib  -
Consider Size  -
Move Index     -
Move Percent   -
Delta Increase -
Winner         white
PV             

HashTableStatistics:
Stores         831
LookupAttempt  68496
LookupSuccess  4045
Collisions     0

ace06 info: Opponent has won; playing most blocking move.
ace06 info: *** Player move: k10
<= 
< 
<  c8c4c91f419d5ceb
<  a  b  c  d  e  f  g  h  i  j  k  
< 1\.  .  .  .  .  .  .  .  B  B  .\1
<  2\.  .  .  .  .  .  .  B  .  .  .\2
<   3\.  B  W  .  .  .  .  .  .  .  B\3
<    4\.  .  .  .  .  .  B  .  .  .  .\4
<     5\.  .  .  .  .  .  .  .  .  .  .\5
<      6\.  .  .  .  .  .  .  W  .  .  .\6
<       7\B  .  .  .  .  .  .  B  .  .  .\7
<        8\.  .  .  B  .  .  .  W  .  W  .\8
<         9\W  W  .  .  .  W  .  W  .  .  .\9
<         10\B  W  .  B  B  B  B  B  B  B  B\10
<          11\B  W  W  W  W  W  W  W  W  W  .\11
<              a  b  c  d  e  f  g  h  i  j  k  
<
>play w k11
<= 
<
>showboard
<= 
< 
<  61d408b42bfe12d8
<  a  b  c  d  e  f  g  h  i  j  k  
< 1\.  .  .  .  .  .  .  .  B  B  .\1
<  2\.  .  .  .  .  .  .  B  .  .  .\2
<   3\.  B  W  .  .  .  .  .  .  .  B\3
<    4\.  .  .  .  .  .  B  .  .  .  .\4
<     5\.  .  .  .  .  .  .  .  .  .  .\5
<      6\.  .  .  .  .  .  .  W  .  .  .\6
<       7\B  .  .  .  .  .  .  B  .  .  .\7
<        8\.  .  .  B  .  .  .  W  .  W  .\8
<         9\W  W  .  .  .  W  .  W  .  .  .\9
<         10\B  W  .  B  B  B  B  B  B  B  B\10
<          11\B  W  W  W  W  W  W  W  W  W  W\11
<              a  b  c  d  e  f  g  h  i  j  k  
<
>genmove b
<= resign
<
>showboard
<= 
< 
<  61d408b42bfe12d8
<  a  b  c  d  e  f  g  h  i  j  k  
< 1\.  .  .  .  .  .  .  .  B  B  .\1
<  2\.  .  .  .  .  .  .  B  .  .  .\2
<   3\.  B  W  .  .  .  .  .  .  .  B\3
<    4\.  .  .  .  .  .  B  .  .  .  .\4
<     5\.  .  .  .  .  .  .  .  .  .  .\5
<      6\.  .  .  .  .  .  .  W  .  .  .\6
<       7\B  .  .  .  .  .  .  B  .  .  .\7
<        8\.  .  .  B  .  .  .  W  .  W  .\8
<         9\W  W  .  .  .  W  .  W  .  .  .\9
<         10\B  W  .  B  B  B  B  B  B  B  B\10
<          11\B  W  W  W  W  W  W  W  W  W  W\11
<              a  b  c  d  e  f  g  h  i  j  k  
<
>final_score
<= W+
<
>quit
<= 
<
