# nice ../build/src/mohex/mohex --config mohex-cg2010.htp --seed 703385 --logfile-name jobs/11x11-mohex-mohex-weak-vs-mohex-mohex-cg2010/mohex-mohex-cg2010-3.log
>boardsize 11 11
<= 
<
>name
MoHex 2.0.CMake Mar 21 2025
Copyright (C) 2007-2012 by the authors of the Benzene project.
This program comes with ABSOLUTELY NO WARRANTY. This is
free software and you are welcome to redistribute it under
certain conditions. Type `benzene-license' for details.

SgRandom::SetSeed: 703385
SgUctSearch: system memory 33632358400, using 1000000000 (5681818 nodes)
SgRandom::SetSeed: 1
SgRandom::SetSeed: 703385
01bf7 info: Prior Patterns:
01bf7 info: Global:
01bf7 info: Size            = 565 32648 
01bf7 info: TableEntries    = 65932 65910
01bf7 info: MirrorsAdded    = 0 0
01bf7 info: PrunableCount   = 30593 30629
01bf7 info: LargestGamma    = 5820.77
01bf7 info: SmallestGamma   = 6.6e-05
01bf7 info: Local:
01bf7 info: Size            = 550 5318 
01bf7 info: TableEntries    = 11602 11588
01bf7 info: MirrorsAdded    = 0 0
01bf7 info: PrunableCount   = 3659 3667
01bf7 info: LargestGamma    = 11281.8
01bf7 info: SmallestGamma   = 0.026235
01bf7 info: Playout Patterns:
01bf7 info: Global:
01bf7 info: Size            = 565 32648 
01bf7 info: TableEntries    = 70329 70329
01bf7 info: MirrorsAdded    = 4397 4419
01bf7 info: PrunableCount   = 30593 30629
01bf7 info: LargestGamma    = 5820.77
01bf7 info: SmallestGamma   = 6.6e-05
01bf7 info: Local:
01bf7 info: Size            = 550 5318 
01bf7 info: TableEntries    = 11602 11588
01bf7 info: MirrorsAdded    = 0 0
01bf7 info: PrunableCount   = 3659 3667
01bf7 info: LargestGamma    = 11281.8
01bf7 info: SmallestGamma   = 0.026235
param_game allow_swap 1
= 

param_mohex max_memory 32000000000
= 

param_mohex num_threads 1
= 

param_mohex max_time 1
= 

param_mohex max_games 1
= 

param_mohex knowledge_threshold 400
= 

param_mohex reuse_subtree 1
= 

param_mohex use_parallel_solver 1
= 

<= MoHex
<
>version
<= 2.0.CMake
<
>play b a2
<= 
<
>showboard
<= 
< 
<  77c9a12a222a7b19
<  a  b  c  d  e  f  g  h  i  j  k  
< 1\.  .  .  .  .  .  .  .  .  .  .\1
<  2\B  .  .  .  .  .  .  .  .  .  .\2
<   3\.  .  .  .  .  .  .  .  .  .  .\3
<    4\.  .  .  .  .  .  .  .  .  .  .\4
<     5\.  .  .  .  .  .  .  .  .  .  .\5
<      6\.  .  .  .  .  .  .  .  .  .  .\6
<       7\.  .  .  .  .  .  .  .  .  .  .\7
<        8\.  .  .  .  .  .  .  .  .  .  .\8
<         9\.  .  .  .  .  .  .  .  .  .  .\9
<         10\.  .  .  .  .  .  .  .  .  .  .\10
<          11\.  .  .  .  .  .  .  .  .  .  .\11
<              a  b  c  d  e  f  g  h  i  j  k  
<
>play w swap-pieces
<= 
<
>genmove w
<= e1
<
>play b f11
01bf7 info: PlayAndSolve: Building VCs to avoid race condition.
01bf7 info: PlayAndSolve: Continuing on as usual.
8ee96 info: *** PlayerThread ***
3fff6 info: *** SolverThread ***
8ee96 info: Best move cannot be determined, must search state.
8ee96 info: --- MoHexPlayer::Search() ---
8ee96 info: Color: white
8ee96 info: MaxGames: 1
8ee96 info: NumberThreads: 1
8ee96 info: MaxNodes: 181818181 (15999999928 bytes)
8ee96 info: TimeForMove: 1
8ee96 info: PreSearch: max time reached (56/92).
8ee96 info: Time for PreSearch: 0.200113s
8ee96 info: 
  77c9a12a222a7b19
  a  b  c  d  e  f  g  h  i  j  k  
 1\b  b  b  .  *  *  *  *  *  *  .\1
  2\B  .  *  *  *  *  *  *  *  *  .\2
   3\.  *  *  *  *  *  *  *  *  *  .\3
    4\.  *  *  *  *  *  *  *  *  *  .\4
     5\.  *  *  *  *  *  *  *  *  *  .\5
      6\.  *  *  *  *  *  *  *  *  *  .\6
       7\.  *  *  *  *  *  *  *  *  *  .\7
        8\.  *  *  *  *  *  *  *  *  *  .\8
         9\.  *  *  *  *  *  *  *  *  *  .\9
         10\.  *  *  *  *  *  *  *  *  .  .\10
          11\.  *  *  *  *  *  *  *  .  .  .\11
              a  b  c  d  e  f  g  h  i  j  k  
8ee96 info: No subtree to reuse.
8ee96 info: Creating thread 0
8ee96 info: StartSearch()[0]
SgUctSearch: max games reached
8ee96 info: 
Elapsed Time   0.500914s
Count          1
GamesPlayed    1
Nodes          1
Knowledge      0 (0.0%)
Expansions     0.0
Time           0.00
GameLen        117.0 dev=0.0 min=117.0 max=117.0
InTree         0.0 dev=0.0 min=0.0 max=0.0
KnowDepth      -
Aborted        0%
Games/s        435.0
Score          1.00
Sequence      
8ee96 info: 
8ee96 warning: **** MoHexSearch returned empty sequence!
8ee96 warning: **** Returning random move!
8ee96 info: *** Player move: e1
37fe6 info: DfpnSolver::CheckAbort(): Abort flag!
3fff6 info: 
MID calls      79
VC builds      76
Terminal       0
Work           79
Wasted Work    0 (0%)
Elapsed Time   0.510653
MIDs/sec       154.704
VCs/sec        148.829
Cnt prune sib  0
Avg prune sib  -
Consider Size  86.5789 dev=6.95904 min=49 max=92
Move Index     -
Move Percent   -
Delta Increase 3.20513 dev=13.2813 min=1 max=88
Winner         empty
PV             j2 f5 e7

HashTableStatistics:
Stores         183
LookupAttempt  15950
LookupSuccess  809
Collisions     0

3fff6 info: Search aborted.
<= 
<
>genmove w
<= d7
<
>play b j7
01bf7 info: PlayAndSolve: Building VCs to avoid race condition.
01bf7 info: PlayAndSolve: Continuing on as usual.
3fff6 info: *** PlayerThread ***
8ee96 info: *** SolverThread ***
3fff6 info: Best move cannot be determined, must search state.
3fff6 info: --- MoHexPlayer::Search() ---
3fff6 info: Color: white
3fff6 info: MaxGames: 1
3fff6 info: NumberThreads: 1
3fff6 info: MaxNodes: 181818181 (15999999928 bytes)
3fff6 info: TimeForMove: 1
3fff6 info: PreSearch: max time reached (54/88).
3fff6 info: Time for PreSearch: 0.201925s
3fff6 info: 
  e6509af8464842c2
  a  b  c  d  e  f  g  h  i  j  k  
 1\b  b  b  .  W  *  *  *  *  *  .\1
  2\B  .  *  *  *  *  *  *  *  *  .\2
   3\.  *  *  *  *  *  *  *  *  *  .\3
    4\.  *  *  *  *  *  *  *  *  *  .\4
     5\.  *  *  *  *  *  *  *  *  *  .\5
      6\.  *  *  *  *  *  *  *  *  *  .\6
       7\.  *  *  *  *  *  *  *  *  *  .\7
        8\.  *  *  *  *  *  *  *  *  *  .\8
         9\.  *  *  *  *  *  *  *  *  *  .\9
         10\.  *  *  *  *  *  *  *  *  .  .\10
          11\.  *  *  *  .  B  .  *  .  .  .\11
              a  b  c  d  e  f  g  h  i  j  k  
3fff6 info: Old: [black, a2] [white, swap-pieces] 
3fff6 info: New: [black, a2] [white, swap-pieces] [white, e1] [black, f11] 
3fff6 info: ReuseSubtree: Colors do not alternate.
3fff6 info: No subtree to reuse.
3fff6 info: StartSearch()[0]
SgUctSearch: max games reached
3fff6 info: 
Elapsed Time   0.347684s
Count          1
GamesPlayed    1
Nodes          1
Knowledge      0 (0.0%)
Expansions     0.0
Time           0.00
GameLen        115.0 dev=0.0 min=115.0 max=115.0
InTree         0.0 dev=0.0 min=0.0 max=0.0
KnowDepth      -
Aborted        0%
Games/s        3773.6
Score          1.00
Sequence      
3fff6 info: 
3fff6 warning: **** MoHexSearch returned empty sequence!
3fff6 warning: **** Returning random move!
3fff6 info: *** Player move: d7
37fe6 info: DfpnSolver::CheckAbort(): Abort flag!
8ee96 info: 
MID calls      59
VC builds      57
Terminal       0
Work           59
Wasted Work    0 (0%)
Elapsed Time   0.356432
MIDs/sec       165.529
VCs/sec        159.918
Cnt prune sib  1
Avg prune sib  1 dev=0 min=1 max=1
Consider Size  86.8421 dev=4.073 min=80 max=92
Move Index     -
Move Percent   -
Delta Increase 3.86207 dev=15.1628 min=1 max=88
Winner         empty
PV             b10 d9 c8 e7

HashTableStatistics:
Stores         323
LookupAttempt  29113
LookupSuccess  1496
Collisions     0

8ee96 info: Search aborted.
<= 
<
>genmove w
<= i6
<
>play b h4
01bf7 info: PlayAndSolve: Building VCs to avoid race condition.
01bf7 info: PlayAndSolve: Continuing on as usual.
8ee96 info: *** PlayerThread ***
3fff6 info: *** SolverThread ***
8ee96 info: Best move cannot be determined, must search state.
8ee96 info: --- MoHexPlayer::Search() ---
8ee96 info: Color: white
8ee96 info: MaxGames: 1
8ee96 info: NumberThreads: 1
8ee96 info: MaxNodes: 181818181 (15999999928 bytes)
8ee96 info: TimeForMove: 1
8ee96 info: PreSearch: max time reached (52/86).
8ee96 info: Time for PreSearch: 0.202851s
8ee96 info: 
  d7c1b482081b063a
  a  b  c  d  e  f  g  h  i  j  k  
 1\b  b  b  .  W  *  *  *  *  *  .\1
  2\B  .  *  *  *  *  *  *  *  *  .\2
   3\.  *  *  *  *  *  *  *  *  *  .\3
    4\.  *  *  *  *  *  *  *  *  *  .\4
     5\.  *  *  *  *  *  *  *  *  *  .\5
      6\.  *  *  *  *  *  *  *  *  *  .\6
       7\.  *  *  W  *  *  *  *  *  B  .\7
        8\.  *  *  *  *  *  *  *  *  *  .\8
         9\.  *  *  *  *  *  *  *  *  *  .\9
         10\.  *  *  *  *  *  *  *  *  .  .\10
          11\.  *  *  *  .  B  .  *  .  .  .\11
              a  b  c  d  e  f  g  h  i  j  k  
8ee96 info: Old: [black, a2] [white, swap-pieces] [white, e1] [black, f11] 
8ee96 info: New: [black, a2] [white, swap-pieces] [white, e1] [black, f11] [white, d7] [black, j7] 
8ee96 info: MovesPlayed: [white, d7] [black, j7] 
8ee96 info: No subtree to reuse.
8ee96 info: StartSearch()[0]
SgUctSearch: max games reached
8ee96 info: 
Elapsed Time   0.348239s
Count          1
GamesPlayed    1
Nodes          1
Knowledge      0 (0.0%)
Expansions     0.0
Time           0.00
GameLen        113.0 dev=0.0 min=113.0 max=113.0
InTree         0.0 dev=0.0 min=0.0 max=0.0
KnowDepth      -
Aborted        0%
Games/s        3676.5
Score          0.00
Sequence      
8ee96 info: 
8ee96 warning: **** MoHexSearch returned empty sequence!
8ee96 warning: **** Returning random move!
8ee96 info: *** Player move: i6
37fe6 info: DfpnSolver::CheckAbort(): Abort flag!
3fff6 info: 
MID calls      55
VC builds      53
Terminal       0
Work           55
Wasted Work    0 (0%)
Elapsed Time   0.359803
MIDs/sec       152.861
VCs/sec        147.303
Cnt prune sib  0
Avg prune sib  -
Consider Size  81.6415 dev=5.28139 min=68 max=88
Move Index     -
Move Percent   -
Delta Increase 3.92593 dev=14.6361 min=1 max=81
Winner         empty
PV             j3 b10 b8 f6

HashTableStatistics:
Stores         455
LookupAttempt  41442
LookupSuccess  2179
Collisions     0

3fff6 info: Search aborted.
<= 
<
>genmove w
<= b9
<
>play b k6
01bf7 info: PlayAndSolve: Building VCs to avoid race condition.
01bf7 info: PlayAndSolve: Continuing on as usual.
3fff6 info: *** PlayerThread ***
8ee96 info: *** SolverThread ***
3fff6 info: Best move cannot be determined, must search state.
3fff6 info: --- MoHexPlayer::Search() ---
3fff6 info: Color: white
3fff6 info: MaxGames: 1
3fff6 info: NumberThreads: 1
3fff6 info: MaxNodes: 181818181 (15999999928 bytes)
3fff6 info: TimeForMove: 1
3fff6 info: PreSearch: max time reached (49/83).
3fff6 info: Time for PreSearch: 0.202913s
3fff6 info: 
  3db45c5962f64527
  a  b  c  d  e  f  g  h  i  j  k  
 1\b  b  b  .  W  *  *  *  *  *  .\1
  2\B  .  *  *  *  *  *  *  *  *  .\2
   3\.  *  *  *  *  *  *  *  *  *  .\3
    4\.  *  *  *  *  *  *  B  .  .  .\4
     5\.  *  *  *  *  *  *  *  .  .  .\5
      6\.  *  *  *  *  *  *  *  W  .  .\6
       7\.  *  *  W  *  *  *  *  *  B  .\7
        8\.  *  *  *  *  *  *  *  *  *  .\8
         9\.  *  *  *  *  *  *  *  *  *  .\9
         10\.  *  *  *  *  *  *  *  *  .  .\10
          11\.  *  *  *  .  B  .  *  .  .  .\11
              a  b  c  d  e  f  g  h  i  j  k  
3fff6 info: Old: [black, a2] [white, swap-pieces] [white, e1] [black, f11] [white, d7] [black, j7] 
3fff6 info: New: [black, a2] [white, swap-pieces] [white, e1] [black, f11] [white, d7] [black, j7] [white, i6] [black, h4] 
3fff6 info: MovesPlayed: [white, i6] [black, h4] 
3fff6 info: No subtree to reuse.
3fff6 info: StartSearch()[0]
SgUctSearch: max games reached
3fff6 info: 
Elapsed Time   0.346372s
Count          1
GamesPlayed    1
Nodes          1
Knowledge      0 (0.0%)
Expansions     0.0
Time           0.00
GameLen        111.0 dev=0.0 min=111.0 max=111.0
InTree         0.0 dev=0.0 min=0.0 max=0.0
KnowDepth      -
Aborted        0%
Games/s        3496.5
Score          1.00
Sequence      
3fff6 info: 
3fff6 warning: **** MoHexSearch returned empty sequence!
3fff6 warning: **** Returning random move!
3fff6 info: *** Player move: b9
37fe6 info: DfpnSolver::CheckAbort(): Abort flag!
8ee96 info: 
MID calls      43
VC builds      41
Terminal       0
Work           43
Wasted Work    0 (0%)
Elapsed Time   0.3592
MIDs/sec       119.71
VCs/sec        114.143
Cnt prune sib  0
Avg prune sib  -
Consider Size  58.9024 dev=30.2895 min=7 max=83
Move Index     -
Move Percent   -
Delta Increase 3.45238 dev=12.1031 min=1 max=77
Winner         empty
PV             g7 b10 c7 e7

HashTableStatistics:
Stores         562
LookupAttempt  51206
LookupSuccess  2801
Collisions     0

8ee96 info: Search aborted.
<= 
<
>genmove w
<= h6
<
>play b c11
01bf7 info: PlayAndSolve: Building VCs to avoid race condition.
01bf7 info: PlayAndSolve: Continuing on as usual.
8ee96 info: *** PlayerThread ***
3fff6 info: *** SolverThread ***
8ee96 info: Best move cannot be determined, must search state.
8ee96 info: --- MoHexPlayer::Search() ---
8ee96 info: Color: white
8ee96 info: MaxGames: 1
8ee96 info: NumberThreads: 1
8ee96 info: MaxNodes: 181818181 (15999999928 bytes)
8ee96 info: TimeForMove: 1
8ee96 info: PreSearch: max time reached (52/78).
8ee96 info: Time for PreSearch: 0.202695s
8ee96 info: 
  5d044fd5960fb02a
  a  b  c  d  e  f  g  h  i  j  k  
 1\b  b  b  .  W  *  *  *  *  *  .\1
  2\B  .  *  *  *  *  *  *  *  *  .\2
   3\.  *  *  *  *  *  *  *  *  *  .\3
    4\.  *  *  *  *  *  *  B  *  *  .\4
     5\.  *  *  *  *  *  *  *  *  *  .\5
      6\.  *  *  *  *  *  *  *  W  .  B\6
       7\.  *  .  W  *  *  *  *  *  B  .\7
        8\w  .  .  *  *  *  *  *  *  *  .\8
         9\w  W  *  *  *  *  *  *  *  *  .\9
         10\w  .  *  *  *  *  *  *  *  .  .\10
          11\.  *  *  *  .  B  .  *  .  .  .\11
              a  b  c  d  e  f  g  h  i  j  k  
8ee96 info: Old: [black, a2] [white, swap-pieces] [white, e1] [black, f11] [white, d7] [black, j7] [white, i6] [black, h4] 
8ee96 info: New: [black, a2] [white, swap-pieces] [white, e1] [black, f11] [white, d7] [black, j7] [white, i6] [black, h4] [white, b9] [black, k6] 
8ee96 info: MovesPlayed: [white, b9] [black, k6] 
8ee96 info: No subtree to reuse.
8ee96 info: StartSearch()[0]
SgUctSearch: max games reached
8ee96 info: 
Elapsed Time   0.352347s
Count          1
GamesPlayed    1
Nodes          1
Knowledge      0 (0.0%)
Expansions     0.0
Time           0.00
GameLen        106.0 dev=0.0 min=106.0 max=106.0
InTree         0.0 dev=0.0 min=0.0 max=0.0
KnowDepth      -
Aborted        0%
Games/s        3636.4
Score          0.00
Sequence      
8ee96 info: 
8ee96 warning: **** MoHexSearch returned empty sequence!
8ee96 warning: **** Returning random move!
8ee96 info: *** Player move: h6
37fe6 info: DfpnSolver::CheckAbort(): Abort flag!
3fff6 info: 
MID calls      47
VC builds      45
Terminal       0
Work           47
Wasted Work    0 (0%)
Elapsed Time   0.37256
MIDs/sec       126.154
VCs/sec        120.786
Cnt prune sib  2
Avg prune sib  2.5 dev=1.5 min=1 max=4
Consider Size  63.1556 dev=21.4496 min=8 max=78
Move Index     -
Move Percent   -
Delta Increase 3.30435 dev=11.1743 min=1 max=75
Winner         empty
PV             f6 h5 g3 g7

HashTableStatistics:
Stores         677
LookupAttempt  60929
LookupSuccess  3422
Collisions     0

3fff6 info: Search aborted.
<= 
<
>genmove w
<= e9
<
>play b d4
01bf7 info: PlayAndSolve: Building VCs to avoid race condition.
01bf7 info: PlayAndSolve: Continuing on as usual.
3fff6 info: *** PlayerThread ***
8ee96 info: *** SolverThread ***
3fff6 info: Best move cannot be determined, must search state.
3fff6 info: --- MoHexPlayer::Search() ---
3fff6 info: Color: white
3fff6 info: MaxGames: 1
3fff6 info: NumberThreads: 1
3fff6 info: MaxNodes: 181818181 (15999999928 bytes)
3fff6 info: TimeForMove: 1
3fff6 info: PreSearch: max time reached (60/72).
3fff6 info: Time for PreSearch: 0.200254s
3fff6 info: 
  5ab5303f72acb62e
  a  b  c  d  e  f  g  h  i  j  k  
 1\b  b  b  .  W  *  *  *  *  *  .\1
  2\B  .  *  *  *  *  *  *  *  *  .\2
   3\.  *  *  *  *  *  *  *  *  *  .\3
    4\.  *  *  *  *  *  *  B  .  .  .\4
     5\.  *  *  *  *  *  *  *  .  .  .\5
      6\.  *  *  *  *  *  *  W  W  .  B\6
       7\.  .  .  W  *  *  *  .  .  B  .\7
        8\w  .  .  *  *  *  *  *  *  *  .\8
         9\w  W  *  *  *  *  *  *  *  *  .\9
         10\w  .  *  *  *  *  *  *  *  .  .\10
          11\b  b  B  b  b  B  .  *  .  .  .\11
              a  b  c  d  e  f  g  h  i  j  k  
3fff6 info: Old: [black, a2] [white, swap-pieces] [white, e1] [black, f11] [white, d7] [black, j7] [white, i6] [black, h4] [white, b9] [black, k6] 
3fff6 info: New: [black, a2] [white, swap-pieces] [white, e1] [black, f11] [white, d7] [black, j7] [white, i6] [black, h4] [white, b9] [black, k6] [white, h6] [black, c11] 
3fff6 info: MovesPlayed: [white, h6] [black, c11] 
3fff6 info: No subtree to reuse.
3fff6 info: StartSearch()[0]
SgUctSearch: max games reached
3fff6 info: 
Elapsed Time   0.34748s
Count          1
GamesPlayed    1
Nodes          1
Knowledge      0 (0.0%)
Expansions     0.0
Time           0.00
GameLen        100.0 dev=0.0 min=100.0 max=100.0
InTree         0.0 dev=0.0 min=0.0 max=0.0
KnowDepth      -
Aborted        0%
Games/s        3623.2
Score          1.00
Sequence      
3fff6 info: 
3fff6 warning: **** MoHexSearch returned empty sequence!
3fff6 warning: **** Returning random move!
3fff6 info: *** Player move: e9
37fe6 info: DfpnSolver::CheckAbort(): Abort flag!
8ee96 info: 
MID calls      59
VC builds      55
Terminal       1
Work           60
Wasted Work    14 (23.3333%)
Elapsed Time   0.359305
MIDs/sec       164.206
VCs/sec        153.073
Cnt prune sib  2
Avg prune sib  4 dev=0 min=4 max=4
Consider Size  36.463 dev=25.8899 min=1 max=72
Move Index     6 dev=0 min=6 max=6
Move Percent   0.0857143 dev=0 min=0.0857143 max=0.0857143
Delta Increase 4.74138 dev=13.6868 min=1 max=70
Winner         empty
PV             e7 f7 g5 f6

HashTableStatistics:
Stores         815
LookupAttempt  68360
LookupSuccess  3926
Collisions     0

8ee96 info: Search aborted.
<= 
<
>genmove w
<= f7
<
>play b k3
01bf7 info: PlayAndSolve: Building VCs to avoid race condition.
01bf7 info: PlayAndSolve: Continuing on as usual.
8ee96 info: *** PlayerThread ***
3fff6 info: *** SolverThread ***
8ee96 info: Winning SC.
8ee96 info: *** Player move: f7
3fff6 info: 
MID calls      0
VC builds      1
Terminal       1
Work           1
Wasted Work    0 (0%)
Elapsed Time   0.007081
MIDs/sec       0
VCs/sec        141.223
Cnt prune sib  0
Avg prune sib  -
Consider Size  -
Move Index     -
Move Percent   -
Delta Increase -
Winner         white
PV             

HashTableStatistics:
Stores         816
LookupAttempt  68366
LookupSuccess  3929
Collisions     0

<= 
<
>genmove w
<= j5
<
>play b e7
01bf7 info: PlayAndSolve: Building VCs to avoid race condition.
01bf7 info: PlayAndSolve: Continuing on as usual.
3fff6 info: *** PlayerThread ***
8ee96 info: *** SolverThread ***
8ee96 info: 
MID calls      0
VC builds      1
Terminal       1
Work           1
Wasted Work    0 (0%)
Elapsed Time   0.009657
MIDs/sec       0
VCs/sec        103.552
Cnt prune sib  0
Avg prune sib  -
Consider Size  -
Move Index     -
Move Percent   -
Delta Increase -
Winner         white
PV             

HashTableStatistics:
Stores         817
LookupAttempt  68372
LookupSuccess  3932
Collisions     0

3fff6 info: Winning SC.
3fff6 info: *** Player move: j5
<= 
<
>genmove w
<= c10
<
>play b g6
01bf7 info: PlayAndSolve: Building VCs to avoid race condition.
01bf7 info: PlayAndSolve: Continuing on as usual.
8ee96 info: *** PlayerThread ***
3fff6 info: *** SolverThread ***
8ee96 info: Winning SC.
8ee96 info: *** Player move: c10
3fff6 info: 
MID calls      0
VC builds      1
Terminal       1
Work           1
Wasted Work    0 (0%)
Elapsed Time   0.006056
MIDs/sec       0
VCs/sec        165.125
Cnt prune sib  0
Avg prune sib  -
Consider Size  -
Move Index     -
Move Percent   -
Delta Increase -
Winner         white
PV             

HashTableStatistics:
Stores         818
LookupAttempt  68378
LookupSuccess  3935
Collisions     0

<= 
<
>genmove w
<= g7
<
>play b c9
01bf7 info: PlayAndSolve: Building VCs to avoid race condition.
01bf7 info: PlayAndSolve: Continuing on as usual.
3fff6 info: *** PlayerThread ***
8ee96 info: *** SolverThread ***
3fff6 info: Winning SC.
3fff6 info: *** Player move: g7
8ee96 info: 
MID calls      0
VC builds      1
Terminal       1
Work           1
Wasted Work    0 (0%)
Elapsed Time   0.007453
MIDs/sec       0
VCs/sec        134.174
Cnt prune sib  0
Avg prune sib  -
Consider Size  -
Move Index     -
Move Percent   -
Delta Increase -
Winner         white
PV             

HashTableStatistics:
Stores         819
LookupAttempt  68384
LookupSuccess  3938
Collisions     0

<= 
<
>genmove w
<= b10
<
>play b d9
01bf7 info: PlayAndSolve: Building VCs to avoid race condition.
01bf7 info: PlayAndSolve: Continuing on as usual.
8ee96 info: *** PlayerThread ***
3fff6 info: *** SolverThread ***
8ee96 info: Winning SC.
8ee96 info: *** Player move: b10
3fff6 info: 
MID calls      0
VC builds      1
Terminal       1
Work           1
Wasted Work    0 (0%)
Elapsed Time   0.006453
MIDs/sec       0
VCs/sec        154.967
Cnt prune sib  0
Avg prune sib  -
Consider Size  -
Move Index     -
Move Percent   -
Delta Increase -
Winner         white
PV             

HashTableStatistics:
Stores         820
LookupAttempt  68390
LookupSuccess  3941
Collisions     0

<= 
<
>genmove w
<= d10
<
>play b f8
01bf7 info: PlayAndSolve: Building VCs to avoid race condition.
01bf7 info: PlayAndSolve: Continuing on as usual.
3fff6 info: *** PlayerThread ***
8ee96 info: *** SolverThread ***
3fff6 info: Winning SC.
3fff6 info: *** Player move: d10
8ee96 info: 
MID calls      0
VC builds      1
Terminal       1
Work           1
Wasted Work    0 (0%)
Elapsed Time   0.006781
MIDs/sec       0
VCs/sec        147.471
Cnt prune sib  0
Avg prune sib  -
Consider Size  -
Move Index     -
Move Percent   -
Delta Increase -
Winner         white
PV             

HashTableStatistics:
Stores         821
LookupAttempt  68396
LookupSuccess  3944
Collisions     0

<= 
<
>genmove w
<= e8
<
>play b k4
01bf7 info: PlayAndSolve: Building VCs to avoid race condition.
01bf7 info: PlayAndSolve: Continuing on as usual.
8ee96 info: *** PlayerThread ***
3fff6 info: *** SolverThread ***
8ee96 info: Winning SC.
8ee96 info: *** Player move: e8
3fff6 info: 
MID calls      0
VC builds      1
Terminal       1
Work           1
Wasted Work    0 (0%)
Elapsed Time   0.006716
MIDs/sec       0
VCs/sec        148.898
Cnt prune sib  0
Avg prune sib  -
Consider Size  -
Move Index     -
Move Percent   -
Delta Increase -
Winner         white
PV             

HashTableStatistics:
Stores         822
LookupAttempt  68402
LookupSuccess  3947
Collisions     0

<= 
<
>genmove w
<= k5
<
>play b a9
01bf7 info: PlayAndSolve: Building VCs to avoid race condition.
01bf7 info: PlayAndSolve: Continuing on as usual.
3fff6 info: *** PlayerThread ***
8ee96 info: *** SolverThread ***
3fff6 info: Winning SC.
3fff6 info: *** Player move: k5
8ee96 info: 
MID calls      0
VC builds      1
Terminal       1
Work           1
Wasted Work    0 (0%)
Elapsed Time   0.006118
MIDs/sec       0
VCs/sec        163.452
Cnt prune sib  0
Avg prune sib  -
Consider Size  -
Move Index     -
Move Percent   -
Delta Increase -
Winner         white
PV             

HashTableStatistics:
Stores         823
LookupAttempt  68408
LookupSuccess  3950
Collisions     0

<= 
<
>genmove w
<= a10
<
>play b resign
01bf7 info: PlayAndSolve: Building VCs to avoid race condition.
01bf7 info: PlayAndSolve: Continuing on as usual.
8ee96 info: *** PlayerThread ***
3fff6 info: *** SolverThread ***
8ee96 info: Captured cells caused win! Removing...
3fff6 info: 
MID calls      0
VC builds      1
Terminal       1
Work           1
Wasted Work    0 (0%)
Elapsed Time   0.002963
MIDs/sec       0
VCs/sec        337.496
Cnt prune sib  0
Avg prune sib  -
Consider Size  -
Move Index     -
Move Percent   -
Delta Increase -
Winner         white
PV             

HashTableStatistics:
Stores         824
LookupAttempt  68414
LookupSuccess  3953
Collisions     0

8ee96 info: Winning SC.
8ee96 info: *** Player move: a10
<= 
<
>final_score
<= W+
<
>quit
<= 
<
