# nice ../build/src/mohex/mohex --config mohex-cg2010.htp --seed 319845 --logfile-name jobs/11x11-mohex-mohex-weak-vs-mohex-mohex-cg2010/mohex-mohex-cg2010-8.log
>boardsize 11 11
MoHex 2.0.CMake Mar 21 2025
Copyright (C) 2007-2012 by the authors of the Benzene project.
This program comes with ABSOLUTELY NO WARRANTY. This is
free software and you are welcome to redistribute it under
certain conditions. Type `benzene-license' for details.

SgRandom::SetSeed: 319845
SgUctSearch: system memory 33632358400, using 1000000000 (5681818 nodes)
SgRandom::SetSeed: 1
SgRandom::SetSeed: 319845
400b7 info: Prior Patterns:
400b7 info: Global:
400b7 info: Size            = 565 32648 
400b7 info: TableEntries    = 65932 65910
400b7 info: MirrorsAdded    = 0 0
400b7 info: PrunableCount   = 30593 30629
400b7 info: LargestGamma    = 5820.77
400b7 info: SmallestGamma   = 6.6e-05
400b7 info: Local:
400b7 info: Size            = 550 5318 
400b7 info: TableEntries    = 11602 11588
400b7 info: MirrorsAdded    = 0 0
400b7 info: PrunableCount   = 3659 3667
400b7 info: LargestGamma    = 11281.8
400b7 info: SmallestGamma   = 0.026235
400b7 info: Playout Patterns:
400b7 info: Global:
400b7 info: Size            = 565 32648 
400b7 info: TableEntries    = 70329 70329
400b7 info: MirrorsAdded    = 4397 4419
400b7 info: PrunableCount   = 30593 30629
400b7 info: LargestGamma    = 5820.77
400b7 info: SmallestGamma   = 6.6e-05
400b7 info: Local:
400b7 info: Size            = 550 5318 
400b7 info: TableEntries    = 11602 11588
400b7 info: MirrorsAdded    = 0 0
400b7 info: PrunableCount   = 3659 3667
400b7 info: LargestGamma    = 11281.8
400b7 info: SmallestGamma   = 0.026235
<= 
<
>name
param_game allow_swap 1
= 

param_mohex max_memory 32000000000
= 

param_mohex num_threads 1
= 

param_mohex max_time 1
= 

param_mohex max_games 1
= 

param_mohex knowledge_threshold 400
= 

param_mohex reuse_subtree 1
= 

param_mohex use_parallel_solver 1
= 

<= MoHex
<
>version
<= 2.0.CMake
<
>play b a5
<= 
<
>genmove w
<= swap-pieces
<
>showboard
400b7 info: SwapCheck: reading from '/home/linus/MoHex2.0/nfbranchfix/benzene-vanilla-cmake/share/swap-moves.txt'.
400b7 info: SwapCheck: playing swap.
<= 
< 
<  87c9b23912128f66
<  a  b  c  d  e  f  g  h  i  j  k  
< 1\.  .  .  .  .  .  .  .  .  .  .\1
<  2\.  .  .  .  .  .  .  .  .  .  .\2
<   3\.  .  .  .  .  .  .  .  .  .  .\3
<    4\.  .  .  .  .  .  .  .  .  .  .\4
<     5\B  .  .  .  .  .  .  .  .  .  .\5
<      6\.  .  .  .  .  .  .  .  .  .  .\6
<       7\.  .  .  .  .  .  .  .  .  .  .\7
<        8\.  .  .  .  .  .  .  .  .  .  .\8
<         9\.  .  .  .  .  .  .  .  .  .  .\9
<         10\.  .  .  .  .  .  .  .  .  .  .\10
<          11\.  .  .  .  .  .  .  .  .  .  .\11
<              a  b  c  d  e  f  g  h  i  j  k  
<
>play w j3
<= 
<
>showboard
<= 
< 
<  159f03b40bdc70ef
<  a  b  c  d  e  f  g  h  i  j  k  
< 1\.  .  .  .  .  .  .  .  .  .  .\1
<  2\.  .  .  .  .  .  .  .  .  .  .\2
<   3\.  .  .  .  .  .  .  .  .  W  .\3
<    4\.  .  .  .  .  .  .  .  .  .  .\4
<     5\B  .  .  .  .  .  .  .  .  .  .\5
<      6\.  .  .  .  .  .  .  .  .  .  .\6
<       7\.  .  .  .  .  .  .  .  .  .  .\7
<        8\.  .  .  .  .  .  .  .  .  .  .\8
<         9\.  .  .  .  .  .  .  .  .  .  .\9
<         10\.  .  .  .  .  .  .  .  .  .  .\10
<          11\.  .  .  .  .  .  .  .  .  .  .\11
<              a  b  c  d  e  f  g  h  i  j  k  
<
>genmove b
<= f1
<
>showboard
400b7 info: PlayAndSolve: Building VCs to avoid race condition.
400b7 info: PlayAndSolve: Continuing on as usual.
cd356 info: *** PlayerThread ***
7fff6 info: *** SolverThread ***
cd356 info: Best move cannot be determined, must search state.
cd356 info: --- MoHexPlayer::Search() ---
cd356 info: Color: black
cd356 info: MaxGames: 1
cd356 info: NumberThreads: 1
cd356 info: MaxNodes: 181818181 (15999999928 bytes)
cd356 info: TimeForMove: 1
cd356 info: PreSearch: max time reached (51/84).
cd356 info: Time for PreSearch: 0.202141s
cd356 info: 
  159f03b40bdc70ef
  a  b  c  d  e  f  g  h  i  j  k  
 1\.  .  .  .  .  .  .  .  .  .  .\1
  2\.  .  *  *  *  *  *  *  .  .  w\2
   3\.  *  *  *  *  *  *  *  *  W  w\3
    4\*  *  *  *  *  *  *  *  *  .  w\4
     5\B  *  *  *  *  *  *  *  *  *  .\5
      6\*  *  *  *  *  *  *  *  *  *  *\6
       7\*  *  *  *  *  *  *  *  *  *  *\7
        8\*  *  *  *  *  *  *  *  *  *  *\8
         9\*  *  *  *  *  *  *  *  *  *  .\9
         10\*  *  *  *  *  *  *  *  *  .  .\10
          11\.  .  .  .  .  .  .  .  .  .  .\11
              a  b  c  d  e  f  g  h  i  j  k  
cd356 info: No subtree to reuse.
cd356 info: Creating thread 0
cd356 info: StartSearch()[0]
SgUctSearch: max games reached
cd356 info: 
Elapsed Time   0.356859s
Count          1
GamesPlayed    1
Nodes          1
Knowledge      0 (0.0%)
Expansions     0.0
Time           0.00
GameLen        116.0 dev=0.0 min=116.0 max=116.0
InTree         0.0 dev=0.0 min=0.0 max=0.0
KnowDepth      -
Aborted        0%
Games/s        395.4
Score          0.00
Sequence      
cd356 info: 
cd356 warning: **** MoHexSearch returned empty sequence!
cd356 warning: **** Returning random move!
cd356 info: *** Player move: f1
77fe6 info: DfpnSolver::CheckAbort(): Abort flag!
7fff6 info: 
MID calls      59
VC builds      57
Terminal       0
Work           59
Wasted Work    0 (0%)
Elapsed Time   0.37079
MIDs/sec       159.12
VCs/sec        153.726
Cnt prune sib  0
Avg prune sib  -
Consider Size  82.3333 dev=6.47629 min=48 max=89
Move Index     -
Move Percent   -
Delta Increase 3.75862 dev=14.3531 min=1 max=85
Winner         empty
PV             b10 b8 g4 f6

HashTableStatistics:
Stores         139
LookupAttempt  12222
LookupSuccess  638
Collisions     0

7fff6 info: Search aborted.
<= 
< 
<  d223cff161a62f09
<  a  b  c  d  e  f  g  h  i  j  k  
< 1\.  .  .  .  .  B  .  .  .  .  .\1
<  2\.  .  .  .  .  .  .  .  .  .  .\2
<   3\.  .  .  .  .  .  .  .  .  W  .\3
<    4\.  .  .  .  .  .  .  .  .  .  .\4
<     5\B  .  .  .  .  .  .  .  .  .  .\5
<      6\.  .  .  .  .  .  .  .  .  .  .\6
<       7\.  .  .  .  .  .  .  .  .  .  .\7
<        8\.  .  .  .  .  .  .  .  .  .  .\8
<         9\.  .  .  .  .  .  .  .  .  .  .\9
<         10\.  .  .  .  .  .  .  .  .  .  .\10
<          11\.  .  .  .  .  .  .  .  .  .  .\11
<              a  b  c  d  e  f  g  h  i  j  k  
<
>play w h2
<= 
<
>showboard
<= 
< 
<  b07680a098c64305
<  a  b  c  d  e  f  g  h  i  j  k  
< 1\.  .  .  .  .  B  .  .  .  .  .\1
<  2\.  .  .  .  .  .  .  W  .  .  .\2
<   3\.  .  .  .  .  .  .  .  .  W  .\3
<    4\.  .  .  .  .  .  .  .  .  .  .\4
<     5\B  .  .  .  .  .  .  .  .  .  .\5
<      6\.  .  .  .  .  .  .  .  .  .  .\6
<       7\.  .  .  .  .  .  .  .  .  .  .\7
<        8\.  .  .  .  .  .  .  .  .  .  .\8
<         9\.  .  .  .  .  .  .  .  .  .  .\9
<         10\.  .  .  .  .  .  .  .  .  .  .\10
<          11\.  .  .  .  .  .  .  .  .  .  .\11
<              a  b  c  d  e  f  g  h  i  j  k  
<
>genmove b
<= c1
<
>showboard
400b7 info: PlayAndSolve: Building VCs to avoid race condition.
400b7 info: PlayAndSolve: Continuing on as usual.
7fff6 info: *** PlayerThread ***
cd356 info: *** SolverThread ***
7fff6 info: Best move cannot be determined, must search state.
7fff6 info: --- MoHexPlayer::Search() ---
7fff6 info: Color: black
7fff6 info: MaxGames: 1
7fff6 info: NumberThreads: 1
7fff6 info: MaxNodes: 181818181 (15999999928 bytes)
7fff6 info: TimeForMove: 1
7fff6 info: PreSearch: max time reached (61/82).
7fff6 info: Time for PreSearch: 0.200316s
7fff6 info: 
  b07680a098c64305
  a  b  c  d  e  f  g  h  i  j  k  
 1\.  .  .  .  .  B  b  b  .  .  .\1
  2\.  .  *  *  *  .  .  W  *  .  w\2
   3\.  *  *  *  *  *  *  *  *  W  w\3
    4\*  *  *  *  *  *  *  *  *  .  w\4
     5\B  *  *  *  *  *  *  *  *  *  .\5
      6\*  *  *  *  *  *  *  *  *  *  *\6
       7\*  *  *  *  *  *  *  *  *  *  *\7
        8\*  *  *  *  *  *  *  *  *  *  *\8
         9\*  *  *  *  *  *  *  *  *  *  .\9
         10\*  *  *  *  *  *  *  *  *  .  .\10
          11\.  .  .  .  .  .  .  .  .  .  .\11
              a  b  c  d  e  f  g  h  i  j  k  
7fff6 info: Old: [black, a5] [white, swap-pieces] [white, j3] 
7fff6 info: New: [black, a5] [white, swap-pieces] [white, j3] [black, f1] [white, h2] 
7fff6 info: MovesPlayed: [black, f1] [white, h2] 
7fff6 info: No subtree to reuse.
7fff6 info: StartSearch()[0]
SgUctSearch: max games reached
7fff6 info: 
Elapsed Time   0.553254s
Count          1
GamesPlayed    1
Nodes          1
Knowledge      0 (0.0%)
Expansions     0.0
Time           0.00
GameLen        112.0 dev=0.0 min=112.0 max=112.0
InTree         0.0 dev=0.0 min=0.0 max=0.0
KnowDepth      -
Aborted        0%
Games/s        3521.1
Score          1.00
Sequence      
7fff6 info: 
7fff6 warning: **** MoHexSearch returned empty sequence!
7fff6 warning: **** Returning random move!
7fff6 info: *** Player move: c1
77fe6 info: DfpnSolver::CheckAbort(): Abort flag!
cd356 info: 
MID calls      110
VC builds      105
Terminal       0
Work           110
Wasted Work    0 (0%)
Elapsed Time   0.566856
MIDs/sec       194.053
VCs/sec        185.232
Cnt prune sib  0
Avg prune sib  -
Consider Size  77.0476 dev=3.40704 min=71 max=83
Move Index     -
Move Percent   -
Delta Increase 3.05505 dev=11.9531 min=1 max=79
Winner         empty
PV             c8 d6 b7

HashTableStatistics:
Stores         383
LookupAttempt  28554
LookupSuccess  1422
Collisions     0

cd356 info: Search aborted.
<= 
< 
<  4bfd81878b510942
<  a  b  c  d  e  f  g  h  i  j  k  
< 1\.  .  B  .  .  B  .  .  .  .  .\1
<  2\.  .  .  .  .  .  .  W  .  .  .\2
<   3\.  .  .  .  .  .  .  .  .  W  .\3
<    4\.  .  .  .  .  .  .  .  .  .  .\4
<     5\B  .  .  .  .  .  .  .  .  .  .\5
<      6\.  .  .  .  .  .  .  .  .  .  .\6
<       7\.  .  .  .  .  .  .  .  .  .  .\7
<        8\.  .  .  .  .  .  .  .  .  .  .\8
<         9\.  .  .  .  .  .  .  .  .  .  .\9
<         10\.  .  .  .  .  .  .  .  .  .  .\10
<          11\.  .  .  .  .  .  .  .  .  .  .\11
<              a  b  c  d  e  f  g  h  i  j  k  
<
>play w k1
<= 
<
>showboard
<= 
< 
<  f550ef45a6544d8f
<  a  b  c  d  e  f  g  h  i  j  k  
< 1\.  .  B  .  .  B  .  .  .  .  W\1
<  2\.  .  .  .  .  .  .  W  .  .  .\2
<   3\.  .  .  .  .  .  .  .  .  W  .\3
<    4\.  .  .  .  .  .  .  .  .  .  .\4
<     5\B  .  .  .  .  .  .  .  .  .  .\5
<      6\.  .  .  .  .  .  .  .  .  .  .\6
<       7\.  .  .  .  .  .  .  .  .  .  .\7
<        8\.  .  .  .  .  .  .  .  .  .  .\8
<         9\.  .  .  .  .  .  .  .  .  .  .\9
<         10\.  .  .  .  .  .  .  .  .  .  .\10
<          11\.  .  .  .  .  .  .  .  .  .  .\11
<              a  b  c  d  e  f  g  h  i  j  k  
<
>genmove b
<= h9
<
>showboard
400b7 info: PlayAndSolve: Building VCs to avoid race condition.
400b7 info: PlayAndSolve: Continuing on as usual.
cd356 info: *** PlayerThread ***
7fff6 info: *** SolverThread ***
cd356 info: Best move cannot be determined, must search state.
cd356 info: --- MoHexPlayer::Search() ---
cd356 info: Color: black
cd356 info: MaxGames: 1
cd356 info: NumberThreads: 1
cd356 info: MaxNodes: 181818181 (15999999928 bytes)
cd356 info: TimeForMove: 1
cd356 info: PreSearch: max time reached (58/78).
cd356 info: Time for PreSearch: 0.202438s
cd356 info: 
  f550ef45a6544d8f
  a  b  c  d  e  f  g  h  i  j  k  
 1\b  b  B  b  b  B  b  b  .  .  W\1
  2\.  .  .  .  .  .  .  W  *  .  w\2
   3\.  .  *  *  *  *  *  *  *  W  w\3
    4\.  .  *  *  *  *  *  *  *  .  w\4
     5\B  *  *  *  *  *  *  *  *  *  .\5
      6\*  *  *  *  *  *  *  *  *  *  *\6
       7\*  *  *  *  *  *  *  *  *  *  *\7
        8\*  *  *  *  *  *  *  *  *  *  *\8
         9\*  *  *  *  *  *  *  *  *  *  .\9
         10\*  *  *  *  *  *  *  *  *  .  .\10
          11\.  .  .  .  .  .  .  .  .  .  .\11
              a  b  c  d  e  f  g  h  i  j  k  
cd356 info: Old: [black, a5] [white, swap-pieces] [white, j3] [black, f1] [white, h2] 
cd356 info: New: [black, a5] [white, swap-pieces] [white, j3] [black, f1] [white, h2] [black, c1] [white, k1] 
cd356 info: MovesPlayed: [black, c1] [white, k1] 
cd356 info: No subtree to reuse.
cd356 info: StartSearch()[0]
SgUctSearch: max games reached
cd356 info: 
Elapsed Time   0.347005s
Count          1
GamesPlayed    1
Nodes          1
Knowledge      0 (0.0%)
Expansions     0.0
Time           0.00
GameLen        106.0 dev=0.0 min=106.0 max=106.0
InTree         0.0 dev=0.0 min=0.0 max=0.0
KnowDepth      -
Aborted        0%
Games/s        3703.7
Score          1.00
Sequence      
cd356 info: 
cd356 warning: **** MoHexSearch returned empty sequence!
cd356 warning: **** Returning random move!
cd356 info: *** Player move: h9
77fe6 info: DfpnSolver::CheckAbort(): Abort flag!
7fff6 info: 
MID calls      66
VC builds      63
Terminal       0
Work           66
Wasted Work    0 (0%)
Elapsed Time   0.359256
MIDs/sec       183.713
VCs/sec        175.362
Cnt prune sib  0
Avg prune sib  -
Consider Size  75.0794 dev=4.20222 min=68 max=81
Move Index     -
Move Percent   -
Delta Increase 3.24615 dev=12.2738 min=1 max=76
Winner         empty
PV             b10 b9 d8

HashTableStatistics:
Stores         537
LookupAttempt  40340
LookupSuccess  2065
Collisions     0

7fff6 info: Search aborted.
<= 
< 
<  160353a74557f310
<  a  b  c  d  e  f  g  h  i  j  k  
< 1\.  .  B  .  .  B  .  .  .  .  W\1
<  2\.  .  .  .  .  .  .  W  .  .  .\2
<   3\.  .  .  .  .  .  .  .  .  W  .\3
<    4\.  .  .  .  .  .  .  .  .  .  .\4
<     5\B  .  .  .  .  .  .  .  .  .  .\5
<      6\.  .  .  .  .  .  .  .  .  .  .\6
<       7\.  .  .  .  .  .  .  .  .  .  .\7
<        8\.  .  .  .  .  .  .  .  .  .  .\8
<         9\.  .  .  .  .  .  .  B  .  .  .\9
<         10\.  .  .  .  .  .  .  .  .  .  .\10
<          11\.  .  .  .  .  .  .  .  .  .  .\11
<              a  b  c  d  e  f  g  h  i  j  k  
<
>play w j4
<= 
<
>showboard
<= 
< 
<  f1c59c70aeefced9
<  a  b  c  d  e  f  g  h  i  j  k  
< 1\.  .  B  .  .  B  .  .  .  .  W\1
<  2\.  .  .  .  .  .  .  W  .  .  .\2
<   3\.  .  .  .  .  .  .  .  .  W  .\3
<    4\.  .  .  .  .  .  .  .  .  W  .\4
<     5\B  .  .  .  .  .  .  .  .  .  .\5
<      6\.  .  .  .  .  .  .  .  .  .  .\6
<       7\.  .  .  .  .  .  .  .  .  .  .\7
<        8\.  .  .  .  .  .  .  .  .  .  .\8
<         9\.  .  .  .  .  .  .  B  .  .  .\9
<         10\.  .  .  .  .  .  .  .  .  .  .\10
<          11\.  .  .  .  .  .  .  .  .  .  .\11
<              a  b  c  d  e  f  g  h  i  j  k  
<
>genmove b
<= d9
<
>showboard
400b7 info: PlayAndSolve: Building VCs to avoid race condition.
400b7 info: PlayAndSolve: Continuing on as usual.
7fff6 info: *** PlayerThread ***
cd356 info: *** SolverThread ***
7fff6 info: Best move cannot be determined, must search state.
7fff6 info: --- MoHexPlayer::Search() ---
7fff6 info: Color: black
7fff6 info: MaxGames: 1
7fff6 info: NumberThreads: 1
7fff6 info: MaxNodes: 181818181 (15999999928 bytes)
7fff6 info: TimeForMove: 1
7fff6 info: PreSearch: max time reached (59/76).
7fff6 info: Time for PreSearch: 0.202766s
7fff6 info: 
  f1c59c70aeefced9
  a  b  c  d  e  f  g  h  i  j  k  
 1\b  b  B  b  b  B  b  b  .  .  W\1
  2\.  .  .  .  .  .  .  W  *  .  w\2
   3\.  .  *  *  *  *  *  *  *  W  w\3
    4\.  .  *  *  *  *  *  *  *  W  b\4
     5\B  *  *  *  *  *  *  *  *  *  .\5
      6\*  *  *  *  *  *  *  *  *  *  *\6
       7\*  *  *  *  *  *  *  *  *  *  *\7
        8\*  *  *  *  *  *  *  *  *  *  *\8
         9\*  *  *  *  *  *  *  B  *  *  .\9
         10\*  *  *  *  *  *  *  .  *  .  .\10
          11\.  .  .  .  .  .  .  .  .  .  .\11
              a  b  c  d  e  f  g  h  i  j  k  
7fff6 info: Old: [black, a5] [white, swap-pieces] [white, j3] [black, f1] [white, h2] [black, c1] [white, k1] 
7fff6 info: New: [black, a5] [white, swap-pieces] [white, j3] [black, f1] [white, h2] [black, c1] [white, k1] [black, h9] [white, j4] 
7fff6 info: MovesPlayed: [black, h9] [white, j4] 
7fff6 info: No subtree to reuse.
7fff6 info: StartSearch()[0]
SgUctSearch: max games reached
7fff6 info: 
Elapsed Time   0.357195s
Count          1
GamesPlayed    1
Nodes          1
Knowledge      0 (0.0%)
Expansions     0.0
Time           0.00
GameLen        104.0 dev=0.0 min=104.0 max=104.0
InTree         0.0 dev=0.0 min=0.0 max=0.0
KnowDepth      -
Aborted        0%
Games/s        3134.8
Score          0.00
Sequence      
7fff6 info: 
7fff6 warning: **** MoHexSearch returned empty sequence!
7fff6 warning: **** Returning random move!
7fff6 info: *** Player move: d9
77fe6 info: DfpnSolver::CheckAbort(): Abort flag!
cd356 info: 
MID calls      67
VC builds      64
Terminal       0
Work           67
Wasted Work    0 (0%)
Elapsed Time   0.367724
MIDs/sec       182.202
VCs/sec        174.044
Cnt prune sib  0
Avg prune sib  -
Consider Size  72.1094 dev=6.72492 min=42 max=79
Move Index     -
Move Percent   -
Delta Increase 3.15151 dev=11.8414 min=1 max=74
Winner         empty
PV             b10 b6 f3

HashTableStatistics:
Stores         692
LookupAttempt  51562
LookupSuccess  2662
Collisions     0

cd356 info: Search aborted.
<= 
< 
<  1c5d120674afec7d
<  a  b  c  d  e  f  g  h  i  j  k  
< 1\.  .  B  .  .  B  .  .  .  .  W\1
<  2\.  .  .  .  .  .  .  W  .  .  .\2
<   3\.  .  .  .  .  .  .  .  .  W  .\3
<    4\.  .  .  .  .  .  .  .  .  W  .\4
<     5\B  .  .  .  .  .  .  .  .  .  .\5
<      6\.  .  .  .  .  .  .  .  .  .  .\6
<       7\.  .  .  .  .  .  .  .  .  .  .\7
<        8\.  .  .  .  .  .  .  .  .  .  .\8
<         9\.  .  .  B  .  .  .  B  .  .  .\9
<         10\.  .  .  .  .  .  .  .  .  .  .\10
<          11\.  .  .  .  .  .  .  .  .  .  .\11
<              a  b  c  d  e  f  g  h  i  j  k  
<
>play w a2
<= 
<
>showboard
<= 
< 
<  7ccfd7badec80ca2
<  a  b  c  d  e  f  g  h  i  j  k  
< 1\.  .  B  .  .  B  .  .  .  .  W\1
<  2\W  .  .  .  .  .  .  W  .  .  .\2
<   3\.  .  .  .  .  .  .  .  .  W  .\3
<    4\.  .  .  .  .  .  .  .  .  W  .\4
<     5\B  .  .  .  .  .  .  .  .  .  .\5
<      6\.  .  .  .  .  .  .  .  .  .  .\6
<       7\.  .  .  .  .  .  .  .  .  .  .\7
<        8\.  .  .  .  .  .  .  .  .  .  .\8
<         9\.  .  .  B  .  .  .  B  .  .  .\9
<         10\.  .  .  .  .  .  .  .  .  .  .\10
<          11\.  .  .  .  .  .  .  .  .  .  .\11
<              a  b  c  d  e  f  g  h  i  j  k  
<
>genmove b
<= j10
<
>showboard
400b7 info: PlayAndSolve: Building VCs to avoid race condition.
400b7 info: PlayAndSolve: Continuing on as usual.
cd356 info: *** PlayerThread ***
7fff6 info: *** SolverThread ***
cd356 info: Best move cannot be determined, must search state.
cd356 info: --- MoHexPlayer::Search() ---
cd356 info: Color: black
cd356 info: MaxGames: 1
cd356 info: NumberThreads: 1
cd356 info: MaxNodes: 181818181 (15999999928 bytes)
cd356 info: TimeForMove: 1
cd356 info: PreSearch: max time reached (57/74).
cd356 info: Time for PreSearch: 0.206414s
cd356 info: 
  7ccfd7badec80ca2
  a  b  c  d  e  f  g  h  i  j  k  
 1\b  b  B  b  b  B  b  b  .  .  W\1
  2\W  .  .  .  .  .  .  W  *  .  w\2
   3\w  *  *  *  *  *  *  *  *  W  w\3
    4\.  *  *  *  *  *  *  *  *  W  b\4
     5\B  *  *  *  *  *  *  *  *  *  .\5
      6\*  *  *  *  *  *  *  *  *  *  *\6
       7\*  *  *  *  *  *  *  *  *  *  *\7
        8\*  *  *  *  *  *  *  *  *  *  *\8
         9\*  *  *  B  *  *  *  B  *  *  .\9
         10\*  *  *  .  *  *  *  .  *  .  .\10
          11\.  .  .  .  .  .  .  .  .  .  .\11
              a  b  c  d  e  f  g  h  i  j  k  
cd356 info: Old: [black, a5] [white, swap-pieces] [white, j3] [black, f1] [white, h2] [black, c1] [white, k1] [black, h9] [white, j4] 
cd356 info: New: [black, a5] [white, swap-pieces] [white, j3] [black, f1] [white, h2] [black, c1] [white, k1] [black, h9] [white, j4] [black, d9] [white, a2] 
cd356 info: MovesPlayed: [black, d9] [white, a2] 
cd356 info: No subtree to reuse.
cd356 info: StartSearch()[0]
SgUctSearch: max games reached
cd356 info: 
Elapsed Time   0.35873s
Count          1
GamesPlayed    1
Nodes          1
Knowledge      0 (0.0%)
Expansions     0.0
Time           0.00
GameLen        101.0 dev=0.0 min=101.0 max=101.0
InTree         0.0 dev=0.0 min=0.0 max=0.0
KnowDepth      -
Aborted        0%
Games/s        3236.2
Score          1.00
Sequence      
cd356 info: 
cd356 warning: **** MoHexSearch returned empty sequence!
cd356 warning: **** Returning random move!
cd356 info: *** Player move: j10
77fe6 info: DfpnSolver::CheckAbort(): Abort flag!
7fff6 info: 
MID calls      60
VC builds      57
Terminal       0
Work           60
Wasted Work    0 (0%)
Elapsed Time   0.37281
MIDs/sec       160.94
VCs/sec        152.893
Cnt prune sib  0
Avg prune sib  -
Consider Size  68.6842 dev=11.7341 min=28 max=78
Move Index     -
Move Percent   -
Delta Increase 3.10169 dev=10.867 min=1 max=73
Winner         empty
PV             c8 c6 e5

HashTableStatistics:
Stores         833
LookupAttempt  61874
LookupSuccess  3253
Collisions     0

7fff6 info: Search aborted.
<= 
< 
<  51475cf682b7a8f5
<  a  b  c  d  e  f  g  h  i  j  k  
< 1\.  .  B  .  .  B  .  .  .  .  W\1
<  2\W  .  .  .  .  .  .  W  .  .  .\2
<   3\.  .  .  .  .  .  .  .  .  W  .\3
<    4\.  .  .  .  .  .  .  .  .  W  .\4
<     5\B  .  .  .  .  .  .  .  .  .  .\5
<      6\.  .  .  .  .  .  .  .  .  .  .\6
<       7\.  .  .  .  .  .  .  .  .  .  .\7
<        8\.  .  .  .  .  .  .  .  .  .  .\8
<         9\.  .  .  B  .  .  .  B  .  .  .\9
<         10\.  .  .  .  .  .  .  .  .  B  .\10
<          11\.  .  .  .  .  .  .  .  .  .  .\11
<              a  b  c  d  e  f  g  h  i  j  k  
<
>play w b7
<= 
<
>showboard
<= 
< 
<  7edc7fbb5e6b34f0
<  a  b  c  d  e  f  g  h  i  j  k  
< 1\.  .  B  .  .  B  .  .  .  .  W\1
<  2\W  .  .  .  .  .  .  W  .  .  .\2
<   3\.  .  .  .  .  .  .  .  .  W  .\3
<    4\.  .  .  .  .  .  .  .  .  W  .\4
<     5\B  .  .  .  .  .  .  .  .  .  .\5
<      6\.  .  .  .  .  .  .  .  .  .  .\6
<       7\.  W  .  .  .  .  .  .  .  .  .\7
<        8\.  .  .  .  .  .  .  .  .  .  .\8
<         9\.  .  .  B  .  .  .  B  .  .  .\9
<         10\.  .  .  .  .  .  .  .  .  B  .\10
<          11\.  .  .  .  .  .  .  .  .  .  .\11
<              a  b  c  d  e  f  g  h  i  j  k  
<
>genmove b
<= j2
<
>showboard
400b7 info: PlayAndSolve: Building VCs to avoid race condition.
400b7 info: PlayAndSolve: Continuing on as usual.
7fff6 info: *** PlayerThread ***
cd356 info: *** SolverThread ***
7fff6 info: Best move cannot be determined, must search state.
7fff6 info: --- MoHexPlayer::Search() ---
7fff6 info: Color: black
7fff6 info: MaxGames: 1
7fff6 info: NumberThreads: 1
7fff6 info: MaxNodes: 181818181 (15999999928 bytes)
7fff6 info: TimeForMove: 1
7fff6 info: PreSearch: max time reached (54/65).
7fff6 info: Time for PreSearch: 0.20407s
7fff6 info: 
  7edc7fbb5e6b34f0
  a  b  c  d  e  f  g  h  i  j  k  
 1\b  b  B  b  b  B  b  b  .  .  W\1
  2\W  .  .  .  .  .  .  W  *  .  w\2
   3\w  *  *  *  *  *  *  *  *  W  w\3
    4\.  *  *  *  *  *  *  *  *  W  b\4
     5\B  *  *  *  *  *  *  *  *  *  .\5
      6\.  *  *  *  *  *  *  *  *  *  *\6
       7\w  W  *  *  *  *  *  *  *  *  *\7
        8\w  .  *  *  *  *  *  *  *  *  *\8
         9\w  *  *  B  *  *  *  B  .  *  .\9
         10\.  *  *  .  .  .  .  .  .  B  b\10
          11\.  .  .  .  .  .  .  b  b  b  b\11
              a  b  c  d  e  f  g  h  i  j  k  
7fff6 info: Old: [black, a5] [white, swap-pieces] [white, j3] [black, f1] [white, h2] [black, c1] [white, k1] [black, h9] [white, j4] [black, d9] [white, a2] 
7fff6 info: New: [black, a5] [white, swap-pieces] [white, j3] [black, f1] [white, h2] [black, c1] [white, k1] [black, h9] [white, j4] [black, d9] [white, a2] [black, j10] [white, b7] 
7fff6 info: MovesPlayed: [black, j10] [white, b7] 
7fff6 info: No subtree to reuse.
7fff6 info: StartSearch()[0]
SgUctSearch: max games reached
7fff6 info: 
Elapsed Time   0.352074s
Count          1
GamesPlayed    1
Nodes          1
Knowledge      0 (0.0%)
Expansions     0.0
Time           0.00
GameLen        91.0 dev=0.0 min=91.0 max=91.0
InTree         0.0 dev=0.0 min=0.0 max=0.0
KnowDepth      -
Aborted        0%
Games/s        3846.2
Score          1.00
Sequence      
7fff6 info: 
7fff6 warning: **** MoHexSearch returned empty sequence!
7fff6 warning: **** Returning random move!
7fff6 info: *** Player move: j2
77fe6 info: DfpnSolver::CheckAbort(): Abort flag!
cd356 info: 
MID calls      69
VC builds      65
Terminal       0
Work           69
Wasted Work    0 (0%)
Elapsed Time   0.361199
MIDs/sec       191.03
VCs/sec        179.956
Cnt prune sib  3
Avg prune sib  1 dev=0 min=1 max=1
Consider Size  51.9692 dev=18.9793 min=12 max=70
Move Index     -
Move Percent   -
Delta Increase 2.55882 dev=8.00254 min=1 max=65
Winner         empty
PV             d6 e4 f4 f3

HashTableStatistics:
Stores         989
LookupAttempt  70402
LookupSuccess  3765
Collisions     0

cd356 info: Search aborted.
<= 
< 
<  19b0d9f24d3733de
<  a  b  c  d  e  f  g  h  i  j  k  
< 1\.  .  B  .  .  B  .  .  .  .  W\1
<  2\W  .  .  .  .  .  .  W  .  B  .\2
<   3\.  .  .  .  .  .  .  .  .  W  .\3
<    4\.  .  .  .  .  .  .  .  .  W  .\4
<     5\B  .  .  .  .  .  .  .  .  .  .\5
<      6\.  .  .  .  .  .  .  .  .  .  .\6
<       7\.  W  .  .  .  .  .  .  .  .  .\7
<        8\.  .  .  .  .  .  .  .  .  .  .\8
<         9\.  .  .  B  .  .  .  B  .  .  .\9
<         10\.  .  .  .  .  .  .  .  .  B  .\10
<          11\.  .  .  .  .  .  .  .  .  .  .\11
<              a  b  c  d  e  f  g  h  i  j  k  
<
>play w g7
<= 
<
>showboard
<= 
< 
<  1f1b04f3b838a5e6
<  a  b  c  d  e  f  g  h  i  j  k  
< 1\.  .  B  .  .  B  .  .  .  .  W\1
<  2\W  .  .  .  .  .  .  W  .  B  .\2
<   3\.  .  .  .  .  .  .  .  .  W  .\3
<    4\.  .  .  .  .  .  .  .  .  W  .\4
<     5\B  .  .  .  .  .  .  .  .  .  .\5
<      6\.  .  .  .  .  .  .  .  .  .  .\6
<       7\.  W  .  .  .  .  W  .  .  .  .\7
<        8\.  .  .  .  .  .  .  .  .  .  .\8
<         9\.  .  .  B  .  .  .  B  .  .  .\9
<         10\.  .  .  .  .  .  .  .  .  B  .\10
<          11\.  .  .  .  .  .  .  .  .  .  .\11
<              a  b  c  d  e  f  g  h  i  j  k  
<
>genmove b
<= g10
<
>showboard
400b7 info: PlayAndSolve: Building VCs to avoid race condition.
400b7 info: PlayAndSolve: Continuing on as usual.
cd356 info: *** PlayerThread ***
7fff6 info: *** SolverThread ***
cd356 info: Best move cannot be determined, must search state.
cd356 info: --- MoHexPlayer::Search() ---
cd356 info: Color: black
cd356 info: MaxGames: 1
cd356 info: NumberThreads: 1
cd356 info: MaxNodes: 181818181 (15999999928 bytes)
cd356 info: TimeForMove: 1
cd356 info: PreSearch: max time reached (60/64).
cd356 info: Time for PreSearch: 0.200896s
cd356 info: 
  1f1b04f3b838a5e6
  a  b  c  d  e  f  g  h  i  j  k  
 1\b  b  B  b  b  B  b  b  .  .  W\1
  2\W  .  .  .  .  .  .  W  *  B  w\2
   3\w  *  *  *  *  *  *  *  *  W  w\3
    4\.  *  *  *  *  *  *  *  *  W  b\4
     5\B  *  *  *  *  *  *  *  *  *  .\5
      6\.  *  *  *  *  *  *  *  *  *  *\6
       7\w  W  *  *  *  *  W  *  *  *  *\7
        8\w  .  *  *  *  *  *  *  *  *  *\8
         9\w  *  *  B  *  *  *  B  .  *  .\9
         10\.  *  *  .  .  .  .  .  .  B  b\10
          11\.  .  .  .  .  .  .  b  b  b  b\11
              a  b  c  d  e  f  g  h  i  j  k  
cd356 info: Old: [black, a5] [white, swap-pieces] [white, j3] [black, f1] [white, h2] [black, c1] [white, k1] [black, h9] [white, j4] [black, d9] [white, a2] [black, j10] [white, b7] 
cd356 info: New: [black, a5] [white, swap-pieces] [white, j3] [black, f1] [white, h2] [black, c1] [white, k1] [black, h9] [white, j4] [black, d9] [white, a2] [black, j10] [white, b7] [black, j2] [white, g7] 
cd356 info: MovesPlayed: [black, j2] [white, g7] 
cd356 info: No subtree to reuse.
cd356 info: StartSearch()[0]
SgUctSearch: max games reached
cd356 info: 
Elapsed Time   0.576262s
Count          1
GamesPlayed    1
Nodes          1
Knowledge      0 (0.0%)
Expansions     0.0
Time           0.00
GameLen        89.0 dev=0.0 min=89.0 max=89.0
InTree         0.0 dev=0.0 min=0.0 max=0.0
KnowDepth      -
Aborted        0%
Games/s        3311.3
Score          0.00
Sequence      
cd356 info: 
cd356 warning: **** MoHexSearch returned empty sequence!
cd356 warning: **** Returning random move!
cd356 info: *** Player move: g10
77fe6 info: DfpnSolver::CheckAbort(): Abort flag!
7fff6 info: 
MID calls      111
VC builds      106
Terminal       3
Work           114
Wasted Work    4 (3.50877%)
Elapsed Time   0.587449
MIDs/sec       188.953
VCs/sec        180.441
Cnt prune sib  3
Avg prune sib  1.33333 dev=0.471404 min=1 max=2
Consider Size  42.5728 dev=21.2615 min=5 max=69
Move Index     1 dev=0 min=1 max=1
Move Percent   0.015625 dev=0 min=0.015625 max=0.015625
Delta Increase 2.57522 dev=8.61652 min=1 max=67
Winner         empty
PV             e7 d10 d6

HashTableStatistics:
Stores         1238
LookupAttempt  80818
LookupSuccess  4439
Collisions     0

7fff6 info: Search aborted.
<= 
< 
<  75dc3dad5ef77487
<  a  b  c  d  e  f  g  h  i  j  k  
< 1\.  .  B  .  .  B  .  .  .  .  W\1
<  2\W  .  .  .  .  .  .  W  .  B  .\2
<   3\.  .  .  .  .  .  .  .  .  W  .\3
<    4\.  .  .  .  .  .  .  .  .  W  .\4
<     5\B  .  .  .  .  .  .  .  .  .  .\5
<      6\.  .  .  .  .  .  .  .  .  .  .\6
<       7\.  W  .  .  .  .  W  .  .  .  .\7
<        8\.  .  .  .  .  .  .  .  .  .  .\8
<         9\.  .  .  B  .  .  .  B  .  .  .\9
<         10\.  .  .  .  .  .  B  .  .  B  .\10
<          11\.  .  .  .  .  .  .  .  .  .  .\11
<              a  b  c  d  e  f  g  h  i  j  k  
<
>play w d7
<= 
<
>showboard
<= 
< 
<  bc84208328eefe62
<  a  b  c  d  e  f  g  h  i  j  k  
< 1\.  .  B  .  .  B  .  .  .  .  W\1
<  2\W  .  .  .  .  .  .  W  .  B  .\2
<   3\.  .  .  .  .  .  .  .  .  W  .\3
<    4\.  .  .  .  .  .  .  .  .  W  .\4
<     5\B  .  .  .  .  .  .  .  .  .  .\5
<      6\.  .  .  .  .  .  .  .  .  .  .\6
<       7\.  W  .  W  .  .  W  .  .  .  .\7
<        8\.  .  .  .  .  .  .  .  .  .  .\8
<         9\.  .  .  B  .  .  .  B  .  .  .\9
<         10\.  .  .  .  .  .  B  .  .  B  .\10
<          11\.  .  .  .  .  .  .  .  .  .  .\11
<              a  b  c  d  e  f  g  h  i  j  k  
<
>genmove b
<= i4
<
>showboard
400b7 info: PlayAndSolve: Building VCs to avoid race condition.
400b7 info: PlayAndSolve: Continuing on as usual.
7fff6 info: *** PlayerThread ***
cd356 info: *** SolverThread ***
7fff6 info: Opponent has won; playing most blocking move.
7fff6 info: *** Player move: i4
cd356 info: 
MID calls      0
VC builds      1
Terminal       1
Work           1
Wasted Work    0 (0%)
Elapsed Time   0.005228
MIDs/sec       0
VCs/sec        191.278
Cnt prune sib  0
Avg prune sib  -
Consider Size  -
Move Index     -
Move Percent   -
Delta Increase -
Winner         white
PV             

HashTableStatistics:
Stores         1239
LookupAttempt  80824
LookupSuccess  4442
Collisions     0

<= 
< 
<  ea5235782d156aff
<  a  b  c  d  e  f  g  h  i  j  k  
< 1\.  .  B  .  .  B  .  .  .  .  W\1
<  2\W  .  .  .  .  .  .  W  .  B  .\2
<   3\.  .  .  .  .  .  .  .  .  W  .\3
<    4\.  .  .  .  .  .  .  .  B  W  .\4
<     5\B  .  .  .  .  .  .  .  .  .  .\5
<      6\.  .  .  .  .  .  .  .  .  .  .\6
<       7\.  W  .  W  .  .  W  .  .  .  .\7
<        8\.  .  .  .  .  .  .  .  .  .  .\8
<         9\.  .  .  B  .  .  .  B  .  .  .\9
<         10\.  .  .  .  .  .  B  .  .  B  .\10
<          11\.  .  .  .  .  .  .  .  .  .  .\11
<              a  b  c  d  e  f  g  h  i  j  k  
<
>play w g6
<= 
<
>showboard
<= 
< 
<  8a89f9778dfd32ae
<  a  b  c  d  e  f  g  h  i  j  k  
< 1\.  .  B  .  .  B  .  .  .  .  W\1
<  2\W  .  .  .  .  .  .  W  .  B  .\2
<   3\.  .  .  .  .  .  .  .  .  W  .\3
<    4\.  .  .  .  .  .  .  .  B  W  .\4
<     5\B  .  .  .  .  .  .  .  .  .  .\5
<      6\.  .  .  .  .  .  W  .  .  .  .\6
<       7\.  W  .  W  .  .  W  .  .  .  .\7
<        8\.  .  .  .  .  .  .  .  .  .  .\8
<         9\.  .  .  B  .  .  .  B  .  .  .\9
<         10\.  .  .  .  .  .  B  .  .  B  .\10
<          11\.  .  .  .  .  .  .  .  .  .  .\11
<              a  b  c  d  e  f  g  h  i  j  k  
<
>genmove b
<= i5
<
>showboard
400b7 info: PlayAndSolve: Building VCs to avoid race condition.
400b7 info: PlayAndSolve: Continuing on as usual.
cd356 info: *** PlayerThread ***
7fff6 info: *** SolverThread ***
7fff6 info: 
MID calls      0
VC builds      1
Terminal       1
Work           1
Wasted Work    0 (0%)
Elapsed Time   0.006966
MIDs/sec       0
VCs/sec        143.554
Cnt prune sib  0
Avg prune sib  -
Consider Size  -
Move Index     -
Move Percent   -
Delta Increase -
Winner         white
PV             

HashTableStatistics:
Stores         1240
LookupAttempt  80830
LookupSuccess  4445
Collisions     0

cd356 info: Opponent has won; playing most blocking move.
cd356 info: *** Player move: i5
<= 
< 
<  fa6c3631123333ab
<  a  b  c  d  e  f  g  h  i  j  k  
< 1\.  .  B  .  .  B  .  .  .  .  W\1
<  2\W  .  .  .  .  .  .  W  .  B  .\2
<   3\.  .  .  .  .  .  .  .  .  W  .\3
<    4\.  .  .  .  .  .  .  .  B  W  .\4
<     5\B  .  .  .  .  .  .  .  B  .  .\5
<      6\.  .  .  .  .  .  W  .  .  .  .\6
<       7\.  W  .  W  .  .  W  .  .  .  .\7
<        8\.  .  .  .  .  .  .  .  .  .  .\8
<         9\.  .  .  B  .  .  .  B  .  .  .\9
<         10\.  .  .  .  .  .  B  .  .  B  .\10
<          11\.  .  .  .  .  .  .  .  .  .  .\11
<              a  b  c  d  e  f  g  h  i  j  k  
<
>play w g5
<= 
<
>showboard
<= 
< 
<  f200828d3e165a72
<  a  b  c  d  e  f  g  h  i  j  k  
< 1\.  .  B  .  .  B  .  .  .  .  W\1
<  2\W  .  .  .  .  .  .  W  .  B  .\2
<   3\.  .  .  .  .  .  .  .  .  W  .\3
<    4\.  .  .  .  .  .  .  .  B  W  .\4
<     5\B  .  .  .  .  .  W  .  B  .  .\5
<      6\.  .  .  .  .  .  W  .  .  .  .\6
<       7\.  W  .  W  .  .  W  .  .  .  .\7
<        8\.  .  .  .  .  .  .  .  .  .  .\8
<         9\.  .  .  B  .  .  .  B  .  .  .\9
<         10\.  .  .  .  .  .  B  .  .  B  .\10
<          11\.  .  .  .  .  .  .  .  .  .  .\11
<              a  b  c  d  e  f  g  h  i  j  k  
<
>genmove b
<= j5
<
>showboard
400b7 info: PlayAndSolve: Building VCs to avoid race condition.
400b7 info: PlayAndSolve: Continuing on as usual.
7fff6 info: *** PlayerThread ***
cd356 info: *** SolverThread ***
7fff6 info: Opponent has won; playing most blocking move.
7fff6 info: *** Player move: j5
cd356 info: 
MID calls      0
VC builds      1
Terminal       1
Work           1
Wasted Work    0 (0%)
Elapsed Time   0.007727
MIDs/sec       0
VCs/sec        129.416
Cnt prune sib  0
Avg prune sib  -
Consider Size  -
Move Index     -
Move Percent   -
Delta Increase -
Winner         white
PV             

HashTableStatistics:
Stores         1241
LookupAttempt  80836
LookupSuccess  4448
Collisions     0

<= 
< 
<  4f57b7320b8c6806
<  a  b  c  d  e  f  g  h  i  j  k  
< 1\.  .  B  .  .  B  .  .  .  .  W\1
<  2\W  .  .  .  .  .  .  W  .  B  .\2
<   3\.  .  .  .  .  .  .  .  .  W  .\3
<    4\.  .  .  .  .  .  .  .  B  W  .\4
<     5\B  .  .  .  .  .  W  .  B  B  .\5
<      6\.  .  .  .  .  .  W  .  .  .  .\6
<       7\.  W  .  W  .  .  W  .  .  .  .\7
<        8\.  .  .  .  .  .  .  .  .  .  .\8
<         9\.  .  .  B  .  .  .  B  .  .  .\9
<         10\.  .  .  .  .  .  B  .  .  B  .\10
<          11\.  .  .  .  .  .  .  .  .  .  .\11
<              a  b  c  d  e  f  g  h  i  j  k  
<
>play w h3
<= 
<
>showboard
<= 
< 
<  e2c160e6dbc22232
<  a  b  c  d  e  f  g  h  i  j  k  
< 1\.  .  B  .  .  B  .  .  .  .  W\1
<  2\W  .  .  .  .  .  .  W  .  B  .\2
<   3\.  .  .  .  .  .  .  W  .  W  .\3
<    4\.  .  .  .  .  .  .  .  B  W  .\4
<     5\B  .  .  .  .  .  W  .  B  B  .\5
<      6\.  .  .  .  .  .  W  .  .  .  .\6
<       7\.  W  .  W  .  .  W  .  .  .  .\7
<        8\.  .  .  .  .  .  .  .  .  .  .\8
<         9\.  .  .  B  .  .  .  B  .  .  .\9
<         10\.  .  .  .  .  .  B  .  .  B  .\10
<          11\.  .  .  .  .  .  .  .  .  .  .\11
<              a  b  c  d  e  f  g  h  i  j  k  
<
>genmove b
<= e6
<
>showboard
400b7 info: PlayAndSolve: Building VCs to avoid race condition.
400b7 info: PlayAndSolve: Continuing on as usual.
cd356 info: *** PlayerThread ***
7fff6 info: *** SolverThread ***
cd356 info: Opponent has won; playing most blocking move.
cd356 info: *** Player move: e6
7fff6 info: 
MID calls      0
VC builds      1
Terminal       1
Work           1
Wasted Work    0 (0%)
Elapsed Time   0.006998
MIDs/sec       0
VCs/sec        142.898
Cnt prune sib  0
Avg prune sib  -
Consider Size  -
Move Index     -
Move Percent   -
Delta Increase -
Winner         white
PV             

HashTableStatistics:
Stores         1242
LookupAttempt  80842
LookupSuccess  4451
Collisions     0

<= 
< 
<  ef56190252c4fc72
<  a  b  c  d  e  f  g  h  i  j  k  
< 1\.  .  B  .  .  B  .  .  .  .  W\1
<  2\W  .  .  .  .  .  .  W  .  B  .\2
<   3\.  .  .  .  .  .  .  W  .  W  .\3
<    4\.  .  .  .  .  .  .  .  B  W  .\4
<     5\B  .  .  .  .  .  W  .  B  B  .\5
<      6\.  .  .  .  B  .  W  .  .  .  .\6
<       7\.  W  .  W  .  .  W  .  .  .  .\7
<        8\.  .  .  .  .  .  .  .  .  .  .\8
<         9\.  .  .  B  .  .  .  B  .  .  .\9
<         10\.  .  .  .  .  .  B  .  .  B  .\10
<          11\.  .  .  .  .  .  .  .  .  .  .\11
<              a  b  c  d  e  f  g  h  i  j  k  
<
>play w e7
<= 
<
>showboard
<= 
< 
<  f7ef7e42c00fa681
<  a  b  c  d  e  f  g  h  i  j  k  
< 1\.  .  B  .  .  B  .  .  .  .  W\1
<  2\W  .  .  .  .  .  .  W  .  B  .\2
<   3\.  .  .  .  .  .  .  W  .  W  .\3
<    4\.  .  .  .  .  .  .  .  B  W  .\4
<     5\B  .  .  .  .  .  W  .  B  B  .\5
<      6\.  .  .  .  B  .  W  .  .  .  .\6
<       7\.  W  .  W  W  .  W  .  .  .  .\7
<        8\.  .  .  .  .  .  .  .  .  .  .\8
<         9\.  .  .  B  .  .  .  B  .  .  .\9
<         10\.  .  .  .  .  .  B  .  .  B  .\10
<          11\.  .  .  .  .  .  .  .  .  .  .\11
<              a  b  c  d  e  f  g  h  i  j  k  
<
>genmove b
<= c8
<
>showboard
400b7 info: PlayAndSolve: Building VCs to avoid race condition.
400b7 info: PlayAndSolve: Continuing on as usual.
7fff6 info: *** PlayerThread ***
cd356 info: *** SolverThread ***
7fff6 info: Opponent has won; playing most blocking move.
7fff6 info: *** Player move: c8
cd356 info: 
MID calls      0
VC builds      1
Terminal       1
Work           1
Wasted Work    0 (0%)
Elapsed Time   0.006333
MIDs/sec       0
VCs/sec        157.903
Cnt prune sib  0
Avg prune sib  -
Consider Size  -
Move Index     -
Move Percent   -
Delta Increase -
Winner         white
PV             

HashTableStatistics:
Stores         1243
LookupAttempt  80848
LookupSuccess  4454
Collisions     0

<= 
< 
<  ad67d707be04c4f5
<  a  b  c  d  e  f  g  h  i  j  k  
< 1\.  .  B  .  .  B  .  .  .  .  W\1
<  2\W  .  .  .  .  .  .  W  .  B  .\2
<   3\.  .  .  .  .  .  .  W  .  W  .\3
<    4\.  .  .  .  .  .  .  .  B  W  .\4
<     5\B  .  .  .  .  .  W  .  B  B  .\5
<      6\.  .  .  .  B  .  W  .  .  .  .\6
<       7\.  W  .  W  W  .  W  .  .  .  .\7
<        8\.  .  B  .  .  .  .  .  .  .  .\8
<         9\.  .  .  B  .  .  .  B  .  .  .\9
<         10\.  .  .  .  .  .  B  .  .  B  .\10
<          11\.  .  .  .  .  .  .  .  .  .  .\11
<              a  b  c  d  e  f  g  h  i  j  k  
<
>play w c7
<= 
<
>showboard
<= 
< 
<  2c1e63f82548de80
<  a  b  c  d  e  f  g  h  i  j  k  
< 1\.  .  B  .  .  B  .  .  .  .  W\1
<  2\W  .  .  .  .  .  .  W  .  B  .\2
<   3\.  .  .  .  .  .  .  W  .  W  .\3
<    4\.  .  .  .  .  .  .  .  B  W  .\4
<     5\B  .  .  .  .  .  W  .  B  B  .\5
<      6\.  .  .  .  B  .  W  .  .  .  .\6
<       7\.  W  W  W  W  .  W  .  .  .  .\7
<        8\.  .  B  .  .  .  .  .  .  .  .\8
<         9\.  .  .  B  .  .  .  B  .  .  .\9
<         10\.  .  .  .  .  .  B  .  .  B  .\10
<          11\.  .  .  .  .  .  .  .  .  .  .\11
<              a  b  c  d  e  f  g  h  i  j  k  
<
>genmove b
<= g4
<
>showboard
400b7 info: PlayAndSolve: Building VCs to avoid race condition.
400b7 info: PlayAndSolve: Continuing on as usual.
cd356 info: *** PlayerThread ***
7fff6 info: *** SolverThread ***
cd356 info: Opponent has won; playing most blocking move.
cd356 info: *** Player move: g4
7fff6 info: 
MID calls      0
VC builds      1
Terminal       1
Work           1
Wasted Work    0 (0%)
Elapsed Time   0.005983
MIDs/sec       0
VCs/sec        167.14
Cnt prune sib  0
Avg prune sib  -
Consider Size  -
Move Index     -
Move Percent   -
Delta Increase -
Winner         white
PV             

HashTableStatistics:
Stores         1244
LookupAttempt  80854
LookupSuccess  4457
Collisions     0

<= 
< 
<  4f9356ffb3958674
<  a  b  c  d  e  f  g  h  i  j  k  
< 1\.  .  B  .  .  B  .  .  .  .  W\1
<  2\W  .  .  .  .  .  .  W  .  B  .\2
<   3\.  .  .  .  .  .  .  W  .  W  .\3
<    4\.  .  .  .  .  .  B  .  B  W  .\4
<     5\B  .  .  .  .  .  W  .  B  B  .\5
<      6\.  .  .  .  B  .  W  .  .  .  .\6
<       7\.  W  W  W  W  .  W  .  .  .  .\7
<        8\.  .  B  .  .  .  .  .  .  .  .\8
<         9\.  .  .  B  .  .  .  B  .  .  .\9
<         10\.  .  .  .  .  .  B  .  .  B  .\10
<          11\.  .  .  .  .  .  .  .  .  .  .\11
<              a  b  c  d  e  f  g  h  i  j  k  
<
>play w h4
<= 
<
>showboard
<= 
< 
<  c12d45dd05e3546c
<  a  b  c  d  e  f  g  h  i  j  k  
< 1\.  .  B  .  .  B  .  .  .  .  W\1
<  2\W  .  .  .  .  .  .  W  .  B  .\2
<   3\.  .  .  .  .  .  .  W  .  W  .\3
<    4\.  .  .  .  .  .  B  W  B  W  .\4
<     5\B  .  .  .  .  .  W  .  B  B  .\5
<      6\.  .  .  .  B  .  W  .  .  .  .\6
<       7\.  W  W  W  W  .  W  .  .  .  .\7
<        8\.  .  B  .  .  .  .  .  .  .  .\8
<         9\.  .  .  B  .  .  .  B  .  .  .\9
<         10\.  .  .  .  .  .  B  .  .  B  .\10
<          11\.  .  .  .  .  .  .  .  .  .  .\11
<              a  b  c  d  e  f  g  h  i  j  k  
<
>genmove b
<= f6
<
>showboard
400b7 info: PlayAndSolve: Building VCs to avoid race condition.
400b7 info: PlayAndSolve: Continuing on as usual.
7fff6 info: *** PlayerThread ***
cd356 info: *** SolverThread ***
7fff6 info: Captured cells caused win! Removing...
cd356 info: 
MID calls      0
VC builds      1
Terminal       1
Work           1
Wasted Work    0 (0%)
Elapsed Time   0.003095
MIDs/sec       0
VCs/sec        323.102
Cnt prune sib  0
Avg prune sib  -
Consider Size  -
Move Index     -
Move Percent   -
Delta Increase -
Winner         white
PV             

HashTableStatistics:
Stores         1245
LookupAttempt  80860
LookupSuccess  4460
Collisions     0

7fff6 info: Opponent has won; playing most blocking move.
7fff6 info: *** Player move: f6
<= 
< 
<  4da381f0cd23804a
<  a  b  c  d  e  f  g  h  i  j  k  
< 1\.  .  B  .  .  B  .  .  .  .  W\1
<  2\W  .  .  .  .  .  .  W  .  B  .\2
<   3\.  .  .  .  .  .  .  W  .  W  .\3
<    4\.  .  .  .  .  .  B  W  B  W  .\4
<     5\B  .  .  .  .  .  W  .  B  B  .\5
<      6\.  .  .  .  B  B  W  .  .  .  .\6
<       7\.  W  W  W  W  .  W  .  .  .  .\7
<        8\.  .  B  .  .  .  .  .  .  .  .\8
<         9\.  .  .  B  .  .  .  B  .  .  .\9
<         10\.  .  .  .  .  .  B  .  .  B  .\10
<          11\.  .  .  .  .  .  .  .  .  .  .\11
<              a  b  c  d  e  f  g  h  i  j  k  
<
>play w f7
<= 
<
>showboard
<= 
< 
<  d686a0fa03f840ab
<  a  b  c  d  e  f  g  h  i  j  k  
< 1\.  .  B  .  .  B  .  .  .  .  W\1
<  2\W  .  .  .  .  .  .  W  .  B  .\2
<   3\.  .  .  .  .  .  .  W  .  W  .\3
<    4\.  .  .  .  .  .  B  W  B  W  .\4
<     5\B  .  .  .  .  .  W  .  B  B  .\5
<      6\.  .  .  .  B  B  W  .  .  .  .\6
<       7\.  W  W  W  W  W  W  .  .  .  .\7
<        8\.  .  B  .  .  .  .  .  .  .  .\8
<         9\.  .  .  B  .  .  .  B  .  .  .\9
<         10\.  .  .  .  .  .  B  .  .  B  .\10
<          11\.  .  .  .  .  .  .  .  .  .  .\11
<              a  b  c  d  e  f  g  h  i  j  k  
<
>genmove b
<= i3
<
>showboard
400b7 info: PlayAndSolve: Building VCs to avoid race condition.
400b7 info: PlayAndSolve: Continuing on as usual.
cd356 info: *** PlayerThread ***
7fff6 info: *** SolverThread ***
cd356 info: Captured cells caused win! Removing...
7fff6 info: 
MID calls      0
VC builds      1
Terminal       1
Work           1
Wasted Work    0 (0%)
Elapsed Time   0.003104
MIDs/sec       0
VCs/sec        322.165
Cnt prune sib  0
Avg prune sib  -
Consider Size  -
Move Index     -
Move Percent   -
Delta Increase -
Winner         white
PV             

HashTableStatistics:
Stores         1246
LookupAttempt  80866
LookupSuccess  4463
Collisions     0

cd356 info: Opponent has won; playing most blocking move.
cd356 info: *** Player move: i3
<= 
< 
<  0a52d267dce9c3d1
<  a  b  c  d  e  f  g  h  i  j  k  
< 1\.  .  B  .  .  B  .  .  .  .  W\1
<  2\W  .  .  .  .  .  .  W  .  B  .\2
<   3\.  .  .  .  .  .  .  W  B  W  .\3
<    4\.  .  .  .  .  .  B  W  B  W  .\4
<     5\B  .  .  .  .  .  W  .  B  B  .\5
<      6\.  .  .  .  B  B  W  .  .  .  .\6
<       7\.  W  W  W  W  W  W  .  .  .  .\7
<        8\.  .  B  .  .  .  .  .  .  .  .\8
<         9\.  .  .  B  .  .  .  B  .  .  .\9
<         10\.  .  .  .  .  .  B  .  .  B  .\10
<          11\.  .  .  .  .  .  .  .  .  .  .\11
<              a  b  c  d  e  f  g  h  i  j  k  
<
>play w j1
<= 
<
>showboard
<= 
< 
<  06b011306138b39b
<  a  b  c  d  e  f  g  h  i  j  k  
< 1\.  .  B  .  .  B  .  .  .  W  W\1
<  2\W  .  .  .  .  .  .  W  .  B  .\2
<   3\.  .  .  .  .  .  .  W  B  W  .\3
<    4\.  .  .  .  .  .  B  W  B  W  .\4
<     5\B  .  .  .  .  .  W  .  B  B  .\5
<      6\.  .  .  .  B  B  W  .  .  .  .\6
<       7\.  W  W  W  W  W  W  .  .  .  .\7
<        8\.  .  B  .  .  .  .  .  .  .  .\8
<         9\.  .  .  B  .  .  .  B  .  .  .\9
<         10\.  .  .  .  .  .  B  .  .  B  .\10
<          11\.  .  .  .  .  .  .  .  .  .  .\11
<              a  b  c  d  e  f  g  h  i  j  k  
<
>genmove b
<= b2
<
>showboard
400b7 info: PlayAndSolve: Building VCs to avoid race condition.
400b7 info: PlayAndSolve: Continuing on as usual.
7fff6 info: *** PlayerThread ***
cd356 info: *** SolverThread ***
7fff6 info: Captured cells caused win! Removing...
cd356 info: 
MID calls      0
VC builds      1
Terminal       1
Work           1
Wasted Work    0 (0%)
Elapsed Time   0.002911
MIDs/sec       0
VCs/sec        343.525
Cnt prune sib  0
Avg prune sib  -
Consider Size  -
Move Index     -
Move Percent   -
Delta Increase -
Winner         white
PV             

HashTableStatistics:
Stores         1247
LookupAttempt  80872
LookupSuccess  4466
Collisions     0

7fff6 info: Opponent has won; playing most blocking move.
7fff6 info: *** Player move: b2
<= 
< 
<  9c03cb5af34cfd5e
<  a  b  c  d  e  f  g  h  i  j  k  
< 1\.  .  B  .  .  B  .  .  .  W  W\1
<  2\W  B  .  .  .  .  .  W  .  B  .\2
<   3\.  .  .  .  .  .  .  W  B  W  .\3
<    4\.  .  .  .  .  .  B  W  B  W  .\4
<     5\B  .  .  .  .  .  W  .  B  B  .\5
<      6\.  .  .  .  B  B  W  .  .  .  .\6
<       7\.  W  W  W  W  W  W  .  .  .  .\7
<        8\.  .  B  .  .  .  .  .  .  .  .\8
<         9\.  .  .  B  .  .  .  B  .  .  .\9
<         10\.  .  .  .  .  .  B  .  .  B  .\10
<          11\.  .  .  .  .  .  .  .  .  .  .\11
<              a  b  c  d  e  f  g  h  i  j  k  
<
>play w i1
<= 
<
>showboard
<= 
< 
<  f4760dae9f111c6b
<  a  b  c  d  e  f  g  h  i  j  k  
< 1\.  .  B  .  .  B  .  .  W  W  W\1
<  2\W  B  .  .  .  .  .  W  .  B  .\2
<   3\.  .  .  .  .  .  .  W  B  W  .\3
<    4\.  .  .  .  .  .  B  W  B  W  .\4
<     5\B  .  .  .  .  .  W  .  B  B  .\5
<      6\.  .  .  .  B  B  W  .  .  .  .\6
<       7\.  W  W  W  W  W  W  .  .  .  .\7
<        8\.  .  B  .  .  .  .  .  .  .  .\8
<         9\.  .  .  B  .  .  .  B  .  .  .\9
<         10\.  .  .  .  .  .  B  .  .  B  .\10
<          11\.  .  .  .  .  .  .  .  .  .  .\11
<              a  b  c  d  e  f  g  h  i  j  k  
<
>genmove b
<= a7
<
>showboard
400b7 info: PlayAndSolve: Building VCs to avoid race condition.
400b7 info: PlayAndSolve: Continuing on as usual.
cd356 info: *** PlayerThread ***
7fff6 info: *** SolverThread ***
cd356 info: Captured cells caused win! Removing...
7fff6 info: 
MID calls      0
VC builds      1
Terminal       1
Work           1
Wasted Work    0 (0%)
Elapsed Time   0.002798
MIDs/sec       0
VCs/sec        357.398
Cnt prune sib  0
Avg prune sib  -
Consider Size  -
Move Index     -
Move Percent   -
Delta Increase -
Winner         white
PV             

HashTableStatistics:
Stores         1248
LookupAttempt  80878
LookupSuccess  4469
Collisions     0

cd356 info: Opponent has won; playing most blocking move.
cd356 info: *** Player move: a7
<= 
< 
<  6dfe98fef3daba1d
<  a  b  c  d  e  f  g  h  i  j  k  
< 1\.  .  B  .  .  B  .  .  W  W  W\1
<  2\W  B  .  .  .  .  .  W  .  B  .\2
<   3\.  .  .  .  .  .  .  W  B  W  .\3
<    4\.  .  .  .  .  .  B  W  B  W  .\4
<     5\B  .  .  .  .  .  W  .  B  B  .\5
<      6\.  .  .  .  B  B  W  .  .  .  .\6
<       7\B  W  W  W  W  W  W  .  .  .  .\7
<        8\.  .  B  .  .  .  .  .  .  .  .\8
<         9\.  .  .  B  .  .  .  B  .  .  .\9
<         10\.  .  .  .  .  .  B  .  .  B  .\10
<          11\.  .  .  .  .  .  .  .  .  .  .\11
<              a  b  c  d  e  f  g  h  i  j  k  
<
>play w a8
<= 
<
>showboard
<= 
< 
<  b17f0070d20779ac
<  a  b  c  d  e  f  g  h  i  j  k  
< 1\.  .  B  .  .  B  .  .  W  W  W\1
<  2\W  B  .  .  .  .  .  W  .  B  .\2
<   3\.  .  .  .  .  .  .  W  B  W  .\3
<    4\.  .  .  .  .  .  B  W  B  W  .\4
<     5\B  .  .  .  .  .  W  .  B  B  .\5
<      6\.  .  .  .  B  B  W  .  .  .  .\6
<       7\B  W  W  W  W  W  W  .  .  .  .\7
<        8\W  .  B  .  .  .  .  .  .  .  .\8
<         9\.  .  .  B  .  .  .  B  .  .  .\9
<         10\.  .  .  .  .  .  B  .  .  B  .\10
<          11\.  .  .  .  .  .  .  .  .  .  .\11
<              a  b  c  d  e  f  g  h  i  j  k  
<
>genmove b
<= resign
<
>showboard
<= 
< 
<  b17f0070d20779ac
<  a  b  c  d  e  f  g  h  i  j  k  
< 1\.  .  B  .  .  B  .  .  W  W  W\1
<  2\W  B  .  .  .  .  .  W  .  B  .\2
<   3\.  .  .  .  .  .  .  W  B  W  .\3
<    4\.  .  .  .  .  .  B  W  B  W  .\4
<     5\B  .  .  .  .  .  W  .  B  B  .\5
<      6\.  .  .  .  B  B  W  .  .  .  .\6
<       7\B  W  W  W  W  W  W  .  .  .  .\7
<        8\W  .  B  .  .  .  .  .  .  .  .\8
<         9\.  .  .  B  .  .  .  B  .  .  .\9
<         10\.  .  .  .  .  .  B  .  .  B  .\10
<          11\.  .  .  .  .  .  .  .  .  .  .\11
<              a  b  c  d  e  f  g  h  i  j  k  
<
>final_score
<= W+
<
>quit
<= 
<
