# nice ../build/src/mohex/mohex --config mohex-cg2010.htp --seed 621753 --logfile-name jobs/11x11-mohex-mohex-weak-vs-mohex-mohex-cg2010/mohex-mohex-cg2010-28.log
>boardsize 11 11
MoHex 2.0.CMake Mar 21 2025
Copyright (C) 2007-2012 by the authors of the Benzene project.
This program comes with ABSOLUTELY NO WARRANTY. This is
free software and you are welcome to redistribute it under
certain conditions. Type `benzene-license' for details.

SgRandom::SetSeed: 621753
SgUctSearch: system memory 33632358400, using 1000000000 (5681818 nodes)
SgRandom::SetSeed: 1
SgRandom::SetSeed: 621753
11a17 info: Prior Patterns:
11a17 info: Global:
11a17 info: Size            = 565 32648 
11a17 info: TableEntries    = 65932 65910
11a17 info: MirrorsAdded    = 0 0
11a17 info: PrunableCount   = 30593 30629
11a17 info: LargestGamma    = 5820.77
11a17 info: SmallestGamma   = 6.6e-05
11a17 info: Local:
11a17 info: Size            = 550 5318 
11a17 info: TableEntries    = 11602 11588
11a17 info: MirrorsAdded    = 0 0
11a17 info: PrunableCount   = 3659 3667
11a17 info: LargestGamma    = 11281.8
11a17 info: SmallestGamma   = 0.026235
11a17 info: Playout Patterns:
11a17 info: Global:
11a17 info: Size            = 565 32648 
11a17 info: TableEntries    = 70329 70329
11a17 info: MirrorsAdded    = 4397 4419
11a17 info: PrunableCount   = 30593 30629
11a17 info: LargestGamma    = 5820.77
11a17 info: SmallestGamma   = 6.6e-05
11a17 info: Local:
11a17 info: Size            = 550 5318 
11a17 info: TableEntries    = 11602 11588
11a17 info: MirrorsAdded    = 0 0
11a17 info: PrunableCount   = 3659 3667
11a17 info: LargestGamma    = 11281.8
11a17 info: SmallestGamma   = 0.026235
param_game allow_swap 1
= 

param_mohex max_memory 32000000000
= 

param_mohex num_threads 1
= 

param_mohex max_time 1
= 

param_mohex max_games 1
= 

param_mohex knowledge_threshold 400
= 

param_mohex reuse_subtree 1
= 

param_mohex use_parallel_solver 1
= 

<= 
<
>name
<= MoHex
<
>version
<= 2.0.CMake
<
>play b b4
<= 
<
>genmove w
<= swap-pieces
<
>showboard
11a17 info: SwapCheck: reading from '/home/linus/MoHex2.0/nfbranchfix/benzene-vanilla-cmake/share/swap-moves.txt'.
11a17 info: SwapCheck: playing swap.
<= 
< 
<  83644dcf10bea3e9
<  a  b  c  d  e  f  g  h  i  j  k  
< 1\.  .  .  .  .  .  .  .  .  .  .\1
<  2\.  .  .  .  .  .  .  .  .  .  .\2
<   3\.  .  .  .  .  .  .  .  .  .  .\3
<    4\.  B  .  .  .  .  .  .  .  .  .\4
<     5\.  .  .  .  .  .  .  .  .  .  .\5
<      6\.  .  .  .  .  .  .  .  .  .  .\6
<       7\.  .  .  .  .  .  .  .  .  .  .\7
<        8\.  .  .  .  .  .  .  .  .  .  .\8
<         9\.  .  .  .  .  .  .  .  .  .  .\9
<         10\.  .  .  .  .  .  .  .  .  .  .\10
<          11\.  .  .  .  .  .  .  .  .  .  .\11
<              a  b  c  d  e  f  g  h  i  j  k  
<
>play w d5
<= 
<
>showboard
<= 
< 
<  ffaea69d817b6bb0
<  a  b  c  d  e  f  g  h  i  j  k  
< 1\.  .  .  .  .  .  .  .  .  .  .\1
<  2\.  .  .  .  .  .  .  .  .  .  .\2
<   3\.  .  .  .  .  .  .  .  .  .  .\3
<    4\.  B  .  .  .  .  .  .  .  .  .\4
<     5\.  .  .  W  .  .  .  .  .  .  .\5
<      6\.  .  .  .  .  .  .  .  .  .  .\6
<       7\.  .  .  .  .  .  .  .  .  .  .\7
<        8\.  .  .  .  .  .  .  .  .  .  .\8
<         9\.  .  .  .  .  .  .  .  .  .  .\9
<         10\.  .  .  .  .  .  .  .  .  .  .\10
<          11\.  .  .  .  .  .  .  .  .  .  .\11
<              a  b  c  d  e  f  g  h  i  j  k  
<
>genmove b
<= b6
<
>showboard
11a17 info: PlayAndSolve: Building VCs to avoid race condition.
11a17 info: PlayAndSolve: Continuing on as usual.
9ecb6 info: *** PlayerThread ***
96ca6 info: *** SolverThread ***
9ecb6 info: Best move cannot be determined, must search state.
9ecb6 info: --- MoHexPlayer::Search() ---
9ecb6 info: Color: black
9ecb6 info: MaxGames: 1
9ecb6 info: NumberThreads: 1
9ecb6 info: MaxNodes: 181818181 (15999999928 bytes)
9ecb6 info: TimeForMove: 1
9ecb6 info: PreSearch: max time reached (50/89).
9ecb6 info: Time for PreSearch: 0.200126s
9ecb6 info: 
  ffaea69d817b6bb0
  a  b  c  d  e  f  g  h  i  j  k  
 1\.  .  .  .  .  .  .  .  .  .  .\1
  2\.  .  *  *  *  *  *  *  *  *  *\2
   3\.  *  *  *  *  *  *  *  *  *  *\3
    4\.  B  *  *  *  *  *  *  *  *  *\4
     5\.  *  *  W  *  *  *  *  *  *  *\5
      6\*  *  *  *  *  *  *  *  *  *  *\6
       7\*  *  *  *  *  *  *  *  *  *  *\7
        8\*  *  *  *  *  *  *  *  *  *  *\8
         9\*  *  *  *  *  *  *  *  *  *  .\9
         10\*  *  *  *  *  *  *  *  *  .  .\10
          11\.  .  .  .  .  .  .  .  .  .  .\11
              a  b  c  d  e  f  g  h  i  j  k  
9ecb6 info: No subtree to reuse.
9ecb6 info: Creating thread 0
9ecb6 info: StartSearch()[0]
SgUctSearch: max games reached
9ecb6 info: 
Elapsed Time   0.35661s
Count          1
GamesPlayed    1
Nodes          1
Knowledge      0 (0.0%)
Expansions     0.0
Time           0.00
GameLen        119.0 dev=0.0 min=119.0 max=119.0
InTree         0.0 dev=0.0 min=0.0 max=0.0
KnowDepth      -
Aborted        0%
Games/s        416.5
Score          1.00
Sequence      
9ecb6 info: 
9ecb6 warning: **** MoHexSearch returned empty sequence!
9ecb6 warning: **** Returning random move!
9ecb6 info: *** Player move: b6
8ec96 info: DfpnSolver::CheckAbort(): Abort flag!
96ca6 info: 
MID calls      42
VC builds      41
Terminal       0
Work           42
Wasted Work    0 (0%)
Elapsed Time   0.376448
MIDs/sec       111.569
VCs/sec        108.913
Cnt prune sib  0
Avg prune sib  -
Consider Size  87.5122 dev=2.78642 min=81 max=90
Move Index     -
Move Percent   -
Delta Increase 3.07317 dev=13.1119 min=1 max=86
Winner         empty
PV             j2 d8 f7

HashTableStatistics:
Stores         108
LookupAttempt  12090
LookupSuccess  720
Collisions     0

96ca6 info: Search aborted.
<= 
< 
<  b958308bc292e12b
<  a  b  c  d  e  f  g  h  i  j  k  
< 1\.  .  .  .  .  .  .  .  .  .  .\1
<  2\.  .  .  .  .  .  .  .  .  .  .\2
<   3\.  .  .  .  .  .  .  .  .  .  .\3
<    4\.  B  .  .  .  .  .  .  .  .  .\4
<     5\.  .  .  W  .  .  .  .  .  .  .\5
<      6\.  B  .  .  .  .  .  .  .  .  .\6
<       7\.  .  .  .  .  .  .  .  .  .  .\7
<        8\.  .  .  .  .  .  .  .  .  .  .\8
<         9\.  .  .  .  .  .  .  .  .  .  .\9
<         10\.  .  .  .  .  .  .  .  .  .  .\10
<          11\.  .  .  .  .  .  .  .  .  .  .\11
<              a  b  c  d  e  f  g  h  i  j  k  
<
>play w g2
<= 
<
>showboard
<= 
< 
<  206ab642eb186943
<  a  b  c  d  e  f  g  h  i  j  k  
< 1\.  .  .  .  .  .  .  .  .  .  .\1
<  2\.  .  .  .  .  .  W  .  .  .  .\2
<   3\.  .  .  .  .  .  .  .  .  .  .\3
<    4\.  B  .  .  .  .  .  .  .  .  .\4
<     5\.  .  .  W  .  .  .  .  .  .  .\5
<      6\.  B  .  .  .  .  .  .  .  .  .\6
<       7\.  .  .  .  .  .  .  .  .  .  .\7
<        8\.  .  .  .  .  .  .  .  .  .  .\8
<         9\.  .  .  .  .  .  .  .  .  .  .\9
<         10\.  .  .  .  .  .  .  .  .  .  .\10
<          11\.  .  .  .  .  .  .  .  .  .  .\11
<              a  b  c  d  e  f  g  h  i  j  k  
<
>genmove b
<= b8
<
>showboard
11a17 info: PlayAndSolve: Building VCs to avoid race condition.
11a17 info: PlayAndSolve: Continuing on as usual.
96ca6 info: *** PlayerThread ***
9ecb6 info: *** SolverThread ***
96ca6 info: Best move cannot be determined, must search state.
96ca6 info: --- MoHexPlayer::Search() ---
96ca6 info: Color: black
96ca6 info: MaxGames: 1
96ca6 info: NumberThreads: 1
96ca6 info: MaxNodes: 181818181 (15999999928 bytes)
96ca6 info: TimeForMove: 1
96ca6 info: PreSearch: max time reached (56/83).
96ca6 info: Time for PreSearch: 0.202395s
96ca6 info: 
  206ab642eb186943
  a  b  c  d  e  f  g  h  i  j  k  
 1\.  .  .  .  .  .  .  .  .  .  .\1
  2\.  .  *  *  *  *  W  *  *  *  *\2
   3\.  *  *  *  *  *  *  *  *  *  *\3
    4\.  B  *  *  *  *  *  *  *  *  *\4
     5\w  .  .  W  *  *  *  *  *  *  *\5
      6\w  B  *  *  *  *  *  *  *  *  *\6
       7\.  *  *  *  *  *  *  *  *  *  *\7
        8\*  *  *  *  *  *  *  *  *  *  *\8
         9\*  *  *  *  *  *  *  *  *  *  .\9
         10\*  *  *  *  *  *  *  *  *  .  .\10
          11\.  .  .  .  .  .  .  .  .  .  .\11
              a  b  c  d  e  f  g  h  i  j  k  
96ca6 info: Old: [black, b4] [white, swap-pieces] [white, d5] 
96ca6 info: New: [black, b4] [white, swap-pieces] [white, d5] [black, b6] [white, g2] 
96ca6 info: MovesPlayed: [black, b6] [white, g2] 
96ca6 info: No subtree to reuse.
96ca6 info: StartSearch()[0]
SgUctSearch: max games reached
96ca6 info: 
Elapsed Time   0.362223s
Count          1
GamesPlayed    1
Nodes          1
Knowledge      0 (0.0%)
Expansions     0.0
Time           0.00
GameLen        115.0 dev=0.0 min=115.0 max=115.0
InTree         0.0 dev=0.0 min=0.0 max=0.0
KnowDepth      -
Aborted        0%
Games/s        3300.3
Score          0.00
Sequence      
96ca6 info: 
96ca6 warning: **** MoHexSearch returned empty sequence!
96ca6 warning: **** Returning random move!
96ca6 info: *** Player move: b8
8ec96 info: DfpnSolver::CheckAbort(): Abort flag!
9ecb6 info: 
MID calls      60
VC builds      58
Terminal       0
Work           60
Wasted Work    0 (0%)
Elapsed Time   0.372736
MIDs/sec       160.972
VCs/sec        155.606
Cnt prune sib  0
Avg prune sib  -
Consider Size  79.3793 dev=4.83815 min=71 max=87
Move Index     -
Move Percent   -
Delta Increase 3.61017 dev=13.5759 min=1 max=79
Winner         empty
PV             c10 b8 f4 d8

HashTableStatistics:
Stores         249
LookupAttempt  24126
LookupSuccess  1359
Collisions     0

9ecb6 info: Search aborted.
<= 
< 
<  78aa48a8a21902ef
<  a  b  c  d  e  f  g  h  i  j  k  
< 1\.  .  .  .  .  .  .  .  .  .  .\1
<  2\.  .  .  .  .  .  W  .  .  .  .\2
<   3\.  .  .  .  .  .  .  .  .  .  .\3
<    4\.  B  .  .  .  .  .  .  .  .  .\4
<     5\.  .  .  W  .  .  .  .  .  .  .\5
<      6\.  B  .  .  .  .  .  .  .  .  .\6
<       7\.  .  .  .  .  .  .  .  .  .  .\7
<        8\.  B  .  .  .  .  .  .  .  .  .\8
<         9\.  .  .  .  .  .  .  .  .  .  .\9
<         10\.  .  .  .  .  .  .  .  .  .  .\10
<          11\.  .  .  .  .  .  .  .  .  .  .\11
<              a  b  c  d  e  f  g  h  i  j  k  
<
>play w k10
<= 
<
>showboard
<= 
< 
<  8e4b6a1d6d7e3fe0
<  a  b  c  d  e  f  g  h  i  j  k  
< 1\.  .  .  .  .  .  .  .  .  .  .\1
<  2\.  .  .  .  .  .  W  .  .  .  .\2
<   3\.  .  .  .  .  .  .  .  .  .  .\3
<    4\.  B  .  .  .  .  .  .  .  .  .\4
<     5\.  .  .  W  .  .  .  .  .  .  .\5
<      6\.  B  .  .  .  .  .  .  .  .  .\6
<       7\.  .  .  .  .  .  .  .  .  .  .\7
<        8\.  B  .  .  .  .  .  .  .  .  .\8
<         9\.  .  .  .  .  .  .  .  .  .  .\9
<         10\.  .  .  .  .  .  .  .  .  .  W\10
<          11\.  .  .  .  .  .  .  .  .  .  .\11
<              a  b  c  d  e  f  g  h  i  j  k  
<
>genmove b
<= c4
<
>showboard
11a17 info: PlayAndSolve: Building VCs to avoid race condition.
11a17 info: PlayAndSolve: Continuing on as usual.
9ecb6 info: *** PlayerThread ***
96ca6 info: *** SolverThread ***
9ecb6 info: Best move cannot be determined, must search state.
9ecb6 info: --- MoHexPlayer::Search() ---
9ecb6 info: Color: black
9ecb6 info: MaxGames: 1
9ecb6 info: NumberThreads: 1
9ecb6 info: MaxNodes: 181818181 (15999999928 bytes)
9ecb6 info: TimeForMove: 1
9ecb6 info: PreSearch: max time reached (53/79).
9ecb6 info: Time for PreSearch: 0.201185s
9ecb6 info: 
  8e4b6a1d6d7e3fe0
  a  b  c  d  e  f  g  h  i  j  k  
 1\.  .  .  .  .  .  .  .  .  .  .\1
  2\.  .  *  *  *  *  W  *  *  *  *\2
   3\.  *  *  *  *  *  *  *  *  *  *\3
    4\.  B  *  *  *  *  *  *  *  *  *\4
     5\w  .  .  W  *  *  *  *  *  *  *\5
      6\w  B  .  *  *  *  *  *  *  *  *\6
       7\w  .  *  *  *  *  *  *  *  *  *\7
        8\w  B  *  *  *  *  *  *  *  *  *\8
         9\.  *  *  *  *  *  *  *  *  *  .\9
         10\*  *  *  *  *  *  *  *  *  *  W\10
          11\.  .  .  .  .  .  .  .  .  .  b\11
              a  b  c  d  e  f  g  h  i  j  k  
9ecb6 info: Old: [black, b4] [white, swap-pieces] [white, d5] [black, b6] [white, g2] 
9ecb6 info: New: [black, b4] [white, swap-pieces] [white, d5] [black, b6] [white, g2] [black, b8] [white, k10] 
9ecb6 info: MovesPlayed: [black, b8] [white, k10] 
9ecb6 info: No subtree to reuse.
9ecb6 info: StartSearch()[0]
SgUctSearch: max games reached
9ecb6 info: 
Elapsed Time   0.348382s
Count          1
GamesPlayed    1
Nodes          1
Knowledge      0 (0.0%)
Expansions     0.0
Time           0.00
GameLen        110.0 dev=0.0 min=110.0 max=110.0
InTree         0.0 dev=0.0 min=0.0 max=0.0
KnowDepth      -
Aborted        0%
Games/s        3623.2
Score          1.00
Sequence      
9ecb6 info: 
9ecb6 warning: **** MoHexSearch returned empty sequence!
9ecb6 warning: **** Returning random move!
9ecb6 info: *** Player move: c4
8ec96 info: DfpnSolver::CheckAbort(): Abort flag!
96ca6 info: 
MID calls      60
VC builds      58
Terminal       0
Work           60
Wasted Work    0 (0%)
Elapsed Time   0.36166
MIDs/sec       165.902
VCs/sec        160.372
Cnt prune sib  1
Avg prune sib  1 dev=0 min=1 max=1
Consider Size  78.6552 dev=5.18788 min=71 max=89
Move Index     -
Move Percent   -
Delta Increase 3.54237 dev=13.505 min=1 max=80
Winner         empty
PV             d10 b9 f4 d8

HashTableStatistics:
Stores         389
LookupAttempt  35478
LookupSuccess  1951
Collisions     0

96ca6 info: Search aborted.
<= 
< 
<  98b9639ca99d4668
<  a  b  c  d  e  f  g  h  i  j  k  
< 1\.  .  .  .  .  .  .  .  .  .  .\1
<  2\.  .  .  .  .  .  W  .  .  .  .\2
<   3\.  .  .  .  .  .  .  .  .  .  .\3
<    4\.  B  B  .  .  .  .  .  .  .  .\4
<     5\.  .  .  W  .  .  .  .  .  .  .\5
<      6\.  B  .  .  .  .  .  .  .  .  .\6
<       7\.  .  .  .  .  .  .  .  .  .  .\7
<        8\.  B  .  .  .  .  .  .  .  .  .\8
<         9\.  .  .  .  .  .  .  .  .  .  .\9
<         10\.  .  .  .  .  .  .  .  .  .  W\10
<          11\.  .  .  .  .  .  .  .  .  .  .\11
<              a  b  c  d  e  f  g  h  i  j  k  
<
>play w e1
<= 
<
>showboard
<= 
< 
<  421aca31e90f58c2
<  a  b  c  d  e  f  g  h  i  j  k  
< 1\.  .  .  .  W  .  .  .  .  .  .\1
<  2\.  .  .  .  .  .  W  .  .  .  .\2
<   3\.  .  .  .  .  .  .  .  .  .  .\3
<    4\.  B  B  .  .  .  .  .  .  .  .\4
<     5\.  .  .  W  .  .  .  .  .  .  .\5
<      6\.  B  .  .  .  .  .  .  .  .  .\6
<       7\.  .  .  .  .  .  .  .  .  .  .\7
<        8\.  B  .  .  .  .  .  .  .  .  .\8
<         9\.  .  .  .  .  .  .  .  .  .  .\9
<         10\.  .  .  .  .  .  .  .  .  .  W\10
<          11\.  .  .  .  .  .  .  .  .  .  .\11
<              a  b  c  d  e  f  g  h  i  j  k  
<
>genmove b
<= i7
<
>showboard
11a17 info: PlayAndSolve: Building VCs to avoid race condition.
11a17 info: PlayAndSolve: Continuing on as usual.
96ca6 info: *** PlayerThread ***
9ecb6 info: *** SolverThread ***
96ca6 info: Best move cannot be determined, must search state.
96ca6 info: --- MoHexPlayer::Search() ---
96ca6 info: Color: black
96ca6 info: MaxGames: 1
96ca6 info: NumberThreads: 1
96ca6 info: MaxNodes: 181818181 (15999999928 bytes)
96ca6 info: TimeForMove: 1
96ca6 info: PreSearch: max time reached (61/78).
96ca6 info: Time for PreSearch: 0.200443s
96ca6 info: 
  421aca31e90f58c2
  a  b  c  d  e  f  g  h  i  j  k  
 1\.  .  .  .  W  .  .  .  .  .  .\1
  2\.  .  *  *  *  *  W  *  *  *  *\2
   3\.  .  .  *  *  *  *  *  *  *  *\3
    4\.  B  B  *  *  *  *  *  *  *  *\4
     5\b  b  b  W  *  *  *  *  *  *  *\5
      6\b  B  .  *  *  *  *  *  *  *  *\6
       7\w  .  *  *  *  *  *  *  *  *  *\7
        8\w  B  *  *  *  *  *  *  *  *  *\8
         9\.  *  *  *  *  *  *  *  *  *  .\9
         10\*  *  *  *  *  *  *  *  .  .  W\10
          11\.  .  .  .  .  .  .  .  .  .  b\11
              a  b  c  d  e  f  g  h  i  j  k  
96ca6 info: Old: [black, b4] [white, swap-pieces] [white, d5] [black, b6] [white, g2] [black, b8] [white, k10] 
96ca6 info: New: [black, b4] [white, swap-pieces] [white, d5] [black, b6] [white, g2] [black, b8] [white, k10] [black, c4] [white, e1] 
96ca6 info: MovesPlayed: [black, c4] [white, e1] 
96ca6 info: No subtree to reuse.
96ca6 info: StartSearch()[0]
SgUctSearch: max games reached
96ca6 info: 
Elapsed Time   0.347379s
Count          1
GamesPlayed    1
Nodes          1
Knowledge      0 (0.0%)
Expansions     0.0
Time           0.00
GameLen        106.0 dev=0.0 min=106.0 max=106.0
InTree         0.0 dev=0.0 min=0.0 max=0.0
KnowDepth      -
Aborted        0%
Games/s        3413.0
Score          1.00
Sequence      
96ca6 info: 
96ca6 warning: **** MoHexSearch returned empty sequence!
96ca6 warning: **** Returning random move!
96ca6 info: *** Player move: i7
8ec96 info: DfpnSolver::CheckAbort(): Abort flag!
9ecb6 info: 
MID calls      65
VC builds      62
Terminal       1
Work           66
Wasted Work    0 (0%)
Elapsed Time   0.35728
MIDs/sec       181.93
VCs/sec        173.533
Cnt prune sib  4
Avg prune sib  1.5 dev=0.5 min=1 max=2
Consider Size  68.8689 dev=18.206 min=23 max=85
Move Index     -
Move Percent   -
Delta Increase 3.67692 dev=11.0566 min=1 max=72
Winner         empty
PV             c7 b10 d8 c10

HashTableStatistics:
Stores         540
LookupAttempt  46032
LookupSuccess  2506
Collisions     0

9ecb6 info: Search aborted.
<= 
< 
<  41dcf5f6f4d0b23c
<  a  b  c  d  e  f  g  h  i  j  k  
< 1\.  .  .  .  W  .  .  .  .  .  .\1
<  2\.  .  .  .  .  .  W  .  .  .  .\2
<   3\.  .  .  .  .  .  .  .  .  .  .\3
<    4\.  B  B  .  .  .  .  .  .  .  .\4
<     5\.  .  .  W  .  .  .  .  .  .  .\5
<      6\.  B  .  .  .  .  .  .  .  .  .\6
<       7\.  .  .  .  .  .  .  .  B  .  .\7
<        8\.  B  .  .  .  .  .  .  .  .  .\8
<         9\.  .  .  .  .  .  .  .  .  .  .\9
<         10\.  .  .  .  .  .  .  .  .  .  W\10
<          11\.  .  .  .  .  .  .  .  .  .  .\11
<              a  b  c  d  e  f  g  h  i  j  k  
<
>play w k4
<= 
<
>showboard
<= 
< 
<  192ceb6248bd8ff0
<  a  b  c  d  e  f  g  h  i  j  k  
< 1\.  .  .  .  W  .  .  .  .  .  .\1
<  2\.  .  .  .  .  .  W  .  .  .  .\2
<   3\.  .  .  .  .  .  .  .  .  .  .\3
<    4\.  B  B  .  .  .  .  .  .  .  W\4
<     5\.  .  .  W  .  .  .  .  .  .  .\5
<      6\.  B  .  .  .  .  .  .  .  .  .\6
<       7\.  .  .  .  .  .  .  .  B  .  .\7
<        8\.  B  .  .  .  .  .  .  .  .  .\8
<         9\.  .  .  .  .  .  .  .  .  .  .\9
<         10\.  .  .  .  .  .  .  .  .  .  W\10
<          11\.  .  .  .  .  .  .  .  .  .  .\11
<              a  b  c  d  e  f  g  h  i  j  k  
<
>genmove b
<= e9
<
>showboard
11a17 info: PlayAndSolve: Building VCs to avoid race condition.
11a17 info: PlayAndSolve: Continuing on as usual.
9ecb6 info: *** PlayerThread ***
96ca6 info: *** SolverThread ***
9ecb6 info: Best move cannot be determined, must search state.
9ecb6 info: --- MoHexPlayer::Search() ---
9ecb6 info: Color: black
9ecb6 info: MaxGames: 1
9ecb6 info: NumberThreads: 1
9ecb6 info: MaxNodes: 181818181 (15999999928 bytes)
9ecb6 info: TimeForMove: 1
9ecb6 info: PreSearch: max time reached (52/74).
9ecb6 info: Time for PreSearch: 0.20371s
9ecb6 info: 
  192ceb6248bd8ff0
  a  b  c  d  e  f  g  h  i  j  k  
 1\.  .  .  .  W  .  .  .  .  .  .\1
  2\.  .  *  *  *  *  W  *  *  *  *\2
   3\.  .  .  *  *  *  *  *  *  *  .\3
    4\.  B  B  *  *  *  *  *  *  *  W\4
     5\b  b  b  W  *  *  *  *  *  *  .\5
      6\b  B  .  *  *  *  *  *  *  *  *\6
       7\w  .  *  *  *  *  *  *  B  *  *\7
        8\w  B  *  *  *  *  *  *  *  *  *\8
         9\.  *  *  *  *  *  *  *  *  *  .\9
         10\*  *  *  *  *  *  *  *  .  .  W\10
          11\.  .  .  .  .  .  .  .  .  .  b\11
              a  b  c  d  e  f  g  h  i  j  k  
9ecb6 info: Old: [black, b4] [white, swap-pieces] [white, d5] [black, b6] [white, g2] [black, b8] [white, k10] [black, c4] [white, e1] 
9ecb6 info: New: [black, b4] [white, swap-pieces] [white, d5] [black, b6] [white, g2] [black, b8] [white, k10] [black, c4] [white, e1] [black, i7] [white, k4] 
9ecb6 info: MovesPlayed: [black, i7] [white, k4] 
9ecb6 info: No subtree to reuse.
9ecb6 info: StartSearch()[0]
SgUctSearch: max games reached
9ecb6 info: 
Elapsed Time   0.385495s
Count          1
GamesPlayed    1
Nodes          1
Knowledge      0 (0.0%)
Expansions     0.0
Time           0.00
GameLen        104.0 dev=0.0 min=104.0 max=104.0
InTree         0.0 dev=0.0 min=0.0 max=0.0
KnowDepth      -
Aborted        0%
Games/s        2898.6
Score          1.00
Sequence      
9ecb6 info: 
9ecb6 warning: **** MoHexSearch returned empty sequence!
9ecb6 warning: **** Returning random move!
9ecb6 info: *** Player move: e9
8ec96 info: DfpnSolver::CheckAbort(): Abort flag!
96ca6 info: 
MID calls      65
VC builds      62
Terminal       1
Work           66
Wasted Work    0 (0%)
Elapsed Time   0.397535
MIDs/sec       163.508
VCs/sec        155.961
Cnt prune sib  5
Avg prune sib  1.6 dev=0.489898 min=1 max=2
Consider Size  64.7049 dev=18.214 min=23 max=82
Move Index     -
Move Percent   -
Delta Increase 3.58462 dev=10.5668 min=1 max=68
Winner         empty
PV             c7 b10 d10 c9

HashTableStatistics:
Stores         690
LookupAttempt  55731
LookupSuccess  3018
Collisions     0

96ca6 info: Search aborted.
<= 
< 
<  e33bc60efb5392f6
<  a  b  c  d  e  f  g  h  i  j  k  
< 1\.  .  .  .  W  .  .  .  .  .  .\1
<  2\.  .  .  .  .  .  W  .  .  .  .\2
<   3\.  .  .  .  .  .  .  .  .  .  .\3
<    4\.  B  B  .  .  .  .  .  .  .  W\4
<     5\.  .  .  W  .  .  .  .  .  .  .\5
<      6\.  B  .  .  .  .  .  .  .  .  .\6
<       7\.  .  .  .  .  .  .  .  B  .  .\7
<        8\.  B  .  .  .  .  .  .  .  .  .\8
<         9\.  .  .  .  B  .  .  .  .  .  .\9
<         10\.  .  .  .  .  .  .  .  .  .  W\10
<          11\.  .  .  .  .  .  .  .  .  .  .\11
<              a  b  c  d  e  f  g  h  i  j  k  
<
>play w k3
<= 
<
>showboard
<= 
< 
<  364100fcd5ea0c9f
<  a  b  c  d  e  f  g  h  i  j  k  
< 1\.  .  .  .  W  .  .  .  .  .  .\1
<  2\.  .  .  .  .  .  W  .  .  .  .\2
<   3\.  .  .  .  .  .  .  .  .  .  W\3
<    4\.  B  B  .  .  .  .  .  .  .  W\4
<     5\.  .  .  W  .  .  .  .  .  .  .\5
<      6\.  B  .  .  .  .  .  .  .  .  .\6
<       7\.  .  .  .  .  .  .  .  B  .  .\7
<        8\.  B  .  .  .  .  .  .  .  .  .\8
<         9\.  .  .  .  B  .  .  .  .  .  .\9
<         10\.  .  .  .  .  .  .  .  .  .  W\10
<          11\.  .  .  .  .  .  .  .  .  .  .\11
<              a  b  c  d  e  f  g  h  i  j  k  
<
>genmove b
<= c8
<
>showboard
11a17 info: PlayAndSolve: Building VCs to avoid race condition.
11a17 info: PlayAndSolve: Continuing on as usual.
96ca6 info: *** PlayerThread ***
9ecb6 info: *** SolverThread ***
96ca6 info: Best move cannot be determined, must search state.
96ca6 info: --- MoHexPlayer::Search() ---
96ca6 info: Color: black
96ca6 info: MaxGames: 1
96ca6 info: NumberThreads: 1
96ca6 info: MaxNodes: 181818181 (15999999928 bytes)
96ca6 info: TimeForMove: 1
96ca6 info: PreSearch: max time reached (45/71).
96ca6 info: Time for PreSearch: 0.208432s
96ca6 info: 
  364100fcd5ea0c9f
  a  b  c  d  e  f  g  h  i  j  k  
 1\.  .  .  .  W  .  .  .  .  .  .\1
  2\.  .  *  *  *  *  W  *  *  *  .\2
   3\.  .  .  *  *  *  *  *  *  *  W\3
    4\.  B  B  *  *  *  *  *  *  *  W\4
     5\b  b  b  W  *  *  *  *  *  *  .\5
      6\b  B  .  *  *  *  *  *  *  *  *\6
       7\w  .  *  *  *  *  *  *  B  *  *\7
        8\w  B  *  *  *  *  *  *  *  *  *\8
         9\.  *  *  *  B  *  *  *  *  *  .\9
         10\*  *  *  *  .  *  *  *  *  *  W\10
          11\.  .  .  .  .  .  .  .  .  .  b\11
              a  b  c  d  e  f  g  h  i  j  k  
96ca6 info: Old: [black, b4] [white, swap-pieces] [white, d5] [black, b6] [white, g2] [black, b8] [white, k10] [black, c4] [white, e1] [black, i7] [white, k4] 
96ca6 info: New: [black, b4] [white, swap-pieces] [white, d5] [black, b6] [white, g2] [black, b8] [white, k10] [black, c4] [white, e1] [black, i7] [white, k4] [black, e9] [white, k3] 
96ca6 info: MovesPlayed: [black, e9] [white, k3] 
96ca6 info: No subtree to reuse.
96ca6 info: StartSearch()[0]
SgUctSearch: max games reached
96ca6 info: 
Elapsed Time   0.363799s
Count          1
GamesPlayed    1
Nodes          1
Knowledge      0 (0.0%)
Expansions     0.0
Time           0.00
GameLen        102.0 dev=0.0 min=102.0 max=102.0
InTree         0.0 dev=0.0 min=0.0 max=0.0
KnowDepth      -
Aborted        0%
Games/s        3184.7
Score          0.00
Sequence      
96ca6 info: 
96ca6 warning: **** MoHexSearch returned empty sequence!
96ca6 warning: **** Returning random move!
96ca6 info: *** Player move: c8
8ec96 info: DfpnSolver::CheckAbort(): Abort flag!
9ecb6 info: 
MID calls      50
VC builds      47
Terminal       1
Work           51
Wasted Work    0 (0%)
Elapsed Time   0.377489
MIDs/sec       132.454
VCs/sec        124.507
Cnt prune sib  3
Avg prune sib  2 dev=0 min=2 max=2
Consider Size  46.7174 dev=29.1925 min=3 max=81
Move Index     -
Move Percent   -
Delta Increase 2.88 dev=9.11184 min=1 max=65
Winner         empty
PV             c7 b9 c8 c2

HashTableStatistics:
Stores         810
LookupAttempt  63304
LookupSuccess  3515
Collisions     0

9ecb6 info: Search aborted.
<= 
< 
<  6cc9a9b9abe16eeb
<  a  b  c  d  e  f  g  h  i  j  k  
< 1\.  .  .  .  W  .  .  .  .  .  .\1
<  2\.  .  .  .  .  .  W  .  .  .  .\2
<   3\.  .  .  .  .  .  .  .  .  .  W\3
<    4\.  B  B  .  .  .  .  .  .  .  W\4
<     5\.  .  .  W  .  .  .  .  .  .  .\5
<      6\.  B  .  .  .  .  .  .  .  .  .\6
<       7\.  .  .  .  .  .  .  .  B  .  .\7
<        8\.  B  B  .  .  .  .  .  .  .  .\8
<         9\.  .  .  .  B  .  .  .  .  .  .\9
<         10\.  .  .  .  .  .  .  .  .  .  W\10
<          11\.  .  .  .  .  .  .  .  .  .  .\11
<              a  b  c  d  e  f  g  h  i  j  k  
<
>play w j3
<= 
<
>showboard
<= 
< 
<  fe9f1834b22f9162
<  a  b  c  d  e  f  g  h  i  j  k  
< 1\.  .  .  .  W  .  .  .  .  .  .\1
<  2\.  .  .  .  .  .  W  .  .  .  .\2
<   3\.  .  .  .  .  .  .  .  .  W  W\3
<    4\.  B  B  .  .  .  .  .  .  .  W\4
<     5\.  .  .  W  .  .  .  .  .  .  .\5
<      6\.  B  .  .  .  .  .  .  .  .  .\6
<       7\.  .  .  .  .  .  .  .  B  .  .\7
<        8\.  B  B  .  .  .  .  .  .  .  .\8
<         9\.  .  .  .  B  .  .  .  .  .  .\9
<         10\.  .  .  .  .  .  .  .  .  .  W\10
<          11\.  .  .  .  .  .  .  .  .  .  .\11
<              a  b  c  d  e  f  g  h  i  j  k  
<
>genmove b
<= c6
<
>showboard
11a17 info: PlayAndSolve: Building VCs to avoid race condition.
11a17 info: PlayAndSolve: Continuing on as usual.
9ecb6 info: *** PlayerThread ***
96ca6 info: *** SolverThread ***
9ecb6 info: Best move cannot be determined, must search state.
9ecb6 info: --- MoHexPlayer::Search() ---
9ecb6 info: Color: black
9ecb6 info: MaxGames: 1
9ecb6 info: NumberThreads: 1
9ecb6 info: MaxNodes: 181818181 (15999999928 bytes)
9ecb6 info: TimeForMove: 1
9ecb6 info: Winning sequence found before UCT search!
9ecb6 info: Sequence: c6
9ecb6 info: *** Player move: c6
96ca6 info: 
MID calls      2
VC builds      3
Terminal       1
Work           3
Wasted Work    2 (66.6667%)
Elapsed Time   0.034084
MIDs/sec       58.6786
VCs/sec        88.0178
Cnt prune sib  1
Avg prune sib  2 dev=0 min=2 max=2
Consider Size  35 dev=31 min=4 max=66
Move Index     1 dev=0 min=1 max=1
Move Percent   0.015625 dev=0 min=0.015625 max=0.015625
Delta Increase 1 dev=0 min=1 max=1
Winner         black
PV             c6

HashTableStatistics:
Stores         817
LookupAttempt  63901
LookupSuccess  3529
Collisions     0

96ca6 info: *** FOUND WIN!!! ***
96ca6 info: PV: c6
<= 
< 
<  7675dbd3ae08e187
<  a  b  c  d  e  f  g  h  i  j  k  
< 1\.  .  .  .  W  .  .  .  .  .  .\1
<  2\.  .  .  .  .  .  W  .  .  .  .\2
<   3\.  .  .  .  .  .  .  .  .  W  W\3
<    4\.  B  B  .  .  .  .  .  .  .  W\4
<     5\.  .  .  W  .  .  .  .  .  .  .\5
<      6\.  B  B  .  .  .  .  .  .  .  .\6
<       7\.  .  .  .  .  .  .  .  B  .  .\7
<        8\.  B  B  .  .  .  .  .  .  .  .\8
<         9\.  .  .  .  B  .  .  .  .  .  .\9
<         10\.  .  .  .  .  .  .  .  .  .  W\10
<          11\.  .  .  .  .  .  .  .  .  .  .\11
<              a  b  c  d  e  f  g  h  i  j  k  
<
>play w c2
<= 
<
>showboard
<= 
< 
<  606c2bf13563c43a
<  a  b  c  d  e  f  g  h  i  j  k  
< 1\.  .  .  .  W  .  .  .  .  .  .\1
<  2\.  .  W  .  .  .  W  .  .  .  .\2
<   3\.  .  .  .  .  .  .  .  .  W  W\3
<    4\.  B  B  .  .  .  .  .  .  .  W\4
<     5\.  .  .  W  .  .  .  .  .  .  .\5
<      6\.  B  B  .  .  .  .  .  .  .  .\6
<       7\.  .  .  .  .  .  .  .  B  .  .\7
<        8\.  B  B  .  .  .  .  .  .  .  .\8
<         9\.  .  .  .  B  .  .  .  .  .  .\9
<         10\.  .  .  .  .  .  .  .  .  .  W\10
<          11\.  .  .  .  .  .  .  .  .  .  .\11
<              a  b  c  d  e  f  g  h  i  j  k  
<
>genmove b
<= f2
<
>showboard
11a17 info: PlayAndSolve: Building VCs to avoid race condition.
11a17 info: PlayAndSolve: Continuing on as usual.
9ecb6 info: *** SolverThread ***
96ca6 info: *** PlayerThread ***
96ca6 info: Winning SC.
96ca6 info: *** Player move: f2
9ecb6 info: 
MID calls      0
VC builds      1
Terminal       1
Work           1
Wasted Work    0 (0%)
Elapsed Time   0.015575
MIDs/sec       0
VCs/sec        64.2055
Cnt prune sib  0
Avg prune sib  -
Consider Size  -
Move Index     -
Move Percent   -
Delta Increase -
Winner         black
PV             

HashTableStatistics:
Stores         818
LookupAttempt  63907
LookupSuccess  3532
Collisions     0

<= 
< 
<  aa0b047dc6af3f54
<  a  b  c  d  e  f  g  h  i  j  k  
< 1\.  .  .  .  W  .  .  .  .  .  .\1
<  2\.  .  W  .  .  B  W  .  .  .  .\2
<   3\.  .  .  .  .  .  .  .  .  W  W\3
<    4\.  B  B  .  .  .  .  .  .  .  W\4
<     5\.  .  .  W  .  .  .  .  .  .  .\5
<      6\.  B  B  .  .  .  .  .  .  .  .\6
<       7\.  .  .  .  .  .  .  .  B  .  .\7
<        8\.  B  B  .  .  .  .  .  .  .  .\8
<         9\.  .  .  .  B  .  .  .  .  .  .\9
<         10\.  .  .  .  .  .  .  .  .  .  W\10
<          11\.  .  .  .  .  .  .  .  .  .  .\11
<              a  b  c  d  e  f  g  h  i  j  k  
<
>play w e3
<= 
<
>showboard
<= 
< 
<  444fa5da87a39c8e
<  a  b  c  d  e  f  g  h  i  j  k  
< 1\.  .  .  .  W  .  .  .  .  .  .\1
<  2\.  .  W  .  .  B  W  .  .  .  .\2
<   3\.  .  .  .  W  .  .  .  .  W  W\3
<    4\.  B  B  .  .  .  .  .  .  .  W\4
<     5\.  .  .  W  .  .  .  .  .  .  .\5
<      6\.  B  B  .  .  .  .  .  .  .  .\6
<       7\.  .  .  .  .  .  .  .  B  .  .\7
<        8\.  B  B  .  .  .  .  .  .  .  .\8
<         9\.  .  .  .  B  .  .  .  .  .  .\9
<         10\.  .  .  .  .  .  .  .  .  .  W\10
<          11\.  .  .  .  .  .  .  .  .  .  .\11
<              a  b  c  d  e  f  g  h  i  j  k  
<
>genmove b
<= d2
<
>showboard
11a17 info: PlayAndSolve: Building VCs to avoid race condition.
11a17 info: PlayAndSolve: Continuing on as usual.
9ecb6 info: *** PlayerThread ***
96ca6 info: *** SolverThread ***
9ecb6 info: Winning SC.
9ecb6 info: *** Player move: d2
96ca6 info: 
MID calls      0
VC builds      1
Terminal       1
Work           1
Wasted Work    0 (0%)
Elapsed Time   0.013611
MIDs/sec       0
VCs/sec        73.47
Cnt prune sib  0
Avg prune sib  -
Consider Size  -
Move Index     -
Move Percent   -
Delta Increase -
Winner         black
PV             

HashTableStatistics:
Stores         819
LookupAttempt  63913
LookupSuccess  3535
Collisions     0

<= 
< 
<  20dfaeb1a8a96622
<  a  b  c  d  e  f  g  h  i  j  k  
< 1\.  .  .  .  W  .  .  .  .  .  .\1
<  2\.  .  W  B  .  B  W  .  .  .  .\2
<   3\.  .  .  .  W  .  .  .  .  W  W\3
<    4\.  B  B  .  .  .  .  .  .  .  W\4
<     5\.  .  .  W  .  .  .  .  .  .  .\5
<      6\.  B  B  .  .  .  .  .  .  .  .\6
<       7\.  .  .  .  .  .  .  .  B  .  .\7
<        8\.  B  B  .  .  .  .  .  .  .  .\8
<         9\.  .  .  .  B  .  .  .  .  .  .\9
<         10\.  .  .  .  .  .  .  .  .  .  W\10
<          11\.  .  .  .  .  .  .  .  .  .  .\11
<              a  b  c  d  e  f  g  h  i  j  k  
<
>play w b11
<= 
<
>showboard
<= 
< 
<  eea3f28486a9a021
<  a  b  c  d  e  f  g  h  i  j  k  
< 1\.  .  .  .  W  .  .  .  .  .  .\1
<  2\.  .  W  B  .  B  W  .  .  .  .\2
<   3\.  .  .  .  W  .  .  .  .  W  W\3
<    4\.  B  B  .  .  .  .  .  .  .  W\4
<     5\.  .  .  W  .  .  .  .  .  .  .\5
<      6\.  B  B  .  .  .  .  .  .  .  .\6
<       7\.  .  .  .  .  .  .  .  B  .  .\7
<        8\.  B  B  .  .  .  .  .  .  .  .\8
<         9\.  .  .  .  B  .  .  .  .  .  .\9
<         10\.  .  .  .  .  .  .  .  .  .  W\10
<          11\.  W  .  .  .  .  .  .  .  .  .\11
<              a  b  c  d  e  f  g  h  i  j  k  
<
>genmove b
<= d9
<
>showboard
11a17 info: PlayAndSolve: Building VCs to avoid race condition.
11a17 info: PlayAndSolve: Continuing on as usual.
96ca6 info: *** PlayerThread ***
9ecb6 info: *** SolverThread ***
96ca6 info: Winning SC.
96ca6 info: *** Player move: d9
9ecb6 info: 
MID calls      0
VC builds      1
Terminal       1
Work           1
Wasted Work    0 (0%)
Elapsed Time   0.007385
MIDs/sec       0
VCs/sec        135.41
Cnt prune sib  0
Avg prune sib  -
Consider Size  -
Move Index     -
Move Percent   -
Delta Increase -
Winner         black
PV             

HashTableStatistics:
Stores         820
LookupAttempt  63919
LookupSuccess  3538
Collisions     0

<= 
< 
<  033b7cf25ce98285
<  a  b  c  d  e  f  g  h  i  j  k  
< 1\.  .  .  .  W  .  .  .  .  .  .\1
<  2\.  .  W  B  .  B  W  .  .  .  .\2
<   3\.  .  .  .  W  .  .  .  .  W  W\3
<    4\.  B  B  .  .  .  .  .  .  .  W\4
<     5\.  .  .  W  .  .  .  .  .  .  .\5
<      6\.  B  B  .  .  .  .  .  .  .  .\6
<       7\.  .  .  .  .  .  .  .  B  .  .\7
<        8\.  B  B  .  .  .  .  .  .  .  .\8
<         9\.  .  .  B  B  .  .  .  .  .  .\9
<         10\.  .  .  .  .  .  .  .  .  .  W\10
<          11\.  W  .  .  .  .  .  .  .  .  .\11
<              a  b  c  d  e  f  g  h  i  j  k  
<
>play w c9
<= 
<
>showboard
<= 
< 
<  4729072bb4754723
<  a  b  c  d  e  f  g  h  i  j  k  
< 1\.  .  .  .  W  .  .  .  .  .  .\1
<  2\.  .  W  B  .  B  W  .  .  .  .\2
<   3\.  .  .  .  W  .  .  .  .  W  W\3
<    4\.  B  B  .  .  .  .  .  .  .  W\4
<     5\.  .  .  W  .  .  .  .  .  .  .\5
<      6\.  B  B  .  .  .  .  .  .  .  .\6
<       7\.  .  .  .  .  .  .  .  B  .  .\7
<        8\.  B  B  .  .  .  .  .  .  .  .\8
<         9\.  .  W  B  B  .  .  .  .  .  .\9
<         10\.  .  .  .  .  .  .  .  .  .  W\10
<          11\.  W  .  .  .  .  .  .  .  .  .\11
<              a  b  c  d  e  f  g  h  i  j  k  
<
>genmove b
<= d8
<
>showboard
11a17 info: PlayAndSolve: Building VCs to avoid race condition.
11a17 info: PlayAndSolve: Continuing on as usual.
9ecb6 info: *** PlayerThread ***
96ca6 info: *** SolverThread ***
9ecb6 info: Winning SC.
9ecb6 info: *** Player move: d8
96ca6 info: 
MID calls      0
VC builds      1
Terminal       1
Work           1
Wasted Work    0 (0%)
Elapsed Time   0.006267
MIDs/sec       0
VCs/sec        159.566
Cnt prune sib  0
Avg prune sib  -
Consider Size  -
Move Index     -
Move Percent   -
Delta Increase -
Winner         black
PV             

HashTableStatistics:
Stores         821
LookupAttempt  63925
LookupSuccess  3541
Collisions     0

<= 
< 
<  07d292e0a5666ccc
<  a  b  c  d  e  f  g  h  i  j  k  
< 1\.  .  .  .  W  .  .  .  .  .  .\1
<  2\.  .  W  B  .  B  W  .  .  .  .\2
<   3\.  .  .  .  W  .  .  .  .  W  W\3
<    4\.  B  B  .  .  .  .  .  .  .  W\4
<     5\.  .  .  W  .  .  .  .  .  .  .\5
<      6\.  B  B  .  .  .  .  .  .  .  .\6
<       7\.  .  .  .  .  .  .  .  B  .  .\7
<        8\.  B  B  B  .  .  .  .  .  .  .\8
<         9\.  .  W  B  B  .  .  .  .  .  .\9
<         10\.  .  .  .  .  .  .  .  .  .  W\10
<          11\.  W  .  .  .  .  .  .  .  .  .\11
<              a  b  c  d  e  f  g  h  i  j  k  
<
>play w e10
<= 
<
>showboard
<= 
< 
<  32974dc337f920f1
<  a  b  c  d  e  f  g  h  i  j  k  
< 1\.  .  .  .  W  .  .  .  .  .  .\1
<  2\.  .  W  B  .  B  W  .  .  .  .\2
<   3\.  .  .  .  W  .  .  .  .  W  W\3
<    4\.  B  B  .  .  .  .  .  .  .  W\4
<     5\.  .  .  W  .  .  .  .  .  .  .\5
<      6\.  B  B  .  .  .  .  .  .  .  .\6
<       7\.  .  .  .  .  .  .  .  B  .  .\7
<        8\.  B  B  B  .  .  .  .  .  .  .\8
<         9\.  .  W  B  B  .  .  .  .  .  .\9
<         10\.  .  .  .  W  .  .  .  .  .  W\10
<          11\.  W  .  .  .  .  .  .  .  .  .\11
<              a  b  c  d  e  f  g  h  i  j  k  
<
>genmove b
<= d10
<
>showboard
11a17 info: PlayAndSolve: Building VCs to avoid race condition.
11a17 info: PlayAndSolve: Continuing on as usual.
96ca6 info: *** PlayerThread ***
9ecb6 info: *** SolverThread ***
96ca6 info: Winning SC.
96ca6 info: *** Player move: d10
9ecb6 info: 
MID calls      0
VC builds      1
Terminal       1
Work           1
Wasted Work    0 (0%)
Elapsed Time   0.003836
MIDs/sec       0
VCs/sec        260.688
Cnt prune sib  0
Avg prune sib  -
Consider Size  -
Move Index     -
Move Percent   -
Delta Increase -
Winner         black
PV             

HashTableStatistics:
Stores         822
LookupAttempt  63931
LookupSuccess  3544
Collisions     0

<= 
< 
<  245fdb9fc9558596
<  a  b  c  d  e  f  g  h  i  j  k  
< 1\.  .  .  .  W  .  .  .  .  .  .\1
<  2\.  .  W  B  .  B  W  .  .  .  .\2
<   3\.  .  .  .  W  .  .  .  .  W  W\3
<    4\.  B  B  .  .  .  .  .  .  .  W\4
<     5\.  .  .  W  .  .  .  .  .  .  .\5
<      6\.  B  B  .  .  .  .  .  .  .  .\6
<       7\.  .  .  .  .  .  .  .  B  .  .\7
<        8\.  B  B  B  .  .  .  .  .  .  .\8
<         9\.  .  W  B  B  .  .  .  .  .  .\9
<         10\.  .  .  B  W  .  .  .  .  .  W\10
<          11\.  W  .  .  .  .  .  .  .  .  .\11
<              a  b  c  d  e  f  g  h  i  j  k  
<
>play w b5
<= 
<
>showboard
<= 
< 
<  8333cf2011bed8f9
<  a  b  c  d  e  f  g  h  i  j  k  
< 1\.  .  .  .  W  .  .  .  .  .  .\1
<  2\.  .  W  B  .  B  W  .  .  .  .\2
<   3\.  .  .  .  W  .  .  .  .  W  W\3
<    4\.  B  B  .  .  .  .  .  .  .  W\4
<     5\.  W  .  W  .  .  .  .  .  .  .\5
<      6\.  B  B  .  .  .  .  .  .  .  .\6
<       7\.  .  .  .  .  .  .  .  B  .  .\7
<        8\.  B  B  B  .  .  .  .  .  .  .\8
<         9\.  .  W  B  B  .  .  .  .  .  .\9
<         10\.  .  .  B  W  .  .  .  .  .  W\10
<          11\.  W  .  .  .  .  .  .  .  .  .\11
<              a  b  c  d  e  f  g  h  i  j  k  
<
>genmove b
<= c5
<
>showboard
11a17 info: PlayAndSolve: Building VCs to avoid race condition.
11a17 info: PlayAndSolve: Continuing on as usual.
9ecb6 info: *** PlayerThread ***
96ca6 info: *** SolverThread ***
9ecb6 info: Winning SC.
9ecb6 info: *** Player move: c5
96ca6 info: 
MID calls      0
VC builds      1
Terminal       1
Work           1
Wasted Work    0 (0%)
Elapsed Time   0.003949
MIDs/sec       0
VCs/sec        253.229
Cnt prune sib  0
Avg prune sib  -
Consider Size  -
Move Index     -
Move Percent   -
Delta Increase -
Winner         black
PV             

HashTableStatistics:
Stores         823
LookupAttempt  63937
LookupSuccess  3547
Collisions     0

<= 
< 
<  0c8e2b0a1dfd2ebf
<  a  b  c  d  e  f  g  h  i  j  k  
< 1\.  .  .  .  W  .  .  .  .  .  .\1
<  2\.  .  W  B  .  B  W  .  .  .  .\2
<   3\.  .  .  .  W  .  .  .  .  W  W\3
<    4\.  B  B  .  .  .  .  .  .  .  W\4
<     5\.  W  B  W  .  .  .  .  .  .  .\5
<      6\.  B  B  .  .  .  .  .  .  .  .\6
<       7\.  .  .  .  .  .  .  .  B  .  .\7
<        8\.  B  B  B  .  .  .  .  .  .  .\8
<         9\.  .  W  B  B  .  .  .  .  .  .\9
<         10\.  .  .  B  W  .  .  .  .  .  W\10
<          11\.  W  .  .  .  .  .  .  .  .  .\11
<              a  b  c  d  e  f  g  h  i  j  k  
<
>play w b7
<= 
<
>showboard
<= 
< 
<  23150847c121b2ba
<  a  b  c  d  e  f  g  h  i  j  k  
< 1\.  .  .  .  W  .  .  .  .  .  .\1
<  2\.  .  W  B  .  B  W  .  .  .  .\2
<   3\.  .  .  .  W  .  .  .  .  W  W\3
<    4\.  B  B  .  .  .  .  .  .  .  W\4
<     5\.  W  B  W  .  .  .  .  .  .  .\5
<      6\.  B  B  .  .  .  .  .  .  .  .\6
<       7\.  W  .  .  .  .  .  .  B  .  .\7
<        8\.  B  B  B  .  .  .  .  .  .  .\8
<         9\.  .  W  B  B  .  .  .  .  .  .\9
<         10\.  .  .  B  W  .  .  .  .  .  W\10
<          11\.  W  .  .  .  .  .  .  .  .  .\11
<              a  b  c  d  e  f  g  h  i  j  k  
<
>genmove b
<= c7
<
>showboard
11a17 info: PlayAndSolve: Building VCs to avoid race condition.
11a17 info: PlayAndSolve: Continuing on as usual.
96ca6 info: *** PlayerThread ***
9ecb6 info: *** SolverThread ***
96ca6 info: Winning SC.
96ca6 info: *** Player move: c7
9ecb6 info: 
MID calls      0
VC builds      1
Terminal       1
Work           1
Wasted Work    0 (0%)
Elapsed Time   0.003584
MIDs/sec       0
VCs/sec        279.018
Cnt prune sib  0
Avg prune sib  -
Consider Size  -
Move Index     -
Move Percent   -
Delta Increase -
Winner         black
PV             

HashTableStatistics:
Stores         824
LookupAttempt  63943
LookupSuccess  3550
Collisions     0

<= 
< 
<  c676137461fc760d
<  a  b  c  d  e  f  g  h  i  j  k  
< 1\.  .  .  .  W  .  .  .  .  .  .\1
<  2\.  .  W  B  .  B  W  .  .  .  .\2
<   3\.  .  .  .  W  .  .  .  .  W  W\3
<    4\.  B  B  .  .  .  .  .  .  .  W\4
<     5\.  W  B  W  .  .  .  .  .  .  .\5
<      6\.  B  B  .  .  .  .  .  .  .  .\6
<       7\.  W  B  .  .  .  .  .  B  .  .\7
<        8\.  B  B  B  .  .  .  .  .  .  .\8
<         9\.  .  W  B  B  .  .  .  .  .  .\9
<         10\.  .  .  B  W  .  .  .  .  .  W\10
<          11\.  W  .  .  .  .  .  .  .  .  .\11
<              a  b  c  d  e  f  g  h  i  j  k  
<
>play w c3
<= 
<
>showboard
<= 
< 
<  75bce47a93852fe9
<  a  b  c  d  e  f  g  h  i  j  k  
< 1\.  .  .  .  W  .  .  .  .  .  .\1
<  2\.  .  W  B  .  B  W  .  .  .  .\2
<   3\.  .  W  .  W  .  .  .  .  W  W\3
<    4\.  B  B  .  .  .  .  .  .  .  W\4
<     5\.  W  B  W  .  .  .  .  .  .  .\5
<      6\.  B  B  .  .  .  .  .  .  .  .\6
<       7\.  W  B  .  .  .  .  .  B  .  .\7
<        8\.  B  B  B  .  .  .  .  .  .  .\8
<         9\.  .  W  B  B  .  .  .  .  .  .\9
<         10\.  .  .  B  W  .  .  .  .  .  W\10
<          11\.  W  .  .  .  .  .  .  .  .  .\11
<              a  b  c  d  e  f  g  h  i  j  k  
<
>genmove b
<= d3
<
>showboard
11a17 info: PlayAndSolve: Building VCs to avoid race condition.
11a17 info: PlayAndSolve: Continuing on as usual.
9ecb6 info: *** PlayerThread ***
96ca6 info: *** SolverThread ***
9ecb6 info: Winning SC.
9ecb6 info: *** Player move: d3
96ca6 info: 
MID calls      0
VC builds      1
Terminal       1
Work           1
Wasted Work    0 (0%)
Elapsed Time   0.004948
MIDs/sec       0
VCs/sec        202.102
Cnt prune sib  0
Avg prune sib  -
Consider Size  -
Move Index     -
Move Percent   -
Delta Increase -
Winner         black
PV             

HashTableStatistics:
Stores         825
LookupAttempt  63949
LookupSuccess  3553
Collisions     0

<= 
< 
<  ecf0b704f898203e
<  a  b  c  d  e  f  g  h  i  j  k  
< 1\.  .  .  .  W  .  .  .  .  .  .\1
<  2\.  .  W  B  .  B  W  .  .  .  .\2
<   3\.  .  W  B  W  .  .  .  .  W  W\3
<    4\.  B  B  .  .  .  .  .  .  .  W\4
<     5\.  W  B  W  .  .  .  .  .  .  .\5
<      6\.  B  B  .  .  .  .  .  .  .  .\6
<       7\.  W  B  .  .  .  .  .  B  .  .\7
<        8\.  B  B  B  .  .  .  .  .  .  .\8
<         9\.  .  W  B  B  .  .  .  .  .  .\9
<         10\.  .  .  B  W  .  .  .  .  .  W\10
<          11\.  W  .  .  .  .  .  .  .  .  .\11
<              a  b  c  d  e  f  g  h  i  j  k  
<
>play w d1
<= 
<
>showboard
<= 
< 
<  8fe5c12600395d91
<  a  b  c  d  e  f  g  h  i  j  k  
< 1\.  .  .  W  W  .  .  .  .  .  .\1
<  2\.  .  W  B  .  B  W  .  .  .  .\2
<   3\.  .  W  B  W  .  .  .  .  W  W\3
<    4\.  B  B  .  .  .  .  .  .  .  W\4
<     5\.  W  B  W  .  .  .  .  .  .  .\5
<      6\.  B  B  .  .  .  .  .  .  .  .\6
<       7\.  W  B  .  .  .  .  .  B  .  .\7
<        8\.  B  B  B  .  .  .  .  .  .  .\8
<         9\.  .  W  B  B  .  .  .  .  .  .\9
<         10\.  .  .  B  W  .  .  .  .  .  W\10
<          11\.  W  .  .  .  .  .  .  .  .  .\11
<              a  b  c  d  e  f  g  h  i  j  k  
<
>genmove b
<= e2
<
>showboard
11a17 info: PlayAndSolve: Building VCs to avoid race condition.
11a17 info: PlayAndSolve: Continuing on as usual.
96ca6 info: *** PlayerThread ***
9ecb6 info: *** SolverThread ***
96ca6 info: Winning SC.
96ca6 info: *** Player move: e2
9ecb6 info: 
MID calls      0
VC builds      1
Terminal       1
Work           1
Wasted Work    0 (0%)
Elapsed Time   0.004835
MIDs/sec       0
VCs/sec        206.825
Cnt prune sib  0
Avg prune sib  -
Consider Size  -
Move Index     -
Move Percent   -
Delta Increase -
Winner         black
PV             

HashTableStatistics:
Stores         826
LookupAttempt  63955
LookupSuccess  3556
Collisions     0

<= 
< 
<  eb7c21e0f2cf34d9
<  a  b  c  d  e  f  g  h  i  j  k  
< 1\.  .  .  W  W  .  .  .  .  .  .\1
<  2\.  .  W  B  B  B  W  .  .  .  .\2
<   3\.  .  W  B  W  .  .  .  .  W  W\3
<    4\.  B  B  .  .  .  .  .  .  .  W\4
<     5\.  W  B  W  .  .  .  .  .  .  .\5
<      6\.  B  B  .  .  .  .  .  .  .  .\6
<       7\.  W  B  .  .  .  .  .  B  .  .\7
<        8\.  B  B  B  .  .  .  .  .  .  .\8
<         9\.  .  W  B  B  .  .  .  .  .  .\9
<         10\.  .  .  B  W  .  .  .  .  .  W\10
<          11\.  W  .  .  .  .  .  .  .  .  .\11
<              a  b  c  d  e  f  g  h  i  j  k  
<
>play w c11
<= 
<
>showboard
<= 
< 
<  9fc8357884827472
<  a  b  c  d  e  f  g  h  i  j  k  
< 1\.  .  .  W  W  .  .  .  .  .  .\1
<  2\.  .  W  B  B  B  W  .  .  .  .\2
<   3\.  .  W  B  W  .  .  .  .  W  W\3
<    4\.  B  B  .  .  .  .  .  .  .  W\4
<     5\.  W  B  W  .  .  .  .  .  .  .\5
<      6\.  B  B  .  .  .  .  .  .  .  .\6
<       7\.  W  B  .  .  .  .  .  B  .  .\7
<        8\.  B  B  B  .  .  .  .  .  .  .\8
<         9\.  .  W  B  B  .  .  .  .  .  .\9
<         10\.  .  .  B  W  .  .  .  .  .  W\10
<          11\.  W  W  .  .  .  .  .  .  .  .\11
<              a  b  c  d  e  f  g  h  i  j  k  
<
>genmove b
<= d11
<
>showboard
11a17 info: PlayAndSolve: Building VCs to avoid race condition.
11a17 info: PlayAndSolve: Continuing on as usual.
9ecb6 info: *** PlayerThread ***
96ca6 info: *** SolverThread ***
9ecb6 info: Winning SC.
9ecb6 info: *** Player move: d11
96ca6 info: 
MID calls      0
VC builds      1
Terminal       1
Work           1
Wasted Work    0 (0%)
Elapsed Time   0.005458
MIDs/sec       0
VCs/sec        183.217
Cnt prune sib  0
Avg prune sib  -
Consider Size  -
Move Index     -
Move Percent   -
Delta Increase -
Winner         black
PV             

HashTableStatistics:
Stores         827
LookupAttempt  63961
LookupSuccess  3559
Collisions     0

<= 
< 
<  cfc3ea27da996990
<  a  b  c  d  e  f  g  h  i  j  k  
< 1\.  .  .  W  W  .  .  .  .  .  .\1
<  2\.  .  W  B  B  B  W  .  .  .  .\2
<   3\.  .  W  B  W  .  .  .  .  W  W\3
<    4\.  B  B  .  .  .  .  .  .  .  W\4
<     5\.  W  B  W  .  .  .  .  .  .  .\5
<      6\.  B  B  .  .  .  .  .  .  .  .\6
<       7\.  W  B  .  .  .  .  .  B  .  .\7
<        8\.  B  B  B  .  .  .  .  .  .  .\8
<         9\.  .  W  B  B  .  .  .  .  .  .\9
<         10\.  .  .  B  W  .  .  .  .  .  W\10
<          11\.  W  W  B  .  .  .  .  .  .  .\11
<              a  b  c  d  e  f  g  h  i  j  k  
<
>play w g1
<= 
<
>showboard
<= 
< 
<  6f9ae6cda0271d63
<  a  b  c  d  e  f  g  h  i  j  k  
< 1\.  .  .  W  W  .  W  .  .  .  .\1
<  2\.  .  W  B  B  B  W  .  .  .  .\2
<   3\.  .  W  B  W  .  .  .  .  W  W\3
<    4\.  B  B  .  .  .  .  .  .  .  W\4
<     5\.  W  B  W  .  .  .  .  .  .  .\5
<      6\.  B  B  .  .  .  .  .  .  .  .\6
<       7\.  W  B  .  .  .  .  .  B  .  .\7
<        8\.  B  B  B  .  .  .  .  .  .  .\8
<         9\.  .  W  B  B  .  .  .  .  .  .\9
<         10\.  .  .  B  W  .  .  .  .  .  W\10
<          11\.  W  W  B  .  .  .  .  .  .  .\11
<              a  b  c  d  e  f  g  h  i  j  k  
<
>genmove b
<= f1
<
>showboard
11a17 info: PlayAndSolve: Building VCs to avoid race condition.
11a17 info: PlayAndSolve: Continuing on as usual.
96ca6 info: *** PlayerThread ***
9ecb6 info: *** SolverThread ***
96ca6 info: Winning SC.
96ca6 info: *** Player move: f1
9ecb6 info: 
MID calls      0
VC builds      1
Terminal       1
Work           1
Wasted Work    0 (0%)
Elapsed Time   0.005006
MIDs/sec       0
VCs/sec        199.76
Cnt prune sib  0
Avg prune sib  -
Consider Size  -
Move Index     -
Move Percent   -
Delta Increase -
Winner         black
PV             

HashTableStatistics:
Stores         828
LookupAttempt  63967
LookupSuccess  3562
Collisions     0

<= 
< 
<  a8262a88ca5d4285
<  a  b  c  d  e  f  g  h  i  j  k  
< 1\.  .  .  W  W  B  W  .  .  .  .\1
<  2\.  .  W  B  B  B  W  .  .  .  .\2
<   3\.  .  W  B  W  .  .  .  .  W  W\3
<    4\.  B  B  .  .  .  .  .  .  .  W\4
<     5\.  W  B  W  .  .  .  .  .  .  .\5
<      6\.  B  B  .  .  .  .  .  .  .  .\6
<       7\.  W  B  .  .  .  .  .  B  .  .\7
<        8\.  B  B  B  .  .  .  .  .  .  .\8
<         9\.  .  W  B  B  .  .  .  .  .  .\9
<         10\.  .  .  B  W  .  .  .  .  .  W\10
<          11\.  W  W  B  .  .  .  .  .  .  .\11
<              a  b  c  d  e  f  g  h  i  j  k  
<
>play w resign
<= 
<
>showboard
<= 
< 
<  a8262a88ca5d4285
<  a  b  c  d  e  f  g  h  i  j  k  
< 1\.  .  .  W  W  B  W  .  .  .  .\1
<  2\.  .  W  B  B  B  W  .  .  .  .\2
<   3\.  .  W  B  W  .  .  .  .  W  W\3
<    4\.  B  B  .  .  .  .  .  .  .  W\4
<     5\.  W  B  W  .  .  .  .  .  .  .\5
<      6\.  B  B  .  .  .  .  .  .  .  .\6
<       7\.  W  B  .  .  .  .  .  B  .  .\7
<        8\.  B  B  B  .  .  .  .  .  .  .\8
<         9\.  .  W  B  B  .  .  .  .  .  .\9
<         10\.  .  .  B  W  .  .  .  .  .  W\10
<          11\.  W  W  B  .  .  .  .  .  .  .\11
<              a  b  c  d  e  f  g  h  i  j  k  
<
>final_score
<= B+
<
>quit
<= 
<
