82df7 config: MoHex v2.0.CMake Mar 21 2025.
82df7 config: ============ InitializeSystem ============
82df7 config: BenzeneProgram::InitRandom()
82df7 config: Seed = 323371
82df7 info: Prior Patterns:
82df7 info: Global:
82df7 info: Size            = 565 32648 
82df7 info: TableEntries    = 65932 65910
82df7 info: MirrorsAdded    = 0 0
82df7 info: PrunableCount   = 30593 30629
82df7 info: LargestGamma    = 5820.77
82df7 info: SmallestGamma   = 6.6e-05
82df7 info: Local:
82df7 info: Size            = 550 5318 
82df7 info: TableEntries    = 11602 11588
82df7 info: MirrorsAdded    = 0 0
82df7 info: PrunableCount   = 3659 3667
82df7 info: LargestGamma    = 11281.8
82df7 info: SmallestGamma   = 0.026235
82df7 info: Playout Patterns:
82df7 info: Global:
82df7 info: Size            = 565 32648 
82df7 info: TableEntries    = 70329 70329
82df7 info: MirrorsAdded    = 4397 4419
82df7 info: PrunableCount   = 30593 30629
82df7 info: LargestGamma    = 5820.77
82df7 info: SmallestGamma   = 6.6e-05
82df7 info: Local:
82df7 info: Size            = 550 5318 
82df7 info: TableEntries    = 11602 11588
82df7 info: MirrorsAdded    = 0 0
82df7 info: PrunableCount   = 3659 3667
82df7 info: LargestGamma    = 11281.8
82df7 info: SmallestGamma   = 0.026235
82df7 config: IcePatternSet: reading from '/home/linus/MoHex2.0/nfbranchfix/benzene-vanilla-cmake/share/ice-patterns.txt'.
82df7 config: IcePatternSet: parsed 708 patterns.
82df7 config: VCS: reading captured set patterns from '/home/linus/MoHex2.0/nfbranchfix/benzene-vanilla-cmake/share/vc-captured-set.txt'.
82df7 config: VCS:: parsed 2 patterns.
82df7 config: VCS: reading captured set patterns from '/home/linus/MoHex2.0/nfbranchfix/benzene-vanilla-cmake/share/vc-captured-set.txt'.
82df7 config: VCS:: parsed 2 patterns.
82df7 config: IcePatternSet: reading from '/home/linus/MoHex2.0/nfbranchfix/benzene-vanilla-cmake/share/ice-patterns.txt'.
82df7 config: IcePatternSet: parsed 708 patterns.
82df7 config: VCS: reading captured set patterns from '/home/linus/MoHex2.0/nfbranchfix/benzene-vanilla-cmake/share/vc-captured-set.txt'.
82df7 config: VCS:: parsed 2 patterns.
82df7 config: VCS: reading captured set patterns from '/home/linus/MoHex2.0/nfbranchfix/benzene-vanilla-cmake/share/vc-captured-set.txt'.
82df7 config: VCS:: parsed 2 patterns.
82df7 config: VCS: reading captured set patterns from '/home/linus/MoHex2.0/nfbranchfix/benzene-vanilla-cmake/share/vc-captured-set.txt'.
82df7 config: VCS:: parsed 2 patterns.
82df7 config: VCS: reading captured set patterns from '/home/linus/MoHex2.0/nfbranchfix/benzene-vanilla-cmake/share/vc-captured-set.txt'.
82df7 config: VCS:: parsed 2 patterns.
82df7 config: VCS: reading captured set patterns from '/home/linus/MoHex2.0/nfbranchfix/benzene-vanilla-cmake/share/vc-captured-set.txt'.
82df7 config: VCS:: parsed 2 patterns.
82df7 config: VCS: reading captured set patterns from '/home/linus/MoHex2.0/nfbranchfix/benzene-vanilla-cmake/share/vc-captured-set.txt'.
82df7 config: VCS:: parsed 2 patterns.
82df7 info: PlayAndSolve: Building VCs to avoid race condition.
82df7 config: VCPattern: loading pattern templates from '/home/linus/MoHex2.0/nfbranchfix/benzene-vanilla-cmake/share/vc-patterns.txt'.
82df7 info: PlayAndSolve: Continuing on as usual.
10096 info: *** PlayerThread ***
08086 info: *** SolverThread ***
3fff6 config: VCS: reading captured set patterns from '/home/linus/MoHex2.0/nfbranchfix/benzene-vanilla-cmake/share/vc-captured-set.txt'.
3fff6 config: VCS:: parsed 2 patterns.
3fff6 config: VCS: reading captured set patterns from '/home/linus/MoHex2.0/nfbranchfix/benzene-vanilla-cmake/share/vc-captured-set.txt'.
3fff6 config: VCS:: parsed 2 patterns.
3fff6 dfpn: 
10096 info: Best move cannot be determined, must search state.
10096 info: --- MoHexPlayer::Search() ---
10096 info: Color: white
10096 info: MaxGames: 1
10096 info: NumberThreads: 1
10096 info: MaxNodes: 181818181 (15999999928 bytes)
10096 info: TimeForMove: 1
3fff6 dfpn: d8
3fff6 dfpn: h4
3fff6 dfpn: e7
3fff6 dfpn: b10
3fff6 dfpn: g5
3fff6 dfpn: c9
3fff6 dfpn: d7
3fff6 dfpn: e8
3fff6 dfpn: f6
3fff6 dfpn: e6
3fff6 dfpn: f7
3fff6 dfpn: g6
3fff6 dfpn: i3
3fff6 dfpn: f5
3fff6 dfpn: h5
3fff6 dfpn: c8
3fff6 dfpn: g7
3fff6 dfpn: g4
3fff6 dfpn: e5
3fff6 dfpn: d6
3fff6 dfpn: f8
3fff6 dfpn: d9
3fff6 dfpn: b8
3fff6 dfpn: j2
10096 info: PreSearch: max time reached (47/89).
10096 info: Time for PreSearch: 0.201657s
3fff6 dfpn: b8
10096 info: 
  c687275fe75d74e6
  a  b  c  d  e  f  g  h  i  j  k  
 1\.  .  .  .  *  *  *  *  *  *  .\1
  2\.  .  .  *  *  *  *  *  *  *  .\2
   3\.  B  *  *  *  *  *  *  *  *  .\3
    4\.  *  *  *  *  *  *  *  *  *  .\4
     5\.  *  *  *  *  *  *  *  *  *  .\5
      6\.  *  *  *  *  *  *  *  *  *  .\6
       7\.  *  *  *  *  *  *  *  *  *  .\7
        8\.  *  *  *  *  *  *  *  *  *  .\8
         9\.  *  *  *  *  *  *  *  *  *  .\9
         10\.  *  *  *  *  *  *  *  .  .  .\10
          11\.  *  *  *  *  *  *  *  .  .  .\11
              a  b  c  d  e  f  g  h  i  j  k  
10096 info: No subtree to reuse.
10096 info: Creating thread 0
10096 info: StartSearch()[0]
10096 config: VCS: reading captured set patterns from '/home/linus/MoHex2.0/nfbranchfix/benzene-vanilla-cmake/share/vc-captured-set.txt'.
10096 config: VCS:: parsed 2 patterns.
10096 config: VCS: reading captured set patterns from '/home/linus/MoHex2.0/nfbranchfix/benzene-vanilla-cmake/share/vc-captured-set.txt'.
10096 config: VCS:: parsed 2 patterns.
10096 info: 
Elapsed Time   0.353141s
Count          1
GamesPlayed    1
Nodes          1
Knowledge      0 (0.0%)
Expansions     0.0
Time           0.00
GameLen        120.0 dev=0.0 min=120.0 max=120.0
InTree         0.0 dev=0.0 min=0.0 max=0.0
KnowDepth      -
Aborted        0%
Games/s        447.2
Score          1.00
Sequence      
10096 info: 
10096 warning: **** MoHexSearch returned empty sequence!
10096 warning: **** Returning random move!
10096 info: *** Player move: j3
3fff6 info: DfpnSolver::CheckAbort(): Abort flag!
08086 info: 
MID calls      44
VC builds      43
Terminal       0
Work           44
Wasted Work    0 (0%)
Elapsed Time   0.368535
MIDs/sec       119.392
VCs/sec        116.678
Cnt prune sib  0
Avg prune sib  -
Consider Size  88.093 dev=1.91481 min=83 max=90
Move Index     -
Move Percent   -
Delta Increase 2.97674 dev=12.3561 min=1 max=83
Winner         empty
PV             b8 d6 d8

HashTableStatistics:
Stores         112
LookupAttempt  12291
LookupSuccess  722
Collisions     0

08086 info: Search aborted.
82df7 info: PlayAndSolve: Building VCs to avoid race condition.
82df7 info: PlayAndSolve: Continuing on as usual.
08086 info: *** PlayerThread ***
10096 info: *** SolverThread ***
3fff6 config: VCS: reading captured set patterns from '/home/linus/MoHex2.0/nfbranchfix/benzene-vanilla-cmake/share/vc-captured-set.txt'.
3fff6 config: VCS:: parsed 2 patterns.
3fff6 config: VCS: reading captured set patterns from '/home/linus/MoHex2.0/nfbranchfix/benzene-vanilla-cmake/share/vc-captured-set.txt'.
3fff6 config: VCS:: parsed 2 patterns.
3fff6 dfpn: 
08086 info: Best move cannot be determined, must search state.
08086 info: --- MoHexPlayer::Search() ---
08086 info: Color: white
08086 info: MaxGames: 1
08086 info: NumberThreads: 1
08086 info: MaxNodes: 181818181 (15999999928 bytes)
08086 info: TimeForMove: 1
3fff6 dfpn: h4
3fff6 dfpn: d8
3fff6 dfpn: g5
3fff6 dfpn: e7
3fff6 dfpn: b10
3fff6 dfpn: c9
3fff6 dfpn: e6
3fff6 dfpn: d7
3fff6 dfpn: f6
3fff6 dfpn: d6
3fff6 dfpn: f5
3fff6 dfpn: e8
3fff6 dfpn: c8
3fff6 dfpn: g6
3fff6 dfpn: f7
3fff6 dfpn: h5
3fff6 dfpn: g4
3fff6 dfpn: e5
3fff6 dfpn: b8
3fff6 dfpn: c7
3fff6 dfpn: f4
3fff6 dfpn: b9
08086 info: PreSearch: max time reached (53/87).
08086 info: Time for PreSearch: 0.202974s
3fff6 dfpn: d9
3fff6 dfpn: b8
08086 info: 
  cd9dc5ac958e84b8
  a  b  c  d  e  f  g  h  i  j  k  
 1\.  .  .  .  *  *  *  *  *  *  .\1
  2\.  .  *  *  *  *  *  *  *  .  w\2
   3\.  B  *  B  *  *  *  *  *  W  w\3
    4\.  *  *  *  *  *  *  *  *  .  w\4
     5\.  *  *  *  *  *  *  *  *  *  .\5
      6\.  *  *  *  *  *  *  *  *  *  .\6
       7\.  *  *  *  *  *  *  *  *  *  .\7
        8\.  *  *  *  *  *  *  *  *  *  .\8
         9\.  *  *  *  *  *  *  *  *  *  .\9
         10\.  *  *  *  *  *  *  *  *  .  .\10
          11\.  *  *  *  *  *  *  *  .  .  .\11
              a  b  c  d  e  f  g  h  i  j  k  
08086 info: Old: [black, b3] [white, swap-pieces] 
08086 info: New: [black, b3] [white, swap-pieces] [white, j3] [black, d3] 
08086 info: ReuseSubtree: Colors do not alternate.
08086 info: No subtree to reuse.
08086 info: StartSearch()[0]
08086 info: 
Elapsed Time   0.34943s
Count          1
GamesPlayed    1
Nodes          1
Knowledge      0 (0.0%)
Expansions     0.0
Time           0.00
GameLen        115.0 dev=0.0 min=115.0 max=115.0
InTree         0.0 dev=0.0 min=0.0 max=0.0
KnowDepth      -
Aborted        0%
Games/s        2032.5
Score          0.00
Sequence      
08086 info: 
08086 warning: **** MoHexSearch returned empty sequence!
08086 warning: **** Returning random move!
08086 info: *** Player move: e10
3fff6 info: DfpnSolver::CheckAbort(): Abort flag!
10096 info: 
MID calls      40
VC builds      39
Terminal       0
Work           40
Wasted Work    0 (0%)
Elapsed Time   0.369912
MIDs/sec       108.134
VCs/sec        105.43
Cnt prune sib  0
Avg prune sib  -
Consider Size  80.6154 dev=2.5684 min=73 max=87
Move Index     -
Move Percent   -
Delta Increase 2.84615 dev=11.3805 min=1 max=73
Winner         empty
PV             b8 c8 d6

HashTableStatistics:
Stores         215
LookupAttempt  23419
LookupSuccess  1389
Collisions     0

10096 info: Search aborted.
82df7 info: PlayAndSolve: Building VCs to avoid race condition.
82df7 info: PlayAndSolve: Continuing on as usual.
10096 info: *** PlayerThread ***
08086 info: *** SolverThread ***
3fff6 config: VCS: reading captured set patterns from '/home/linus/MoHex2.0/nfbranchfix/benzene-vanilla-cmake/share/vc-captured-set.txt'.
3fff6 config: VCS:: parsed 2 patterns.
3fff6 config: VCS: reading captured set patterns from '/home/linus/MoHex2.0/nfbranchfix/benzene-vanilla-cmake/share/vc-captured-set.txt'.
3fff6 config: VCS:: parsed 2 patterns.
3fff6 dfpn: 
10096 info: Best move cannot be determined, must search state.
10096 info: --- MoHexPlayer::Search() ---
10096 info: Color: white
10096 info: MaxGames: 1
10096 info: NumberThreads: 1
10096 info: MaxNodes: 181818181 (15999999928 bytes)
10096 info: TimeForMove: 1
3fff6 dfpn: b10
3fff6 dfpn: c9
3fff6 dfpn: h4
3fff6 dfpn: d9
3fff6 dfpn: c10
3fff6 dfpn: d10
3fff6 dfpn: d8
3fff6 dfpn: g9
3fff6 dfpn: g5
3fff6 dfpn: g4
3fff6 dfpn: h5
3fff6 dfpn: b9
3fff6 dfpn: c8
3fff6 dfpn: b8
3fff6 dfpn: d7
3fff6 dfpn: e6
3fff6 dfpn: g6
3fff6 dfpn: d6
3fff6 dfpn: e7
3fff6 dfpn: i3
10096 info: PreSearch: max time reached (43/81).
10096 info: Time for PreSearch: 0.203468s
3fff6 dfpn: f6
3fff6 dfpn: i4
3fff6 dfpn: b9
10096 info: 
  830d9d015b7767ed
  a  b  c  d  e  f  g  h  i  j  k  
 1\.  .  .  .  *  *  *  .  B  b  b\1
  2\.  .  *  *  *  *  *  *  *  .  w\2
   3\.  B  *  B  *  *  *  *  *  W  w\3
    4\.  *  *  *  *  *  *  *  *  .  w\4
     5\.  *  *  *  *  *  *  *  *  *  .\5
      6\.  *  *  *  *  *  *  *  *  *  .\6
       7\.  *  *  *  *  *  *  *  *  *  .\7
        8\.  *  *  *  *  *  *  *  *  *  .\8
         9\.  *  *  *  *  *  *  *  *  *  .\9
         10\.  *  *  *  W  *  *  *  *  .  .\10
          11\.  *  *  .  .  *  *  *  .  .  .\11
              a  b  c  d  e  f  g  h  i  j  k  
10096 info: Old: [black, b3] [white, swap-pieces] [white, j3] [black, d3] 
10096 info: New: [black, b3] [white, swap-pieces] [white, j3] [black, d3] [white, e10] [black, i1] 
10096 info: MovesPlayed: [white, e10] [black, i1] 
10096 info: No subtree to reuse.
10096 info: StartSearch()[0]
10096 info: 
Elapsed Time   0.369329s
Count          1
GamesPlayed    1
Nodes          1
Knowledge      0 (0.0%)
Expansions     0.0
Time           0.00
GameLen        111.0 dev=0.0 min=111.0 max=111.0
InTree         0.0 dev=0.0 min=0.0 max=0.0
KnowDepth      -
Aborted        0%
Games/s        3076.9
Score          0.00
Sequence      
10096 info: 
10096 warning: **** MoHexSearch returned empty sequence!
10096 warning: **** Returning random move!
10096 info: *** Player move: k7
3fff6 info: DfpnSolver::CheckAbort(): Abort flag!
08086 info: 
MID calls      41
VC builds      40
Terminal       0
Work           41
Wasted Work    0 (0%)
Elapsed Time   0.382656
MIDs/sec       107.146
VCs/sec        104.533
Cnt prune sib  0
Avg prune sib  -
Consider Size  77.125 dev=2.13554 min=72 max=81
Move Index     -
Move Percent   -
Delta Increase 2.775 dev=11.0849 min=1 max=72
Winner         empty
PV             b9 i3 c9

HashTableStatistics:
Stores         319
LookupAttempt  33634
LookupSuccess  2008
Collisions     0

08086 info: Search aborted.
82df7 info: PlayAndSolve: Building VCs to avoid race condition.
82df7 info: PlayAndSolve: Continuing on as usual.
08086 info: *** PlayerThread ***
10096 info: *** SolverThread ***
3fff6 config: VCS: reading captured set patterns from '/home/linus/MoHex2.0/nfbranchfix/benzene-vanilla-cmake/share/vc-captured-set.txt'.
3fff6 config: VCS:: parsed 2 patterns.
3fff6 config: VCS: reading captured set patterns from '/home/linus/MoHex2.0/nfbranchfix/benzene-vanilla-cmake/share/vc-captured-set.txt'.
3fff6 config: VCS:: parsed 2 patterns.
3fff6 dfpn: 
08086 info: Best move cannot be determined, must search state.
08086 info: --- MoHexPlayer::Search() ---
08086 info: Color: white
08086 info: MaxGames: 1
08086 info: NumberThreads: 1
08086 info: MaxNodes: 181818181 (15999999928 bytes)
08086 info: TimeForMove: 1
3fff6 dfpn: b10
3fff6 dfpn: c9
3fff6 dfpn: d9
3fff6 dfpn: c10
3fff6 dfpn: h4
3fff6 dfpn: d10
3fff6 dfpn: d8
3fff6 dfpn: g9
3fff6 dfpn: b9
3fff6 dfpn: c8
3fff6 dfpn: g5
3fff6 dfpn: b8
3fff6 dfpn: h5
3fff6 dfpn: g4
3fff6 dfpn: d7
3fff6 dfpn: d6
3fff6 dfpn: e6
3fff6 dfpn: g6
3fff6 dfpn: e7
3fff6 dfpn: f6
3fff6 dfpn: b9
08086 info: PreSearch: max time reached (63/74).
08086 info: Time for PreSearch: 0.200399s
08086 info: 
  df7b59fa571367ec
  a  b  c  d  e  f  g  h  i  j  k  
 1\.  .  .  *  .  *  *  .  B  b  b\1
  2\.  .  .  .  *  *  *  *  *  .  w\2
   3\.  B  B  B  *  *  *  *  *  W  w\3
    4\.  .  *  *  *  *  *  *  *  .  w\4
     5\.  .  *  *  *  *  *  *  *  .  w\5
      6\.  *  *  *  *  *  *  *  *  .  w\6
       7\.  *  *  *  *  *  *  *  *  .  W\7
        8\.  *  *  *  *  *  *  *  *  *  .\8
         9\.  *  *  *  *  *  *  *  *  *  .\9
         10\.  *  *  *  W  *  *  *  *  .  .\10
          11\.  *  *  .  .  *  *  *  .  .  .\11
              a  b  c  d  e  f  g  h  i  j  k  
08086 info: Old: [black, b3] [white, swap-pieces] [white, j3] [black, d3] [white, e10] [black, i1] 
08086 info: New: [black, b3] [white, swap-pieces] [white, j3] [black, d3] [white, e10] [black, i1] [white, k7] [black, c3] 
08086 info: MovesPlayed: [white, k7] [black, c3] 
08086 info: No subtree to reuse.
08086 info: StartSearch()[0]
08086 info: 
Elapsed Time   0.353651s
Count          1
GamesPlayed    1
Nodes          1
Knowledge      0 (0.0%)
Expansions     0.0
Time           0.00
GameLen        107.0 dev=0.0 min=107.0 max=107.0
InTree         0.0 dev=0.0 min=0.0 max=0.0
KnowDepth      -
Aborted        0%
Games/s        2881.8
Score          1.00
Sequence      
08086 info: 
08086 warning: **** MoHexSearch returned empty sequence!
08086 warning: **** Returning random move!
08086 info: *** Player move: c9
3fff6 info: DfpnSolver::CheckAbort(): Abort flag!
10096 info: 
MID calls      54
VC builds      52
Terminal       0
Work           54
Wasted Work    0 (0%)
Elapsed Time   0.363105
MIDs/sec       148.717
VCs/sec        143.209
Cnt prune sib  0
Avg prune sib  -
Consider Size  66.1346 dev=10.316 min=24 max=74
Move Index     -
Move Percent   -
Delta Increase 3.45283 dev=12.3877 min=1 max=67
Winner         empty
PV             b9 d9 f5 h4

HashTableStatistics:
Stores         446
LookupAttempt  43137
LookupSuccess  2549
Collisions     0

10096 info: Search aborted.
82df7 info: PlayAndSolve: Building VCs to avoid race condition.
82df7 info: PlayAndSolve: Continuing on as usual.
10096 info: *** PlayerThread ***
08086 info: *** SolverThread ***
3fff6 config: VCS: reading captured set patterns from '/home/linus/MoHex2.0/nfbranchfix/benzene-vanilla-cmake/share/vc-captured-set.txt'.
3fff6 config: VCS:: parsed 2 patterns.
3fff6 config: VCS: reading captured set patterns from '/home/linus/MoHex2.0/nfbranchfix/benzene-vanilla-cmake/share/vc-captured-set.txt'.
3fff6 config: VCS:: parsed 2 patterns.
3fff6 dfpn: 
3fff6 dfpn: h4
10096 info: Best move cannot be determined, must search state.
10096 info: --- MoHexPlayer::Search() ---
10096 info: Color: white
10096 info: MaxGames: 1
10096 info: NumberThreads: 1
10096 info: MaxNodes: 181818181 (15999999928 bytes)
10096 info: TimeForMove: 1
3fff6 dfpn: d10
3fff6 dfpn: g9
3fff6 dfpn: h5
3fff6 dfpn: d9
3fff6 dfpn: i4
3fff6 dfpn: i5
3fff6 dfpn: b9
3fff6 dfpn: i3
3fff6 dfpn: e8
3fff6 dfpn: g5
3fff6 dfpn: g4
3fff6 dfpn: i8
3fff6 dfpn: f10
3fff6 dfpn: g6
3fff6 dfpn: b7
3fff6 dfpn: f6
3fff6 dfpn: f8
3fff6 dfpn: h9
3fff6 dfpn: f7
3fff6 dfpn: f8
10096 info: PreSearch: max time reached (50/73).
10096 info: Time for PreSearch: 0.200208s
10096 info: 
  8848bba67d1e7eeb
  a  b  c  d  e  f  g  h  i  j  k  
 1\.  .  .  *  .  *  *  .  B  b  b\1
  2\.  .  .  .  *  *  *  *  *  .  w\2
   3\.  B  B  B  *  *  *  *  *  W  w\3
    4\.  .  *  *  *  *  *  *  *  .  w\4
     5\.  .  *  *  *  *  *  *  *  .  w\5
      6\.  *  *  *  *  *  *  *  *  B  b\6
       7\.  *  *  *  *  *  *  *  *  *  W\7
        8\.  *  *  *  *  *  *  *  *  *  .\8
         9\.  *  W  *  *  *  *  *  *  *  .\9
         10\.  .  *  *  W  *  *  *  *  .  .\10
          11\.  *  *  .  .  *  *  *  .  .  .\11
              a  b  c  d  e  f  g  h  i  j  k  
3fff6 dfpn: g6
10096 info: Old: [black, b3] [white, swap-pieces] [white, j3] [black, d3] [white, e10] [black, i1] [white, k7] [black, c3] 
10096 info: New: [black, b3] [white, swap-pieces] [white, j3] [black, d3] [white, e10] [black, i1] [white, k7] [black, c3] [white, c9] [black, j6] 
10096 info: MovesPlayed: [white, c9] [black, j6] 
10096 info: No subtree to reuse.
10096 info: StartSearch()[0]
10096 info: 
Elapsed Time   0.559801s
Count          1
GamesPlayed    1
Nodes          1
Knowledge      0 (0.0%)
Expansions     0.0
Time           0.00
GameLen        105.0 dev=0.0 min=105.0 max=105.0
InTree         0.0 dev=0.0 min=0.0 max=0.0
KnowDepth      -
Aborted        0%
Games/s        2793.3
Score          0.00
Sequence      
10096 info: 
10096 warning: **** MoHexSearch returned empty sequence!
10096 warning: **** Returning random move!
10096 info: *** Player move: f6
3fff6 info: DfpnSolver::CheckAbort(): Abort flag!
08086 info: 
MID calls      82
VC builds      78
Terminal       0
Work           82
Wasted Work    0 (0%)
Elapsed Time   0.574362
MIDs/sec       142.767
VCs/sec        135.803
Cnt prune sib  2
Avg prune sib  1.5 dev=0.5 min=1 max=2
Consider Size  54.641 dev=19.8714 min=10 max=73
Move Index     -
Move Percent   -
Delta Increase 3.25926 dev=11.0997 min=1 max=69
Winner         empty
PV             g6 b10 d10 b9

HashTableStatistics:
Stores         630
LookupAttempt  53769
LookupSuccess  3162
Collisions     0

08086 info: Search aborted.
82df7 info: PlayAndSolve: Building VCs to avoid race condition.
82df7 info: PlayAndSolve: Continuing on as usual.
08086 info: *** PlayerThread ***
10096 info: *** SolverThread ***
3fff6 config: VCS: reading captured set patterns from '/home/linus/MoHex2.0/nfbranchfix/benzene-vanilla-cmake/share/vc-captured-set.txt'.
3fff6 config: VCS:: parsed 2 patterns.
3fff6 config: VCS: reading captured set patterns from '/home/linus/MoHex2.0/nfbranchfix/benzene-vanilla-cmake/share/vc-captured-set.txt'.
3fff6 config: VCS:: parsed 2 patterns.
3fff6 dfpn: 
08086 info: Best move cannot be determined, must search state.
08086 info: --- MoHexPlayer::Search() ---
08086 info: Color: white
08086 info: MaxGames: 1
08086 info: NumberThreads: 1
08086 info: MaxNodes: 181818181 (15999999928 bytes)
08086 info: TimeForMove: 1
3fff6 dfpn: h5
3fff6 dfpn: h4
3fff6 dfpn: i4
3fff6 dfpn: i5
3fff6 dfpn: g5
3fff6 dfpn: i3
3fff6 dfpn: g6
3fff6 dfpn: g4
3fff6 dfpn: d7
3fff6 dfpn: h6
3fff6 dfpn: e6
3fff6 dfpn: b7
3fff6 dfpn: b9
3fff6 dfpn: e7
3fff6 dfpn: g7
3fff6 dfpn: b8
3fff6 dfpn: b6
3fff6 dfpn: h3
3fff6 dfpn: g10
3fff6 dfpn: h5
08086 info: PreSearch: max time reached (31/71).
08086 info: Time for PreSearch: 0.204766s
08086 info: 
  62feece45a1a936e
  a  b  c  d  e  f  g  h  i  j  k  
 1\.  .  .  *  .  *  *  .  B  b  b\1
  2\.  .  .  .  *  *  *  *  *  .  w\2
   3\.  B  B  B  *  *  *  *  *  W  w\3
    4\.  .  *  *  *  *  *  *  *  .  w\4
     5\.  .  *  *  *  *  *  *  *  .  w\5
      6\.  *  *  *  *  W  *  *  *  B  b\6
       7\.  *  *  *  *  *  *  *  *  *  W\7
        8\.  *  *  *  *  *  *  B  *  *  .\8
         9\.  *  W  *  *  *  *  *  *  *  .\9
         10\.  .  *  *  W  *  *  *  *  .  .\10
          11\.  *  *  .  .  *  *  *  .  .  .\11
              a  b  c  d  e  f  g  h  i  j  k  
08086 info: Old: [black, b3] [white, swap-pieces] [white, j3] [black, d3] [white, e10] [black, i1] [white, k7] [black, c3] [white, c9] [black, j6] 
08086 info: New: [black, b3] [white, swap-pieces] [white, j3] [black, d3] [white, e10] [black, i1] [white, k7] [black, c3] [white, c9] [black, j6] [white, f6] [black, h8] 
08086 info: MovesPlayed: [white, f6] [black, h8] 
08086 info: No subtree to reuse.
08086 info: StartSearch()[0]
08086 info: 
Elapsed Time   0.357977s
Count          1
GamesPlayed    1
Nodes          1
Knowledge      0 (0.0%)
Expansions     0.0
Time           0.00
GameLen        103.0 dev=0.0 min=103.0 max=103.0
InTree         0.0 dev=0.0 min=0.0 max=0.0
KnowDepth      -
Aborted        0%
Games/s        3717.5
Score          1.00
Sequence      
08086 info: 
08086 warning: **** MoHexSearch returned empty sequence!
08086 warning: **** Returning random move!
08086 info: *** Player move: g8
3fff6 info: DfpnSolver::CheckAbort(): Abort flag!
10096 info: 
MID calls      40
VC builds      39
Terminal       0
Work           40
Wasted Work    0 (0%)
Elapsed Time   0.380026
MIDs/sec       105.256
VCs/sec        102.625
Cnt prune sib  3
Avg prune sib  1 dev=0 min=1 max=1
Consider Size  33.8205 dev=20.976 min=3 max=71
Move Index     -
Move Percent   -
Delta Increase 3.02564 dev=10.7715 min=1 max=69
Winner         empty
PV             h5 g6 b8 g5

HashTableStatistics:
Stores         728
LookupAttempt  60487
LookupSuccess  3645
Collisions     0

10096 info: Search aborted.
82df7 info: PlayAndSolve: Building VCs to avoid race condition.
82df7 info: PlayAndSolve: Continuing on as usual.
10096 info: *** PlayerThread ***
08086 info: *** SolverThread ***
3fff6 config: VCS: reading captured set patterns from '/home/linus/MoHex2.0/nfbranchfix/benzene-vanilla-cmake/share/vc-captured-set.txt'.
3fff6 config: VCS:: parsed 2 patterns.
3fff6 config: VCS: reading captured set patterns from '/home/linus/MoHex2.0/nfbranchfix/benzene-vanilla-cmake/share/vc-captured-set.txt'.
3fff6 config: VCS:: parsed 2 patterns.
3fff6 dfpn: 
10096 info: Best move cannot be determined, must search state.
10096 info: --- MoHexPlayer::Search() ---
10096 info: Color: white
10096 info: MaxGames: 1
10096 info: NumberThreads: 1
10096 info: MaxNodes: 181818181 (15999999928 bytes)
10096 info: TimeForMove: 1
3fff6 dfpn: h5
3fff6 dfpn: i5
3fff6 dfpn: h4
3fff6 dfpn: i4
3fff6 dfpn: h7
3fff6 dfpn: h6
3fff6 dfpn: g5
3fff6 dfpn: i6
3fff6 dfpn: i3
3fff6 dfpn: b9
3fff6 dfpn: b7
3fff6 dfpn: d9
3fff6 dfpn: e7
3fff6 dfpn: g4
3fff6 dfpn: g6
10096 info: PreSearch: max time reached (20/68).
10096 info: Time for PreSearch: 0.201299s
3fff6 dfpn: b8
3fff6 dfpn: d7
10096 info: 
  da94f4e8cf683b7e
  a  b  c  d  e  f  g  h  i  j  k  
 1\.  .  .  *  .  .  B  b  B  b  b\1
  2\.  .  .  .  *  *  *  *  *  .  w\2
   3\.  B  B  B  *  *  *  *  *  W  w\3
    4\.  .  *  *  *  *  *  *  *  .  w\4
     5\.  .  *  *  *  *  *  *  *  .  w\5
      6\.  *  *  *  *  W  *  *  *  B  b\6
       7\.  *  *  *  *  *  *  *  *  *  W\7
        8\.  *  *  *  *  *  W  B  *  *  .\8
         9\.  *  W  *  *  *  *  *  *  *  .\9
         10\.  .  *  *  W  *  *  *  *  .  .\10
          11\.  *  *  .  .  *  *  *  .  .  .\11
              a  b  c  d  e  f  g  h  i  j  k  
3fff6 dfpn: b6
3fff6 dfpn: h5
10096 info: Old: [black, b3] [white, swap-pieces] [white, j3] [black, d3] [white, e10] [black, i1] [white, k7] [black, c3] [white, c9] [black, j6] [white, f6] [black, h8] 
10096 info: New: [black, b3] [white, swap-pieces] [white, j3] [black, d3] [white, e10] [black, i1] [white, k7] [black, c3] [white, c9] [black, j6] [white, f6] [black, h8] [white, g8] [black, g1] 
10096 info: MovesPlayed: [white, g8] [black, g1] 
10096 info: No subtree to reuse.
10096 info: StartSearch()[0]
10096 info: 
Elapsed Time   0.352324s
Count          1
GamesPlayed    1
Nodes          1
Knowledge      0 (0.0%)
Expansions     0.0
Time           0.00
GameLen        100.0 dev=0.0 min=100.0 max=100.0
InTree         0.0 dev=0.0 min=0.0 max=0.0
KnowDepth      -
Aborted        0%
Games/s        3533.6
Score          0.00
Sequence      
10096 info: 
10096 warning: **** MoHexSearch returned empty sequence!
10096 warning: **** Returning random move!
10096 info: *** Player move: i5
3fff6 info: DfpnSolver::CheckAbort(): Abort flag!
08086 info: 
MID calls      28
VC builds      27
Terminal       0
Work           28
Wasted Work    0 (0%)
Elapsed Time   0.371044
MIDs/sec       75.4627
VCs/sec        72.7677
Cnt prune sib  2
Avg prune sib  1 dev=0 min=1 max=1
Consider Size  24.4074 dev=20.6348 min=2 max=68
Move Index     -
Move Percent   -
Delta Increase 3.81481 dev=12.2989 min=1 max=66
Winner         empty
PV             h5 a10 d6 c7

HashTableStatistics:
Stores         801
LookupAttempt  66052
LookupSuccess  4075
Collisions     0

08086 info: Search aborted.
82df7 info: PlayAndSolve: Building VCs to avoid race condition.
82df7 info: PlayAndSolve: Continuing on as usual.
08086 info: *** PlayerThread ***
10096 info: *** SolverThread ***
3fff6 config: VCS: reading captured set patterns from '/home/linus/MoHex2.0/nfbranchfix/benzene-vanilla-cmake/share/vc-captured-set.txt'.
3fff6 config: VCS:: parsed 2 patterns.
3fff6 config: VCS: reading captured set patterns from '/home/linus/MoHex2.0/nfbranchfix/benzene-vanilla-cmake/share/vc-captured-set.txt'.
3fff6 config: VCS:: parsed 2 patterns.
3fff6 dfpn: 
08086 info: Winning SC.
08086 info: *** Player move: e8
10096 info: 
MID calls      0
VC builds      1
Terminal       1
Work           1
Wasted Work    0 (0%)
Elapsed Time   0.007562
MIDs/sec       0
VCs/sec        132.24
Cnt prune sib  0
Avg prune sib  -
Consider Size  -
Move Index     -
Move Percent   -
Delta Increase -
Winner         white
PV             

HashTableStatistics:
Stores         802
LookupAttempt  66058
LookupSuccess  4078
Collisions     0

82df7 info: PlayAndSolve: Building VCs to avoid race condition.
82df7 info: PlayAndSolve: Continuing on as usual.
10096 info: *** PlayerThread ***
08086 info: *** SolverThread ***
3fff6 config: VCS: reading captured set patterns from '/home/linus/MoHex2.0/nfbranchfix/benzene-vanilla-cmake/share/vc-captured-set.txt'.
3fff6 config: VCS:: parsed 2 patterns.
3fff6 config: VCS: reading captured set patterns from '/home/linus/MoHex2.0/nfbranchfix/benzene-vanilla-cmake/share/vc-captured-set.txt'.
3fff6 config: VCS:: parsed 2 patterns.
3fff6 dfpn: 
10096 info: Winning SC.
10096 info: *** Player move: d8
08086 info: 
MID calls      0
VC builds      1
Terminal       1
Work           1
Wasted Work    0 (0%)
Elapsed Time   0.007296
MIDs/sec       0
VCs/sec        137.061
Cnt prune sib  0
Avg prune sib  -
Consider Size  -
Move Index     -
Move Percent   -
Delta Increase -
Winner         white
PV             

HashTableStatistics:
Stores         803
LookupAttempt  66064
LookupSuccess  4081
Collisions     0

82df7 info: PlayAndSolve: Building VCs to avoid race condition.
82df7 info: PlayAndSolve: Continuing on as usual.
08086 info: *** PlayerThread ***
10096 info: *** SolverThread ***
3fff6 config: VCS: reading captured set patterns from '/home/linus/MoHex2.0/nfbranchfix/benzene-vanilla-cmake/share/vc-captured-set.txt'.
3fff6 config: VCS:: parsed 2 patterns.
3fff6 config: VCS: reading captured set patterns from '/home/linus/MoHex2.0/nfbranchfix/benzene-vanilla-cmake/share/vc-captured-set.txt'.
3fff6 config: VCS:: parsed 2 patterns.
3fff6 dfpn: 
08086 info: Winning SC.
08086 info: *** Player move: e7
10096 info: 
MID calls      0
VC builds      1
Terminal       1
Work           1
Wasted Work    0 (0%)
Elapsed Time   0.007429
MIDs/sec       0
VCs/sec        134.608
Cnt prune sib  0
Avg prune sib  -
Consider Size  -
Move Index     -
Move Percent   -
Delta Increase -
Winner         white
PV             

HashTableStatistics:
Stores         804
LookupAttempt  66070
LookupSuccess  4084
Collisions     0

82df7 info: PlayAndSolve: Building VCs to avoid race condition.
82df7 info: PlayAndSolve: Continuing on as usual.
10096 info: *** PlayerThread ***
08086 info: *** SolverThread ***
3fff6 config: VCS: reading captured set patterns from '/home/linus/MoHex2.0/nfbranchfix/benzene-vanilla-cmake/share/vc-captured-set.txt'.
3fff6 config: VCS:: parsed 2 patterns.
3fff6 config: VCS: reading captured set patterns from '/home/linus/MoHex2.0/nfbranchfix/benzene-vanilla-cmake/share/vc-captured-set.txt'.
3fff6 config: VCS:: parsed 2 patterns.
3fff6 dfpn: 
10096 info: Winning SC.
10096 info: *** Player move: b9
08086 info: 
MID calls      0
VC builds      1
Terminal       1
Work           1
Wasted Work    0 (0%)
Elapsed Time   0.007334
MIDs/sec       0
VCs/sec        136.351
Cnt prune sib  0
Avg prune sib  -
Consider Size  -
Move Index     -
Move Percent   -
Delta Increase -
Winner         white
PV             

HashTableStatistics:
Stores         805
LookupAttempt  66076
LookupSuccess  4087
Collisions     0

82df7 info: PlayAndSolve: Building VCs to avoid race condition.
82df7 info: PlayAndSolve: Continuing on as usual.
08086 info: *** PlayerThread ***
10096 info: *** SolverThread ***
3fff6 config: VCS: reading captured set patterns from '/home/linus/MoHex2.0/nfbranchfix/benzene-vanilla-cmake/share/vc-captured-set.txt'.
3fff6 config: VCS:: parsed 2 patterns.
3fff6 config: VCS: reading captured set patterns from '/home/linus/MoHex2.0/nfbranchfix/benzene-vanilla-cmake/share/vc-captured-set.txt'.
3fff6 config: VCS:: parsed 2 patterns.
3fff6 dfpn: 
08086 info: Winning SC.
08086 info: *** Player move: h6
10096 info: 
MID calls      0
VC builds      1
Terminal       1
Work           1
Wasted Work    0 (0%)
Elapsed Time   0.006417
MIDs/sec       0
VCs/sec        155.836
Cnt prune sib  0
Avg prune sib  -
Consider Size  -
Move Index     -
Move Percent   -
Delta Increase -
Winner         white
PV             

HashTableStatistics:
Stores         806
LookupAttempt  66082
LookupSuccess  4090
Collisions     0

82df7 info: PlayAndSolve: Building VCs to avoid race condition.
82df7 info: PlayAndSolve: Continuing on as usual.
10096 info: *** PlayerThread ***
08086 info: *** SolverThread ***
3fff6 config: VCS: reading captured set patterns from '/home/linus/MoHex2.0/nfbranchfix/benzene-vanilla-cmake/share/vc-captured-set.txt'.
3fff6 config: VCS:: parsed 2 patterns.
3fff6 config: VCS: reading captured set patterns from '/home/linus/MoHex2.0/nfbranchfix/benzene-vanilla-cmake/share/vc-captured-set.txt'.
3fff6 config: VCS:: parsed 2 patterns.
3fff6 dfpn: 
10096 info: Winning SC.
10096 info: *** Player move: g6
08086 info: 
MID calls      0
VC builds      1
Terminal       1
Work           1
Wasted Work    0 (0%)
Elapsed Time   0.008215
MIDs/sec       0
VCs/sec        121.729
Cnt prune sib  0
Avg prune sib  -
Consider Size  -
Move Index     -
Move Percent   -
Delta Increase -
Winner         white
PV             

HashTableStatistics:
Stores         807
LookupAttempt  66088
LookupSuccess  4093
Collisions     0

82df7 info: PlayAndSolve: Building VCs to avoid race condition.
82df7 info: PlayAndSolve: Continuing on as usual.
08086 info: *** PlayerThread ***
10096 info: *** SolverThread ***
3fff6 config: VCS: reading captured set patterns from '/home/linus/MoHex2.0/nfbranchfix/benzene-vanilla-cmake/share/vc-captured-set.txt'.
3fff6 config: VCS:: parsed 2 patterns.
3fff6 config: VCS: reading captured set patterns from '/home/linus/MoHex2.0/nfbranchfix/benzene-vanilla-cmake/share/vc-captured-set.txt'.
3fff6 config: VCS:: parsed 2 patterns.
3fff6 dfpn: 
08086 info: Winning SC.
08086 info: *** Player move: a9
10096 info: 
MID calls      0
VC builds      1
Terminal       1
Work           1
Wasted Work    0 (0%)
Elapsed Time   0.005965
MIDs/sec       0
VCs/sec        167.645
Cnt prune sib  0
Avg prune sib  -
Consider Size  -
Move Index     -
Move Percent   -
Delta Increase -
Winner         white
PV             

HashTableStatistics:
Stores         808
LookupAttempt  66094
LookupSuccess  4096
Collisions     0

82df7 info: PlayAndSolve: Building VCs to avoid race condition.
82df7 info: PlayAndSolve: Continuing on as usual.
10096 info: *** PlayerThread ***
08086 info: *** SolverThread ***
3fff6 config: VCS: reading captured set patterns from '/home/linus/MoHex2.0/nfbranchfix/benzene-vanilla-cmake/share/vc-captured-set.txt'.
3fff6 config: VCS:: parsed 2 patterns.
3fff6 config: VCS: reading captured set patterns from '/home/linus/MoHex2.0/nfbranchfix/benzene-vanilla-cmake/share/vc-captured-set.txt'.
3fff6 config: VCS:: parsed 2 patterns.
3fff6 dfpn: 
10096 info: Winning SC.
10096 info: *** Player move: j4
08086 info: 
MID calls      0
VC builds      1
Terminal       1
Work           1
Wasted Work    0 (0%)
Elapsed Time   0.009082
MIDs/sec       0
VCs/sec        110.108
Cnt prune sib  0
Avg prune sib  -
Consider Size  -
Move Index     -
Move Percent   -
Delta Increase -
Winner         white
PV             

HashTableStatistics:
Stores         809
LookupAttempt  66100
LookupSuccess  4099
Collisions     0

82df7 info: PlayAndSolve: Building VCs to avoid race condition.
82df7 info: PlayAndSolve: Continuing on as usual.
08086 info: *** PlayerThread ***
10096 info: *** SolverThread ***
3fff6 config: VCS: reading captured set patterns from '/home/linus/MoHex2.0/nfbranchfix/benzene-vanilla-cmake/share/vc-captured-set.txt'.
3fff6 config: VCS:: parsed 2 patterns.
3fff6 config: VCS: reading captured set patterns from '/home/linus/MoHex2.0/nfbranchfix/benzene-vanilla-cmake/share/vc-captured-set.txt'.
3fff6 config: VCS:: parsed 2 patterns.
3fff6 dfpn: 
08086 info: Winning SC.
08086 info: *** Player move: k2
10096 info: 
MID calls      0
VC builds      1
Terminal       1
Work           1
Wasted Work    0 (0%)
Elapsed Time   0.007212
MIDs/sec       0
VCs/sec        138.658
Cnt prune sib  0
Avg prune sib  -
Consider Size  -
Move Index     -
Move Percent   -
Delta Increase -
Winner         white
PV             

HashTableStatistics:
Stores         810
LookupAttempt  66106
LookupSuccess  4102
Collisions     0

82df7 config: ============ BenzeneShutdown =============
82df7 config: MoHexProgram:: ShutdownSystem()
82df7 config: CommonProgram:: ShutdownSystem()
82df7 config: BenzeneProgram:: ShutdownSystem()
Flushing and closing this stream...
