78027 config: MoHex v2.0.CMake Mar 21 2025.
78027 config: ============ InitializeSystem ============
78027 config: BenzeneProgram::InitRandom()
78027 config: Seed = 425189
78027 info: Prior Patterns:
78027 info: Global:
78027 info: Size            = 565 32648 
78027 info: TableEntries    = 65932 65910
78027 info: MirrorsAdded    = 0 0
78027 info: PrunableCount   = 30593 30629
78027 info: LargestGamma    = 5820.77
78027 info: SmallestGamma   = 6.6e-05
78027 info: Local:
78027 info: Size            = 550 5318 
78027 info: TableEntries    = 11602 11588
78027 info: MirrorsAdded    = 0 0
78027 info: PrunableCount   = 3659 3667
78027 info: LargestGamma    = 11281.8
78027 info: SmallestGamma   = 0.026235
78027 info: Playout Patterns:
78027 info: Global:
78027 info: Size            = 565 32648 
78027 info: TableEntries    = 70329 70329
78027 info: MirrorsAdded    = 4397 4419
78027 info: PrunableCount   = 30593 30629
78027 info: LargestGamma    = 5820.77
78027 info: SmallestGamma   = 6.6e-05
78027 info: Local:
78027 info: Size            = 550 5318 
78027 info: TableEntries    = 11602 11588
78027 info: MirrorsAdded    = 0 0
78027 info: PrunableCount   = 3659 3667
78027 info: LargestGamma    = 11281.8
78027 info: SmallestGamma   = 0.026235
78027 config: IcePatternSet: reading from '/home/linus/MoHex2.0/nfbranchfix/benzene-vanilla-cmake/share/ice-patterns.txt'.
78027 config: IcePatternSet: parsed 708 patterns.
78027 config: VCS: reading captured set patterns from '/home/linus/MoHex2.0/nfbranchfix/benzene-vanilla-cmake/share/vc-captured-set.txt'.
78027 config: VCS:: parsed 2 patterns.
78027 config: VCS: reading captured set patterns from '/home/linus/MoHex2.0/nfbranchfix/benzene-vanilla-cmake/share/vc-captured-set.txt'.
78027 config: VCS:: parsed 2 patterns.
78027 config: IcePatternSet: reading from '/home/linus/MoHex2.0/nfbranchfix/benzene-vanilla-cmake/share/ice-patterns.txt'.
78027 config: IcePatternSet: parsed 708 patterns.
78027 config: VCS: reading captured set patterns from '/home/linus/MoHex2.0/nfbranchfix/benzene-vanilla-cmake/share/vc-captured-set.txt'.
78027 config: VCS:: parsed 2 patterns.
78027 config: VCS: reading captured set patterns from '/home/linus/MoHex2.0/nfbranchfix/benzene-vanilla-cmake/share/vc-captured-set.txt'.
78027 config: VCS:: parsed 2 patterns.
78027 config: VCS: reading captured set patterns from '/home/linus/MoHex2.0/nfbranchfix/benzene-vanilla-cmake/share/vc-captured-set.txt'.
78027 config: VCS:: parsed 2 patterns.
78027 config: VCS: reading captured set patterns from '/home/linus/MoHex2.0/nfbranchfix/benzene-vanilla-cmake/share/vc-captured-set.txt'.
78027 config: VCS:: parsed 2 patterns.
78027 config: VCS: reading captured set patterns from '/home/linus/MoHex2.0/nfbranchfix/benzene-vanilla-cmake/share/vc-captured-set.txt'.
78027 config: VCS:: parsed 2 patterns.
78027 config: VCS: reading captured set patterns from '/home/linus/MoHex2.0/nfbranchfix/benzene-vanilla-cmake/share/vc-captured-set.txt'.
78027 config: VCS:: parsed 2 patterns.
78027 info: SwapCheck: reading from '/home/linus/MoHex2.0/nfbranchfix/benzene-vanilla-cmake/share/swap-moves.txt'.
78027 info: SwapCheck: playing swap.
78027 info: PlayAndSolve: Building VCs to avoid race condition.
78027 config: VCPattern: loading pattern templates from '/home/linus/MoHex2.0/nfbranchfix/benzene-vanilla-cmake/share/vc-patterns.txt'.
78027 info: PlayAndSolve: Continuing on as usual.
bfff6 info: *** PlayerThread ***
b7fe6 info: *** SolverThread ***
affd6 config: VCS: reading captured set patterns from '/home/linus/MoHex2.0/nfbranchfix/benzene-vanilla-cmake/share/vc-captured-set.txt'.
affd6 config: VCS:: parsed 2 patterns.
affd6 config: VCS: reading captured set patterns from '/home/linus/MoHex2.0/nfbranchfix/benzene-vanilla-cmake/share/vc-captured-set.txt'.
affd6 config: VCS:: parsed 2 patterns.
affd6 dfpn: 
bfff6 info: Best move cannot be determined, must search state.
bfff6 info: --- MoHexPlayer::Search() ---
bfff6 info: Color: black
bfff6 info: MaxGames: 1
bfff6 info: NumberThreads: 1
bfff6 info: MaxNodes: 9090 (799920 bytes)
bfff6 info: TimeForMove: 1
affd6 dfpn: i3
affd6 dfpn: j2
affd6 dfpn: h4
affd6 dfpn: e4
affd6 dfpn: b10
affd6 dfpn: h3
affd6 dfpn: d8
affd6 dfpn: c9
affd6 dfpn: i2
affd6 dfpn: c8
affd6 dfpn: b8
affd6 dfpn: b6
affd6 dfpn: i4
affd6 dfpn: c7
affd6 dfpn: j3
affd6 dfpn: e7
affd6 dfpn: b9
affd6 dfpn: d7
affd6 dfpn: b7
affd6 dfpn: e8
affd6 dfpn: j4
affd6 dfpn: h5
affd6 dfpn: d6
affd6 dfpn: e6
affd6 dfpn: i2
bfff6 info: PreSearch: max time reached (55/89).
bfff6 info: Time for PreSearch: 0.200429s
bfff6 info: 
  6bbba6cc16c7e934
  a  b  c  d  e  f  g  h  i  j  k  
 1\.  .  .  .  .  .  .  .  .  .  .\1
  2\.  .  *  *  *  *  .  .  *  *  *\2
   3\.  *  *  *  *  *  W  *  *  *  *\3
    4\*  *  *  *  *  *  *  *  *  *  *\4
     5\B  *  *  *  *  *  *  *  *  *  *\5
      6\*  *  *  *  *  *  *  *  *  *  *\6
       7\*  *  *  *  *  *  *  *  *  *  *\7
        8\*  *  *  *  *  *  *  *  *  *  *\8
         9\*  *  *  *  *  *  *  *  *  *  .\9
         10\*  *  *  *  *  *  *  *  *  .  .\10
          11\.  .  .  .  .  .  .  .  .  .  .\11
              a  b  c  d  e  f  g  h  i  j  k  
bfff6 info: No subtree to reuse.
bfff6 info: Creating thread 0
bfff6 info: StartSearch()[0]
bfff6 config: VCS: reading captured set patterns from '/home/linus/MoHex2.0/nfbranchfix/benzene-vanilla-cmake/share/vc-captured-set.txt'.
bfff6 config: VCS:: parsed 2 patterns.
bfff6 config: VCS: reading captured set patterns from '/home/linus/MoHex2.0/nfbranchfix/benzene-vanilla-cmake/share/vc-captured-set.txt'.
bfff6 config: VCS:: parsed 2 patterns.
bfff6 info: 
Elapsed Time   0.357532s
Count          1
GamesPlayed    1
Nodes          1
Knowledge      0 (0.0%)
Expansions     0.0
Time           0.00
GameLen        119.0 dev=0.0 min=119.0 max=119.0
InTree         0.0 dev=0.0 min=0.0 max=0.0
KnowDepth      -
Aborted        0%
Games/s        394.9
Score          1.00
Sequence      
bfff6 info: 
bfff6 warning: **** MoHexSearch returned empty sequence!
bfff6 warning: **** Returning random move!
bfff6 info: *** Player move: h8
affd6 info: DfpnSolver::CheckAbort(): Abort flag!
b7fe6 info: 
MID calls      50
VC builds      48
Terminal       0
Work           50
Wasted Work    0 (0%)
Elapsed Time   0.369019
MIDs/sec       135.494
VCs/sec        130.075
Cnt prune sib  0
Avg prune sib  -
Consider Size  87.2083 dev=3.66279 min=77 max=91
Move Index     -
Move Percent   -
Delta Increase 4.34694 dev=15.728 min=1 max=82
Winner         empty
PV             i2 b8 h4 g6

HashTableStatistics:
Stores         123
LookupAttempt  12779
LookupSuccess  729
Collisions     0

b7fe6 info: Search aborted.
78027 info: PlayAndSolve: Building VCs to avoid race condition.
78027 info: PlayAndSolve: Continuing on as usual.
b7fe6 info: *** PlayerThread ***
bfff6 info: *** SolverThread ***
affd6 config: VCS: reading captured set patterns from '/home/linus/MoHex2.0/nfbranchfix/benzene-vanilla-cmake/share/vc-captured-set.txt'.
affd6 config: VCS:: parsed 2 patterns.
affd6 config: VCS: reading captured set patterns from '/home/linus/MoHex2.0/nfbranchfix/benzene-vanilla-cmake/share/vc-captured-set.txt'.
affd6 config: VCS:: parsed 2 patterns.
affd6 dfpn: 
b7fe6 info: Best move cannot be determined, must search state.
b7fe6 info: --- MoHexPlayer::Search() ---
b7fe6 info: Color: black
b7fe6 info: MaxGames: 1
b7fe6 info: NumberThreads: 1
b7fe6 info: MaxNodes: 9090 (799920 bytes)
b7fe6 info: TimeForMove: 1
affd6 dfpn: h3
affd6 dfpn: e4
affd6 dfpn: j2
affd6 dfpn: b6
affd6 dfpn: f4
affd6 dfpn: j3
affd6 dfpn: e5
affd6 dfpn: d6
affd6 dfpn: f3
affd6 dfpn: c7
affd6 dfpn: d5
affd6 dfpn: c8
affd6 dfpn: b8
affd6 dfpn: c6
affd6 dfpn: e6
affd6 dfpn: d7
affd6 dfpn: b7
affd6 dfpn: d8
affd6 dfpn: c9
affd6 dfpn: b10
affd6 dfpn: f5
affd6 dfpn: e7
affd6 dfpn: g4
affd6 dfpn: j2
b7fe6 info: PreSearch: max time reached (50/87).
b7fe6 info: Time for PreSearch: 0.203033s
b7fe6 info: 
  d8e5e46e3043ee3d
  a  b  c  d  e  f  g  h  i  j  k  
 1\.  .  .  .  .  .  .  .  .  .  .\1
  2\.  .  *  *  *  *  .  *  .  *  *\2
   3\.  *  *  *  *  *  W  *  W  *  *\3
    4\*  *  *  *  *  *  *  *  *  *  *\4
     5\B  *  *  *  *  *  *  *  *  *  *\5
      6\*  *  *  *  *  *  *  *  *  *  *\6
       7\*  *  *  *  *  *  *  *  *  *  *\7
        8\*  *  *  *  *  *  *  B  *  *  *\8
         9\*  *  *  *  *  *  *  *  *  *  .\9
         10\*  *  *  *  *  *  *  *  *  .  .\10
          11\.  .  .  .  .  .  .  .  .  .  .\11
              a  b  c  d  e  f  g  h  i  j  k  
b7fe6 info: Old: [black, a5] [white, swap-pieces] [white, g3] 
b7fe6 info: New: [black, a5] [white, swap-pieces] [white, g3] [black, h8] [white, i3] 
b7fe6 info: MovesPlayed: [black, h8] [white, i3] 
b7fe6 info: No subtree to reuse.
b7fe6 info: StartSearch()[0]
b7fe6 info: 
Elapsed Time   0.358608s
Count          1
GamesPlayed    1
Nodes          1
Knowledge      0 (0.0%)
Expansions     0.0
Time           0.00
GameLen        117.0 dev=0.0 min=117.0 max=117.0
InTree         0.0 dev=0.0 min=0.0 max=0.0
KnowDepth      -
Aborted        0%
Games/s        2994.0
Score          1.00
Sequence      
b7fe6 info: 
b7fe6 warning: **** MoHexSearch returned empty sequence!
b7fe6 warning: **** Returning random move!
b7fe6 info: *** Player move: h7
affd6 info: DfpnSolver::CheckAbort(): Abort flag!
bfff6 info: 
MID calls      46
VC builds      45
Terminal       0
Work           46
Wasted Work    0 (0%)
Elapsed Time   0.373851
MIDs/sec       123.044
VCs/sec        120.369
Cnt prune sib  0
Avg prune sib  -
Consider Size  84.4444 dev=3.64287 min=76 max=89
Move Index     -
Move Percent   -
Delta Increase 2.84444 dev=12.2347 min=1 max=84
Winner         empty
PV             j2 d5 j3

HashTableStatistics:
Stores         238
LookupAttempt  24586
LookupSuccess  1402
Collisions     0

bfff6 info: Search aborted.
78027 info: PlayAndSolve: Building VCs to avoid race condition.
78027 info: PlayAndSolve: Continuing on as usual.
bfff6 info: *** PlayerThread ***
b7fe6 info: *** SolverThread ***
affd6 config: VCS: reading captured set patterns from '/home/linus/MoHex2.0/nfbranchfix/benzene-vanilla-cmake/share/vc-captured-set.txt'.
affd6 config: VCS:: parsed 2 patterns.
affd6 config: VCS: reading captured set patterns from '/home/linus/MoHex2.0/nfbranchfix/benzene-vanilla-cmake/share/vc-captured-set.txt'.
affd6 config: VCS:: parsed 2 patterns.
affd6 dfpn: 
bfff6 info: Best move cannot be determined, must search state.
bfff6 info: --- MoHexPlayer::Search() ---
bfff6 info: Color: black
bfff6 info: MaxGames: 1
bfff6 info: NumberThreads: 1
bfff6 info: MaxNodes: 9090 (799920 bytes)
bfff6 info: TimeForMove: 1
affd6 dfpn: h3
affd6 dfpn: e4
affd6 dfpn: j2
affd6 dfpn: j3
affd6 dfpn: f3
affd6 dfpn: f4
affd6 dfpn: e3
affd6 dfpn: e5
affd6 dfpn: g4
affd6 dfpn: h4
affd6 dfpn: f5
affd6 dfpn: f2
affd6 dfpn: d5
affd6 dfpn: g6
affd6 dfpn: d6
affd6 dfpn: i5
affd6 dfpn: e6
affd6 dfpn: d4
affd6 dfpn: h2
affd6 dfpn: f6
affd6 dfpn: k2
bfff6 info: PreSearch: max time reached (48/85).
bfff6 info: Time for PreSearch: 0.206402s
affd6 dfpn: e2
affd6 dfpn: d3
bfff6 info: 
  63ca8d3ada5d1ab6
  a  b  c  d  e  f  g  h  i  j  k  
 1\b  b  .  .  .  .  .  .  .  .  .\1
  2\w  W  *  *  *  *  .  *  .  *  *\2
   3\w  *  *  *  *  *  W  *  W  *  *\3
    4\.  *  *  *  *  *  *  *  *  *  *\4
     5\B  *  *  *  *  *  *  *  *  *  *\5
      6\*  *  *  *  *  *  *  *  *  *  *\6
       7\*  *  *  *  *  *  *  B  *  *  *\7
        8\*  *  *  *  *  *  *  B  *  *  *\8
         9\*  *  *  *  *  *  *  *  *  *  .\9
         10\*  *  *  *  *  *  *  *  *  .  .\10
          11\.  .  .  .  .  .  .  .  .  .  .\11
              a  b  c  d  e  f  g  h  i  j  k  
affd6 dfpn: f2
bfff6 info: Old: [black, a5] [white, swap-pieces] [white, g3] [black, h8] [white, i3] 
bfff6 info: New: [black, a5] [white, swap-pieces] [white, g3] [black, h8] [white, i3] [black, h7] [white, b2] 
bfff6 info: MovesPlayed: [black, h7] [white, b2] 
bfff6 info: No subtree to reuse.
bfff6 info: StartSearch()[0]
bfff6 info: 
Elapsed Time   0.35467s
Count          1
GamesPlayed    1
Nodes          1
Knowledge      0 (0.0%)
Expansions     0.0
Time           0.00
GameLen        111.0 dev=0.0 min=111.0 max=111.0
InTree         0.0 dev=0.0 min=0.0 max=0.0
KnowDepth      -
Aborted        0%
Games/s        3623.2
Score          1.00
Sequence      
bfff6 info: 
bfff6 warning: **** MoHexSearch returned empty sequence!
bfff6 warning: **** Returning random move!
bfff6 info: *** Player move: g2
affd6 info: DfpnSolver::CheckAbort(): Abort flag!
b7fe6 info: 
MID calls      36
VC builds      35
Terminal       0
Work           36
Wasted Work    0 (0%)
Elapsed Time   0.369021
MIDs/sec       97.5554
VCs/sec        94.8456
Cnt prune sib  0
Avg prune sib  -
Consider Size  80.4857 dev=9.87169 min=42 max=87
Move Index     -
Move Percent   -
Delta Increase 3.2 dev=12.1604 min=1 max=74
Winner         empty
PV             f2 g4 e4

HashTableStatistics:
Stores         333
LookupAttempt  35188
LookupSuccess  2065
Collisions     0

b7fe6 info: Search aborted.
78027 info: PlayAndSolve: Building VCs to avoid race condition.
78027 info: PlayAndSolve: Continuing on as usual.
b7fe6 info: *** PlayerThread ***
bfff6 info: *** SolverThread ***
affd6 config: VCS: reading captured set patterns from '/home/linus/MoHex2.0/nfbranchfix/benzene-vanilla-cmake/share/vc-captured-set.txt'.
affd6 config: VCS:: parsed 2 patterns.
affd6 config: VCS: reading captured set patterns from '/home/linus/MoHex2.0/nfbranchfix/benzene-vanilla-cmake/share/vc-captured-set.txt'.
affd6 config: VCS:: parsed 2 patterns.
affd6 dfpn: 
b7fe6 info: Best move cannot be determined, must search state.
b7fe6 info: --- MoHexPlayer::Search() ---
b7fe6 info: Color: black
b7fe6 info: MaxGames: 1
b7fe6 info: NumberThreads: 1
b7fe6 info: MaxNodes: 9090 (799920 bytes)
b7fe6 info: TimeForMove: 1
affd6 dfpn: e4
affd6 dfpn: f3
affd6 dfpn: h3
affd6 dfpn: d4
affd6 dfpn: f4
affd6 dfpn: j2
affd6 dfpn: j3
affd6 dfpn: e3
affd6 dfpn: e5
affd6 dfpn: g4
affd6 dfpn: f5
affd6 dfpn: h4
affd6 dfpn: g6
affd6 dfpn: d5
affd6 dfpn: i5
affd6 dfpn: k2
affd6 dfpn: f6
affd6 dfpn: e6
affd6 dfpn: d3
affd6 dfpn: d6
affd6 dfpn: j4
affd6 dfpn: f3
b7fe6 info: PreSearch: max time reached (46/79).
b7fe6 info: Time for PreSearch: 0.206507s
b7fe6 info: 
  7523a19a33482e00
  a  b  c  d  e  f  g  h  i  j  k  
 1\b  b  .  .  .  b  b  b  b  .  .\1
  2\w  W  *  .  .  .  B  .  .  *  *\2
   3\w  .  W  *  *  *  W  *  W  *  *\3
    4\.  .  *  *  *  *  *  *  *  *  *\4
     5\B  *  *  *  *  *  *  *  *  *  *\5
      6\*  *  *  *  *  *  *  *  *  *  *\6
       7\*  *  *  *  *  *  *  B  *  *  *\7
        8\*  *  *  *  *  *  *  B  *  *  *\8
         9\*  *  *  *  *  *  *  *  *  *  .\9
         10\*  *  *  *  *  *  *  *  *  .  .\10
          11\.  .  .  .  .  .  .  .  .  .  .\11
              a  b  c  d  e  f  g  h  i  j  k  
b7fe6 info: Old: [black, a5] [white, swap-pieces] [white, g3] [black, h8] [white, i3] [black, h7] [white, b2] 
b7fe6 info: New: [black, a5] [white, swap-pieces] [white, g3] [black, h8] [white, i3] [black, h7] [white, b2] [black, g2] [white, c3] 
b7fe6 info: MovesPlayed: [black, g2] [white, c3] 
b7fe6 info: No subtree to reuse.
b7fe6 info: StartSearch()[0]
b7fe6 info: 
Elapsed Time   0.373047s
Count          1
GamesPlayed    1
Nodes          1
Knowledge      0 (0.0%)
Expansions     0.0
Time           0.00
GameLen        105.0 dev=0.0 min=105.0 max=105.0
InTree         0.0 dev=0.0 min=0.0 max=0.0
KnowDepth      -
Aborted        0%
Games/s        3268.0
Score          0.00
Sequence      
b7fe6 info: 
b7fe6 warning: **** MoHexSearch returned empty sequence!
b7fe6 warning: **** Returning random move!
b7fe6 info: *** Player move: e4
affd6 info: DfpnSolver::CheckAbort(): Abort flag!
bfff6 info: 
MID calls      39
VC builds      38
Terminal       0
Work           39
Wasted Work    0 (0%)
Elapsed Time   0.391191
MIDs/sec       99.6955
VCs/sec        97.1392
Cnt prune sib  1
Avg prune sib  1 dev=0 min=1 max=1
Consider Size  64.8684 dev=14.6182 min=33 max=79
Move Index     -
Move Percent   -
Delta Increase 2.84211 dev=10.881 min=1 max=69
Winner         empty
PV             f3 h5 e5

HashTableStatistics:
Stores         432
LookupAttempt  44237
LookupSuccess  2635
Collisions     0

bfff6 info: Search aborted.
78027 info: PlayAndSolve: Building VCs to avoid race condition.
78027 info: PlayAndSolve: Continuing on as usual.
bfff6 info: *** PlayerThread ***
b7fe6 info: *** SolverThread ***
affd6 config: VCS: reading captured set patterns from '/home/linus/MoHex2.0/nfbranchfix/benzene-vanilla-cmake/share/vc-captured-set.txt'.
affd6 config: VCS:: parsed 2 patterns.
affd6 config: VCS: reading captured set patterns from '/home/linus/MoHex2.0/nfbranchfix/benzene-vanilla-cmake/share/vc-captured-set.txt'.
affd6 config: VCS:: parsed 2 patterns.
affd6 dfpn: 
affd6 dfpn: f5
bfff6 info: Best move cannot be determined, must search state.
bfff6 info: --- MoHexPlayer::Search() ---
bfff6 info: Color: black
bfff6 info: MaxGames: 1
bfff6 info: NumberThreads: 1
bfff6 info: MaxNodes: 9090 (799920 bytes)
bfff6 info: TimeForMove: 1
affd6 dfpn: e6
affd6 dfpn: g6
affd6 dfpn: g5
affd6 dfpn: h3
affd6 dfpn: g4
affd6 dfpn: h4
affd6 dfpn: h5
affd6 dfpn: j2
affd6 dfpn: j3
affd6 dfpn: i5
affd6 dfpn: f5
bfff6 info: Time for PreSearch: 0.168967s
bfff6 info: 
  f0ffc2e4ae74b753
  a  b  c  d  e  f  g  h  i  j  k  
 1\b  b  .  .  .  b  b  b  b  .  .\1
  2\w  W  *  .  .  .  B  .  .  *  *\2
   3\w  .  W  .  .  .  W  *  W  *  *\3
    4\.  .  *  .  B  .  *  *  *  *  *\4
     5\B  *  *  *  .  *  *  *  *  *  *\5
      6\*  *  *  W  *  .  *  *  *  *  *\6
       7\*  *  *  .  .  .  .  B  *  *  *\7
        8\*  *  .  .  .  .  .  B  .  .  .\8
         9\*  .  .  .  .  .  .  .  .  .  .\9
         10\.  .  .  .  .  .  .  .  .  .  .\10
          11\.  .  .  .  .  .  .  .  .  .  .\11
              a  b  c  d  e  f  g  h  i  j  k  
bfff6 info: Old: [black, a5] [white, swap-pieces] [white, g3] [black, h8] [white, i3] [black, h7] [white, b2] [black, g2] [white, c3] 
bfff6 info: New: [black, a5] [white, swap-pieces] [white, g3] [black, h8] [white, i3] [black, h7] [white, b2] [black, g2] [white, c3] [black, e4] [white, d6] 
bfff6 info: MovesPlayed: [black, e4] [white, d6] 
bfff6 info: No subtree to reuse.
bfff6 info: StartSearch()[0]
bfff6 info: 
Elapsed Time   0.329287s
Count          1
GamesPlayed    1
Nodes          1
Knowledge      0 (0.0%)
Expansions     0.0
Time           0.00
GameLen        103.0 dev=0.0 min=103.0 max=103.0
InTree         0.0 dev=0.0 min=0.0 max=0.0
KnowDepth      -
Aborted        0%
Games/s        3105.6
Score          1.00
Sequence      
bfff6 info: 
bfff6 warning: **** MoHexSearch returned empty sequence!
bfff6 warning: **** Returning random move!
bfff6 info: *** Player move: k11
affd6 info: DfpnSolver::CheckAbort(): Abort flag!
b7fe6 info: 
MID calls      31
VC builds      29
Terminal       0
Work           31
Wasted Work    0 (0%)
Elapsed Time   0.343556
MIDs/sec       90.2327
VCs/sec        84.4113
Cnt prune sib  0
Avg prune sib  -
Consider Size  41.8621 dev=26.9197 min=3 max=73
Move Index     -
Move Percent   -
Delta Increase 3.9 dev=12.4267 min=1 max=69
Winner         empty
PV             f5 h9 h6 g5

HashTableStatistics:
Stores         504
LookupAttempt  47358
LookupSuccess  2838
Collisions     0

b7fe6 info: Search aborted.
78027 info: PlayAndSolve: Building VCs to avoid race condition.
78027 info: PlayAndSolve: Continuing on as usual.
b7fe6 info: *** PlayerThread ***
bfff6 info: *** SolverThread ***
affd6 config: VCS: reading captured set patterns from '/home/linus/MoHex2.0/nfbranchfix/benzene-vanilla-cmake/share/vc-captured-set.txt'.
affd6 config: VCS:: parsed 2 patterns.
affd6 config: VCS: reading captured set patterns from '/home/linus/MoHex2.0/nfbranchfix/benzene-vanilla-cmake/share/vc-captured-set.txt'.
affd6 config: VCS:: parsed 2 patterns.
affd6 dfpn: 
b7fe6 info: Best move cannot be determined, must search state.
b7fe6 info: --- MoHexPlayer::Search() ---
b7fe6 info: Color: black
b7fe6 info: MaxGames: 1
b7fe6 info: NumberThreads: 1
b7fe6 info: MaxNodes: 9090 (799920 bytes)
b7fe6 info: TimeForMove: 1
affd6 dfpn: g4
affd6 dfpn: c6
affd6 dfpn: c7
b7fe6 info: Time for PreSearch: 0.029392s
affd6 dfpn: b8
affd6 dfpn: c7
b7fe6 info: 
  521d2c4f7a621b47
  a  b  c  d  e  f  g  h  i  j  k  
 1\b  b  .  .  .  b  b  b  b  .  .\1
  2\w  W  .  .  .  .  B  .  .  .  .\2
   3\w  .  W  .  .  .  W  .  W  .  .\3
    4\.  .  .  .  B  .  *  .  .  .  .\4
     5\B  .  .  .  .  W  .  .  .  .  .\5
      6\.  .  *  W  *  .  .  .  .  .  .\6
       7\.  .  *  .  .  .  .  B  .  .  .\7
        8\*  *  .  .  .  .  .  B  .  .  .\8
         9\*  .  .  .  .  .  .  .  .  .  .\9
         10\.  .  .  .  .  .  .  .  .  .  .\10
          11\.  .  .  .  .  .  .  .  .  b  B\11
              a  b  c  d  e  f  g  h  i  j  k  
b7fe6 info: Old: [black, a5] [white, swap-pieces] [white, g3] [black, h8] [white, i3] [black, h7] [white, b2] [black, g2] [white, c3] [black, e4] [white, d6] 
b7fe6 info: New: [black, a5] [white, swap-pieces] [white, g3] [black, h8] [white, i3] [black, h7] [white, b2] [black, g2] [white, c3] [black, e4] [white, d6] [black, k11] [white, f5] 
b7fe6 info: MovesPlayed: [black, k11] [white, f5] 
b7fe6 info: No subtree to reuse.
b7fe6 info: StartSearch()[0]
b7fe6 info: 
Elapsed Time   0.198018s
Count          1
GamesPlayed    1
Nodes          1
Knowledge      0 (0.0%)
Expansions     0.0
Time           0.00
GameLen        100.0 dev=0.0 min=100.0 max=100.0
InTree         0.0 dev=0.0 min=0.0 max=0.0
KnowDepth      -
Aborted        0%
Games/s        2564.1
Score          0.00
Sequence      
b7fe6 info: 
b7fe6 warning: **** MoHexSearch returned empty sequence!
b7fe6 warning: **** Returning random move!
b7fe6 info: *** Player move: f11
affd6 info: DfpnSolver::CheckAbort(): Abort flag!
bfff6 info: 
MID calls      13
VC builds      13
Terminal       1
Work           14
Wasted Work    0 (0%)
Elapsed Time   0.216681
MIDs/sec       59.996
VCs/sec        59.996
Cnt prune sib  0
Avg prune sib  -
Consider Size  22.1667 dev=25.0328 min=2 max=66
Move Index     -
Move Percent   -
Delta Increase 5.92308 dev=16.7675 min=1 max=64
Winner         empty
PV             c7 d7 c6

HashTableStatistics:
Stores         535
LookupAttempt  47848
LookupSuccess  2890
Collisions     0

bfff6 info: Search aborted.
78027 info: PlayAndSolve: Building VCs to avoid race condition.
78027 info: PlayAndSolve: Continuing on as usual.
bfff6 info: *** PlayerThread ***
b7fe6 info: *** SolverThread ***
affd6 config: VCS: reading captured set patterns from '/home/linus/MoHex2.0/nfbranchfix/benzene-vanilla-cmake/share/vc-captured-set.txt'.
affd6 config: VCS:: parsed 2 patterns.
affd6 config: VCS: reading captured set patterns from '/home/linus/MoHex2.0/nfbranchfix/benzene-vanilla-cmake/share/vc-captured-set.txt'.
affd6 config: VCS:: parsed 2 patterns.
affd6 dfpn: 
bfff6 info: Opponent has won; playing most blocking move.
bfff6 info: *** Player move: e5
b7fe6 info: 
MID calls      0
VC builds      1
Terminal       1
Work           1
Wasted Work    0 (0%)
Elapsed Time   0.024608
MIDs/sec       0
VCs/sec        40.6372
Cnt prune sib  0
Avg prune sib  -
Consider Size  -
Move Index     -
Move Percent   -
Delta Increase -
Winner         white
PV             

HashTableStatistics:
Stores         536
LookupAttempt  47854
LookupSuccess  2893
Collisions     0

78027 info: PlayAndSolve: Building VCs to avoid race condition.
78027 info: PlayAndSolve: Continuing on as usual.
b7fe6 info: *** PlayerThread ***
bfff6 info: *** SolverThread ***
affd6 config: VCS: reading captured set patterns from '/home/linus/MoHex2.0/nfbranchfix/benzene-vanilla-cmake/share/vc-captured-set.txt'.
affd6 config: VCS:: parsed 2 patterns.
affd6 config: VCS: reading captured set patterns from '/home/linus/MoHex2.0/nfbranchfix/benzene-vanilla-cmake/share/vc-captured-set.txt'.
affd6 config: VCS:: parsed 2 patterns.
affd6 dfpn: 
b7fe6 info: Opponent has won; playing most blocking move.
b7fe6 info: *** Player move: c7
bfff6 info: 
MID calls      0
VC builds      1
Terminal       1
Work           1
Wasted Work    0 (0%)
Elapsed Time   0.023115
MIDs/sec       0
VCs/sec        43.262
Cnt prune sib  0
Avg prune sib  -
Consider Size  -
Move Index     -
Move Percent   -
Delta Increase -
Winner         white
PV             

HashTableStatistics:
Stores         537
LookupAttempt  47860
LookupSuccess  2896
Collisions     0

78027 info: PlayAndSolve: Building VCs to avoid race condition.
78027 info: PlayAndSolve: Continuing on as usual.
b7fe6 info: *** SolverThread ***
bfff6 info: *** PlayerThread ***
affd6 config: VCS: reading captured set patterns from '/home/linus/MoHex2.0/nfbranchfix/benzene-vanilla-cmake/share/vc-captured-set.txt'.
affd6 config: VCS:: parsed 2 patterns.
affd6 config: VCS: reading captured set patterns from '/home/linus/MoHex2.0/nfbranchfix/benzene-vanilla-cmake/share/vc-captured-set.txt'.
affd6 config: VCS:: parsed 2 patterns.
affd6 dfpn: 
b7fe6 info: 
MID calls      0
VC builds      1
Terminal       1
Work           1
Wasted Work    0 (0%)
Elapsed Time   0.018981
MIDs/sec       0
VCs/sec        52.6843
Cnt prune sib  0
Avg prune sib  -
Consider Size  -
Move Index     -
Move Percent   -
Delta Increase -
Winner         white
PV             

HashTableStatistics:
Stores         538
LookupAttempt  47866
LookupSuccess  2899
Collisions     0

bfff6 info: Opponent has won; playing most blocking move.
bfff6 info: *** Player move: d5
78027 info: PlayAndSolve: Building VCs to avoid race condition.
78027 info: PlayAndSolve: Continuing on as usual.
b7fe6 info: *** PlayerThread ***
bfff6 info: *** SolverThread ***
affd6 config: VCS: reading captured set patterns from '/home/linus/MoHex2.0/nfbranchfix/benzene-vanilla-cmake/share/vc-captured-set.txt'.
affd6 config: VCS:: parsed 2 patterns.
affd6 config: VCS: reading captured set patterns from '/home/linus/MoHex2.0/nfbranchfix/benzene-vanilla-cmake/share/vc-captured-set.txt'.
affd6 config: VCS:: parsed 2 patterns.
affd6 dfpn: 
b7fe6 info: Opponent has won; playing most blocking move.
b7fe6 info: *** Player move: b7
bfff6 info: 
MID calls      0
VC builds      1
Terminal       1
Work           1
Wasted Work    0 (0%)
Elapsed Time   0.037414
MIDs/sec       0
VCs/sec        26.728
Cnt prune sib  0
Avg prune sib  -
Consider Size  -
Move Index     -
Move Percent   -
Delta Increase -
Winner         white
PV             

HashTableStatistics:
Stores         539
LookupAttempt  47872
LookupSuccess  2902
Collisions     0

78027 info: PlayAndSolve: Building VCs to avoid race condition.
78027 info: PlayAndSolve: Continuing on as usual.
bfff6 info: *** PlayerThread ***
b7fe6 info: *** SolverThread ***
affd6 config: VCS: reading captured set patterns from '/home/linus/MoHex2.0/nfbranchfix/benzene-vanilla-cmake/share/vc-captured-set.txt'.
affd6 config: VCS:: parsed 2 patterns.
affd6 config: VCS: reading captured set patterns from '/home/linus/MoHex2.0/nfbranchfix/benzene-vanilla-cmake/share/vc-captured-set.txt'.
affd6 config: VCS:: parsed 2 patterns.
affd6 dfpn: 
bfff6 info: Opponent has won; playing most blocking move.
bfff6 info: *** Player move: a6
b7fe6 info: 
MID calls      0
VC builds      1
Terminal       1
Work           1
Wasted Work    0 (0%)
Elapsed Time   0.008721
MIDs/sec       0
VCs/sec        114.666
Cnt prune sib  0
Avg prune sib  -
Consider Size  -
Move Index     -
Move Percent   -
Delta Increase -
Winner         white
PV             

HashTableStatistics:
Stores         540
LookupAttempt  47878
LookupSuccess  2905
Collisions     0

78027 info: PlayAndSolve: Building VCs to avoid race condition.
78027 info: PlayAndSolve: Continuing on as usual.
b7fe6 info: *** PlayerThread ***
bfff6 info: *** SolverThread ***
affd6 config: VCS: reading captured set patterns from '/home/linus/MoHex2.0/nfbranchfix/benzene-vanilla-cmake/share/vc-captured-set.txt'.
affd6 config: VCS:: parsed 2 patterns.
affd6 config: VCS: reading captured set patterns from '/home/linus/MoHex2.0/nfbranchfix/benzene-vanilla-cmake/share/vc-captured-set.txt'.
affd6 config: VCS:: parsed 2 patterns.
affd6 dfpn: 
b7fe6 info: Opponent has won; playing most blocking move.
b7fe6 info: *** Player move: c2
bfff6 info: 
MID calls      0
VC builds      1
Terminal       1
Work           1
Wasted Work    0 (0%)
Elapsed Time   0.007214
MIDs/sec       0
VCs/sec        138.619
Cnt prune sib  0
Avg prune sib  -
Consider Size  -
Move Index     -
Move Percent   -
Delta Increase -
Winner         white
PV             

HashTableStatistics:
Stores         541
LookupAttempt  47884
LookupSuccess  2908
Collisions     0

78027 info: PlayAndSolve: Building VCs to avoid race condition.
78027 info: PlayAndSolve: Continuing on as usual.
bfff6 info: *** PlayerThread ***
b7fe6 info: *** SolverThread ***
affd6 config: VCS: reading captured set patterns from '/home/linus/MoHex2.0/nfbranchfix/benzene-vanilla-cmake/share/vc-captured-set.txt'.
affd6 config: VCS:: parsed 2 patterns.
affd6 config: VCS: reading captured set patterns from '/home/linus/MoHex2.0/nfbranchfix/benzene-vanilla-cmake/share/vc-captured-set.txt'.
affd6 config: VCS:: parsed 2 patterns.
bfff6 info: Captured cells caused win! Removing...
affd6 dfpn: 
b7fe6 info: 
MID calls      0
VC builds      1
Terminal       1
Work           1
Wasted Work    0 (0%)
Elapsed Time   0.002917
MIDs/sec       0
VCs/sec        342.818
Cnt prune sib  0
Avg prune sib  -
Consider Size  -
Move Index     -
Move Percent   -
Delta Increase -
Winner         white
PV             

HashTableStatistics:
Stores         542
LookupAttempt  47890
LookupSuccess  2911
Collisions     0

bfff6 info: Opponent has won; playing most blocking move.
bfff6 info: *** Player move: f4
78027 info: PlayAndSolve: Building VCs to avoid race condition.
78027 info: PlayAndSolve: Continuing on as usual.
b7fe6 info: *** PlayerThread ***
bfff6 info: *** SolverThread ***
affd6 config: VCS: reading captured set patterns from '/home/linus/MoHex2.0/nfbranchfix/benzene-vanilla-cmake/share/vc-captured-set.txt'.
affd6 config: VCS:: parsed 2 patterns.
affd6 config: VCS: reading captured set patterns from '/home/linus/MoHex2.0/nfbranchfix/benzene-vanilla-cmake/share/vc-captured-set.txt'.
b7fe6 info: Captured cells caused win! Removing...
affd6 config: VCS:: parsed 2 patterns.
affd6 dfpn: 
bfff6 info: 
MID calls      0
VC builds      1
Terminal       1
Work           1
Wasted Work    0 (0%)
Elapsed Time   0.003278
MIDs/sec       0
VCs/sec        305.064
Cnt prune sib  0
Avg prune sib  -
Consider Size  -
Move Index     -
Move Percent   -
Delta Increase -
Winner         white
PV             

HashTableStatistics:
Stores         543
LookupAttempt  47896
LookupSuccess  2914
Collisions     0

b7fe6 info: Opponent has won; playing most blocking move.
b7fe6 info: *** Player move: k2
78027 info: PlayAndSolve: Building VCs to avoid race condition.
78027 info: PlayAndSolve: Continuing on as usual.
bfff6 info: *** PlayerThread ***
b7fe6 info: *** SolverThread ***
affd6 config: VCS: reading captured set patterns from '/home/linus/MoHex2.0/nfbranchfix/benzene-vanilla-cmake/share/vc-captured-set.txt'.
affd6 config: VCS:: parsed 2 patterns.
affd6 config: VCS: reading captured set patterns from '/home/linus/MoHex2.0/nfbranchfix/benzene-vanilla-cmake/share/vc-captured-set.txt'.
affd6 config: VCS:: parsed 2 patterns.
affd6 dfpn: 
bfff6 info: Captured cells caused win! Removing...
b7fe6 info: 
MID calls      0
VC builds      1
Terminal       1
Work           1
Wasted Work    0 (0%)
Elapsed Time   0.003154
MIDs/sec       0
VCs/sec        317.058
Cnt prune sib  0
Avg prune sib  -
Consider Size  -
Move Index     -
Move Percent   -
Delta Increase -
Winner         white
PV             

HashTableStatistics:
Stores         544
LookupAttempt  47902
LookupSuccess  2917
Collisions     0

bfff6 info: Opponent has won; playing most blocking move.
bfff6 info: *** Player move: a2
78027 config: ============ BenzeneShutdown =============
78027 config: MoHexProgram:: ShutdownSystem()
78027 config: CommonProgram:: ShutdownSystem()
78027 config: BenzeneProgram:: ShutdownSystem()
Flushing and closing this stream...
