b58b7 config: MoHex v2.0.CMake Mar 21 2025.
b58b7 config: ============ InitializeSystem ============
b58b7 config: BenzeneProgram::InitRandom()
b58b7 config: Seed = 142137
b58b7 info: Prior Patterns:
b58b7 info: Global:
b58b7 info: Size            = 565 32648 
b58b7 info: TableEntries    = 65932 65910
b58b7 info: MirrorsAdded    = 0 0
b58b7 info: PrunableCount   = 30593 30629
b58b7 info: LargestGamma    = 5820.77
b58b7 info: SmallestGamma   = 6.6e-05
b58b7 info: Local:
b58b7 info: Size            = 550 5318 
b58b7 info: TableEntries    = 11602 11588
b58b7 info: MirrorsAdded    = 0 0
b58b7 info: PrunableCount   = 3659 3667
b58b7 info: LargestGamma    = 11281.8
b58b7 info: SmallestGamma   = 0.026235
b58b7 info: Playout Patterns:
b58b7 info: Global:
b58b7 info: Size            = 565 32648 
b58b7 info: TableEntries    = 70329 70329
b58b7 info: MirrorsAdded    = 4397 4419
b58b7 info: PrunableCount   = 30593 30629
b58b7 info: LargestGamma    = 5820.77
b58b7 info: SmallestGamma   = 6.6e-05
b58b7 info: Local:
b58b7 info: Size            = 550 5318 
b58b7 info: TableEntries    = 11602 11588
b58b7 info: MirrorsAdded    = 0 0
b58b7 info: PrunableCount   = 3659 3667
b58b7 info: LargestGamma    = 11281.8
b58b7 info: SmallestGamma   = 0.026235
b58b7 config: IcePatternSet: reading from '/home/linus/MoHex2.0/nfbranchfix/benzene-vanilla-cmake/share/ice-patterns.txt'.
b58b7 config: IcePatternSet: parsed 708 patterns.
b58b7 config: VCS: reading captured set patterns from '/home/linus/MoHex2.0/nfbranchfix/benzene-vanilla-cmake/share/vc-captured-set.txt'.
b58b7 config: VCS:: parsed 2 patterns.
b58b7 config: VCS: reading captured set patterns from '/home/linus/MoHex2.0/nfbranchfix/benzene-vanilla-cmake/share/vc-captured-set.txt'.
b58b7 config: VCS:: parsed 2 patterns.
b58b7 config: IcePatternSet: reading from '/home/linus/MoHex2.0/nfbranchfix/benzene-vanilla-cmake/share/ice-patterns.txt'.
b58b7 config: IcePatternSet: parsed 708 patterns.
b58b7 config: VCS: reading captured set patterns from '/home/linus/MoHex2.0/nfbranchfix/benzene-vanilla-cmake/share/vc-captured-set.txt'.
b58b7 config: VCS:: parsed 2 patterns.
b58b7 config: VCS: reading captured set patterns from '/home/linus/MoHex2.0/nfbranchfix/benzene-vanilla-cmake/share/vc-captured-set.txt'.
b58b7 config: VCS:: parsed 2 patterns.
b58b7 config: VCS: reading captured set patterns from '/home/linus/MoHex2.0/nfbranchfix/benzene-vanilla-cmake/share/vc-captured-set.txt'.
b58b7 config: VCS:: parsed 2 patterns.
b58b7 config: VCS: reading captured set patterns from '/home/linus/MoHex2.0/nfbranchfix/benzene-vanilla-cmake/share/vc-captured-set.txt'.
b58b7 config: VCS:: parsed 2 patterns.
b58b7 config: VCS: reading captured set patterns from '/home/linus/MoHex2.0/nfbranchfix/benzene-vanilla-cmake/share/vc-captured-set.txt'.
b58b7 config: VCS:: parsed 2 patterns.
b58b7 config: VCS: reading captured set patterns from '/home/linus/MoHex2.0/nfbranchfix/benzene-vanilla-cmake/share/vc-captured-set.txt'.
b58b7 config: VCS:: parsed 2 patterns.
b58b7 info: PlayAndSolve: Building VCs to avoid race condition.
b58b7 config: VCPattern: loading pattern templates from '/home/linus/MoHex2.0/nfbranchfix/benzene-vanilla-cmake/share/vc-patterns.txt'.
b58b7 info: PlayAndSolve: Continuing on as usual.
ffff6 info: *** PlayerThread ***
f7fe6 info: *** SolverThread ***
effd6 config: VCS: reading captured set patterns from '/home/linus/MoHex2.0/nfbranchfix/benzene-vanilla-cmake/share/vc-captured-set.txt'.
effd6 config: VCS:: parsed 2 patterns.
effd6 config: VCS: reading captured set patterns from '/home/linus/MoHex2.0/nfbranchfix/benzene-vanilla-cmake/share/vc-captured-set.txt'.
effd6 config: VCS:: parsed 2 patterns.
effd6 dfpn: 
ffff6 info: Best move cannot be determined, must search state.
ffff6 info: --- MoHexPlayer::Search() ---
ffff6 info: Color: white
ffff6 info: MaxGames: 1
ffff6 info: NumberThreads: 1
ffff6 info: MaxNodes: 9090 (799920 bytes)
ffff6 info: TimeForMove: 1
effd6 dfpn: d8
effd6 dfpn: b10
effd6 dfpn: c9
effd6 dfpn: h4
effd6 dfpn: e7
effd6 dfpn: c8
effd6 dfpn: g5
effd6 dfpn: e8
effd6 dfpn: i3
effd6 dfpn: f7
effd6 dfpn: b8
effd6 dfpn: d7
effd6 dfpn: f6
effd6 dfpn: g6
effd6 dfpn: e6
effd6 dfpn: h5
effd6 dfpn: g4
effd6 dfpn: f5
effd6 dfpn: b9
effd6 dfpn: g7
effd6 dfpn: c7
effd6 dfpn: j2
effd6 dfpn: d9
effd6 dfpn: c10
effd6 dfpn: b8
ffff6 info: PreSearch: max time reached (51/91).
ffff6 info: Time for PreSearch: 0.201985s
ffff6 info: 
  87c9b23912128f66
  a  b  c  d  e  f  g  h  i  j  k  
 1\.  .  .  *  .  *  *  *  *  *  .\1
  2\.  .  *  *  *  *  *  *  *  *  .\2
   3\.  *  *  *  *  *  *  *  *  *  .\3
    4\.  *  *  *  *  *  *  *  *  *  .\4
     5\B  *  *  *  *  *  *  *  *  *  .\5
      6\.  *  *  *  *  *  *  *  *  *  .\6
       7\.  *  *  *  *  *  *  *  *  *  .\7
        8\.  *  *  *  *  *  *  *  *  *  .\8
         9\.  *  *  *  *  *  *  *  *  *  .\9
         10\.  *  *  *  *  *  *  *  *  .  .\10
          11\.  *  *  *  *  *  .  *  .  .  .\11
              a  b  c  d  e  f  g  h  i  j  k  
ffff6 info: No subtree to reuse.
ffff6 info: Creating thread 0
ffff6 info: StartSearch()[0]
ffff6 config: VCS: reading captured set patterns from '/home/linus/MoHex2.0/nfbranchfix/benzene-vanilla-cmake/share/vc-captured-set.txt'.
ffff6 config: VCS:: parsed 2 patterns.
ffff6 config: VCS: reading captured set patterns from '/home/linus/MoHex2.0/nfbranchfix/benzene-vanilla-cmake/share/vc-captured-set.txt'.
ffff6 config: VCS:: parsed 2 patterns.
ffff6 info: 
Elapsed Time   0.531729s
Count          1
GamesPlayed    1
Nodes          1
Knowledge      0 (0.0%)
Expansions     0.0
Time           0.00
GameLen        120.0 dev=0.0 min=120.0 max=120.0
InTree         0.0 dev=0.0 min=0.0 max=0.0
KnowDepth      -
Aborted        0%
Games/s        387.0
Score          1.00
Sequence      
ffff6 info: 
ffff6 warning: **** MoHexSearch returned empty sequence!
ffff6 warning: **** Returning random move!
ffff6 info: *** Player move: j3
effd6 info: DfpnSolver::CheckAbort(): Abort flag!
f7fe6 info: 
MID calls      72
VC builds      70
Terminal       0
Work           72
Wasted Work    0 (0%)
Elapsed Time   0.54541
MIDs/sec       132.011
VCs/sec        128.344
Cnt prune sib  0
Avg prune sib  -
Consider Size  85.9857 dev=4.93532 min=76 max=91
Move Index     -
Move Percent   -
Delta Increase 3.3662 dev=13.8139 min=1 max=85
Winner         empty
PV             b8 j2 h7 f8

HashTableStatistics:
Stores         167
LookupAttempt  14864
LookupSuccess  751
Collisions     0

f7fe6 info: Search aborted.
b58b7 info: PlayAndSolve: Building VCs to avoid race condition.
b58b7 info: PlayAndSolve: Continuing on as usual.
f7fe6 info: *** PlayerThread ***
ffff6 info: *** SolverThread ***
effd6 config: VCS: reading captured set patterns from '/home/linus/MoHex2.0/nfbranchfix/benzene-vanilla-cmake/share/vc-captured-set.txt'.
effd6 config: VCS:: parsed 2 patterns.
effd6 config: VCS: reading captured set patterns from '/home/linus/MoHex2.0/nfbranchfix/benzene-vanilla-cmake/share/vc-captured-set.txt'.
effd6 config: VCS:: parsed 2 patterns.
effd6 dfpn: 
effd6 dfpn: h4
f7fe6 info: Best move cannot be determined, must search state.
f7fe6 info: --- MoHexPlayer::Search() ---
f7fe6 info: Color: white
f7fe6 info: MaxGames: 1
f7fe6 info: NumberThreads: 1
f7fe6 info: MaxNodes: 9090 (799920 bytes)
f7fe6 info: TimeForMove: 1
effd6 dfpn: d8
effd6 dfpn: g5
effd6 dfpn: b10
effd6 dfpn: c9
effd6 dfpn: e7
effd6 dfpn: c8
effd6 dfpn: g4
effd6 dfpn: h5
effd6 dfpn: g6
effd6 dfpn: f6
effd6 dfpn: f5
effd6 dfpn: e6
effd6 dfpn: d7
effd6 dfpn: b8
effd6 dfpn: e8
effd6 dfpn: i3
effd6 dfpn: f7
effd6 dfpn: b9
effd6 dfpn: c7
effd6 dfpn: h3
effd6 dfpn: d9
effd6 dfpn: f4
effd6 dfpn: b8
f7fe6 info: PreSearch: max time reached (62/87).
f7fe6 info: Time for PreSearch: 0.201827s
f7fe6 info: 
  d223cff161a62f09
  a  b  c  d  e  f  g  h  i  j  k  
 1\.  .  .  *  .  B  .  *  *  *  .\1
  2\.  .  *  *  *  *  *  *  *  .  w\2
   3\.  *  *  *  *  *  *  *  *  W  w\3
    4\.  *  *  *  *  *  *  *  *  .  w\4
     5\B  *  *  *  *  *  *  *  *  *  .\5
      6\.  *  *  *  *  *  *  *  *  *  .\6
       7\.  *  *  *  *  *  *  *  *  *  .\7
        8\.  *  *  *  *  *  *  *  *  *  .\8
         9\.  *  *  *  *  *  *  *  *  *  .\9
         10\.  *  *  *  *  *  *  *  *  .  .\10
          11\.  *  *  *  *  *  *  *  .  .  .\11
              a  b  c  d  e  f  g  h  i  j  k  
f7fe6 info: Old: [black, a5] [white, swap-pieces] 
f7fe6 info: New: [black, a5] [white, swap-pieces] [white, j3] [black, f1] 
f7fe6 info: ReuseSubtree: Colors do not alternate.
f7fe6 info: No subtree to reuse.
f7fe6 info: StartSearch()[0]
f7fe6 info: 
Elapsed Time   0.365349s
Count          1
GamesPlayed    1
Nodes          1
Knowledge      0 (0.0%)
Expansions     0.0
Time           0.00
GameLen        115.0 dev=0.0 min=115.0 max=115.0
InTree         0.0 dev=0.0 min=0.0 max=0.0
KnowDepth      -
Aborted        0%
Games/s        3571.4
Score          0.00
Sequence      
f7fe6 info: 
f7fe6 warning: **** MoHexSearch returned empty sequence!
f7fe6 warning: **** Returning random move!
f7fe6 info: *** Player move: h2
effd6 info: DfpnSolver::CheckAbort(): Abort flag!
ffff6 info: 
MID calls      56
VC builds      54
Terminal       0
Work           56
Wasted Work    0 (0%)
Elapsed Time   0.376278
MIDs/sec       148.826
VCs/sec        143.511
Cnt prune sib  0
Avg prune sib  -
Consider Size  80.5555 dev=4.03561 min=72 max=87
Move Index     -
Move Percent   -
Delta Increase 3.81818 dev=14.416 min=1 max=80
Winner         empty
PV             b8 c9 f5 h4

HashTableStatistics:
Stores         301
LookupAttempt  27313
LookupSuccess  1435
Collisions     0

ffff6 info: Search aborted.
b58b7 info: PlayAndSolve: Building VCs to avoid race condition.
b58b7 info: PlayAndSolve: Continuing on as usual.
ffff6 info: *** PlayerThread ***
f7fe6 info: *** SolverThread ***
effd6 config: VCS: reading captured set patterns from '/home/linus/MoHex2.0/nfbranchfix/benzene-vanilla-cmake/share/vc-captured-set.txt'.
effd6 config: VCS:: parsed 2 patterns.
effd6 config: VCS: reading captured set patterns from '/home/linus/MoHex2.0/nfbranchfix/benzene-vanilla-cmake/share/vc-captured-set.txt'.
effd6 config: VCS:: parsed 2 patterns.
effd6 dfpn: 
ffff6 info: Best move cannot be determined, must search state.
ffff6 info: --- MoHexPlayer::Search() ---
ffff6 info: Color: white
ffff6 info: MaxGames: 1
ffff6 info: NumberThreads: 1
ffff6 info: MaxNodes: 9090 (799920 bytes)
ffff6 info: TimeForMove: 1
effd6 dfpn: f3
effd6 dfpn: b10
effd6 dfpn: d8
effd6 dfpn: c9
effd6 dfpn: c8
effd6 dfpn: i3
effd6 dfpn: b8
effd6 dfpn: b6
effd6 dfpn: c7
effd6 dfpn: d7
effd6 dfpn: e7
effd6 dfpn: b9
effd6 dfpn: b7
effd6 dfpn: e4
effd6 dfpn: d6
effd6 dfpn: e6
effd6 dfpn: c6
effd6 dfpn: e5
effd6 dfpn: e8
effd6 dfpn: f4
effd6 dfpn: d5
effd6 dfpn: f5
effd6 dfpn: b8
ffff6 info: PreSearch: max time reached (61/83).
ffff6 info: Time for PreSearch: 0.200354s
ffff6 info: 
  4bfd81878b510942
  a  b  c  d  e  f  g  h  i  j  k  
 1\b  b  B  b  b  B  b  b  .  *  .\1
  2\.  .  *  *  *  *  *  W  .  .  w\2
   3\.  *  *  *  *  *  *  *  *  W  w\3
    4\.  *  *  *  *  *  *  *  *  .  w\4
     5\B  *  *  *  *  *  *  *  *  *  .\5
      6\.  *  *  *  *  *  *  *  *  *  .\6
       7\.  *  *  *  *  *  *  *  *  *  .\7
        8\.  *  *  *  *  *  *  *  *  *  .\8
         9\.  *  *  *  *  *  *  *  *  *  .\9
         10\.  *  *  *  *  *  *  *  *  .  .\10
          11\.  *  *  *  *  *  *  *  .  .  .\11
              a  b  c  d  e  f  g  h  i  j  k  
ffff6 info: Old: [black, a5] [white, swap-pieces] [white, j3] [black, f1] 
ffff6 info: New: [black, a5] [white, swap-pieces] [white, j3] [black, f1] [white, h2] [black, c1] 
ffff6 info: MovesPlayed: [white, h2] [black, c1] 
ffff6 info: No subtree to reuse.
effd6 dfpn: b9
ffff6 info: StartSearch()[0]
ffff6 info: 
Elapsed Time   0.357503s
Count          1
GamesPlayed    1
Nodes          1
Knowledge      0 (0.0%)
Expansions     0.0
Time           0.00
GameLen        107.0 dev=0.0 min=107.0 max=107.0
InTree         0.0 dev=0.0 min=0.0 max=0.0
KnowDepth      -
Aborted        0%
Games/s        2564.1
Score          0.00
Sequence      
ffff6 info: 
ffff6 warning: **** MoHexSearch returned empty sequence!
ffff6 warning: **** Returning random move!
ffff6 info: *** Player move: k1
effd6 info: DfpnSolver::CheckAbort(): Abort flag!
f7fe6 info: 
MID calls      68
VC builds      65
Terminal       0
Work           68
Wasted Work    0 (0%)
Elapsed Time   0.367116
MIDs/sec       185.228
VCs/sec        177.056
Cnt prune sib  0
Avg prune sib  -
Consider Size  65.5692 dev=20.6792 min=12 max=83
Move Index     -
Move Percent   -
Delta Increase 3.16418 dev=12.0825 min=1 max=74
Winner         empty
PV             b9 c9 d7

HashTableStatistics:
Stores         460
LookupAttempt  39375
LookupSuccess  2129
Collisions     0

f7fe6 info: Search aborted.
b58b7 info: PlayAndSolve: Building VCs to avoid race condition.
b58b7 info: PlayAndSolve: Continuing on as usual.
f7fe6 info: *** PlayerThread ***
ffff6 info: *** SolverThread ***
effd6 config: VCS: reading captured set patterns from '/home/linus/MoHex2.0/nfbranchfix/benzene-vanilla-cmake/share/vc-captured-set.txt'.
effd6 config: VCS:: parsed 2 patterns.
effd6 config: VCS: reading captured set patterns from '/home/linus/MoHex2.0/nfbranchfix/benzene-vanilla-cmake/share/vc-captured-set.txt'.
effd6 config: VCS:: parsed 2 patterns.
effd6 dfpn: 
f7fe6 info: Best move cannot be determined, must search state.
f7fe6 info: --- MoHexPlayer::Search() ---
f7fe6 info: Color: white
f7fe6 info: MaxGames: 1
f7fe6 info: NumberThreads: 1
f7fe6 info: MaxNodes: 9090 (799920 bytes)
f7fe6 info: TimeForMove: 1
effd6 dfpn: f3
effd6 dfpn: d8
effd6 dfpn: c9
effd6 dfpn: b6
effd6 dfpn: c8
effd6 dfpn: b8
effd6 dfpn: e4
effd6 dfpn: c7
effd6 dfpn: b10
effd6 dfpn: e7
effd6 dfpn: d7
effd6 dfpn: d6
effd6 dfpn: e6
effd6 dfpn: c6
effd6 dfpn: f4
effd6 dfpn: b7
effd6 dfpn: e5
effd6 dfpn: b9
effd6 dfpn: i2
effd6 dfpn: d5
effd6 dfpn: f5
effd6 dfpn: g3
effd6 dfpn: b8
f7fe6 info: PreSearch: max time reached (72/81).
f7fe6 info: Time for PreSearch: 0.201009s
f7fe6 info: 
  160353a74557f310
  a  b  c  d  e  f  g  h  i  j  k  
 1\b  b  B  b  b  B  b  b  .  .  W\1
  2\.  .  *  *  *  *  *  W  .  .  w\2
   3\.  *  *  *  *  *  *  *  .  W  w\3
    4\.  *  *  *  *  *  *  *  *  .  w\4
     5\B  *  *  *  *  *  *  *  *  .  .\5
      6\.  *  *  *  *  *  *  *  *  *  .\6
       7\.  *  *  *  *  *  *  *  *  *  .\7
        8\.  *  *  *  *  *  *  *  *  *  .\8
         9\.  *  *  *  *  *  *  B  *  *  .\9
         10\.  *  *  *  *  *  *  *  *  .  .\10
          11\.  *  *  *  *  *  *  *  .  .  .\11
              a  b  c  d  e  f  g  h  i  j  k  
f7fe6 info: Old: [black, a5] [white, swap-pieces] [white, j3] [black, f1] [white, h2] [black, c1] 
f7fe6 info: New: [black, a5] [white, swap-pieces] [white, j3] [black, f1] [white, h2] [black, c1] [white, k1] [black, h9] 
f7fe6 info: MovesPlayed: [white, k1] [black, h9] 
f7fe6 info: No subtree to reuse.
f7fe6 info: StartSearch()[0]
f7fe6 info: 
Elapsed Time   0.357954s
Count          1
GamesPlayed    1
Nodes          1
Knowledge      0 (0.0%)
Expansions     0.0
Time           0.00
GameLen        105.0 dev=0.0 min=105.0 max=105.0
InTree         0.0 dev=0.0 min=0.0 max=0.0
KnowDepth      -
Aborted        0%
Games/s        2512.6
Score          0.00
Sequence      
f7fe6 info: 
f7fe6 warning: **** MoHexSearch returned empty sequence!
f7fe6 warning: **** Returning random move!
f7fe6 info: *** Player move: j4
effd6 info: DfpnSolver::CheckAbort(): Abort flag!
ffff6 info: 
MID calls      62
VC builds      60
Terminal       0
Work           62
Wasted Work    0 (0%)
Elapsed Time   0.372245
MIDs/sec       166.557
VCs/sec        161.184
Cnt prune sib  0
Avg prune sib  -
Consider Size  63.45 dev=20.1258 min=15 max=81
Move Index     -
Move Percent   -
Delta Increase 3.31148 dev=12.2896 min=1 max=72
Winner         empty
PV             b8 f3 h4 f5

HashTableStatistics:
Stores         605
LookupAttempt  50422
LookupSuccess  2770
Collisions     0

ffff6 info: Search aborted.
b58b7 info: PlayAndSolve: Building VCs to avoid race condition.
b58b7 info: PlayAndSolve: Continuing on as usual.
ffff6 info: *** PlayerThread ***
f7fe6 info: *** SolverThread ***
effd6 config: VCS: reading captured set patterns from '/home/linus/MoHex2.0/nfbranchfix/benzene-vanilla-cmake/share/vc-captured-set.txt'.
effd6 config: VCS:: parsed 2 patterns.
effd6 config: VCS: reading captured set patterns from '/home/linus/MoHex2.0/nfbranchfix/benzene-vanilla-cmake/share/vc-captured-set.txt'.
effd6 config: VCS:: parsed 2 patterns.
effd6 dfpn: 
ffff6 info: Best move cannot be determined, must search state.
ffff6 info: --- MoHexPlayer::Search() ---
ffff6 info: Color: white
ffff6 info: MaxGames: 1
ffff6 info: NumberThreads: 1
ffff6 info: MaxNodes: 9090 (799920 bytes)
ffff6 info: TimeForMove: 1
effd6 dfpn: f3
effd6 dfpn: e7
effd6 dfpn: c8
effd6 dfpn: d7
effd6 dfpn: d6
effd6 dfpn: c7
effd6 dfpn: e6
effd6 dfpn: d8
effd6 dfpn: b6
effd6 dfpn: e4
effd6 dfpn: c6
effd6 dfpn: b8
effd6 dfpn: e5
effd6 dfpn: b7
effd6 dfpn: d5
effd6 dfpn: f4
effd6 dfpn: i2
effd6 dfpn: f5
effd6 dfpn: f6
effd6 dfpn: g3
effd6 dfpn: g2
effd6 dfpn: b8
ffff6 info: PreSearch: max time reached (73/79).
ffff6 info: Time for PreSearch: 0.204548s
ffff6 info: 
  1c5d120674afec7d
  a  b  c  d  e  f  g  h  i  j  k  
 1\b  b  B  b  b  B  b  b  .  .  W\1
  2\.  .  *  *  *  *  *  W  .  .  w\2
   3\.  *  *  *  *  *  *  *  .  W  w\3
    4\.  *  *  *  *  *  *  *  *  W  b\4
     5\B  *  *  *  *  *  *  *  *  .  .\5
      6\.  *  *  *  *  *  *  *  *  *  .\6
       7\.  *  *  *  *  *  *  *  *  *  .\7
        8\.  *  *  *  *  *  *  *  *  *  .\8
         9\.  *  *  B  *  *  *  B  *  *  .\9
         10\.  *  *  *  *  *  *  *  *  .  .\10
          11\.  *  *  *  *  *  *  *  .  .  .\11
              a  b  c  d  e  f  g  h  i  j  k  
effd6 dfpn: b7
ffff6 info: Old: [black, a5] [white, swap-pieces] [white, j3] [black, f1] [white, h2] [black, c1] [white, k1] [black, h9] 
ffff6 info: New: [black, a5] [white, swap-pieces] [white, j3] [black, f1] [white, h2] [black, c1] [white, k1] [black, h9] [white, j4] [black, d9] 
ffff6 info: MovesPlayed: [white, j4] [black, d9] 
ffff6 info: No subtree to reuse.
ffff6 info: StartSearch()[0]
ffff6 info: 
Elapsed Time   0.543314s
Count          1
GamesPlayed    1
Nodes          1
Knowledge      0 (0.0%)
Expansions     0.0
Time           0.00
GameLen        103.0 dev=0.0 min=103.0 max=103.0
InTree         0.0 dev=0.0 min=0.0 max=0.0
KnowDepth      -
Aborted        0%
Games/s        3215.4
Score          1.00
Sequence      
ffff6 info: 
ffff6 warning: **** MoHexSearch returned empty sequence!
ffff6 warning: **** Returning random move!
ffff6 info: *** Player move: a2
effd6 info: DfpnSolver::CheckAbort(): Abort flag!
f7fe6 info: 
MID calls      94
VC builds      90
Terminal       0
Work           94
Wasted Work    0 (0%)
Elapsed Time   0.555049
MIDs/sec       169.354
VCs/sec        162.148
Cnt prune sib  1
Avg prune sib  1 dev=0 min=1 max=1
Consider Size  60.0111 dev=20.5429 min=12 max=79
Move Index     -
Move Percent   -
Delta Increase 3.26882 dev=11.8921 min=1 max=70
Winner         empty
PV             b7 f3 c7 e7

HashTableStatistics:
Stores         814
LookupAttempt  63052
LookupSuccess  3442
Collisions     0

f7fe6 info: Search aborted.
b58b7 info: PlayAndSolve: Building VCs to avoid race condition.
b58b7 info: PlayAndSolve: Continuing on as usual.
f7fe6 info: *** PlayerThread ***
ffff6 info: *** SolverThread ***
effd6 config: VCS: reading captured set patterns from '/home/linus/MoHex2.0/nfbranchfix/benzene-vanilla-cmake/share/vc-captured-set.txt'.
effd6 config: VCS:: parsed 2 patterns.
effd6 config: VCS: reading captured set patterns from '/home/linus/MoHex2.0/nfbranchfix/benzene-vanilla-cmake/share/vc-captured-set.txt'.
effd6 config: VCS:: parsed 2 patterns.
effd6 dfpn: 
f7fe6 info: Best move cannot be determined, must search state.
f7fe6 info: --- MoHexPlayer::Search() ---
f7fe6 info: Color: white
f7fe6 info: MaxGames: 1
f7fe6 info: NumberThreads: 1
f7fe6 info: MaxNodes: 9090 (799920 bytes)
f7fe6 info: TimeForMove: 1
effd6 dfpn: f3
effd6 dfpn: e7
effd6 dfpn: e4
effd6 dfpn: d7
effd6 dfpn: c8
effd6 dfpn: d6
effd6 dfpn: e6
effd6 dfpn: i2
effd6 dfpn: d8
effd6 dfpn: e5
effd6 dfpn: f4
effd6 dfpn: d5
effd6 dfpn: c7
effd6 dfpn: f5
effd6 dfpn: f6
effd6 dfpn: c6
effd6 dfpn: g2
effd6 dfpn: b6
effd6 dfpn: b8
effd6 dfpn: g3
effd6 dfpn: d6
f7fe6 info: Time for PreSearch: 0.175367s
f7fe6 info: 
  51475cf682b7a8f5
  a  b  c  d  e  f  g  h  i  j  k  
 1\b  b  B  b  b  B  b  b  .  .  W\1
  2\W  .  *  *  *  *  *  W  .  .  w\2
   3\w  *  *  *  *  *  *  *  .  W  w\3
    4\.  *  *  *  *  *  *  *  *  W  b\4
     5\B  *  *  *  *  *  *  *  *  .  .\5
      6\.  *  *  *  *  *  *  *  *  .  .\6
       7\.  *  *  *  *  *  *  *  *  *  .\7
        8\.  *  *  *  *  *  *  *  *  *  .\8
         9\.  *  *  B  *  *  *  B  *  *  .\9
         10\.  *  *  *  *  *  *  .  .  B  b\10
          11\.  *  *  *  *  .  .  b  b  b  b\11
              a  b  c  d  e  f  g  h  i  j  k  
f7fe6 info: Old: [black, a5] [white, swap-pieces] [white, j3] [black, f1] [white, h2] [black, c1] [white, k1] [black, h9] [white, j4] [black, d9] 
f7fe6 info: New: [black, a5] [white, swap-pieces] [white, j3] [black, f1] [white, h2] [black, c1] [white, k1] [black, h9] [white, j4] [black, d9] [white, a2] [black, j10] 
f7fe6 info: MovesPlayed: [white, a2] [black, j10] 
f7fe6 info: No subtree to reuse.
effd6 dfpn: f5
f7fe6 info: StartSearch()[0]
f7fe6 info: 
Elapsed Time   0.354422s
Count          1
GamesPlayed    1
Nodes          1
Knowledge      0 (0.0%)
Expansions     0.0
Time           0.00
GameLen        95.0 dev=0.0 min=95.0 max=95.0
InTree         0.0 dev=0.0 min=0.0 max=0.0
KnowDepth      -
Aborted        0%
Games/s        2793.3
Score          1.00
Sequence      
f7fe6 info: 
f7fe6 warning: **** MoHexSearch returned empty sequence!
f7fe6 warning: **** Returning random move!
f7fe6 info: *** Player move: b7
effd6 info: DfpnSolver::CheckAbort(): Abort flag!
ffff6 info: 
MID calls      61
VC builds      58
Terminal       0
Work           61
Wasted Work    0 (0%)
Elapsed Time   0.365042
MIDs/sec       167.104
VCs/sec        158.886
Cnt prune sib  1
Avg prune sib  1 dev=0 min=1 max=1
Consider Size  61.3103 dev=15.7974 min=18 max=74
Move Index     -
Move Percent   -
Delta Increase 2.96667 dev=10.389 min=1 max=70
Winner         empty
PV             f5 e6 e5

HashTableStatistics:
Stores         957
LookupAttempt  72915
LookupSuccess  4033
Collisions     0

ffff6 info: Search aborted.
b58b7 info: PlayAndSolve: Building VCs to avoid race condition.
b58b7 info: PlayAndSolve: Continuing on as usual.
ffff6 info: *** PlayerThread ***
f7fe6 info: *** SolverThread ***
effd6 config: VCS: reading captured set patterns from '/home/linus/MoHex2.0/nfbranchfix/benzene-vanilla-cmake/share/vc-captured-set.txt'.
effd6 config: VCS:: parsed 2 patterns.
effd6 config: VCS: reading captured set patterns from '/home/linus/MoHex2.0/nfbranchfix/benzene-vanilla-cmake/share/vc-captured-set.txt'.
effd6 config: VCS:: parsed 2 patterns.
effd6 dfpn: 
ffff6 info: Best move cannot be determined, must search state.
ffff6 info: --- MoHexPlayer::Search() ---
ffff6 info: Color: white
ffff6 info: MaxGames: 1
ffff6 info: NumberThreads: 1
ffff6 info: MaxNodes: 9090 (799920 bytes)
ffff6 info: TimeForMove: 1
effd6 dfpn: e7
effd6 dfpn: d6
effd6 dfpn: f3
effd6 dfpn: e6
effd6 dfpn: d7
effd6 dfpn: e4
effd6 dfpn: e5
effd6 dfpn: i3
effd6 dfpn: d5
effd6 dfpn: f6
effd6 dfpn: f5
effd6 dfpn: f4
effd6 dfpn: d8
effd6 dfpn: g5
effd6 dfpn: c6
effd6 dfpn: c7
effd6 dfpn: g6
effd6 dfpn: g4
effd6 dfpn: j1
effd6 dfpn: g4
ffff6 info: Time for PreSearch: 0.167738s
ffff6 info: 
  19b0d9f24d3733de
  a  b  c  d  e  f  g  h  i  j  k  
 1\b  b  B  b  b  B  b  b  .  .  W\1
  2\W  .  *  *  *  *  *  W  .  B  w\2
   3\w  *  *  *  *  *  *  *  .  W  w\3
    4\.  *  *  *  *  *  *  *  *  W  b\4
     5\B  *  *  *  *  *  *  *  *  .  .\5
      6\.  .  *  *  *  *  *  *  *  .  .\6
       7\w  W  *  *  *  *  *  *  *  *  .\7
        8\w  .  *  *  *  *  *  *  *  *  .\8
         9\w  .  *  B  *  *  *  B  *  *  .\9
         10\.  *  *  *  *  *  *  .  .  B  b\10
          11\.  *  *  *  *  .  .  b  b  b  b\11
              a  b  c  d  e  f  g  h  i  j  k  
ffff6 info: Old: [black, a5] [white, swap-pieces] [white, j3] [black, f1] [white, h2] [black, c1] [white, k1] [black, h9] [white, j4] [black, d9] [white, a2] [black, j10] 
ffff6 info: New: [black, a5] [white, swap-pieces] [white, j3] [black, f1] [white, h2] [black, c1] [white, k1] [black, h9] [white, j4] [black, d9] [white, a2] [black, j10] [white, b7] [black, j2] 
ffff6 info: MovesPlayed: [white, b7] [black, j2] 
ffff6 info: No subtree to reuse.
ffff6 info: StartSearch()[0]
ffff6 info: 
Elapsed Time   0.345503s
Count          1
GamesPlayed    1
Nodes          1
Knowledge      0 (0.0%)
Expansions     0.0
Time           0.00
GameLen        90.0 dev=0.0 min=90.0 max=90.0
InTree         0.0 dev=0.0 min=0.0 max=0.0
KnowDepth      -
Aborted        0%
Games/s        2457.0
Score          1.00
Sequence      
ffff6 info: 
ffff6 warning: **** MoHexSearch returned empty sequence!
ffff6 warning: **** Returning random move!
ffff6 info: *** Player move: g7
effd6 info: DfpnSolver::CheckAbort(): Abort flag!
f7fe6 info: 
MID calls      64
VC builds      61
Terminal       2
Work           66
Wasted Work    32 (48.4848%)
Elapsed Time   0.355215
MIDs/sec       180.173
VCs/sec        171.727
Cnt prune sib  2
Avg prune sib  1 dev=0 min=1 max=1
Consider Size  26.1186 dev=20.7054 min=2 max=71
Move Index     7 dev=2 min=5 max=9
Move Percent   0.103396 dev=0.0309323 min=0.0724638 max=0.134328
Delta Increase 3.67692 dev=11.8466 min=1 max=69
Winner         empty
PV             g4 h3 h4 d6

HashTableStatistics:
Stores         1107
LookupAttempt  80130
LookupSuccess  4546
Collisions     0

f7fe6 info: Search aborted.
b58b7 info: PlayAndSolve: Building VCs to avoid race condition.
b58b7 info: PlayAndSolve: Continuing on as usual.
f7fe6 info: *** PlayerThread ***
ffff6 info: *** SolverThread ***
effd6 config: VCS: reading captured set patterns from '/home/linus/MoHex2.0/nfbranchfix/benzene-vanilla-cmake/share/vc-captured-set.txt'.
effd6 config: VCS:: parsed 2 patterns.
effd6 config: VCS: reading captured set patterns from '/home/linus/MoHex2.0/nfbranchfix/benzene-vanilla-cmake/share/vc-captured-set.txt'.
effd6 config: VCS:: parsed 2 patterns.
effd6 dfpn: 
f7fe6 info: Best move cannot be determined, must search state.
f7fe6 info: --- MoHexPlayer::Search() ---
f7fe6 info: Color: white
f7fe6 info: MaxGames: 1
f7fe6 info: NumberThreads: 1
f7fe6 info: MaxNodes: 9090 (799920 bytes)
f7fe6 info: TimeForMove: 1
effd6 dfpn: e7
effd6 dfpn: d7
f7fe6 info: Winning sequence found before UCT search!
f7fe6 info: Sequence: d7
f7fe6 info: *** Player move: d7
ffff6 info: 
MID calls      2
VC builds      3
Terminal       1
Work           3
Wasted Work    2 (66.6667%)
Elapsed Time   0.012691
MIDs/sec       157.592
VCs/sec        236.388
Cnt prune sib  0
Avg prune sib  -
Consider Size  34 dev=29 min=5 max=63
Move Index     1 dev=0 min=1 max=1
Move Percent   0.015873 dev=0 min=0.015873 max=0.015873
Delta Increase 1 dev=0 min=1 max=1
Winner         white
PV             d7

HashTableStatistics:
Stores         1114
LookupAttempt  80713
LookupSuccess  4560
Collisions     0

ffff6 info: *** FOUND WIN!!! ***
ffff6 info: PV: d7
b58b7 info: PlayAndSolve: Building VCs to avoid race condition.
b58b7 info: PlayAndSolve: Continuing on as usual.
f7fe6 info: *** SolverThread ***
ffff6 info: *** PlayerThread ***
effd6 config: VCS: reading captured set patterns from '/home/linus/MoHex2.0/nfbranchfix/benzene-vanilla-cmake/share/vc-captured-set.txt'.
effd6 config: VCS:: parsed 2 patterns.
effd6 config: VCS: reading captured set patterns from '/home/linus/MoHex2.0/nfbranchfix/benzene-vanilla-cmake/share/vc-captured-set.txt'.
effd6 config: VCS:: parsed 2 patterns.
effd6 dfpn: 
ffff6 info: Winning SC.
ffff6 info: *** Player move: g6
f7fe6 info: 
MID calls      0
VC builds      1
Terminal       1
Work           1
Wasted Work    0 (0%)
Elapsed Time   0.004656
MIDs/sec       0
VCs/sec        214.777
Cnt prune sib  0
Avg prune sib  -
Consider Size  -
Move Index     -
Move Percent   -
Delta Increase -
Winner         white
PV             

HashTableStatistics:
Stores         1115
LookupAttempt  80719
LookupSuccess  4563
Collisions     0

b58b7 info: PlayAndSolve: Building VCs to avoid race condition.
b58b7 info: PlayAndSolve: Continuing on as usual.
f7fe6 info: *** PlayerThread ***
ffff6 info: *** SolverThread ***
effd6 config: VCS: reading captured set patterns from '/home/linus/MoHex2.0/nfbranchfix/benzene-vanilla-cmake/share/vc-captured-set.txt'.
effd6 config: VCS:: parsed 2 patterns.
effd6 config: VCS: reading captured set patterns from '/home/linus/MoHex2.0/nfbranchfix/benzene-vanilla-cmake/share/vc-captured-set.txt'.
effd6 config: VCS:: parsed 2 patterns.
effd6 dfpn: 
f7fe6 info: Winning SC.
f7fe6 info: *** Player move: g5
ffff6 info: 
MID calls      0
VC builds      1
Terminal       1
Work           1
Wasted Work    0 (0%)
Elapsed Time   0.007106
MIDs/sec       0
VCs/sec        140.726
Cnt prune sib  0
Avg prune sib  -
Consider Size  -
Move Index     -
Move Percent   -
Delta Increase -
Winner         white
PV             

HashTableStatistics:
Stores         1116
LookupAttempt  80725
LookupSuccess  4566
Collisions     0

b58b7 info: PlayAndSolve: Building VCs to avoid race condition.
b58b7 info: PlayAndSolve: Continuing on as usual.
f7fe6 info: *** SolverThread ***
ffff6 info: *** PlayerThread ***
effd6 config: VCS: reading captured set patterns from '/home/linus/MoHex2.0/nfbranchfix/benzene-vanilla-cmake/share/vc-captured-set.txt'.
effd6 config: VCS:: parsed 2 patterns.
effd6 config: VCS: reading captured set patterns from '/home/linus/MoHex2.0/nfbranchfix/benzene-vanilla-cmake/share/vc-captured-set.txt'.
effd6 config: VCS:: parsed 2 patterns.
effd6 dfpn: 
ffff6 info: Winning SC.
ffff6 info: *** Player move: h3
f7fe6 info: 
MID calls      0
VC builds      1
Terminal       1
Work           1
Wasted Work    0 (0%)
Elapsed Time   0.008489
MIDs/sec       0
VCs/sec        117.8
Cnt prune sib  0
Avg prune sib  -
Consider Size  -
Move Index     -
Move Percent   -
Delta Increase -
Winner         white
PV             

HashTableStatistics:
Stores         1117
LookupAttempt  80731
LookupSuccess  4569
Collisions     0

b58b7 info: PlayAndSolve: Building VCs to avoid race condition.
b58b7 info: PlayAndSolve: Continuing on as usual.
f7fe6 info: *** PlayerThread ***
ffff6 info: *** SolverThread ***
effd6 config: VCS: reading captured set patterns from '/home/linus/MoHex2.0/nfbranchfix/benzene-vanilla-cmake/share/vc-captured-set.txt'.
effd6 config: VCS:: parsed 2 patterns.
effd6 config: VCS: reading captured set patterns from '/home/linus/MoHex2.0/nfbranchfix/benzene-vanilla-cmake/share/vc-captured-set.txt'.
effd6 config: VCS:: parsed 2 patterns.
effd6 dfpn: 
f7fe6 info: Winning SC.
f7fe6 info: *** Player move: e7
ffff6 info: 
MID calls      0
VC builds      1
Terminal       1
Work           1
Wasted Work    0 (0%)
Elapsed Time   0.005935
MIDs/sec       0
VCs/sec        168.492
Cnt prune sib  0
Avg prune sib  -
Consider Size  -
Move Index     -
Move Percent   -
Delta Increase -
Winner         white
PV             

HashTableStatistics:
Stores         1118
LookupAttempt  80737
LookupSuccess  4572
Collisions     0

b58b7 info: PlayAndSolve: Building VCs to avoid race condition.
b58b7 info: PlayAndSolve: Continuing on as usual.
ffff6 info: *** PlayerThread ***
f7fe6 info: *** SolverThread ***
effd6 config: VCS: reading captured set patterns from '/home/linus/MoHex2.0/nfbranchfix/benzene-vanilla-cmake/share/vc-captured-set.txt'.
effd6 config: VCS:: parsed 2 patterns.
effd6 config: VCS: reading captured set patterns from '/home/linus/MoHex2.0/nfbranchfix/benzene-vanilla-cmake/share/vc-captured-set.txt'.
effd6 config: VCS:: parsed 2 patterns.
effd6 dfpn: 
ffff6 info: Winning SC.
ffff6 info: *** Player move: c7
f7fe6 info: 
MID calls      0
VC builds      1
Terminal       1
Work           1
Wasted Work    0 (0%)
Elapsed Time   0.006686
MIDs/sec       0
VCs/sec        149.566
Cnt prune sib  0
Avg prune sib  -
Consider Size  -
Move Index     -
Move Percent   -
Delta Increase -
Winner         white
PV             

HashTableStatistics:
Stores         1119
LookupAttempt  80743
LookupSuccess  4575
Collisions     0

b58b7 info: PlayAndSolve: Building VCs to avoid race condition.
b58b7 info: PlayAndSolve: Continuing on as usual.
f7fe6 info: *** PlayerThread ***
ffff6 info: *** SolverThread ***
effd6 config: VCS: reading captured set patterns from '/home/linus/MoHex2.0/nfbranchfix/benzene-vanilla-cmake/share/vc-captured-set.txt'.
effd6 config: VCS:: parsed 2 patterns.
effd6 config: VCS: reading captured set patterns from '/home/linus/MoHex2.0/nfbranchfix/benzene-vanilla-cmake/share/vc-captured-set.txt'.
effd6 config: VCS:: parsed 2 patterns.
effd6 dfpn: 
f7fe6 info: Winning SC.
f7fe6 info: *** Player move: h4
ffff6 info: 
MID calls      0
VC builds      1
Terminal       1
Work           1
Wasted Work    0 (0%)
Elapsed Time   0.005819
MIDs/sec       0
VCs/sec        171.851
Cnt prune sib  0
Avg prune sib  -
Consider Size  -
Move Index     -
Move Percent   -
Delta Increase -
Winner         white
PV             

HashTableStatistics:
Stores         1120
LookupAttempt  80749
LookupSuccess  4578
Collisions     0

b58b7 info: PlayAndSolve: Building VCs to avoid race condition.
b58b7 info: PlayAndSolve: Continuing on as usual.
ffff6 info: *** PlayerThread ***
f7fe6 info: *** SolverThread ***
effd6 config: VCS: reading captured set patterns from '/home/linus/MoHex2.0/nfbranchfix/benzene-vanilla-cmake/share/vc-captured-set.txt'.
effd6 config: VCS:: parsed 2 patterns.
effd6 config: VCS: reading captured set patterns from '/home/linus/MoHex2.0/nfbranchfix/benzene-vanilla-cmake/share/vc-captured-set.txt'.
effd6 config: VCS:: parsed 2 patterns.
effd6 dfpn: 
ffff6 info: Winning SC.
ffff6 info: *** Player move: f7
f7fe6 info: 
MID calls      0
VC builds      1
Terminal       1
Work           1
Wasted Work    0 (0%)
Elapsed Time   0.006666
MIDs/sec       0
VCs/sec        150.015
Cnt prune sib  0
Avg prune sib  -
Consider Size  -
Move Index     -
Move Percent   -
Delta Increase -
Winner         white
PV             

HashTableStatistics:
Stores         1121
LookupAttempt  80755
LookupSuccess  4581
Collisions     0

b58b7 info: PlayAndSolve: Building VCs to avoid race condition.
b58b7 info: PlayAndSolve: Continuing on as usual.
ffff6 info: *** SolverThread ***
f7fe6 info: *** PlayerThread ***
effd6 config: VCS: reading captured set patterns from '/home/linus/MoHex2.0/nfbranchfix/benzene-vanilla-cmake/share/vc-captured-set.txt'.
effd6 config: VCS:: parsed 2 patterns.
effd6 config: VCS: reading captured set patterns from '/home/linus/MoHex2.0/nfbranchfix/benzene-vanilla-cmake/share/vc-captured-set.txt'.
effd6 config: VCS:: parsed 2 patterns.
effd6 dfpn: 
f7fe6 info: Winning SC.
f7fe6 info: *** Player move: j1
ffff6 info: 
MID calls      0
VC builds      1
Terminal       1
Work           1
Wasted Work    0 (0%)
Elapsed Time   0.004955
MIDs/sec       0
VCs/sec        201.816
Cnt prune sib  0
Avg prune sib  -
Consider Size  -
Move Index     -
Move Percent   -
Delta Increase -
Winner         white
PV             

HashTableStatistics:
Stores         1122
LookupAttempt  80761
LookupSuccess  4584
Collisions     0

b58b7 info: PlayAndSolve: Building VCs to avoid race condition.
b58b7 info: PlayAndSolve: Continuing on as usual.
ffff6 info: *** PlayerThread ***
f7fe6 info: *** SolverThread ***
effd6 config: VCS: reading captured set patterns from '/home/linus/MoHex2.0/nfbranchfix/benzene-vanilla-cmake/share/vc-captured-set.txt'.
effd6 config: VCS:: parsed 2 patterns.
effd6 config: VCS: reading captured set patterns from '/home/linus/MoHex2.0/nfbranchfix/benzene-vanilla-cmake/share/vc-captured-set.txt'.
effd6 config: VCS:: parsed 2 patterns.
ffff6 info: Captured cells caused win! Removing...
effd6 dfpn: 
f7fe6 info: 
MID calls      0
VC builds      1
Terminal       1
Work           1
Wasted Work    0 (0%)
Elapsed Time   0.002406
MIDs/sec       0
VCs/sec        415.628
Cnt prune sib  0
Avg prune sib  -
Consider Size  -
Move Index     -
Move Percent   -
Delta Increase -
Winner         white
PV             

HashTableStatistics:
Stores         1123
LookupAttempt  80767
LookupSuccess  4587
Collisions     0

ffff6 info: Winning SC.
ffff6 info: *** Player move: i1
b58b7 info: PlayAndSolve: Building VCs to avoid race condition.
b58b7 info: PlayAndSolve: Continuing on as usual.
f7fe6 info: *** PlayerThread ***
ffff6 info: *** SolverThread ***
effd6 config: VCS: reading captured set patterns from '/home/linus/MoHex2.0/nfbranchfix/benzene-vanilla-cmake/share/vc-captured-set.txt'.
effd6 config: VCS:: parsed 2 patterns.
effd6 config: VCS: reading captured set patterns from '/home/linus/MoHex2.0/nfbranchfix/benzene-vanilla-cmake/share/vc-captured-set.txt'.
effd6 config: VCS:: parsed 2 patterns.
effd6 dfpn: 
f7fe6 info: Winning SC.
f7fe6 info: *** Player move: a8
ffff6 info: 
MID calls      0
VC builds      1
Terminal       1
Work           1
Wasted Work    0 (0%)
Elapsed Time   0.004671
MIDs/sec       0
VCs/sec        214.087
Cnt prune sib  0
Avg prune sib  -
Consider Size  -
Move Index     -
Move Percent   -
Delta Increase -
Winner         white
PV             

HashTableStatistics:
Stores         1124
LookupAttempt  80773
LookupSuccess  4590
Collisions     0

b58b7 config: ============ BenzeneShutdown =============
b58b7 config: MoHexProgram:: ShutdownSystem()
b58b7 config: CommonProgram:: ShutdownSystem()
b58b7 config: BenzeneProgram:: ShutdownSystem()
Flushing and closing this stream...
