# nice ../build/src/mohex/mohex --config mohex-weak.htp --seed 424971 --logfile-name jobs/11x11-mohex-mohex-weak-vs-mohex-mohex-cg2010/mohex-mohex-weak-7.log
>boardsize 11 11
MoHex 2.0.CMake Mar 21 2025
Copyright (C) 2007-2012 by the authors of the Benzene project.
This program comes with ABSOLUTELY NO WARRANTY. This is
free software and you are welcome to redistribute it under
certain conditions. Type `benzene-license' for details.

SgRandom::SetSeed: 424971
SgUctSearch: system memory 33632358400, using 1000000000 (5681818 nodes)
SgRandom::SetSeed: 1
SgRandom::SetSeed: 424971
20a17 info: Prior Patterns:
20a17 info: Global:
20a17 info: Size            = 565 32648 
20a17 info: TableEntries    = 65932 65910
20a17 info: MirrorsAdded    = 0 0
20a17 info: PrunableCount   = 30593 30629
20a17 info: LargestGamma    = 5820.77
20a17 info: SmallestGamma   = 6.6e-05
20a17 info: Local:
20a17 info: Size            = 550 5318 
20a17 info: TableEntries    = 11602 11588
20a17 info: MirrorsAdded    = 0 0
20a17 info: PrunableCount   = 3659 3667
20a17 info: LargestGamma    = 11281.8
20a17 info: SmallestGamma   = 0.026235
20a17 info: Playout Patterns:
20a17 info: Global:
20a17 info: Size            = 565 32648 
20a17 info: TableEntries    = 70329 70329
20a17 info: MirrorsAdded    = 4397 4419
20a17 info: PrunableCount   = 30593 30629
20a17 info: LargestGamma    = 5820.77
20a17 info: SmallestGamma   = 6.6e-05
20a17 info: Local:
20a17 info: Size            = 550 5318 
20a17 info: TableEntries    = 11602 11588
20a17 info: MirrorsAdded    = 0 0
20a17 info: PrunableCount   = 3659 3667
20a17 info: LargestGamma    = 11281.8
20a17 info: SmallestGamma   = 0.026235
param_game allow_swap 1
= 

param_mohex max_memory 1600000
= 

param_mohex num_threads 1
= 

param_mohex max_time 1
= 

param_mohex max_games 1
= 

param_mohex knowledge_threshold 400
= 

param_mohex reuse_subtree 1
= 

param_mohex use_parallel_solver 1
= 

<= 
<
>name
<= MoHex
<
>version
<= 2.0.CMake
<
>play b a4
<= 
<
>genmove w
<= swap-pieces
<
>showboard
20a17 info: SwapCheck: reading from '/home/linus/MoHex2.0/nfbranchfix/benzene-vanilla-cmake/share/swap-moves.txt'.
20a17 info: SwapCheck: playing swap.
<= 
< 
<  16fb1f9bcce4491b
<  a  b  c  d  e  f  g  h  i  j  k  
< 1\.  .  .  .  .  .  .  .  .  .  .\1
<  2\.  .  .  .  .  .  .  .  .  .  .\2
<   3\.  .  .  .  .  .  .  .  .  .  .\3
<    4\B  .  .  .  .  .  .  .  .  .  .\4
<     5\.  .  .  .  .  .  .  .  .  .  .\5
<      6\.  .  .  .  .  .  .  .  .  .  .\6
<       7\.  .  .  .  .  .  .  .  .  .  .\7
<        8\.  .  .  .  .  .  .  .  .  .  .\8
<         9\.  .  .  .  .  .  .  .  .  .  .\9
<         10\.  .  .  .  .  .  .  .  .  .  .\10
<          11\.  .  .  .  .  .  .  .  .  .  .\11
<              a  b  c  d  e  f  g  h  i  j  k  
<
>play w g3
<= 
<
>showboard
<= 
< 
<  fa890b6ec8312f49
<  a  b  c  d  e  f  g  h  i  j  k  
< 1\.  .  .  .  .  .  .  .  .  .  .\1
<  2\.  .  .  .  .  .  .  .  .  .  .\2
<   3\.  .  .  .  .  .  W  .  .  .  .\3
<    4\B  .  .  .  .  .  .  .  .  .  .\4
<     5\.  .  .  .  .  .  .  .  .  .  .\5
<      6\.  .  .  .  .  .  .  .  .  .  .\6
<       7\.  .  .  .  .  .  .  .  .  .  .\7
<        8\.  .  .  .  .  .  .  .  .  .  .\8
<         9\.  .  .  .  .  .  .  .  .  .  .\9
<         10\.  .  .  .  .  .  .  .  .  .  .\10
<          11\.  .  .  .  .  .  .  .  .  .  .\11
<              a  b  c  d  e  f  g  h  i  j  k  
<
>genmove b
<= e7
<
>showboard
20a17 info: PlayAndSolve: Building VCs to avoid race condition.
20a17 info: PlayAndSolve: Continuing on as usual.
adcb6 info: *** PlayerThread ***
a5ca6 info: *** SolverThread ***
adcb6 info: Best move cannot be determined, must search state.
adcb6 info: --- MoHexPlayer::Search() ---
adcb6 info: Color: black
adcb6 info: MaxGames: 1
adcb6 info: NumberThreads: 1
adcb6 info: MaxNodes: 9090 (799920 bytes)
adcb6 info: TimeForMove: 1
adcb6 info: PreSearch: max time reached (50/89).
adcb6 info: Time for PreSearch: 0.203268s
adcb6 info: 
  fa890b6ec8312f49
  a  b  c  d  e  f  g  h  i  j  k  
 1\.  .  .  .  .  .  .  .  .  .  .\1
  2\.  .  *  *  *  *  .  .  *  *  *\2
   3\.  *  *  *  *  *  W  *  *  *  *\3
    4\B  *  *  *  *  *  *  *  *  *  *\4
     5\*  *  *  *  *  *  *  *  *  *  *\5
      6\*  *  *  *  *  *  *  *  *  *  *\6
       7\*  *  *  *  *  *  *  *  *  *  *\7
        8\*  *  *  *  *  *  *  *  *  *  *\8
         9\*  *  *  *  *  *  *  *  *  *  .\9
         10\*  *  *  *  *  *  *  *  *  .  .\10
          11\.  .  .  .  .  .  .  .  .  .  .\11
              a  b  c  d  e  f  g  h  i  j  k  
adcb6 info: No subtree to reuse.
adcb6 info: Creating thread 0
adcb6 info: StartSearch()[0]
SgUctSearch: max games reached
adcb6 info: 
Elapsed Time   0.35806s
Count          1
GamesPlayed    1
Nodes          1
Knowledge      0 (0.0%)
Expansions     0.0
Time           0.00
GameLen        119.0 dev=0.0 min=119.0 max=119.0
InTree         0.0 dev=0.0 min=0.0 max=0.0
KnowDepth      -
Aborted        0%
Games/s        399.0
Score          1.00
Sequence      
adcb6 info: 
adcb6 warning: **** MoHexSearch returned empty sequence!
adcb6 warning: **** Returning random move!
adcb6 info: *** Player move: e7
9dc96 info: DfpnSolver::CheckAbort(): Abort flag!
a5ca6 info: 
MID calls      50
VC builds      48
Terminal       0
Work           50
Wasted Work    0 (0%)
Elapsed Time   0.373416
MIDs/sec       133.899
VCs/sec        128.543
Cnt prune sib  0
Avg prune sib  -
Consider Size  88.5 dev=4.03095 min=79 max=93
Move Index     -
Move Percent   -
Delta Increase 4.44898 dev=15.9234 min=1 max=84
Winner         empty
PV             i2 b8 h4 g6

HashTableStatistics:
Stores         123
LookupAttempt  12843
LookupSuccess  729
Collisions     0

a5ca6 info: Search aborted.
<= 
< 
<  051601581a811320
<  a  b  c  d  e  f  g  h  i  j  k  
< 1\.  .  .  .  .  .  .  .  .  .  .\1
<  2\.  .  .  .  .  .  .  .  .  .  .\2
<   3\.  .  .  .  .  .  W  .  .  .  .\3
<    4\B  .  .  .  .  .  .  .  .  .  .\4
<     5\.  .  .  .  .  .  .  .  .  .  .\5
<      6\.  .  .  .  .  .  .  .  .  .  .\6
<       7\.  .  .  .  B  .  .  .  .  .  .\7
<        8\.  .  .  .  .  .  .  .  .  .  .\8
<         9\.  .  .  .  .  .  .  .  .  .  .\9
<         10\.  .  .  .  .  .  .  .  .  .  .\10
<          11\.  .  .  .  .  .  .  .  .  .  .\11
<              a  b  c  d  e  f  g  h  i  j  k  
<
>play w h9
<= 
<
>showboard
<= 
< 
<  533aee926180a1fb
<  a  b  c  d  e  f  g  h  i  j  k  
< 1\.  .  .  .  .  .  .  .  .  .  .\1
<  2\.  .  .  .  .  .  .  .  .  .  .\2
<   3\.  .  .  .  .  .  W  .  .  .  .\3
<    4\B  .  .  .  .  .  .  .  .  .  .\4
<     5\.  .  .  .  .  .  .  .  .  .  .\5
<      6\.  .  .  .  .  .  .  .  .  .  .\6
<       7\.  .  .  .  B  .  .  .  .  .  .\7
<        8\.  .  .  .  .  .  .  .  .  .  .\8
<         9\.  .  .  .  .  .  .  W  .  .  .\9
<         10\.  .  .  .  .  .  .  .  .  .  .\10
<          11\.  .  .  .  .  .  .  .  .  .  .\11
<              a  b  c  d  e  f  g  h  i  j  k  
<
>genmove b
<= d8
<
>showboard
20a17 info: PlayAndSolve: Building VCs to avoid race condition.
20a17 info: PlayAndSolve: Continuing on as usual.
a5ca6 info: *** PlayerThread ***
adcb6 info: *** SolverThread ***
a5ca6 info: Best move cannot be determined, must search state.
a5ca6 info: --- MoHexPlayer::Search() ---
a5ca6 info: Color: black
a5ca6 info: MaxGames: 1
a5ca6 info: NumberThreads: 1
a5ca6 info: MaxNodes: 9090 (799920 bytes)
a5ca6 info: TimeForMove: 1
a5ca6 info: PreSearch: max time reached (46/85).
a5ca6 info: Time for PreSearch: 0.20064s
a5ca6 info: 
  533aee926180a1fb
  a  b  c  d  e  f  g  h  i  j  k  
 1\.  .  .  .  .  .  .  .  .  .  .\1
  2\.  .  *  *  *  *  .  .  *  *  *\2
   3\.  *  *  *  *  *  W  *  *  *  *\3
    4\B  *  *  *  *  *  *  *  *  *  *\4
     5\*  *  *  *  *  *  *  *  *  *  *\5
      6\*  *  *  *  *  *  *  *  *  *  *\6
       7\*  *  *  *  B  *  *  *  *  *  *\7
        8\*  *  *  *  *  *  *  *  *  *  *\8
         9\*  *  *  *  *  *  *  W  *  *  .\9
         10\*  *  *  *  *  *  .  .  *  .  .\10
          11\.  .  .  .  .  .  .  .  .  .  .\11
              a  b  c  d  e  f  g  h  i  j  k  
a5ca6 info: Old: [black, a4] [white, swap-pieces] [white, g3] 
a5ca6 info: New: [black, a4] [white, swap-pieces] [white, g3] [black, e7] [white, h9] 
a5ca6 info: MovesPlayed: [black, e7] [white, h9] 
a5ca6 info: No subtree to reuse.
a5ca6 info: StartSearch()[0]
SgUctSearch: max games reached
a5ca6 info: 
Elapsed Time   0.396459s
Count          1
GamesPlayed    1
Nodes          1
Knowledge      0 (0.0%)
Expansions     0.0
Time           0.00
GameLen        117.0 dev=0.0 min=117.0 max=117.0
InTree         0.0 dev=0.0 min=0.0 max=0.0
KnowDepth      -
Aborted        0%
Games/s        2881.8
Score          0.00
Sequence      
a5ca6 info: 
a5ca6 warning: **** MoHexSearch returned empty sequence!
a5ca6 warning: **** Returning random move!
a5ca6 info: *** Player move: d8
9dc96 info: DfpnSolver::CheckAbort(): Abort flag!
adcb6 info: 
MID calls      39
VC builds      38
Terminal       0
Work           39
Wasted Work    0 (0%)
Elapsed Time   0.408275
MIDs/sec       95.5239
VCs/sec        93.0745
Cnt prune sib  0
Avg prune sib  -
Consider Size  86.1316 dev=4.57185 min=78 max=91
Move Index     -
Move Percent   -
Delta Increase 3.15789 dev=12.9626 min=1 max=82
Winner         empty
PV             i2 i4 h4

HashTableStatistics:
Stores         224
LookupAttempt  23915
LookupSuccess  1395
Collisions     0

adcb6 info: Search aborted.
<= 
< 
<  13c17b5970938a14
<  a  b  c  d  e  f  g  h  i  j  k  
< 1\.  .  .  .  .  .  .  .  .  .  .\1
<  2\.  .  .  .  .  .  .  .  .  .  .\2
<   3\.  .  .  .  .  .  W  .  .  .  .\3
<    4\B  .  .  .  .  .  .  .  .  .  .\4
<     5\.  .  .  .  .  .  .  .  .  .  .\5
<      6\.  .  .  .  .  .  .  .  .  .  .\6
<       7\.  .  .  .  B  .  .  .  .  .  .\7
<        8\.  .  .  B  .  .  .  .  .  .  .\8
<         9\.  .  .  .  .  .  .  W  .  .  .\9
<         10\.  .  .  .  .  .  .  .  .  .  .\10
<          11\.  .  .  .  .  .  .  .  .  .  .\11
<              a  b  c  d  e  f  g  h  i  j  k  
<
>play w b8
<= 
<
>showboard
<= 
< 
<  9731d48163758ab9
<  a  b  c  d  e  f  g  h  i  j  k  
< 1\.  .  .  .  .  .  .  .  .  .  .\1
<  2\.  .  .  .  .  .  .  .  .  .  .\2
<   3\.  .  .  .  .  .  W  .  .  .  .\3
<    4\B  .  .  .  .  .  .  .  .  .  .\4
<     5\.  .  .  .  .  .  .  .  .  .  .\5
<      6\.  .  .  .  .  .  .  .  .  .  .\6
<       7\.  .  .  .  B  .  .  .  .  .  .\7
<        8\.  W  .  B  .  .  .  .  .  .  .\8
<         9\.  .  .  .  .  .  .  W  .  .  .\9
<         10\.  .  .  .  .  .  .  .  .  .  .\10
<          11\.  .  .  .  .  .  .  .  .  .  .\11
<              a  b  c  d  e  f  g  h  i  j  k  
<
>genmove b
<= g5
<
>showboard
20a17 info: PlayAndSolve: Building VCs to avoid race condition.
20a17 info: PlayAndSolve: Continuing on as usual.
adcb6 info: *** PlayerThread ***
a5ca6 info: *** SolverThread ***
adcb6 info: Best move cannot be determined, must search state.
adcb6 info: --- MoHexPlayer::Search() ---
adcb6 info: Color: black
adcb6 info: MaxGames: 1
adcb6 info: NumberThreads: 1
adcb6 info: MaxNodes: 9090 (799920 bytes)
adcb6 info: TimeForMove: 1
adcb6 info: PreSearch: max time reached (39/75).
adcb6 info: Time for PreSearch: 0.202566s
adcb6 info: 
  9731d48163758ab9
  a  b  c  d  e  f  g  h  i  j  k  
 1\.  .  .  .  .  .  .  .  .  .  .\1
  2\.  .  *  *  *  *  .  .  *  *  *\2
   3\.  *  *  *  *  *  W  *  *  *  *\3
    4\B  *  *  *  *  *  *  *  *  *  *\4
     5\*  *  *  *  *  *  *  *  *  *  *\5
      6\.  *  *  *  *  *  *  *  *  *  *\6
       7\w  .  *  .  B  *  *  *  *  *  *\7
        8\w  W  *  B  *  *  *  *  *  *  *\8
         9\w  .  *  *  *  *  *  W  *  *  .\9
         10\w  *  *  *  *  *  .  .  *  .  .\10
          11\.  .  .  .  .  .  .  .  .  .  .\11
              a  b  c  d  e  f  g  h  i  j  k  
adcb6 info: Old: [black, a4] [white, swap-pieces] [white, g3] [black, e7] [white, h9] 
adcb6 info: New: [black, a4] [white, swap-pieces] [white, g3] [black, e7] [white, h9] [black, d8] [white, b8] 
adcb6 info: MovesPlayed: [black, d8] [white, b8] 
adcb6 info: No subtree to reuse.
adcb6 info: StartSearch()[0]
SgUctSearch: max games reached
adcb6 info: 
Elapsed Time   0.352986s
Count          1
GamesPlayed    1
Nodes          1
Knowledge      0 (0.0%)
Expansions     0.0
Time           0.00
GameLen        111.0 dev=0.0 min=111.0 max=111.0
InTree         0.0 dev=0.0 min=0.0 max=0.0
KnowDepth      -
Aborted        0%
Games/s        2907.0
Score          0.00
Sequence      
adcb6 info: 
adcb6 warning: **** MoHexSearch returned empty sequence!
adcb6 warning: **** Returning random move!
adcb6 info: *** Player move: g5
9dc96 info: DfpnSolver::CheckAbort(): Abort flag!
a5ca6 info: 
MID calls      32
VC builds      31
Terminal       0
Work           32
Wasted Work    0 (0%)
Elapsed Time   0.369029
MIDs/sec       86.7141
VCs/sec        84.0042
Cnt prune sib  0
Avg prune sib  -
Consider Size  70.2903 dev=16.4654 min=36 max=86
Move Index     -
Move Percent   -
Delta Increase 4.45161 dev=13.4712 min=1 max=70
Winner         empty
PV             e4 e10 c10

HashTableStatistics:
Stores         308
LookupAttempt  32102
LookupSuccess  1913
Collisions     0

a5ca6 info: Search aborted.
<= 
< 
<  0ffc7b37d374c658
<  a  b  c  d  e  f  g  h  i  j  k  
< 1\.  .  .  .  .  .  .  .  .  .  .\1
<  2\.  .  .  .  .  .  .  .  .  .  .\2
<   3\.  .  .  .  .  .  W  .  .  .  .\3
<    4\B  .  .  .  .  .  .  .  .  .  .\4
<     5\.  .  .  .  .  .  B  .  .  .  .\5
<      6\.  .  .  .  .  .  .  .  .  .  .\6
<       7\.  .  .  .  B  .  .  .  .  .  .\7
<        8\.  W  .  B  .  .  .  .  .  .  .\8
<         9\.  .  .  .  .  .  .  W  .  .  .\9
<         10\.  .  .  .  .  .  .  .  .  .  .\10
<          11\.  .  .  .  .  .  .  .  .  .  .\11
<              a  b  c  d  e  f  g  h  i  j  k  
<
>play w g4
<= 
<
>showboard
<= 
< 
<  7d68f0d903f963af
<  a  b  c  d  e  f  g  h  i  j  k  
< 1\.  .  .  .  .  .  .  .  .  .  .\1
<  2\.  .  .  .  .  .  .  .  .  .  .\2
<   3\.  .  .  .  .  .  W  .  .  .  .\3
<    4\B  .  .  .  .  .  W  .  .  .  .\4
<     5\.  .  .  .  .  .  B  .  .  .  .\5
<      6\.  .  .  .  .  .  .  .  .  .  .\6
<       7\.  .  .  .  B  .  .  .  .  .  .\7
<        8\.  W  .  B  .  .  .  .  .  .  .\8
<         9\.  .  .  .  .  .  .  W  .  .  .\9
<         10\.  .  .  .  .  .  .  .  .  .  .\10
<          11\.  .  .  .  .  .  .  .  .  .  .\11
<              a  b  c  d  e  f  g  h  i  j  k  
<
>genmove b
<= b11
<
>showboard
20a17 info: PlayAndSolve: Building VCs to avoid race condition.
20a17 info: PlayAndSolve: Continuing on as usual.
a5ca6 info: *** PlayerThread ***
adcb6 info: *** SolverThread ***
a5ca6 info: Best move cannot be determined, must search state.
a5ca6 info: --- MoHexPlayer::Search() ---
a5ca6 info: Color: black
a5ca6 info: MaxGames: 1
a5ca6 info: NumberThreads: 1
a5ca6 info: MaxNodes: 9090 (799920 bytes)
a5ca6 info: TimeForMove: 1
a5ca6 info: PreSearch: max time reached (28/73).
a5ca6 info: Time for PreSearch: 0.201851s
a5ca6 info: 
  7d68f0d903f963af
  a  b  c  d  e  f  g  h  i  j  k  
 1\.  .  .  .  .  .  .  .  .  .  .\1
  2\.  .  *  *  *  *  .  .  *  *  *\2
   3\.  *  *  *  *  *  W  *  *  *  *\3
    4\B  *  *  *  *  *  W  *  *  *  *\4
     5\*  *  *  *  *  *  B  *  *  *  *\5
      6\.  *  *  *  *  *  *  *  *  *  *\6
       7\w  .  *  .  B  *  *  *  *  *  *\7
        8\w  W  *  B  *  *  *  *  *  *  *\8
         9\w  .  *  *  *  *  *  W  *  *  .\9
         10\w  *  *  *  *  *  .  .  *  .  .\10
          11\.  .  .  .  .  .  .  .  .  .  .\11
              a  b  c  d  e  f  g  h  i  j  k  
a5ca6 info: Old: [black, a4] [white, swap-pieces] [white, g3] [black, e7] [white, h9] [black, d8] [white, b8] 
a5ca6 info: New: [black, a4] [white, swap-pieces] [white, g3] [black, e7] [white, h9] [black, d8] [white, b8] [black, g5] [white, g4] 
a5ca6 info: MovesPlayed: [black, g5] [white, g4] 
a5ca6 info: No subtree to reuse.
a5ca6 info: StartSearch()[0]
SgUctSearch: max games reached
a5ca6 info: 
Elapsed Time   0.371659s
Count          1
GamesPlayed    1
Nodes          1
Knowledge      0 (0.0%)
Expansions     0.0
Time           0.00
GameLen        109.0 dev=0.0 min=109.0 max=109.0
InTree         0.0 dev=0.0 min=0.0 max=0.0
KnowDepth      -
Aborted        0%
Games/s        2832.9
Score          1.00
Sequence      
a5ca6 info: 
a5ca6 warning: **** MoHexSearch returned empty sequence!
a5ca6 warning: **** Returning random move!
a5ca6 info: *** Player move: b11
9dc96 info: DfpnSolver::CheckAbort(): Abort flag!
adcb6 info: 
MID calls      27
VC builds      26
Terminal       0
Work           27
Wasted Work    0 (0%)
Elapsed Time   0.39473
MIDs/sec       68.4012
VCs/sec        65.8678
Cnt prune sib  0
Avg prune sib  -
Consider Size  62.5 dev=20.3172 min=13 max=84
Move Index     -
Move Percent   -
Delta Increase 2.38462 dev=6.53439 min=1 max=35
Winner         empty
PV             e4 c10 e9

HashTableStatistics:
Stores         382
LookupAttempt  39556
LookupSuccess  2426
Collisions     0

adcb6 info: Search aborted.
<= 
< 
<  73d53a3b48fb3680
<  a  b  c  d  e  f  g  h  i  j  k  
< 1\.  .  .  .  .  .  .  .  .  .  .\1
<  2\.  .  .  .  .  .  .  .  .  .  .\2
<   3\.  .  .  .  .  .  W  .  .  .  .\3
<    4\B  .  .  .  .  .  W  .  .  .  .\4
<     5\.  .  .  .  .  .  B  .  .  .  .\5
<      6\.  .  .  .  .  .  .  .  .  .  .\6
<       7\.  .  .  .  B  .  .  .  .  .  .\7
<        8\.  W  .  B  .  .  .  .  .  .  .\8
<         9\.  .  .  .  .  .  .  W  .  .  .\9
<         10\.  .  .  .  .  .  .  .  .  .  .\10
<          11\.  B  .  .  .  .  .  .  .  .  .\11
<              a  b  c  d  e  f  g  h  i  j  k  
<
>play w i1
<= 
<
>showboard
<= 
< 
<  1ba0fccf24a6d7b5
<  a  b  c  d  e  f  g  h  i  j  k  
< 1\.  .  .  .  .  .  .  .  W  .  .\1
<  2\.  .  .  .  .  .  .  .  .  .  .\2
<   3\.  .  .  .  .  .  W  .  .  .  .\3
<    4\B  .  .  .  .  .  W  .  .  .  .\4
<     5\.  .  .  .  .  .  B  .  .  .  .\5
<      6\.  .  .  .  .  .  .  .  .  .  .\6
<       7\.  .  .  .  B  .  .  .  .  .  .\7
<        8\.  W  .  B  .  .  .  .  .  .  .\8
<         9\.  .  .  .  .  .  .  W  .  .  .\9
<         10\.  .  .  .  .  .  .  .  .  .  .\10
<          11\.  B  .  .  .  .  .  .  .  .  .\11
<              a  b  c  d  e  f  g  h  i  j  k  
<
>genmove b
<= h5
<
>showboard
20a17 info: PlayAndSolve: Building VCs to avoid race condition.
20a17 info: PlayAndSolve: Continuing on as usual.
adcb6 info: *** PlayerThread ***
a5ca6 info: *** SolverThread ***
adcb6 info: Best move cannot be determined, must search state.
adcb6 info: --- MoHexPlayer::Search() ---
adcb6 info: Color: black
adcb6 info: MaxGames: 1
adcb6 info: NumberThreads: 1
adcb6 info: MaxNodes: 9090 (799920 bytes)
adcb6 info: TimeForMove: 1
adcb6 info: PreSearch: max time reached (34/74).
adcb6 info: Time for PreSearch: 0.20173s
adcb6 info: 
  1ba0fccf24a6d7b5
  a  b  c  d  e  f  g  h  i  j  k  
 1\.  .  .  .  .  .  .  .  W  .  .\1
  2\.  .  *  *  *  *  .  *  *  *  *\2
   3\.  *  *  *  *  *  W  *  *  *  *\3
    4\B  *  *  *  *  *  W  *  *  *  *\4
     5\*  *  *  *  *  *  B  *  *  *  *\5
      6\.  *  *  *  *  *  *  *  *  *  *\6
       7\w  .  *  .  B  *  *  *  *  *  *\7
        8\w  W  *  B  *  *  *  *  *  *  *\8
         9\w  .  *  *  *  *  *  W  *  *  .\9
         10\w  *  *  *  *  *  .  .  *  .  .\10
          11\w  B  .  .  .  .  .  .  .  .  .\11
              a  b  c  d  e  f  g  h  i  j  k  
adcb6 info: Old: [black, a4] [white, swap-pieces] [white, g3] [black, e7] [white, h9] [black, d8] [white, b8] [black, g5] [white, g4] 
adcb6 info: New: [black, a4] [white, swap-pieces] [white, g3] [black, e7] [white, h9] [black, d8] [white, b8] [black, g5] [white, g4] [black, b11] [white, i1] 
adcb6 info: MovesPlayed: [black, b11] [white, i1] 
adcb6 info: No subtree to reuse.
adcb6 info: StartSearch()[0]
SgUctSearch: max games reached
adcb6 info: 
Elapsed Time   0.572207s
Count          1
GamesPlayed    1
Nodes          1
Knowledge      0 (0.0%)
Expansions     0.0
Time           0.00
GameLen        106.0 dev=0.0 min=106.0 max=106.0
InTree         0.0 dev=0.0 min=0.0 max=0.0
KnowDepth      -
Aborted        0%
Games/s        3257.3
Score          1.00
Sequence      
adcb6 info: 
adcb6 warning: **** MoHexSearch returned empty sequence!
adcb6 warning: **** Returning random move!
adcb6 info: *** Player move: h5
9dc96 info: DfpnSolver::CheckAbort(): Abort flag!
a5ca6 info: 
MID calls      52
VC builds      49
Terminal       0
Work           52
Wasted Work    0 (0%)
Elapsed Time   0.595644
MIDs/sec       87.3005
VCs/sec        82.2639
Cnt prune sib  0
Avg prune sib  -
Consider Size  63.3061 dev=17.5525 min=19 max=77
Move Index     -
Move Percent   -
Delta Increase 2.45098 dev=6.23813 min=1 max=34
Winner         empty
PV             c5 d7 e6

HashTableStatistics:
Stores         507
LookupAttempt  48945
LookupSuccess  3009
Collisions     0

a5ca6 info: Search aborted.
<= 
< 
<  e166972fb67ca2d9
<  a  b  c  d  e  f  g  h  i  j  k  
< 1\.  .  .  .  .  .  .  .  W  .  .\1
<  2\.  .  .  .  .  .  .  .  .  .  .\2
<   3\.  .  .  .  .  .  W  .  .  .  .\3
<    4\B  .  .  .  .  .  W  .  .  .  .\4
<     5\.  .  .  .  .  .  B  B  .  .  .\5
<      6\.  .  .  .  .  .  .  .  .  .  .\6
<       7\.  .  .  .  B  .  .  .  .  .  .\7
<        8\.  W  .  B  .  .  .  .  .  .  .\8
<         9\.  .  .  .  .  .  .  W  .  .  .\9
<         10\.  .  .  .  .  .  .  .  .  .  .\10
<          11\.  B  .  .  .  .  .  .  .  .  .\11
<              a  b  c  d  e  f  g  h  i  j  k  
<
>play w b10
<= 
<
>showboard
<= 
< 
<  3af25532b8c2d206
<  a  b  c  d  e  f  g  h  i  j  k  
< 1\.  .  .  .  .  .  .  .  W  .  .\1
<  2\.  .  .  .  .  .  .  .  .  .  .\2
<   3\.  .  .  .  .  .  W  .  .  .  .\3
<    4\B  .  .  .  .  .  W  .  .  .  .\4
<     5\.  .  .  .  .  .  B  B  .  .  .\5
<      6\.  .  .  .  .  .  .  .  .  .  .\6
<       7\.  .  .  .  B  .  .  .  .  .  .\7
<        8\.  W  .  B  .  .  .  .  .  .  .\8
<         9\.  .  .  .  .  .  .  W  .  .  .\9
<         10\.  W  .  .  .  .  .  .  .  .  .\10
<          11\.  B  .  .  .  .  .  .  .  .  .\11
<              a  b  c  d  e  f  g  h  i  j  k  
<
>genmove b
<= e9
<
>showboard
20a17 info: PlayAndSolve: Building VCs to avoid race condition.
20a17 info: PlayAndSolve: Continuing on as usual.
a5ca6 info: *** PlayerThread ***
adcb6 info: *** SolverThread ***
a5ca6 info: Best move cannot be determined, must search state.
a5ca6 info: --- MoHexPlayer::Search() ---
a5ca6 info: Color: black
a5ca6 info: MaxGames: 1
a5ca6 info: NumberThreads: 1
a5ca6 info: MaxNodes: 9090 (799920 bytes)
a5ca6 info: TimeForMove: 1
a5ca6 info: PreSearch: max time reached (34/69).
a5ca6 info: Time for PreSearch: 0.202134s
a5ca6 info: 
  3af25532b8c2d206
  a  b  c  d  e  f  g  h  i  j  k  
 1\.  .  .  .  .  .  .  .  W  .  .\1
  2\.  .  *  *  *  *  .  *  *  *  *\2
   3\.  *  *  *  *  *  W  *  *  *  *\3
    4\B  *  *  *  *  *  W  *  *  *  *\4
     5\*  *  *  *  *  *  B  B  *  *  *\5
      6\.  *  *  *  *  .  .  *  *  *  *\6
       7\w  .  *  .  B  *  *  *  *  *  *\7
        8\w  W  .  B  *  *  *  *  *  *  *\8
         9\w  b  .  *  *  *  *  W  *  *  .\9
         10\w  W  *  *  *  *  .  .  *  .  .\10
          11\w  B  .  .  .  .  .  .  .  .  .\11
              a  b  c  d  e  f  g  h  i  j  k  
a5ca6 info: Old: [black, a4] [white, swap-pieces] [white, g3] [black, e7] [white, h9] [black, d8] [white, b8] [black, g5] [white, g4] [black, b11] [white, i1] 
a5ca6 info: New: [black, a4] [white, swap-pieces] [white, g3] [black, e7] [white, h9] [black, d8] [white, b8] [black, g5] [white, g4] [black, b11] [white, i1] [black, h5] [white, b10] 
a5ca6 info: MovesPlayed: [black, h5] [white, b10] 
a5ca6 info: No subtree to reuse.
a5ca6 info: StartSearch()[0]
SgUctSearch: max games reached
a5ca6 info: 
Elapsed Time   0.348347s
Count          1
GamesPlayed    1
Nodes          1
Knowledge      0 (0.0%)
Expansions     0.0
Time           0.00
GameLen        103.0 dev=0.0 min=103.0 max=103.0
InTree         0.0 dev=0.0 min=0.0 max=0.0
KnowDepth      -
Aborted        0%
Games/s        3413.0
Score          1.00
Sequence      
a5ca6 info: 
a5ca6 warning: **** MoHexSearch returned empty sequence!
a5ca6 warning: **** Returning random move!
a5ca6 info: *** Player move: e9
9dc96 info: DfpnSolver::CheckAbort(): Abort flag!
adcb6 info: 
MID calls      33
VC builds      32
Terminal       0
Work           33
Wasted Work    0 (0%)
Elapsed Time   0.365946
MIDs/sec       90.1772
VCs/sec        87.4446
Cnt prune sib  2
Avg prune sib  1 dev=0 min=1 max=1
Consider Size  58.0625 dev=21.1452 min=7 max=73
Move Index     -
Move Percent   -
Delta Increase 3.09375 dev=11.4792 min=1 max=67
Winner         empty
PV             e10 d9 f8

HashTableStatistics:
Stores         591
LookupAttempt  55838
LookupSuccess  3444
Collisions     0

adcb6 info: Search aborted.
<= 
< 
<  c0e5785e0b2ccf00
<  a  b  c  d  e  f  g  h  i  j  k  
< 1\.  .  .  .  .  .  .  .  W  .  .\1
<  2\.  .  .  .  .  .  .  .  .  .  .\2
<   3\.  .  .  .  .  .  W  .  .  .  .\3
<    4\B  .  .  .  .  .  W  .  .  .  .\4
<     5\.  .  .  .  .  .  B  B  .  .  .\5
<      6\.  .  .  .  .  .  .  .  .  .  .\6
<       7\.  .  .  .  B  .  .  .  .  .  .\7
<        8\.  W  .  B  .  .  .  .  .  .  .\8
<         9\.  .  .  .  B  .  .  W  .  .  .\9
<         10\.  W  .  .  .  .  .  .  .  .  .\10
<          11\.  B  .  .  .  .  .  .  .  .  .\11
<              a  b  c  d  e  f  g  h  i  j  k  
<
>play w f10
<= 
<
>showboard
<= 
< 
<  7e3d82c525656b85
<  a  b  c  d  e  f  g  h  i  j  k  
< 1\.  .  .  .  .  .  .  .  W  .  .\1
<  2\.  .  .  .  .  .  .  .  .  .  .\2
<   3\.  .  .  .  .  .  W  .  .  .  .\3
<    4\B  .  .  .  .  .  W  .  .  .  .\4
<     5\.  .  .  .  .  .  B  B  .  .  .\5
<      6\.  .  .  .  .  .  .  .  .  .  .\6
<       7\.  .  .  .  B  .  .  .  .  .  .\7
<        8\.  W  .  B  .  .  .  .  .  .  .\8
<         9\.  .  .  .  B  .  .  W  .  .  .\9
<         10\.  W  .  .  .  W  .  .  .  .  .\10
<          11\.  B  .  .  .  .  .  .  .  .  .\11
<              a  b  c  d  e  f  g  h  i  j  k  
<
>genmove b
<= f2
<
>showboard
20a17 info: PlayAndSolve: Building VCs to avoid race condition.
20a17 info: PlayAndSolve: Continuing on as usual.
adcb6 info: *** PlayerThread ***
a5ca6 info: *** SolverThread ***
adcb6 info: Best move cannot be determined, must search state.
adcb6 info: --- MoHexPlayer::Search() ---
adcb6 info: Color: black
adcb6 info: MaxGames: 1
adcb6 info: NumberThreads: 1
adcb6 info: MaxNodes: 9090 (799920 bytes)
adcb6 info: TimeForMove: 1
adcb6 info: Winning sequence found before UCT search!
adcb6 info: Sequence: f2
adcb6 info: *** Player move: f2
9dc96 info: DfpnSolver::CheckAbort(): Abort flag!
a5ca6 info: 
MID calls      11
VC builds      11
Terminal       0
Work           11
Wasted Work    0 (0%)
Elapsed Time   0.18645
MIDs/sec       58.9971
VCs/sec        58.9971
Cnt prune sib  1
Avg prune sib  1 dev=0 min=1 max=1
Consider Size  30.6364 dev=20.9687 min=10 max=65
Move Index     -
Move Percent   -
Delta Increase 1 dev=0 min=1 max=1
Winner         empty
PV             f5 e4

HashTableStatistics:
Stores         624
LookupAttempt  58825
LookupSuccess  3590
Collisions     0

a5ca6 info: Search aborted.
<= 
< 
<  b45aad49d6a990eb
<  a  b  c  d  e  f  g  h  i  j  k  
< 1\.  .  .  .  .  .  .  .  W  .  .\1
<  2\.  .  .  .  .  B  .  .  .  .  .\2
<   3\.  .  .  .  .  .  W  .  .  .  .\3
<    4\B  .  .  .  .  .  W  .  .  .  .\4
<     5\.  .  .  .  .  .  B  B  .  .  .\5
<      6\.  .  .  .  .  .  .  .  .  .  .\6
<       7\.  .  .  .  B  .  .  .  .  .  .\7
<        8\.  W  .  B  .  .  .  .  .  .  .\8
<         9\.  .  .  .  B  .  .  W  .  .  .\9
<         10\.  W  .  .  .  W  .  .  .  .  .\10
<          11\.  B  .  .  .  .  .  .  .  .  .\11
<              a  b  c  d  e  f  g  h  i  j  k  
<
>play w j1
<= 
<
>showboard
<= 
< 
<  b8b86e1e6b78e0a1
<  a  b  c  d  e  f  g  h  i  j  k  
< 1\.  .  .  .  .  .  .  .  W  W  .\1
<  2\.  .  .  .  .  B  .  .  .  .  .\2
<   3\.  .  .  .  .  .  W  .  .  .  .\3
<    4\B  .  .  .  .  .  W  .  .  .  .\4
<     5\.  .  .  .  .  .  B  B  .  .  .\5
<      6\.  .  .  .  .  .  .  .  .  .  .\6
<       7\.  .  .  .  B  .  .  .  .  .  .\7
<        8\.  W  .  B  .  .  .  .  .  .  .\8
<         9\.  .  .  .  B  .  .  W  .  .  .\9
<         10\.  W  .  .  .  W  .  .  .  .  .\10
<          11\.  B  .  .  .  .  .  .  .  .  .\11
<              a  b  c  d  e  f  g  h  i  j  k  
<
>genmove b
<= d5
<
>showboard
20a17 info: PlayAndSolve: Building VCs to avoid race condition.
20a17 info: PlayAndSolve: Continuing on as usual.
a5ca6 info: *** PlayerThread ***
adcb6 info: *** SolverThread ***
a5ca6 info: Winning SC.
a5ca6 info: *** Player move: d5
adcb6 info: 
MID calls      0
VC builds      1
Terminal       1
Work           1
Wasted Work    0 (0%)
Elapsed Time   0.011333
MIDs/sec       0
VCs/sec        88.2379
Cnt prune sib  0
Avg prune sib  -
Consider Size  -
Move Index     -
Move Percent   -
Delta Increase -
Winner         black
PV             

HashTableStatistics:
Stores         625
LookupAttempt  58831
LookupSuccess  3593
Collisions     0

<= 
< 
<  e3134e16eb2ae63e
<  a  b  c  d  e  f  g  h  i  j  k  
< 1\.  .  .  .  .  .  .  .  W  W  .\1
<  2\.  .  .  .  .  B  .  .  .  .  .\2
<   3\.  .  .  .  .  .  W  .  .  .  .\3
<    4\B  .  .  .  .  .  W  .  .  .  .\4
<     5\.  .  .  B  .  .  B  B  .  .  .\5
<      6\.  .  .  .  .  .  .  .  .  .  .\6
<       7\.  .  .  .  B  .  .  .  .  .  .\7
<        8\.  W  .  B  .  .  .  .  .  .  .\8
<         9\.  .  .  .  B  .  .  W  .  .  .\9
<         10\.  W  .  .  .  W  .  .  .  .  .\10
<          11\.  B  .  .  .  .  .  .  .  .  .\11
<              a  b  c  d  e  f  g  h  i  j  k  
<
>play w c10
<= 
<
>showboard
<= 
< 
<  4650fb9cccdd2176
<  a  b  c  d  e  f  g  h  i  j  k  
< 1\.  .  .  .  .  .  .  .  W  W  .\1
<  2\.  .  .  .  .  B  .  .  .  .  .\2
<   3\.  .  .  .  .  .  W  .  .  .  .\3
<    4\B  .  .  .  .  .  W  .  .  .  .\4
<     5\.  .  .  B  .  .  B  B  .  .  .\5
<      6\.  .  .  .  .  .  .  .  .  .  .\6
<       7\.  .  .  .  B  .  .  .  .  .  .\7
<        8\.  W  .  B  .  .  .  .  .  .  .\8
<         9\.  .  .  .  B  .  .  W  .  .  .\9
<         10\.  W  W  .  .  W  .  .  .  .  .\10
<          11\.  B  .  .  .  .  .  .  .  .  .\11
<              a  b  c  d  e  f  g  h  i  j  k  
<
>genmove b
<= d10
<
>showboard
20a17 info: PlayAndSolve: Building VCs to avoid race condition.
20a17 info: PlayAndSolve: Continuing on as usual.
a5ca6 info: *** SolverThread ***
adcb6 info: *** PlayerThread ***
adcb6 info: Winning SC.
adcb6 info: *** Player move: d10
a5ca6 info: 
MID calls      0
VC builds      1
Terminal       1
Work           1
Wasted Work    0 (0%)
Elapsed Time   0.014346
MIDs/sec       0
VCs/sec        69.7058
Cnt prune sib  0
Avg prune sib  -
Consider Size  -
Move Index     -
Move Percent   -
Delta Increase -
Winner         black
PV             

HashTableStatistics:
Stores         626
LookupAttempt  58837
LookupSuccess  3596
Collisions     0

<= 
< 
<  50986dc032718411
<  a  b  c  d  e  f  g  h  i  j  k  
< 1\.  .  .  .  .  .  .  .  W  W  .\1
<  2\.  .  .  .  .  B  .  .  .  .  .\2
<   3\.  .  .  .  .  .  W  .  .  .  .\3
<    4\B  .  .  .  .  .  W  .  .  .  .\4
<     5\.  .  .  B  .  .  B  B  .  .  .\5
<      6\.  .  .  .  .  .  .  .  .  .  .\6
<       7\.  .  .  .  B  .  .  .  .  .  .\7
<        8\.  W  .  B  .  .  .  .  .  .  .\8
<         9\.  .  .  .  B  .  .  W  .  .  .\9
<         10\.  W  W  B  .  W  .  .  .  .  .\10
<          11\.  B  .  .  .  .  .  .  .  .  .\11
<              a  b  c  d  e  f  g  h  i  j  k  
<
>play w e5
<= 
<
>showboard
<= 
< 
<  ce6ed1879a4e7958
<  a  b  c  d  e  f  g  h  i  j  k  
< 1\.  .  .  .  .  .  .  .  W  W  .\1
<  2\.  .  .  .  .  B  .  .  .  .  .\2
<   3\.  .  .  .  .  .  W  .  .  .  .\3
<    4\B  .  .  .  .  .  W  .  .  .  .\4
<     5\.  .  .  B  W  .  B  B  .  .  .\5
<      6\.  .  .  .  .  .  .  .  .  .  .\6
<       7\.  .  .  .  B  .  .  .  .  .  .\7
<        8\.  W  .  B  .  .  .  .  .  .  .\8
<         9\.  .  .  .  B  .  .  W  .  .  .\9
<         10\.  W  W  B  .  W  .  .  .  .  .\10
<          11\.  B  .  .  .  .  .  .  .  .  .\11
<              a  b  c  d  e  f  g  h  i  j  k  
<
>genmove b
<= d6
<
>showboard
20a17 info: PlayAndSolve: Building VCs to avoid race condition.
20a17 info: PlayAndSolve: Continuing on as usual.
adcb6 info: *** SolverThread ***
a5ca6 info: *** PlayerThread ***
adcb6 info: 
MID calls      0
VC builds      1
Terminal       1
Work           1
Wasted Work    0 (0%)
Elapsed Time   0.008501
MIDs/sec       0
VCs/sec        117.633
Cnt prune sib  0
Avg prune sib  -
Consider Size  -
Move Index     -
Move Percent   -
Delta Increase -
Winner         black
PV             

HashTableStatistics:
Stores         627
LookupAttempt  58843
LookupSuccess  3599
Collisions     0

a5ca6 info: Winning SC.
a5ca6 info: *** Player move: d6
<= 
< 
<  0af7e69e2c5b7d28
<  a  b  c  d  e  f  g  h  i  j  k  
< 1\.  .  .  .  .  .  .  .  W  W  .\1
<  2\.  .  .  .  .  B  .  .  .  .  .\2
<   3\.  .  .  .  .  .  W  .  .  .  .\3
<    4\B  .  .  .  .  .  W  .  .  .  .\4
<     5\.  .  .  B  W  .  B  B  .  .  .\5
<      6\.  .  .  B  .  .  .  .  .  .  .\6
<       7\.  .  .  .  B  .  .  .  .  .  .\7
<        8\.  W  .  B  .  .  .  .  .  .  .\8
<         9\.  .  .  .  B  .  .  W  .  .  .\9
<         10\.  W  W  B  .  W  .  .  .  .  .\10
<          11\.  B  .  .  .  .  .  .  .  .  .\11
<              a  b  c  d  e  f  g  h  i  j  k  
<
>play w d7
<= 
<
>showboard
<= 
< 
<  c3affbb05a42f7cd
<  a  b  c  d  e  f  g  h  i  j  k  
< 1\.  .  .  .  .  .  .  .  W  W  .\1
<  2\.  .  .  .  .  B  .  .  .  .  .\2
<   3\.  .  .  .  .  .  W  .  .  .  .\3
<    4\B  .  .  .  .  .  W  .  .  .  .\4
<     5\.  .  .  B  W  .  B  B  .  .  .\5
<      6\.  .  .  B  .  .  .  .  .  .  .\6
<       7\.  .  .  W  B  .  .  .  .  .  .\7
<        8\.  W  .  B  .  .  .  .  .  .  .\8
<         9\.  .  .  .  B  .  .  W  .  .  .\9
<         10\.  W  W  B  .  W  .  .  .  .  .\10
<          11\.  B  .  .  .  .  .  .  .  .  .\11
<              a  b  c  d  e  f  g  h  i  j  k  
<
>genmove b
<= e6
<
>showboard
20a17 info: PlayAndSolve: Building VCs to avoid race condition.
20a17 info: PlayAndSolve: Continuing on as usual.
adcb6 info: *** PlayerThread ***
a5ca6 info: *** SolverThread ***
adcb6 info: Winning SC.
adcb6 info: *** Player move: e6
a5ca6 info: 
MID calls      0
VC builds      1
Terminal       1
Work           1
Wasted Work    0 (0%)
Elapsed Time   0.009665
MIDs/sec       0
VCs/sec        103.466
Cnt prune sib  0
Avg prune sib  -
Consider Size  -
Move Index     -
Move Percent   -
Delta Increase -
Winner         black
PV             

HashTableStatistics:
Stores         628
LookupAttempt  58849
LookupSuccess  3602
Collisions     0

<= 
< 
<  ce388254d344298d
<  a  b  c  d  e  f  g  h  i  j  k  
< 1\.  .  .  .  .  .  .  .  W  W  .\1
<  2\.  .  .  .  .  B  .  .  .  .  .\2
<   3\.  .  .  .  .  .  W  .  .  .  .\3
<    4\B  .  .  .  .  .  W  .  .  .  .\4
<     5\.  .  .  B  W  .  B  B  .  .  .\5
<      6\.  .  .  B  B  .  .  .  .  .  .\6
<       7\.  .  .  W  B  .  .  .  .  .  .\7
<        8\.  W  .  B  .  .  .  .  .  .  .\8
<         9\.  .  .  .  B  .  .  W  .  .  .\9
<         10\.  W  W  B  .  W  .  .  .  .  .\10
<          11\.  B  .  .  .  .  .  .  .  .  .\11
<              a  b  c  d  e  f  g  h  i  j  k  
<
>play w e3
<= 
<
>showboard
<= 
< 
<  207c23f392488a57
<  a  b  c  d  e  f  g  h  i  j  k  
< 1\.  .  .  .  .  .  .  .  W  W  .\1
<  2\.  .  .  .  .  B  .  .  .  .  .\2
<   3\.  .  .  .  W  .  W  .  .  .  .\3
<    4\B  .  .  .  .  .  W  .  .  .  .\4
<     5\.  .  .  B  W  .  B  B  .  .  .\5
<      6\.  .  .  B  B  .  .  .  .  .  .\6
<       7\.  .  .  W  B  .  .  .  .  .  .\7
<        8\.  W  .  B  .  .  .  .  .  .  .\8
<         9\.  .  .  .  B  .  .  W  .  .  .\9
<         10\.  W  W  B  .  W  .  .  .  .  .\10
<          11\.  B  .  .  .  .  .  .  .  .  .\11
<              a  b  c  d  e  f  g  h  i  j  k  
<
>genmove b
<= c4
<
>showboard
20a17 info: PlayAndSolve: Building VCs to avoid race condition.
20a17 info: PlayAndSolve: Continuing on as usual.
a5ca6 info: *** PlayerThread ***
adcb6 info: *** SolverThread ***
a5ca6 info: Winning SC.
a5ca6 info: *** Player move: c4
adcb6 info: 
MID calls      0
VC builds      1
Terminal       1
Work           1
Wasted Work    0 (0%)
Elapsed Time   0.01039
MIDs/sec       0
VCs/sec        96.2464
Cnt prune sib  0
Avg prune sib  -
Consider Size  -
Move Index     -
Move Percent   -
Delta Increase -
Winner         black
PV             

HashTableStatistics:
Stores         629
LookupAttempt  58855
LookupSuccess  3605
Collisions     0

<= 
< 
<  368e2a7256abf3df
<  a  b  c  d  e  f  g  h  i  j  k  
< 1\.  .  .  .  .  .  .  .  W  W  .\1
<  2\.  .  .  .  .  B  .  .  .  .  .\2
<   3\.  .  .  .  W  .  W  .  .  .  .\3
<    4\B  .  B  .  .  .  W  .  .  .  .\4
<     5\.  .  .  B  W  .  B  B  .  .  .\5
<      6\.  .  .  B  B  .  .  .  .  .  .\6
<       7\.  .  .  W  B  .  .  .  .  .  .\7
<        8\.  W  .  B  .  .  .  .  .  .  .\8
<         9\.  .  .  .  B  .  .  W  .  .  .\9
<         10\.  W  W  B  .  W  .  .  .  .  .\10
<          11\.  B  .  .  .  .  .  .  .  .  .\11
<              a  b  c  d  e  f  g  h  i  j  k  
<
>play w d2
<= 
<
>showboard
<= 
< 
<  ba4bbf9e9035e8ff
<  a  b  c  d  e  f  g  h  i  j  k  
< 1\.  .  .  .  .  .  .  .  W  W  .\1
<  2\.  .  .  W  .  B  .  .  .  .  .\2
<   3\.  .  .  .  W  .  W  .  .  .  .\3
<    4\B  .  B  .  .  .  W  .  .  .  .\4
<     5\.  .  .  B  W  .  B  B  .  .  .\5
<      6\.  .  .  B  B  .  .  .  .  .  .\6
<       7\.  .  .  W  B  .  .  .  .  .  .\7
<        8\.  W  .  B  .  .  .  .  .  .  .\8
<         9\.  .  .  .  B  .  .  W  .  .  .\9
<         10\.  W  W  B  .  W  .  .  .  .  .\10
<          11\.  B  .  .  .  .  .  .  .  .  .\11
<              a  b  c  d  e  f  g  h  i  j  k  
<
>genmove b
<= c2
<
>showboard
20a17 info: PlayAndSolve: Building VCs to avoid race condition.
20a17 info: PlayAndSolve: Continuing on as usual.
adcb6 info: *** PlayerThread ***
a5ca6 info: *** SolverThread ***
adcb6 info: Winning SC.
adcb6 info: *** Player move: c2
a5ca6 info: 
MID calls      0
VC builds      1
Terminal       1
Work           1
Wasted Work    0 (0%)
Elapsed Time   0.009132
MIDs/sec       0
VCs/sec        109.505
Cnt prune sib  0
Avg prune sib  -
Consider Size  -
Move Index     -
Move Percent   -
Delta Increase -
Winner         black
PV             

HashTableStatistics:
Stores         630
LookupAttempt  58861
LookupSuccess  3608
Collisions     0

<= 
< 
<  4f3fab64afebf02a
<  a  b  c  d  e  f  g  h  i  j  k  
< 1\.  .  .  .  .  .  .  .  W  W  .\1
<  2\.  .  B  W  .  B  .  .  .  .  .\2
<   3\.  .  .  .  W  .  W  .  .  .  .\3
<    4\B  .  B  .  .  .  W  .  .  .  .\4
<     5\.  .  .  B  W  .  B  B  .  .  .\5
<      6\.  .  .  B  B  .  .  .  .  .  .\6
<       7\.  .  .  W  B  .  .  .  .  .  .\7
<        8\.  W  .  B  .  .  .  .  .  .  .\8
<         9\.  .  .  .  B  .  .  W  .  .  .\9
<         10\.  W  W  B  .  W  .  .  .  .  .\10
<          11\.  B  .  .  .  .  .  .  .  .  .\11
<              a  b  c  d  e  f  g  h  i  j  k  
<
>play w d11
<= 
<
>showboard
<= 
< 
<  e804dcfd8f59c2b0
<  a  b  c  d  e  f  g  h  i  j  k  
< 1\.  .  .  .  .  .  .  .  W  W  .\1
<  2\.  .  B  W  .  B  .  .  .  .  .\2
<   3\.  .  .  .  W  .  W  .  .  .  .\3
<    4\B  .  B  .  .  .  W  .  .  .  .\4
<     5\.  .  .  B  W  .  B  B  .  .  .\5
<      6\.  .  .  B  B  .  .  .  .  .  .\6
<       7\.  .  .  W  B  .  .  .  .  .  .\7
<        8\.  W  .  B  .  .  .  .  .  .  .\8
<         9\.  .  .  .  B  .  .  W  .  .  .\9
<         10\.  W  W  B  .  W  .  .  .  .  .\10
<          11\.  B  .  W  .  .  .  .  .  .  .\11
<              a  b  c  d  e  f  g  h  i  j  k  
<
>genmove b
<= c11
<
>showboard
20a17 info: PlayAndSolve: Building VCs to avoid race condition.
20a17 info: PlayAndSolve: Continuing on as usual.
a5ca6 info: *** PlayerThread ***
adcb6 info: *** SolverThread ***
a5ca6 info: Winning SC.
a5ca6 info: *** Player move: c11
adcb6 info: 
MID calls      0
VC builds      1
Terminal       1
Work           1
Wasted Work    0 (0%)
Elapsed Time   0.008129
MIDs/sec       0
VCs/sec        123.016
Cnt prune sib  0
Avg prune sib  -
Consider Size  -
Move Index     -
Move Percent   -
Delta Increase -
Winner         black
PV             

HashTableStatistics:
Stores         631
LookupAttempt  58867
LookupSuccess  3611
Collisions     0

<= 
< 
<  e97f2ce068878aca
<  a  b  c  d  e  f  g  h  i  j  k  
< 1\.  .  .  .  .  .  .  .  W  W  .\1
<  2\.  .  B  W  .  B  .  .  .  .  .\2
<   3\.  .  .  .  W  .  W  .  .  .  .\3
<    4\B  .  B  .  .  .  W  .  .  .  .\4
<     5\.  .  .  B  W  .  B  B  .  .  .\5
<      6\.  .  .  B  B  .  .  .  .  .  .\6
<       7\.  .  .  W  B  .  .  .  .  .  .\7
<        8\.  W  .  B  .  .  .  .  .  .  .\8
<         9\.  .  .  .  B  .  .  W  .  .  .\9
<         10\.  W  W  B  .  W  .  .  .  .  .\10
<          11\.  B  B  W  .  .  .  .  .  .  .\11
<              a  b  c  d  e  f  g  h  i  j  k  
<
>play w b1
<= 
<
>showboard
<= 
< 
<  f2d563683c1c7c5a
<  a  b  c  d  e  f  g  h  i  j  k  
< 1\.  W  .  .  .  .  .  .  W  W  .\1
<  2\.  .  B  W  .  B  .  .  .  .  .\2
<   3\.  .  .  .  W  .  W  .  .  .  .\3
<    4\B  .  B  .  .  .  W  .  .  .  .\4
<     5\.  .  .  B  W  .  B  B  .  .  .\5
<      6\.  .  .  B  B  .  .  .  .  .  .\6
<       7\.  .  .  W  B  .  .  .  .  .  .\7
<        8\.  W  .  B  .  .  .  .  .  .  .\8
<         9\.  .  .  .  B  .  .  W  .  .  .\9
<         10\.  W  W  B  .  W  .  .  .  .  .\10
<          11\.  B  B  W  .  .  .  .  .  .  .\11
<              a  b  c  d  e  f  g  h  i  j  k  
<
>genmove b
<= c3
<
>showboard
20a17 info: PlayAndSolve: Building VCs to avoid race condition.
20a17 info: PlayAndSolve: Continuing on as usual.
adcb6 info: *** PlayerThread ***
a5ca6 info: *** SolverThread ***
adcb6 info: Winning SC.
adcb6 info: *** Player move: c3
a5ca6 info: 
MID calls      0
VC builds      1
Terminal       1
Work           1
Wasted Work    0 (0%)
Elapsed Time   0.009237
MIDs/sec       0
VCs/sec        108.26
Cnt prune sib  0
Avg prune sib  -
Consider Size  -
Move Index     -
Move Percent   -
Delta Increase -
Winner         black
PV             

HashTableStatistics:
Stores         632
LookupAttempt  58873
LookupSuccess  3614
Collisions     0

<= 
< 
<  4259564574bf16fe
<  a  b  c  d  e  f  g  h  i  j  k  
< 1\.  W  .  .  .  .  .  .  W  W  .\1
<  2\.  .  B  W  .  B  .  .  .  .  .\2
<   3\.  .  B  .  W  .  W  .  .  .  .\3
<    4\B  .  B  .  .  .  W  .  .  .  .\4
<     5\.  .  .  B  W  .  B  B  .  .  .\5
<      6\.  .  .  B  B  .  .  .  .  .  .\6
<       7\.  .  .  W  B  .  .  .  .  .  .\7
<        8\.  W  .  B  .  .  .  .  .  .  .\8
<         9\.  .  .  .  B  .  .  W  .  .  .\9
<         10\.  W  W  B  .  W  .  .  .  .  .\10
<          11\.  B  B  W  .  .  .  .  .  .  .\11
<              a  b  c  d  e  f  g  h  i  j  k  
<
>play w d4
<= 
<
>showboard
<= 
< 
<  70e60fb8ef0acead
<  a  b  c  d  e  f  g  h  i  j  k  
< 1\.  W  .  .  .  .  .  .  W  W  .\1
<  2\.  .  B  W  .  B  .  .  .  .  .\2
<   3\.  .  B  .  W  .  W  .  .  .  .\3
<    4\B  .  B  W  .  .  W  .  .  .  .\4
<     5\.  .  .  B  W  .  B  B  .  .  .\5
<      6\.  .  .  B  B  .  .  .  .  .  .\6
<       7\.  .  .  W  B  .  .  .  .  .  .\7
<        8\.  W  .  B  .  .  .  .  .  .  .\8
<         9\.  .  .  .  B  .  .  W  .  .  .\9
<         10\.  W  W  B  .  W  .  .  .  .  .\10
<          11\.  B  B  W  .  .  .  .  .  .  .\11
<              a  b  c  d  e  f  g  h  i  j  k  
<
>genmove b
<= c5
<
>showboard
20a17 info: PlayAndSolve: Building VCs to avoid race condition.
20a17 info: PlayAndSolve: Continuing on as usual.
a5ca6 info: *** PlayerThread ***
adcb6 info: *** SolverThread ***
a5ca6 info: Winning SC.
a5ca6 info: *** Player move: c5
adcb6 info: 
MID calls      0
VC builds      1
Terminal       1
Work           1
Wasted Work    0 (0%)
Elapsed Time   0.008175
MIDs/sec       0
VCs/sec        122.324
Cnt prune sib  0
Avg prune sib  -
Consider Size  -
Move Index     -
Move Percent   -
Delta Increase -
Winner         black
PV             

HashTableStatistics:
Stores         633
LookupAttempt  58879
LookupSuccess  3617
Collisions     0

<= 
< 
<  ff5beb92e34938eb
<  a  b  c  d  e  f  g  h  i  j  k  
< 1\.  W  .  .  .  .  .  .  W  W  .\1
<  2\.  .  B  W  .  B  .  .  .  .  .\2
<   3\.  .  B  .  W  .  W  .  .  .  .\3
<    4\B  .  B  W  .  .  W  .  .  .  .\4
<     5\.  .  B  B  W  .  B  B  .  .  .\5
<      6\.  .  .  B  B  .  .  .  .  .  .\6
<       7\.  .  .  W  B  .  .  .  .  .  .\7
<        8\.  W  .  B  .  .  .  .  .  .  .\8
<         9\.  .  .  .  B  .  .  W  .  .  .\9
<         10\.  W  W  B  .  W  .  .  .  .  .\10
<          11\.  B  B  W  .  .  .  .  .  .  .\11
<              a  b  c  d  e  f  g  h  i  j  k  
<
>play w e8
<= 
<
>showboard
<= 
< 
<  0f6a07df3539762c
<  a  b  c  d  e  f  g  h  i  j  k  
< 1\.  W  .  .  .  .  .  .  W  W  .\1
<  2\.  .  B  W  .  B  .  .  .  .  .\2
<   3\.  .  B  .  W  .  W  .  .  .  .\3
<    4\B  .  B  W  .  .  W  .  .  .  .\4
<     5\.  .  B  B  W  .  B  B  .  .  .\5
<      6\.  .  .  B  B  .  .  .  .  .  .\6
<       7\.  .  .  W  B  .  .  .  .  .  .\7
<        8\.  W  .  B  W  .  .  .  .  .  .\8
<         9\.  .  .  .  B  .  .  W  .  .  .\9
<         10\.  W  W  B  .  W  .  .  .  .  .\10
<          11\.  B  B  W  .  .  .  .  .  .  .\11
<              a  b  c  d  e  f  g  h  i  j  k  
<
>genmove b
<= d9
<
>showboard
20a17 info: PlayAndSolve: Building VCs to avoid race condition.
20a17 info: PlayAndSolve: Continuing on as usual.
adcb6 info: *** PlayerThread ***
a5ca6 info: *** SolverThread ***
adcb6 info: Winning SC.
adcb6 info: *** Player move: d9
a5ca6 info: 
MID calls      0
VC builds      1
Terminal       1
Work           1
Wasted Work    0 (0%)
Elapsed Time   0.006521
MIDs/sec       0
VCs/sec        153.351
Cnt prune sib  0
Avg prune sib  -
Consider Size  -
Move Index     -
Move Percent   -
Delta Increase -
Winner         black
PV             

HashTableStatistics:
Stores         634
LookupAttempt  58885
LookupSuccess  3620
Collisions     0

<= 
< 
<  e2f289a9ef795488
<  a  b  c  d  e  f  g  h  i  j  k  
< 1\.  W  .  .  .  .  .  .  W  W  .\1
<  2\.  .  B  W  .  B  .  .  .  .  .\2
<   3\.  .  B  .  W  .  W  .  .  .  .\3
<    4\B  .  B  W  .  .  W  .  .  .  .\4
<     5\.  .  B  B  W  .  B  B  .  .  .\5
<      6\.  .  .  B  B  .  .  .  .  .  .\6
<       7\.  .  .  W  B  .  .  .  .  .  .\7
<        8\.  W  .  B  W  .  .  .  .  .  .\8
<         9\.  .  .  B  B  .  .  W  .  .  .\9
<         10\.  W  W  B  .  W  .  .  .  .  .\10
<          11\.  B  B  W  .  .  .  .  .  .  .\11
<              a  b  c  d  e  f  g  h  i  j  k  
<
>play w d1
<= 
<
>showboard
<= 
< 
<  81e7ff8b17d82927
<  a  b  c  d  e  f  g  h  i  j  k  
< 1\.  W  .  W  .  .  .  .  W  W  .\1
<  2\.  .  B  W  .  B  .  .  .  .  .\2
<   3\.  .  B  .  W  .  W  .  .  .  .\3
<    4\B  .  B  W  .  .  W  .  .  .  .\4
<     5\.  .  B  B  W  .  B  B  .  .  .\5
<      6\.  .  .  B  B  .  .  .  .  .  .\6
<       7\.  .  .  W  B  .  .  .  .  .  .\7
<        8\.  W  .  B  W  .  .  .  .  .  .\8
<         9\.  .  .  B  B  .  .  W  .  .  .\9
<         10\.  W  W  B  .  W  .  .  .  .  .\10
<          11\.  B  B  W  .  .  .  .  .  .  .\11
<              a  b  c  d  e  f  g  h  i  j  k  
<
>genmove b
<= c1
<
>showboard
20a17 info: PlayAndSolve: Building VCs to avoid race condition.
20a17 info: PlayAndSolve: Continuing on as usual.
adcb6 info: *** SolverThread ***
a5ca6 info: *** PlayerThread ***
adcb6 info: 
MID calls      0
VC builds      1
Terminal       1
Work           1
Wasted Work    0 (0%)
Elapsed Time   0.009052
MIDs/sec       0
VCs/sec        110.473
Cnt prune sib  0
Avg prune sib  -
Consider Size  -
Move Index     -
Move Percent   -
Delta Increase -
Winner         black
PV             

HashTableStatistics:
Stores         635
LookupAttempt  58891
LookupSuccess  3623
Collisions     0

a5ca6 info: Winning SC.
a5ca6 info: *** Player move: c1
<= 
< 
<  7a6cfeac044f6360
<  a  b  c  d  e  f  g  h  i  j  k  
< 1\.  W  B  W  .  .  .  .  W  W  .\1
<  2\.  .  B  W  .  B  .  .  .  .  .\2
<   3\.  .  B  .  W  .  W  .  .  .  .\3
<    4\B  .  B  W  .  .  W  .  .  .  .\4
<     5\.  .  B  B  W  .  B  B  .  .  .\5
<      6\.  .  .  B  B  .  .  .  .  .  .\6
<       7\.  .  .  W  B  .  .  .  .  .  .\7
<        8\.  W  .  B  W  .  .  .  .  .  .\8
<         9\.  .  .  B  B  .  .  W  .  .  .\9
<         10\.  W  W  B  .  W  .  .  .  .  .\10
<          11\.  B  B  W  .  .  .  .  .  .  .\11
<              a  b  c  d  e  f  g  h  i  j  k  
<
>play w resign
<= 
<
>showboard
<= 
< 
<  7a6cfeac044f6360
<  a  b  c  d  e  f  g  h  i  j  k  
< 1\.  W  B  W  .  .  .  .  W  W  .\1
<  2\.  .  B  W  .  B  .  .  .  .  .\2
<   3\.  .  B  .  W  .  W  .  .  .  .\3
<    4\B  .  B  W  .  .  W  .  .  .  .\4
<     5\.  .  B  B  W  .  B  B  .  .  .\5
<      6\.  .  .  B  B  .  .  .  .  .  .\6
<       7\.  .  .  W  B  .  .  .  .  .  .\7
<        8\.  W  .  B  W  .  .  .  .  .  .\8
<         9\.  .  .  B  B  .  .  W  .  .  .\9
<         10\.  W  W  B  .  W  .  .  .  .  .\10
<          11\.  B  B  W  .  .  .  .  .  .  .\11
<              a  b  c  d  e  f  g  h  i  j  k  
<
>final_score
<= B+
<
>quit
<= 
<
