# nice ../build/src/mohex/mohex --config mohex-cg2010.htp --seed 910828 --logfile-name jobs/11x11-mohex-mohex-weak-vs-mohex-mohex-cg2010/mohex-mohex-cg2010-25.log
>boardsize 11 11
<= 
<
>name
MoHex 2.0.CMake Mar 21 2025
Copyright (C) 2007-2012 by the authors of the Benzene project.
This program comes with ABSOLUTELY NO WARRANTY. This is
free software and you are welcome to redistribute it under
certain conditions. Type `benzene-license' for details.

SgRandom::SetSeed: 910828
SgUctSearch: system memory 33632358400, using 1000000000 (5681818 nodes)
SgRandom::SetSeed: 1
SgRandom::SetSeed: 910828
7d3c7 info: Prior Patterns:
7d3c7 info: Global:
7d3c7 info: Size            = 565 32648 
7d3c7 info: TableEntries    = 65932 65910
7d3c7 info: MirrorsAdded    = 0 0
7d3c7 info: PrunableCount   = 30593 30629
7d3c7 info: LargestGamma    = 5820.77
7d3c7 info: SmallestGamma   = 6.6e-05
7d3c7 info: Local:
7d3c7 info: Size            = 550 5318 
7d3c7 info: TableEntries    = 11602 11588
7d3c7 info: MirrorsAdded    = 0 0
7d3c7 info: PrunableCount   = 3659 3667
7d3c7 info: LargestGamma    = 11281.8
7d3c7 info: SmallestGamma   = 0.026235
7d3c7 info: Playout Patterns:
7d3c7 info: Global:
7d3c7 info: Size            = 565 32648 
7d3c7 info: TableEntries    = 70329 70329
7d3c7 info: MirrorsAdded    = 4397 4419
7d3c7 info: PrunableCount   = 30593 30629
7d3c7 info: LargestGamma    = 5820.77
7d3c7 info: SmallestGamma   = 6.6e-05
7d3c7 info: Local:
7d3c7 info: Size            = 550 5318 
7d3c7 info: TableEntries    = 11602 11588
7d3c7 info: MirrorsAdded    = 0 0
7d3c7 info: PrunableCount   = 3659 3667
7d3c7 info: LargestGamma    = 11281.8
7d3c7 info: SmallestGamma   = 0.026235
param_game allow_swap 1
= 

param_mohex max_memory 32000000000
= 

param_mohex num_threads 1
= 

param_mohex max_time 1
= 

param_mohex max_games 1
= 

param_mohex knowledge_threshold 400
= 

param_mohex reuse_subtree 1
= 

param_mohex use_parallel_solver 1
= 

<= MoHex
<
>version
<= 2.0.CMake
<
>play b b2
<= 
<
>showboard
<= 
< 
<  b0cb6ee2f6c372da
<  a  b  c  d  e  f  g  h  i  j  k  
< 1\.  .  .  .  .  .  .  .  .  .  .\1
<  2\.  B  .  .  .  .  .  .  .  .  .\2
<   3\.  .  .  .  .  .  .  .  .  .  .\3
<    4\.  .  .  .  .  .  .  .  .  .  .\4
<     5\.  .  .  .  .  .  .  .  .  .  .\5
<      6\.  .  .  .  .  .  .  .  .  .  .\6
<       7\.  .  .  .  .  .  .  .  .  .  .\7
<        8\.  .  .  .  .  .  .  .  .  .  .\8
<         9\.  .  .  .  .  .  .  .  .  .  .\9
<         10\.  .  .  .  .  .  .  .  .  .  .\10
<          11\.  .  .  .  .  .  .  .  .  .  .\11
<              a  b  c  d  e  f  g  h  i  j  k  
<
>play w swap-pieces
<= 
<
>genmove w
<= h11
<
>play b g1
7d3c7 info: PlayAndSolve: Building VCs to avoid race condition.
7d3c7 info: PlayAndSolve: Continuing on as usual.
0a666 info: *** PlayerThread ***
bfff6 info: *** SolverThread ***
0a666 info: Best move cannot be determined, must search state.
0a666 info: --- MoHexPlayer::Search() ---
0a666 info: Color: white
0a666 info: MaxGames: 1
0a666 info: NumberThreads: 1
0a666 info: MaxNodes: 181818181 (15999999928 bytes)
0a666 info: TimeForMove: 1
0a666 info: PreSearch: max time reached (52/90).
0a666 info: Time for PreSearch: 0.201892s
0a666 info: 
  b0cb6ee2f6c372da
  a  b  c  d  e  f  g  h  i  j  k  
 1\b  b  b  b  .  *  *  *  *  *  .\1
  2\b  B  .  *  *  *  *  *  *  *  .\2
   3\.  *  *  *  *  *  *  *  *  *  .\3
    4\.  *  *  *  *  *  *  *  *  *  .\4
     5\.  *  *  *  *  *  *  *  *  *  .\5
      6\.  *  *  *  *  *  *  *  *  *  .\6
       7\.  *  *  *  *  *  *  *  *  *  .\7
        8\.  *  *  *  *  *  *  *  *  *  .\8
         9\.  *  *  *  *  *  *  *  *  *  .\9
         10\.  *  *  *  *  *  *  *  *  .  .\10
          11\.  *  *  *  *  *  *  *  .  .  .\11
              a  b  c  d  e  f  g  h  i  j  k  
0a666 info: No subtree to reuse.
0a666 info: Creating thread 0
0a666 info: StartSearch()[0]
SgUctSearch: max games reached
0a666 info: 
Elapsed Time   0.356088s
Count          1
GamesPlayed    1
Nodes          1
Knowledge      0 (0.0%)
Expansions     0.0
Time           0.00
GameLen        115.0 dev=0.0 min=115.0 max=115.0
InTree         0.0 dev=0.0 min=0.0 max=0.0
KnowDepth      -
Aborted        0%
Games/s        435.0
Score          0.00
Sequence      
0a666 info: 
0a666 warning: **** MoHexSearch returned empty sequence!
0a666 warning: **** Returning random move!
0a666 info: *** Player move: h11
b7fe6 info: DfpnSolver::CheckAbort(): Abort flag!
bfff6 info: 
MID calls      55
VC builds      53
Terminal       0
Work           55
Wasted Work    0 (0%)
Elapsed Time   0.368813
MIDs/sec       149.127
VCs/sec        143.704
Cnt prune sib  0
Avg prune sib  -
Consider Size  86.7358 dev=6.12496 min=49 max=91
Move Index     -
Move Percent   -
Delta Increase 4.09259 dev=15.59 min=1 max=87
Winner         empty
PV             b10 d10 e7 g6

HashTableStatistics:
Stores         133
LookupAttempt  13306
LookupSuccess  734
Collisions     0

bfff6 info: Search aborted.
<= 
<
>genmove w
<= b8
<
>play b c11
7d3c7 info: PlayAndSolve: Building VCs to avoid race condition.
7d3c7 info: PlayAndSolve: Continuing on as usual.
bfff6 info: *** PlayerThread ***
0a666 info: *** SolverThread ***
bfff6 info: Best move cannot be determined, must search state.
bfff6 info: --- MoHexPlayer::Search() ---
bfff6 info: Color: white
bfff6 info: MaxGames: 1
bfff6 info: NumberThreads: 1
bfff6 info: MaxNodes: 181818181 (15999999928 bytes)
bfff6 info: TimeForMove: 1
bfff6 info: PreSearch: max time reached (47/86).
bfff6 info: Time for PreSearch: 0.202581s
bfff6 info: 
  86acfe72af044aff
  a  b  c  d  e  f  g  h  i  j  k  
 1\b  b  b  b  b  b  B  .  *  *  .\1
  2\b  B  .  *  *  *  *  *  *  *  .\2
   3\.  *  *  *  *  *  *  *  *  *  .\3
    4\.  *  *  *  *  *  *  *  *  *  .\4
     5\.  *  *  *  *  *  *  *  *  *  .\5
      6\.  *  *  *  *  *  *  *  *  *  .\6
       7\.  *  *  *  *  *  *  *  *  *  .\7
        8\.  *  *  *  *  *  *  *  *  *  .\8
         9\.  *  *  *  *  *  *  *  *  *  .\9
         10\.  *  *  *  *  *  *  *  *  .  .\10
          11\.  *  *  *  *  *  *  W  .  .  .\11
              a  b  c  d  e  f  g  h  i  j  k  
bfff6 info: Old: [black, b2] [white, swap-pieces] 
bfff6 info: New: [black, b2] [white, swap-pieces] [white, h11] [black, g1] 
bfff6 info: ReuseSubtree: Colors do not alternate.
bfff6 info: No subtree to reuse.
bfff6 info: StartSearch()[0]
SgUctSearch: max games reached
bfff6 info: 
Elapsed Time   0.355309s
Count          1
GamesPlayed    1
Nodes          1
Knowledge      0 (0.0%)
Expansions     0.0
Time           0.00
GameLen        111.0 dev=0.0 min=111.0 max=111.0
InTree         0.0 dev=0.0 min=0.0 max=0.0
KnowDepth      -
Aborted        0%
Games/s        2949.9
Score          0.00
Sequence      
bfff6 info: 
bfff6 warning: **** MoHexSearch returned empty sequence!
bfff6 warning: **** Returning random move!
bfff6 info: *** Player move: b8
b7fe6 info: DfpnSolver::CheckAbort(): Abort flag!
0a666 info: 
MID calls      53
VC builds      51
Terminal       0
Work           53
Wasted Work    0 (0%)
Elapsed Time   0.367632
MIDs/sec       144.166
VCs/sec        138.726
Cnt prune sib  0
Avg prune sib  -
Consider Size  84.3529 dev=6.46815 min=52 max=90
Move Index     -
Move Percent   -
Delta Increase 4.11538 dev=15.318 min=1 max=86
Winner         empty
PV             b10 e10 f8 d9

HashTableStatistics:
Stores         261
LookupAttempt  25610
LookupSuccess  1415
Collisions     0

0a666 info: Search aborted.
<= 
<
>genmove w
<= j1
<
>play b d10
7d3c7 info: PlayAndSolve: Building VCs to avoid race condition.
7d3c7 info: PlayAndSolve: Continuing on as usual.
0a666 info: *** PlayerThread ***
bfff6 info: *** SolverThread ***
0a666 info: Best move cannot be determined, must search state.
0a666 info: --- MoHexPlayer::Search() ---
0a666 info: Color: white
0a666 info: MaxGames: 1
0a666 info: NumberThreads: 1
0a666 info: MaxNodes: 181818181 (15999999928 bytes)
0a666 info: TimeForMove: 1
0a666 info: PreSearch: max time reached (57/79).
0a666 info: Time for PreSearch: 0.202187s
0a666 info: 
  0327a1b75b3c0228
  a  b  c  d  e  f  g  h  i  j  k  
 1\b  b  b  b  b  b  B  .  *  *  .\1
  2\b  B  .  *  *  *  *  *  *  *  .\2
   3\.  *  *  *  *  *  *  *  *  *  .\3
    4\.  *  *  *  *  *  *  *  *  *  .\4
     5\.  *  *  *  *  *  *  *  *  *  .\5
      6\.  *  *  *  *  *  *  *  *  *  .\6
       7\w  .  *  *  *  *  *  *  *  *  .\7
        8\w  W  *  *  *  *  *  *  *  *  .\8
         9\w  .  *  *  *  *  *  *  *  *  .\9
         10\w  .  *  *  *  *  *  *  *  .  .\10
          11\b  b  B  .  *  *  *  W  .  .  .\11
              a  b  c  d  e  f  g  h  i  j  k  
0a666 info: Old: [black, b2] [white, swap-pieces] [white, h11] [black, g1] 
0a666 info: New: [black, b2] [white, swap-pieces] [white, h11] [black, g1] [white, b8] [black, c11] 
0a666 info: MovesPlayed: [white, b8] [black, c11] 
0a666 info: No subtree to reuse.
0a666 info: StartSearch()[0]
SgUctSearch: max games reached
0a666 info: 
Elapsed Time   0.346499s
Count          1
GamesPlayed    1
Nodes          1
Knowledge      0 (0.0%)
Expansions     0.0
Time           0.00
GameLen        103.0 dev=0.0 min=103.0 max=103.0
InTree         0.0 dev=0.0 min=0.0 max=0.0
KnowDepth      -
Aborted        0%
Games/s        3413.0
Score          1.00
Sequence      
0a666 info: 
0a666 warning: **** MoHexSearch returned empty sequence!
0a666 warning: **** Returning random move!
0a666 info: *** Player move: j1
b7fe6 info: DfpnSolver::CheckAbort(): Abort flag!
bfff6 info: 
MID calls      58
VC builds      56
Terminal       0
Work           58
Wasted Work    0 (0%)
Elapsed Time   0.359796
MIDs/sec       161.202
VCs/sec        155.644
Cnt prune sib  0
Avg prune sib  -
Consider Size  70.3393 dev=16.8123 min=17 max=80
Move Index     -
Move Percent   -
Delta Increase 3.63158 dev=13.7211 min=1 max=79
Winner         empty
PV             d8 e9 h6 f7

HashTableStatistics:
Stores         397
LookupAttempt  36335
LookupSuccess  2005
Collisions     0

bfff6 info: Search aborted.
<= 
<
>genmove w
<= h1
<
>play b b10
7d3c7 info: PlayAndSolve: Building VCs to avoid race condition.
7d3c7 info: PlayAndSolve: Continuing on as usual.
bfff6 info: *** PlayerThread ***
0a666 info: *** SolverThread ***
bfff6 info: Best move cannot be determined, must search state.
bfff6 info: --- MoHexPlayer::Search() ---
bfff6 info: Color: white
bfff6 info: MaxGames: 1
bfff6 info: NumberThreads: 1
bfff6 info: MaxNodes: 181818181 (15999999928 bytes)
bfff6 info: TimeForMove: 1
bfff6 info: PreSearch: max time reached (54/73).
bfff6 info: Time for PreSearch: 0.202519s
bfff6 info: 
  190df4bc1841d705
  a  b  c  d  e  f  g  h  i  j  k  
 1\b  b  b  b  b  b  B  .  *  W  .\1
  2\b  B  .  *  *  *  *  *  *  .  .\2
   3\.  *  *  *  *  *  *  *  *  *  .\3
    4\.  *  *  *  *  *  *  *  *  *  .\4
     5\.  *  *  *  *  *  *  *  *  *  .\5
      6\.  *  *  *  *  *  *  *  *  *  .\6
       7\w  .  *  *  *  *  *  *  *  *  .\7
        8\w  W  *  *  *  *  *  *  *  *  .\8
         9\w  .  *  *  *  *  *  *  *  *  .\9
         10\w  .  .  B  .  *  *  *  *  .  .\10
          11\b  b  B  b  b  .  *  W  .  .  .\11
              a  b  c  d  e  f  g  h  i  j  k  
bfff6 info: Old: [black, b2] [white, swap-pieces] [white, h11] [black, g1] [white, b8] [black, c11] 
bfff6 info: New: [black, b2] [white, swap-pieces] [white, h11] [black, g1] [white, b8] [black, c11] [white, j1] [black, d10] 
bfff6 info: MovesPlayed: [white, j1] [black, d10] 
bfff6 info: No subtree to reuse.
bfff6 info: StartSearch()[0]
SgUctSearch: max games reached
bfff6 info: 
Elapsed Time   0.356892s
Count          1
GamesPlayed    1
Nodes          1
Knowledge      0 (0.0%)
Expansions     0.0
Time           0.00
GameLen        99.0 dev=0.0 min=99.0 max=99.0
InTree         0.0 dev=0.0 min=0.0 max=0.0
KnowDepth      -
Aborted        0%
Games/s        3413.0
Score          1.00
Sequence      
bfff6 info: 
bfff6 warning: **** MoHexSearch returned empty sequence!
bfff6 warning: **** Returning random move!
bfff6 info: *** Player move: h1
b7fe6 info: DfpnSolver::CheckAbort(): Abort flag!
0a666 info: 
MID calls      60
VC builds      58
Terminal       0
Work           60
Wasted Work    0 (0%)
Elapsed Time   0.368324
MIDs/sec       162.9
VCs/sec        157.47
Cnt prune sib  1
Avg prune sib  1 dev=0 min=1 max=1
Consider Size  67.4138 dev=14.0762 min=21 max=79
Move Index     -
Move Percent   -
Delta Increase 3.38983 dev=12.6129 min=1 max=76
Winner         empty
PV             e8 f9 h2 f3

HashTableStatistics:
Stores         536
LookupAttempt  46246
LookupSuccess  2552
Collisions     0

0a666 info: Search aborted.
<= 
<
>genmove w
<= c3
<
>play b c8
7d3c7 info: PlayAndSolve: Building VCs to avoid race condition.
7d3c7 info: PlayAndSolve: Continuing on as usual.
0a666 info: *** PlayerThread ***
bfff6 info: *** SolverThread ***
0a666 info: Best move cannot be determined, must search state.
0a666 info: --- MoHexPlayer::Search() ---
0a666 info: Color: white
0a666 info: MaxGames: 1
0a666 info: NumberThreads: 1
0a666 info: MaxNodes: 181818181 (15999999928 bytes)
0a666 info: TimeForMove: 1
0a666 info: PreSearch: max time reached (58/73).
0a666 info: Time for PreSearch: 0.201399s
0a666 info: 
  40b383f5a5acbfa0
  a  b  c  d  e  f  g  h  i  j  k  
 1\b  b  b  b  b  b  B  W  *  W  .\1
  2\b  B  .  *  *  *  *  *  *  .  .\2
   3\.  .  *  *  *  *  *  *  *  *  .\3
    4\.  .  *  *  *  *  *  *  *  *  .\4
     5\.  *  *  *  *  *  *  *  *  *  .\5
      6\.  .  *  *  *  *  *  *  *  *  .\6
       7\w  .  *  *  *  *  *  *  *  *  .\7
        8\w  W  *  *  *  *  *  *  *  *  .\8
         9\w  .  *  *  *  *  *  *  *  *  .\9
         10\b  B  b  B  .  *  *  *  *  .  .\10
          11\b  b  B  b  b  .  *  W  .  .  .\11
              a  b  c  d  e  f  g  h  i  j  k  
0a666 info: Old: [black, b2] [white, swap-pieces] [white, h11] [black, g1] [white, b8] [black, c11] [white, j1] [black, d10] 
0a666 info: New: [black, b2] [white, swap-pieces] [white, h11] [black, g1] [white, b8] [black, c11] [white, j1] [black, d10] [white, h1] [black, b10] 
0a666 info: MovesPlayed: [white, h1] [black, b10] 
0a666 info: No subtree to reuse.
0a666 info: StartSearch()[0]
SgUctSearch: max games reached
0a666 info: 
Elapsed Time   0.356155s
Count          1
GamesPlayed    1
Nodes          1
Knowledge      0 (0.0%)
Expansions     0.0
Time           0.00
GameLen        96.0 dev=0.0 min=96.0 max=96.0
InTree         0.0 dev=0.0 min=0.0 max=0.0
KnowDepth      -
Aborted        0%
Games/s        2890.2
Score          1.00
Sequence      
0a666 info: 
0a666 warning: **** MoHexSearch returned empty sequence!
0a666 warning: **** Returning random move!
0a666 info: *** Player move: c3
b7fe6 info: DfpnSolver::CheckAbort(): Abort flag!
bfff6 info: 
MID calls      72
VC builds      69
Terminal       0
Work           72
Wasted Work    0 (0%)
Elapsed Time   0.365155
MIDs/sec       197.177
VCs/sec        188.961
Cnt prune sib  0
Avg prune sib  -
Consider Size  70.2899 dev=5.16415 min=60 max=78
Move Index     -
Move Percent   -
Delta Increase 3.01408 dev=11.0778 min=1 max=75
Winner         empty
PV             e7 g5 c8

HashTableStatistics:
Stores         701
LookupAttempt  57446
LookupSuccess  3154
Collisions     0

bfff6 info: Search aborted.
<= 
<
>genmove w
<= e2
<
>play b a6
7d3c7 info: PlayAndSolve: Building VCs to avoid race condition.
7d3c7 info: PlayAndSolve: Continuing on as usual.
bfff6 info: *** PlayerThread ***
0a666 info: *** SolverThread ***
bfff6 info: Best move cannot be determined, must search state.
bfff6 info: --- MoHexPlayer::Search() ---
bfff6 info: Color: white
bfff6 info: MaxGames: 1
bfff6 info: NumberThreads: 1
bfff6 info: MaxNodes: 181818181 (15999999928 bytes)
bfff6 info: TimeForMove: 1
bfff6 info: PreSearch: max time reached (55/67).
bfff6 info: Time for PreSearch: 0.201355s
bfff6 info: 
  a9f1ddbe29de8430
  a  b  c  d  e  f  g  h  i  j  k  
 1\b  b  b  b  b  b  B  W  *  W  .\1
  2\b  B  b  .  *  *  *  *  *  .  .\2
   3\.  .  W  *  *  *  *  *  *  *  .\3
    4\.  .  *  *  *  *  *  *  *  *  .\4
     5\.  *  *  *  *  *  *  *  *  *  .\5
      6\.  .  *  *  *  *  *  *  *  *  .\6
       7\w  .  *  *  *  *  *  *  *  *  .\7
        8\w  W  B  *  *  *  *  *  *  *  .\8
         9\w  b  b  .  *  *  *  *  *  *  .\9
         10\b  B  b  B  .  *  *  *  *  .  .\10
          11\b  b  B  b  b  .  *  W  .  .  .\11
              a  b  c  d  e  f  g  h  i  j  k  
bfff6 info: Old: [black, b2] [white, swap-pieces] [white, h11] [black, g1] [white, b8] [black, c11] [white, j1] [black, d10] [white, h1] [black, b10] 
bfff6 info: New: [black, b2] [white, swap-pieces] [white, h11] [black, g1] [white, b8] [black, c11] [white, j1] [black, d10] [white, h1] [black, b10] [white, c3] [black, c8] 
bfff6 info: MovesPlayed: [white, c3] [black, c8] 
bfff6 info: No subtree to reuse.
bfff6 info: StartSearch()[0]
SgUctSearch: max games reached
bfff6 info: 
Elapsed Time   0.361644s
Count          1
GamesPlayed    1
Nodes          1
Knowledge      0 (0.0%)
Expansions     0.0
Time           0.00
GameLen        91.0 dev=0.0 min=91.0 max=91.0
InTree         0.0 dev=0.0 min=0.0 max=0.0
KnowDepth      -
Aborted        0%
Games/s        2898.6
Score          1.00
Sequence      
bfff6 info: 
bfff6 warning: **** MoHexSearch returned empty sequence!
bfff6 warning: **** Returning random move!
bfff6 info: *** Player move: e2
b7fe6 info: DfpnSolver::CheckAbort(): Abort flag!
0a666 info: 
MID calls      67
VC builds      63
Terminal       0
Work           67
Wasted Work    0 (0%)
Elapsed Time   0.376081
MIDs/sec       178.153
VCs/sec        167.517
Cnt prune sib  1
Avg prune sib  2 dev=0 min=2 max=2
Consider Size  60.6508 dev=15.8347 min=10 max=73
Move Index     -
Move Percent   -
Delta Increase 2.43939 dev=8.42458 min=1 max=69
Winner         empty
PV             h2 d6 e4 f3

HashTableStatistics:
Stores         853
LookupAttempt  66571
LookupSuccess  3664
Collisions     0

0a666 info: Search aborted.
<= 
<
>genmove w
<= g6
<
>play b a4
7d3c7 info: PlayAndSolve: Building VCs to avoid race condition.
7d3c7 info: PlayAndSolve: Continuing on as usual.
0a666 info: *** PlayerThread ***
bfff6 info: *** SolverThread ***
0a666 info: Best move cannot be determined, must search state.
0a666 info: --- MoHexPlayer::Search() ---
0a666 info: Color: white
0a666 info: MaxGames: 1
0a666 info: NumberThreads: 1
0a666 info: MaxNodes: 181818181 (15999999928 bytes)
0a666 info: TimeForMove: 1
0a666 info: PreSearch: max time reached (53/65).
0a666 info: Time for PreSearch: 0.204048s
0a666 info: 
  ab5f1e112490c567
  a  b  c  d  e  f  g  h  i  j  k  
 1\b  b  b  b  b  b  B  W  *  W  .\1
  2\b  B  b  .  W  *  *  *  *  .  .\2
   3\.  *  W  .  *  *  *  *  *  *  .\3
    4\.  .  *  *  *  *  *  *  *  *  .\4
     5\.  *  *  *  *  *  *  *  *  *  .\5
      6\B  *  *  *  *  *  *  *  *  *  .\6
       7\.  .  *  *  *  *  *  *  *  *  .\7
        8\w  W  B  *  *  *  *  *  *  *  .\8
         9\w  b  b  .  *  *  *  *  *  *  .\9
         10\b  B  b  B  .  *  *  *  *  .  .\10
          11\b  b  B  b  b  .  *  W  .  .  .\11
              a  b  c  d  e  f  g  h  i  j  k  
0a666 info: Old: [black, b2] [white, swap-pieces] [white, h11] [black, g1] [white, b8] [black, c11] [white, j1] [black, d10] [white, h1] [black, b10] [white, c3] [black, c8] 
0a666 info: New: [black, b2] [white, swap-pieces] [white, h11] [black, g1] [white, b8] [black, c11] [white, j1] [black, d10] [white, h1] [black, b10] [white, c3] [black, c8] [white, e2] [black, a6] 
0a666 info: MovesPlayed: [white, e2] [black, a6] 
0a666 info: No subtree to reuse.
0a666 info: StartSearch()[0]
SgUctSearch: max games reached
0a666 info: 
Elapsed Time   0.356529s
Count          1
GamesPlayed    1
Nodes          1
Knowledge      0 (0.0%)
Expansions     0.0
Time           0.00
GameLen        90.0 dev=0.0 min=90.0 max=90.0
InTree         0.0 dev=0.0 min=0.0 max=0.0
KnowDepth      -
Aborted        0%
Games/s        3413.0
Score          1.00
Sequence      
0a666 info: 
0a666 warning: **** MoHexSearch returned empty sequence!
0a666 warning: **** Returning random move!
0a666 info: *** Player move: g6
b7fe6 info: DfpnSolver::CheckAbort(): Abort flag!
bfff6 info: 
MID calls      64
VC builds      61
Terminal       0
Work           64
Wasted Work    0 (0%)
Elapsed Time   0.365388
MIDs/sec       175.156
VCs/sec        166.946
Cnt prune sib  0
Avg prune sib  -
Consider Size  66.5738 dev=5.42469 min=59 max=74
Move Index     -
Move Percent   -
Delta Increase 3.06349 dev=11.2671 min=1 max=71
Winner         empty
PV             c6 e6 f3

HashTableStatistics:
Stores         1000
LookupAttempt  75812
LookupSuccess  4171
Collisions     0

bfff6 info: Search aborted.
<= 
<
>genmove w
<= j10
<
>play b i8
7d3c7 info: PlayAndSolve: Building VCs to avoid race condition.
7d3c7 info: PlayAndSolve: Continuing on as usual.
bfff6 info: *** PlayerThread ***
0a666 info: *** SolverThread ***
bfff6 info: Best move cannot be determined, must search state.
bfff6 info: --- MoHexPlayer::Search() ---
bfff6 info: Color: white
bfff6 info: MaxGames: 1
bfff6 info: NumberThreads: 1
bfff6 info: MaxNodes: 181818181 (15999999928 bytes)
bfff6 info: TimeForMove: 1
bfff6 info: PreSearch: max time reached (44/65).
bfff6 info: Time for PreSearch: 0.20356s
bfff6 info: 
  f707790d2c2be832
  a  b  c  d  e  f  g  h  i  j  k  
 1\b  b  b  b  b  b  B  W  *  W  .\1
  2\b  B  b  .  W  *  *  *  *  .  .\2
   3\b  b  W  .  *  *  *  *  *  *  .\3
    4\B  *  *  *  *  *  *  *  *  *  .\4
     5\*  *  *  *  *  *  *  *  *  *  .\5
      6\B  *  *  *  *  *  W  *  *  *  .\6
       7\.  .  *  *  *  *  *  *  *  *  .\7
        8\w  W  B  *  *  *  *  *  *  *  .\8
         9\w  b  b  .  *  *  *  *  *  *  .\9
         10\b  B  b  B  .  *  *  *  *  .  .\10
          11\b  b  B  b  b  .  *  W  .  .  .\11
              a  b  c  d  e  f  g  h  i  j  k  
bfff6 info: Old: [black, b2] [white, swap-pieces] [white, h11] [black, g1] [white, b8] [black, c11] [white, j1] [black, d10] [white, h1] [black, b10] [white, c3] [black, c8] [white, e2] [black, a6] 
bfff6 info: New: [black, b2] [white, swap-pieces] [white, h11] [black, g1] [white, b8] [black, c11] [white, j1] [black, d10] [white, h1] [black, b10] [white, c3] [black, c8] [white, e2] [black, a6] [white, g6] [black, a4] 
bfff6 info: MovesPlayed: [white, g6] [black, a4] 
bfff6 info: No subtree to reuse.
bfff6 info: StartSearch()[0]
SgUctSearch: max games reached
bfff6 info: 
Elapsed Time   0.353818s
Count          1
GamesPlayed    1
Nodes          1
Knowledge      0 (0.0%)
Expansions     0.0
Time           0.00
GameLen        86.0 dev=0.0 min=86.0 max=86.0
InTree         0.0 dev=0.0 min=0.0 max=0.0
KnowDepth      -
Aborted        0%
Games/s        3367.0
Score          1.00
Sequence      
bfff6 info: 
bfff6 warning: **** MoHexSearch returned empty sequence!
bfff6 warning: **** Returning random move!
bfff6 info: *** Player move: j10
b7fe6 info: DfpnSolver::CheckAbort(): Abort flag!
0a666 info: 
MID calls      58
VC builds      55
Terminal       0
Work           58
Wasted Work    0 (0%)
Elapsed Time   0.368958
MIDs/sec       157.199
VCs/sec        149.068
Cnt prune sib  0
Avg prune sib  -
Consider Size  65.8182 dev=4.8879 min=50 max=74
Move Index     -
Move Percent   -
Delta Increase 3.26316 dev=11.7242 min=1 max=70
Winner         empty
PV             e7 c7 a5

HashTableStatistics:
Stores         1135
LookupAttempt  84597
LookupSuccess  4671
Collisions     0

0a666 info: Search aborted.
<= 
<
>genmove w
<= f7
<
>play b g3
7d3c7 info: PlayAndSolve: Building VCs to avoid race condition.
7d3c7 info: PlayAndSolve: Continuing on as usual.
0a666 info: *** PlayerThread ***
bfff6 info: *** SolverThread ***
0a666 info: Best move cannot be determined, must search state.
0a666 info: --- MoHexPlayer::Search() ---
0a666 info: Color: white
0a666 info: MaxGames: 1
0a666 info: NumberThreads: 1
0a666 info: MaxNodes: 181818181 (15999999928 bytes)
0a666 info: TimeForMove: 1
0a666 info: PreSearch: max time reached (55/60).
0a666 info: Time for PreSearch: 0.201193s
0a666 info: 
  9c2ba53e77ad9d6d
  a  b  c  d  e  f  g  h  i  j  k  
 1\b  b  b  b  b  b  B  W  *  W  .\1
  2\b  B  b  .  W  *  *  *  *  .  .\2
   3\b  b  W  .  *  *  *  *  *  *  .\3
    4\B  *  *  *  *  *  *  *  *  *  .\4
     5\*  *  *  *  *  *  *  *  *  *  .\5
      6\B  *  *  *  *  *  W  *  *  .  .\6
       7\.  .  *  *  *  *  *  *  *  .  .\7
        8\w  W  B  *  *  *  *  *  B  .  w\8
         9\w  b  b  .  *  *  *  *  *  .  w\9
         10\b  B  b  B  .  *  *  *  .  W  w\10
          11\b  b  B  b  b  .  *  W  .  b  b\11
              a  b  c  d  e  f  g  h  i  j  k  
0a666 info: Old: [black, b2] [white, swap-pieces] [white, h11] [black, g1] [white, b8] [black, c11] [white, j1] [black, d10] [white, h1] [black, b10] [white, c3] [black, c8] [white, e2] [black, a6] [white, g6] [black, a4] 
0a666 info: New: [black, b2] [white, swap-pieces] [white, h11] [black, g1] [white, b8] [black, c11] [white, j1] [black, d10] [white, h1] [black, b10] [white, c3] [black, c8] [white, e2] [black, a6] [white, g6] [black, a4] [white, j10] [black, i8] 
0a666 info: MovesPlayed: [white, j10] [black, i8] 
0a666 info: No subtree to reuse.
0a666 info: StartSearch()[0]
SgUctSearch: max games reached
0a666 info: 
Elapsed Time   0.350635s
Count          1
GamesPlayed    1
Nodes          1
Knowledge      0 (0.0%)
Expansions     0.0
Time           0.00
GameLen        79.0 dev=0.0 min=79.0 max=79.0
InTree         0.0 dev=0.0 min=0.0 max=0.0
KnowDepth      -
Aborted        0%
Games/s        3436.4
Score          0.00
Sequence      
0a666 info: 
0a666 warning: **** MoHexSearch returned empty sequence!
0a666 warning: **** Returning random move!
0a666 info: *** Player move: f7
b7fe6 info: DfpnSolver::CheckAbort(): Abort flag!
bfff6 info: 
MID calls      87
VC builds      82
Terminal       0
Work           87
Wasted Work    0 (0%)
Elapsed Time   0.358723
MIDs/sec       242.527
VCs/sec        228.589
Cnt prune sib  0
Avg prune sib  -
Consider Size  57.939 dev=7.09922 min=11 max=68
Move Index     -
Move Percent   -
Delta Increase 3.01163 dev=9.92354 min=1 max=64
Winner         empty
PV             c7 f2 e6

HashTableStatistics:
Stores         1327
LookupAttempt  94032
LookupSuccess  5158
Collisions     0

bfff6 info: Search aborted.
<= 
<
>genmove w
<= f9
<
>play b e7
7d3c7 info: PlayAndSolve: Building VCs to avoid race condition.
7d3c7 info: PlayAndSolve: Continuing on as usual.
bfff6 info: *** PlayerThread ***
0a666 info: *** SolverThread ***
bfff6 info: Best move cannot be determined, must search state.
bfff6 info: --- MoHexPlayer::Search() ---
bfff6 info: Color: white
bfff6 info: MaxGames: 1
bfff6 info: NumberThreads: 1
bfff6 info: MaxNodes: 181818181 (15999999928 bytes)
bfff6 info: TimeForMove: 1
bfff6 info: PreSearch: max time reached (50/56).
bfff6 info: Time for PreSearch: 0.202769s
bfff6 info: 
  b458a68edc200bfa
  a  b  c  d  e  f  g  h  i  j  k  
 1\b  b  b  b  b  b  B  W  .  W  .\1
  2\b  B  b  .  W  *  *  .  *  .  .\2
   3\b  b  W  .  *  *  B  *  *  *  .\3
    4\B  *  *  *  *  *  *  *  *  *  .\4
     5\*  *  *  *  *  *  *  *  *  *  .\5
      6\B  *  *  *  *  *  W  *  *  .  .\6
       7\.  .  *  *  *  W  *  *  *  .  .\7
        8\w  W  B  *  *  *  *  *  B  .  w\8
         9\w  b  b  .  *  *  *  *  *  .  w\9
         10\b  B  b  B  .  *  *  *  .  W  w\10
          11\b  b  B  b  b  .  *  W  .  b  b\11
              a  b  c  d  e  f  g  h  i  j  k  
bfff6 info: Old: [black, b2] [white, swap-pieces] [white, h11] [black, g1] [white, b8] [black, c11] [white, j1] [black, d10] [white, h1] [black, b10] [white, c3] [black, c8] [white, e2] [black, a6] [white, g6] [black, a4] [white, j10] [black, i8] 
bfff6 info: New: [black, b2] [white, swap-pieces] [white, h11] [black, g1] [white, b8] [black, c11] [white, j1] [black, d10] [white, h1] [black, b10] [white, c3] [black, c8] [white, e2] [black, a6] [white, g6] [black, a4] [white, j10] [black, i8] [white, f7] [black, g3] 
bfff6 info: MovesPlayed: [white, f7] [black, g3] 
bfff6 info: No subtree to reuse.
bfff6 info: StartSearch()[0]
SgUctSearch: max games reached
bfff6 info: 
Elapsed Time   0.356464s
Count          1
GamesPlayed    1
Nodes          1
Knowledge      0 (0.0%)
Expansions     0.0
Time           0.00
GameLen        77.0 dev=0.0 min=77.0 max=77.0
InTree         0.0 dev=0.0 min=0.0 max=0.0
KnowDepth      -
Aborted        0%
Games/s        3205.1
Score          0.00
Sequence      
bfff6 info: 
bfff6 warning: **** MoHexSearch returned empty sequence!
bfff6 warning: **** Returning random move!
bfff6 info: *** Player move: f9
b7fe6 info: DfpnSolver::CheckAbort(): Abort flag!
0a666 info: 
MID calls      82
VC builds      77
Terminal       1
Work           83
Wasted Work    3 (3.61446%)
Elapsed Time   0.368186
MIDs/sec       222.714
VCs/sec        209.133
Cnt prune sib  0
Avg prune sib  -
Consider Size  50.1447 dev=9.99965 min=9 max=63
Move Index     0 dev=0 min=0 max=0
Move Percent   0 dev=0 min=0 max=0
Delta Increase 3.98781 dev=10.8768 min=1 max=57
Winner         empty
PV             c7 e6 d7 e7

HashTableStatistics:
Stores         1509
LookupAttempt  102010
LookupSuccess  5601
Collisions     0

0a666 info: Search aborted.
<= 
<
>genmove w
<= e6
<
>play b d7
7d3c7 info: PlayAndSolve: Building VCs to avoid race condition.
7d3c7 info: PlayAndSolve: Continuing on as usual.
0a666 info: *** PlayerThread ***
bfff6 info: *** SolverThread ***
0a666 info: Best move cannot be determined, must search state.
0a666 info: --- MoHexPlayer::Search() ---
0a666 info: Color: white
0a666 info: MaxGames: 1
0a666 info: NumberThreads: 1
0a666 info: MaxNodes: 181818181 (15999999928 bytes)
0a666 info: TimeForMove: 1
0a666 info: Time for PreSearch: 0.202648s
0a666 info: 
  43fa48c6b3464d6d
  a  b  c  d  e  f  g  h  i  j  k  
 1\b  b  b  b  b  b  B  W  .  W  .\1
  2\b  B  b  .  W  *  *  .  *  .  .\2
   3\b  b  W  .  *  *  B  *  *  *  .\3
    4\B  *  *  *  *  *  *  *  *  *  .\4
     5\*  *  *  *  *  *  *  *  *  *  .\5
      6\B  *  *  *  *  *  W  *  *  .  .\6
       7\.  .  *  *  B  W  .  *  *  .  .\7
        8\w  W  B  .  *  .  *  *  B  .  w\8
         9\w  b  b  b  .  W  *  *  .  .  w\9
         10\b  B  b  B  b  .  *  *  .  W  w\10
          11\b  b  B  b  b  b  .  W  .  b  b\11
              a  b  c  d  e  f  g  h  i  j  k  
0a666 info: Old: [black, b2] [white, swap-pieces] [white, h11] [black, g1] [white, b8] [black, c11] [white, j1] [black, d10] [white, h1] [black, b10] [white, c3] [black, c8] [white, e2] [black, a6] [white, g6] [black, a4] [white, j10] [black, i8] [white, f7] [black, g3] 
0a666 info: New: [black, b2] [white, swap-pieces] [white, h11] [black, g1] [white, b8] [black, c11] [white, j1] [black, d10] [white, h1] [black, b10] [white, c3] [black, c8] [white, e2] [black, a6] [white, g6] [black, a4] [white, j10] [black, i8] [white, f7] [black, g3] [white, f9] [black, e7] 
0a666 info: MovesPlayed: [white, f9] [black, e7] 
0a666 info: No subtree to reuse.
0a666 info: StartSearch()[0]
SgUctSearch: max games reached
0a666 info: 
Elapsed Time   0.349999s
Count          1
GamesPlayed    1
Nodes          1
Knowledge      0 (0.0%)
Expansions     0.0
Time           0.00
GameLen        72.0 dev=0.0 min=72.0 max=72.0
InTree         0.0 dev=0.0 min=0.0 max=0.0
KnowDepth      -
Aborted        0%
Games/s        3876.0
Score          0.00
Sequence      
0a666 info: 
0a666 warning: **** MoHexSearch returned empty sequence!
0a666 warning: **** Returning random move!
0a666 info: *** Player move: e6
b7fe6 info: DfpnSolver::CheckAbort(): Abort flag!
bfff6 info: 
MID calls      79
VC builds      72
Terminal       0
Work           79
Wasted Work    0 (0%)
Elapsed Time   0.359316
MIDs/sec       219.862
VCs/sec        200.381
Cnt prune sib  0
Avg prune sib  -
Consider Size  34.3472 dev=18.2187 min=2 max=58
Move Index     -
Move Percent   -
Delta Increase 1.80769 dev=5.74023 min=1 max=52
Winner         empty
PV             c7 f3 e6

HashTableStatistics:
Stores         1683
LookupAttempt  107890
LookupSuccess  5997
Collisions     0

bfff6 info: Search aborted.
<= 
<
>genmove w
<= b5
<
>play b c6
7d3c7 info: PlayAndSolve: Building VCs to avoid race condition.
7d3c7 info: PlayAndSolve: Continuing on as usual.
bfff6 info: *** PlayerThread ***
0a666 info: *** SolverThread ***
bfff6 info: Best move cannot be determined, must search state.
bfff6 info: --- MoHexPlayer::Search() ---
bfff6 info: Color: white
bfff6 info: MaxGames: 1
bfff6 info: NumberThreads: 1
bfff6 info: MaxNodes: 181818181 (15999999928 bytes)
bfff6 info: TimeForMove: 1
bfff6 info: Time for PreSearch: 0.171321s
bfff6 info: 
  46d589be209833ab
  a  b  c  d  e  f  g  h  i  j  k  
 1\b  b  b  b  b  b  B  W  .  W  .\1
  2\b  B  b  .  W  *  *  .  *  .  .\2
   3\b  b  W  .  *  *  B  *  *  *  .\3
    4\B  *  *  *  *  *  *  *  *  *  .\4
     5\*  *  *  *  *  *  *  *  *  *  .\5
      6\B  *  *  *  W  *  W  *  *  .  .\6
       7\.  .  .  B  B  W  .  *  *  .  .\7
        8\w  W  B  b  b  .  *  *  B  .  w\8
         9\w  b  b  b  b  W  *  *  .  .  w\9
         10\b  B  b  B  b  .  *  *  .  W  w\10
          11\b  b  B  b  b  b  .  W  .  b  b\11
              a  b  c  d  e  f  g  h  i  j  k  
bfff6 info: Old: [black, b2] [white, swap-pieces] [white, h11] [black, g1] [white, b8] [black, c11] [white, j1] [black, d10] [white, h1] [black, b10] [white, c3] [black, c8] [white, e2] [black, a6] [white, g6] [black, a4] [white, j10] [black, i8] [white, f7] [black, g3] [white, f9] [black, e7] 
bfff6 info: New: [black, b2] [white, swap-pieces] [white, h11] [black, g1] [white, b8] [black, c11] [white, j1] [black, d10] [white, h1] [black, b10] [white, c3] [black, c8] [white, e2] [black, a6] [white, g6] [black, a4] [white, j10] [black, i8] [white, f7] [black, g3] [white, f9] [black, e7] [white, e6] [black, d7] 
bfff6 info: MovesPlayed: [white, e6] [black, d7] 
bfff6 info: No subtree to reuse.
bfff6 info: StartSearch()[0]
SgUctSearch: max games reached
bfff6 info: 
Elapsed Time   0.324793s
Count          1
GamesPlayed    1
Nodes          1
Knowledge      0 (0.0%)
Expansions     0.0
Time           0.00
GameLen        67.0 dev=0.0 min=67.0 max=67.0
InTree         0.0 dev=0.0 min=0.0 max=0.0
KnowDepth      -
Aborted        0%
Games/s        4016.1
Score          1.00
Sequence      
bfff6 info: 
bfff6 warning: **** MoHexSearch returned empty sequence!
bfff6 warning: **** Returning random move!
bfff6 info: *** Player move: b5
b7fe6 info: DfpnSolver::CheckAbort(): Abort flag!
0a666 info: 
MID calls      73
VC builds      77
Terminal       14
Work           87
Wasted Work    0 (0%)
Elapsed Time   0.333953
MIDs/sec       218.594
VCs/sec        230.571
Cnt prune sib  2
Avg prune sib  3.5 dev=1.5 min=2 max=5
Consider Size  36.5556 dev=14.5425 min=5 max=57
Move Index     -
Move Percent   -
Delta Increase 2.96471 dev=6.55555 min=1 max=37
Winner         empty
PV             c6 i5 d6 f6

HashTableStatistics:
Stores         1870
LookupAttempt  113103
LookupSuccess  6363
Collisions     0

0a666 info: Search aborted.
<= 
<
>genmove w
<= h6
<
>play b f8
7d3c7 info: PlayAndSolve: Building VCs to avoid race condition.
7d3c7 info: PlayAndSolve: Continuing on as usual.
0a666 info: *** PlayerThread ***
bfff6 info: *** SolverThread ***
0a666 info: Best move cannot be determined, must search state.
0a666 info: --- MoHexPlayer::Search() ---
0a666 info: Color: white
0a666 info: MaxGames: 1
0a666 info: NumberThreads: 1
0a666 info: MaxNodes: 181818181 (15999999928 bytes)
0a666 info: TimeForMove: 1
0a666 info: Time for PreSearch: 0.149542s
0a666 info: 
  69535ee6e4541e21
  a  b  c  d  e  f  g  h  i  j  k  
 1\b  b  b  b  b  b  B  W  .  W  .\1
  2\b  B  b  .  W  *  *  .  *  .  .\2
   3\b  b  W  .  *  *  B  *  *  *  .\3
    4\B  .  .  .  *  *  *  *  *  *  .\4
     5\w  W  .  *  *  *  *  *  *  *  .\5
      6\B  w  B  *  W  *  W  *  *  .  .\6
       7\w  w  .  B  B  W  .  *  *  .  .\7
        8\w  W  B  b  b  .  *  *  B  .  w\8
         9\w  b  b  b  b  W  *  *  .  .  w\9
         10\b  B  b  B  b  .  *  *  .  W  w\10
          11\b  b  B  b  b  b  .  W  .  b  b\11
              a  b  c  d  e  f  g  h  i  j  k  
0a666 info: Old: [black, b2] [white, swap-pieces] [white, h11] [black, g1] [white, b8] [black, c11] [white, j1] [black, d10] [white, h1] [black, b10] [white, c3] [black, c8] [white, e2] [black, a6] [white, g6] [black, a4] [white, j10] [black, i8] [white, f7] [black, g3] [white, f9] [black, e7] [white, e6] [black, d7] 
0a666 info: New: [black, b2] [white, swap-pieces] [white, h11] [black, g1] [white, b8] [black, c11] [white, j1] [black, d10] [white, h1] [black, b10] [white, c3] [black, c8] [white, e2] [black, a6] [white, g6] [black, a4] [white, j10] [black, i8] [white, f7] [black, g3] [white, f9] [black, e7] [white, e6] [black, d7] [white, b5] [black, c6] 
0a666 info: MovesPlayed: [white, b5] [black, c6] 
0a666 info: No subtree to reuse.
0a666 info: StartSearch()[0]
SgUctSearch: max games reached
0a666 info: 
Elapsed Time   0.302799s
Count          1
GamesPlayed    1
Nodes          1
Knowledge      0 (0.0%)
Expansions     0.0
Time           0.00
GameLen        61.0 dev=0.0 min=61.0 max=61.0
InTree         0.0 dev=0.0 min=0.0 max=0.0
KnowDepth      -
Aborted        0%
Games/s        3311.3
Score          0.00
Sequence      
0a666 info: 
0a666 warning: **** MoHexSearch returned empty sequence!
0a666 warning: **** Returning random move!
0a666 info: *** Player move: h6
b7fe6 info: DfpnSolver::CheckAbort(): Abort flag!
bfff6 info: 
MID calls      67
VC builds      73
Terminal       15
Work           82
Wasted Work    40 (48.7805%)
Elapsed Time   0.309808
MIDs/sec       216.263
VCs/sec        235.63
Cnt prune sib  3
Avg prune sib  1 dev=0 min=1 max=1
Consider Size  28.3965 dev=12.6912 min=5 max=51
Move Index     0 dev=0 min=0 max=0
Move Percent   0 dev=0 min=0 max=0
Delta Increase 5.15 dev=10.4727 min=1 max=37
Winner         empty
PV             d6 f6 f4 g4

HashTableStatistics:
Stores         2046
LookupAttempt  117077
LookupSuccess  6689
Collisions     0

bfff6 info: Search aborted.
<= 
<
>genmove w
<= d5
<
>play b e4
7d3c7 info: PlayAndSolve: Building VCs to avoid race condition.
7d3c7 info: PlayAndSolve: Continuing on as usual.
bfff6 info: *** PlayerThread ***
0a666 info: *** SolverThread ***
bfff6 info: Best move cannot be determined, must search state.
bfff6 info: --- MoHexPlayer::Search() ---
bfff6 info: Color: white
bfff6 info: MaxGames: 1
bfff6 info: NumberThreads: 1
bfff6 info: MaxNodes: 181818181 (15999999928 bytes)
bfff6 info: TimeForMove: 1
0a666 info: 
MID calls      18
VC builds      18
Terminal       2
Work           20
Wasted Work    20 (100%)
Elapsed Time   0.104495
MIDs/sec       172.257
VCs/sec        172.257
Cnt prune sib  3
Avg prune sib  1.33333 dev=0.471404 min=1 max=2
Consider Size  18.625 dev=12.5642 min=2 max=37
Move Index     1.33333 dev=0.942809 min=0 max=2
Move Percent   0.03822 dev=0.0271577 min=0 max=0.0606061
Delta Increase 3 dev=7.76745 min=1 max=35
Winner         white
PV             d5 e4 d6

HashTableStatistics:
Stores         2097
LookupAttempt  119116
LookupSuccess  6883
Collisions     0

0a666 info: *** FOUND WIN!!! ***
0a666 info: PV: d5 e4 d6
bfff6 info: Time for PreSearch: 0.141987s
bfff6 info: 
  d65a64b32ccdfb51
  a  b  c  d  e  f  g  h  i  j  k  
 1\b  b  b  b  b  b  B  W  .  W  .\1
  2\b  B  b  .  W  *  *  .  *  .  .\2
   3\b  b  W  .  *  *  B  *  *  *  .\3
    4\B  .  .  .  *  *  *  *  *  *  .\4
     5\w  W  .  *  *  *  *  *  *  *  .\5
      6\B  w  B  *  W  *  W  W  *  .  .\6
       7\w  w  .  B  B  W  .  *  *  .  .\7
        8\w  W  B  b  b  B  *  *  B  .  w\8
         9\w  b  b  b  b  W  *  *  .  .  w\9
         10\b  B  b  B  b  .  *  *  .  W  w\10
          11\b  b  B  b  b  b  .  W  .  b  b\11
              a  b  c  d  e  f  g  h  i  j  k  
bfff6 info: Old: [black, b2] [white, swap-pieces] [white, h11] [black, g1] [white, b8] [black, c11] [white, j1] [black, d10] [white, h1] [black, b10] [white, c3] [black, c8] [white, e2] [black, a6] [white, g6] [black, a4] [white, j10] [black, i8] [white, f7] [black, g3] [white, f9] [black, e7] [white, e6] [black, d7] [white, b5] [black, c6] 
bfff6 info: New: [black, b2] [white, swap-pieces] [white, h11] [black, g1] [white, b8] [black, c11] [white, j1] [black, d10] [white, h1] [black, b10] [white, c3] [black, c8] [white, e2] [black, a6] [white, g6] [black, a4] [white, j10] [black, i8] [white, f7] [black, g3] [white, f9] [black, e7] [white, e6] [black, d7] [white, b5] [black, c6] [white, h6] [black, f8] 
bfff6 info: MovesPlayed: [white, h6] [black, f8] 
bfff6 info: No subtree to reuse.
bfff6 info: StartSearch()[0]
SgUctSearch: abort flag
bfff6 info: 
Elapsed Time   0.289739s
Count          1
GamesPlayed    1
Nodes          1
Knowledge      0 (0.0%)
Expansions     0.0
Time           0.00
GameLen        59.0 dev=0.0 min=59.0 max=59.0
InTree         0.0 dev=0.0 min=0.0 max=0.0
KnowDepth      -
Aborted        0%
Games/s        3802.3
Score          0.00
Sequence      
bfff6 info: 
bfff6 warning: **** MoHexSearch returned empty sequence!
bfff6 warning: **** Returning random move!
<= 
<
>genmove w
<= d6
<
>play b i6
7d3c7 info: PlayAndSolve: Building VCs to avoid race condition.
7d3c7 info: PlayAndSolve: Continuing on as usual.
0a666 info: *** PlayerThread ***
bfff6 info: *** SolverThread ***
bfff6 info: Already solved!
bfff6 info: white wins!
bfff6 info: PV: d6
bfff6 info: *** FOUND WIN!!! ***
bfff6 info: PV: d6
0a666 info: Best move cannot be determined, must search state.
0a666 info: --- MoHexPlayer::Search() ---
0a666 info: Color: white
0a666 info: MaxGames: 1
0a666 info: NumberThreads: 1
0a666 info: MaxNodes: 181818181 (15999999928 bytes)
0a666 info: TimeForMove: 1
0a666 info: Winning sequence found before UCT search!
0a666 info: Sequence: d6
<= 
<
>genmove w
<= g5
<
>play b f5
7d3c7 info: PlayAndSolve: Building VCs to avoid race condition.
7d3c7 info: PlayAndSolve: Continuing on as usual.
bfff6 info: *** PlayerThread ***
0a666 info: *** SolverThread ***
bfff6 info: Winning SC.
bfff6 info: *** Player move: g5
0a666 info: 
MID calls      0
VC builds      1
Terminal       1
Work           1
Wasted Work    0 (0%)
Elapsed Time   0.004286
MIDs/sec       0
VCs/sec        233.318
Cnt prune sib  0
Avg prune sib  -
Consider Size  -
Move Index     -
Move Percent   -
Delta Increase -
Winner         white
PV             

HashTableStatistics:
Stores         2098
LookupAttempt  119125
LookupSuccess  6889
Collisions     0

<= 
<
>genmove w
<= f6
<
>play b k3
7d3c7 info: PlayAndSolve: Building VCs to avoid race condition.
7d3c7 info: PlayAndSolve: Continuing on as usual.
0a666 info: *** PlayerThread ***
bfff6 info: *** SolverThread ***
0a666 info: Winning SC.
0a666 info: *** Player move: f6
bfff6 info: 
MID calls      0
VC builds      1
Terminal       1
Work           1
Wasted Work    0 (0%)
Elapsed Time   0.00649
MIDs/sec       0
VCs/sec        154.083
Cnt prune sib  0
Avg prune sib  -
Consider Size  -
Move Index     -
Move Percent   -
Delta Increase -
Winner         white
PV             

HashTableStatistics:
Stores         2099
LookupAttempt  119131
LookupSuccess  6892
Collisions     0

<= 
<
>genmove w
<= i4
<
>play b k1
7d3c7 info: PlayAndSolve: Building VCs to avoid race condition.
7d3c7 info: PlayAndSolve: Continuing on as usual.
bfff6 info: *** PlayerThread ***
0a666 info: *** SolverThread ***
bfff6 info: Winning SC.
bfff6 info: *** Player move: i4
0a666 info: 
MID calls      0
VC builds      1
Terminal       1
Work           1
Wasted Work    0 (0%)
Elapsed Time   0.003322
MIDs/sec       0
VCs/sec        301.023
Cnt prune sib  0
Avg prune sib  -
Consider Size  -
Move Index     -
Move Percent   -
Delta Increase -
Winner         white
PV             

HashTableStatistics:
Stores         2100
LookupAttempt  119137
LookupSuccess  6895
Collisions     0

<= 
<
>genmove w
<= j5
<
>play b h4
7d3c7 info: PlayAndSolve: Building VCs to avoid race condition.
7d3c7 info: PlayAndSolve: Continuing on as usual.
0a666 info: *** PlayerThread ***
bfff6 info: *** SolverThread ***
0a666 info: Winning SC.
0a666 info: *** Player move: j5
bfff6 info: 
MID calls      0
VC builds      1
Terminal       1
Work           1
Wasted Work    0 (0%)
Elapsed Time   0.003367
MIDs/sec       0
VCs/sec        297
Cnt prune sib  0
Avg prune sib  -
Consider Size  -
Move Index     -
Move Percent   -
Delta Increase -
Winner         white
PV             

HashTableStatistics:
Stores         2101
LookupAttempt  119143
LookupSuccess  6898
Collisions     0

<= 
<
>genmove w
<= i5
<
>play b a8
7d3c7 info: PlayAndSolve: Building VCs to avoid race condition.
7d3c7 info: PlayAndSolve: Continuing on as usual.
bfff6 info: *** PlayerThread ***
0a666 info: *** SolverThread ***
bfff6 info: Winning SC.
bfff6 info: *** Player move: i5
0a666 info: 
MID calls      0
VC builds      1
Terminal       1
Work           1
Wasted Work    0 (0%)
Elapsed Time   0.003531
MIDs/sec       0
VCs/sec        283.206
Cnt prune sib  0
Avg prune sib  -
Consider Size  -
Move Index     -
Move Percent   -
Delta Increase -
Winner         white
PV             

HashTableStatistics:
Stores         2102
LookupAttempt  119149
LookupSuccess  6901
Collisions     0

<= 
<
>genmove w
<= a5
<
>play b c5
7d3c7 info: PlayAndSolve: Building VCs to avoid race condition.
7d3c7 info: PlayAndSolve: Continuing on as usual.
0a666 info: *** PlayerThread ***
bfff6 info: *** SolverThread ***
0a666 info: Best move cannot be determined, must search state.
0a666 info: --- MoHexPlayer::Search() ---
0a666 info: Color: white
0a666 info: MaxGames: 1
0a666 info: NumberThreads: 1
0a666 info: MaxNodes: 181818181 (15999999928 bytes)
0a666 info: TimeForMove: 1
0a666 info: Winning sequence found before UCT search!
0a666 info: Sequence: a5
0a666 info: *** Player move: a5
bfff6 info: 
MID calls      1
VC builds      2
Terminal       1
Work           2
Wasted Work    1 (50%)
Elapsed Time   0.0059
MIDs/sec       169.492
VCs/sec        338.983
Cnt prune sib  1
Avg prune sib  11 dev=0 min=11 max=11
Consider Size  12 dev=0 min=12 max=12
Move Index     0 dev=0 min=0 max=0
Move Percent   0 dev=0 min=0 max=0
Delta Increase 1 dev=0 min=1 max=1
Winner         white
PV             a5

HashTableStatistics:
Stores         2106
LookupAttempt  119197
LookupSuccess  6909
Collisions     0

bfff6 info: *** FOUND WIN!!! ***
bfff6 info: PV: a5
<= 
<
>genmove w
<= c7
<
>play b b6
7d3c7 info: PlayAndSolve: Building VCs to avoid race condition.
7d3c7 info: PlayAndSolve: Continuing on as usual.
bfff6 info: *** PlayerThread ***
0a666 info: *** SolverThread ***
bfff6 info: Winning SC.
bfff6 info: *** Player move: c7
0a666 info: 
MID calls      0
VC builds      1
Terminal       1
Work           1
Wasted Work    0 (0%)
Elapsed Time   0.003449
MIDs/sec       0
VCs/sec        289.939
Cnt prune sib  0
Avg prune sib  -
Consider Size  -
Move Index     -
Move Percent   -
Delta Increase -
Winner         white
PV             

HashTableStatistics:
Stores         2107
LookupAttempt  119203
LookupSuccess  6912
Collisions     0

<= 
<
>genmove w
<= a9
<
>play b k5
7d3c7 info: PlayAndSolve: Building VCs to avoid race condition.
7d3c7 info: PlayAndSolve: Continuing on as usual.
0a666 info: *** PlayerThread ***
bfff6 info: *** SolverThread ***
0a666 info: Winning SC.
0a666 info: *** Player move: a9
bfff6 info: 
MID calls      0
VC builds      1
Terminal       1
Work           1
Wasted Work    0 (0%)
Elapsed Time   0.003417
MIDs/sec       0
VCs/sec        292.654
Cnt prune sib  0
Avg prune sib  -
Consider Size  -
Move Index     -
Move Percent   -
Delta Increase -
Winner         white
PV             

HashTableStatistics:
Stores         2108
LookupAttempt  119209
LookupSuccess  6915
Collisions     0

<= 
<
>genmove w
<= k4
<
>play b resign
7d3c7 info: PlayAndSolve: Building VCs to avoid race condition.
7d3c7 info: PlayAndSolve: Continuing on as usual.
bfff6 info: *** PlayerThread ***
0a666 info: *** SolverThread ***
bfff6 info: Winning SC.
bfff6 info: *** Player move: k4
0a666 info: 
MID calls      0
VC builds      1
Terminal       1
Work           1
Wasted Work    0 (0%)
Elapsed Time   0.004658
MIDs/sec       0
VCs/sec        214.684
Cnt prune sib  0
Avg prune sib  -
Consider Size  -
Move Index     -
Move Percent   -
Delta Increase -
Winner         white
PV             

HashTableStatistics:
Stores         2109
LookupAttempt  119215
LookupSuccess  6918
Collisions     0

<= 
<
>final_score
<= W+
<
>quit
<= 
<
