# nice ../build/src/mohex/mohex --config mohex-weak.htp --seed 465209 --logfile-name jobs/11x11-mohex-mohex-weak-vs-mohex-mohex-cg2010/mohex-mohex-weak-23.log
>boardsize 11 11
MoHex 2.0.CMake Mar 21 2025
Copyright (C) 2007-2012 by the authors of the Benzene project.
This program comes with ABSOLUTELY NO WARRANTY. This is
free software and you are welcome to redistribute it under
certain conditions. Type `benzene-license' for details.

SgRandom::SetSeed: 465209
SgUctSearch: system memory 33632358400, using 1000000000 (5681818 nodes)
SgRandom::SetSeed: 1
SgRandom::SetSeed: 465209
e1fd7 info: Prior Patterns:
e1fd7 info: Global:
e1fd7 info: Size            = 565 32648 
e1fd7 info: TableEntries    = 65932 65910
e1fd7 info: MirrorsAdded    = 0 0
e1fd7 info: PrunableCount   = 30593 30629
e1fd7 info: LargestGamma    = 5820.77
e1fd7 info: SmallestGamma   = 6.6e-05
e1fd7 info: Local:
e1fd7 info: Size            = 550 5318 
e1fd7 info: TableEntries    = 11602 11588
e1fd7 info: MirrorsAdded    = 0 0
e1fd7 info: PrunableCount   = 3659 3667
e1fd7 info: LargestGamma    = 11281.8
e1fd7 info: SmallestGamma   = 0.026235
e1fd7 info: Playout Patterns:
e1fd7 info: Global:
e1fd7 info: Size            = 565 32648 
e1fd7 info: TableEntries    = 70329 70329
e1fd7 info: MirrorsAdded    = 4397 4419
e1fd7 info: PrunableCount   = 30593 30629
e1fd7 info: LargestGamma    = 5820.77
e1fd7 info: SmallestGamma   = 6.6e-05
e1fd7 info: Local:
e1fd7 info: Size            = 550 5318 
e1fd7 info: TableEntries    = 11602 11588
e1fd7 info: MirrorsAdded    = 0 0
e1fd7 info: PrunableCount   = 3659 3667
e1fd7 info: LargestGamma    = 11281.8
e1fd7 info: SmallestGamma   = 0.026235
param_game allow_swap 1
= 

param_mohex max_memory 1600000
= 

param_mohex num_threads 1
= 

param_mohex max_time 1
= 

param_mohex max_games 1
= 

param_mohex knowledge_threshold 400
= 

param_mohex reuse_subtree 1
= 

param_mohex use_parallel_solver 1
= 

<= 
<
>name
<= MoHex
<
>version
<= 2.0.CMake
<
>play b b1
<= 
<
>genmove w
<= e10
<
>play b b11
e1fd7 info: SwapCheck: reading from '/home/linus/MoHex2.0/nfbranchfix/benzene-vanilla-cmake/share/swap-moves.txt'.
e1fd7 info: SwapCheck: opting not to swap.
e1fd7 info: PlayAndSolve: Building VCs to avoid race condition.
e1fd7 info: PlayAndSolve: Continuing on as usual.
6f276 info: *** PlayerThread ***
67266 info: *** SolverThread ***
6f276 info: Best move cannot be determined, must search state.
6f276 info: --- MoHexPlayer::Search() ---
6f276 info: Color: white
6f276 info: MaxGames: 1
6f276 info: NumberThreads: 1
6f276 info: MaxNodes: 9090 (799920 bytes)
6f276 info: TimeForMove: 1
6f276 info: PreSearch: max time reached (45/94).
6f276 info: Time for PreSearch: 0.202078s
6f276 info: 
  f259d8ebdc456140
  a  b  c  d  e  f  g  h  i  j  k  
 1\b  B  .  *  *  *  *  *  *  *  .\1
  2\.  *  *  *  *  *  *  *  *  *  .\2
   3\.  *  *  *  *  *  *  *  *  *  .\3
    4\.  *  *  *  *  *  *  *  *  *  .\4
     5\.  *  *  *  *  *  *  *  *  *  .\5
      6\.  *  *  *  *  *  *  *  *  *  .\6
       7\.  *  *  *  *  *  *  *  *  *  .\7
        8\.  *  *  *  *  *  *  *  *  *  .\8
         9\.  *  *  *  *  *  *  *  *  *  .\9
         10\.  *  *  *  *  *  *  *  *  .  .\10
          11\.  *  *  *  *  *  *  *  .  .  .\11
              a  b  c  d  e  f  g  h  i  j  k  
6f276 info: No subtree to reuse.
6f276 info: Creating thread 0
6f276 info: StartSearch()[0]
SgUctSearch: max games reached
6f276 info: 
Elapsed Time   0.395639s
Count          1
GamesPlayed    1
Nodes          1
Knowledge      0 (0.0%)
Expansions     0.0
Time           0.00
GameLen        119.0 dev=0.0 min=119.0 max=119.0
InTree         0.0 dev=0.0 min=0.0 max=0.0
KnowDepth      -
Aborted        0%
Games/s        348.1
Score          0.00
Sequence      
6f276 info: 
6f276 warning: **** MoHexSearch returned empty sequence!
6f276 warning: **** Returning random move!
6f276 info: *** Player move: e10
5f256 info: DfpnSolver::CheckAbort(): Abort flag!
67266 info: 
MID calls      41
VC builds      40
Terminal       0
Work           41
Wasted Work    0 (0%)
Elapsed Time   0.406827
MIDs/sec       100.78
VCs/sec        98.3219
Cnt prune sib  0
Avg prune sib  -
Consider Size  92.05 dev=2.36635 min=86 max=94
Move Index     -
Move Percent   -
Delta Increase 3.225 dev=13.8951 min=1 max=90
Winner         empty
PV             j2 c9 d7

HashTableStatistics:
Stores         107
LookupAttempt  13013
LookupSuccess  772
Collisions     0

67266 info: Search aborted.
<= 
<
>genmove w
<= f7
<
>play b h2
e1fd7 info: PlayAndSolve: Building VCs to avoid race condition.
e1fd7 info: PlayAndSolve: Continuing on as usual.
67266 info: *** PlayerThread ***
6f276 info: *** SolverThread ***
67266 info: Best move cannot be determined, must search state.
67266 info: --- MoHexPlayer::Search() ---
67266 info: Color: white
67266 info: MaxGames: 1
67266 info: NumberThreads: 1
67266 info: MaxNodes: 9090 (799920 bytes)
67266 info: TimeForMove: 1
67266 info: PreSearch: max time reached (40/89).
67266 info: Time for PreSearch: 0.204695s
67266 info: 
  c9a1cd2a05d87852
  a  b  c  d  e  f  g  h  i  j  k  
 1\b  B  .  *  *  *  *  *  *  *  .\1
  2\.  *  *  *  *  *  *  *  *  *  .\2
   3\.  *  *  *  *  *  *  *  *  *  .\3
    4\.  *  *  *  *  *  *  *  *  *  .\4
     5\.  *  *  *  *  *  *  *  *  *  .\5
      6\.  *  *  *  *  *  *  *  *  *  .\6
       7\.  *  *  *  *  *  *  *  *  *  .\7
        8\.  *  *  *  *  *  *  *  *  *  .\8
         9\.  *  *  *  *  *  *  *  *  *  .\9
         10\.  *  *  *  W  *  *  *  *  .  .\10
          11\.  B  b  b  .  *  *  *  .  .  .\11
              a  b  c  d  e  f  g  h  i  j  k  
67266 info: Old: [black, b1] 
67266 info: New: [black, b1] [white, e10] [black, b11] 
67266 info: MovesPlayed: [white, e10] [black, b11] 
67266 info: No subtree to reuse.
67266 info: StartSearch()[0]
SgUctSearch: max games reached
67266 info: 
Elapsed Time   0.358683s
Count          1
GamesPlayed    1
Nodes          1
Knowledge      0 (0.0%)
Expansions     0.0
Time           0.00
GameLen        115.0 dev=0.0 min=115.0 max=115.0
InTree         0.0 dev=0.0 min=0.0 max=0.0
KnowDepth      -
Aborted        0%
Games/s        3311.3
Score          1.00
Sequence      
67266 info: 
67266 warning: **** MoHexSearch returned empty sequence!
67266 warning: **** Returning random move!
67266 info: *** Player move: f7
5f256 info: DfpnSolver::CheckAbort(): Abort flag!
6f276 info: 
MID calls      46
VC builds      45
Terminal       0
Work           46
Wasted Work    0 (0%)
Elapsed Time   0.374538
MIDs/sec       122.818
VCs/sec        120.148
Cnt prune sib  0
Avg prune sib  -
Consider Size  86.9333 dev=3.8894 min=80 max=93
Move Index     -
Move Percent   -
Delta Increase 2.86667 dev=12.0842 min=1 max=83
Winner         empty
PV             b8 e5 d7

HashTableStatistics:
Stores         223
LookupAttempt  25432
LookupSuccess  1496
Collisions     0

6f276 info: Search aborted.
<= 
<
>genmove w
<= d3
<
>play b f6
e1fd7 info: PlayAndSolve: Building VCs to avoid race condition.
e1fd7 info: PlayAndSolve: Continuing on as usual.
6f276 info: *** PlayerThread ***
67266 info: *** SolverThread ***
6f276 info: Best move cannot be determined, must search state.
6f276 info: --- MoHexPlayer::Search() ---
6f276 info: Color: white
6f276 info: MaxGames: 1
6f276 info: NumberThreads: 1
6f276 info: MaxNodes: 9090 (799920 bytes)
6f276 info: TimeForMove: 1
6f276 info: PreSearch: max time reached (28/80).
6f276 info: Time for PreSearch: 0.206235s
6f276 info: 
  365179276a3c472e
  a  b  c  d  e  f  g  h  i  j  k  
 1\b  B  .  *  *  .  b  b  b  b  .\1
  2\.  *  *  *  *  *  .  B  .  *  .\2
   3\.  *  *  *  *  *  *  *  *  *  .\3
    4\.  *  *  *  *  *  *  *  *  *  .\4
     5\.  *  *  *  *  *  *  *  *  *  .\5
      6\.  *  *  *  *  *  *  *  *  *  .\6
       7\.  *  *  *  *  W  *  *  *  *  .\7
        8\.  *  *  *  *  *  *  *  *  *  .\8
         9\.  *  *  *  *  *  *  *  *  *  .\9
         10\.  *  *  *  W  *  *  *  *  .  .\10
          11\.  B  b  b  .  *  *  *  .  .  .\11
              a  b  c  d  e  f  g  h  i  j  k  
6f276 info: Old: [black, b1] [white, e10] [black, b11] 
6f276 info: New: [black, b1] [white, e10] [black, b11] [white, f7] [black, h2] 
6f276 info: MovesPlayed: [white, f7] [black, h2] 
6f276 info: No subtree to reuse.
6f276 info: StartSearch()[0]
SgUctSearch: max games reached
6f276 info: 
Elapsed Time   0.369764s
Count          1
GamesPlayed    1
Nodes          1
Knowledge      0 (0.0%)
Expansions     0.0
Time           0.00
GameLen        109.0 dev=0.0 min=109.0 max=109.0
InTree         0.0 dev=0.0 min=0.0 max=0.0
KnowDepth      -
Aborted        0%
Games/s        3676.5
Score          1.00
Sequence      
6f276 info: 
6f276 warning: **** MoHexSearch returned empty sequence!
6f276 warning: **** Returning random move!
6f276 info: *** Player move: d3
5f256 info: DfpnSolver::CheckAbort(): Abort flag!
67266 info: 
MID calls      40
VC builds      39
Terminal       0
Work           40
Wasted Work    0 (0%)
Elapsed Time   0.382777
MIDs/sec       104.499
VCs/sec        101.887
Cnt prune sib  0
Avg prune sib  -
Consider Size  80.5897 dev=5.93429 min=71 max=87
Move Index     -
Move Percent   -
Delta Increase 3.05128 dev=12.3246 min=1 max=79
Winner         empty
PV             b8 g9 d8

HashTableStatistics:
Stores         324
LookupAttempt  35341
LookupSuccess  2067
Collisions     0

67266 info: Search aborted.
<= 
<
>genmove w
<= k4
<
>play b h4
e1fd7 info: PlayAndSolve: Building VCs to avoid race condition.
e1fd7 info: PlayAndSolve: Continuing on as usual.
67266 info: *** PlayerThread ***
6f276 info: *** SolverThread ***
67266 info: Best move cannot be determined, must search state.
67266 info: --- MoHexPlayer::Search() ---
67266 info: Color: white
67266 info: MaxGames: 1
67266 info: NumberThreads: 1
67266 info: MaxNodes: 9090 (799920 bytes)
67266 info: TimeForMove: 1
67266 info: PreSearch: max time reached (36/78).
67266 info: Time for PreSearch: 0.200861s
67266 info: 
  1adeb89040f66462
  a  b  c  d  e  f  g  h  i  j  k  
 1\b  B  .  *  *  .  b  b  b  b  .\1
  2\.  *  *  *  *  *  .  B  .  *  .\2
   3\.  *  *  W  *  *  *  *  *  *  .\3
    4\.  *  *  *  *  *  *  *  *  *  .\4
     5\.  *  *  *  *  *  *  *  *  *  .\5
      6\.  *  *  *  *  B  *  *  *  *  .\6
       7\.  *  *  *  *  W  *  *  *  *  .\7
        8\.  *  *  *  *  *  *  *  *  *  .\8
         9\.  *  *  *  *  *  *  *  *  *  .\9
         10\.  *  *  *  W  *  *  *  *  .  .\10
          11\.  B  b  b  .  *  *  *  .  .  .\11
              a  b  c  d  e  f  g  h  i  j  k  
67266 info: Old: [black, b1] [white, e10] [black, b11] [white, f7] [black, h2] 
67266 info: New: [black, b1] [white, e10] [black, b11] [white, f7] [black, h2] [white, d3] [black, f6] 
67266 info: MovesPlayed: [white, d3] [black, f6] 
67266 info: No subtree to reuse.
67266 info: StartSearch()[0]
SgUctSearch: max games reached
67266 info: 
Elapsed Time   0.564987s
Count          1
GamesPlayed    1
Nodes          1
Knowledge      0 (0.0%)
Expansions     0.0
Time           0.00
GameLen        107.0 dev=0.0 min=107.0 max=107.0
InTree         0.0 dev=0.0 min=0.0 max=0.0
KnowDepth      -
Aborted        0%
Games/s        3289.5
Score          0.00
Sequence      
67266 info: 
67266 warning: **** MoHexSearch returned empty sequence!
67266 warning: **** Returning random move!
67266 info: *** Player move: k4
5f256 info: DfpnSolver::CheckAbort(): Abort flag!
6f276 info: 
MID calls      44
VC builds      42
Terminal       0
Work           44
Wasted Work    0 (0%)
Elapsed Time   0.580638
MIDs/sec       75.7787
VCs/sec        72.3342
Cnt prune sib  0
Avg prune sib  -
Consider Size  70.2619 dev=17.9762 min=22 max=85
Move Index     -
Move Percent   -
Delta Increase 3.7907 dev=12.8598 min=1 max=74
Winner         empty
PV             h6 c9 c7 d8

HashTableStatistics:
Stores         432
LookupAttempt  44932
LookupSuccess  2643
Collisions     0

6f276 info: Search aborted.
<= 
<
>genmove w
<= d5
<
>play b e9
e1fd7 info: PlayAndSolve: Building VCs to avoid race condition.
e1fd7 info: PlayAndSolve: Continuing on as usual.
6f276 info: *** PlayerThread ***
67266 info: *** SolverThread ***
6f276 info: Best move cannot be determined, must search state.
6f276 info: --- MoHexPlayer::Search() ---
6f276 info: Color: white
6f276 info: MaxGames: 1
6f276 info: NumberThreads: 1
6f276 info: MaxNodes: 9090 (799920 bytes)
6f276 info: TimeForMove: 1
6f276 info: PreSearch: max time reached (41/77).
6f276 info: Time for PreSearch: 0.204485s
6f276 info: 
  cb97362281a9657f
  a  b  c  d  e  f  g  h  i  j  k  
 1\b  B  .  *  *  .  b  b  b  b  .\1
  2\.  *  *  *  *  *  .  B  .  *  .\2
   3\.  *  *  W  *  *  *  *  *  *  .\3
    4\.  *  *  *  *  *  *  B  *  *  W\4
     5\.  *  *  *  *  *  *  *  *  *  .\5
      6\.  *  *  *  *  B  *  *  *  *  .\6
       7\.  *  *  *  *  W  *  *  *  *  .\7
        8\.  *  *  *  *  *  *  *  *  *  .\8
         9\.  *  *  *  *  *  *  *  *  *  .\9
         10\.  *  *  *  W  *  *  *  *  .  .\10
          11\.  B  b  b  .  *  *  *  .  .  .\11
              a  b  c  d  e  f  g  h  i  j  k  
6f276 info: Old: [black, b1] [white, e10] [black, b11] [white, f7] [black, h2] [white, d3] [black, f6] 
6f276 info: New: [black, b1] [white, e10] [black, b11] [white, f7] [black, h2] [white, d3] [black, f6] [white, k4] [black, h4] 
6f276 info: MovesPlayed: [white, k4] [black, h4] 
6f276 info: No subtree to reuse.
6f276 info: StartSearch()[0]
SgUctSearch: max games reached
6f276 info: 
Elapsed Time   0.355354s
Count          1
GamesPlayed    1
Nodes          1
Knowledge      0 (0.0%)
Expansions     0.0
Time           0.00
GameLen        105.0 dev=0.0 min=105.0 max=105.0
InTree         0.0 dev=0.0 min=0.0 max=0.0
KnowDepth      -
Aborted        0%
Games/s        3448.3
Score          1.00
Sequence      
6f276 info: 
6f276 warning: **** MoHexSearch returned empty sequence!
6f276 warning: **** Returning random move!
6f276 info: *** Player move: d5
5f256 info: DfpnSolver::CheckAbort(): Abort flag!
67266 info: 
MID calls      38
VC builds      36
Terminal       0
Work           38
Wasted Work    0 (0%)
Elapsed Time   0.366724
MIDs/sec       103.62
VCs/sec        98.1665
Cnt prune sib  0
Avg prune sib  -
Consider Size  62.0556 dev=19.8759 min=15 max=79
Move Index     -
Move Percent   -
Delta Increase 2.67568 dev=6.75859 min=1 max=39
Winner         empty
PV             h6 e7 e8 d8

HashTableStatistics:
Stores         528
LookupAttempt  53643
LookupSuccess  3213
Collisions     0

67266 info: Search aborted.
<= 
<
>genmove w
<= e5
<
>play b b5
e1fd7 info: PlayAndSolve: Building VCs to avoid race condition.
e1fd7 info: PlayAndSolve: Continuing on as usual.
67266 info: *** PlayerThread ***
6f276 info: *** SolverThread ***
67266 info: Best move cannot be determined, must search state.
67266 info: --- MoHexPlayer::Search() ---
67266 info: Color: white
67266 info: MaxGames: 1
67266 info: NumberThreads: 1
67266 info: MaxNodes: 9090 (799920 bytes)
67266 info: TimeForMove: 1
67266 info: PreSearch: max time reached (39/75).
67266 info: Time for PreSearch: 0.201317s
67266 info: 
  4d4af01ca382b020
  a  b  c  d  e  f  g  h  i  j  k  
 1\b  B  .  *  *  .  b  b  b  b  .\1
  2\.  *  *  *  *  *  .  B  .  *  .\2
   3\.  *  *  W  *  *  *  *  *  *  .\3
    4\.  *  *  *  *  *  *  B  *  *  W\4
     5\.  *  *  W  *  *  *  *  *  *  .\5
      6\.  *  *  *  *  B  *  *  *  *  .\6
       7\.  *  *  *  *  W  *  *  *  *  .\7
        8\.  *  *  *  *  *  *  *  *  *  .\8
         9\.  *  *  *  B  *  *  *  *  *  .\9
         10\.  *  *  *  W  *  *  *  *  .  .\10
          11\.  B  b  b  .  *  *  *  .  .  .\11
              a  b  c  d  e  f  g  h  i  j  k  
67266 info: Old: [black, b1] [white, e10] [black, b11] [white, f7] [black, h2] [white, d3] [black, f6] [white, k4] [black, h4] 
67266 info: New: [black, b1] [white, e10] [black, b11] [white, f7] [black, h2] [white, d3] [black, f6] [white, k4] [black, h4] [white, d5] [black, e9] 
67266 info: MovesPlayed: [white, d5] [black, e9] 
67266 info: No subtree to reuse.
67266 info: StartSearch()[0]
SgUctSearch: max games reached
67266 info: 
Elapsed Time   0.362243s
Count          1
GamesPlayed    1
Nodes          1
Knowledge      0 (0.0%)
Expansions     0.0
Time           0.00
GameLen        103.0 dev=0.0 min=103.0 max=103.0
InTree         0.0 dev=0.0 min=0.0 max=0.0
KnowDepth      -
Aborted        0%
Games/s        3344.5
Score          0.00
Sequence      
67266 info: 
67266 warning: **** MoHexSearch returned empty sequence!
67266 warning: **** Returning random move!
67266 info: *** Player move: e5
5f256 info: DfpnSolver::CheckAbort(): Abort flag!
6f276 info: 
MID calls      36
VC builds      34
Terminal       0
Work           36
Wasted Work    0 (0%)
Elapsed Time   0.379636
MIDs/sec       94.8277
VCs/sec        89.5595
Cnt prune sib  0
Avg prune sib  -
Consider Size  56.3824 dev=21.9062 min=13 max=77
Move Index     -
Move Percent   -
Delta Increase 2.37143 dev=5.19387 min=1 max=30
Winner         empty
PV             h6 d8 d10 e7

HashTableStatistics:
Stores         619
LookupAttempt  61583
LookupSuccess  3736
Collisions     0

6f276 info: Search aborted.
<= 
<
>genmove w
<= k8
<
>play b c6
e1fd7 info: PlayAndSolve: Building VCs to avoid race condition.
e1fd7 info: PlayAndSolve: Continuing on as usual.
6f276 info: *** PlayerThread ***
67266 info: *** SolverThread ***
6f276 info: Best move cannot be determined, must search state.
6f276 info: --- MoHexPlayer::Search() ---
6f276 info: Color: white
6f276 info: MaxGames: 1
6f276 info: NumberThreads: 1
6f276 info: MaxNodes: 9090 (799920 bytes)
6f276 info: TimeForMove: 1
6f276 info: PreSearch: max time reached (34/69).
6f276 info: Time for PreSearch: 0.203502s
6f276 info: 
  7c4f553023bcea07
  a  b  c  d  e  f  g  h  i  j  k  
 1\b  B  .  *  *  .  b  b  b  b  .\1
  2\.  .  *  *  *  *  .  B  .  *  .\2
   3\.  .  *  W  *  *  *  *  *  *  .\3
    4\.  *  *  .  .  *  *  B  *  *  W\4
     5\.  B  *  W  W  *  *  *  *  *  .\5
      6\.  *  *  .  .  B  *  *  *  *  .\6
       7\.  *  *  *  *  W  *  *  *  *  .\7
        8\.  *  *  *  *  *  *  *  *  *  .\8
         9\.  *  *  *  B  *  *  *  *  *  .\9
         10\.  *  *  *  W  *  *  *  *  .  .\10
          11\.  B  b  b  .  *  *  *  .  .  .\11
              a  b  c  d  e  f  g  h  i  j  k  
6f276 info: Old: [black, b1] [white, e10] [black, b11] [white, f7] [black, h2] [white, d3] [black, f6] [white, k4] [black, h4] [white, d5] [black, e9] 
6f276 info: New: [black, b1] [white, e10] [black, b11] [white, f7] [black, h2] [white, d3] [black, f6] [white, k4] [black, h4] [white, d5] [black, e9] [white, e5] [black, b5] 
6f276 info: MovesPlayed: [white, e5] [black, b5] 
6f276 info: No subtree to reuse.
6f276 info: StartSearch()[0]
SgUctSearch: max games reached
6f276 info: 
Elapsed Time   0.558222s
Count          1
GamesPlayed    1
Nodes          1
Knowledge      0 (0.0%)
Expansions     0.0
Time           0.00
GameLen        101.0 dev=0.0 min=101.0 max=101.0
InTree         0.0 dev=0.0 min=0.0 max=0.0
KnowDepth      -
Aborted        0%
Games/s        2881.8
Score          0.00
Sequence      
6f276 info: 
6f276 warning: **** MoHexSearch returned empty sequence!
6f276 warning: **** Returning random move!
6f276 info: *** Player move: k8
5f256 info: DfpnSolver::CheckAbort(): Abort flag!
67266 info: 
MID calls      64
VC builds      57
Terminal       1
Work           65
Wasted Work    0 (0%)
Elapsed Time   0.572893
MIDs/sec       111.714
VCs/sec        99.495
Cnt prune sib  0
Avg prune sib  -
Consider Size  48.5357 dev=20.6596 min=5 max=71
Move Index     -
Move Percent   -
Delta Increase 3.25 dev=5.89756 min=1 max=30
Winner         empty
PV             d8 i6 g8 h8

HashTableStatistics:
Stores         769
LookupAttempt  70280
LookupSuccess  4349
Collisions     0

67266 info: Search aborted.
<= 
<
>genmove w
<= a2
<
>play b g7
e1fd7 info: PlayAndSolve: Building VCs to avoid race condition.
e1fd7 info: PlayAndSolve: Continuing on as usual.
67266 info: *** PlayerThread ***
6f276 info: *** SolverThread ***
67266 info: Best move cannot be determined, must search state.
67266 info: --- MoHexPlayer::Search() ---
67266 info: Color: white
67266 info: MaxGames: 1
67266 info: NumberThreads: 1
67266 info: MaxNodes: 9090 (799920 bytes)
67266 info: TimeForMove: 1
67266 info: PreSearch: max time reached (55/69).
67266 info: Time for PreSearch: 0.202367s
67266 info: 
  6285abdbab54defe
  a  b  c  d  e  f  g  h  i  j  k  
 1\b  B  .  *  *  .  b  b  b  b  .\1
  2\.  .  *  *  *  *  .  B  .  *  .\2
   3\.  .  *  W  *  *  *  *  *  *  .\3
    4\.  *  *  .  .  *  *  B  *  *  W\4
     5\.  B  *  W  W  *  *  *  *  *  .\5
      6\.  *  B  .  .  B  *  *  *  *  .\6
       7\.  .  *  *  *  W  *  *  *  *  .\7
        8\.  .  *  *  *  *  *  *  *  *  W\8
         9\.  *  *  *  B  *  *  *  *  *  .\9
         10\.  *  *  *  W  *  *  *  *  *  .\10
          11\.  B  b  b  .  *  *  *  *  .  .\11
              a  b  c  d  e  f  g  h  i  j  k  
67266 info: Old: [black, b1] [white, e10] [black, b11] [white, f7] [black, h2] [white, d3] [black, f6] [white, k4] [black, h4] [white, d5] [black, e9] [white, e5] [black, b5] 
67266 info: New: [black, b1] [white, e10] [black, b11] [white, f7] [black, h2] [white, d3] [black, f6] [white, k4] [black, h4] [white, d5] [black, e9] [white, e5] [black, b5] [white, k8] [black, c6] 
67266 info: MovesPlayed: [white, k8] [black, c6] 
67266 info: No subtree to reuse.
67266 info: StartSearch()[0]
SgUctSearch: max games reached
67266 info: 
Elapsed Time   0.353808s
Count          1
GamesPlayed    1
Nodes          1
Knowledge      0 (0.0%)
Expansions     0.0
Time           0.00
GameLen        99.0 dev=0.0 min=99.0 max=99.0
InTree         0.0 dev=0.0 min=0.0 max=0.0
KnowDepth      -
Aborted        0%
Games/s        2747.3
Score          0.00
Sequence      
67266 info: 
67266 warning: **** MoHexSearch returned empty sequence!
67266 warning: **** Returning random move!
67266 info: *** Player move: a2
5f256 info: DfpnSolver::CheckAbort(): Abort flag!
6f276 info: 
MID calls      57
VC builds      54
Terminal       1
Work           58
Wasted Work    0 (0%)
Elapsed Time   0.364845
MIDs/sec       156.231
VCs/sec        148.008
Cnt prune sib  2
Avg prune sib  1 dev=0 min=1 max=1
Consider Size  51.6038 dev=16.6839 min=10 max=69
Move Index     -
Move Percent   -
Delta Increase 3.78947 dev=7.6794 min=1 max=32
Winner         empty
PV             d8 i5 b9 h7

HashTableStatistics:
Stores         903
LookupAttempt  78421
LookupSuccess  4848
Collisions     0

6f276 info: Search aborted.
<= 
<
>genmove w
<= b2
<
>play b g6
e1fd7 info: PlayAndSolve: Building VCs to avoid race condition.
e1fd7 info: PlayAndSolve: Continuing on as usual.
6f276 info: *** PlayerThread ***
67266 info: *** SolverThread ***
6f276 info: Best move cannot be determined, must search state.
6f276 info: --- MoHexPlayer::Search() ---
6f276 info: Color: white
6f276 info: MaxGames: 1
6f276 info: NumberThreads: 1
6f276 info: MaxNodes: 9090 (799920 bytes)
6f276 info: TimeForMove: 1
6f276 info: PreSearch: max time reached (61/68).
6f276 info: Time for PreSearch: 0.202712s
6f276 info: 
  1018656df8656870
  a  b  c  d  e  f  g  h  i  j  k  
 1\b  B  .  *  *  .  b  b  b  b  .\1
  2\W  .  *  *  *  *  .  B  .  *  .\2
   3\.  .  *  W  *  *  *  *  *  *  .\3
    4\.  *  *  .  .  *  *  B  *  *  W\4
     5\.  B  *  W  W  *  *  *  *  *  .\5
      6\.  *  B  .  .  B  *  *  *  *  .\6
       7\.  .  *  *  *  W  B  *  *  *  .\7
        8\.  .  *  *  *  *  *  *  *  *  W\8
         9\.  *  *  *  B  *  *  *  *  *  .\9
         10\.  *  *  *  W  *  *  *  *  .  .\10
          11\.  B  b  b  .  *  *  *  *  .  .\11
              a  b  c  d  e  f  g  h  i  j  k  
6f276 info: Old: [black, b1] [white, e10] [black, b11] [white, f7] [black, h2] [white, d3] [black, f6] [white, k4] [black, h4] [white, d5] [black, e9] [white, e5] [black, b5] [white, k8] [black, c6] 
6f276 info: New: [black, b1] [white, e10] [black, b11] [white, f7] [black, h2] [white, d3] [black, f6] [white, k4] [black, h4] [white, d5] [black, e9] [white, e5] [black, b5] [white, k8] [black, c6] [white, a2] [black, g7] 
6f276 info: MovesPlayed: [white, a2] [black, g7] 
6f276 info: No subtree to reuse.
6f276 info: StartSearch()[0]
SgUctSearch: max games reached
6f276 info: 
Elapsed Time   0.345979s
Count          1
GamesPlayed    1
Nodes          1
Knowledge      0 (0.0%)
Expansions     0.0
Time           0.00
GameLen        97.0 dev=0.0 min=97.0 max=97.0
InTree         0.0 dev=0.0 min=0.0 max=0.0
KnowDepth      -
Aborted        0%
Games/s        3831.4
Score          1.00
Sequence      
6f276 info: 
6f276 warning: **** MoHexSearch returned empty sequence!
6f276 warning: **** Returning random move!
6f276 info: *** Player move: b2
5f256 info: DfpnSolver::CheckAbort(): Abort flag!
67266 info: 
MID calls      58
VC builds      54
Terminal       4
Work           62
Wasted Work    11 (17.7419%)
Elapsed Time   0.356175
MIDs/sec       162.841
VCs/sec        151.611
Cnt prune sib  0
Avg prune sib  -
Consider Size  36.54 dev=27.5624 min=1 max=68
Move Index     0 dev=0 min=0 max=0
Move Percent   0 dev=0 min=0 max=0
Delta Increase 5.45455 dev=15.6319 min=1 max=62
Winner         empty
PV             g6 e7 g5

HashTableStatistics:
Stores         1051
LookupAttempt  88061
LookupSuccess  5732
Collisions     0

67266 info: Search aborted.
<= 
<
>genmove w
<= d10
<
>play b f8
e1fd7 info: PlayAndSolve: Building VCs to avoid race condition.
e1fd7 info: PlayAndSolve: Continuing on as usual.
67266 info: *** PlayerThread ***
6f276 info: *** SolverThread ***
67266 info: Opponent has won; playing most blocking move.
67266 info: *** Player move: d10
6f276 info: 
MID calls      0
VC builds      1
Terminal       1
Work           1
Wasted Work    0 (0%)
Elapsed Time   0.009721
MIDs/sec       0
VCs/sec        102.87
Cnt prune sib  0
Avg prune sib  -
Consider Size  -
Move Index     -
Move Percent   -
Delta Increase -
Winner         black
PV             

HashTableStatistics:
Stores         1052
LookupAttempt  88067
LookupSuccess  5735
Collisions     0

<= 
<
>genmove w
<= g5
<
>play b c9
e1fd7 info: PlayAndSolve: Building VCs to avoid race condition.
e1fd7 info: PlayAndSolve: Continuing on as usual.
6f276 info: *** PlayerThread ***
67266 info: *** SolverThread ***
6f276 info: Opponent has won; playing most blocking move.
6f276 info: *** Player move: g5
67266 info: 
MID calls      0
VC builds      1
Terminal       1
Work           1
Wasted Work    0 (0%)
Elapsed Time   0.011645
MIDs/sec       0
VCs/sec        85.8738
Cnt prune sib  0
Avg prune sib  -
Consider Size  -
Move Index     -
Move Percent   -
Delta Increase -
Winner         black
PV             

HashTableStatistics:
Stores         1053
LookupAttempt  88073
LookupSuccess  5738
Collisions     0

<= 
<
>genmove w
<= e7
<
>play b d9
e1fd7 info: PlayAndSolve: Building VCs to avoid race condition.
e1fd7 info: PlayAndSolve: Continuing on as usual.
6f276 info: *** SolverThread ***
67266 info: *** PlayerThread ***
67266 info: Opponent has won; playing most blocking move.
67266 info: *** Player move: e7
6f276 info: 
MID calls      0
VC builds      1
Terminal       1
Work           1
Wasted Work    0 (0%)
Elapsed Time   0.010539
MIDs/sec       0
VCs/sec        94.8857
Cnt prune sib  0
Avg prune sib  -
Consider Size  -
Move Index     -
Move Percent   -
Delta Increase -
Winner         black
PV             

HashTableStatistics:
Stores         1054
LookupAttempt  88079
LookupSuccess  5741
Collisions     0

<= 
<
>genmove w
<= f2
<
>play b g4
e1fd7 info: PlayAndSolve: Building VCs to avoid race condition.
e1fd7 info: PlayAndSolve: Continuing on as usual.
6f276 info: *** PlayerThread ***
67266 info: *** SolverThread ***
6f276 info: Opponent has won; playing most blocking move.
6f276 info: *** Player move: f2
67266 info: 
MID calls      0
VC builds      1
Terminal       1
Work           1
Wasted Work    0 (0%)
Elapsed Time   0.008883
MIDs/sec       0
VCs/sec        112.575
Cnt prune sib  0
Avg prune sib  -
Consider Size  -
Move Index     -
Move Percent   -
Delta Increase -
Winner         black
PV             

HashTableStatistics:
Stores         1055
LookupAttempt  88085
LookupSuccess  5744
Collisions     0

<= 
<
>genmove w
<= f5
<
>play b h5
e1fd7 info: PlayAndSolve: Building VCs to avoid race condition.
e1fd7 info: PlayAndSolve: Continuing on as usual.
67266 info: *** PlayerThread ***
6f276 info: *** SolverThread ***
67266 info: Opponent has won; playing most blocking move.
67266 info: *** Player move: f5
6f276 info: 
MID calls      0
VC builds      1
Terminal       1
Work           1
Wasted Work    0 (0%)
Elapsed Time   0.009313
MIDs/sec       0
VCs/sec        107.377
Cnt prune sib  0
Avg prune sib  -
Consider Size  -
Move Index     -
Move Percent   -
Delta Increase -
Winner         black
PV             

HashTableStatistics:
Stores         1056
LookupAttempt  88091
LookupSuccess  5747
Collisions     0

<= 
<
>genmove w
<= b10
<
>play b c10
e1fd7 info: PlayAndSolve: Building VCs to avoid race condition.
e1fd7 info: PlayAndSolve: Continuing on as usual.
6f276 info: *** PlayerThread ***
67266 info: *** SolverThread ***
6f276 info: Opponent has won; playing most blocking move.
67266 info: 
MID calls      0
VC builds      1
Terminal       1
Work           1
Wasted Work    0 (0%)
Elapsed Time   0.012167
MIDs/sec       0
VCs/sec        82.1895
Cnt prune sib  0
Avg prune sib  -
Consider Size  -
Move Index     -
Move Percent   -
Delta Increase -
Winner         black
PV             

HashTableStatistics:
Stores         1057
LookupAttempt  88097
LookupSuccess  5750
Collisions     0

6f276 info: *** Player move: b10
<= 
<
>genmove w
<= h3
<
>play b g3
e1fd7 info: PlayAndSolve: Building VCs to avoid race condition.
e1fd7 info: PlayAndSolve: Continuing on as usual.
67266 info: *** PlayerThread ***
6f276 info: *** SolverThread ***
67266 info: Opponent has won; playing most blocking move.
6f276 info: 
MID calls      0
VC builds      1
Terminal       1
Work           1
Wasted Work    0 (0%)
Elapsed Time   0.004833
MIDs/sec       0
VCs/sec        206.911
Cnt prune sib  0
Avg prune sib  -
Consider Size  -
Move Index     -
Move Percent   -
Delta Increase -
Winner         black
PV             

HashTableStatistics:
Stores         1058
LookupAttempt  88103
LookupSuccess  5753
Collisions     0

67266 info: *** Player move: h3
<= 
<
>genmove w
<= h1
<
>play b i1
e1fd7 info: PlayAndSolve: Building VCs to avoid race condition.
e1fd7 info: PlayAndSolve: Continuing on as usual.
67266 info: *** SolverThread ***
6f276 info: *** PlayerThread ***
6f276 info: Captured cells caused win! Removing...
67266 info: 
MID calls      0
VC builds      1
Terminal       1
Work           1
Wasted Work    0 (0%)
Elapsed Time   0.002334
MIDs/sec       0
VCs/sec        428.449
Cnt prune sib  0
Avg prune sib  -
Consider Size  -
Move Index     -
Move Percent   -
Delta Increase -
Winner         black
PV             

HashTableStatistics:
Stores         1059
LookupAttempt  88109
LookupSuccess  5756
Collisions     0

6f276 info: Opponent has won; playing most blocking move.
6f276 info: *** Player move: h1
<= 
<
>genmove w
<= resign
<
>final_score
<= B+
<
>quit
<= 
<
