# nice ../build/src/mohex/mohex --config mohex-weak.htp --seed 584373 --logfile-name jobs/11x11-mohex-mohex-weak-vs-mohex-mohex-cg2010/mohex-mohex-weak-22.log
>boardsize 11 11
<= 
<
>name
MoHex 2.0.CMake Mar 21 2025
Copyright (C) 2007-2012 by the authors of the Benzene project.
This program comes with ABSOLUTELY NO WARRANTY. This is
free software and you are welcome to redistribute it under
certain conditions. Type `benzene-license' for details.

SgRandom::SetSeed: 584373
SgUctSearch: system memory 33632358400, using 1000000000 (5681818 nodes)
SgRandom::SetSeed: 1
SgRandom::SetSeed: 584373
a6df7 info: Prior Patterns:
a6df7 info: Global:
a6df7 info: Size            = 565 32648 
a6df7 info: TableEntries    = 65932 65910
a6df7 info: MirrorsAdded    = 0 0
a6df7 info: PrunableCount   = 30593 30629
a6df7 info: LargestGamma    = 5820.77
a6df7 info: SmallestGamma   = 6.6e-05
a6df7 info: Local:
a6df7 info: Size            = 550 5318 
a6df7 info: TableEntries    = 11602 11588
a6df7 info: MirrorsAdded    = 0 0
a6df7 info: PrunableCount   = 3659 3667
a6df7 info: LargestGamma    = 11281.8
a6df7 info: SmallestGamma   = 0.026235
a6df7 info: Playout Patterns:
a6df7 info: Global:
a6df7 info: Size            = 565 32648 
a6df7 info: TableEntries    = 70329 70329
a6df7 info: MirrorsAdded    = 4397 4419
a6df7 info: PrunableCount   = 30593 30629
a6df7 info: LargestGamma    = 5820.77
a6df7 info: SmallestGamma   = 6.6e-05
a6df7 info: Local:
a6df7 info: Size            = 550 5318 
a6df7 info: TableEntries    = 11602 11588
a6df7 info: MirrorsAdded    = 0 0
a6df7 info: PrunableCount   = 3659 3667
a6df7 info: LargestGamma    = 11281.8
a6df7 info: SmallestGamma   = 0.026235
param_game allow_swap 1
= 

param_mohex max_memory 1600000
= 

param_mohex num_threads 1
= 

param_mohex max_time 1
= 

param_mohex max_games 1
= 

param_mohex knowledge_threshold 400
= 

param_mohex reuse_subtree 1
= 

param_mohex use_parallel_solver 1
= 

<= MoHex
<
>version
<= 2.0.CMake
<
>play b b1
<= 
<
>showboard
<= 
< 
<  f259d8ebdc456140
<  a  b  c  d  e  f  g  h  i  j  k  
< 1\.  B  .  .  .  .  .  .  .  .  .\1
<  2\.  .  .  .  .  .  .  .  .  .  .\2
<   3\.  .  .  .  .  .  .  .  .  .  .\3
<    4\.  .  .  .  .  .  .  .  .  .  .\4
<     5\.  .  .  .  .  .  .  .  .  .  .\5
<      6\.  .  .  .  .  .  .  .  .  .  .\6
<       7\.  .  .  .  .  .  .  .  .  .  .\7
<        8\.  .  .  .  .  .  .  .  .  .  .\8
<         9\.  .  .  .  .  .  .  .  .  .  .\9
<         10\.  .  .  .  .  .  .  .  .  .  .\10
<          11\.  .  .  .  .  .  .  .  .  .  .\11
<              a  b  c  d  e  f  g  h  i  j  k  
<
>play w e3
<= 
<
>showboard
<= 
< 
<  1c1d794c9d49c29a
<  a  b  c  d  e  f  g  h  i  j  k  
< 1\.  B  .  .  .  .  .  .  .  .  .\1
<  2\.  .  .  .  .  .  .  .  .  .  .\2
<   3\.  .  .  .  W  .  .  .  .  .  .\3
<    4\.  .  .  .  .  .  .  .  .  .  .\4
<     5\.  .  .  .  .  .  .  .  .  .  .\5
<      6\.  .  .  .  .  .  .  .  .  .  .\6
<       7\.  .  .  .  .  .  .  .  .  .  .\7
<        8\.  .  .  .  .  .  .  .  .  .  .\8
<         9\.  .  .  .  .  .  .  .  .  .  .\9
<         10\.  .  .  .  .  .  .  .  .  .  .\10
<          11\.  .  .  .  .  .  .  .  .  .  .\11
<              a  b  c  d  e  f  g  h  i  j  k  
<
>genmove b
<= f3
<
>showboard
a6df7 info: PlayAndSolve: Building VCs to avoid race condition.
a6df7 info: PlayAndSolve: Continuing on as usual.
34096 info: *** PlayerThread ***
2c086 info: *** SolverThread ***
34096 info: Best move cannot be determined, must search state.
34096 info: --- MoHexPlayer::Search() ---
34096 info: Color: black
34096 info: MaxGames: 1
34096 info: NumberThreads: 1
34096 info: MaxNodes: 9090 (799920 bytes)
34096 info: TimeForMove: 1
34096 info: PreSearch: max time reached (48/92).
34096 info: Time for PreSearch: 0.200473s
34096 info: 
  1c1d794c9d49c29a
  a  b  c  d  e  f  g  h  i  j  k  
 1\b  B  .  .  .  .  .  .  .  .  .\1
  2\.  *  *  *  .  .  *  *  *  *  *\2
   3\*  *  *  *  W  *  *  *  *  *  *\3
    4\*  *  *  *  *  *  *  *  *  *  *\4
     5\*  *  *  *  *  *  *  *  *  *  *\5
      6\*  *  *  *  *  *  *  *  *  *  *\6
       7\*  *  *  *  *  *  *  *  *  *  *\7
        8\*  *  *  *  *  *  *  *  *  *  *\8
         9\*  *  *  *  *  *  *  *  *  *  .\9
         10\*  *  *  *  *  *  *  *  *  .  .\10
          11\.  .  .  .  .  .  .  .  .  .  .\11
              a  b  c  d  e  f  g  h  i  j  k  
34096 info: No subtree to reuse.
34096 info: Creating thread 0
34096 info: StartSearch()[0]
SgUctSearch: max games reached
34096 info: 
Elapsed Time   0.373035s
Count          1
GamesPlayed    1
Nodes          1
Knowledge      0 (0.0%)
Expansions     0.0
Time           0.00
GameLen        118.0 dev=0.0 min=118.0 max=118.0
InTree         0.0 dev=0.0 min=0.0 max=0.0
KnowDepth      -
Aborted        0%
Games/s        437.1
Score          0.00
Sequence      
34096 info: 
34096 warning: **** MoHexSearch returned empty sequence!
34096 warning: **** Returning random move!
34096 info: *** Player move: f3
24076 info: DfpnSolver::CheckAbort(): Abort flag!
2c086 info: 
MID calls      44
VC builds      43
Terminal       0
Work           44
Wasted Work    0 (0%)
Elapsed Time   0.39001
MIDs/sec       112.818
VCs/sec        110.254
Cnt prune sib  0
Avg prune sib  -
Consider Size  87.6512 dev=4.05155 min=80 max=92
Move Index     -
Move Percent   -
Delta Increase 2.95349 dev=11.9124 min=1 max=80
Winner         empty
PV             g2 i4 g5

HashTableStatistics:
Stores         112
LookupAttempt  12569
LookupSuccess  722
Collisions     0

2c086 info: Search aborted.
<= 
< 
<  96a3e4ca1037b2b1
<  a  b  c  d  e  f  g  h  i  j  k  
< 1\.  B  .  .  .  .  .  .  .  .  .\1
<  2\.  .  .  .  .  .  .  .  .  .  .\2
<   3\.  .  .  .  W  B  .  .  .  .  .\3
<    4\.  .  .  .  .  .  .  .  .  .  .\4
<     5\.  .  .  .  .  .  .  .  .  .  .\5
<      6\.  .  .  .  .  .  .  .  .  .  .\6
<       7\.  .  .  .  .  .  .  .  .  .  .\7
<        8\.  .  .  .  .  .  .  .  .  .  .\8
<         9\.  .  .  .  .  .  .  .  .  .  .\9
<         10\.  .  .  .  .  .  .  .  .  .  .\10
<          11\.  .  .  .  .  .  .  .  .  .  .\11
<              a  b  c  d  e  f  g  h  i  j  k  
<
>play w b11
<= 
<
>showboard
<= 
< 
<  58dfb8ff3e3774b2
<  a  b  c  d  e  f  g  h  i  j  k  
< 1\.  B  .  .  .  .  .  .  .  .  .\1
<  2\.  .  .  .  .  .  .  .  .  .  .\2
<   3\.  .  .  .  W  B  .  .  .  .  .\3
<    4\.  .  .  .  .  .  .  .  .  .  .\4
<     5\.  .  .  .  .  .  .  .  .  .  .\5
<      6\.  .  .  .  .  .  .  .  .  .  .\6
<       7\.  .  .  .  .  .  .  .  .  .  .\7
<        8\.  .  .  .  .  .  .  .  .  .  .\8
<         9\.  .  .  .  .  .  .  .  .  .  .\9
<         10\.  .  .  .  .  .  .  .  .  .  .\10
<          11\.  W  .  .  .  .  .  .  .  .  .\11
<              a  b  c  d  e  f  g  h  i  j  k  
<
>genmove b
<= i9
<
>showboard
a6df7 info: PlayAndSolve: Building VCs to avoid race condition.
a6df7 info: PlayAndSolve: Continuing on as usual.
2c086 info: *** PlayerThread ***
34096 info: *** SolverThread ***
2c086 info: Best move cannot be determined, must search state.
2c086 info: --- MoHexPlayer::Search() ---
2c086 info: Color: black
2c086 info: MaxGames: 1
2c086 info: NumberThreads: 1
2c086 info: MaxNodes: 9090 (799920 bytes)
2c086 info: TimeForMove: 1
2c086 info: PreSearch: max time reached (52/92).
2c086 info: Time for PreSearch: 0.201856s
2c086 info: 
  58dfb8ff3e3774b2
  a  b  c  d  e  f  g  h  i  j  k  
 1\b  B  .  .  .  .  .  .  .  .  .\1
  2\.  *  *  *  .  *  .  *  *  *  *\2
   3\*  *  *  *  W  B  *  *  *  *  *\3
    4\*  *  *  *  *  *  *  *  *  *  *\4
     5\*  *  *  *  *  *  *  *  *  *  *\5
      6\*  *  *  *  *  *  *  *  *  *  *\6
       7\*  *  *  *  *  *  *  *  *  *  *\7
        8\*  *  *  *  *  *  *  *  *  *  *\8
         9\*  *  *  *  *  *  *  *  *  *  .\9
         10\*  *  *  *  *  *  *  *  *  .  .\10
          11\*  W  .  .  .  .  .  .  .  .  .\11
              a  b  c  d  e  f  g  h  i  j  k  
2c086 info: Old: [black, b1] [white, e3] 
2c086 info: New: [black, b1] [white, e3] [black, f3] [white, b11] 
2c086 info: MovesPlayed: [black, f3] [white, b11] 
2c086 info: No subtree to reuse.
2c086 info: StartSearch()[0]
SgUctSearch: max games reached
2c086 info: 
Elapsed Time   0.354259s
Count          1
GamesPlayed    1
Nodes          1
Knowledge      0 (0.0%)
Expansions     0.0
Time           0.00
GameLen        116.0 dev=0.0 min=116.0 max=116.0
InTree         0.0 dev=0.0 min=0.0 max=0.0
KnowDepth      -
Aborted        0%
Games/s        2985.1
Score          0.00
Sequence      
2c086 info: 
2c086 warning: **** MoHexSearch returned empty sequence!
2c086 warning: **** Returning random move!
2c086 info: *** Player move: i9
24076 info: DfpnSolver::CheckAbort(): Abort flag!
34096 info: 
MID calls      43
VC builds      42
Terminal       0
Work           43
Wasted Work    0 (0%)
Elapsed Time   0.369164
MIDs/sec       116.479
VCs/sec        113.771
Cnt prune sib  0
Avg prune sib  -
Consider Size  88.8572 dev=1.55121 min=84 max=92
Move Index     -
Move Percent   -
Delta Increase 3 dev=12.651 min=1 max=84
Winner         empty
PV             e10 g8 e9

HashTableStatistics:
Stores         222
LookupAttempt  25103
LookupSuccess  1443
Collisions     0

34096 info: Search aborted.
<= 
< 
<  dc4270c14c4a69cb
<  a  b  c  d  e  f  g  h  i  j  k  
< 1\.  B  .  .  .  .  .  .  .  .  .\1
<  2\.  .  .  .  .  .  .  .  .  .  .\2
<   3\.  .  .  .  W  B  .  .  .  .  .\3
<    4\.  .  .  .  .  .  .  .  .  .  .\4
<     5\.  .  .  .  .  .  .  .  .  .  .\5
<      6\.  .  .  .  .  .  .  .  .  .  .\6
<       7\.  .  .  .  .  .  .  .  .  .  .\7
<        8\.  .  .  .  .  .  .  .  .  .  .\8
<         9\.  .  .  .  .  .  .  .  B  .  .\9
<         10\.  .  .  .  .  .  .  .  .  .  .\10
<          11\.  W  .  .  .  .  .  .  .  .  .\11
<              a  b  c  d  e  f  g  h  i  j  k  
<
>play w k4
<= 
<
>showboard
<= 
< 
<  84b26e55f0275407
<  a  b  c  d  e  f  g  h  i  j  k  
< 1\.  B  .  .  .  .  .  .  .  .  .\1
<  2\.  .  .  .  .  .  .  .  .  .  .\2
<   3\.  .  .  .  W  B  .  .  .  .  .\3
<    4\.  .  .  .  .  .  .  .  .  .  W\4
<     5\.  .  .  .  .  .  .  .  .  .  .\5
<      6\.  .  .  .  .  .  .  .  .  .  .\6
<       7\.  .  .  .  .  .  .  .  .  .  .\7
<        8\.  .  .  .  .  .  .  .  .  .  .\8
<         9\.  .  .  .  .  .  .  .  B  .  .\9
<         10\.  .  .  .  .  .  .  .  .  .  .\10
<          11\.  W  .  .  .  .  .  .  .  .  .\11
<              a  b  c  d  e  f  g  h  i  j  k  
<
>genmove b
<= b8
<
>showboard
a6df7 info: PlayAndSolve: Building VCs to avoid race condition.
a6df7 info: PlayAndSolve: Continuing on as usual.
34096 info: *** PlayerThread ***
2c086 info: *** SolverThread ***
34096 info: Best move cannot be determined, must search state.
34096 info: --- MoHexPlayer::Search() ---
34096 info: Color: black
34096 info: MaxGames: 1
34096 info: NumberThreads: 1
34096 info: MaxNodes: 9090 (799920 bytes)
34096 info: TimeForMove: 1
34096 info: PreSearch: max time reached (45/87).
34096 info: Time for PreSearch: 0.202906s
34096 info: 
  84b26e55f0275407
  a  b  c  d  e  f  g  h  i  j  k  
 1\b  B  .  .  .  .  .  .  .  .  .\1
  2\.  *  *  *  .  *  .  *  *  *  *\2
   3\*  *  *  *  W  B  *  *  *  *  .\3
    4\*  *  *  *  *  *  *  *  *  *  W\4
     5\*  *  *  *  *  *  *  *  *  *  .\5
      6\*  *  *  *  *  *  *  *  *  *  *\6
       7\*  *  *  *  *  *  *  *  *  *  *\7
        8\*  *  *  *  *  *  *  *  *  *  *\8
         9\*  *  *  *  *  *  *  *  B  *  .\9
         10\*  *  *  *  *  *  *  *  .  .  .\10
          11\*  W  .  .  .  .  .  .  .  .  .\11
              a  b  c  d  e  f  g  h  i  j  k  
34096 info: Old: [black, b1] [white, e3] [black, f3] [white, b11] 
34096 info: New: [black, b1] [white, e3] [black, f3] [white, b11] [black, i9] [white, k4] 
34096 info: MovesPlayed: [black, i9] [white, k4] 
34096 info: No subtree to reuse.
34096 info: StartSearch()[0]
SgUctSearch: max games reached
34096 info: 
Elapsed Time   0.356644s
Count          1
GamesPlayed    1
Nodes          1
Knowledge      0 (0.0%)
Expansions     0.0
Time           0.00
GameLen        114.0 dev=0.0 min=114.0 max=114.0
InTree         0.0 dev=0.0 min=0.0 max=0.0
KnowDepth      -
Aborted        0%
Games/s        3484.3
Score          0.00
Sequence      
34096 info: 
34096 warning: **** MoHexSearch returned empty sequence!
34096 warning: **** Returning random move!
34096 info: *** Player move: b8
24076 info: DfpnSolver::CheckAbort(): Abort flag!
2c086 info: 
MID calls      43
VC builds      42
Terminal       0
Work           43
Wasted Work    0 (0%)
Elapsed Time   0.370671
MIDs/sec       116.006
VCs/sec        113.308
Cnt prune sib  0
Avg prune sib  -
Consider Size  85.9286 dev=2.09748 min=81 max=88
Move Index     -
Move Percent   -
Delta Increase 3.02381 dev=12.4985 min=1 max=83
Winner         empty
PV             d10 d9 f8

HashTableStatistics:
Stores         331
LookupAttempt  36712
LookupSuccess  2113
Collisions     0

2c086 info: Search aborted.
<= 
< 
<  dc7290bfb9263fab
<  a  b  c  d  e  f  g  h  i  j  k  
< 1\.  B  .  .  .  .  .  .  .  .  .\1
<  2\.  .  .  .  .  .  .  .  .  .  .\2
<   3\.  .  .  .  W  B  .  .  .  .  .\3
<    4\.  .  .  .  .  .  .  .  .  .  W\4
<     5\.  .  .  .  .  .  .  .  .  .  .\5
<      6\.  .  .  .  .  .  .  .  .  .  .\6
<       7\.  .  .  .  .  .  .  .  .  .  .\7
<        8\.  B  .  .  .  .  .  .  .  .  .\8
<         9\.  .  .  .  .  .  .  .  B  .  .\9
<         10\.  .  .  .  .  .  .  .  .  .  .\10
<          11\.  W  .  .  .  .  .  .  .  .  .\11
<              a  b  c  d  e  f  g  h  i  j  k  
<
>play w d3
<= 
<
>showboard
<= 
< 
<  7c7395255b2cc8c1
<  a  b  c  d  e  f  g  h  i  j  k  
< 1\.  B  .  .  .  .  .  .  .  .  .\1
<  2\.  .  .  .  .  .  .  .  .  .  .\2
<   3\.  .  .  W  W  B  .  .  .  .  .\3
<    4\.  .  .  .  .  .  .  .  .  .  W\4
<     5\.  .  .  .  .  .  .  .  .  .  .\5
<      6\.  .  .  .  .  .  .  .  .  .  .\6
<       7\.  .  .  .  .  .  .  .  .  .  .\7
<        8\.  B  .  .  .  .  .  .  .  .  .\8
<         9\.  .  .  .  .  .  .  .  B  .  .\9
<         10\.  .  .  .  .  .  .  .  .  .  .\10
<          11\.  W  .  .  .  .  .  .  .  .  .\11
<              a  b  c  d  e  f  g  h  i  j  k  
<
>genmove b
<= j6
<
>showboard
a6df7 info: PlayAndSolve: Building VCs to avoid race condition.
a6df7 info: PlayAndSolve: Continuing on as usual.
2c086 info: *** PlayerThread ***
34096 info: *** SolverThread ***
2c086 info: Best move cannot be determined, must search state.
2c086 info: --- MoHexPlayer::Search() ---
2c086 info: Color: black
2c086 info: MaxGames: 1
2c086 info: NumberThreads: 1
2c086 info: MaxNodes: 9090 (799920 bytes)
2c086 info: TimeForMove: 1
2c086 info: PreSearch: max time reached (45/83).
2c086 info: Time for PreSearch: 0.200923s
2c086 info: 
  7c7395255b2cc8c1
  a  b  c  d  e  f  g  h  i  j  k  
 1\b  B  .  .  .  .  .  .  .  .  .\1
  2\.  *  *  .  .  *  .  *  *  *  *\2
   3\*  *  *  W  W  B  *  *  *  *  .\3
    4\*  *  *  *  *  *  *  *  *  *  W\4
     5\*  *  *  *  *  *  *  *  *  *  .\5
      6\*  *  *  *  *  *  *  *  *  *  *\6
       7\*  *  *  *  *  *  *  *  *  *  *\7
        8\.  B  *  *  *  *  *  *  *  *  *\8
         9\.  *  *  *  *  *  *  *  B  *  .\9
         10\*  *  *  *  *  *  *  *  .  .  .\10
          11\*  W  .  .  .  .  .  .  .  .  .\11
              a  b  c  d  e  f  g  h  i  j  k  
2c086 info: Old: [black, b1] [white, e3] [black, f3] [white, b11] [black, i9] [white, k4] 
2c086 info: New: [black, b1] [white, e3] [black, f3] [white, b11] [black, i9] [white, k4] [black, b8] [white, d3] 
2c086 info: MovesPlayed: [black, b8] [white, d3] 
2c086 info: No subtree to reuse.
2c086 info: StartSearch()[0]
SgUctSearch: max games reached
2c086 info: 
Elapsed Time   0.377997s
Count          1
GamesPlayed    1
Nodes          1
Knowledge      0 (0.0%)
Expansions     0.0
Time           0.00
GameLen        112.0 dev=0.0 min=112.0 max=112.0
InTree         0.0 dev=0.0 min=0.0 max=0.0
KnowDepth      -
Aborted        0%
Games/s        3154.6
Score          1.00
Sequence      
2c086 info: 
2c086 warning: **** MoHexSearch returned empty sequence!
2c086 warning: **** Returning random move!
2c086 info: *** Player move: j6
24076 info: DfpnSolver::CheckAbort(): Abort flag!
34096 info: 
MID calls      42
VC builds      41
Terminal       0
Work           42
Wasted Work    0 (0%)
Elapsed Time   0.389963
MIDs/sec       107.703
VCs/sec        105.138
Cnt prune sib  0
Avg prune sib  -
Consider Size  81.2439 dev=1.72187 min=77 max=83
Move Index     -
Move Percent   -
Delta Increase 2.95122 dev=11.8753 min=1 max=78
Winner         empty
PV             d10 g7 e8

HashTableStatistics:
Stores         437
LookupAttempt  47365
LookupSuccess  2733
Collisions     0

34096 info: Search aborted.
<= 
< 
<  6f520ca099bd1460
<  a  b  c  d  e  f  g  h  i  j  k  
< 1\.  B  .  .  .  .  .  .  .  .  .\1
<  2\.  .  .  .  .  .  .  .  .  .  .\2
<   3\.  .  .  W  W  B  .  .  .  .  .\3
<    4\.  .  .  .  .  .  .  .  .  .  W\4
<     5\.  .  .  .  .  .  .  .  .  .  .\5
<      6\.  .  .  .  .  .  .  .  .  B  .\6
<       7\.  .  .  .  .  .  .  .  .  .  .\7
<        8\.  B  .  .  .  .  .  .  .  .  .\8
<         9\.  .  .  .  .  .  .  .  B  .  .\9
<         10\.  .  .  .  .  .  .  .  .  .  .\10
<          11\.  W  .  .  .  .  .  .  .  .  .\11
<              a  b  c  d  e  f  g  h  i  j  k  
<
>play w a3
<= 
<
>showboard
<= 
< 
<  26cb757796d39c8e
<  a  b  c  d  e  f  g  h  i  j  k  
< 1\.  B  .  .  .  .  .  .  .  .  .\1
<  2\.  .  .  .  .  .  .  .  .  .  .\2
<   3\W  .  .  W  W  B  .  .  .  .  .\3
<    4\.  .  .  .  .  .  .  .  .  .  W\4
<     5\.  .  .  .  .  .  .  .  .  .  .\5
<      6\.  .  .  .  .  .  .  .  .  B  .\6
<       7\.  .  .  .  .  .  .  .  .  .  .\7
<        8\.  B  .  .  .  .  .  .  .  .  .\8
<         9\.  .  .  .  .  .  .  .  B  .  .\9
<         10\.  .  .  .  .  .  .  .  .  .  .\10
<          11\.  W  .  .  .  .  .  .  .  .  .\11
<              a  b  c  d  e  f  g  h  i  j  k  
<
>genmove b
<= b5
<
>showboard
a6df7 info: PlayAndSolve: Building VCs to avoid race condition.
a6df7 info: PlayAndSolve: Continuing on as usual.
34096 info: *** PlayerThread ***
2c086 info: *** SolverThread ***
34096 info: Best move cannot be determined, must search state.
34096 info: --- MoHexPlayer::Search() ---
34096 info: Color: black
34096 info: MaxGames: 1
34096 info: NumberThreads: 1
34096 info: MaxNodes: 9090 (799920 bytes)
34096 info: TimeForMove: 1
34096 info: PreSearch: max time reached (49/78).
34096 info: Time for PreSearch: 0.202695s
34096 info: 
  26cb757796d39c8e
  a  b  c  d  e  f  g  h  i  j  k  
 1\b  B  b  .  .  .  .  .  .  .  .\1
  2\b  .  *  .  .  *  .  *  *  *  *\2
   3\W  *  *  W  W  B  *  *  *  *  .\3
    4\.  *  *  *  *  *  *  *  *  *  W\4
     5\*  *  *  *  *  *  *  *  *  *  b\5
      6\*  *  *  *  *  *  *  *  *  B  .\6
       7\*  *  *  *  *  *  *  *  *  *  *\7
        8\.  B  *  *  *  *  *  *  *  *  *\8
         9\.  *  *  *  *  *  *  *  B  *  .\9
         10\*  *  *  *  *  *  *  *  .  .  .\10
          11\*  W  .  .  .  .  .  .  .  .  .\11
              a  b  c  d  e  f  g  h  i  j  k  
34096 info: Old: [black, b1] [white, e3] [black, f3] [white, b11] [black, i9] [white, k4] [black, b8] [white, d3] 
34096 info: New: [black, b1] [white, e3] [black, f3] [white, b11] [black, i9] [white, k4] [black, b8] [white, d3] [black, j6] [white, a3] 
34096 info: MovesPlayed: [black, j6] [white, a3] 
34096 info: No subtree to reuse.
34096 info: StartSearch()[0]
SgUctSearch: max games reached
34096 info: 
Elapsed Time   0.357844s
Count          1
GamesPlayed    1
Nodes          1
Knowledge      0 (0.0%)
Expansions     0.0
Time           0.00
GameLen        107.0 dev=0.0 min=107.0 max=107.0
InTree         0.0 dev=0.0 min=0.0 max=0.0
KnowDepth      -
Aborted        0%
Games/s        3558.7
Score          1.00
Sequence      
34096 info: 
34096 warning: **** MoHexSearch returned empty sequence!
34096 warning: **** Returning random move!
34096 info: *** Player move: b5
24076 info: DfpnSolver::CheckAbort(): Abort flag!
2c086 info: 
MID calls      49
VC builds      48
Terminal       1
Work           50
Wasted Work    0 (0%)
Elapsed Time   0.370099
MIDs/sec       132.397
VCs/sec        129.695
Cnt prune sib  1
Avg prune sib  1 dev=0 min=1 max=1
Consider Size  59.3404 dev=21.9062 min=19 max=80
Move Index     -
Move Percent   -
Delta Increase 2.95918 dev=10.0366 min=1 max=68
Winner         empty
PV             i5 j7 f5 h8

HashTableStatistics:
Stores         557
LookupAttempt  56761
LookupSuccess  3315
Collisions     0

2c086 info: Search aborted.
<= 
< 
<  89386c1cbed23be0
<  a  b  c  d  e  f  g  h  i  j  k  
< 1\.  B  .  .  .  .  .  .  .  .  .\1
<  2\.  .  .  .  .  .  .  .  .  .  .\2
<   3\W  .  .  W  W  B  .  .  .  .  .\3
<    4\.  .  .  .  .  .  .  .  .  .  W\4
<     5\.  B  .  .  .  .  .  .  .  .  .\5
<      6\.  .  .  .  .  .  .  .  .  B  .\6
<       7\.  .  .  .  .  .  .  .  .  .  .\7
<        8\.  B  .  .  .  .  .  .  .  .  .\8
<         9\.  .  .  .  .  .  .  .  B  .  .\9
<         10\.  .  .  .  .  .  .  .  .  .  .\10
<          11\.  W  .  .  .  .  .  .  .  .  .\11
<              a  b  c  d  e  f  g  h  i  j  k  
<
>play w i3
<= 
<
>showboard
<= 
< 
<  4c406f6690819e03
<  a  b  c  d  e  f  g  h  i  j  k  
< 1\.  B  .  .  .  .  .  .  .  .  .\1
<  2\.  .  .  .  .  .  .  .  .  .  .\2
<   3\W  .  .  W  W  B  .  .  W  .  .\3
<    4\.  .  .  .  .  .  .  .  .  .  W\4
<     5\.  B  .  .  .  .  .  .  .  .  .\5
<      6\.  .  .  .  .  .  .  .  .  B  .\6
<       7\.  .  .  .  .  .  .  .  .  .  .\7
<        8\.  B  .  .  .  .  .  .  .  .  .\8
<         9\.  .  .  .  .  .  .  .  B  .  .\9
<         10\.  .  .  .  .  .  .  .  .  .  .\10
<          11\.  W  .  .  .  .  .  .  .  .  .\11
<              a  b  c  d  e  f  g  h  i  j  k  
<
>genmove b
<= j9
<
>showboard
a6df7 info: PlayAndSolve: Building VCs to avoid race condition.
a6df7 info: PlayAndSolve: Continuing on as usual.
2c086 info: *** PlayerThread ***
34096 info: *** SolverThread ***
2c086 info: Best move cannot be determined, must search state.
2c086 info: --- MoHexPlayer::Search() ---
2c086 info: Color: black
2c086 info: MaxGames: 1
2c086 info: NumberThreads: 1
2c086 info: MaxNodes: 9090 (799920 bytes)
2c086 info: TimeForMove: 1
2c086 info: PreSearch: max time reached (52/73).
2c086 info: Time for PreSearch: 0.201919s
2c086 info: 
  4c406f6690819e03
  a  b  c  d  e  f  g  h  i  j  k  
 1\b  B  b  .  .  .  .  .  .  .  .\1
  2\b  .  *  .  .  *  .  *  .  *  *\2
   3\W  *  *  W  W  B  *  *  W  *  .\3
    4\w  *  *  *  *  *  *  *  *  *  W\4
     5\w  B  *  *  *  *  *  *  *  *  b\5
      6\.  *  *  *  *  *  *  *  *  B  .\6
       7\*  *  *  *  *  *  *  *  *  *  *\7
        8\.  B  *  *  *  *  *  *  *  *  *\8
         9\.  *  *  *  *  *  *  *  B  *  .\9
         10\*  *  *  *  *  *  *  *  .  .  .\10
          11\*  W  .  .  .  .  .  .  .  .  .\11
              a  b  c  d  e  f  g  h  i  j  k  
2c086 info: Old: [black, b1] [white, e3] [black, f3] [white, b11] [black, i9] [white, k4] [black, b8] [white, d3] [black, j6] [white, a3] 
2c086 info: New: [black, b1] [white, e3] [black, f3] [white, b11] [black, i9] [white, k4] [black, b8] [white, d3] [black, j6] [white, a3] [black, b5] [white, i3] 
2c086 info: MovesPlayed: [black, b5] [white, i3] 
2c086 info: No subtree to reuse.
2c086 info: StartSearch()[0]
SgUctSearch: max games reached
2c086 info: 
Elapsed Time   0.367039s
Count          1
GamesPlayed    1
Nodes          1
Knowledge      0 (0.0%)
Expansions     0.0
Time           0.00
GameLen        103.0 dev=0.0 min=103.0 max=103.0
InTree         0.0 dev=0.0 min=0.0 max=0.0
KnowDepth      -
Aborted        0%
Games/s        3322.3
Score          1.00
Sequence      
2c086 info: 
2c086 warning: **** MoHexSearch returned empty sequence!
2c086 warning: **** Returning random move!
2c086 info: *** Player move: j9
24076 info: DfpnSolver::CheckAbort(): Abort flag!
34096 info: 
MID calls      66
VC builds      63
Terminal       0
Work           66
Wasted Work    0 (0%)
Elapsed Time   0.378754
MIDs/sec       174.256
VCs/sec        166.335
Cnt prune sib  3
Avg prune sib  1 dev=0 min=1 max=1
Consider Size  65.4921 dev=12.5482 min=21 max=75
Move Index     -
Move Percent   -
Delta Increase 3.89231 dev=12.0283 min=1 max=69
Winner         empty
PV             h4 i4 f2 h5

HashTableStatistics:
Stores         708
LookupAttempt  66845
LookupSuccess  3866
Collisions     0

34096 info: Search aborted.
<= 
< 
<  132c1849c58f8bbd
<  a  b  c  d  e  f  g  h  i  j  k  
< 1\.  B  .  .  .  .  .  .  .  .  .\1
<  2\.  .  .  .  .  .  .  .  .  .  .\2
<   3\W  .  .  W  W  B  .  .  W  .  .\3
<    4\.  .  .  .  .  .  .  .  .  .  W\4
<     5\.  B  .  .  .  .  .  .  .  .  .\5
<      6\.  .  .  .  .  .  .  .  .  B  .\6
<       7\.  .  .  .  .  .  .  .  .  .  .\7
<        8\.  B  .  .  .  .  .  .  .  .  .\8
<         9\.  .  .  .  .  .  .  .  B  B  .\9
<         10\.  .  .  .  .  .  .  .  .  .  .\10
<          11\.  W  .  .  .  .  .  .  .  .  .\11
<              a  b  c  d  e  f  g  h  i  j  k  
<
>play w d10
<= 
<
>showboard
<= 
< 
<  0eafc6f65a84d8b0
<  a  b  c  d  e  f  g  h  i  j  k  
< 1\.  B  .  .  .  .  .  .  .  .  .\1
<  2\.  .  .  .  .  .  .  .  .  .  .\2
<   3\W  .  .  W  W  B  .  .  W  .  .\3
<    4\.  .  .  .  .  .  .  .  .  .  W\4
<     5\.  B  .  .  .  .  .  .  .  .  .\5
<      6\.  .  .  .  .  .  .  .  .  B  .\6
<       7\.  .  .  .  .  .  .  .  .  .  .\7
<        8\.  B  .  .  .  .  .  .  .  .  .\8
<         9\.  .  .  .  .  .  .  .  B  B  .\9
<         10\.  .  .  W  .  .  .  .  .  .  .\10
<          11\.  W  .  .  .  .  .  .  .  .  .\11
<              a  b  c  d  e  f  g  h  i  j  k  
<
>genmove b
<= i4
<
>showboard
a6df7 info: PlayAndSolve: Building VCs to avoid race condition.
a6df7 info: PlayAndSolve: Continuing on as usual.
34096 info: *** PlayerThread ***
2c086 info: *** SolverThread ***
34096 info: Best move cannot be determined, must search state.
34096 info: --- MoHexPlayer::Search() ---
34096 info: Color: black
34096 info: MaxGames: 1
34096 info: NumberThreads: 1
34096 info: MaxNodes: 9090 (799920 bytes)
34096 info: TimeForMove: 1
34096 info: PreSearch: max time reached (51/69).
34096 info: Time for PreSearch: 0.202807s
34096 info: 
  0eafc6f65a84d8b0
  a  b  c  d  e  f  g  h  i  j  k  
 1\b  B  b  .  .  .  .  .  .  .  .\1
  2\b  .  *  .  .  *  .  *  .  *  *\2
   3\W  *  *  W  W  B  *  *  W  *  .\3
    4\w  *  *  *  *  *  *  *  *  *  W\4
     5\w  B  *  *  *  *  *  *  *  *  b\5
      6\.  *  *  *  *  *  *  *  *  B  .\6
       7\*  *  *  *  *  *  *  *  *  *  *\7
        8\.  B  *  *  *  *  *  *  *  .  .\8
         9\.  *  *  *  *  *  *  *  B  B  .\9
         10\*  *  *  W  *  *  *  *  .  .  .\10
          11\*  W  .  .  .  .  .  .  .  .  .\11
              a  b  c  d  e  f  g  h  i  j  k  
34096 info: Old: [black, b1] [white, e3] [black, f3] [white, b11] [black, i9] [white, k4] [black, b8] [white, d3] [black, j6] [white, a3] [black, b5] [white, i3] 
34096 info: New: [black, b1] [white, e3] [black, f3] [white, b11] [black, i9] [white, k4] [black, b8] [white, d3] [black, j6] [white, a3] [black, b5] [white, i3] [black, j9] [white, d10] 
34096 info: MovesPlayed: [black, j9] [white, d10] 
34096 info: No subtree to reuse.
34096 info: StartSearch()[0]
SgUctSearch: max games reached
34096 info: 
Elapsed Time   0.363649s
Count          1
GamesPlayed    1
Nodes          1
Knowledge      0 (0.0%)
Expansions     0.0
Time           0.00
GameLen        101.0 dev=0.0 min=101.0 max=101.0
InTree         0.0 dev=0.0 min=0.0 max=0.0
KnowDepth      -
Aborted        0%
Games/s        2427.2
Score          0.00
Sequence      
34096 info: 
34096 warning: **** MoHexSearch returned empty sequence!
34096 warning: **** Returning random move!
34096 info: *** Player move: i4
24076 info: DfpnSolver::CheckAbort(): Abort flag!
2c086 info: 
MID calls      53
VC builds      50
Terminal       0
Work           53
Wasted Work    0 (0%)
Elapsed Time   0.37414
MIDs/sec       141.658
VCs/sec        133.64
Cnt prune sib  1
Avg prune sib  1 dev=0 min=1 max=1
Consider Size  57.08 dev=15.3634 min=16 max=70
Move Index     -
Move Percent   -
Delta Increase 2.92308 dev=8.98684 min=1 max=59
Winner         empty
PV             h4 g4 h3

HashTableStatistics:
Stores         833
LookupAttempt  75085
LookupSuccess  4362
Collisions     0

2c086 info: Search aborted.
<= 
< 
<  5879d30d5f7f4c2d
<  a  b  c  d  e  f  g  h  i  j  k  
< 1\.  B  .  .  .  .  .  .  .  .  .\1
<  2\.  .  .  .  .  .  .  .  .  .  .\2
<   3\W  .  .  W  W  B  .  .  W  .  .\3
<    4\.  .  .  .  .  .  .  .  B  .  W\4
<     5\.  B  .  .  .  .  .  .  .  .  .\5
<      6\.  .  .  .  .  .  .  .  .  B  .\6
<       7\.  .  .  .  .  .  .  .  .  .  .\7
<        8\.  B  .  .  .  .  .  .  .  .  .\8
<         9\.  .  .  .  .  .  .  .  B  B  .\9
<         10\.  .  .  W  .  .  .  .  .  .  .\10
<          11\.  W  .  .  .  .  .  .  .  .  .\11
<              a  b  c  d  e  f  g  h  i  j  k  
<
>play w g2
<= 
<
>showboard
<= 
< 
<  c14b55c476f5c445
<  a  b  c  d  e  f  g  h  i  j  k  
< 1\.  B  .  .  .  .  .  .  .  .  .\1
<  2\.  .  .  .  .  .  W  .  .  .  .\2
<   3\W  .  .  W  W  B  .  .  W  .  .\3
<    4\.  .  .  .  .  .  .  .  B  .  W\4
<     5\.  B  .  .  .  .  .  .  .  .  .\5
<      6\.  .  .  .  .  .  .  .  .  B  .\6
<       7\.  .  .  .  .  .  .  .  .  .  .\7
<        8\.  B  .  .  .  .  .  .  .  .  .\8
<         9\.  .  .  .  .  .  .  .  B  B  .\9
<         10\.  .  .  W  .  .  .  .  .  .  .\10
<          11\.  W  .  .  .  .  .  .  .  .  .\11
<              a  b  c  d  e  f  g  h  i  j  k  
<
>genmove b
<= f4
<
>showboard
a6df7 info: PlayAndSolve: Building VCs to avoid race condition.
a6df7 info: PlayAndSolve: Continuing on as usual.
2c086 info: *** PlayerThread ***
34096 info: *** SolverThread ***
2c086 info: Best move cannot be determined, must search state.
2c086 info: --- MoHexPlayer::Search() ---
2c086 info: Color: black
2c086 info: MaxGames: 1
2c086 info: NumberThreads: 1
2c086 info: MaxNodes: 9090 (799920 bytes)
2c086 info: TimeForMove: 1
2c086 info: PreSearch: max time reached (43/68).
2c086 info: Time for PreSearch: 0.202676s
2c086 info: 
  c14b55c476f5c445
  a  b  c  d  e  f  g  h  i  j  k  
 1\b  B  b  .  .  .  .  .  .  .  .\1
  2\b  .  *  .  .  *  W  *  .  *  *\2
   3\W  *  *  W  W  B  *  *  W  *  .\3
    4\w  *  *  *  *  *  *  *  B  *  W\4
     5\w  B  *  *  *  *  *  *  *  *  b\5
      6\.  *  *  *  *  *  *  *  *  B  .\6
       7\*  *  *  *  *  *  *  *  *  *  *\7
        8\.  B  *  *  *  *  *  *  *  .  .\8
         9\.  *  *  *  *  *  *  *  B  B  .\9
         10\*  *  *  W  *  *  *  *  .  .  .\10
          11\*  W  .  .  .  .  .  .  .  .  .\11
              a  b  c  d  e  f  g  h  i  j  k  
2c086 info: Old: [black, b1] [white, e3] [black, f3] [white, b11] [black, i9] [white, k4] [black, b8] [white, d3] [black, j6] [white, a3] [black, b5] [white, i3] [black, j9] [white, d10] 
2c086 info: New: [black, b1] [white, e3] [black, f3] [white, b11] [black, i9] [white, k4] [black, b8] [white, d3] [black, j6] [white, a3] [black, b5] [white, i3] [black, j9] [white, d10] [black, i4] [white, g2] 
2c086 info: MovesPlayed: [black, i4] [white, g2] 
2c086 info: No subtree to reuse.
2c086 info: StartSearch()[0]
SgUctSearch: max games reached
2c086 info: 
Elapsed Time   0.35357s
Count          1
GamesPlayed    1
Nodes          1
Knowledge      0 (0.0%)
Expansions     0.0
Time           0.00
GameLen        99.0 dev=0.0 min=99.0 max=99.0
InTree         0.0 dev=0.0 min=0.0 max=0.0
KnowDepth      -
Aborted        0%
Games/s        3861.0
Score          0.00
Sequence      
2c086 info: 
2c086 warning: **** MoHexSearch returned empty sequence!
2c086 warning: **** Returning random move!
2c086 info: *** Player move: f4
24076 info: DfpnSolver::CheckAbort(): Abort flag!
34096 info: 
MID calls      62
VC builds      58
Terminal       0
Work           62
Wasted Work    0 (0%)
Elapsed Time   0.365017
MIDs/sec       169.855
VCs/sec        158.897
Cnt prune sib  3
Avg prune sib  1.66667 dev=0.942809 min=1 max=3
Consider Size  51.5172 dev=18.3653 min=15 max=68
Move Index     -
Move Percent   -
Delta Increase 3.2623 dev=9.25929 min=1 max=60
Winner         empty
PV             j2 h7 h4 i5

HashTableStatistics:
Stores         974
LookupAttempt  83142
LookupSuccess  4829
Collisions     0

34096 info: Search aborted.
<= 
< 
<  db956b829e61c725
<  a  b  c  d  e  f  g  h  i  j  k  
< 1\.  B  .  .  .  .  .  .  .  .  .\1
<  2\.  .  .  .  .  .  W  .  .  .  .\2
<   3\W  .  .  W  W  B  .  .  W  .  .\3
<    4\.  .  .  .  .  B  .  .  B  .  W\4
<     5\.  B  .  .  .  .  .  .  .  .  .\5
<      6\.  .  .  .  .  .  .  .  .  B  .\6
<       7\.  .  .  .  .  .  .  .  .  .  .\7
<        8\.  B  .  .  .  .  .  .  .  .  .\8
<         9\.  .  .  .  .  .  .  .  B  B  .\9
<         10\.  .  .  W  .  .  .  .  .  .  .\10
<          11\.  W  .  .  .  .  .  .  .  .  .\11
<              a  b  c  d  e  f  g  h  i  j  k  
<
>play w g6
<= 
<
>showboard
<= 
< 
<  bb4ea78d3e899f74
<  a  b  c  d  e  f  g  h  i  j  k  
< 1\.  B  .  .  .  .  .  .  .  .  .\1
<  2\.  .  .  .  .  .  W  .  .  .  .\2
<   3\W  .  .  W  W  B  .  .  W  .  .\3
<    4\.  .  .  .  .  B  .  .  B  .  W\4
<     5\.  B  .  .  .  .  .  .  .  .  .\5
<      6\.  .  .  .  .  .  W  .  .  B  .\6
<       7\.  .  .  .  .  .  .  .  .  .  .\7
<        8\.  B  .  .  .  .  .  .  .  .  .\8
<         9\.  .  .  .  .  .  .  .  B  B  .\9
<         10\.  .  .  W  .  .  .  .  .  .  .\10
<          11\.  W  .  .  .  .  .  .  .  .  .\11
<              a  b  c  d  e  f  g  h  i  j  k  
<
>genmove b
<= g5
<
>showboard
a6df7 info: PlayAndSolve: Building VCs to avoid race condition.
a6df7 info: PlayAndSolve: Continuing on as usual.
34096 info: *** PlayerThread ***
2c086 info: *** SolverThread ***
34096 info: Best move cannot be determined, must search state.
34096 info: --- MoHexPlayer::Search() ---
34096 info: Color: black
34096 info: MaxGames: 1
34096 info: NumberThreads: 1
34096 info: MaxNodes: 9090 (799920 bytes)
34096 info: TimeForMove: 1
34096 info: PreSearch: max time reached (60/66).
34096 info: Time for PreSearch: 0.200949s
34096 info: 
  bb4ea78d3e899f74
  a  b  c  d  e  f  g  h  i  j  k  
 1\b  B  b  .  .  .  .  .  .  .  .\1
  2\b  .  *  .  .  *  W  *  .  *  *\2
   3\W  *  *  W  W  B  *  *  W  *  .\3
    4\w  *  *  *  *  B  *  *  B  *  W\4
     5\w  B  *  *  *  *  *  *  *  *  b\5
      6\.  *  *  *  *  *  W  *  *  B  .\6
       7\*  *  *  *  *  *  *  *  *  .  *\7
        8\.  B  *  *  *  *  *  *  *  .  .\8
         9\.  *  *  *  *  *  *  *  B  B  .\9
         10\*  *  *  W  *  *  .  .  .  .  .\10
          11\*  W  .  .  .  .  .  .  .  .  .\11
              a  b  c  d  e  f  g  h  i  j  k  
34096 info: Old: [black, b1] [white, e3] [black, f3] [white, b11] [black, i9] [white, k4] [black, b8] [white, d3] [black, j6] [white, a3] [black, b5] [white, i3] [black, j9] [white, d10] [black, i4] [white, g2] 
34096 info: New: [black, b1] [white, e3] [black, f3] [white, b11] [black, i9] [white, k4] [black, b8] [white, d3] [black, j6] [white, a3] [black, b5] [white, i3] [black, j9] [white, d10] [black, i4] [white, g2] [black, f4] [white, g6] 
34096 info: MovesPlayed: [black, f4] [white, g6] 
34096 info: No subtree to reuse.
34096 info: StartSearch()[0]
SgUctSearch: max games reached
34096 info: 
Elapsed Time   0.418837s
Count          1
GamesPlayed    1
Nodes          1
Knowledge      0 (0.0%)
Expansions     0.0
Time           0.00
GameLen        97.0 dev=0.0 min=97.0 max=97.0
InTree         0.0 dev=0.0 min=0.0 max=0.0
KnowDepth      -
Aborted        0%
Games/s        2202.6
Score          1.00
Sequence      
34096 info: 
34096 warning: **** MoHexSearch returned empty sequence!
34096 warning: **** Returning random move!
34096 info: *** Player move: g5
24076 info: DfpnSolver::CheckAbort(): Abort flag!
2c086 info: 
MID calls      76
VC builds      71
Terminal       0
Work           76
Wasted Work    0 (0%)
Elapsed Time   0.430675
MIDs/sec       176.467
VCs/sec        164.857
Cnt prune sib  1
Avg prune sib  1 dev=0 min=1 max=1
Consider Size  49.3521 dev=15.6061 min=15 max=66
Move Index     -
Move Percent   -
Delta Increase 2.97333 dev=9.69945 min=1 max=59
Winner         empty
PV             h3 f2 h4

HashTableStatistics:
Stores         1146
LookupAttempt  92080
LookupSuccess  5388
Collisions     0

2c086 info: Search aborted.
<= 
< 
<  2383083b8e88d395
<  a  b  c  d  e  f  g  h  i  j  k  
< 1\.  B  .  .  .  .  .  .  .  .  .\1
<  2\.  .  .  .  .  .  W  .  .  .  .\2
<   3\W  .  .  W  W  B  .  .  W  .  .\3
<    4\.  .  .  .  .  B  .  .  B  .  W\4
<     5\.  B  .  .  .  .  B  .  .  .  .\5
<      6\.  .  .  .  .  .  W  .  .  B  .\6
<       7\.  .  .  .  .  .  .  .  .  .  .\7
<        8\.  B  .  .  .  .  .  .  .  .  .\8
<         9\.  .  .  .  .  .  .  .  B  B  .\9
<         10\.  .  .  W  .  .  .  .  .  .  .\10
<          11\.  W  .  .  .  .  .  .  .  .  .\11
<              a  b  c  d  e  f  g  h  i  j  k  
<
>play w c10
<= 
<
>showboard
<= 
< 
<  86c0bdb1a97f14dd
<  a  b  c  d  e  f  g  h  i  j  k  
< 1\.  B  .  .  .  .  .  .  .  .  .\1
<  2\.  .  .  .  .  .  W  .  .  .  .\2
<   3\W  .  .  W  W  B  .  .  W  .  .\3
<    4\.  .  .  .  .  B  .  .  B  .  W\4
<     5\.  B  .  .  .  .  B  .  .  .  .\5
<      6\.  .  .  .  .  .  W  .  .  B  .\6
<       7\.  .  .  .  .  .  .  .  .  .  .\7
<        8\.  B  .  .  .  .  .  .  .  .  .\8
<         9\.  .  .  .  .  .  .  .  B  B  .\9
<         10\.  .  W  W  .  .  .  .  .  .  .\10
<          11\.  W  .  .  .  .  .  .  .  .  .\11
<              a  b  c  d  e  f  g  h  i  j  k  
<
>genmove b
<= h5
<
>showboard
a6df7 info: PlayAndSolve: Building VCs to avoid race condition.
a6df7 info: PlayAndSolve: Continuing on as usual.
2c086 info: *** PlayerThread ***
34096 info: *** SolverThread ***
2c086 info: Best move cannot be determined, must search state.
2c086 info: --- MoHexPlayer::Search() ---
2c086 info: Color: black
2c086 info: MaxGames: 1
2c086 info: NumberThreads: 1
2c086 info: MaxNodes: 9090 (799920 bytes)
2c086 info: TimeForMove: 1
34096 info: 
MID calls      6
VC builds      7
Terminal       1
Work           7
Wasted Work    6 (85.7143%)
Elapsed Time   0.048487
MIDs/sec       123.745
VCs/sec        144.369
Cnt prune sib  1
Avg prune sib  1 dev=0 min=1 max=1
Consider Size  24.8333 dev=16.9058 min=11 max=62
Move Index     5 dev=0 min=5 max=5
Move Percent   0.0819672 dev=0 min=0.0819672 max=0.0819672
Delta Increase 1 dev=0 min=1 max=1
Winner         black
PV             h5

HashTableStatistics:
Stores         1165
LookupAttempt  93690
LookupSuccess  5446
Collisions     0

34096 info: *** FOUND WIN!!! ***
34096 info: PV: h5
2c086 info: PreSearch: max time reached (46/62).
2c086 info: Time for PreSearch: 0.202765s
2c086 info: 
  86c0bdb1a97f14dd
  a  b  c  d  e  f  g  h  i  j  k  
 1\b  B  b  .  .  .  .  .  .  .  .\1
  2\b  .  *  .  .  *  W  *  .  *  *\2
   3\W  *  *  W  W  B  *  *  W  *  .\3
    4\w  *  *  *  *  B  *  *  B  *  W\4
     5\w  B  *  *  *  *  B  *  *  *  b\5
      6\.  *  *  *  *  *  W  *  *  B  .\6
       7\*  *  *  *  *  *  *  *  *  .  *\7
        8\.  B  *  *  *  *  *  *  *  .  .\8
         9\.  *  *  *  *  *  *  *  B  B  .\9
         10\.  .  W  W  *  *  .  .  .  .  .\10
          11\*  W  b  .  .  .  .  .  .  .  .\11
              a  b  c  d  e  f  g  h  i  j  k  
2c086 info: Old: [black, b1] [white, e3] [black, f3] [white, b11] [black, i9] [white, k4] [black, b8] [white, d3] [black, j6] [white, a3] [black, b5] [white, i3] [black, j9] [white, d10] [black, i4] [white, g2] [black, f4] [white, g6] 
2c086 info: New: [black, b1] [white, e3] [black, f3] [white, b11] [black, i9] [white, k4] [black, b8] [white, d3] [black, j6] [white, a3] [black, b5] [white, i3] [black, j9] [white, d10] [black, i4] [white, g2] [black, f4] [white, g6] [black, g5] [white, c10] 
2c086 info: MovesPlayed: [black, g5] [white, c10] 
2c086 info: No subtree to reuse.
2c086 info: StartSearch()[0]
SgUctSearch: abort flag
2c086 info: 
Elapsed Time   0.346689s
Count          1
GamesPlayed    1
Nodes          1
Knowledge      0 (0.0%)
Expansions     0.0
Time           0.00
GameLen        94.0 dev=0.0 min=94.0 max=94.0
InTree         0.0 dev=0.0 min=0.0 max=0.0
KnowDepth      -
Aborted        0%
Games/s        3906.2
Score          1.00
Sequence      
2c086 info: 
2c086 warning: **** MoHexSearch returned empty sequence!
2c086 warning: **** Returning random move!
<= 
< 
<  7c06d6513ba561b1
<  a  b  c  d  e  f  g  h  i  j  k  
< 1\.  B  .  .  .  .  .  .  .  .  .\1
<  2\.  .  .  .  .  .  W  .  .  .  .\2
<   3\W  .  .  W  W  B  .  .  W  .  .\3
<    4\.  .  .  .  .  B  .  .  B  .  W\4
<     5\.  B  .  .  .  .  B  B  .  .  .\5
<      6\.  .  .  .  .  .  W  .  .  B  .\6
<       7\.  .  .  .  .  .  .  .  .  .  .\7
<        8\.  B  .  .  .  .  .  .  .  .  .\8
<         9\.  .  .  .  .  .  .  .  B  B  .\9
<         10\.  .  W  W  .  .  .  .  .  .  .\10
<          11\.  W  .  .  .  .  .  .  .  .  .\11
<              a  b  c  d  e  f  g  h  i  j  k  
<
>play w g4
<= 
<
>showboard
<= 
< 
<  0e925dbfeb28c446
<  a  b  c  d  e  f  g  h  i  j  k  
< 1\.  B  .  .  .  .  .  .  .  .  .\1
<  2\.  .  .  .  .  .  W  .  .  .  .\2
<   3\W  .  .  W  W  B  .  .  W  .  .\3
<    4\.  .  .  .  .  B  W  .  B  .  W\4
<     5\.  B  .  .  .  .  B  B  .  .  .\5
<      6\.  .  .  .  .  .  W  .  .  B  .\6
<       7\.  .  .  .  .  .  .  .  .  .  .\7
<        8\.  B  .  .  .  .  .  .  .  .  .\8
<         9\.  .  .  .  .  .  .  .  B  B  .\9
<         10\.  .  W  W  .  .  .  .  .  .  .\10
<          11\.  W  .  .  .  .  .  .  .  .  .\11
<              a  b  c  d  e  f  g  h  i  j  k  
<
>genmove b
<= f5
<
>showboard
a6df7 info: PlayAndSolve: Building VCs to avoid race condition.
a6df7 info: PlayAndSolve: Continuing on as usual.
34096 info: *** PlayerThread ***
2c086 info: *** SolverThread ***
2c086 info: 
MID calls      0
VC builds      1
Terminal       1
Work           1
Wasted Work    0 (0%)
Elapsed Time   0.007433
MIDs/sec       0
VCs/sec        134.535
Cnt prune sib  0
Avg prune sib  -
Consider Size  -
Move Index     -
Move Percent   -
Delta Increase -
Winner         black
PV             

HashTableStatistics:
Stores         1166
LookupAttempt  93696
LookupSuccess  5449
Collisions     0

34096 info: Winning SC.
34096 info: *** Player move: f5
<= 
< 
<  e11e34c95d339dbf
<  a  b  c  d  e  f  g  h  i  j  k  
< 1\.  B  .  .  .  .  .  .  .  .  .\1
<  2\.  .  .  .  .  .  W  .  .  .  .\2
<   3\W  .  .  W  W  B  .  .  W  .  .\3
<    4\.  .  .  .  .  B  W  .  B  .  W\4
<     5\.  B  .  .  .  B  B  B  .  .  .\5
<      6\.  .  .  .  .  .  W  .  .  B  .\6
<       7\.  .  .  .  .  .  .  .  .  .  .\7
<        8\.  B  .  .  .  .  .  .  .  .  .\8
<         9\.  .  .  .  .  .  .  .  B  B  .\9
<         10\.  .  W  W  .  .  .  .  .  .  .\10
<          11\.  W  .  .  .  .  .  .  .  .  .\11
<              a  b  c  d  e  f  g  h  i  j  k  
<
>play w f2
<= 
<
>showboard
<= 
< 
<  1ab64592bac61fe4
<  a  b  c  d  e  f  g  h  i  j  k  
< 1\.  B  .  .  .  .  .  .  .  .  .\1
<  2\.  .  .  .  .  W  W  .  .  .  .\2
<   3\W  .  .  W  W  B  .  .  W  .  .\3
<    4\.  .  .  .  .  B  W  .  B  .  W\4
<     5\.  B  .  .  .  B  B  B  .  .  .\5
<      6\.  .  .  .  .  .  W  .  .  B  .\6
<       7\.  .  .  .  .  .  .  .  .  .  .\7
<        8\.  B  .  .  .  .  .  .  .  .  .\8
<         9\.  .  .  .  .  .  .  .  B  B  .\9
<         10\.  .  W  W  .  .  .  .  .  .  .\10
<          11\.  W  .  .  .  .  .  .  .  .  .\11
<              a  b  c  d  e  f  g  h  i  j  k  
<
>genmove b
<= j2
<
>showboard
a6df7 info: PlayAndSolve: Building VCs to avoid race condition.
a6df7 info: PlayAndSolve: Continuing on as usual.
2c086 info: *** PlayerThread ***
34096 info: *** SolverThread ***
2c086 info: Winning SC.
2c086 info: *** Player move: j2
34096 info: 
MID calls      0
VC builds      1
Terminal       1
Work           1
Wasted Work    0 (0%)
Elapsed Time   0.011707
MIDs/sec       0
VCs/sec        85.419
Cnt prune sib  0
Avg prune sib  -
Consider Size  -
Move Index     -
Move Percent   -
Delta Increase -
Winner         black
PV             

HashTableStatistics:
Stores         1167
LookupAttempt  93702
LookupSuccess  5452
Collisions     0

<= 
< 
<  7ddae3dba99a18ca
<  a  b  c  d  e  f  g  h  i  j  k  
< 1\.  B  .  .  .  .  .  .  .  .  .\1
<  2\.  .  .  .  .  W  W  .  .  B  .\2
<   3\W  .  .  W  W  B  .  .  W  .  .\3
<    4\.  .  .  .  .  B  W  .  B  .  W\4
<     5\.  B  .  .  .  B  B  B  .  .  .\5
<      6\.  .  .  .  .  .  W  .  .  B  .\6
<       7\.  .  .  .  .  .  .  .  .  .  .\7
<        8\.  B  .  .  .  .  .  .  .  .  .\8
<         9\.  .  .  .  .  .  .  .  B  B  .\9
<         10\.  .  W  W  .  .  .  .  .  .  .\10
<          11\.  W  .  .  .  .  .  .  .  .  .\11
<              a  b  c  d  e  f  g  h  i  j  k  
<
>play w j3
<= 
<
>showboard
<= 
< 
<  ef8c5256b054e743
<  a  b  c  d  e  f  g  h  i  j  k  
< 1\.  B  .  .  .  .  .  .  .  .  .\1
<  2\.  .  .  .  .  W  W  .  .  B  .\2
<   3\W  .  .  W  W  B  .  .  W  W  .\3
<    4\.  .  .  .  .  B  W  .  B  .  W\4
<     5\.  B  .  .  .  B  B  B  .  .  .\5
<      6\.  .  .  .  .  .  W  .  .  B  .\6
<       7\.  .  .  .  .  .  .  .  .  .  .\7
<        8\.  B  .  .  .  .  .  .  .  .  .\8
<         9\.  .  .  .  .  .  .  .  B  B  .\9
<         10\.  .  W  W  .  .  .  .  .  .  .\10
<          11\.  W  .  .  .  .  .  .  .  .  .\11
<              a  b  c  d  e  f  g  h  i  j  k  
<
>genmove b
<= h3
<
>showboard
a6df7 info: PlayAndSolve: Building VCs to avoid race condition.
a6df7 info: PlayAndSolve: Continuing on as usual.
34096 info: *** PlayerThread ***
2c086 info: *** SolverThread ***
34096 info: Winning SC.
34096 info: *** Player move: h3
2c086 info: 
MID calls      0
VC builds      1
Terminal       1
Work           1
Wasted Work    0 (0%)
Elapsed Time   0.008868
MIDs/sec       0
VCs/sec        112.765
Cnt prune sib  0
Avg prune sib  -
Consider Size  -
Move Index     -
Move Percent   -
Delta Increase -
Winner         black
PV             

HashTableStatistics:
Stores         1168
LookupAttempt  93708
LookupSuccess  5455
Collisions     0

<= 
< 
<  01b5795705665410
<  a  b  c  d  e  f  g  h  i  j  k  
< 1\.  B  .  .  .  .  .  .  .  .  .\1
<  2\.  .  .  .  .  W  W  .  .  B  .\2
<   3\W  .  .  W  W  B  .  B  W  W  .\3
<    4\.  .  .  .  .  B  W  .  B  .  W\4
<     5\.  B  .  .  .  B  B  B  .  .  .\5
<      6\.  .  .  .  .  .  W  .  .  B  .\6
<       7\.  .  .  .  .  .  .  .  .  .  .\7
<        8\.  B  .  .  .  .  .  .  .  .  .\8
<         9\.  .  .  .  .  .  .  .  B  B  .\9
<         10\.  .  W  W  .  .  .  .  .  .  .\10
<          11\.  W  .  .  .  .  .  .  .  .  .\11
<              a  b  c  d  e  f  g  h  i  j  k  
<
>play w i7
<= 
<
>showboard
<= 
< 
<  0e883d0c63d8df28
<  a  b  c  d  e  f  g  h  i  j  k  
< 1\.  B  .  .  .  .  .  .  .  .  .\1
<  2\.  .  .  .  .  W  W  .  .  B  .\2
<   3\W  .  .  W  W  B  .  B  W  W  .\3
<    4\.  .  .  .  .  B  W  .  B  .  W\4
<     5\.  B  .  .  .  B  B  B  .  .  .\5
<      6\.  .  .  .  .  .  W  .  .  B  .\6
<       7\.  .  .  .  .  .  .  .  W  .  .\7
<        8\.  B  .  .  .  .  .  .  .  .  .\8
<         9\.  .  .  .  .  .  .  .  B  B  .\9
<         10\.  .  W  W  .  .  .  .  .  .  .\10
<          11\.  W  .  .  .  .  .  .  .  .  .\11
<              a  b  c  d  e  f  g  h  i  j  k  
<
>genmove b
<= i6
<
>showboard
a6df7 info: PlayAndSolve: Building VCs to avoid race condition.
a6df7 info: PlayAndSolve: Continuing on as usual.
2c086 info: *** PlayerThread ***
34096 info: *** SolverThread ***
2c086 info: Winning SC.
2c086 info: *** Player move: i6
34096 info: 
MID calls      0
VC builds      1
Terminal       1
Work           1
Wasted Work    0 (0%)
Elapsed Time   0.005137
MIDs/sec       0
VCs/sec        194.666
Cnt prune sib  0
Avg prune sib  -
Consider Size  -
Move Index     -
Move Percent   -
Delta Increase -
Winner         black
PV             

HashTableStatistics:
Stores         1169
LookupAttempt  93714
LookupSuccess  5458
Collisions     0

<= 
< 
<  e0fb72c9791743e7
<  a  b  c  d  e  f  g  h  i  j  k  
< 1\.  B  .  .  .  .  .  .  .  .  .\1
<  2\.  .  .  .  .  W  W  .  .  B  .\2
<   3\W  .  .  W  W  B  .  B  W  W  .\3
<    4\.  .  .  .  .  B  W  .  B  .  W\4
<     5\.  B  .  .  .  B  B  B  .  .  .\5
<      6\.  .  .  .  .  .  W  .  B  B  .\6
<       7\.  .  .  .  .  .  .  .  W  .  .\7
<        8\.  B  .  .  .  .  .  .  .  .  .\8
<         9\.  .  .  .  .  .  .  .  B  B  .\9
<         10\.  .  W  W  .  .  .  .  .  .  .\10
<          11\.  W  .  .  .  .  .  .  .  .  .\11
<              a  b  c  d  e  f  g  h  i  j  k  
<
>play w h6
<= 
<
>showboard
<= 
< 
<  e631fd3e7a6a0d99
<  a  b  c  d  e  f  g  h  i  j  k  
< 1\.  B  .  .  .  .  .  .  .  .  .\1
<  2\.  .  .  .  .  W  W  .  .  B  .\2
<   3\W  .  .  W  W  B  .  B  W  W  .\3
<    4\.  .  .  .  .  B  W  .  B  .  W\4
<     5\.  B  .  .  .  B  B  B  .  .  .\5
<      6\.  .  .  .  .  .  W  W  B  B  .\6
<       7\.  .  .  .  .  .  .  .  W  .  .\7
<        8\.  B  .  .  .  .  .  .  .  .  .\8
<         9\.  .  .  .  .  .  .  .  B  B  .\9
<         10\.  .  W  W  .  .  .  .  .  .  .\10
<          11\.  W  .  .  .  .  .  .  .  .  .\11
<              a  b  c  d  e  f  g  h  i  j  k  
<
>genmove b
<= i5
<
>showboard
a6df7 info: PlayAndSolve: Building VCs to avoid race condition.
a6df7 info: PlayAndSolve: Continuing on as usual.
34096 info: *** PlayerThread ***
2c086 info: *** SolverThread ***
34096 info: Winning SC.
34096 info: *** Player move: i5
2c086 info: 
MID calls      0
VC builds      1
Terminal       1
Work           1
Wasted Work    0 (0%)
Elapsed Time   0.005133
MIDs/sec       0
VCs/sec        194.818
Cnt prune sib  0
Avg prune sib  -
Consider Size  -
Move Index     -
Move Percent   -
Delta Increase -
Winner         black
PV             

HashTableStatistics:
Stores         1170
LookupAttempt  93720
LookupSuccess  5461
Collisions     0

<= 
< 
<  96d43278e5a40c9c
<  a  b  c  d  e  f  g  h  i  j  k  
< 1\.  B  .  .  .  .  .  .  .  .  .\1
<  2\.  .  .  .  .  W  W  .  .  B  .\2
<   3\W  .  .  W  W  B  .  B  W  W  .\3
<    4\.  .  .  .  .  B  W  .  B  .  W\4
<     5\.  B  .  .  .  B  B  B  B  .  .\5
<      6\.  .  .  .  .  .  W  W  B  B  .\6
<       7\.  .  .  .  .  .  .  .  W  .  .\7
<        8\.  B  .  .  .  .  .  .  .  .  .\8
<         9\.  .  .  .  .  .  .  .  B  B  .\9
<         10\.  .  W  W  .  .  .  .  .  .  .\10
<          11\.  W  .  .  .  .  .  .  .  .  .\11
<              a  b  c  d  e  f  g  h  i  j  k  
<
>play w j7
<= 
<
>showboard
<= 
< 
<  ede93d07073c9d89
<  a  b  c  d  e  f  g  h  i  j  k  
< 1\.  B  .  .  .  .  .  .  .  .  .\1
<  2\.  .  .  .  .  W  W  .  .  B  .\2
<   3\W  .  .  W  W  B  .  B  W  W  .\3
<    4\.  .  .  .  .  B  W  .  B  .  W\4
<     5\.  B  .  .  .  B  B  B  B  .  .\5
<      6\.  .  .  .  .  .  W  W  B  B  .\6
<       7\.  .  .  .  .  .  .  .  W  W  .\7
<        8\.  B  .  .  .  .  .  .  .  .  .\8
<         9\.  .  .  .  .  .  .  .  B  B  .\9
<         10\.  .  W  W  .  .  .  .  .  .  .\10
<          11\.  W  .  .  .  .  .  .  .  .  .\11
<              a  b  c  d  e  f  g  h  i  j  k  
<
>genmove b
<= h7
<
>showboard
a6df7 info: PlayAndSolve: Building VCs to avoid race condition.
a6df7 info: PlayAndSolve: Continuing on as usual.
2c086 info: *** PlayerThread ***
34096 info: *** SolverThread ***
2c086 info: Winning SC.
2c086 info: *** Player move: h7
34096 info: 
MID calls      0
VC builds      1
Terminal       1
Work           1
Wasted Work    0 (0%)
Elapsed Time   0.004711
MIDs/sec       0
VCs/sec        212.269
Cnt prune sib  0
Avg prune sib  -
Consider Size  -
Move Index     -
Move Percent   -
Delta Increase -
Winner         black
PV             

HashTableStatistics:
Stores         1171
LookupAttempt  93726
LookupSuccess  5464
Collisions     0

<= 
< 
<  ff2788fc69aa91c7
<  a  b  c  d  e  f  g  h  i  j  k  
< 1\.  B  .  .  .  .  .  .  .  .  .\1
<  2\.  .  .  .  .  W  W  .  .  B  .\2
<   3\W  .  .  W  W  B  .  B  W  W  .\3
<    4\.  .  .  .  .  B  W  .  B  .  W\4
<     5\.  B  .  .  .  B  B  B  B  .  .\5
<      6\.  .  .  .  .  .  W  W  B  B  .\6
<       7\.  .  .  .  .  .  .  B  W  W  .\7
<        8\.  B  .  .  .  .  .  .  .  .  .\8
<         9\.  .  .  .  .  .  .  .  B  B  .\9
<         10\.  .  W  W  .  .  .  .  .  .  .\10
<          11\.  W  .  .  .  .  .  .  .  .  .\11
<              a  b  c  d  e  f  g  h  i  j  k  
<
>play w f10
<= 
<
>showboard
<= 
< 
<  41ff726747e33542
<  a  b  c  d  e  f  g  h  i  j  k  
< 1\.  B  .  .  .  .  .  .  .  .  .\1
<  2\.  .  .  .  .  W  W  .  .  B  .\2
<   3\W  .  .  W  W  B  .  B  W  W  .\3
<    4\.  .  .  .  .  B  W  .  B  .  W\4
<     5\.  B  .  .  .  B  B  B  B  .  .\5
<      6\.  .  .  .  .  .  W  W  B  B  .\6
<       7\.  .  .  .  .  .  .  B  W  W  .\7
<        8\.  B  .  .  .  .  .  .  .  .  .\8
<         9\.  .  .  .  .  .  .  .  B  B  .\9
<         10\.  .  W  W  .  W  .  .  .  .  .\10
<          11\.  W  .  .  .  .  .  .  .  .  .\11
<              a  b  c  d  e  f  g  h  i  j  k  
<
>genmove b
<= h8
<
>showboard
a6df7 info: PlayAndSolve: Building VCs to avoid race condition.
a6df7 info: PlayAndSolve: Continuing on as usual.
34096 info: *** PlayerThread ***
2c086 info: *** SolverThread ***
34096 info: Winning SC.
34096 info: *** Player move: h8
2c086 info: 
MID calls      0
VC builds      1
Terminal       1
Work           1
Wasted Work    0 (0%)
Elapsed Time   0.003684
MIDs/sec       0
VCs/sec        271.444
Cnt prune sib  0
Avg prune sib  -
Consider Size  -
Move Index     -
Move Percent   -
Delta Increase -
Winner         black
PV             

HashTableStatistics:
Stores         1172
LookupAttempt  93732
LookupSuccess  5467
Collisions     0

<= 
< 
<  37d933bf4f3497a8
<  a  b  c  d  e  f  g  h  i  j  k  
< 1\.  B  .  .  .  .  .  .  .  .  .\1
<  2\.  .  .  .  .  W  W  .  .  B  .\2
<   3\W  .  .  W  W  B  .  B  W  W  .\3
<    4\.  .  .  .  .  B  W  .  B  .  W\4
<     5\.  B  .  .  .  B  B  B  B  .  .\5
<      6\.  .  .  .  .  .  W  W  B  B  .\6
<       7\.  .  .  .  .  .  .  B  W  W  .\7
<        8\.  B  .  .  .  .  .  B  .  .  .\8
<         9\.  .  .  .  .  .  .  .  B  B  .\9
<         10\.  .  W  W  .  W  .  .  .  .  .\10
<          11\.  W  .  .  .  .  .  .  .  .  .\11
<              a  b  c  d  e  f  g  h  i  j  k  
<
>play w h9
<= 
<
>showboard
<= 
< 
<  61f5dc7534352573
<  a  b  c  d  e  f  g  h  i  j  k  
< 1\.  B  .  .  .  .  .  .  .  .  .\1
<  2\.  .  .  .  .  W  W  .  .  B  .\2
<   3\W  .  .  W  W  B  .  B  W  W  .\3
<    4\.  .  .  .  .  B  W  .  B  .  W\4
<     5\.  B  .  .  .  B  B  B  B  .  .\5
<      6\.  .  .  .  .  .  W  W  B  B  .\6
<       7\.  .  .  .  .  .  .  B  W  W  .\7
<        8\.  B  .  .  .  .  .  B  .  .  .\8
<         9\.  .  .  .  .  .  .  W  B  B  .\9
<         10\.  .  W  W  .  W  .  .  .  .  .\10
<          11\.  W  .  .  .  .  .  .  .  .  .\11
<              a  b  c  d  e  f  g  h  i  j  k  
<
>genmove b
<= i8
<
>showboard
a6df7 info: PlayAndSolve: Building VCs to avoid race condition.
a6df7 info: PlayAndSolve: Continuing on as usual.
2c086 info: *** PlayerThread ***
34096 info: *** SolverThread ***
2c086 info: Winning SC.
2c086 info: *** Player move: i8
34096 info: 
MID calls      0
VC builds      1
Terminal       1
Work           1
Wasted Work    0 (0%)
Elapsed Time   0.004546
MIDs/sec       0
VCs/sec        219.974
Cnt prune sib  0
Avg prune sib  -
Consider Size  -
Move Index     -
Move Percent   -
Delta Increase -
Winner         black
PV             

HashTableStatistics:
Stores         1173
LookupAttempt  93738
LookupSuccess  5470
Collisions     0

<= 
< 
<  29f680549ac6626b
<  a  b  c  d  e  f  g  h  i  j  k  
< 1\.  B  .  .  .  .  .  .  .  .  .\1
<  2\.  .  .  .  .  W  W  .  .  B  .\2
<   3\W  .  .  W  W  B  .  B  W  W  .\3
<    4\.  .  .  .  .  B  W  .  B  .  W\4
<     5\.  B  .  .  .  B  B  B  B  .  .\5
<      6\.  .  .  .  .  .  W  W  B  B  .\6
<       7\.  .  .  .  .  .  .  B  W  W  .\7
<        8\.  B  .  .  .  .  .  B  B  .  .\8
<         9\.  .  .  .  .  .  .  W  B  B  .\9
<         10\.  .  W  W  .  W  .  .  .  .  .\10
<          11\.  W  .  .  .  .  .  .  .  .  .\11
<              a  b  c  d  e  f  g  h  i  j  k  
<
>play w h11
<= 
<
>showboard
<= 
< 
<  947562765d7f3874
<  a  b  c  d  e  f  g  h  i  j  k  
< 1\.  B  .  .  .  .  .  .  .  .  .\1
<  2\.  .  .  .  .  W  W  .  .  B  .\2
<   3\W  .  .  W  W  B  .  B  W  W  .\3
<    4\.  .  .  .  .  B  W  .  B  .  W\4
<     5\.  B  .  .  .  B  B  B  B  .  .\5
<      6\.  .  .  .  .  .  W  W  B  B  .\6
<       7\.  .  .  .  .  .  .  B  W  W  .\7
<        8\.  B  .  .  .  .  .  B  B  .  .\8
<         9\.  .  .  .  .  .  .  W  B  B  .\9
<         10\.  .  W  W  .  W  .  .  .  .  .\10
<          11\.  W  .  .  .  .  .  W  .  .  .\11
<              a  b  c  d  e  f  g  h  i  j  k  
<
>genmove b
<= j10
<
>showboard
a6df7 info: PlayAndSolve: Building VCs to avoid race condition.
a6df7 info: PlayAndSolve: Continuing on as usual.
34096 info: *** PlayerThread ***
2c086 info: *** SolverThread ***
34096 info: Winning SC.
34096 info: *** Player move: j10
2c086 info: 
MID calls      0
VC builds      1
Terminal       1
Work           1
Wasted Work    0 (0%)
Elapsed Time   0.003894
MIDs/sec       0
VCs/sec        256.805
Cnt prune sib  0
Avg prune sib  -
Consider Size  -
Move Index     -
Move Percent   -
Delta Increase -
Winner         black
PV             

HashTableStatistics:
Stores         1174
LookupAttempt  93744
LookupSuccess  5473
Collisions     0

<= 
< 
<  b9fde93a01009c23
<  a  b  c  d  e  f  g  h  i  j  k  
< 1\.  B  .  .  .  .  .  .  .  .  .\1
<  2\.  .  .  .  .  W  W  .  .  B  .\2
<   3\W  .  .  W  W  B  .  B  W  W  .\3
<    4\.  .  .  .  .  B  W  .  B  .  W\4
<     5\.  B  .  .  .  B  B  B  B  .  .\5
<      6\.  .  .  .  .  .  W  W  B  B  .\6
<       7\.  .  .  .  .  .  .  B  W  W  .\7
<        8\.  B  .  .  .  .  .  B  B  .  .\8
<         9\.  .  .  .  .  .  .  W  B  B  .\9
<         10\.  .  W  W  .  W  .  .  .  B  .\10
<          11\.  W  .  .  .  .  .  W  .  .  .\11
<              a  b  c  d  e  f  g  h  i  j  k  
<
>play w i11
<= 
<
>showboard
<= 
< 
<  cf9950dafbabd5cb
<  a  b  c  d  e  f  g  h  i  j  k  
< 1\.  B  .  .  .  .  .  .  .  .  .\1
<  2\.  .  .  .  .  W  W  .  .  B  .\2
<   3\W  .  .  W  W  B  .  B  W  W  .\3
<    4\.  .  .  .  .  B  W  .  B  .  W\4
<     5\.  B  .  .  .  B  B  B  B  .  .\5
<      6\.  .  .  .  .  .  W  W  B  B  .\6
<       7\.  .  .  .  .  .  .  B  W  W  .\7
<        8\.  B  .  .  .  .  .  B  B  .  .\8
<         9\.  .  .  .  .  .  .  W  B  B  .\9
<         10\.  .  W  W  .  W  .  .  .  B  .\10
<          11\.  W  .  .  .  .  .  W  W  .  .\11
<              a  b  c  d  e  f  g  h  i  j  k  
<
>genmove b
<= j11
<
>showboard
a6df7 info: PlayAndSolve: Building VCs to avoid race condition.
a6df7 info: PlayAndSolve: Continuing on as usual.
2c086 info: *** PlayerThread ***
34096 info: *** SolverThread ***
2c086 info: Winning SC.
2c086 info: *** Player move: j11
34096 info: 
MID calls      0
VC builds      1
Terminal       1
Work           1
Wasted Work    0 (0%)
Elapsed Time   0.003948
MIDs/sec       0
VCs/sec        253.293
Cnt prune sib  0
Avg prune sib  -
Consider Size  -
Move Index     -
Move Percent   -
Delta Increase -
Winner         black
PV             

HashTableStatistics:
Stores         1175
LookupAttempt  93750
LookupSuccess  5476
Collisions     0

<= 
< 
<  88a3f2ab6e2f9c8b
<  a  b  c  d  e  f  g  h  i  j  k  
< 1\.  B  .  .  .  .  .  .  .  .  .\1
<  2\.  .  .  .  .  W  W  .  .  B  .\2
<   3\W  .  .  W  W  B  .  B  W  W  .\3
<    4\.  .  .  .  .  B  W  .  B  .  W\4
<     5\.  B  .  .  .  B  B  B  B  .  .\5
<      6\.  .  .  .  .  .  W  W  B  B  .\6
<       7\.  .  .  .  .  .  .  B  W  W  .\7
<        8\.  B  .  .  .  .  .  B  B  .  .\8
<         9\.  .  .  .  .  .  .  W  B  B  .\9
<         10\.  .  W  W  .  W  .  .  .  B  .\10
<          11\.  W  .  .  .  .  .  W  W  B  .\11
<              a  b  c  d  e  f  g  h  i  j  k  
<
>play w i1
<= 
<
>showboard
<= 
< 
<  e0d6345f02727dbe
<  a  b  c  d  e  f  g  h  i  j  k  
< 1\.  B  .  .  .  .  .  .  W  .  .\1
<  2\.  .  .  .  .  W  W  .  .  B  .\2
<   3\W  .  .  W  W  B  .  B  W  W  .\3
<    4\.  .  .  .  .  B  W  .  B  .  W\4
<     5\.  B  .  .  .  B  B  B  B  .  .\5
<      6\.  .  .  .  .  .  W  W  B  B  .\6
<       7\.  .  .  .  .  .  .  B  W  W  .\7
<        8\.  B  .  .  .  .  .  B  B  .  .\8
<         9\.  .  .  .  .  .  .  W  B  B  .\9
<         10\.  .  W  W  .  W  .  .  .  B  .\10
<          11\.  W  .  .  .  .  .  W  W  B  .\11
<              a  b  c  d  e  f  g  h  i  j  k  
<
>genmove b
<= i2
<
>showboard
a6df7 info: PlayAndSolve: Building VCs to avoid race condition.
a6df7 info: PlayAndSolve: Continuing on as usual.
34096 info: *** PlayerThread ***
2c086 info: *** SolverThread ***
34096 info: Winning SC.
34096 info: *** Player move: i2
2c086 info: 
MID calls      0
VC builds      1
Terminal       1
Work           1
Wasted Work    0 (0%)
Elapsed Time   0.003471
MIDs/sec       0
VCs/sec        288.101
Cnt prune sib  0
Avg prune sib  -
Consider Size  -
Move Index     -
Move Percent   -
Delta Increase -
Winner         black
PV             

HashTableStatistics:
Stores         1176
LookupAttempt  93756
LookupSuccess  5479
Collisions     0

<= 
< 
<  50896fe346f36aec
<  a  b  c  d  e  f  g  h  i  j  k  
< 1\.  B  .  .  .  .  .  .  W  .  .\1
<  2\.  .  .  .  .  W  W  .  B  B  .\2
<   3\W  .  .  W  W  B  .  B  W  W  .\3
<    4\.  .  .  .  .  B  W  .  B  .  W\4
<     5\.  B  .  .  .  B  B  B  B  .  .\5
<      6\.  .  .  .  .  .  W  W  B  B  .\6
<       7\.  .  .  .  .  .  .  B  W  W  .\7
<        8\.  B  .  .  .  .  .  B  B  .  .\8
<         9\.  .  .  .  .  .  .  W  B  B  .\9
<         10\.  .  W  W  .  W  .  .  .  B  .\10
<          11\.  W  .  .  .  .  .  W  W  B  .\11
<              a  b  c  d  e  f  g  h  i  j  k  
<
>play w g3
<= 
<
>showboard
<= 
< 
<  bcfb7b1642260cbe
<  a  b  c  d  e  f  g  h  i  j  k  
< 1\.  B  .  .  .  .  .  .  W  .  .\1
<  2\.  .  .  .  .  W  W  .  B  B  .\2
<   3\W  .  .  W  W  B  W  B  W  W  .\3
<    4\.  .  .  .  .  B  W  .  B  .  W\4
<     5\.  B  .  .  .  B  B  B  B  .  .\5
<      6\.  .  .  .  .  .  W  W  B  B  .\6
<       7\.  .  .  .  .  .  .  B  W  W  .\7
<        8\.  B  .  .  .  .  .  B  B  .  .\8
<         9\.  .  .  .  .  .  .  W  B  B  .\9
<         10\.  .  W  W  .  W  .  .  .  B  .\10
<          11\.  W  .  .  .  .  .  W  W  B  .\11
<              a  b  c  d  e  f  g  h  i  j  k  
<
>genmove b
<= h4
<
>showboard
a6df7 info: PlayAndSolve: Building VCs to avoid race condition.
a6df7 info: PlayAndSolve: Continuing on as usual.
2c086 info: *** PlayerThread ***
34096 info: *** SolverThread ***
2c086 info: Winning SC.
2c086 info: *** Player move: h4
34096 info: 
MID calls      0
VC builds      1
Terminal       1
Work           1
Wasted Work    0 (0%)
Elapsed Time   0.003836
MIDs/sec       0
VCs/sec        260.688
Cnt prune sib  0
Avg prune sib  -
Consider Size  -
Move Index     -
Move Percent   -
Delta Increase -
Winner         black
PV             

HashTableStatistics:
Stores         1177
LookupAttempt  93762
LookupSuccess  5482
Collisions     0

<= 
< 
<  3542eb303f14306f
<  a  b  c  d  e  f  g  h  i  j  k  
< 1\.  B  .  .  .  .  .  .  W  .  .\1
<  2\.  .  .  .  .  W  W  .  B  B  .\2
<   3\W  .  .  W  W  B  W  B  W  W  .\3
<    4\.  .  .  .  .  B  W  B  B  .  W\4
<     5\.  B  .  .  .  B  B  B  B  .  .\5
<      6\.  .  .  .  .  .  W  W  B  B  .\6
<       7\.  .  .  .  .  .  .  B  W  W  .\7
<        8\.  B  .  .  .  .  .  B  B  .  .\8
<         9\.  .  .  .  .  .  .  W  B  B  .\9
<         10\.  .  W  W  .  W  .  .  .  B  .\10
<          11\.  W  .  .  .  .  .  W  W  B  .\11
<              a  b  c  d  e  f  g  h  i  j  k  
<
>play w j1
<= 
<
>showboard
<= 
< 
<  39a0286782c54025
<  a  b  c  d  e  f  g  h  i  j  k  
< 1\.  B  .  .  .  .  .  .  W  W  .\1
<  2\.  .  .  .  .  W  W  .  B  B  .\2
<   3\W  .  .  W  W  B  W  B  W  W  .\3
<    4\.  .  .  .  .  B  W  B  B  .  W\4
<     5\.  B  .  .  .  B  B  B  B  .  .\5
<      6\.  .  .  .  .  .  W  W  B  B  .\6
<       7\.  .  .  .  .  .  .  B  W  W  .\7
<        8\.  B  .  .  .  .  .  B  B  .  .\8
<         9\.  .  .  .  .  .  .  W  B  B  .\9
<         10\.  .  W  W  .  W  .  .  .  B  .\10
<          11\.  W  .  .  .  .  .  W  W  B  .\11
<              a  b  c  d  e  f  g  h  i  j  k  
<
>genmove b
<= k1
<
>showboard
a6df7 info: PlayAndSolve: Building VCs to avoid race condition.
a6df7 info: PlayAndSolve: Continuing on as usual.
34096 info: *** PlayerThread ***
2c086 info: *** SolverThread ***
34096 info: Winning SC.
34096 info: *** Player move: k1
2c086 info: 
MID calls      0
VC builds      1
Terminal       1
Work           1
Wasted Work    0 (0%)
Elapsed Time   0.003261
MIDs/sec       0
VCs/sec        306.654
Cnt prune sib  0
Avg prune sib  -
Consider Size  -
Move Index     -
Move Percent   -
Delta Increase -
Winner         black
PV             

HashTableStatistics:
Stores         1178
LookupAttempt  93768
LookupSuccess  5485
Collisions     0

<= 
< 
<  f02a3082c15ad22e
<  a  b  c  d  e  f  g  h  i  j  k  
< 1\.  B  .  .  .  .  .  .  W  W  B\1
<  2\.  .  .  .  .  W  W  .  B  B  .\2
<   3\W  .  .  W  W  B  W  B  W  W  .\3
<    4\.  .  .  .  .  B  W  B  B  .  W\4
<     5\.  B  .  .  .  B  B  B  B  .  .\5
<      6\.  .  .  .  .  .  W  W  B  B  .\6
<       7\.  .  .  .  .  .  .  B  W  W  .\7
<        8\.  B  .  .  .  .  .  B  B  .  .\8
<         9\.  .  .  .  .  .  .  W  B  B  .\9
<         10\.  .  W  W  .  W  .  .  .  B  .\10
<          11\.  W  .  .  .  .  .  W  W  B  .\11
<              a  b  c  d  e  f  g  h  i  j  k  
<
>play w resign
<= 
<
>showboard
<= 
< 
<  f02a3082c15ad22e
<  a  b  c  d  e  f  g  h  i  j  k  
< 1\.  B  .  .  .  .  .  .  W  W  B\1
<  2\.  .  .  .  .  W  W  .  B  B  .\2
<   3\W  .  .  W  W  B  W  B  W  W  .\3
<    4\.  .  .  .  .  B  W  B  B  .  W\4
<     5\.  B  .  .  .  B  B  B  B  .  .\5
<      6\.  .  .  .  .  .  W  W  B  B  .\6
<       7\.  .  .  .  .  .  .  B  W  W  .\7
<        8\.  B  .  .  .  .  .  B  B  .  .\8
<         9\.  .  .  .  .  .  .  W  B  B  .\9
<         10\.  .  W  W  .  W  .  .  .  B  .\10
<          11\.  W  .  .  .  .  .  W  W  B  .\11
<              a  b  c  d  e  f  g  h  i  j  k  
<
>final_score
<= B+
<
>quit
<= 
<
