# nice ../build/src/mohex/mohex --config mohex-weak.htp --seed 425189 --logfile-name jobs/11x11-mohex-mohex-weak-vs-mohex-mohex-cg2010/mohex-mohex-weak-9.log
>boardsize 11 11
MoHex 2.0.CMake Mar 21 2025
Copyright (C) 2007-2012 by the authors of the Benzene project.
This program comes with ABSOLUTELY NO WARRANTY. This is
free software and you are welcome to redistribute it under
certain conditions. Type `benzene-license' for details.

SgRandom::SetSeed: 425189
SgUctSearch: system memory 33632358400, using 1000000000 (5681818 nodes)
SgRandom::SetSeed: 1
SgRandom::SetSeed: 425189
78027 info: Prior Patterns:
78027 info: Global:
78027 info: Size            = 565 32648 
78027 info: TableEntries    = 65932 65910
78027 info: MirrorsAdded    = 0 0
78027 info: PrunableCount   = 30593 30629
78027 info: LargestGamma    = 5820.77
78027 info: SmallestGamma   = 6.6e-05
78027 info: Local:
78027 info: Size            = 550 5318 
78027 info: TableEntries    = 11602 11588
78027 info: MirrorsAdded    = 0 0
78027 info: PrunableCount   = 3659 3667
78027 info: LargestGamma    = 11281.8
78027 info: SmallestGamma   = 0.026235
78027 info: Playout Patterns:
78027 info: Global:
78027 info: Size            = 565 32648 
78027 info: TableEntries    = 70329 70329
78027 info: MirrorsAdded    = 4397 4419
78027 info: PrunableCount   = 30593 30629
78027 info: LargestGamma    = 5820.77
78027 info: SmallestGamma   = 6.6e-05
78027 info: Local:
78027 info: Size            = 550 5318 
78027 info: TableEntries    = 11602 11588
78027 info: MirrorsAdded    = 0 0
78027 info: PrunableCount   = 3659 3667
78027 info: LargestGamma    = 11281.8
78027 info: SmallestGamma   = 0.026235
<= 
<
>name
param_game allow_swap 1
= 

param_mohex max_memory 1600000
= 

param_mohex num_threads 1
= 

param_mohex max_time 1
= 

param_mohex max_games 1
= 

param_mohex knowledge_threshold 400
= 

param_mohex reuse_subtree 1
= 

param_mohex use_parallel_solver 1
= 

<= MoHex
<
>version
<= 2.0.CMake
<
>play b a5
<= 
<
>genmove w
<= swap-pieces
<
>showboard
78027 info: SwapCheck: reading from '/home/linus/MoHex2.0/nfbranchfix/benzene-vanilla-cmake/share/swap-moves.txt'.
78027 info: SwapCheck: playing swap.
<= 
< 
<  87c9b23912128f66
<  a  b  c  d  e  f  g  h  i  j  k  
< 1\.  .  .  .  .  .  .  .  .  .  .\1
<  2\.  .  .  .  .  .  .  .  .  .  .\2
<   3\.  .  .  .  .  .  .  .  .  .  .\3
<    4\.  .  .  .  .  .  .  .  .  .  .\4
<     5\B  .  .  .  .  .  .  .  .  .  .\5
<      6\.  .  .  .  .  .  .  .  .  .  .\6
<       7\.  .  .  .  .  .  .  .  .  .  .\7
<        8\.  .  .  .  .  .  .  .  .  .  .\8
<         9\.  .  .  .  .  .  .  .  .  .  .\9
<         10\.  .  .  .  .  .  .  .  .  .  .\10
<          11\.  .  .  .  .  .  .  .  .  .  .\11
<              a  b  c  d  e  f  g  h  i  j  k  
<
>play w g3
<= 
<
>showboard
<= 
< 
<  6bbba6cc16c7e934
<  a  b  c  d  e  f  g  h  i  j  k  
< 1\.  .  .  .  .  .  .  .  .  .  .\1
<  2\.  .  .  .  .  .  .  .  .  .  .\2
<   3\.  .  .  .  .  .  W  .  .  .  .\3
<    4\.  .  .  .  .  .  .  .  .  .  .\4
<     5\B  .  .  .  .  .  .  .  .  .  .\5
<      6\.  .  .  .  .  .  .  .  .  .  .\6
<       7\.  .  .  .  .  .  .  .  .  .  .\7
<        8\.  .  .  .  .  .  .  .  .  .  .\8
<         9\.  .  .  .  .  .  .  .  .  .  .\9
<         10\.  .  .  .  .  .  .  .  .  .  .\10
<          11\.  .  .  .  .  .  .  .  .  .  .\11
<              a  b  c  d  e  f  g  h  i  j  k  
<
>genmove b
<= h8
<
>showboard
78027 info: PlayAndSolve: Building VCs to avoid race condition.
78027 info: PlayAndSolve: Continuing on as usual.
bfff6 info: *** PlayerThread ***
b7fe6 info: *** SolverThread ***
bfff6 info: Best move cannot be determined, must search state.
bfff6 info: --- MoHexPlayer::Search() ---
bfff6 info: Color: black
bfff6 info: MaxGames: 1
bfff6 info: NumberThreads: 1
bfff6 info: MaxNodes: 9090 (799920 bytes)
bfff6 info: TimeForMove: 1
bfff6 info: PreSearch: max time reached (55/89).
bfff6 info: Time for PreSearch: 0.200429s
bfff6 info: 
  6bbba6cc16c7e934
  a  b  c  d  e  f  g  h  i  j  k  
 1\.  .  .  .  .  .  .  .  .  .  .\1
  2\.  .  *  *  *  *  .  .  *  *  *\2
   3\.  *  *  *  *  *  W  *  *  *  *\3
    4\*  *  *  *  *  *  *  *  *  *  *\4
     5\B  *  *  *  *  *  *  *  *  *  *\5
      6\*  *  *  *  *  *  *  *  *  *  *\6
       7\*  *  *  *  *  *  *  *  *  *  *\7
        8\*  *  *  *  *  *  *  *  *  *  *\8
         9\*  *  *  *  *  *  *  *  *  *  .\9
         10\*  *  *  *  *  *  *  *  *  .  .\10
          11\.  .  .  .  .  .  .  .  .  .  .\11
              a  b  c  d  e  f  g  h  i  j  k  
bfff6 info: No subtree to reuse.
bfff6 info: Creating thread 0
bfff6 info: StartSearch()[0]
SgUctSearch: max games reached
bfff6 info: 
Elapsed Time   0.357532s
Count          1
GamesPlayed    1
Nodes          1
Knowledge      0 (0.0%)
Expansions     0.0
Time           0.00
GameLen        119.0 dev=0.0 min=119.0 max=119.0
InTree         0.0 dev=0.0 min=0.0 max=0.0
KnowDepth      -
Aborted        0%
Games/s        394.9
Score          1.00
Sequence      
bfff6 info: 
bfff6 warning: **** MoHexSearch returned empty sequence!
bfff6 warning: **** Returning random move!
bfff6 info: *** Player move: h8
affd6 info: DfpnSolver::CheckAbort(): Abort flag!
b7fe6 info: 
MID calls      50
VC builds      48
Terminal       0
Work           50
Wasted Work    0 (0%)
Elapsed Time   0.369019
MIDs/sec       135.494
VCs/sec        130.075
Cnt prune sib  0
Avg prune sib  -
Consider Size  87.2083 dev=3.66279 min=77 max=91
Move Index     -
Move Percent   -
Delta Increase 4.34694 dev=15.728 min=1 max=82
Winner         empty
PV             i2 b8 h4 g6

HashTableStatistics:
Stores         123
LookupAttempt  12779
LookupSuccess  729
Collisions     0

b7fe6 info: Search aborted.
<= 
< 
<  1d9de7141e104bde
<  a  b  c  d  e  f  g  h  i  j  k  
< 1\.  .  .  .  .  .  .  .  .  .  .\1
<  2\.  .  .  .  .  .  .  .  .  .  .\2
<   3\.  .  .  .  .  .  W  .  .  .  .\3
<    4\.  .  .  .  .  .  .  .  .  .  .\4
<     5\B  .  .  .  .  .  .  .  .  .  .\5
<      6\.  .  .  .  .  .  .  .  .  .  .\6
<       7\.  .  .  .  .  .  .  .  .  .  .\7
<        8\.  .  .  .  .  .  .  B  .  .  .\8
<         9\.  .  .  .  .  .  .  .  .  .  .\9
<         10\.  .  .  .  .  .  .  .  .  .  .\10
<          11\.  .  .  .  .  .  .  .  .  .  .\11
<              a  b  c  d  e  f  g  h  i  j  k  
<
>play w i3
<= 
<
>showboard
<= 
< 
<  d8e5e46e3043ee3d
<  a  b  c  d  e  f  g  h  i  j  k  
< 1\.  .  .  .  .  .  .  .  .  .  .\1
<  2\.  .  .  .  .  .  .  .  .  .  .\2
<   3\.  .  .  .  .  .  W  .  W  .  .\3
<    4\.  .  .  .  .  .  .  .  .  .  .\4
<     5\B  .  .  .  .  .  .  .  .  .  .\5
<      6\.  .  .  .  .  .  .  .  .  .  .\6
<       7\.  .  .  .  .  .  .  .  .  .  .\7
<        8\.  .  .  .  .  .  .  B  .  .  .\8
<         9\.  .  .  .  .  .  .  .  .  .  .\9
<         10\.  .  .  .  .  .  .  .  .  .  .\10
<          11\.  .  .  .  .  .  .  .  .  .  .\11
<              a  b  c  d  e  f  g  h  i  j  k  
<
>genmove b
<= h7
<
>showboard
78027 info: PlayAndSolve: Building VCs to avoid race condition.
78027 info: PlayAndSolve: Continuing on as usual.
b7fe6 info: *** PlayerThread ***
bfff6 info: *** SolverThread ***
b7fe6 info: Best move cannot be determined, must search state.
b7fe6 info: --- MoHexPlayer::Search() ---
b7fe6 info: Color: black
b7fe6 info: MaxGames: 1
b7fe6 info: NumberThreads: 1
b7fe6 info: MaxNodes: 9090 (799920 bytes)
b7fe6 info: TimeForMove: 1
b7fe6 info: PreSearch: max time reached (50/87).
b7fe6 info: Time for PreSearch: 0.203033s
b7fe6 info: 
  d8e5e46e3043ee3d
  a  b  c  d  e  f  g  h  i  j  k  
 1\.  .  .  .  .  .  .  .  .  .  .\1
  2\.  .  *  *  *  *  .  *  .  *  *\2
   3\.  *  *  *  *  *  W  *  W  *  *\3
    4\*  *  *  *  *  *  *  *  *  *  *\4
     5\B  *  *  *  *  *  *  *  *  *  *\5
      6\*  *  *  *  *  *  *  *  *  *  *\6
       7\*  *  *  *  *  *  *  *  *  *  *\7
        8\*  *  *  *  *  *  *  B  *  *  *\8
         9\*  *  *  *  *  *  *  *  *  *  .\9
         10\*  *  *  *  *  *  *  *  *  .  .\10
          11\.  .  .  .  .  .  .  .  .  .  .\11
              a  b  c  d  e  f  g  h  i  j  k  
b7fe6 info: Old: [black, a5] [white, swap-pieces] [white, g3] 
b7fe6 info: New: [black, a5] [white, swap-pieces] [white, g3] [black, h8] [white, i3] 
b7fe6 info: MovesPlayed: [black, h8] [white, i3] 
b7fe6 info: No subtree to reuse.
b7fe6 info: StartSearch()[0]
SgUctSearch: max games reached
b7fe6 info: 
Elapsed Time   0.358608s
Count          1
GamesPlayed    1
Nodes          1
Knowledge      0 (0.0%)
Expansions     0.0
Time           0.00
GameLen        117.0 dev=0.0 min=117.0 max=117.0
InTree         0.0 dev=0.0 min=0.0 max=0.0
KnowDepth      -
Aborted        0%
Games/s        2994.0
Score          1.00
Sequence      
b7fe6 info: 
b7fe6 warning: **** MoHexSearch returned empty sequence!
b7fe6 warning: **** Returning random move!
b7fe6 info: *** Player move: h7
affd6 info: DfpnSolver::CheckAbort(): Abort flag!
bfff6 info: 
MID calls      46
VC builds      45
Terminal       0
Work           46
Wasted Work    0 (0%)
Elapsed Time   0.373851
MIDs/sec       123.044
VCs/sec        120.369
Cnt prune sib  0
Avg prune sib  -
Consider Size  84.4444 dev=3.64287 min=76 max=89
Move Index     -
Move Percent   -
Delta Increase 2.84444 dev=12.2347 min=1 max=84
Winner         empty
PV             j2 d5 j3

HashTableStatistics:
Stores         238
LookupAttempt  24586
LookupSuccess  1402
Collisions     0

bfff6 info: Search aborted.
<= 
< 
<  ca2b51955ed5e273
<  a  b  c  d  e  f  g  h  i  j  k  
< 1\.  .  .  .  .  .  .  .  .  .  .\1
<  2\.  .  .  .  .  .  .  .  .  .  .\2
<   3\.  .  .  .  .  .  W  .  W  .  .\3
<    4\.  .  .  .  .  .  .  .  .  .  .\4
<     5\B  .  .  .  .  .  .  .  .  .  .\5
<      6\.  .  .  .  .  .  .  .  .  .  .\6
<       7\.  .  .  .  .  .  .  B  .  .  .\7
<        8\.  .  .  .  .  .  .  B  .  .  .\8
<         9\.  .  .  .  .  .  .  .  .  .  .\9
<         10\.  .  .  .  .  .  .  .  .  .  .\10
<          11\.  .  .  .  .  .  .  .  .  .  .\11
<              a  b  c  d  e  f  g  h  i  j  k  
<
>play w b2
<= 
<
>showboard
<= 
< 
<  63ca8d3ada5d1ab6
<  a  b  c  d  e  f  g  h  i  j  k  
< 1\.  .  .  .  .  .  .  .  .  .  .\1
<  2\.  W  .  .  .  .  .  .  .  .  .\2
<   3\.  .  .  .  .  .  W  .  W  .  .\3
<    4\.  .  .  .  .  .  .  .  .  .  .\4
<     5\B  .  .  .  .  .  .  .  .  .  .\5
<      6\.  .  .  .  .  .  .  .  .  .  .\6
<       7\.  .  .  .  .  .  .  B  .  .  .\7
<        8\.  .  .  .  .  .  .  B  .  .  .\8
<         9\.  .  .  .  .  .  .  .  .  .  .\9
<         10\.  .  .  .  .  .  .  .  .  .  .\10
<          11\.  .  .  .  .  .  .  .  .  .  .\11
<              a  b  c  d  e  f  g  h  i  j  k  
<
>genmove b
<= g2
<
>showboard
78027 info: PlayAndSolve: Building VCs to avoid race condition.
78027 info: PlayAndSolve: Continuing on as usual.
bfff6 info: *** PlayerThread ***
b7fe6 info: *** SolverThread ***
bfff6 info: Best move cannot be determined, must search state.
bfff6 info: --- MoHexPlayer::Search() ---
bfff6 info: Color: black
bfff6 info: MaxGames: 1
bfff6 info: NumberThreads: 1
bfff6 info: MaxNodes: 9090 (799920 bytes)
bfff6 info: TimeForMove: 1
bfff6 info: PreSearch: max time reached (48/85).
bfff6 info: Time for PreSearch: 0.206402s
bfff6 info: 
  63ca8d3ada5d1ab6
  a  b  c  d  e  f  g  h  i  j  k  
 1\b  b  .  .  .  .  .  .  .  .  .\1
  2\w  W  *  *  *  *  .  *  .  *  *\2
   3\w  *  *  *  *  *  W  *  W  *  *\3
    4\.  *  *  *  *  *  *  *  *  *  *\4
     5\B  *  *  *  *  *  *  *  *  *  *\5
      6\*  *  *  *  *  *  *  *  *  *  *\6
       7\*  *  *  *  *  *  *  B  *  *  *\7
        8\*  *  *  *  *  *  *  B  *  *  *\8
         9\*  *  *  *  *  *  *  *  *  *  .\9
         10\*  *  *  *  *  *  *  *  *  .  .\10
          11\.  .  .  .  .  .  .  .  .  .  .\11
              a  b  c  d  e  f  g  h  i  j  k  
bfff6 info: Old: [black, a5] [white, swap-pieces] [white, g3] [black, h8] [white, i3] 
bfff6 info: New: [black, a5] [white, swap-pieces] [white, g3] [black, h8] [white, i3] [black, h7] [white, b2] 
bfff6 info: MovesPlayed: [black, h7] [white, b2] 
bfff6 info: No subtree to reuse.
bfff6 info: StartSearch()[0]
SgUctSearch: max games reached
bfff6 info: 
Elapsed Time   0.35467s
Count          1
GamesPlayed    1
Nodes          1
Knowledge      0 (0.0%)
Expansions     0.0
Time           0.00
GameLen        111.0 dev=0.0 min=111.0 max=111.0
InTree         0.0 dev=0.0 min=0.0 max=0.0
KnowDepth      -
Aborted        0%
Games/s        3623.2
Score          1.00
Sequence      
bfff6 info: 
bfff6 warning: **** MoHexSearch returned empty sequence!
bfff6 warning: **** Returning random move!
bfff6 info: *** Player move: g2
affd6 info: DfpnSolver::CheckAbort(): Abort flag!
b7fe6 info: 
MID calls      36
VC builds      35
Terminal       0
Work           36
Wasted Work    0 (0%)
Elapsed Time   0.369021
MIDs/sec       97.5554
VCs/sec        94.8456
Cnt prune sib  0
Avg prune sib  -
Consider Size  80.4857 dev=9.87169 min=42 max=87
Move Index     -
Move Percent   -
Delta Increase 3.2 dev=12.1604 min=1 max=74
Winner         empty
PV             f2 g4 e4

HashTableStatistics:
Stores         333
LookupAttempt  35188
LookupSuccess  2065
Collisions     0

b7fe6 info: Search aborted.
<= 
< 
<  c6e95694c13177e4
<  a  b  c  d  e  f  g  h  i  j  k  
< 1\.  .  .  .  .  .  .  .  .  .  .\1
<  2\.  W  .  .  .  .  B  .  .  .  .\2
<   3\.  .  .  .  .  .  W  .  W  .  .\3
<    4\.  .  .  .  .  .  .  .  .  .  .\4
<     5\B  .  .  .  .  .  .  .  .  .  .\5
<      6\.  .  .  .  .  .  .  .  .  .  .\6
<       7\.  .  .  .  .  .  .  B  .  .  .\7
<        8\.  .  .  .  .  .  .  B  .  .  .\8
<         9\.  .  .  .  .  .  .  .  .  .  .\9
<         10\.  .  .  .  .  .  .  .  .  .  .\10
<          11\.  .  .  .  .  .  .  .  .  .  .\11
<              a  b  c  d  e  f  g  h  i  j  k  
<
>play w c3
<= 
<
>showboard
<= 
< 
<  7523a19a33482e00
<  a  b  c  d  e  f  g  h  i  j  k  
< 1\.  .  .  .  .  .  .  .  .  .  .\1
<  2\.  W  .  .  .  .  B  .  .  .  .\2
<   3\.  .  W  .  .  .  W  .  W  .  .\3
<    4\.  .  .  .  .  .  .  .  .  .  .\4
<     5\B  .  .  .  .  .  .  .  .  .  .\5
<      6\.  .  .  .  .  .  .  .  .  .  .\6
<       7\.  .  .  .  .  .  .  B  .  .  .\7
<        8\.  .  .  .  .  .  .  B  .  .  .\8
<         9\.  .  .  .  .  .  .  .  .  .  .\9
<         10\.  .  .  .  .  .  .  .  .  .  .\10
<          11\.  .  .  .  .  .  .  .  .  .  .\11
<              a  b  c  d  e  f  g  h  i  j  k  
<
>genmove b
<= e4
<
>showboard
78027 info: PlayAndSolve: Building VCs to avoid race condition.
78027 info: PlayAndSolve: Continuing on as usual.
b7fe6 info: *** PlayerThread ***
bfff6 info: *** SolverThread ***
b7fe6 info: Best move cannot be determined, must search state.
b7fe6 info: --- MoHexPlayer::Search() ---
b7fe6 info: Color: black
b7fe6 info: MaxGames: 1
b7fe6 info: NumberThreads: 1
b7fe6 info: MaxNodes: 9090 (799920 bytes)
b7fe6 info: TimeForMove: 1
b7fe6 info: PreSearch: max time reached (46/79).
b7fe6 info: Time for PreSearch: 0.206507s
b7fe6 info: 
  7523a19a33482e00
  a  b  c  d  e  f  g  h  i  j  k  
 1\b  b  .  .  .  b  b  b  b  .  .\1
  2\w  W  *  .  .  .  B  .  .  *  *\2
   3\w  .  W  *  *  *  W  *  W  *  *\3
    4\.  .  *  *  *  *  *  *  *  *  *\4
     5\B  *  *  *  *  *  *  *  *  *  *\5
      6\*  *  *  *  *  *  *  *  *  *  *\6
       7\*  *  *  *  *  *  *  B  *  *  *\7
        8\*  *  *  *  *  *  *  B  *  *  *\8
         9\*  *  *  *  *  *  *  *  *  *  .\9
         10\*  *  *  *  *  *  *  *  *  .  .\10
          11\.  .  .  .  .  .  .  .  .  .  .\11
              a  b  c  d  e  f  g  h  i  j  k  
b7fe6 info: Old: [black, a5] [white, swap-pieces] [white, g3] [black, h8] [white, i3] [black, h7] [white, b2] 
b7fe6 info: New: [black, a5] [white, swap-pieces] [white, g3] [black, h8] [white, i3] [black, h7] [white, b2] [black, g2] [white, c3] 
b7fe6 info: MovesPlayed: [black, g2] [white, c3] 
b7fe6 info: No subtree to reuse.
b7fe6 info: StartSearch()[0]
SgUctSearch: max games reached
b7fe6 info: 
Elapsed Time   0.373047s
Count          1
GamesPlayed    1
Nodes          1
Knowledge      0 (0.0%)
Expansions     0.0
Time           0.00
GameLen        105.0 dev=0.0 min=105.0 max=105.0
InTree         0.0 dev=0.0 min=0.0 max=0.0
KnowDepth      -
Aborted        0%
Games/s        3268.0
Score          0.00
Sequence      
b7fe6 info: 
b7fe6 warning: **** MoHexSearch returned empty sequence!
b7fe6 warning: **** Returning random move!
b7fe6 info: *** Player move: e4
affd6 info: DfpnSolver::CheckAbort(): Abort flag!
bfff6 info: 
MID calls      39
VC builds      38
Terminal       0
Work           39
Wasted Work    0 (0%)
Elapsed Time   0.391191
MIDs/sec       99.6955
VCs/sec        97.1392
Cnt prune sib  1
Avg prune sib  1 dev=0 min=1 max=1
Consider Size  64.8684 dev=14.6182 min=33 max=79
Move Index     -
Move Percent   -
Delta Increase 2.84211 dev=10.881 min=1 max=69
Winner         empty
PV             f3 h5 e5

HashTableStatistics:
Stores         432
LookupAttempt  44237
LookupSuccess  2635
Collisions     0

bfff6 info: Search aborted.
<= 
< 
<  f59ab8c365f66920
<  a  b  c  d  e  f  g  h  i  j  k  
< 1\.  .  .  .  .  .  .  .  .  .  .\1
<  2\.  W  .  .  .  .  B  .  .  .  .\2
<   3\.  .  W  .  .  .  W  .  W  .  .\3
<    4\.  .  .  .  B  .  .  .  .  .  .\4
<     5\B  .  .  .  .  .  .  .  .  .  .\5
<      6\.  .  .  .  .  .  .  .  .  .  .\6
<       7\.  .  .  .  .  .  .  B  .  .  .\7
<        8\.  .  .  .  .  .  .  B  .  .  .\8
<         9\.  .  .  .  .  .  .  .  .  .  .\9
<         10\.  .  .  .  .  .  .  .  .  .  .\10
<          11\.  .  .  .  .  .  .  .  .  .  .\11
<              a  b  c  d  e  f  g  h  i  j  k  
<
>play w d6
<= 
<
>showboard
<= 
< 
<  f0ffc2e4ae74b753
<  a  b  c  d  e  f  g  h  i  j  k  
< 1\.  .  .  .  .  .  .  .  .  .  .\1
<  2\.  W  .  .  .  .  B  .  .  .  .\2
<   3\.  .  W  .  .  .  W  .  W  .  .\3
<    4\.  .  .  .  B  .  .  .  .  .  .\4
<     5\B  .  .  .  .  .  .  .  .  .  .\5
<      6\.  .  .  W  .  .  .  .  .  .  .\6
<       7\.  .  .  .  .  .  .  B  .  .  .\7
<        8\.  .  .  .  .  .  .  B  .  .  .\8
<         9\.  .  .  .  .  .  .  .  .  .  .\9
<         10\.  .  .  .  .  .  .  .  .  .  .\10
<          11\.  .  .  .  .  .  .  .  .  .  .\11
<              a  b  c  d  e  f  g  h  i  j  k  
<
>genmove b
<= k11
<
>showboard
78027 info: PlayAndSolve: Building VCs to avoid race condition.
78027 info: PlayAndSolve: Continuing on as usual.
bfff6 info: *** PlayerThread ***
b7fe6 info: *** SolverThread ***
bfff6 info: Best move cannot be determined, must search state.
bfff6 info: --- MoHexPlayer::Search() ---
bfff6 info: Color: black
bfff6 info: MaxGames: 1
bfff6 info: NumberThreads: 1
bfff6 info: MaxNodes: 9090 (799920 bytes)
bfff6 info: TimeForMove: 1
bfff6 info: Time for PreSearch: 0.168967s
bfff6 info: 
  f0ffc2e4ae74b753
  a  b  c  d  e  f  g  h  i  j  k  
 1\b  b  .  .  .  b  b  b  b  .  .\1
  2\w  W  *  .  .  .  B  .  .  *  *\2
   3\w  .  W  .  .  .  W  *  W  *  *\3
    4\.  .  *  .  B  .  *  *  *  *  *\4
     5\B  *  *  *  .  *  *  *  *  *  *\5
      6\*  *  *  W  *  .  *  *  *  *  *\6
       7\*  *  *  .  .  .  .  B  *  *  *\7
        8\*  *  .  .  .  .  .  B  .  .  .\8
         9\*  .  .  .  .  .  .  .  .  .  .\9
         10\.  .  .  .  .  .  .  .  .  .  .\10
          11\.  .  .  .  .  .  .  .  .  .  .\11
              a  b  c  d  e  f  g  h  i  j  k  
bfff6 info: Old: [black, a5] [white, swap-pieces] [white, g3] [black, h8] [white, i3] [black, h7] [white, b2] [black, g2] [white, c3] 
bfff6 info: New: [black, a5] [white, swap-pieces] [white, g3] [black, h8] [white, i3] [black, h7] [white, b2] [black, g2] [white, c3] [black, e4] [white, d6] 
bfff6 info: MovesPlayed: [black, e4] [white, d6] 
bfff6 info: No subtree to reuse.
bfff6 info: StartSearch()[0]
SgUctSearch: max games reached
bfff6 info: 
Elapsed Time   0.329287s
Count          1
GamesPlayed    1
Nodes          1
Knowledge      0 (0.0%)
Expansions     0.0
Time           0.00
GameLen        103.0 dev=0.0 min=103.0 max=103.0
InTree         0.0 dev=0.0 min=0.0 max=0.0
KnowDepth      -
Aborted        0%
Games/s        3105.6
Score          1.00
Sequence      
bfff6 info: 
bfff6 warning: **** MoHexSearch returned empty sequence!
bfff6 warning: **** Returning random move!
bfff6 info: *** Player move: k11
affd6 info: DfpnSolver::CheckAbort(): Abort flag!
b7fe6 info: 
MID calls      31
VC builds      29
Terminal       0
Work           31
Wasted Work    0 (0%)
Elapsed Time   0.343556
MIDs/sec       90.2327
VCs/sec        84.4113
Cnt prune sib  0
Avg prune sib  -
Consider Size  41.8621 dev=26.9197 min=3 max=73
Move Index     -
Move Percent   -
Delta Increase 3.9 dev=12.4267 min=1 max=69
Winner         empty
PV             f5 h9 h6 g5

HashTableStatistics:
Stores         504
LookupAttempt  47358
LookupSuccess  2838
Collisions     0

b7fe6 info: Search aborted.
<= 
< 
<  703b302fddc6a4b6
<  a  b  c  d  e  f  g  h  i  j  k  
< 1\.  .  .  .  .  .  .  .  .  .  .\1
<  2\.  W  .  .  .  .  B  .  .  .  .\2
<   3\.  .  W  .  .  .  W  .  W  .  .\3
<    4\.  .  .  .  B  .  .  .  .  .  .\4
<     5\B  .  .  .  .  .  .  .  .  .  .\5
<      6\.  .  .  W  .  .  .  .  .  .  .\6
<       7\.  .  .  .  .  .  .  B  .  .  .\7
<        8\.  .  .  .  .  .  .  B  .  .  .\8
<         9\.  .  .  .  .  .  .  .  .  .  .\9
<         10\.  .  .  .  .  .  .  .  .  .  .\10
<          11\.  .  .  .  .  .  .  .  .  .  B\11
<              a  b  c  d  e  f  g  h  i  j  k  
<
>play w f5
<= 
<
>showboard
<= 
< 
<  521d2c4f7a621b47
<  a  b  c  d  e  f  g  h  i  j  k  
< 1\.  .  .  .  .  .  .  .  .  .  .\1
<  2\.  W  .  .  .  .  B  .  .  .  .\2
<   3\.  .  W  .  .  .  W  .  W  .  .\3
<    4\.  .  .  .  B  .  .  .  .  .  .\4
<     5\B  .  .  .  .  W  .  .  .  .  .\5
<      6\.  .  .  W  .  .  .  .  .  .  .\6
<       7\.  .  .  .  .  .  .  B  .  .  .\7
<        8\.  .  .  .  .  .  .  B  .  .  .\8
<         9\.  .  .  .  .  .  .  .  .  .  .\9
<         10\.  .  .  .  .  .  .  .  .  .  .\10
<          11\.  .  .  .  .  .  .  .  .  .  B\11
<              a  b  c  d  e  f  g  h  i  j  k  
<
>genmove b
<= f11
<
>showboard
78027 info: PlayAndSolve: Building VCs to avoid race condition.
78027 info: PlayAndSolve: Continuing on as usual.
b7fe6 info: *** PlayerThread ***
bfff6 info: *** SolverThread ***
b7fe6 info: Best move cannot be determined, must search state.
b7fe6 info: --- MoHexPlayer::Search() ---
b7fe6 info: Color: black
b7fe6 info: MaxGames: 1
b7fe6 info: NumberThreads: 1
b7fe6 info: MaxNodes: 9090 (799920 bytes)
b7fe6 info: TimeForMove: 1
b7fe6 info: Time for PreSearch: 0.029392s
b7fe6 info: 
  521d2c4f7a621b47
  a  b  c  d  e  f  g  h  i  j  k  
 1\b  b  .  .  .  b  b  b  b  .  .\1
  2\w  W  .  .  .  .  B  .  .  .  .\2
   3\w  .  W  .  .  .  W  .  W  .  .\3
    4\.  .  .  .  B  .  *  .  .  .  .\4
     5\B  .  .  .  .  W  .  .  .  .  .\5
      6\.  .  *  W  *  .  .  .  .  .  .\6
       7\.  .  *  .  .  .  .  B  .  .  .\7
        8\*  *  .  .  .  .  .  B  .  .  .\8
         9\*  .  .  .  .  .  .  .  .  .  .\9
         10\.  .  .  .  .  .  .  .  .  .  .\10
          11\.  .  .  .  .  .  .  .  .  b  B\11
              a  b  c  d  e  f  g  h  i  j  k  
b7fe6 info: Old: [black, a5] [white, swap-pieces] [white, g3] [black, h8] [white, i3] [black, h7] [white, b2] [black, g2] [white, c3] [black, e4] [white, d6] 
b7fe6 info: New: [black, a5] [white, swap-pieces] [white, g3] [black, h8] [white, i3] [black, h7] [white, b2] [black, g2] [white, c3] [black, e4] [white, d6] [black, k11] [white, f5] 
b7fe6 info: MovesPlayed: [black, k11] [white, f5] 
b7fe6 info: No subtree to reuse.
b7fe6 info: StartSearch()[0]
SgUctSearch: max games reached
b7fe6 info: 
Elapsed Time   0.198018s
Count          1
GamesPlayed    1
Nodes          1
Knowledge      0 (0.0%)
Expansions     0.0
Time           0.00
GameLen        100.0 dev=0.0 min=100.0 max=100.0
InTree         0.0 dev=0.0 min=0.0 max=0.0
KnowDepth      -
Aborted        0%
Games/s        2564.1
Score          0.00
Sequence      
b7fe6 info: 
b7fe6 warning: **** MoHexSearch returned empty sequence!
b7fe6 warning: **** Returning random move!
b7fe6 info: *** Player move: f11
affd6 info: DfpnSolver::CheckAbort(): Abort flag!
bfff6 info: 
MID calls      13
VC builds      13
Terminal       1
Work           14
Wasted Work    0 (0%)
Elapsed Time   0.216681
MIDs/sec       59.996
VCs/sec        59.996
Cnt prune sib  0
Avg prune sib  -
Consider Size  22.1667 dev=25.0328 min=2 max=66
Move Index     -
Move Percent   -
Delta Increase 5.92308 dev=16.7675 min=1 max=64
Winner         empty
PV             c7 d7 c6

HashTableStatistics:
Stores         535
LookupAttempt  47848
LookupSuccess  2890
Collisions     0

bfff6 info: Search aborted.
<= 
< 
<  1927be305e923c36
<  a  b  c  d  e  f  g  h  i  j  k  
< 1\.  .  .  .  .  .  .  .  .  .  .\1
<  2\.  W  .  .  .  .  B  .  .  .  .\2
<   3\.  .  W  .  .  .  W  .  W  .  .\3
<    4\.  .  .  .  B  .  .  .  .  .  .\4
<     5\B  .  .  .  .  W  .  .  .  .  .\5
<      6\.  .  .  W  .  .  .  .  .  .  .\6
<       7\.  .  .  .  .  .  .  B  .  .  .\7
<        8\.  .  .  .  .  .  .  B  .  .  .\8
<         9\.  .  .  .  .  .  .  .  .  .  .\9
<         10\.  .  .  .  .  .  .  .  .  .  .\10
<          11\.  .  .  .  .  B  .  .  .  .  B\11
<              a  b  c  d  e  f  g  h  i  j  k  
<
>play w h3
<= 
<
>showboard
<= 
< 
<  b4b169e48edc7602
<  a  b  c  d  e  f  g  h  i  j  k  
< 1\.  .  .  .  .  .  .  .  .  .  .\1
<  2\.  W  .  .  .  .  B  .  .  .  .\2
<   3\.  .  W  .  .  .  W  W  W  .  .\3
<    4\.  .  .  .  B  .  .  .  .  .  .\4
<     5\B  .  .  .  .  W  .  .  .  .  .\5
<      6\.  .  .  W  .  .  .  .  .  .  .\6
<       7\.  .  .  .  .  .  .  B  .  .  .\7
<        8\.  .  .  .  .  .  .  B  .  .  .\8
<         9\.  .  .  .  .  .  .  .  .  .  .\9
<         10\.  .  .  .  .  .  .  .  .  .  .\10
<          11\.  .  .  .  .  B  .  .  .  .  B\11
<              a  b  c  d  e  f  g  h  i  j  k  
<
>genmove b
<= e5
<
>showboard
78027 info: PlayAndSolve: Building VCs to avoid race condition.
78027 info: PlayAndSolve: Continuing on as usual.
bfff6 info: *** PlayerThread ***
b7fe6 info: *** SolverThread ***
bfff6 info: Opponent has won; playing most blocking move.
bfff6 info: *** Player move: e5
b7fe6 info: 
MID calls      0
VC builds      1
Terminal       1
Work           1
Wasted Work    0 (0%)
Elapsed Time   0.024608
MIDs/sec       0
VCs/sec        40.6372
Cnt prune sib  0
Avg prune sib  -
Consider Size  -
Move Index     -
Move Percent   -
Delta Increase -
Winner         white
PV             

HashTableStatistics:
Stores         536
LookupAttempt  47854
LookupSuccess  2893
Collisions     0

<= 
< 
<  284587fd27bb1ba0
<  a  b  c  d  e  f  g  h  i  j  k  
< 1\.  .  .  .  .  .  .  .  .  .  .\1
<  2\.  W  .  .  .  .  B  .  .  .  .\2
<   3\.  .  W  .  .  .  W  W  W  .  .\3
<    4\.  .  .  .  B  .  .  .  .  .  .\4
<     5\B  .  .  .  B  W  .  .  .  .  .\5
<      6\.  .  .  W  .  .  .  .  .  .  .\6
<       7\.  .  .  .  .  .  .  B  .  .  .\7
<        8\.  .  .  .  .  .  .  B  .  .  .\8
<         9\.  .  .  .  .  .  .  .  .  .  .\9
<         10\.  .  .  .  .  .  .  .  .  .  .\10
<          11\.  .  .  .  .  B  .  .  .  .  B\11
<              a  b  c  d  e  f  g  h  i  j  k  
<
>play w e6
<= 
<
>showboard
<= 
< 
<  d46e75f309250ab6
<  a  b  c  d  e  f  g  h  i  j  k  
< 1\.  .  .  .  .  .  .  .  .  .  .\1
<  2\.  W  .  .  .  .  B  .  .  .  .\2
<   3\.  .  W  .  .  .  W  W  W  .  .\3
<    4\.  .  .  .  B  .  .  .  .  .  .\4
<     5\B  .  .  .  B  W  .  .  .  .  .\5
<      6\.  .  .  W  W  .  .  .  .  .  .\6
<       7\.  .  .  .  .  .  .  B  .  .  .\7
<        8\.  .  .  .  .  .  .  B  .  .  .\8
<         9\.  .  .  .  .  .  .  .  .  .  .\9
<         10\.  .  .  .  .  .  .  .  .  .  .\10
<          11\.  .  .  .  .  B  .  .  .  .  B\11
<              a  b  c  d  e  f  g  h  i  j  k  
<
>genmove b
<= c7
<
>showboard
78027 info: PlayAndSolve: Building VCs to avoid race condition.
78027 info: PlayAndSolve: Continuing on as usual.
b7fe6 info: *** PlayerThread ***
bfff6 info: *** SolverThread ***
b7fe6 info: Opponent has won; playing most blocking move.
b7fe6 info: *** Player move: c7
bfff6 info: 
MID calls      0
VC builds      1
Terminal       1
Work           1
Wasted Work    0 (0%)
Elapsed Time   0.023115
MIDs/sec       0
VCs/sec        43.262
Cnt prune sib  0
Avg prune sib  -
Consider Size  -
Move Index     -
Move Percent   -
Delta Increase -
Winner         white
PV             

HashTableStatistics:
Stores         537
LookupAttempt  47860
LookupSuccess  2896
Collisions     0

<= 
< 
<  310d6ec0a9f8ce01
<  a  b  c  d  e  f  g  h  i  j  k  
< 1\.  .  .  .  .  .  .  .  .  .  .\1
<  2\.  W  .  .  .  .  B  .  .  .  .\2
<   3\.  .  W  .  .  .  W  W  W  .  .\3
<    4\.  .  .  .  B  .  .  .  .  .  .\4
<     5\B  .  .  .  B  W  .  .  .  .  .\5
<      6\.  .  .  W  W  .  .  .  .  .  .\6
<       7\.  .  B  .  .  .  .  B  .  .  .\7
<        8\.  .  .  .  .  .  .  B  .  .  .\8
<         9\.  .  .  .  .  .  .  .  .  .  .\9
<         10\.  .  .  .  .  .  .  .  .  .  .\10
<          11\.  .  .  .  .  B  .  .  .  .  B\11
<              a  b  c  d  e  f  g  h  i  j  k  
<
>play w c5
<= 
<
>showboard
<= 
< 
<  764fe05b4d5b2161
<  a  b  c  d  e  f  g  h  i  j  k  
< 1\.  .  .  .  .  .  .  .  .  .  .\1
<  2\.  W  .  .  .  .  B  .  .  .  .\2
<   3\.  .  W  .  .  .  W  W  W  .  .\3
<    4\.  .  .  .  B  .  .  .  .  .  .\4
<     5\B  .  W  .  B  W  .  .  .  .  .\5
<      6\.  .  .  W  W  .  .  .  .  .  .\6
<       7\.  .  B  .  .  .  .  B  .  .  .\7
<        8\.  .  .  .  .  .  .  B  .  .  .\8
<         9\.  .  .  .  .  .  .  .  .  .  .\9
<         10\.  .  .  .  .  .  .  .  .  .  .\10
<          11\.  .  .  .  .  B  .  .  .  .  B\11
<              a  b  c  d  e  f  g  h  i  j  k  
<
>genmove b
<= d5
<
>showboard
78027 info: PlayAndSolve: Building VCs to avoid race condition.
78027 info: PlayAndSolve: Continuing on as usual.
b7fe6 info: *** SolverThread ***
bfff6 info: *** PlayerThread ***
b7fe6 info: 
MID calls      0
VC builds      1
Terminal       1
Work           1
Wasted Work    0 (0%)
Elapsed Time   0.018981
MIDs/sec       0
VCs/sec        52.6843
Cnt prune sib  0
Avg prune sib  -
Consider Size  -
Move Index     -
Move Percent   -
Delta Increase -
Winner         white
PV             

HashTableStatistics:
Stores         538
LookupAttempt  47866
LookupSuccess  2899
Collisions     0

bfff6 info: Opponent has won; playing most blocking move.
bfff6 info: *** Player move: d5
<= 
< 
<  2de4c053cd0927fe
<  a  b  c  d  e  f  g  h  i  j  k  
< 1\.  .  .  .  .  .  .  .  .  .  .\1
<  2\.  W  .  .  .  .  B  .  .  .  .\2
<   3\.  .  W  .  .  .  W  W  W  .  .\3
<    4\.  .  .  .  B  .  .  .  .  .  .\4
<     5\B  .  W  B  B  W  .  .  .  .  .\5
<      6\.  .  .  W  W  .  .  .  .  .  .\6
<       7\.  .  B  .  .  .  .  B  .  .  .\7
<        8\.  .  .  .  .  .  .  B  .  .  .\8
<         9\.  .  .  .  .  .  .  .  .  .  .\9
<         10\.  .  .  .  .  .  .  .  .  .  .\10
<          11\.  .  .  .  .  B  .  .  .  .  B\11
<              a  b  c  d  e  f  g  h  i  j  k  
<
>play w c6
<= 
<
>showboard
<= 
< 
<  68a6256a24db7cbe
<  a  b  c  d  e  f  g  h  i  j  k  
< 1\.  .  .  .  .  .  .  .  .  .  .\1
<  2\.  W  .  .  .  .  B  .  .  .  .\2
<   3\.  .  W  .  .  .  W  W  W  .  .\3
<    4\.  .  .  .  B  .  .  .  .  .  .\4
<     5\B  .  W  B  B  W  .  .  .  .  .\5
<      6\.  .  W  W  W  .  .  .  .  .  .\6
<       7\.  .  B  .  .  .  .  B  .  .  .\7
<        8\.  .  .  .  .  .  .  B  .  .  .\8
<         9\.  .  .  .  .  .  .  .  .  .  .\9
<         10\.  .  .  .  .  .  .  .  .  .  .\10
<          11\.  .  .  .  .  B  .  .  .  .  B\11
<              a  b  c  d  e  f  g  h  i  j  k  
<
>genmove b
<= b7
<
>showboard
78027 info: PlayAndSolve: Building VCs to avoid race condition.
78027 info: PlayAndSolve: Continuing on as usual.
b7fe6 info: *** PlayerThread ***
bfff6 info: *** SolverThread ***
b7fe6 info: Opponent has won; playing most blocking move.
b7fe6 info: *** Player move: b7
bfff6 info: 
MID calls      0
VC builds      1
Terminal       1
Work           1
Wasted Work    0 (0%)
Elapsed Time   0.037414
MIDs/sec       0
VCs/sec        26.728
Cnt prune sib  0
Avg prune sib  -
Consider Size  -
Move Index     -
Move Percent   -
Delta Increase -
Winner         white
PV             

HashTableStatistics:
Stores         539
LookupAttempt  47872
LookupSuccess  2902
Collisions     0

<= 
< 
<  bd9b430ae7c5b29f
<  a  b  c  d  e  f  g  h  i  j  k  
< 1\.  .  .  .  .  .  .  .  .  .  .\1
<  2\.  W  .  .  .  .  B  .  .  .  .\2
<   3\.  .  W  .  .  .  W  W  W  .  .\3
<    4\.  .  .  .  B  .  .  .  .  .  .\4
<     5\B  .  W  B  B  W  .  .  .  .  .\5
<      6\.  .  W  W  W  .  .  .  .  .  .\6
<       7\.  B  B  .  .  .  .  B  .  .  .\7
<        8\.  .  .  .  .  .  .  B  .  .  .\8
<         9\.  .  .  .  .  .  .  .  .  .  .\9
<         10\.  .  .  .  .  .  .  .  .  .  .\10
<          11\.  .  .  .  .  B  .  .  .  .  B\11
<              a  b  c  d  e  f  g  h  i  j  k  
<
>play w j3
<= 
<
>showboard
<= 
< 
<  2fcdf287fe0b4d16
<  a  b  c  d  e  f  g  h  i  j  k  
< 1\.  .  .  .  .  .  .  .  .  .  .\1
<  2\.  W  .  .  .  .  B  .  .  .  .\2
<   3\.  .  W  .  .  .  W  W  W  W  .\3
<    4\.  .  .  .  B  .  .  .  .  .  .\4
<     5\B  .  W  B  B  W  .  .  .  .  .\5
<      6\.  .  W  W  W  .  .  .  .  .  .\6
<       7\.  B  B  .  .  .  .  B  .  .  .\7
<        8\.  .  .  .  .  .  .  B  .  .  .\8
<         9\.  .  .  .  .  .  .  .  .  .  .\9
<         10\.  .  .  .  .  .  .  .  .  .  .\10
<          11\.  .  .  .  .  B  .  .  .  .  B\11
<              a  b  c  d  e  f  g  h  i  j  k  
<
>genmove b
<= a6
<
>showboard
78027 info: PlayAndSolve: Building VCs to avoid race condition.
78027 info: PlayAndSolve: Continuing on as usual.
bfff6 info: *** PlayerThread ***
b7fe6 info: *** SolverThread ***
bfff6 info: Opponent has won; playing most blocking move.
bfff6 info: *** Player move: a6
b7fe6 info: 
MID calls      0
VC builds      1
Terminal       1
Work           1
Wasted Work    0 (0%)
Elapsed Time   0.008721
MIDs/sec       0
VCs/sec        114.666
Cnt prune sib  0
Avg prune sib  -
Consider Size  -
Move Index     -
Move Percent   -
Delta Increase -
Winner         white
PV             

HashTableStatistics:
Stores         540
LookupAttempt  47878
LookupSuccess  2905
Collisions     0

<= 
< 
<  2e919e07079a32d3
<  a  b  c  d  e  f  g  h  i  j  k  
< 1\.  .  .  .  .  .  .  .  .  .  .\1
<  2\.  W  .  .  .  .  B  .  .  .  .\2
<   3\.  .  W  .  .  .  W  W  W  W  .\3
<    4\.  .  .  .  B  .  .  .  .  .  .\4
<     5\B  .  W  B  B  W  .  .  .  .  .\5
<      6\B  .  W  W  W  .  .  .  .  .  .\6
<       7\.  B  B  .  .  .  .  B  .  .  .\7
<        8\.  .  .  .  .  .  .  B  .  .  .\8
<         9\.  .  .  .  .  .  .  .  .  .  .\9
<         10\.  .  .  .  .  .  .  .  .  .  .\10
<          11\.  .  .  .  .  B  .  .  .  .  B\11
<              a  b  c  d  e  f  g  h  i  j  k  
<
>play w c4
<= 
<
>showboard
<= 
< 
<  c4e6992b52f33f8b
<  a  b  c  d  e  f  g  h  i  j  k  
< 1\.  .  .  .  .  .  .  .  .  .  .\1
<  2\.  W  .  .  .  .  B  .  .  .  .\2
<   3\.  .  W  .  .  .  W  W  W  W  .\3
<    4\.  .  W  .  B  .  .  .  .  .  .\4
<     5\B  .  W  B  B  W  .  .  .  .  .\5
<      6\B  .  W  W  W  .  .  .  .  .  .\6
<       7\.  B  B  .  .  .  .  B  .  .  .\7
<        8\.  .  .  .  .  .  .  B  .  .  .\8
<         9\.  .  .  .  .  .  .  .  .  .  .\9
<         10\.  .  .  .  .  .  .  .  .  .  .\10
<          11\.  .  .  .  .  B  .  .  .  .  B\11
<              a  b  c  d  e  f  g  h  i  j  k  
<
>genmove b
<= c2
<
>showboard
78027 info: PlayAndSolve: Building VCs to avoid race condition.
78027 info: PlayAndSolve: Continuing on as usual.
b7fe6 info: *** PlayerThread ***
bfff6 info: *** SolverThread ***
b7fe6 info: Opponent has won; playing most blocking move.
b7fe6 info: *** Player move: c2
bfff6 info: 
MID calls      0
VC builds      1
Terminal       1
Work           1
Wasted Work    0 (0%)
Elapsed Time   0.007214
MIDs/sec       0
VCs/sec        138.619
Cnt prune sib  0
Avg prune sib  -
Consider Size  -
Move Index     -
Move Percent   -
Delta Increase -
Winner         white
PV             

HashTableStatistics:
Stores         541
LookupAttempt  47884
LookupSuccess  2908
Collisions     0

<= 
< 
<  31928dd16d2d275e
<  a  b  c  d  e  f  g  h  i  j  k  
< 1\.  .  .  .  .  .  .  .  .  .  .\1
<  2\.  W  B  .  .  .  B  .  .  .  .\2
<   3\.  .  W  .  .  .  W  W  W  W  .\3
<    4\.  .  W  .  B  .  .  .  .  .  .\4
<     5\B  .  W  B  B  W  .  .  .  .  .\5
<      6\B  .  W  W  W  .  .  .  .  .  .\6
<       7\.  B  B  .  .  .  .  B  .  .  .\7
<        8\.  .  .  .  .  .  .  B  .  .  .\8
<         9\.  .  .  .  .  .  .  .  .  .  .\9
<         10\.  .  .  .  .  .  .  .  .  .  .\10
<          11\.  .  .  .  .  B  .  .  .  .  B\11
<              a  b  c  d  e  f  g  h  i  j  k  
<
>play w b3
<= 
<
>showboard
<= 
< 
<  c49e3596ce1937b3
<  a  b  c  d  e  f  g  h  i  j  k  
< 1\.  .  .  .  .  .  .  .  .  .  .\1
<  2\.  W  B  .  .  .  B  .  .  .  .\2
<   3\.  W  W  .  .  .  W  W  W  W  .\3
<    4\.  .  W  .  B  .  .  .  .  .  .\4
<     5\B  .  W  B  B  W  .  .  .  .  .\5
<      6\B  .  W  W  W  .  .  .  .  .  .\6
<       7\.  B  B  .  .  .  .  B  .  .  .\7
<        8\.  .  .  .  .  .  .  B  .  .  .\8
<         9\.  .  .  .  .  .  .  .  .  .  .\9
<         10\.  .  .  .  .  .  .  .  .  .  .\10
<          11\.  .  .  .  .  B  .  .  .  .  B\11
<              a  b  c  d  e  f  g  h  i  j  k  
<
>genmove b
<= f4
<
>showboard
78027 info: PlayAndSolve: Building VCs to avoid race condition.
78027 info: PlayAndSolve: Continuing on as usual.
bfff6 info: *** PlayerThread ***
b7fe6 info: *** SolverThread ***
bfff6 info: Captured cells caused win! Removing...
b7fe6 info: 
MID calls      0
VC builds      1
Terminal       1
Work           1
Wasted Work    0 (0%)
Elapsed Time   0.002917
MIDs/sec       0
VCs/sec        342.818
Cnt prune sib  0
Avg prune sib  -
Consider Size  -
Move Index     -
Move Percent   -
Delta Increase -
Winner         white
PV             

HashTableStatistics:
Stores         542
LookupAttempt  47890
LookupSuccess  2911
Collisions     0

bfff6 info: Opponent has won; playing most blocking move.
bfff6 info: *** Player move: f4
<= 
< 
<  de400bd0268d34d3
<  a  b  c  d  e  f  g  h  i  j  k  
< 1\.  .  .  .  .  .  .  .  .  .  .\1
<  2\.  W  B  .  .  .  B  .  .  .  .\2
<   3\.  W  W  .  .  .  W  W  W  W  .\3
<    4\.  .  W  .  B  B  .  .  .  .  .\4
<     5\B  .  W  B  B  W  .  .  .  .  .\5
<      6\B  .  W  W  W  .  .  .  .  .  .\6
<       7\.  B  B  .  .  .  .  B  .  .  .\7
<        8\.  .  .  .  .  .  .  B  .  .  .\8
<         9\.  .  .  .  .  .  .  .  .  .  .\9
<         10\.  .  .  .  .  .  .  .  .  .  .\10
<          11\.  .  .  .  .  B  .  .  .  .  B\11
<              a  b  c  d  e  f  g  h  i  j  k  
<
>play w g4
<= 
<
>showboard
<= 
< 
<  acd4803ef6009124
<  a  b  c  d  e  f  g  h  i  j  k  
< 1\.  .  .  .  .  .  .  .  .  .  .\1
<  2\.  W  B  .  .  .  B  .  .  .  .\2
<   3\.  W  W  .  .  .  W  W  W  W  .\3
<    4\.  .  W  .  B  B  W  .  .  .  .\4
<     5\B  .  W  B  B  W  .  .  .  .  .\5
<      6\B  .  W  W  W  .  .  .  .  .  .\6
<       7\.  B  B  .  .  .  .  B  .  .  .\7
<        8\.  .  .  .  .  .  .  B  .  .  .\8
<         9\.  .  .  .  .  .  .  .  .  .  .\9
<         10\.  .  .  .  .  .  .  .  .  .  .\10
<          11\.  .  .  .  .  B  .  .  .  .  B\11
<              a  b  c  d  e  f  g  h  i  j  k  
<
>genmove b
<= k2
<
>showboard
78027 info: PlayAndSolve: Building VCs to avoid race condition.
78027 info: PlayAndSolve: Continuing on as usual.
b7fe6 info: *** PlayerThread ***
bfff6 info: *** SolverThread ***
b7fe6 info: Captured cells caused win! Removing...
bfff6 info: 
MID calls      0
VC builds      1
Terminal       1
Work           1
Wasted Work    0 (0%)
Elapsed Time   0.003278
MIDs/sec       0
VCs/sec        305.064
Cnt prune sib  0
Avg prune sib  -
Consider Size  -
Move Index     -
Move Percent   -
Delta Increase -
Winner         white
PV             

HashTableStatistics:
Stores         543
LookupAttempt  47896
LookupSuccess  2914
Collisions     0

b7fe6 info: Opponent has won; playing most blocking move.
b7fe6 info: *** Player move: k2
<= 
< 
<  8e0ccfe8a66831f0
<  a  b  c  d  e  f  g  h  i  j  k  
< 1\.  .  .  .  .  .  .  .  .  .  .\1
<  2\.  W  B  .  .  .  B  .  .  .  B\2
<   3\.  W  W  .  .  .  W  W  W  W  .\3
<    4\.  .  W  .  B  B  W  .  .  .  .\4
<     5\B  .  W  B  B  W  .  .  .  .  .\5
<      6\B  .  W  W  W  .  .  .  .  .  .\6
<       7\.  B  B  .  .  .  .  B  .  .  .\7
<        8\.  .  .  .  .  .  .  B  .  .  .\8
<         9\.  .  .  .  .  .  .  .  .  .  .\9
<         10\.  .  .  .  .  .  .  .  .  .  .\10
<          11\.  .  .  .  .  B  .  .  .  .  B\11
<              a  b  c  d  e  f  g  h  i  j  k  
<
>play w k3
<= 
<
>showboard
<= 
< 
<  5b76091a88d1af99
<  a  b  c  d  e  f  g  h  i  j  k  
< 1\.  .  .  .  .  .  .  .  .  .  .\1
<  2\.  W  B  .  .  .  B  .  .  .  B\2
<   3\.  W  W  .  .  .  W  W  W  W  W\3
<    4\.  .  W  .  B  B  W  .  .  .  .\4
<     5\B  .  W  B  B  W  .  .  .  .  .\5
<      6\B  .  W  W  W  .  .  .  .  .  .\6
<       7\.  B  B  .  .  .  .  B  .  .  .\7
<        8\.  .  .  .  .  .  .  B  .  .  .\8
<         9\.  .  .  .  .  .  .  .  .  .  .\9
<         10\.  .  .  .  .  .  .  .  .  .  .\10
<          11\.  .  .  .  .  B  .  .  .  .  B\11
<              a  b  c  d  e  f  g  h  i  j  k  
<
>genmove b
<= a2
<
>showboard
78027 info: PlayAndSolve: Building VCs to avoid race condition.
78027 info: PlayAndSolve: Continuing on as usual.
bfff6 info: *** PlayerThread ***
b7fe6 info: *** SolverThread ***
bfff6 info: Captured cells caused win! Removing...
b7fe6 info: 
MID calls      0
VC builds      1
Terminal       1
Work           1
Wasted Work    0 (0%)
Elapsed Time   0.003154
MIDs/sec       0
VCs/sec        317.058
Cnt prune sib  0
Avg prune sib  -
Consider Size  -
Move Index     -
Move Percent   -
Delta Increase -
Winner         white
PV             

HashTableStatistics:
Stores         544
LookupAttempt  47902
LookupSuccess  2917
Collisions     0

bfff6 info: Opponent has won; playing most blocking move.
bfff6 info: *** Player move: a2
<= 
< 
<  06c71cb8ce4ce89f
<  a  b  c  d  e  f  g  h  i  j  k  
< 1\.  .  .  .  .  .  .  .  .  .  .\1
<  2\B  W  B  .  .  .  B  .  .  .  B\2
<   3\.  W  W  .  .  .  W  W  W  W  W\3
<    4\.  .  W  .  B  B  W  .  .  .  .\4
<     5\B  .  W  B  B  W  .  .  .  .  .\5
<      6\B  .  W  W  W  .  .  .  .  .  .\6
<       7\.  B  B  .  .  .  .  B  .  .  .\7
<        8\.  .  .  .  .  .  .  B  .  .  .\8
<         9\.  .  .  .  .  .  .  .  .  .  .\9
<         10\.  .  .  .  .  .  .  .  .  .  .\10
<          11\.  .  .  .  .  B  .  .  .  .  B\11
<              a  b  c  d  e  f  g  h  i  j  k  
<
>play w a3
<= 
<
>showboard
<= 
< 
<  4f5e656fc1226071
<  a  b  c  d  e  f  g  h  i  j  k  
< 1\.  .  .  .  .  .  .  .  .  .  .\1
<  2\B  W  B  .  .  .  B  .  .  .  B\2
<   3\W  W  W  .  .  .  W  W  W  W  W\3
<    4\.  .  W  .  B  B  W  .  .  .  .\4
<     5\B  .  W  B  B  W  .  .  .  .  .\5
<      6\B  .  W  W  W  .  .  .  .  .  .\6
<       7\.  B  B  .  .  .  .  B  .  .  .\7
<        8\.  .  .  .  .  .  .  B  .  .  .\8
<         9\.  .  .  .  .  .  .  .  .  .  .\9
<         10\.  .  .  .  .  .  .  .  .  .  .\10
<          11\.  .  .  .  .  B  .  .  .  .  B\11
<              a  b  c  d  e  f  g  h  i  j  k  
<
>genmove b
<= resign
<
>showboard
<= 
< 
<  4f5e656fc1226071
<  a  b  c  d  e  f  g  h  i  j  k  
< 1\.  .  .  .  .  .  .  .  .  .  .\1
<  2\B  W  B  .  .  .  B  .  .  .  B\2
<   3\W  W  W  .  .  .  W  W  W  W  W\3
<    4\.  .  W  .  B  B  W  .  .  .  .\4
<     5\B  .  W  B  B  W  .  .  .  .  .\5
<      6\B  .  W  W  W  .  .  .  .  .  .\6
<       7\.  B  B  .  .  .  .  B  .  .  .\7
<        8\.  .  .  .  .  .  .  B  .  .  .\8
<         9\.  .  .  .  .  .  .  .  .  .  .\9
<         10\.  .  .  .  .  .  .  .  .  .  .\10
<          11\.  .  .  .  .  B  .  .  .  .  B\11
<              a  b  c  d  e  f  g  h  i  j  k  
<
>final_score
<= W+
<
>quit
<= 
<
