be8a7 config: MoHex v2.0.CMake Mar 21 2025.
be8a7 config: ============ InitializeSystem ============
be8a7 config: BenzeneProgram::InitRandom()
be8a7 config: Seed = 717899
be8a7 info: Prior Patterns:
be8a7 info: Global:
be8a7 info: Size            = 565 32648 
be8a7 info: TableEntries    = 65932 65910
be8a7 info: MirrorsAdded    = 0 0
be8a7 info: PrunableCount   = 30593 30629
be8a7 info: LargestGamma    = 5820.77
be8a7 info: SmallestGamma   = 6.6e-05
be8a7 info: Local:
be8a7 info: Size            = 550 5318 
be8a7 info: TableEntries    = 11602 11588
be8a7 info: MirrorsAdded    = 0 0
be8a7 info: PrunableCount   = 3659 3667
be8a7 info: LargestGamma    = 11281.8
be8a7 info: SmallestGamma   = 0.026235
be8a7 info: Playout Patterns:
be8a7 info: Global:
be8a7 info: Size            = 565 32648 
be8a7 info: TableEntries    = 70329 70329
be8a7 info: MirrorsAdded    = 4397 4419
be8a7 info: PrunableCount   = 30593 30629
be8a7 info: LargestGamma    = 5820.77
be8a7 info: SmallestGamma   = 6.6e-05
be8a7 info: Local:
be8a7 info: Size            = 550 5318 
be8a7 info: TableEntries    = 11602 11588
be8a7 info: MirrorsAdded    = 0 0
be8a7 info: PrunableCount   = 3659 3667
be8a7 info: LargestGamma    = 11281.8
be8a7 info: SmallestGamma   = 0.026235
be8a7 config: IcePatternSet: reading from '/home/linus/MoHex2.0/nfbranchfix/benzene-vanilla-cmake/share/ice-patterns.txt'.
be8a7 config: IcePatternSet: parsed 708 patterns.
be8a7 config: VCS: reading captured set patterns from '/home/linus/MoHex2.0/nfbranchfix/benzene-vanilla-cmake/share/vc-captured-set.txt'.
be8a7 config: VCS:: parsed 2 patterns.
be8a7 config: VCS: reading captured set patterns from '/home/linus/MoHex2.0/nfbranchfix/benzene-vanilla-cmake/share/vc-captured-set.txt'.
be8a7 config: VCS:: parsed 2 patterns.
be8a7 config: IcePatternSet: reading from '/home/linus/MoHex2.0/nfbranchfix/benzene-vanilla-cmake/share/ice-patterns.txt'.
be8a7 config: IcePatternSet: parsed 708 patterns.
be8a7 config: VCS: reading captured set patterns from '/home/linus/MoHex2.0/nfbranchfix/benzene-vanilla-cmake/share/vc-captured-set.txt'.
be8a7 config: VCS:: parsed 2 patterns.
be8a7 config: VCS: reading captured set patterns from '/home/linus/MoHex2.0/nfbranchfix/benzene-vanilla-cmake/share/vc-captured-set.txt'.
be8a7 config: VCS:: parsed 2 patterns.
be8a7 config: VCS: reading captured set patterns from '/home/linus/MoHex2.0/nfbranchfix/benzene-vanilla-cmake/share/vc-captured-set.txt'.
be8a7 config: VCS:: parsed 2 patterns.
be8a7 config: VCS: reading captured set patterns from '/home/linus/MoHex2.0/nfbranchfix/benzene-vanilla-cmake/share/vc-captured-set.txt'.
be8a7 config: VCS:: parsed 2 patterns.
be8a7 config: VCS: reading captured set patterns from '/home/linus/MoHex2.0/nfbranchfix/benzene-vanilla-cmake/share/vc-captured-set.txt'.
be8a7 config: VCS:: parsed 2 patterns.
be8a7 config: VCS: reading captured set patterns from '/home/linus/MoHex2.0/nfbranchfix/benzene-vanilla-cmake/share/vc-captured-set.txt'.
be8a7 config: VCS:: parsed 2 patterns.
be8a7 info: PlayAndSolve: Building VCs to avoid race condition.
be8a7 config: VCPattern: loading pattern templates from '/home/linus/MoHex2.0/nfbranchfix/benzene-vanilla-cmake/share/vc-patterns.txt'.
be8a7 info: PlayAndSolve: Continuing on as usual.
4bb46 info: *** PlayerThread ***
ffff6 info: *** SolverThread ***
f7fe6 config: VCS: reading captured set patterns from '/home/linus/MoHex2.0/nfbranchfix/benzene-vanilla-cmake/share/vc-captured-set.txt'.
f7fe6 config: VCS:: parsed 2 patterns.
f7fe6 config: VCS: reading captured set patterns from '/home/linus/MoHex2.0/nfbranchfix/benzene-vanilla-cmake/share/vc-captured-set.txt'.
f7fe6 config: VCS:: parsed 2 patterns.
f7fe6 dfpn: 
4bb46 info: Best move cannot be determined, must search state.
4bb46 info: --- MoHexPlayer::Search() ---
4bb46 info: Color: white
4bb46 info: MaxGames: 1
4bb46 info: NumberThreads: 1
4bb46 info: MaxNodes: 181818181 (15999999928 bytes)
4bb46 info: TimeForMove: 1
f7fe6 dfpn: d8
f7fe6 dfpn: b10
f7fe6 dfpn: c9
f7fe6 dfpn: c8
f7fe6 dfpn: h4
f7fe6 dfpn: e7
f7fe6 dfpn: b8
f7fe6 dfpn: e8
f7fe6 dfpn: g5
f7fe6 dfpn: d7
f7fe6 dfpn: b9
f7fe6 dfpn: f7
f7fe6 dfpn: c7
f7fe6 dfpn: i3
f7fe6 dfpn: f6
f7fe6 dfpn: g6
f7fe6 dfpn: e6
f7fe6 dfpn: b7
f7fe6 dfpn: h5
f7fe6 dfpn: d9
f7fe6 dfpn: g7
f7fe6 dfpn: c6
f7fe6 dfpn: c10
f7fe6 dfpn: g4
f7fe6 dfpn: b9
4bb46 info: PreSearch: max time reached (53/90).
4bb46 info: Time for PreSearch: 0.203484s
4bb46 info: 
  858bade34cb69b71
  a  b  c  d  e  f  g  h  i  j  k  
 1\.  .  .  *  *  *  *  *  *  *  .\1
  2\.  .  *  *  .  *  *  *  *  *  .\2
   3\.  *  *  *  *  *  *  *  *  *  .\3
    4\.  *  *  *  *  *  *  *  *  *  .\4
     5\.  B  *  *  *  *  *  *  *  *  .\5
      6\.  *  *  *  *  *  *  *  *  *  .\6
       7\.  *  *  *  *  *  *  *  *  *  .\7
        8\.  *  *  *  *  *  *  *  *  *  .\8
         9\.  *  *  *  *  *  *  *  *  *  .\9
         10\.  *  *  *  *  *  .  *  *  .  .\10
          11\.  *  *  *  *  *  *  *  .  .  .\11
              a  b  c  d  e  f  g  h  i  j  k  
4bb46 info: No subtree to reuse.
4bb46 info: Creating thread 0
4bb46 info: StartSearch()[0]
4bb46 config: VCS: reading captured set patterns from '/home/linus/MoHex2.0/nfbranchfix/benzene-vanilla-cmake/share/vc-captured-set.txt'.
4bb46 config: VCS:: parsed 2 patterns.
4bb46 config: VCS: reading captured set patterns from '/home/linus/MoHex2.0/nfbranchfix/benzene-vanilla-cmake/share/vc-captured-set.txt'.
4bb46 config: VCS:: parsed 2 patterns.
4bb46 info: 
Elapsed Time   0.354471s
Count          1
GamesPlayed    1
Nodes          1
Knowledge      0 (0.0%)
Expansions     0.0
Time           0.00
GameLen        120.0 dev=0.0 min=120.0 max=120.0
InTree         0.0 dev=0.0 min=0.0 max=0.0
KnowDepth      -
Aborted        0%
Games/s        382.4
Score          0.00
Sequence      
4bb46 info: 
4bb46 warning: **** MoHexSearch returned empty sequence!
4bb46 warning: **** Returning random move!
4bb46 info: *** Player move: f4
f7fe6 info: DfpnSolver::CheckAbort(): Abort flag!
ffff6 info: 
MID calls      45
VC builds      44
Terminal       0
Work           45
Wasted Work    0 (0%)
Elapsed Time   0.370877
MIDs/sec       121.334
VCs/sec        118.638
Cnt prune sib  0
Avg prune sib  -
Consider Size  86.8409 dev=2.07736 min=82 max=90
Move Index     -
Move Percent   -
Delta Increase 2.86364 dev=12.0691 min=1 max=82
Winner         empty
PV             b9 g4 f6

HashTableStatistics:
Stores         114
LookupAttempt  12425
LookupSuccess  723
Collisions     0

ffff6 info: Search aborted.
be8a7 info: PlayAndSolve: Building VCs to avoid race condition.
be8a7 info: PlayAndSolve: Continuing on as usual.
ffff6 info: *** PlayerThread ***
4bb46 info: *** SolverThread ***
f7fe6 config: VCS: reading captured set patterns from '/home/linus/MoHex2.0/nfbranchfix/benzene-vanilla-cmake/share/vc-captured-set.txt'.
f7fe6 config: VCS:: parsed 2 patterns.
f7fe6 config: VCS: reading captured set patterns from '/home/linus/MoHex2.0/nfbranchfix/benzene-vanilla-cmake/share/vc-captured-set.txt'.
f7fe6 config: VCS:: parsed 2 patterns.
f7fe6 dfpn: 
ffff6 info: Best move cannot be determined, must search state.
ffff6 info: --- MoHexPlayer::Search() ---
ffff6 info: Color: white
ffff6 info: MaxGames: 1
ffff6 info: NumberThreads: 1
ffff6 info: MaxNodes: 181818181 (15999999928 bytes)
ffff6 info: TimeForMove: 1
f7fe6 dfpn: h3
f7fe6 dfpn: h4
f7fe6 dfpn: i3
f7fe6 dfpn: c6
f7fe6 dfpn: d8
f7fe6 dfpn: c9
f7fe6 dfpn: g5
f7fe6 dfpn: d5
f7fe6 dfpn: c8
f7fe6 dfpn: c7
f7fe6 dfpn: b8
f7fe6 dfpn: g4
f7fe6 dfpn: j2
f7fe6 dfpn: b10
f7fe6 dfpn: h5
f7fe6 dfpn: b6
f7fe6 dfpn: b7
f7fe6 dfpn: i4
f7fe6 dfpn: b9
f7fe6 dfpn: d7
f7fe6 dfpn: e8
f7fe6 dfpn: d6
f7fe6 dfpn: d9
ffff6 info: PreSearch: max time reached (43/88).
ffff6 info: Time for PreSearch: 0.201468s
f7fe6 dfpn: b8
ffff6 info: 
  88c344b891abffa8
  a  b  c  d  e  f  g  h  i  j  k  
 1\.  .  .  *  *  *  *  *  *  *  .\1
  2\.  .  *  *  *  *  *  *  *  *  .\2
   3\.  *  *  *  *  *  *  *  *  *  .\3
    4\.  *  *  *  *  W  *  *  *  *  .\4
     5\.  B  *  *  *  *  *  *  *  *  .\5
      6\.  *  *  *  *  *  *  *  *  *  .\6
       7\.  *  *  *  *  *  *  *  *  *  .\7
        8\.  *  *  *  *  *  *  *  *  *  .\8
         9\.  *  *  *  *  *  *  *  *  *  .\9
         10\.  *  *  *  *  *  *  *  *  .  .\10
          11\.  .  B  .  *  *  *  *  .  .  .\11
              a  b  c  d  e  f  g  h  i  j  k  
ffff6 info: Old: [black, b5] [white, swap-pieces] 
ffff6 info: New: [black, b5] [white, swap-pieces] [white, f4] [black, c11] 
ffff6 info: ReuseSubtree: Colors do not alternate.
ffff6 info: No subtree to reuse.
ffff6 info: StartSearch()[0]
ffff6 info: 
Elapsed Time   0.351326s
Count          1
GamesPlayed    1
Nodes          1
Knowledge      0 (0.0%)
Expansions     0.0
Time           0.00
GameLen        118.0 dev=0.0 min=118.0 max=118.0
InTree         0.0 dev=0.0 min=0.0 max=0.0
KnowDepth      -
Aborted        0%
Games/s        3508.8
Score          1.00
Sequence      
ffff6 info: 
ffff6 warning: **** MoHexSearch returned empty sequence!
ffff6 warning: **** Returning random move!
ffff6 info: *** Player move: k3
f7fe6 info: DfpnSolver::CheckAbort(): Abort flag!
4bb46 info: 
MID calls      46
VC builds      45
Terminal       0
Work           46
Wasted Work    0 (0%)
Elapsed Time   0.362562
MIDs/sec       126.875
VCs/sec        124.117
Cnt prune sib  0
Avg prune sib  -
Consider Size  83.9333 dev=3.14416 min=78 max=88
Move Index     -
Move Percent   -
Delta Increase 4.48889 dev=16.0715 min=1 max=80
Winner         empty
PV             b8 e5 e4

HashTableStatistics:
Stores         229
LookupAttempt  24301
LookupSuccess  1396
Collisions     0

4bb46 info: Search aborted.
be8a7 info: PlayAndSolve: Building VCs to avoid race condition.
be8a7 info: PlayAndSolve: Continuing on as usual.
4bb46 info: *** PlayerThread ***
ffff6 info: *** SolverThread ***
f7fe6 config: VCS: reading captured set patterns from '/home/linus/MoHex2.0/nfbranchfix/benzene-vanilla-cmake/share/vc-captured-set.txt'.
f7fe6 config: VCS:: parsed 2 patterns.
f7fe6 config: VCS: reading captured set patterns from '/home/linus/MoHex2.0/nfbranchfix/benzene-vanilla-cmake/share/vc-captured-set.txt'.
f7fe6 config: VCS:: parsed 2 patterns.
f7fe6 dfpn: 
4bb46 info: Best move cannot be determined, must search state.
4bb46 info: --- MoHexPlayer::Search() ---
4bb46 info: Color: white
4bb46 info: MaxGames: 1
4bb46 info: NumberThreads: 1
4bb46 info: MaxNodes: 181818181 (15999999928 bytes)
4bb46 info: TimeForMove: 1
f7fe6 dfpn: c6
f7fe6 dfpn: h4
f7fe6 dfpn: h3
f7fe6 dfpn: c7
f7fe6 dfpn: c9
f7fe6 dfpn: d8
f7fe6 dfpn: b8
f7fe6 dfpn: c8
f7fe6 dfpn: i3
f7fe6 dfpn: b7
f7fe6 dfpn: b10
f7fe6 dfpn: d6
f7fe6 dfpn: b6
f7fe6 dfpn: b9
f7fe6 dfpn: g5
f7fe6 dfpn: d5
f7fe6 dfpn: d7
f7fe6 dfpn: h5
f7fe6 dfpn: g4
f7fe6 dfpn: i4
f7fe6 dfpn: e8
f7fe6 dfpn: d9
f7fe6 dfpn: e7
f7fe6 dfpn: b8
4bb46 info: PreSearch: max time reached (52/87).
4bb46 info: Time for PreSearch: 0.202969s
4bb46 info: 
  f4a57b0dcb1bfe37
  a  b  c  d  e  f  g  h  i  j  k  
 1\.  .  .  *  *  *  *  *  *  *  .\1
  2\.  .  *  *  *  *  *  *  *  *  .\2
   3\.  .  *  *  *  *  *  *  *  *  W\3
    4\.  B  *  *  *  W  *  *  *  *  .\4
     5\b  B  *  *  *  *  *  *  *  *  .\5
      6\.  *  *  *  *  *  *  *  *  *  .\6
       7\.  *  *  *  *  *  *  *  *  *  .\7
        8\.  *  *  *  *  *  *  *  *  *  .\8
         9\.  *  *  *  *  *  *  *  *  *  .\9
         10\.  *  *  *  *  *  *  *  *  .  .\10
          11\.  .  B  .  *  *  *  *  .  .  .\11
              a  b  c  d  e  f  g  h  i  j  k  
4bb46 info: Old: [black, b5] [white, swap-pieces] [white, f4] [black, c11] 
4bb46 info: New: [black, b5] [white, swap-pieces] [white, f4] [black, c11] [white, k3] [black, b4] 
4bb46 info: MovesPlayed: [white, k3] [black, b4] 
4bb46 info: No subtree to reuse.
4bb46 info: StartSearch()[0]
4bb46 info: 
Elapsed Time   0.351038s
Count          1
GamesPlayed    1
Nodes          1
Knowledge      0 (0.0%)
Expansions     0.0
Time           0.00
GameLen        115.0 dev=0.0 min=115.0 max=115.0
InTree         0.0 dev=0.0 min=0.0 max=0.0
KnowDepth      -
Aborted        0%
Games/s        3058.1
Score          1.00
Sequence      
4bb46 info: 
4bb46 warning: **** MoHexSearch returned empty sequence!
4bb46 warning: **** Returning random move!
4bb46 info: *** Player move: k11
f7fe6 info: DfpnSolver::CheckAbort(): Abort flag!
ffff6 info: 
MID calls      47
VC builds      45
Terminal       0
Work           47
Wasted Work    0 (0%)
Elapsed Time   0.370578
MIDs/sec       126.829
VCs/sec        121.432
Cnt prune sib  0
Avg prune sib  -
Consider Size  80.7111 dev=2.75417 min=69 max=87
Move Index     -
Move Percent   -
Delta Increase 4.32609 dev=15.3921 min=1 max=78
Winner         empty
PV             b8 c9 d7 h4

HashTableStatistics:
Stores         345
LookupAttempt  36011
LookupSuccess  2071
Collisions     0

ffff6 info: Search aborted.
be8a7 info: PlayAndSolve: Building VCs to avoid race condition.
be8a7 info: PlayAndSolve: Continuing on as usual.
ffff6 info: *** PlayerThread ***
4bb46 info: *** SolverThread ***
f7fe6 config: VCS: reading captured set patterns from '/home/linus/MoHex2.0/nfbranchfix/benzene-vanilla-cmake/share/vc-captured-set.txt'.
f7fe6 config: VCS:: parsed 2 patterns.
f7fe6 config: VCS: reading captured set patterns from '/home/linus/MoHex2.0/nfbranchfix/benzene-vanilla-cmake/share/vc-captured-set.txt'.
f7fe6 config: VCS:: parsed 2 patterns.
f7fe6 dfpn: 
ffff6 info: Best move cannot be determined, must search state.
ffff6 info: --- MoHexPlayer::Search() ---
ffff6 info: Color: white
ffff6 info: MaxGames: 1
ffff6 info: NumberThreads: 1
ffff6 info: MaxNodes: 181818181 (15999999928 bytes)
ffff6 info: TimeForMove: 1
f7fe6 dfpn: c6
f7fe6 dfpn: h3
f7fe6 dfpn: h4
f7fe6 dfpn: g6
f7fe6 dfpn: g5
f7fe6 dfpn: c7
f7fe6 dfpn: c8
f7fe6 dfpn: i3
f7fe6 dfpn: d6
f7fe6 dfpn: d5
f7fe6 dfpn: h5
f7fe6 dfpn: g4
f7fe6 dfpn: e7
f7fe6 dfpn: b8
f7fe6 dfpn: d7
f7fe6 dfpn: b6
f7fe6 dfpn: b7
f7fe6 dfpn: i4
f7fe6 dfpn: e6
f7fe6 dfpn: c9
f7fe6 dfpn: e5
ffff6 info: PreSearch: max time reached (48/88).
ffff6 info: Time for PreSearch: 0.204009s
f7fe6 dfpn: f7
f7fe6 dfpn: j2
ffff6 info: 
  e4760f046a9c1b0a
  a  b  c  d  e  f  g  h  i  j  k  
 1\.  .  .  *  *  *  *  *  *  *  .\1
  2\.  .  *  *  *  *  *  *  *  *  .\2
   3\.  .  *  *  *  *  *  *  *  *  W\3
    4\.  B  *  *  *  W  *  *  *  *  .\4
     5\b  B  *  *  *  *  *  *  *  *  .\5
      6\.  *  *  *  *  *  *  *  *  *  .\6
       7\.  *  *  *  *  *  *  *  *  *  .\7
        8\.  *  *  *  *  B  *  *  *  *  .\8
         9\.  *  *  *  *  *  *  *  *  *  .\9
         10\.  *  *  *  *  *  *  *  *  *  w\10
          11\.  .  B  .  *  *  *  *  *  .  W\11
              a  b  c  d  e  f  g  h  i  j  k  
f7fe6 dfpn: b8
ffff6 info: Old: [black, b5] [white, swap-pieces] [white, f4] [black, c11] [white, k3] [black, b4] 
ffff6 info: New: [black, b5] [white, swap-pieces] [white, f4] [black, c11] [white, k3] [black, b4] [white, k11] [black, f8] 
ffff6 info: MovesPlayed: [white, k11] [black, f8] 
ffff6 info: No subtree to reuse.
ffff6 info: StartSearch()[0]
ffff6 info: 
Elapsed Time   0.362493s
Count          1
GamesPlayed    1
Nodes          1
Knowledge      0 (0.0%)
Expansions     0.0
Time           0.00
GameLen        112.0 dev=0.0 min=112.0 max=112.0
InTree         0.0 dev=0.0 min=0.0 max=0.0
KnowDepth      -
Aborted        0%
Games/s        3164.6
Score          1.00
Sequence      
ffff6 info: 
ffff6 warning: **** MoHexSearch returned empty sequence!
ffff6 warning: **** Returning random move!
ffff6 info: *** Player move: k9
f7fe6 info: DfpnSolver::CheckAbort(): Abort flag!
4bb46 info: 
MID calls      38
VC builds      37
Terminal       0
Work           38
Wasted Work    0 (0%)
Elapsed Time   0.381521
MIDs/sec       99.6013
VCs/sec        96.9802
Cnt prune sib  0
Avg prune sib  -
Consider Size  75.7568 dev=14.6755 min=36 max=88
Move Index     -
Move Percent   -
Delta Increase 3.05405 dev=11.9954 min=1 max=75
Winner         empty
PV             b8 g4 g6

HashTableStatistics:
Stores         444
LookupAttempt  46892
LookupSuccess  2736
Collisions     0

4bb46 info: Search aborted.
be8a7 info: PlayAndSolve: Building VCs to avoid race condition.
be8a7 info: PlayAndSolve: Continuing on as usual.
4bb46 info: *** PlayerThread ***
ffff6 info: *** SolverThread ***
f7fe6 config: VCS: reading captured set patterns from '/home/linus/MoHex2.0/nfbranchfix/benzene-vanilla-cmake/share/vc-captured-set.txt'.
f7fe6 config: VCS:: parsed 2 patterns.
f7fe6 config: VCS: reading captured set patterns from '/home/linus/MoHex2.0/nfbranchfix/benzene-vanilla-cmake/share/vc-captured-set.txt'.
f7fe6 config: VCS:: parsed 2 patterns.
f7fe6 dfpn: 
4bb46 info: Best move cannot be determined, must search state.
4bb46 info: --- MoHexPlayer::Search() ---
4bb46 info: Color: white
4bb46 info: MaxGames: 1
4bb46 info: NumberThreads: 1
4bb46 info: MaxNodes: 181818181 (15999999928 bytes)
4bb46 info: TimeForMove: 1
f7fe6 dfpn: h3
f7fe6 dfpn: h4
f7fe6 dfpn: c6
f7fe6 dfpn: g6
f7fe6 dfpn: g5
f7fe6 dfpn: i3
f7fe6 dfpn: c7
f7fe6 dfpn: d6
f7fe6 dfpn: h5
f7fe6 dfpn: d5
f7fe6 dfpn: g4
f7fe6 dfpn: e7
f7fe6 dfpn: c8
f7fe6 dfpn: d7
f7fe6 dfpn: e6
f7fe6 dfpn: i4
f7fe6 dfpn: b8
f7fe6 dfpn: b6
f7fe6 dfpn: b7
f7fe6 dfpn: j2
f7fe6 dfpn: f7
f7fe6 dfpn: b8
4bb46 info: PreSearch: max time reached (54/78).
4bb46 info: Time for PreSearch: 0.203505s
4bb46 info: 
  6b9fc0db16333ffd
  a  b  c  d  e  f  g  h  i  j  k  
 1\.  .  .  *  *  *  *  *  *  *  .\1
  2\.  .  *  *  *  *  *  *  *  *  .\2
   3\.  .  *  *  *  *  *  *  *  *  W\3
    4\.  B  *  *  *  W  *  *  *  *  .\4
     5\b  B  *  *  *  *  *  *  *  *  .\5
      6\.  *  *  *  *  *  *  *  *  *  .\6
       7\.  *  *  *  *  *  *  *  *  *  .\7
        8\.  *  *  *  *  B  *  *  *  *  .\8
         9\.  *  *  *  *  .  *  *  *  *  W\9
         10\.  *  *  .  .  B  .  *  *  .  b\10
          11\.  .  B  b  b  b  b  .  *  .  W\11
              a  b  c  d  e  f  g  h  i  j  k  
4bb46 info: Old: [black, b5] [white, swap-pieces] [white, f4] [black, c11] [white, k3] [black, b4] [white, k11] [black, f8] 
4bb46 info: New: [black, b5] [white, swap-pieces] [white, f4] [black, c11] [white, k3] [black, b4] [white, k11] [black, f8] [white, k9] [black, f10] 
4bb46 info: MovesPlayed: [white, k9] [black, f10] 
4bb46 info: No subtree to reuse.
4bb46 info: StartSearch()[0]
4bb46 info: 
Elapsed Time   0.360938s
Count          1
GamesPlayed    1
Nodes          1
Knowledge      0 (0.0%)
Expansions     0.0
Time           0.00
GameLen        106.0 dev=0.0 min=106.0 max=106.0
InTree         0.0 dev=0.0 min=0.0 max=0.0
KnowDepth      -
Aborted        0%
Games/s        3236.2
Score          0.00
Sequence      
4bb46 info: 
4bb46 warning: **** MoHexSearch returned empty sequence!
4bb46 warning: **** Returning random move!
4bb46 info: *** Player move: c3
f7fe6 info: DfpnSolver::CheckAbort(): Abort flag!
ffff6 info: 
MID calls      44
VC builds      42
Terminal       0
Work           44
Wasted Work    0 (0%)
Elapsed Time   0.376659
MIDs/sec       116.817
VCs/sec        111.507
Cnt prune sib  0
Avg prune sib  -
Consider Size  62.3333 dev=19.4761 min=11 max=78
Move Index     -
Move Percent   -
Delta Increase 3.11628 dev=10.2803 min=1 max=68
Winner         empty
PV             b8 h5 i3 g4

HashTableStatistics:
Stores         552
LookupAttempt  56108
LookupSuccess  3312
Collisions     0

ffff6 info: Search aborted.
be8a7 info: PlayAndSolve: Building VCs to avoid race condition.
be8a7 info: PlayAndSolve: Continuing on as usual.
ffff6 info: *** PlayerThread ***
4bb46 info: *** SolverThread ***
f7fe6 config: VCS: reading captured set patterns from '/home/linus/MoHex2.0/nfbranchfix/benzene-vanilla-cmake/share/vc-captured-set.txt'.
f7fe6 config: VCS:: parsed 2 patterns.
f7fe6 config: VCS: reading captured set patterns from '/home/linus/MoHex2.0/nfbranchfix/benzene-vanilla-cmake/share/vc-captured-set.txt'.
f7fe6 config: VCS:: parsed 2 patterns.
f7fe6 dfpn: 
ffff6 info: Best move cannot be determined, must search state.
ffff6 info: --- MoHexPlayer::Search() ---
ffff6 info: Color: white
ffff6 info: MaxGames: 1
ffff6 info: NumberThreads: 1
ffff6 info: MaxNodes: 181818181 (15999999928 bytes)
ffff6 info: TimeForMove: 1
f7fe6 dfpn: c6
f7fe6 dfpn: d5
f7fe6 dfpn: h3
f7fe6 dfpn: h4
f7fe6 dfpn: b3
f7fe6 dfpn: g5
f7fe6 dfpn: d4
f7fe6 dfpn: g4
f7fe6 dfpn: d6
f7fe6 dfpn: i3
f7fe6 dfpn: e4
f7fe6 dfpn: e5
f7fe6 dfpn: h5
f7fe6 dfpn: g6
f7fe6 dfpn: j2
f7fe6 dfpn: d8
f7fe6 dfpn: i4
f7fe6 dfpn: b6
f7fe6 dfpn: e3
f7fe6 dfpn: i2
f7fe6 dfpn: c6
ffff6 info: PreSearch: max time reached (57/76).
ffff6 info: Time for PreSearch: 0.203217s
ffff6 info: 
  215104a3590a09c9
  a  b  c  d  e  f  g  h  i  j  k  
 1\.  .  .  *  *  *  *  *  *  *  .\1
  2\.  .  *  *  *  *  *  *  *  *  .\2
   3\.  .  W  *  *  *  *  *  *  *  W\3
    4\.  B  *  *  *  W  *  *  *  *  .\4
     5\b  B  *  *  *  *  *  *  *  *  .\5
      6\.  *  *  *  *  *  *  *  *  *  .\6
       7\.  *  *  B  *  *  *  *  *  *  .\7
        8\.  *  *  *  *  B  *  *  *  *  .\8
         9\.  *  *  *  *  .  *  *  *  *  W\9
         10\.  *  *  .  .  B  .  *  *  .  b\10
          11\.  .  B  b  b  b  b  .  *  .  W\11
              a  b  c  d  e  f  g  h  i  j  k  
ffff6 info: Old: [black, b5] [white, swap-pieces] [white, f4] [black, c11] [white, k3] [black, b4] [white, k11] [black, f8] [white, k9] [black, f10] 
ffff6 info: New: [black, b5] [white, swap-pieces] [white, f4] [black, c11] [white, k3] [black, b4] [white, k11] [black, f8] [white, k9] [black, f10] [white, c3] [black, d7] 
ffff6 info: MovesPlayed: [white, c3] [black, d7] 
ffff6 info: No subtree to reuse.
f7fe6 dfpn: b6
ffff6 info: StartSearch()[0]
ffff6 info: 
Elapsed Time   0.363s
Count          1
GamesPlayed    1
Nodes          1
Knowledge      0 (0.0%)
Expansions     0.0
Time           0.00
GameLen        104.0 dev=0.0 min=104.0 max=104.0
InTree         0.0 dev=0.0 min=0.0 max=0.0
KnowDepth      -
Aborted        0%
Games/s        2924.0
Score          0.00
Sequence      
ffff6 info: 
ffff6 warning: **** MoHexSearch returned empty sequence!
ffff6 warning: **** Returning random move!
ffff6 info: *** Player move: c7
f7fe6 info: DfpnSolver::CheckAbort(): Abort flag!
4bb46 info: 
MID calls      51
VC builds      48
Terminal       0
Work           51
Wasted Work    0 (0%)
Elapsed Time   0.379971
MIDs/sec       134.221
VCs/sec        126.325
Cnt prune sib  1
Avg prune sib  1 dev=0 min=1 max=1
Consider Size  62.6458 dev=16.8245 min=18 max=76
Move Index     -
Move Percent   -
Delta Increase 2.82 dev=9.62017 min=1 max=68
Winner         empty
PV             b6 h3 g5

HashTableStatistics:
Stores         675
LookupAttempt  65560
LookupSuccess  3893
Collisions     0

4bb46 info: Search aborted.
be8a7 info: PlayAndSolve: Building VCs to avoid race condition.
be8a7 info: PlayAndSolve: Continuing on as usual.
4bb46 info: *** PlayerThread ***
ffff6 info: *** SolverThread ***
f7fe6 config: VCS: reading captured set patterns from '/home/linus/MoHex2.0/nfbranchfix/benzene-vanilla-cmake/share/vc-captured-set.txt'.
f7fe6 config: VCS:: parsed 2 patterns.
f7fe6 config: VCS: reading captured set patterns from '/home/linus/MoHex2.0/nfbranchfix/benzene-vanilla-cmake/share/vc-captured-set.txt'.
f7fe6 config: VCS:: parsed 2 patterns.
f7fe6 dfpn: 
4bb46 info: Best move cannot be determined, must search state.
4bb46 info: --- MoHexPlayer::Search() ---
4bb46 info: Color: white
4bb46 info: MaxGames: 1
4bb46 info: NumberThreads: 1
4bb46 info: MaxNodes: 181818181 (15999999928 bytes)
4bb46 info: TimeForMove: 1
f7fe6 dfpn: h5
f7fe6 dfpn: g5
f7fe6 dfpn: g6
f7fe6 dfpn: h4
f7fe6 dfpn: i4
f7fe6 dfpn: h6
f7fe6 dfpn: j2
f7fe6 dfpn: f6
f7fe6 dfpn: i2
f7fe6 dfpn: g7
f7fe6 dfpn: h5
4bb46 info: Time for PreSearch: 0.126858s
4bb46 info: 
  7cfcc2c11d5790c6
  a  b  c  d  e  f  g  h  i  j  k  
 1\.  .  .  .  .  .  .  *  *  *  .\1
  2\.  .  .  .  .  .  .  *  *  *  .\2
   3\.  .  W  .  .  .  .  *  B  .  W\3
    4\.  B  .  .  .  W  .  *  *  .  .\4
     5\b  B  .  .  .  .  *  *  .  .  .\5
      6\.  .  .  .  .  *  *  *  .  .  .\6
       7\.  .  W  B  *  *  *  *  .  .  .\7
        8\.  .  .  *  *  B  *  *  *  .  .\8
         9\.  .  *  .  *  .  *  *  *  *  W\9
         10\.  .  *  .  .  B  .  *  *  .  b\10
          11\.  .  B  b  b  b  b  .  *  .  W\11
              a  b  c  d  e  f  g  h  i  j  k  
4bb46 info: Old: [black, b5] [white, swap-pieces] [white, f4] [black, c11] [white, k3] [black, b4] [white, k11] [black, f8] [white, k9] [black, f10] [white, c3] [black, d7] 
4bb46 info: New: [black, b5] [white, swap-pieces] [white, f4] [black, c11] [white, k3] [black, b4] [white, k11] [black, f8] [white, k9] [black, f10] [white, c3] [black, d7] [white, c7] [black, i3] 
4bb46 info: MovesPlayed: [white, c7] [black, i3] 
4bb46 info: No subtree to reuse.
f7fe6 dfpn: g5
4bb46 info: StartSearch()[0]
4bb46 info: 
Elapsed Time   0.274946s
Count          1
GamesPlayed    1
Nodes          1
Knowledge      0 (0.0%)
Expansions     0.0
Time           0.00
GameLen        102.0 dev=0.0 min=102.0 max=102.0
InTree         0.0 dev=0.0 min=0.0 max=0.0
KnowDepth      -
Aborted        0%
Games/s        3105.6
Score          0.00
Sequence      
4bb46 info: 
4bb46 warning: **** MoHexSearch returned empty sequence!
4bb46 warning: **** Returning random move!
4bb46 info: *** Player move: c5
f7fe6 info: DfpnSolver::CheckAbort(): Abort flag!
ffff6 info: 
MID calls      37
VC builds      34
Terminal       0
Work           37
Wasted Work    0 (0%)
Elapsed Time   0.288297
MIDs/sec       128.34
VCs/sec        117.934
Cnt prune sib  0
Avg prune sib  -
Consider Size  50.7941 dev=23.915 min=5 max=70
Move Index     -
Move Percent   -
Delta Increase 3.13889 dev=11.0029 min=1 max=68
Winner         empty
PV             g5 d6 d5

HashTableStatistics:
Stores         760
LookupAttempt  69073
LookupSuccess  4100
Collisions     0

ffff6 info: Search aborted.
be8a7 info: PlayAndSolve: Building VCs to avoid race condition.
be8a7 info: PlayAndSolve: Continuing on as usual.
ffff6 info: *** PlayerThread ***
4bb46 info: *** SolverThread ***
f7fe6 config: VCS: reading captured set patterns from '/home/linus/MoHex2.0/nfbranchfix/benzene-vanilla-cmake/share/vc-captured-set.txt'.
f7fe6 config: VCS:: parsed 2 patterns.
f7fe6 config: VCS: reading captured set patterns from '/home/linus/MoHex2.0/nfbranchfix/benzene-vanilla-cmake/share/vc-captured-set.txt'.
f7fe6 config: VCS:: parsed 2 patterns.
f7fe6 dfpn: 
ffff6 info: Opponent has won; playing most blocking move.
ffff6 info: *** Player move: h4
4bb46 info: 
MID calls      0
VC builds      1
Terminal       1
Work           1
Wasted Work    0 (0%)
Elapsed Time   0.011997
MIDs/sec       0
VCs/sec        83.3542
Cnt prune sib  0
Avg prune sib  -
Consider Size  -
Move Index     -
Move Percent   -
Delta Increase -
Winner         black
PV             

HashTableStatistics:
Stores         761
LookupAttempt  69079
LookupSuccess  4103
Collisions     0

be8a7 info: PlayAndSolve: Building VCs to avoid race condition.
be8a7 info: PlayAndSolve: Continuing on as usual.
4bb46 info: *** PlayerThread ***
ffff6 info: *** SolverThread ***
f7fe6 config: VCS: reading captured set patterns from '/home/linus/MoHex2.0/nfbranchfix/benzene-vanilla-cmake/share/vc-captured-set.txt'.
f7fe6 config: VCS:: parsed 2 patterns.
f7fe6 config: VCS: reading captured set patterns from '/home/linus/MoHex2.0/nfbranchfix/benzene-vanilla-cmake/share/vc-captured-set.txt'.
f7fe6 config: VCS:: parsed 2 patterns.
f7fe6 dfpn: 
4bb46 info: Opponent has won; playing most blocking move.
4bb46 info: *** Player move: j1
ffff6 info: 
MID calls      0
VC builds      1
Terminal       1
Work           1
Wasted Work    0 (0%)
Elapsed Time   0.011306
MIDs/sec       0
VCs/sec        88.4486
Cnt prune sib  0
Avg prune sib  -
Consider Size  -
Move Index     -
Move Percent   -
Delta Increase -
Winner         black
PV             

HashTableStatistics:
Stores         762
LookupAttempt  69085
LookupSuccess  4106
Collisions     0

be8a7 info: PlayAndSolve: Building VCs to avoid race condition.
be8a7 info: PlayAndSolve: Continuing on as usual.
ffff6 info: *** PlayerThread ***
4bb46 info: *** SolverThread ***
f7fe6 config: VCS: reading captured set patterns from '/home/linus/MoHex2.0/nfbranchfix/benzene-vanilla-cmake/share/vc-captured-set.txt'.
f7fe6 config: VCS:: parsed 2 patterns.
f7fe6 config: VCS: reading captured set patterns from '/home/linus/MoHex2.0/nfbranchfix/benzene-vanilla-cmake/share/vc-captured-set.txt'.
f7fe6 config: VCS:: parsed 2 patterns.
f7fe6 dfpn: 
ffff6 info: Opponent has won; playing most blocking move.
ffff6 info: *** Player move: i2
4bb46 info: 
MID calls      0
VC builds      1
Terminal       1
Work           1
Wasted Work    0 (0%)
Elapsed Time   0.009776
MIDs/sec       0
VCs/sec        102.291
Cnt prune sib  0
Avg prune sib  -
Consider Size  -
Move Index     -
Move Percent   -
Delta Increase -
Winner         black
PV             

HashTableStatistics:
Stores         763
LookupAttempt  69091
LookupSuccess  4109
Collisions     0

be8a7 info: PlayAndSolve: Building VCs to avoid race condition.
be8a7 info: PlayAndSolve: Continuing on as usual.
4bb46 info: *** PlayerThread ***
ffff6 info: *** SolverThread ***
f7fe6 config: VCS: reading captured set patterns from '/home/linus/MoHex2.0/nfbranchfix/benzene-vanilla-cmake/share/vc-captured-set.txt'.
f7fe6 config: VCS:: parsed 2 patterns.
f7fe6 config: VCS: reading captured set patterns from '/home/linus/MoHex2.0/nfbranchfix/benzene-vanilla-cmake/share/vc-captured-set.txt'.
f7fe6 config: VCS:: parsed 2 patterns.
f7fe6 dfpn: 
4bb46 info: Opponent has won; playing most blocking move.
4bb46 info: *** Player move: g6
ffff6 info: 
MID calls      0
VC builds      1
Terminal       1
Work           1
Wasted Work    0 (0%)
Elapsed Time   0.008125
MIDs/sec       0
VCs/sec        123.077
Cnt prune sib  0
Avg prune sib  -
Consider Size  -
Move Index     -
Move Percent   -
Delta Increase -
Winner         black
PV             

HashTableStatistics:
Stores         764
LookupAttempt  69097
LookupSuccess  4112
Collisions     0

be8a7 info: PlayAndSolve: Building VCs to avoid race condition.
be8a7 info: PlayAndSolve: Continuing on as usual.
ffff6 info: *** PlayerThread ***
4bb46 info: *** SolverThread ***
f7fe6 config: VCS: reading captured set patterns from '/home/linus/MoHex2.0/nfbranchfix/benzene-vanilla-cmake/share/vc-captured-set.txt'.
f7fe6 config: VCS:: parsed 2 patterns.
f7fe6 config: VCS: reading captured set patterns from '/home/linus/MoHex2.0/nfbranchfix/benzene-vanilla-cmake/share/vc-captured-set.txt'.
f7fe6 config: VCS:: parsed 2 patterns.
f7fe6 dfpn: 
ffff6 info: Opponent has won; playing most blocking move.
ffff6 info: *** Player move: g7
4bb46 info: 
MID calls      0
VC builds      1
Terminal       1
Work           1
Wasted Work    0 (0%)
Elapsed Time   0.006635
MIDs/sec       0
VCs/sec        150.716
Cnt prune sib  0
Avg prune sib  -
Consider Size  -
Move Index     -
Move Percent   -
Delta Increase -
Winner         black
PV             

HashTableStatistics:
Stores         765
LookupAttempt  69103
LookupSuccess  4115
Collisions     0

be8a7 info: PlayAndSolve: Building VCs to avoid race condition.
be8a7 info: PlayAndSolve: Continuing on as usual.
ffff6 info: *** SolverThread ***
4bb46 info: *** PlayerThread ***
f7fe6 config: VCS: reading captured set patterns from '/home/linus/MoHex2.0/nfbranchfix/benzene-vanilla-cmake/share/vc-captured-set.txt'.
f7fe6 config: VCS:: parsed 2 patterns.
f7fe6 config: VCS: reading captured set patterns from '/home/linus/MoHex2.0/nfbranchfix/benzene-vanilla-cmake/share/vc-captured-set.txt'.
f7fe6 config: VCS:: parsed 2 patterns.
f7fe6 dfpn: 
4bb46 info: Opponent has won; playing most blocking move.
4bb46 info: *** Player move: g8
ffff6 info: 
MID calls      0
VC builds      1
Terminal       1
Work           1
Wasted Work    0 (0%)
Elapsed Time   0.006475
MIDs/sec       0
VCs/sec        154.44
Cnt prune sib  0
Avg prune sib  -
Consider Size  -
Move Index     -
Move Percent   -
Delta Increase -
Winner         black
PV             

HashTableStatistics:
Stores         766
LookupAttempt  69109
LookupSuccess  4118
Collisions     0

be8a7 info: PlayAndSolve: Building VCs to avoid race condition.
be8a7 info: PlayAndSolve: Continuing on as usual.
4bb46 info: *** SolverThread ***
ffff6 info: *** PlayerThread ***
f7fe6 config: VCS: reading captured set patterns from '/home/linus/MoHex2.0/nfbranchfix/benzene-vanilla-cmake/share/vc-captured-set.txt'.
f7fe6 config: VCS:: parsed 2 patterns.
f7fe6 config: VCS: reading captured set patterns from '/home/linus/MoHex2.0/nfbranchfix/benzene-vanilla-cmake/share/vc-captured-set.txt'.
f7fe6 config: VCS:: parsed 2 patterns.
f7fe6 dfpn: 
ffff6 info: Opponent has won; playing most blocking move.
ffff6 info: *** Player move: h9
4bb46 info: 
MID calls      0
VC builds      1
Terminal       1
Work           1
Wasted Work    0 (0%)
Elapsed Time   0.005818
MIDs/sec       0
VCs/sec        171.88
Cnt prune sib  0
Avg prune sib  -
Consider Size  -
Move Index     -
Move Percent   -
Delta Increase -
Winner         black
PV             

HashTableStatistics:
Stores         767
LookupAttempt  69115
LookupSuccess  4121
Collisions     0

be8a7 info: PlayAndSolve: Building VCs to avoid race condition.
be8a7 info: PlayAndSolve: Continuing on as usual.
4bb46 info: *** PlayerThread ***
ffff6 info: *** SolverThread ***
f7fe6 config: VCS: reading captured set patterns from '/home/linus/MoHex2.0/nfbranchfix/benzene-vanilla-cmake/share/vc-captured-set.txt'.
f7fe6 config: VCS:: parsed 2 patterns.
f7fe6 config: VCS: reading captured set patterns from '/home/linus/MoHex2.0/nfbranchfix/benzene-vanilla-cmake/share/vc-captured-set.txt'.
f7fe6 config: VCS:: parsed 2 patterns.
f7fe6 dfpn: 
4bb46 info: Captured cells caused win! Removing...
ffff6 info: 
MID calls      0
VC builds      1
Terminal       1
Work           1
Wasted Work    0 (0%)
Elapsed Time   0.002792
MIDs/sec       0
VCs/sec        358.166
Cnt prune sib  0
Avg prune sib  -
Consider Size  -
Move Index     -
Move Percent   -
Delta Increase -
Winner         black
PV             

HashTableStatistics:
Stores         768
LookupAttempt  69121
LookupSuccess  4124
Collisions     0

4bb46 info: Opponent has won; playing most blocking move.
4bb46 info: *** Player move: h1
be8a7 info: PlayAndSolve: Building VCs to avoid race condition.
be8a7 info: PlayAndSolve: Continuing on as usual.
4bb46 info: *** SolverThread ***
ffff6 info: *** PlayerThread ***
f7fe6 config: VCS: reading captured set patterns from '/home/linus/MoHex2.0/nfbranchfix/benzene-vanilla-cmake/share/vc-captured-set.txt'.
f7fe6 config: VCS:: parsed 2 patterns.
f7fe6 config: VCS: reading captured set patterns from '/home/linus/MoHex2.0/nfbranchfix/benzene-vanilla-cmake/share/vc-captured-set.txt'.
f7fe6 config: VCS:: parsed 2 patterns.
f7fe6 dfpn: 
ffff6 info: Captured cells caused win! Removing...
4bb46 info: 
MID calls      0
VC builds      1
Terminal       1
Work           1
Wasted Work    0 (0%)
Elapsed Time   0.002674
MIDs/sec       0
VCs/sec        373.972
Cnt prune sib  0
Avg prune sib  -
Consider Size  -
Move Index     -
Move Percent   -
Delta Increase -
Winner         black
PV             

HashTableStatistics:
Stores         769
LookupAttempt  69127
LookupSuccess  4127
Collisions     0

ffff6 info: Opponent has won; playing most blocking move.
ffff6 info: *** Player move: f11
be8a7 config: ============ BenzeneShutdown =============
be8a7 config: MoHexProgram:: ShutdownSystem()
be8a7 config: CommonProgram:: ShutdownSystem()
be8a7 config: BenzeneProgram:: ShutdownSystem()
Flushing and closing this stream...
