400b7 config: MoHex v2.0.CMake Mar 21 2025.
400b7 config: ============ InitializeSystem ============
400b7 config: BenzeneProgram::InitRandom()
400b7 config: Seed = 319845
400b7 info: Prior Patterns:
400b7 info: Global:
400b7 info: Size            = 565 32648 
400b7 info: TableEntries    = 65932 65910
400b7 info: MirrorsAdded    = 0 0
400b7 info: PrunableCount   = 30593 30629
400b7 info: LargestGamma    = 5820.77
400b7 info: SmallestGamma   = 6.6e-05
400b7 info: Local:
400b7 info: Size            = 550 5318 
400b7 info: TableEntries    = 11602 11588
400b7 info: MirrorsAdded    = 0 0
400b7 info: PrunableCount   = 3659 3667
400b7 info: LargestGamma    = 11281.8
400b7 info: SmallestGamma   = 0.026235
400b7 info: Playout Patterns:
400b7 info: Global:
400b7 info: Size            = 565 32648 
400b7 info: TableEntries    = 70329 70329
400b7 info: MirrorsAdded    = 4397 4419
400b7 info: PrunableCount   = 30593 30629
400b7 info: LargestGamma    = 5820.77
400b7 info: SmallestGamma   = 6.6e-05
400b7 info: Local:
400b7 info: Size            = 550 5318 
400b7 info: TableEntries    = 11602 11588
400b7 info: MirrorsAdded    = 0 0
400b7 info: PrunableCount   = 3659 3667
400b7 info: LargestGamma    = 11281.8
400b7 info: SmallestGamma   = 0.026235
400b7 config: IcePatternSet: reading from '/home/linus/MoHex2.0/nfbranchfix/benzene-vanilla-cmake/share/ice-patterns.txt'.
400b7 config: IcePatternSet: parsed 708 patterns.
400b7 config: VCS: reading captured set patterns from '/home/linus/MoHex2.0/nfbranchfix/benzene-vanilla-cmake/share/vc-captured-set.txt'.
400b7 config: VCS:: parsed 2 patterns.
400b7 config: VCS: reading captured set patterns from '/home/linus/MoHex2.0/nfbranchfix/benzene-vanilla-cmake/share/vc-captured-set.txt'.
400b7 config: VCS:: parsed 2 patterns.
400b7 config: IcePatternSet: reading from '/home/linus/MoHex2.0/nfbranchfix/benzene-vanilla-cmake/share/ice-patterns.txt'.
400b7 config: IcePatternSet: parsed 708 patterns.
400b7 config: VCS: reading captured set patterns from '/home/linus/MoHex2.0/nfbranchfix/benzene-vanilla-cmake/share/vc-captured-set.txt'.
400b7 config: VCS:: parsed 2 patterns.
400b7 config: VCS: reading captured set patterns from '/home/linus/MoHex2.0/nfbranchfix/benzene-vanilla-cmake/share/vc-captured-set.txt'.
400b7 config: VCS:: parsed 2 patterns.
400b7 config: VCS: reading captured set patterns from '/home/linus/MoHex2.0/nfbranchfix/benzene-vanilla-cmake/share/vc-captured-set.txt'.
400b7 config: VCS:: parsed 2 patterns.
400b7 config: VCS: reading captured set patterns from '/home/linus/MoHex2.0/nfbranchfix/benzene-vanilla-cmake/share/vc-captured-set.txt'.
400b7 config: VCS:: parsed 2 patterns.
400b7 config: VCS: reading captured set patterns from '/home/linus/MoHex2.0/nfbranchfix/benzene-vanilla-cmake/share/vc-captured-set.txt'.
400b7 config: VCS:: parsed 2 patterns.
400b7 config: VCS: reading captured set patterns from '/home/linus/MoHex2.0/nfbranchfix/benzene-vanilla-cmake/share/vc-captured-set.txt'.
400b7 config: VCS:: parsed 2 patterns.
400b7 info: SwapCheck: reading from '/home/linus/MoHex2.0/nfbranchfix/benzene-vanilla-cmake/share/swap-moves.txt'.
400b7 info: SwapCheck: playing swap.
400b7 info: PlayAndSolve: Building VCs to avoid race condition.
400b7 config: VCPattern: loading pattern templates from '/home/linus/MoHex2.0/nfbranchfix/benzene-vanilla-cmake/share/vc-patterns.txt'.
400b7 info: PlayAndSolve: Continuing on as usual.
cd356 info: *** PlayerThread ***
7fff6 info: *** SolverThread ***
77fe6 config: VCS: reading captured set patterns from '/home/linus/MoHex2.0/nfbranchfix/benzene-vanilla-cmake/share/vc-captured-set.txt'.
77fe6 config: VCS:: parsed 2 patterns.
77fe6 config: VCS: reading captured set patterns from '/home/linus/MoHex2.0/nfbranchfix/benzene-vanilla-cmake/share/vc-captured-set.txt'.
77fe6 config: VCS:: parsed 2 patterns.
77fe6 dfpn: 
cd356 info: Best move cannot be determined, must search state.
cd356 info: --- MoHexPlayer::Search() ---
cd356 info: Color: black
cd356 info: MaxGames: 1
cd356 info: NumberThreads: 1
cd356 info: MaxNodes: 181818181 (15999999928 bytes)
cd356 info: TimeForMove: 1
77fe6 dfpn: h4
77fe6 dfpn: d8
77fe6 dfpn: g5
77fe6 dfpn: b10
77fe6 dfpn: c9
77fe6 dfpn: e7
77fe6 dfpn: g4
77fe6 dfpn: c8
77fe6 dfpn: h5
77fe6 dfpn: i3
77fe6 dfpn: f5
77fe6 dfpn: g6
77fe6 dfpn: f6
77fe6 dfpn: d7
77fe6 dfpn: e6
77fe6 dfpn: b8
77fe6 dfpn: e8
77fe6 dfpn: f7
77fe6 dfpn: b9
77fe6 dfpn: c7
77fe6 dfpn: h3
77fe6 dfpn: b6
77fe6 dfpn: b10
cd356 info: PreSearch: max time reached (51/84).
cd356 info: Time for PreSearch: 0.202141s
cd356 info: 
  159f03b40bdc70ef
  a  b  c  d  e  f  g  h  i  j  k  
 1\.  .  .  .  .  .  .  .  .  .  .\1
  2\.  .  *  *  *  *  *  *  .  .  w\2
   3\.  *  *  *  *  *  *  *  *  W  w\3
    4\*  *  *  *  *  *  *  *  *  .  w\4
     5\B  *  *  *  *  *  *  *  *  *  .\5
      6\*  *  *  *  *  *  *  *  *  *  *\6
       7\*  *  *  *  *  *  *  *  *  *  *\7
        8\*  *  *  *  *  *  *  *  *  *  *\8
         9\*  *  *  *  *  *  *  *  *  *  .\9
         10\*  *  *  *  *  *  *  *  *  .  .\10
          11\.  .  .  .  .  .  .  .  .  .  .\11
              a  b  c  d  e  f  g  h  i  j  k  
cd356 info: No subtree to reuse.
cd356 info: Creating thread 0
cd356 info: StartSearch()[0]
cd356 config: VCS: reading captured set patterns from '/home/linus/MoHex2.0/nfbranchfix/benzene-vanilla-cmake/share/vc-captured-set.txt'.
cd356 config: VCS:: parsed 2 patterns.
cd356 config: VCS: reading captured set patterns from '/home/linus/MoHex2.0/nfbranchfix/benzene-vanilla-cmake/share/vc-captured-set.txt'.
cd356 config: VCS:: parsed 2 patterns.
cd356 info: 
Elapsed Time   0.356859s
Count          1
GamesPlayed    1
Nodes          1
Knowledge      0 (0.0%)
Expansions     0.0
Time           0.00
GameLen        116.0 dev=0.0 min=116.0 max=116.0
InTree         0.0 dev=0.0 min=0.0 max=0.0
KnowDepth      -
Aborted        0%
Games/s        395.4
Score          0.00
Sequence      
cd356 info: 
cd356 warning: **** MoHexSearch returned empty sequence!
cd356 warning: **** Returning random move!
cd356 info: *** Player move: f1
77fe6 info: DfpnSolver::CheckAbort(): Abort flag!
7fff6 info: 
MID calls      59
VC builds      57
Terminal       0
Work           59
Wasted Work    0 (0%)
Elapsed Time   0.37079
MIDs/sec       159.12
VCs/sec        153.726
Cnt prune sib  0
Avg prune sib  -
Consider Size  82.3333 dev=6.47629 min=48 max=89
Move Index     -
Move Percent   -
Delta Increase 3.75862 dev=14.3531 min=1 max=85
Winner         empty
PV             b10 b8 g4 f6

HashTableStatistics:
Stores         139
LookupAttempt  12222
LookupSuccess  638
Collisions     0

7fff6 info: Search aborted.
400b7 info: PlayAndSolve: Building VCs to avoid race condition.
400b7 info: PlayAndSolve: Continuing on as usual.
7fff6 info: *** PlayerThread ***
cd356 info: *** SolverThread ***
77fe6 config: VCS: reading captured set patterns from '/home/linus/MoHex2.0/nfbranchfix/benzene-vanilla-cmake/share/vc-captured-set.txt'.
77fe6 config: VCS:: parsed 2 patterns.
77fe6 config: VCS: reading captured set patterns from '/home/linus/MoHex2.0/nfbranchfix/benzene-vanilla-cmake/share/vc-captured-set.txt'.
77fe6 config: VCS:: parsed 2 patterns.
77fe6 dfpn: 
7fff6 info: Best move cannot be determined, must search state.
7fff6 info: --- MoHexPlayer::Search() ---
7fff6 info: Color: black
7fff6 info: MaxGames: 1
7fff6 info: NumberThreads: 1
7fff6 info: MaxNodes: 181818181 (15999999928 bytes)
7fff6 info: TimeForMove: 1
77fe6 dfpn: f3
77fe6 dfpn: i3
77fe6 dfpn: d8
77fe6 dfpn: b10
77fe6 dfpn: c9
77fe6 dfpn: c8
77fe6 dfpn: b6
77fe6 dfpn: b8
77fe6 dfpn: e4
77fe6 dfpn: c7
77fe6 dfpn: d7
77fe6 dfpn: e7
77fe6 dfpn: b9
77fe6 dfpn: b7
77fe6 dfpn: e6
77fe6 dfpn: d6
77fe6 dfpn: e5
77fe6 dfpn: f4
77fe6 dfpn: f5
77fe6 dfpn: e8
77fe6 dfpn: f6
77fe6 dfpn: c6
77fe6 dfpn: f3
7fff6 info: PreSearch: max time reached (61/82).
7fff6 info: Time for PreSearch: 0.200316s
7fff6 info: 
  b07680a098c64305
  a  b  c  d  e  f  g  h  i  j  k  
 1\.  .  .  .  .  B  b  b  .  .  .\1
  2\.  .  *  *  *  .  .  W  *  .  w\2
   3\.  *  *  *  *  *  *  *  *  W  w\3
    4\*  *  *  *  *  *  *  *  *  .  w\4
     5\B  *  *  *  *  *  *  *  *  *  .\5
      6\*  *  *  *  *  *  *  *  *  *  *\6
       7\*  *  *  *  *  *  *  *  *  *  *\7
        8\*  *  *  *  *  *  *  *  *  *  *\8
         9\*  *  *  *  *  *  *  *  *  *  .\9
         10\*  *  *  *  *  *  *  *  *  .  .\10
          11\.  .  .  .  .  .  .  .  .  .  .\11
              a  b  c  d  e  f  g  h  i  j  k  
77fe6 dfpn: b10
7fff6 info: Old: [black, a5] [white, swap-pieces] [white, j3] 
7fff6 info: New: [black, a5] [white, swap-pieces] [white, j3] [black, f1] [white, h2] 
7fff6 info: MovesPlayed: [black, f1] [white, h2] 
7fff6 info: No subtree to reuse.
77fe6 dfpn: c8
7fff6 info: StartSearch()[0]
7fff6 info: 
Elapsed Time   0.553254s
Count          1
GamesPlayed    1
Nodes          1
Knowledge      0 (0.0%)
Expansions     0.0
Time           0.00
GameLen        112.0 dev=0.0 min=112.0 max=112.0
InTree         0.0 dev=0.0 min=0.0 max=0.0
KnowDepth      -
Aborted        0%
Games/s        3521.1
Score          1.00
Sequence      
7fff6 info: 
7fff6 warning: **** MoHexSearch returned empty sequence!
7fff6 warning: **** Returning random move!
7fff6 info: *** Player move: c1
77fe6 info: DfpnSolver::CheckAbort(): Abort flag!
cd356 info: 
MID calls      110
VC builds      105
Terminal       0
Work           110
Wasted Work    0 (0%)
Elapsed Time   0.566856
MIDs/sec       194.053
VCs/sec        185.232
Cnt prune sib  0
Avg prune sib  -
Consider Size  77.0476 dev=3.40704 min=71 max=83
Move Index     -
Move Percent   -
Delta Increase 3.05505 dev=11.9531 min=1 max=79
Winner         empty
PV             c8 d6 b7

HashTableStatistics:
Stores         383
LookupAttempt  28554
LookupSuccess  1422
Collisions     0

cd356 info: Search aborted.
400b7 info: PlayAndSolve: Building VCs to avoid race condition.
400b7 info: PlayAndSolve: Continuing on as usual.
cd356 info: *** PlayerThread ***
7fff6 info: *** SolverThread ***
77fe6 config: VCS: reading captured set patterns from '/home/linus/MoHex2.0/nfbranchfix/benzene-vanilla-cmake/share/vc-captured-set.txt'.
77fe6 config: VCS:: parsed 2 patterns.
77fe6 config: VCS: reading captured set patterns from '/home/linus/MoHex2.0/nfbranchfix/benzene-vanilla-cmake/share/vc-captured-set.txt'.
77fe6 config: VCS:: parsed 2 patterns.
77fe6 dfpn: 
cd356 info: Best move cannot be determined, must search state.
cd356 info: --- MoHexPlayer::Search() ---
cd356 info: Color: black
cd356 info: MaxGames: 1
cd356 info: NumberThreads: 1
cd356 info: MaxNodes: 181818181 (15999999928 bytes)
cd356 info: TimeForMove: 1
77fe6 dfpn: f3
77fe6 dfpn: b10
77fe6 dfpn: d8
77fe6 dfpn: c9
77fe6 dfpn: c8
77fe6 dfpn: b6
77fe6 dfpn: b8
77fe6 dfpn: c7
77fe6 dfpn: e4
77fe6 dfpn: d7
77fe6 dfpn: b7
77fe6 dfpn: b9
77fe6 dfpn: d6
77fe6 dfpn: e7
77fe6 dfpn: c6
77fe6 dfpn: e6
77fe6 dfpn: e5
77fe6 dfpn: f4
77fe6 dfpn: d5
77fe6 dfpn: i2
77fe6 dfpn: f5
77fe6 dfpn: f3
cd356 info: PreSearch: max time reached (58/78).
cd356 info: Time for PreSearch: 0.202438s
cd356 info: 
  f550ef45a6544d8f
  a  b  c  d  e  f  g  h  i  j  k  
 1\b  b  B  b  b  B  b  b  .  .  W\1
  2\.  .  .  .  .  .  .  W  *  .  w\2
   3\.  .  *  *  *  *  *  *  *  W  w\3
    4\.  .  *  *  *  *  *  *  *  .  w\4
     5\B  *  *  *  *  *  *  *  *  *  .\5
      6\*  *  *  *  *  *  *  *  *  *  *\6
       7\*  *  *  *  *  *  *  *  *  *  *\7
        8\*  *  *  *  *  *  *  *  *  *  *\8
         9\*  *  *  *  *  *  *  *  *  *  .\9
         10\*  *  *  *  *  *  *  *  *  .  .\10
          11\.  .  .  .  .  .  .  .  .  .  .\11
              a  b  c  d  e  f  g  h  i  j  k  
cd356 info: Old: [black, a5] [white, swap-pieces] [white, j3] [black, f1] [white, h2] 
cd356 info: New: [black, a5] [white, swap-pieces] [white, j3] [black, f1] [white, h2] [black, c1] [white, k1] 
cd356 info: MovesPlayed: [black, c1] [white, k1] 
cd356 info: No subtree to reuse.
77fe6 dfpn: b10
cd356 info: StartSearch()[0]
cd356 info: 
Elapsed Time   0.347005s
Count          1
GamesPlayed    1
Nodes          1
Knowledge      0 (0.0%)
Expansions     0.0
Time           0.00
GameLen        106.0 dev=0.0 min=106.0 max=106.0
InTree         0.0 dev=0.0 min=0.0 max=0.0
KnowDepth      -
Aborted        0%
Games/s        3703.7
Score          1.00
Sequence      
cd356 info: 
cd356 warning: **** MoHexSearch returned empty sequence!
cd356 warning: **** Returning random move!
cd356 info: *** Player move: h9
77fe6 info: DfpnSolver::CheckAbort(): Abort flag!
7fff6 info: 
MID calls      66
VC builds      63
Terminal       0
Work           66
Wasted Work    0 (0%)
Elapsed Time   0.359256
MIDs/sec       183.713
VCs/sec        175.362
Cnt prune sib  0
Avg prune sib  -
Consider Size  75.0794 dev=4.20222 min=68 max=81
Move Index     -
Move Percent   -
Delta Increase 3.24615 dev=12.2738 min=1 max=76
Winner         empty
PV             b10 b9 d8

HashTableStatistics:
Stores         537
LookupAttempt  40340
LookupSuccess  2065
Collisions     0

7fff6 info: Search aborted.
400b7 info: PlayAndSolve: Building VCs to avoid race condition.
400b7 info: PlayAndSolve: Continuing on as usual.
7fff6 info: *** PlayerThread ***
cd356 info: *** SolverThread ***
77fe6 config: VCS: reading captured set patterns from '/home/linus/MoHex2.0/nfbranchfix/benzene-vanilla-cmake/share/vc-captured-set.txt'.
77fe6 config: VCS:: parsed 2 patterns.
77fe6 config: VCS: reading captured set patterns from '/home/linus/MoHex2.0/nfbranchfix/benzene-vanilla-cmake/share/vc-captured-set.txt'.
77fe6 config: VCS:: parsed 2 patterns.
77fe6 dfpn: 
77fe6 dfpn: f3
7fff6 info: Best move cannot be determined, must search state.
7fff6 info: --- MoHexPlayer::Search() ---
7fff6 info: Color: black
7fff6 info: MaxGames: 1
7fff6 info: NumberThreads: 1
7fff6 info: MaxNodes: 181818181 (15999999928 bytes)
7fff6 info: TimeForMove: 1
77fe6 dfpn: d8
77fe6 dfpn: c9
77fe6 dfpn: c8
77fe6 dfpn: b6
77fe6 dfpn: b8
77fe6 dfpn: c7
77fe6 dfpn: e4
77fe6 dfpn: b10
77fe6 dfpn: e7
77fe6 dfpn: d7
77fe6 dfpn: d6
77fe6 dfpn: e6
77fe6 dfpn: b7
77fe6 dfpn: c6
77fe6 dfpn: i2
77fe6 dfpn: e5
77fe6 dfpn: f4
77fe6 dfpn: b9
77fe6 dfpn: d5
77fe6 dfpn: f3
7fff6 info: PreSearch: max time reached (59/76).
7fff6 info: Time for PreSearch: 0.202766s
7fff6 info: 
  f1c59c70aeefced9
  a  b  c  d  e  f  g  h  i  j  k  
 1\b  b  B  b  b  B  b  b  .  .  W\1
  2\.  .  .  .  .  .  .  W  *  .  w\2
   3\.  .  *  *  *  *  *  *  *  W  w\3
    4\.  .  *  *  *  *  *  *  *  W  b\4
     5\B  *  *  *  *  *  *  *  *  *  .\5
      6\*  *  *  *  *  *  *  *  *  *  *\6
       7\*  *  *  *  *  *  *  *  *  *  *\7
        8\*  *  *  *  *  *  *  *  *  *  *\8
         9\*  *  *  *  *  *  *  B  *  *  .\9
         10\*  *  *  *  *  *  *  .  *  .  .\10
          11\.  .  .  .  .  .  .  .  .  .  .\11
              a  b  c  d  e  f  g  h  i  j  k  
7fff6 info: Old: [black, a5] [white, swap-pieces] [white, j3] [black, f1] [white, h2] [black, c1] [white, k1] 
7fff6 info: New: [black, a5] [white, swap-pieces] [white, j3] [black, f1] [white, h2] [black, c1] [white, k1] [black, h9] [white, j4] 
7fff6 info: MovesPlayed: [black, h9] [white, j4] 
7fff6 info: No subtree to reuse.
77fe6 dfpn: b10
7fff6 info: StartSearch()[0]
7fff6 info: 
Elapsed Time   0.357195s
Count          1
GamesPlayed    1
Nodes          1
Knowledge      0 (0.0%)
Expansions     0.0
Time           0.00
GameLen        104.0 dev=0.0 min=104.0 max=104.0
InTree         0.0 dev=0.0 min=0.0 max=0.0
KnowDepth      -
Aborted        0%
Games/s        3134.8
Score          0.00
Sequence      
7fff6 info: 
7fff6 warning: **** MoHexSearch returned empty sequence!
7fff6 warning: **** Returning random move!
7fff6 info: *** Player move: d9
77fe6 info: DfpnSolver::CheckAbort(): Abort flag!
cd356 info: 
MID calls      67
VC builds      64
Terminal       0
Work           67
Wasted Work    0 (0%)
Elapsed Time   0.367724
MIDs/sec       182.202
VCs/sec        174.044
Cnt prune sib  0
Avg prune sib  -
Consider Size  72.1094 dev=6.72492 min=42 max=79
Move Index     -
Move Percent   -
Delta Increase 3.15151 dev=11.8414 min=1 max=74
Winner         empty
PV             b10 b6 f3

HashTableStatistics:
Stores         692
LookupAttempt  51562
LookupSuccess  2662
Collisions     0

cd356 info: Search aborted.
400b7 info: PlayAndSolve: Building VCs to avoid race condition.
400b7 info: PlayAndSolve: Continuing on as usual.
cd356 info: *** PlayerThread ***
7fff6 info: *** SolverThread ***
77fe6 config: VCS: reading captured set patterns from '/home/linus/MoHex2.0/nfbranchfix/benzene-vanilla-cmake/share/vc-captured-set.txt'.
77fe6 config: VCS:: parsed 2 patterns.
77fe6 config: VCS: reading captured set patterns from '/home/linus/MoHex2.0/nfbranchfix/benzene-vanilla-cmake/share/vc-captured-set.txt'.
77fe6 config: VCS:: parsed 2 patterns.
77fe6 dfpn: 
cd356 info: Best move cannot be determined, must search state.
cd356 info: --- MoHexPlayer::Search() ---
cd356 info: Color: black
cd356 info: MaxGames: 1
cd356 info: NumberThreads: 1
cd356 info: MaxNodes: 181818181 (15999999928 bytes)
cd356 info: TimeForMove: 1
77fe6 dfpn: f3
77fe6 dfpn: e7
77fe6 dfpn: e4
77fe6 dfpn: c8
77fe6 dfpn: d7
77fe6 dfpn: d6
77fe6 dfpn: e6
77fe6 dfpn: d8
77fe6 dfpn: i2
77fe6 dfpn: e5
77fe6 dfpn: c7
77fe6 dfpn: f4
77fe6 dfpn: d5
77fe6 dfpn: f5
77fe6 dfpn: f6
77fe6 dfpn: c6
77fe6 dfpn: b6
77fe6 dfpn: b8
77fe6 dfpn: g3
77fe6 dfpn: b7
77fe6 dfpn: f3
cd356 info: PreSearch: max time reached (57/74).
cd356 info: Time for PreSearch: 0.206414s
cd356 info: 
  7ccfd7badec80ca2
  a  b  c  d  e  f  g  h  i  j  k  
 1\b  b  B  b  b  B  b  b  .  .  W\1
  2\W  .  .  .  .  .  .  W  *  .  w\2
   3\w  *  *  *  *  *  *  *  *  W  w\3
    4\.  *  *  *  *  *  *  *  *  W  b\4
     5\B  *  *  *  *  *  *  *  *  *  .\5
      6\*  *  *  *  *  *  *  *  *  *  *\6
       7\*  *  *  *  *  *  *  *  *  *  *\7
        8\*  *  *  *  *  *  *  *  *  *  *\8
         9\*  *  *  B  *  *  *  B  *  *  .\9
         10\*  *  *  .  *  *  *  .  *  .  .\10
          11\.  .  .  .  .  .  .  .  .  .  .\11
              a  b  c  d  e  f  g  h  i  j  k  
cd356 info: Old: [black, a5] [white, swap-pieces] [white, j3] [black, f1] [white, h2] [black, c1] [white, k1] [black, h9] [white, j4] 
cd356 info: New: [black, a5] [white, swap-pieces] [white, j3] [black, f1] [white, h2] [black, c1] [white, k1] [black, h9] [white, j4] [black, d9] [white, a2] 
cd356 info: MovesPlayed: [black, d9] [white, a2] 
cd356 info: No subtree to reuse.
77fe6 dfpn: c8
cd356 info: StartSearch()[0]
cd356 info: 
Elapsed Time   0.35873s
Count          1
GamesPlayed    1
Nodes          1
Knowledge      0 (0.0%)
Expansions     0.0
Time           0.00
GameLen        101.0 dev=0.0 min=101.0 max=101.0
InTree         0.0 dev=0.0 min=0.0 max=0.0
KnowDepth      -
Aborted        0%
Games/s        3236.2
Score          1.00
Sequence      
cd356 info: 
cd356 warning: **** MoHexSearch returned empty sequence!
cd356 warning: **** Returning random move!
cd356 info: *** Player move: j10
77fe6 info: DfpnSolver::CheckAbort(): Abort flag!
7fff6 info: 
MID calls      60
VC builds      57
Terminal       0
Work           60
Wasted Work    0 (0%)
Elapsed Time   0.37281
MIDs/sec       160.94
VCs/sec        152.893
Cnt prune sib  0
Avg prune sib  -
Consider Size  68.6842 dev=11.7341 min=28 max=78
Move Index     -
Move Percent   -
Delta Increase 3.10169 dev=10.867 min=1 max=73
Winner         empty
PV             c8 c6 e5

HashTableStatistics:
Stores         833
LookupAttempt  61874
LookupSuccess  3253
Collisions     0

7fff6 info: Search aborted.
400b7 info: PlayAndSolve: Building VCs to avoid race condition.
400b7 info: PlayAndSolve: Continuing on as usual.
7fff6 info: *** PlayerThread ***
cd356 info: *** SolverThread ***
77fe6 config: VCS: reading captured set patterns from '/home/linus/MoHex2.0/nfbranchfix/benzene-vanilla-cmake/share/vc-captured-set.txt'.
77fe6 config: VCS:: parsed 2 patterns.
77fe6 config: VCS: reading captured set patterns from '/home/linus/MoHex2.0/nfbranchfix/benzene-vanilla-cmake/share/vc-captured-set.txt'.
77fe6 config: VCS:: parsed 2 patterns.
77fe6 dfpn: 
7fff6 info: Best move cannot be determined, must search state.
7fff6 info: --- MoHexPlayer::Search() ---
7fff6 info: Color: black
7fff6 info: MaxGames: 1
7fff6 info: NumberThreads: 1
7fff6 info: MaxNodes: 181818181 (15999999928 bytes)
7fff6 info: TimeForMove: 1
77fe6 dfpn: f3
77fe6 dfpn: e7
77fe6 dfpn: d6
77fe6 dfpn: e4
77fe6 dfpn: e6
77fe6 dfpn: d7
77fe6 dfpn: e5
77fe6 dfpn: d5
77fe6 dfpn: f4
77fe6 dfpn: f5
77fe6 dfpn: f6
77fe6 dfpn: i2
77fe6 dfpn: d8
77fe6 dfpn: c6
77fe6 dfpn: c7
77fe6 dfpn: g3
77fe6 dfpn: g5
77fe6 dfpn: g4
77fe6 dfpn: f3
7fff6 info: PreSearch: max time reached (54/65).
7fff6 info: Time for PreSearch: 0.20407s
77fe6 dfpn: d6
7fff6 info: 
  7edc7fbb5e6b34f0
  a  b  c  d  e  f  g  h  i  j  k  
 1\b  b  B  b  b  B  b  b  .  .  W\1
  2\W  .  .  .  .  .  .  W  *  .  w\2
   3\w  *  *  *  *  *  *  *  *  W  w\3
    4\.  *  *  *  *  *  *  *  *  W  b\4
     5\B  *  *  *  *  *  *  *  *  *  .\5
      6\.  *  *  *  *  *  *  *  *  *  *\6
       7\w  W  *  *  *  *  *  *  *  *  *\7
        8\w  .  *  *  *  *  *  *  *  *  *\8
         9\w  *  *  B  *  *  *  B  .  *  .\9
         10\.  *  *  .  .  .  .  .  .  B  b\10
          11\.  .  .  .  .  .  .  b  b  b  b\11
              a  b  c  d  e  f  g  h  i  j  k  
7fff6 info: Old: [black, a5] [white, swap-pieces] [white, j3] [black, f1] [white, h2] [black, c1] [white, k1] [black, h9] [white, j4] [black, d9] [white, a2] 
7fff6 info: New: [black, a5] [white, swap-pieces] [white, j3] [black, f1] [white, h2] [black, c1] [white, k1] [black, h9] [white, j4] [black, d9] [white, a2] [black, j10] [white, b7] 
7fff6 info: MovesPlayed: [black, j10] [white, b7] 
7fff6 info: No subtree to reuse.
7fff6 info: StartSearch()[0]
7fff6 info: 
Elapsed Time   0.352074s
Count          1
GamesPlayed    1
Nodes          1
Knowledge      0 (0.0%)
Expansions     0.0
Time           0.00
GameLen        91.0 dev=0.0 min=91.0 max=91.0
InTree         0.0 dev=0.0 min=0.0 max=0.0
KnowDepth      -
Aborted        0%
Games/s        3846.2
Score          1.00
Sequence      
7fff6 info: 
7fff6 warning: **** MoHexSearch returned empty sequence!
7fff6 warning: **** Returning random move!
7fff6 info: *** Player move: j2
77fe6 info: DfpnSolver::CheckAbort(): Abort flag!
cd356 info: 
MID calls      69
VC builds      65
Terminal       0
Work           69
Wasted Work    0 (0%)
Elapsed Time   0.361199
MIDs/sec       191.03
VCs/sec        179.956
Cnt prune sib  3
Avg prune sib  1 dev=0 min=1 max=1
Consider Size  51.9692 dev=18.9793 min=12 max=70
Move Index     -
Move Percent   -
Delta Increase 2.55882 dev=8.00254 min=1 max=65
Winner         empty
PV             d6 e4 f4 f3

HashTableStatistics:
Stores         989
LookupAttempt  70402
LookupSuccess  3765
Collisions     0

cd356 info: Search aborted.
400b7 info: PlayAndSolve: Building VCs to avoid race condition.
400b7 info: PlayAndSolve: Continuing on as usual.
cd356 info: *** PlayerThread ***
7fff6 info: *** SolverThread ***
77fe6 config: VCS: reading captured set patterns from '/home/linus/MoHex2.0/nfbranchfix/benzene-vanilla-cmake/share/vc-captured-set.txt'.
77fe6 config: VCS:: parsed 2 patterns.
77fe6 config: VCS: reading captured set patterns from '/home/linus/MoHex2.0/nfbranchfix/benzene-vanilla-cmake/share/vc-captured-set.txt'.
77fe6 config: VCS:: parsed 2 patterns.
77fe6 dfpn: 
cd356 info: Best move cannot be determined, must search state.
cd356 info: --- MoHexPlayer::Search() ---
cd356 info: Color: black
cd356 info: MaxGames: 1
cd356 info: NumberThreads: 1
77fe6 dfpn: e7
cd356 info: MaxNodes: 181818181 (15999999928 bytes)
cd356 info: TimeForMove: 1
77fe6 dfpn: d6
77fe6 dfpn: d7
77fe6 dfpn: e6
77fe6 dfpn: d8
77fe6 dfpn: f3
77fe6 dfpn: e5
77fe6 dfpn: f6
77fe6 dfpn: e4
77fe6 dfpn: d5
77fe6 dfpn: c7
77fe6 dfpn: f7
77fe6 dfpn: f5
77fe6 dfpn: c6
77fe6 dfpn: c8
77fe6 dfpn: f4
77fe6 dfpn: e8
77fe6 dfpn: f3
77fe6 dfpn: i3
77fe6 dfpn: d6
cd356 info: PreSearch: max time reached (60/64).
cd356 info: Time for PreSearch: 0.200896s
77fe6 dfpn: c8
cd356 info: 
  1f1b04f3b838a5e6
  a  b  c  d  e  f  g  h  i  j  k  
 1\b  b  B  b  b  B  b  b  .  .  W\1
  2\W  .  .  .  .  .  .  W  *  B  w\2
   3\w  *  *  *  *  *  *  *  *  W  w\3
    4\.  *  *  *  *  *  *  *  *  W  b\4
     5\B  *  *  *  *  *  *  *  *  *  .\5
      6\.  *  *  *  *  *  *  *  *  *  *\6
       7\w  W  *  *  *  *  W  *  *  *  *\7
        8\w  .  *  *  *  *  *  *  *  *  *\8
         9\w  *  *  B  *  *  *  B  .  *  .\9
         10\.  *  *  .  .  .  .  .  .  B  b\10
          11\.  .  .  .  .  .  .  b  b  b  b\11
              a  b  c  d  e  f  g  h  i  j  k  
77fe6 dfpn: d7
77fe6 dfpn: e7
cd356 info: Old: [black, a5] [white, swap-pieces] [white, j3] [black, f1] [white, h2] [black, c1] [white, k1] [black, h9] [white, j4] [black, d9] [white, a2] [black, j10] [white, b7] 
cd356 info: New: [black, a5] [white, swap-pieces] [white, j3] [black, f1] [white, h2] [black, c1] [white, k1] [black, h9] [white, j4] [black, d9] [white, a2] [black, j10] [white, b7] [black, j2] [white, g7] 
cd356 info: MovesPlayed: [black, j2] [white, g7] 
cd356 info: No subtree to reuse.
cd356 info: StartSearch()[0]
cd356 info: 
Elapsed Time   0.576262s
Count          1
GamesPlayed    1
Nodes          1
Knowledge      0 (0.0%)
Expansions     0.0
Time           0.00
GameLen        89.0 dev=0.0 min=89.0 max=89.0
InTree         0.0 dev=0.0 min=0.0 max=0.0
KnowDepth      -
Aborted        0%
Games/s        3311.3
Score          0.00
Sequence      
cd356 info: 
cd356 warning: **** MoHexSearch returned empty sequence!
cd356 warning: **** Returning random move!
cd356 info: *** Player move: g10
77fe6 info: DfpnSolver::CheckAbort(): Abort flag!
7fff6 info: 
MID calls      111
VC builds      106
Terminal       3
Work           114
Wasted Work    4 (3.50877%)
Elapsed Time   0.587449
MIDs/sec       188.953
VCs/sec        180.441
Cnt prune sib  3
Avg prune sib  1.33333 dev=0.471404 min=1 max=2
Consider Size  42.5728 dev=21.2615 min=5 max=69
Move Index     1 dev=0 min=1 max=1
Move Percent   0.015625 dev=0 min=0.015625 max=0.015625
Delta Increase 2.57522 dev=8.61652 min=1 max=67
Winner         empty
PV             e7 d10 d6

HashTableStatistics:
Stores         1238
LookupAttempt  80818
LookupSuccess  4439
Collisions     0

7fff6 info: Search aborted.
400b7 info: PlayAndSolve: Building VCs to avoid race condition.
400b7 info: PlayAndSolve: Continuing on as usual.
7fff6 info: *** PlayerThread ***
cd356 info: *** SolverThread ***
77fe6 config: VCS: reading captured set patterns from '/home/linus/MoHex2.0/nfbranchfix/benzene-vanilla-cmake/share/vc-captured-set.txt'.
77fe6 config: VCS:: parsed 2 patterns.
77fe6 config: VCS: reading captured set patterns from '/home/linus/MoHex2.0/nfbranchfix/benzene-vanilla-cmake/share/vc-captured-set.txt'.
77fe6 config: VCS:: parsed 2 patterns.
77fe6 dfpn: 
7fff6 info: Opponent has won; playing most blocking move.
7fff6 info: *** Player move: i4
cd356 info: 
MID calls      0
VC builds      1
Terminal       1
Work           1
Wasted Work    0 (0%)
Elapsed Time   0.005228
MIDs/sec       0
VCs/sec        191.278
Cnt prune sib  0
Avg prune sib  -
Consider Size  -
Move Index     -
Move Percent   -
Delta Increase -
Winner         white
PV             

HashTableStatistics:
Stores         1239
LookupAttempt  80824
LookupSuccess  4442
Collisions     0

400b7 info: PlayAndSolve: Building VCs to avoid race condition.
400b7 info: PlayAndSolve: Continuing on as usual.
cd356 info: *** PlayerThread ***
7fff6 info: *** SolverThread ***
77fe6 config: VCS: reading captured set patterns from '/home/linus/MoHex2.0/nfbranchfix/benzene-vanilla-cmake/share/vc-captured-set.txt'.
77fe6 config: VCS:: parsed 2 patterns.
77fe6 config: VCS: reading captured set patterns from '/home/linus/MoHex2.0/nfbranchfix/benzene-vanilla-cmake/share/vc-captured-set.txt'.
77fe6 config: VCS:: parsed 2 patterns.
77fe6 dfpn: 
7fff6 info: 
MID calls      0
VC builds      1
Terminal       1
Work           1
Wasted Work    0 (0%)
Elapsed Time   0.006966
MIDs/sec       0
VCs/sec        143.554
Cnt prune sib  0
Avg prune sib  -
Consider Size  -
Move Index     -
Move Percent   -
Delta Increase -
Winner         white
PV             

HashTableStatistics:
Stores         1240
LookupAttempt  80830
LookupSuccess  4445
Collisions     0

cd356 info: Opponent has won; playing most blocking move.
cd356 info: *** Player move: i5
400b7 info: PlayAndSolve: Building VCs to avoid race condition.
400b7 info: PlayAndSolve: Continuing on as usual.
7fff6 info: *** PlayerThread ***
cd356 info: *** SolverThread ***
77fe6 config: VCS: reading captured set patterns from '/home/linus/MoHex2.0/nfbranchfix/benzene-vanilla-cmake/share/vc-captured-set.txt'.
77fe6 config: VCS:: parsed 2 patterns.
77fe6 config: VCS: reading captured set patterns from '/home/linus/MoHex2.0/nfbranchfix/benzene-vanilla-cmake/share/vc-captured-set.txt'.
77fe6 config: VCS:: parsed 2 patterns.
77fe6 dfpn: 
7fff6 info: Opponent has won; playing most blocking move.
7fff6 info: *** Player move: j5
cd356 info: 
MID calls      0
VC builds      1
Terminal       1
Work           1
Wasted Work    0 (0%)
Elapsed Time   0.007727
MIDs/sec       0
VCs/sec        129.416
Cnt prune sib  0
Avg prune sib  -
Consider Size  -
Move Index     -
Move Percent   -
Delta Increase -
Winner         white
PV             

HashTableStatistics:
Stores         1241
LookupAttempt  80836
LookupSuccess  4448
Collisions     0

400b7 info: PlayAndSolve: Building VCs to avoid race condition.
400b7 info: PlayAndSolve: Continuing on as usual.
cd356 info: *** PlayerThread ***
7fff6 info: *** SolverThread ***
77fe6 config: VCS: reading captured set patterns from '/home/linus/MoHex2.0/nfbranchfix/benzene-vanilla-cmake/share/vc-captured-set.txt'.
77fe6 config: VCS:: parsed 2 patterns.
77fe6 config: VCS: reading captured set patterns from '/home/linus/MoHex2.0/nfbranchfix/benzene-vanilla-cmake/share/vc-captured-set.txt'.
77fe6 config: VCS:: parsed 2 patterns.
77fe6 dfpn: 
cd356 info: Opponent has won; playing most blocking move.
cd356 info: *** Player move: e6
7fff6 info: 
MID calls      0
VC builds      1
Terminal       1
Work           1
Wasted Work    0 (0%)
Elapsed Time   0.006998
MIDs/sec       0
VCs/sec        142.898
Cnt prune sib  0
Avg prune sib  -
Consider Size  -
Move Index     -
Move Percent   -
Delta Increase -
Winner         white
PV             

HashTableStatistics:
Stores         1242
LookupAttempt  80842
LookupSuccess  4451
Collisions     0

400b7 info: PlayAndSolve: Building VCs to avoid race condition.
400b7 info: PlayAndSolve: Continuing on as usual.
7fff6 info: *** PlayerThread ***
cd356 info: *** SolverThread ***
77fe6 config: VCS: reading captured set patterns from '/home/linus/MoHex2.0/nfbranchfix/benzene-vanilla-cmake/share/vc-captured-set.txt'.
77fe6 config: VCS:: parsed 2 patterns.
77fe6 config: VCS: reading captured set patterns from '/home/linus/MoHex2.0/nfbranchfix/benzene-vanilla-cmake/share/vc-captured-set.txt'.
77fe6 config: VCS:: parsed 2 patterns.
77fe6 dfpn: 
7fff6 info: Opponent has won; playing most blocking move.
7fff6 info: *** Player move: c8
cd356 info: 
MID calls      0
VC builds      1
Terminal       1
Work           1
Wasted Work    0 (0%)
Elapsed Time   0.006333
MIDs/sec       0
VCs/sec        157.903
Cnt prune sib  0
Avg prune sib  -
Consider Size  -
Move Index     -
Move Percent   -
Delta Increase -
Winner         white
PV             

HashTableStatistics:
Stores         1243
LookupAttempt  80848
LookupSuccess  4454
Collisions     0

400b7 info: PlayAndSolve: Building VCs to avoid race condition.
400b7 info: PlayAndSolve: Continuing on as usual.
cd356 info: *** PlayerThread ***
7fff6 info: *** SolverThread ***
77fe6 config: VCS: reading captured set patterns from '/home/linus/MoHex2.0/nfbranchfix/benzene-vanilla-cmake/share/vc-captured-set.txt'.
77fe6 config: VCS:: parsed 2 patterns.
77fe6 config: VCS: reading captured set patterns from '/home/linus/MoHex2.0/nfbranchfix/benzene-vanilla-cmake/share/vc-captured-set.txt'.
77fe6 config: VCS:: parsed 2 patterns.
77fe6 dfpn: 
cd356 info: Opponent has won; playing most blocking move.
cd356 info: *** Player move: g4
7fff6 info: 
MID calls      0
VC builds      1
Terminal       1
Work           1
Wasted Work    0 (0%)
Elapsed Time   0.005983
MIDs/sec       0
VCs/sec        167.14
Cnt prune sib  0
Avg prune sib  -
Consider Size  -
Move Index     -
Move Percent   -
Delta Increase -
Winner         white
PV             

HashTableStatistics:
Stores         1244
LookupAttempt  80854
LookupSuccess  4457
Collisions     0

400b7 info: PlayAndSolve: Building VCs to avoid race condition.
400b7 info: PlayAndSolve: Continuing on as usual.
7fff6 info: *** PlayerThread ***
cd356 info: *** SolverThread ***
77fe6 config: VCS: reading captured set patterns from '/home/linus/MoHex2.0/nfbranchfix/benzene-vanilla-cmake/share/vc-captured-set.txt'.
77fe6 config: VCS:: parsed 2 patterns.
7fff6 info: Captured cells caused win! Removing...
77fe6 config: VCS: reading captured set patterns from '/home/linus/MoHex2.0/nfbranchfix/benzene-vanilla-cmake/share/vc-captured-set.txt'.
77fe6 config: VCS:: parsed 2 patterns.
77fe6 dfpn: 
cd356 info: 
MID calls      0
VC builds      1
Terminal       1
Work           1
Wasted Work    0 (0%)
Elapsed Time   0.003095
MIDs/sec       0
VCs/sec        323.102
Cnt prune sib  0
Avg prune sib  -
Consider Size  -
Move Index     -
Move Percent   -
Delta Increase -
Winner         white
PV             

HashTableStatistics:
Stores         1245
LookupAttempt  80860
LookupSuccess  4460
Collisions     0

7fff6 info: Opponent has won; playing most blocking move.
7fff6 info: *** Player move: f6
400b7 info: PlayAndSolve: Building VCs to avoid race condition.
400b7 info: PlayAndSolve: Continuing on as usual.
cd356 info: *** PlayerThread ***
7fff6 info: *** SolverThread ***
77fe6 config: VCS: reading captured set patterns from '/home/linus/MoHex2.0/nfbranchfix/benzene-vanilla-cmake/share/vc-captured-set.txt'.
77fe6 config: VCS:: parsed 2 patterns.
77fe6 config: VCS: reading captured set patterns from '/home/linus/MoHex2.0/nfbranchfix/benzene-vanilla-cmake/share/vc-captured-set.txt'.
77fe6 config: VCS:: parsed 2 patterns.
cd356 info: Captured cells caused win! Removing...
77fe6 dfpn: 
7fff6 info: 
MID calls      0
VC builds      1
Terminal       1
Work           1
Wasted Work    0 (0%)
Elapsed Time   0.003104
MIDs/sec       0
VCs/sec        322.165
Cnt prune sib  0
Avg prune sib  -
Consider Size  -
Move Index     -
Move Percent   -
Delta Increase -
Winner         white
PV             

HashTableStatistics:
Stores         1246
LookupAttempt  80866
LookupSuccess  4463
Collisions     0

cd356 info: Opponent has won; playing most blocking move.
cd356 info: *** Player move: i3
400b7 info: PlayAndSolve: Building VCs to avoid race condition.
400b7 info: PlayAndSolve: Continuing on as usual.
7fff6 info: *** PlayerThread ***
cd356 info: *** SolverThread ***
77fe6 config: VCS: reading captured set patterns from '/home/linus/MoHex2.0/nfbranchfix/benzene-vanilla-cmake/share/vc-captured-set.txt'.
77fe6 config: VCS:: parsed 2 patterns.
7fff6 info: Captured cells caused win! Removing...
77fe6 config: VCS: reading captured set patterns from '/home/linus/MoHex2.0/nfbranchfix/benzene-vanilla-cmake/share/vc-captured-set.txt'.
77fe6 config: VCS:: parsed 2 patterns.
77fe6 dfpn: 
cd356 info: 
MID calls      0
VC builds      1
Terminal       1
Work           1
Wasted Work    0 (0%)
Elapsed Time   0.002911
MIDs/sec       0
VCs/sec        343.525
Cnt prune sib  0
Avg prune sib  -
Consider Size  -
Move Index     -
Move Percent   -
Delta Increase -
Winner         white
PV             

HashTableStatistics:
Stores         1247
LookupAttempt  80872
LookupSuccess  4466
Collisions     0

7fff6 info: Opponent has won; playing most blocking move.
7fff6 info: *** Player move: b2
400b7 info: PlayAndSolve: Building VCs to avoid race condition.
400b7 info: PlayAndSolve: Continuing on as usual.
cd356 info: *** PlayerThread ***
7fff6 info: *** SolverThread ***
77fe6 config: VCS: reading captured set patterns from '/home/linus/MoHex2.0/nfbranchfix/benzene-vanilla-cmake/share/vc-captured-set.txt'.
77fe6 config: VCS:: parsed 2 patterns.
77fe6 config: VCS: reading captured set patterns from '/home/linus/MoHex2.0/nfbranchfix/benzene-vanilla-cmake/share/vc-captured-set.txt'.
77fe6 config: VCS:: parsed 2 patterns.
cd356 info: Captured cells caused win! Removing...
77fe6 dfpn: 
7fff6 info: 
MID calls      0
VC builds      1
Terminal       1
Work           1
Wasted Work    0 (0%)
Elapsed Time   0.002798
MIDs/sec       0
VCs/sec        357.398
Cnt prune sib  0
Avg prune sib  -
Consider Size  -
Move Index     -
Move Percent   -
Delta Increase -
Winner         white
PV             

HashTableStatistics:
Stores         1248
LookupAttempt  80878
LookupSuccess  4469
Collisions     0

cd356 info: Opponent has won; playing most blocking move.
cd356 info: *** Player move: a7
400b7 config: ============ BenzeneShutdown =============
400b7 config: MoHexProgram:: ShutdownSystem()
400b7 config: CommonProgram:: ShutdownSystem()
400b7 config: BenzeneProgram:: ShutdownSystem()
Flushing and closing this stream...
