# nice ../build/src/mohex/mohex --config mohex-weak.htp --seed 354035 --logfile-name jobs/11x11-mohex-mohex-weak-vs-mohex-mohex-cg2010/mohex-mohex-weak-31.log
>boardsize 11 11
MoHex 2.0.CMake Mar 21 2025
Copyright (C) 2007-2012 by the authors of the Benzene project.
This program comes with ABSOLUTELY NO WARRANTY. This is
free software and you are welcome to redistribute it under
certain conditions. Type `benzene-license' for details.

SgRandom::SetSeed: 354035
SgUctSearch: system memory 33632358400, using 1000000000 (5681818 nodes)
SgRandom::SetSeed: 1
SgRandom::SetSeed: 354035
86a07 info: Prior Patterns:
86a07 info: Global:
86a07 info: Size            = 565 32648 
86a07 info: TableEntries    = 65932 65910
86a07 info: MirrorsAdded    = 0 0
86a07 info: PrunableCount   = 30593 30629
86a07 info: LargestGamma    = 5820.77
86a07 info: SmallestGamma   = 6.6e-05
86a07 info: Local:
86a07 info: Size            = 550 5318 
86a07 info: TableEntries    = 11602 11588
86a07 info: MirrorsAdded    = 0 0
86a07 info: PrunableCount   = 3659 3667
86a07 info: LargestGamma    = 11281.8
86a07 info: SmallestGamma   = 0.026235
86a07 info: Playout Patterns:
86a07 info: Global:
86a07 info: Size            = 565 32648 
86a07 info: TableEntries    = 70329 70329
86a07 info: MirrorsAdded    = 4397 4419
86a07 info: PrunableCount   = 30593 30629
86a07 info: LargestGamma    = 5820.77
86a07 info: SmallestGamma   = 6.6e-05
86a07 info: Local:
86a07 info: Size            = 550 5318 
86a07 info: TableEntries    = 11602 11588
86a07 info: MirrorsAdded    = 0 0
86a07 info: PrunableCount   = 3659 3667
86a07 info: LargestGamma    = 11281.8
86a07 info: SmallestGamma   = 0.026235
param_game allow_swap 1
= 

param_mohex max_memory 1600000
= 

param_mohex num_threads 1
= 

param_mohex max_time 1
= 

param_mohex max_games 1
= 

param_mohex knowledge_threshold 400
= 

param_mohex reuse_subtree 1
= 

param_mohex use_parallel_solver 1
= 

<= 
<
>name
<= MoHex
<
>version
<= 2.0.CMake
<
>play b b5
<= 
<
>genmove w
<= swap-pieces
<
>showboard
86a07 info: SwapCheck: reading from '/home/linus/MoHex2.0/nfbranchfix/benzene-vanilla-cmake/share/swap-moves.txt'.
86a07 info: SwapCheck: playing swap.
<= 
< 
<  858bade34cb69b71
<  a  b  c  d  e  f  g  h  i  j  k  
< 1\.  .  .  .  .  .  .  .  .  .  .\1
<  2\.  .  .  .  .  .  .  .  .  .  .\2
<   3\.  .  .  .  .  .  .  .  .  .  .\3
<    4\.  .  .  .  .  .  .  .  .  .  .\4
<     5\.  B  .  .  .  .  .  .  .  .  .\5
<      6\.  .  .  .  .  .  .  .  .  .  .\6
<       7\.  .  .  .  .  .  .  .  .  .  .\7
<        8\.  .  .  .  .  .  .  .  .  .  .\8
<         9\.  .  .  .  .  .  .  .  .  .  .\9
<         10\.  .  .  .  .  .  .  .  .  .  .\10
<          11\.  .  .  .  .  .  .  .  .  .  .\11
<              a  b  c  d  e  f  g  h  i  j  k  
<
>play w f4
<= 
<
>showboard
<= 
< 
<  89b8b4a57675b7d2
<  a  b  c  d  e  f  g  h  i  j  k  
< 1\.  .  .  .  .  .  .  .  .  .  .\1
<  2\.  .  .  .  .  .  .  .  .  .  .\2
<   3\.  .  .  .  .  .  .  .  .  .  .\3
<    4\.  .  .  .  .  W  .  .  .  .  .\4
<     5\.  B  .  .  .  .  .  .  .  .  .\5
<      6\.  .  .  .  .  .  .  .  .  .  .\6
<       7\.  .  .  .  .  .  .  .  .  .  .\7
<        8\.  .  .  .  .  .  .  .  .  .  .\8
<         9\.  .  .  .  .  .  .  .  .  .  .\9
<         10\.  .  .  .  .  .  .  .  .  .  .\10
<          11\.  .  .  .  .  .  .  .  .  .  .\11
<              a  b  c  d  e  f  g  h  i  j  k  
<
>genmove b
<= c11
<
>showboard
86a07 info: PlayAndSolve: Building VCs to avoid race condition.
86a07 info: PlayAndSolve: Continuing on as usual.
13ca6 info: *** PlayerThread ***
0bc96 info: *** SolverThread ***
13ca6 info: Best move cannot be determined, must search state.
13ca6 info: --- MoHexPlayer::Search() ---
13ca6 info: Color: black
13ca6 info: MaxGames: 1
13ca6 info: NumberThreads: 1
13ca6 info: MaxNodes: 9090 (799920 bytes)
13ca6 info: TimeForMove: 1
13ca6 info: PreSearch: max time reached (48/89).
13ca6 info: Time for PreSearch: 0.20205s
13ca6 info: 
  89b8b4a57675b7d2
  a  b  c  d  e  f  g  h  i  j  k  
 1\.  .  .  .  .  .  .  .  .  .  .\1
  2\.  .  *  *  *  *  *  *  *  *  *\2
   3\.  *  *  *  *  *  *  *  *  *  *\3
    4\*  *  *  *  *  W  *  *  *  *  *\4
     5\.  B  *  *  *  *  *  *  *  *  *\5
      6\.  *  *  *  *  *  *  *  *  *  *\6
       7\*  *  *  *  *  *  *  *  *  *  *\7
        8\*  *  *  *  *  *  *  *  *  *  *\8
         9\*  *  *  *  *  *  *  *  *  *  .\9
         10\*  *  *  *  *  *  *  *  *  .  .\10
          11\.  .  .  .  .  .  .  .  .  .  .\11
              a  b  c  d  e  f  g  h  i  j  k  
13ca6 info: No subtree to reuse.
13ca6 info: Creating thread 0
13ca6 info: StartSearch()[0]
SgUctSearch: max games reached
13ca6 info: 
Elapsed Time   0.592841s
Count          1
GamesPlayed    1
Nodes          1
Knowledge      0 (0.0%)
Expansions     0.0
Time           0.00
GameLen        119.0 dev=0.0 min=119.0 max=119.0
InTree         0.0 dev=0.0 min=0.0 max=0.0
KnowDepth      -
Aborted        0%
Games/s        431.0
Score          1.00
Sequence      
13ca6 info: 
13ca6 warning: **** MoHexSearch returned empty sequence!
13ca6 warning: **** Returning random move!
13ca6 info: *** Player move: c11
3fff6 info: DfpnSolver::CheckAbort(): Abort flag!
0bc96 info: 
MID calls      83
VC builds      80
Terminal       0
Work           83
Wasted Work    0 (0%)
Elapsed Time   0.603906
MIDs/sec       137.439
VCs/sec        132.471
Cnt prune sib  0
Avg prune sib  -
Consider Size  84.4875 dev=3.74772 min=77 max=90
Move Index     -
Move Percent   -
Delta Increase 3.02439 dev=12.6558 min=1 max=86
Winner         empty
PV             j2 i5 h4

HashTableStatistics:
Stores         191
LookupAttempt  15819
LookupSuccess  813
Collisions     0

0bc96 info: Search aborted.
<= 
< 
<  88c344b891abffa8
<  a  b  c  d  e  f  g  h  i  j  k  
< 1\.  .  .  .  .  .  .  .  .  .  .\1
<  2\.  .  .  .  .  .  .  .  .  .  .\2
<   3\.  .  .  .  .  .  .  .  .  .  .\3
<    4\.  .  .  .  .  W  .  .  .  .  .\4
<     5\.  B  .  .  .  .  .  .  .  .  .\5
<      6\.  .  .  .  .  .  .  .  .  .  .\6
<       7\.  .  .  .  .  .  .  .  .  .  .\7
<        8\.  .  .  .  .  .  .  .  .  .  .\8
<         9\.  .  .  .  .  .  .  .  .  .  .\9
<         10\.  .  .  .  .  .  .  .  .  .  .\10
<          11\.  .  B  .  .  .  .  .  .  .  .\11
<              a  b  c  d  e  f  g  h  i  j  k  
<
>play w k3
<= 
<
>showboard
<= 
< 
<  5db9824abf1261c1
<  a  b  c  d  e  f  g  h  i  j  k  
< 1\.  .  .  .  .  .  .  .  .  .  .\1
<  2\.  .  .  .  .  .  .  .  .  .  .\2
<   3\.  .  .  .  .  .  .  .  .  .  W\3
<    4\.  .  .  .  .  W  .  .  .  .  .\4
<     5\.  B  .  .  .  .  .  .  .  .  .\5
<      6\.  .  .  .  .  .  .  .  .  .  .\6
<       7\.  .  .  .  .  .  .  .  .  .  .\7
<        8\.  .  .  .  .  .  .  .  .  .  .\8
<         9\.  .  .  .  .  .  .  .  .  .  .\9
<         10\.  .  .  .  .  .  .  .  .  .  .\10
<          11\.  .  B  .  .  .  .  .  .  .  .\11
<              a  b  c  d  e  f  g  h  i  j  k  
<
>genmove b
<= b4
<
>showboard
86a07 info: PlayAndSolve: Building VCs to avoid race condition.
86a07 info: PlayAndSolve: Continuing on as usual.
0bc96 info: *** PlayerThread ***
13ca6 info: *** SolverThread ***
0bc96 info: Best move cannot be determined, must search state.
0bc96 info: --- MoHexPlayer::Search() ---
0bc96 info: Color: black
0bc96 info: MaxGames: 1
0bc96 info: NumberThreads: 1
0bc96 info: MaxNodes: 9090 (799920 bytes)
0bc96 info: TimeForMove: 1
0bc96 info: PreSearch: max time reached (51/86).
0bc96 info: Time for PreSearch: 0.203317s
0bc96 info: 
  5db9824abf1261c1
  a  b  c  d  e  f  g  h  i  j  k  
 1\.  .  .  .  .  .  .  .  .  .  .\1
  2\.  .  *  *  *  *  *  *  *  *  .\2
   3\.  *  *  *  *  *  *  *  *  *  W\3
    4\*  *  *  *  *  W  *  *  *  *  .\4
     5\.  B  *  *  *  *  *  *  *  *  *\5
      6\.  *  *  *  *  *  *  *  *  *  *\6
       7\*  *  *  *  *  *  *  *  *  *  *\7
        8\*  *  *  *  *  *  *  *  *  *  *\8
         9\*  *  *  *  *  *  *  *  *  *  .\9
         10\*  *  *  *  *  *  *  *  *  .  .\10
          11\.  .  B  .  .  .  .  .  .  .  .\11
              a  b  c  d  e  f  g  h  i  j  k  
0bc96 info: Old: [black, b5] [white, swap-pieces] [white, f4] 
0bc96 info: New: [black, b5] [white, swap-pieces] [white, f4] [black, c11] [white, k3] 
0bc96 info: MovesPlayed: [black, c11] [white, k3] 
0bc96 info: No subtree to reuse.
0bc96 info: StartSearch()[0]
SgUctSearch: max games reached
0bc96 info: 
Elapsed Time   0.358437s
Count          1
GamesPlayed    1
Nodes          1
Knowledge      0 (0.0%)
Expansions     0.0
Time           0.00
GameLen        117.0 dev=0.0 min=117.0 max=117.0
InTree         0.0 dev=0.0 min=0.0 max=0.0
KnowDepth      -
Aborted        0%
Games/s        3030.3
Score          1.00
Sequence      
0bc96 info: 
0bc96 warning: **** MoHexSearch returned empty sequence!
0bc96 warning: **** Returning random move!
0bc96 info: *** Player move: b4
3fff6 info: DfpnSolver::CheckAbort(): Abort flag!
13ca6 info: 
MID calls      58
VC builds      56
Terminal       0
Work           58
Wasted Work    0 (0%)
Elapsed Time   0.369353
MIDs/sec       157.031
VCs/sec        151.616
Cnt prune sib  0
Avg prune sib  -
Consider Size  82.625 dev=4.00713 min=74 max=87
Move Index     -
Move Percent   -
Delta Increase 3.84211 dev=14.3634 min=1 max=83
Winner         empty
PV             j2 b8 i5 i4

HashTableStatistics:
Stores         329
LookupAttempt  28455
LookupSuccess  1499
Collisions     0

13ca6 info: Search aborted.
<= 
< 
<  f4a57b0dcb1bfe37
<  a  b  c  d  e  f  g  h  i  j  k  
< 1\.  .  .  .  .  .  .  .  .  .  .\1
<  2\.  .  .  .  .  .  .  .  .  .  .\2
<   3\.  .  .  .  .  .  .  .  .  .  W\3
<    4\.  B  .  .  .  W  .  .  .  .  .\4
<     5\.  B  .  .  .  .  .  .  .  .  .\5
<      6\.  .  .  .  .  .  .  .  .  .  .\6
<       7\.  .  .  .  .  .  .  .  .  .  .\7
<        8\.  .  .  .  .  .  .  .  .  .  .\8
<         9\.  .  .  .  .  .  .  .  .  .  .\9
<         10\.  .  .  .  .  .  .  .  .  .  .\10
<          11\.  .  B  .  .  .  .  .  .  .  .\11
<              a  b  c  d  e  f  g  h  i  j  k  
<
>play w k11
<= 
<
>showboard
<= 
< 
<  5db5baa6a178b004
<  a  b  c  d  e  f  g  h  i  j  k  
< 1\.  .  .  .  .  .  .  .  .  .  .\1
<  2\.  .  .  .  .  .  .  .  .  .  .\2
<   3\.  .  .  .  .  .  .  .  .  .  W\3
<    4\.  B  .  .  .  W  .  .  .  .  .\4
<     5\.  B  .  .  .  .  .  .  .  .  .\5
<      6\.  .  .  .  .  .  .  .  .  .  .\6
<       7\.  .  .  .  .  .  .  .  .  .  .\7
<        8\.  .  .  .  .  .  .  .  .  .  .\8
<         9\.  .  .  .  .  .  .  .  .  .  .\9
<         10\.  .  .  .  .  .  .  .  .  .  .\10
<          11\.  .  B  .  .  .  .  .  .  .  W\11
<              a  b  c  d  e  f  g  h  i  j  k  
<
>genmove b
<= f8
<
>showboard
86a07 info: PlayAndSolve: Building VCs to avoid race condition.
86a07 info: PlayAndSolve: Continuing on as usual.
13ca6 info: *** PlayerThread ***
0bc96 info: *** SolverThread ***
13ca6 info: Best move cannot be determined, must search state.
13ca6 info: --- MoHexPlayer::Search() ---
13ca6 info: Color: black
13ca6 info: MaxGames: 1
13ca6 info: NumberThreads: 1
13ca6 info: MaxNodes: 9090 (799920 bytes)
13ca6 info: TimeForMove: 1
13ca6 info: PreSearch: max time reached (51/85).
13ca6 info: Time for PreSearch: 0.204849s
13ca6 info: 
  5db5baa6a178b004
  a  b  c  d  e  f  g  h  i  j  k  
 1\.  .  .  .  .  .  .  .  .  .  .\1
  2\.  .  *  *  *  *  *  *  *  *  .\2
   3\.  *  *  *  *  *  *  *  *  *  W\3
    4\.  B  *  *  *  W  *  *  *  *  .\4
     5\b  B  *  *  *  *  *  *  *  *  *\5
      6\.  *  *  *  *  *  *  *  *  *  *\6
       7\*  *  *  *  *  *  *  *  *  *  *\7
        8\*  *  *  *  *  *  *  *  *  *  *\8
         9\*  *  *  *  *  *  *  *  *  *  .\9
         10\*  *  *  *  *  *  *  *  *  *  w\10
          11\.  .  B  .  .  .  .  .  .  .  W\11
              a  b  c  d  e  f  g  h  i  j  k  
13ca6 info: Old: [black, b5] [white, swap-pieces] [white, f4] [black, c11] [white, k3] 
13ca6 info: New: [black, b5] [white, swap-pieces] [white, f4] [black, c11] [white, k3] [black, b4] [white, k11] 
13ca6 info: MovesPlayed: [black, b4] [white, k11] 
13ca6 info: No subtree to reuse.
13ca6 info: StartSearch()[0]
SgUctSearch: max games reached
13ca6 info: 
Elapsed Time   0.359974s
Count          1
GamesPlayed    1
Nodes          1
Knowledge      0 (0.0%)
Expansions     0.0
Time           0.00
GameLen        113.0 dev=0.0 min=113.0 max=113.0
InTree         0.0 dev=0.0 min=0.0 max=0.0
KnowDepth      -
Aborted        0%
Games/s        2849.0
Score          0.00
Sequence      
13ca6 info: 
13ca6 warning: **** MoHexSearch returned empty sequence!
13ca6 warning: **** Returning random move!
13ca6 info: *** Player move: f8
3fff6 info: DfpnSolver::CheckAbort(): Abort flag!
0bc96 info: 
MID calls      44
VC builds      43
Terminal       0
Work           44
Wasted Work    0 (0%)
Elapsed Time   0.379272
MIDs/sec       116.012
VCs/sec        113.375
Cnt prune sib  0
Avg prune sib  -
Consider Size  84.3488 dev=3.89937 min=73 max=88
Move Index     -
Move Percent   -
Delta Increase 2.97674 dev=12.8108 min=1 max=86
Winner         empty
PV             c9 i4 c6

HashTableStatistics:
Stores         440
LookupAttempt  39895
LookupSuccess  2170
Collisions     0

0bc96 info: Search aborted.
<= 
< 
<  e4760f046a9c1b0a
<  a  b  c  d  e  f  g  h  i  j  k  
< 1\.  .  .  .  .  .  .  .  .  .  .\1
<  2\.  .  .  .  .  .  .  .  .  .  .\2
<   3\.  .  .  .  .  .  .  .  .  .  W\3
<    4\.  B  .  .  .  W  .  .  .  .  .\4
<     5\.  B  .  .  .  .  .  .  .  .  .\5
<      6\.  .  .  .  .  .  .  .  .  .  .\6
<       7\.  .  .  .  .  .  .  .  .  .  .\7
<        8\.  .  .  .  .  B  .  .  .  .  .\8
<         9\.  .  .  .  .  .  .  .  .  .  .\9
<         10\.  .  .  .  .  .  .  .  .  .  .\10
<          11\.  .  B  .  .  .  .  .  .  .  W\11
<              a  b  c  d  e  f  g  h  i  j  k  
<
>play w k9
<= 
<
>showboard
<= 
< 
<  ed40036fd06663f4
<  a  b  c  d  e  f  g  h  i  j  k  
< 1\.  .  .  .  .  .  .  .  .  .  .\1
<  2\.  .  .  .  .  .  .  .  .  .  .\2
<   3\.  .  .  .  .  .  .  .  .  .  W\3
<    4\.  B  .  .  .  W  .  .  .  .  .\4
<     5\.  B  .  .  .  .  .  .  .  .  .\5
<      6\.  .  .  .  .  .  .  .  .  .  .\6
<       7\.  .  .  .  .  .  .  .  .  .  .\7
<        8\.  .  .  .  .  B  .  .  .  .  .\8
<         9\.  .  .  .  .  .  .  .  .  .  W\9
<         10\.  .  .  .  .  .  .  .  .  .  .\10
<          11\.  .  B  .  .  .  .  .  .  .  W\11
<              a  b  c  d  e  f  g  h  i  j  k  
<
>genmove b
<= f10
<
>showboard
86a07 info: PlayAndSolve: Building VCs to avoid race condition.
86a07 info: PlayAndSolve: Continuing on as usual.
0bc96 info: *** PlayerThread ***
13ca6 info: *** SolverThread ***
0bc96 info: Best move cannot be determined, must search state.
0bc96 info: --- MoHexPlayer::Search() ---
0bc96 info: Color: black
0bc96 info: MaxGames: 1
0bc96 info: NumberThreads: 1
0bc96 info: MaxNodes: 9090 (799920 bytes)
0bc96 info: TimeForMove: 1
0bc96 info: PreSearch: max time reached (37/82).
0bc96 info: Time for PreSearch: 0.201657s
0bc96 info: 
  ed40036fd06663f4
  a  b  c  d  e  f  g  h  i  j  k  
 1\.  .  .  .  .  .  .  .  .  .  .\1
  2\.  .  *  *  *  *  *  *  *  *  .\2
   3\.  *  *  *  *  *  *  *  *  *  W\3
    4\.  B  *  *  *  W  *  *  *  *  .\4
     5\b  B  *  *  *  *  *  *  *  *  *\5
      6\.  *  *  *  *  *  *  *  *  *  *\6
       7\*  *  *  *  *  *  *  *  *  *  *\7
        8\*  *  *  *  *  B  *  *  *  *  .\8
         9\*  *  *  *  *  *  *  *  *  *  W\9
         10\*  *  *  *  *  *  *  *  *  .  b\10
          11\.  .  B  .  .  .  .  .  .  .  W\11
              a  b  c  d  e  f  g  h  i  j  k  
0bc96 info: Old: [black, b5] [white, swap-pieces] [white, f4] [black, c11] [white, k3] [black, b4] [white, k11] 
0bc96 info: New: [black, b5] [white, swap-pieces] [white, f4] [black, c11] [white, k3] [black, b4] [white, k11] [black, f8] [white, k9] 
0bc96 info: MovesPlayed: [black, f8] [white, k9] 
0bc96 info: No subtree to reuse.
0bc96 info: StartSearch()[0]
SgUctSearch: max games reached
0bc96 info: 
Elapsed Time   0.563482s
Count          1
GamesPlayed    1
Nodes          1
Knowledge      0 (0.0%)
Expansions     0.0
Time           0.00
GameLen        111.0 dev=0.0 min=111.0 max=111.0
InTree         0.0 dev=0.0 min=0.0 max=0.0
KnowDepth      -
Aborted        0%
Games/s        3236.2
Score          1.00
Sequence      
0bc96 info: 
0bc96 warning: **** MoHexSearch returned empty sequence!
0bc96 warning: **** Returning random move!
0bc96 info: *** Player move: f10
3fff6 info: DfpnSolver::CheckAbort(): Abort flag!
13ca6 info: 
MID calls      53
VC builds      53
Terminal       2
Work           55
Wasted Work    0 (0%)
Elapsed Time   0.577389
MIDs/sec       91.7925
VCs/sec        91.7925
Cnt prune sib  0
Avg prune sib  -
Consider Size  75.3137 dev=16.2872 min=35 max=86
Move Index     -
Move Percent   -
Delta Increase 4.53704 dev=15.2458 min=1 max=78
Winner         empty
PV             h4 h3 c9 i3

HashTableStatistics:
Stores         571
LookupAttempt  51030
LookupSuccess  2804
Collisions     0

13ca6 info: Search aborted.
<= 
< 
<  6b9fc0db16333ffd
<  a  b  c  d  e  f  g  h  i  j  k  
< 1\.  .  .  .  .  .  .  .  .  .  .\1
<  2\.  .  .  .  .  .  .  .  .  .  .\2
<   3\.  .  .  .  .  .  .  .  .  .  W\3
<    4\.  B  .  .  .  W  .  .  .  .  .\4
<     5\.  B  .  .  .  .  .  .  .  .  .\5
<      6\.  .  .  .  .  .  .  .  .  .  .\6
<       7\.  .  .  .  .  .  .  .  .  .  .\7
<        8\.  .  .  .  .  B  .  .  .  .  .\8
<         9\.  .  .  .  .  .  .  .  .  .  W\9
<         10\.  .  .  .  .  B  .  .  .  .  .\10
<          11\.  .  B  .  .  .  .  .  .  .  W\11
<              a  b  c  d  e  f  g  h  i  j  k  
<
>play w c3
<= 
<
>showboard
<= 
< 
<  d85537d5e44a6619
<  a  b  c  d  e  f  g  h  i  j  k  
< 1\.  .  .  .  .  .  .  .  .  .  .\1
<  2\.  .  .  .  .  .  .  .  .  .  .\2
<   3\.  .  W  .  .  .  .  .  .  .  W\3
<    4\.  B  .  .  .  W  .  .  .  .  .\4
<     5\.  B  .  .  .  .  .  .  .  .  .\5
<      6\.  .  .  .  .  .  .  .  .  .  .\6
<       7\.  .  .  .  .  .  .  .  .  .  .\7
<        8\.  .  .  .  .  B  .  .  .  .  .\8
<         9\.  .  .  .  .  .  .  .  .  .  W\9
<         10\.  .  .  .  .  B  .  .  .  .  .\10
<          11\.  .  B  .  .  .  .  .  .  .  W\11
<              a  b  c  d  e  f  g  h  i  j  k  
<
>genmove b
<= d7
<
>showboard
86a07 info: PlayAndSolve: Building VCs to avoid race condition.
86a07 info: PlayAndSolve: Continuing on as usual.
13ca6 info: *** PlayerThread ***
0bc96 info: *** SolverThread ***
13ca6 info: Best move cannot be determined, must search state.
13ca6 info: --- MoHexPlayer::Search() ---
13ca6 info: Color: black
13ca6 info: MaxGames: 1
13ca6 info: NumberThreads: 1
13ca6 info: MaxNodes: 9090 (799920 bytes)
13ca6 info: TimeForMove: 1
13ca6 info: PreSearch: max time reached (56/75).
13ca6 info: Time for PreSearch: 0.203069s
13ca6 info: 
  d85537d5e44a6619
  a  b  c  d  e  f  g  h  i  j  k  
 1\.  .  .  .  .  .  .  .  .  .  .\1
  2\.  *  .  .  *  *  *  *  *  *  .\2
   3\.  *  W  *  *  *  *  *  *  *  W\3
    4\.  B  *  *  *  W  *  *  *  *  .\4
     5\b  B  *  *  *  *  *  *  *  *  *\5
      6\.  *  *  *  *  *  *  *  *  *  *\6
       7\*  *  *  *  *  *  *  *  *  *  *\7
        8\*  *  *  *  *  B  *  *  *  *  .\8
         9\*  *  *  .  .  .  *  *  *  *  W\9
         10\*  *  .  .  .  B  .  *  *  .  b\10
          11\.  .  B  b  b  b  b  .  .  .  W\11
              a  b  c  d  e  f  g  h  i  j  k  
13ca6 info: Old: [black, b5] [white, swap-pieces] [white, f4] [black, c11] [white, k3] [black, b4] [white, k11] [black, f8] [white, k9] 
13ca6 info: New: [black, b5] [white, swap-pieces] [white, f4] [black, c11] [white, k3] [black, b4] [white, k11] [black, f8] [white, k9] [black, f10] [white, c3] 
13ca6 info: MovesPlayed: [black, f10] [white, c3] 
13ca6 info: No subtree to reuse.
13ca6 info: StartSearch()[0]
SgUctSearch: max games reached
13ca6 info: 
Elapsed Time   0.358509s
Count          1
GamesPlayed    1
Nodes          1
Knowledge      0 (0.0%)
Expansions     0.0
Time           0.00
GameLen        105.0 dev=0.0 min=105.0 max=105.0
InTree         0.0 dev=0.0 min=0.0 max=0.0
KnowDepth      -
Aborted        0%
Games/s        2570.7
Score          1.00
Sequence      
13ca6 info: 
13ca6 warning: **** MoHexSearch returned empty sequence!
13ca6 warning: **** Returning random move!
13ca6 info: *** Player move: d7
3fff6 info: DfpnSolver::CheckAbort(): Abort flag!
0bc96 info: 
MID calls      51
VC builds      49
Terminal       0
Work           51
Wasted Work    0 (0%)
Elapsed Time   0.37586
MIDs/sec       135.689
VCs/sec        130.368
Cnt prune sib  0
Avg prune sib  -
Consider Size  67.5714 dev=15.2731 min=17 max=76
Move Index     -
Move Percent   -
Delta Increase 3.1 dev=10.8042 min=1 max=71
Winner         empty
PV             i3 h5 f7 g5

HashTableStatistics:
Stores         692
LookupAttempt  60457
LookupSuccess  3342
Collisions     0

0bc96 info: Search aborted.
<= 
< 
<  215104a3590a09c9
<  a  b  c  d  e  f  g  h  i  j  k  
< 1\.  .  .  .  .  .  .  .  .  .  .\1
<  2\.  .  .  .  .  .  .  .  .  .  .\2
<   3\.  .  W  .  .  .  .  .  .  .  W\3
<    4\.  B  .  .  .  W  .  .  .  .  .\4
<     5\.  B  .  .  .  .  .  .  .  .  .\5
<      6\.  .  .  .  .  .  .  .  .  .  .\6
<       7\.  .  .  B  .  .  .  .  .  .  .\7
<        8\.  .  .  .  .  B  .  .  .  .  .\8
<         9\.  .  .  .  .  .  .  .  .  .  W\9
<         10\.  .  .  .  .  B  .  .  .  .  .\10
<          11\.  .  B  .  .  .  .  .  .  .  W\11
<              a  b  c  d  e  f  g  h  i  j  k  
<
>play w c7
<= 
<
>showboard
<= 
< 
<  a028b05cc24613bc
<  a  b  c  d  e  f  g  h  i  j  k  
< 1\.  .  .  .  .  .  .  .  .  .  .\1
<  2\.  .  .  .  .  .  .  .  .  .  .\2
<   3\.  .  W  .  .  .  .  .  .  .  W\3
<    4\.  B  .  .  .  W  .  .  .  .  .\4
<     5\.  B  .  .  .  .  .  .  .  .  .\5
<      6\.  .  .  .  .  .  .  .  .  .  .\6
<       7\.  .  W  B  .  .  .  .  .  .  .\7
<        8\.  .  .  .  .  B  .  .  .  .  .\8
<         9\.  .  .  .  .  .  .  .  .  .  W\9
<         10\.  .  .  .  .  B  .  .  .  .  .\10
<          11\.  .  B  .  .  .  .  .  .  .  W\11
<              a  b  c  d  e  f  g  h  i  j  k  
<
>genmove b
<= i3
<
>showboard
86a07 info: PlayAndSolve: Building VCs to avoid race condition.
86a07 info: PlayAndSolve: Continuing on as usual.
0bc96 info: *** PlayerThread ***
13ca6 info: *** SolverThread ***
0bc96 info: Best move cannot be determined, must search state.
0bc96 info: --- MoHexPlayer::Search() ---
0bc96 info: Color: black
0bc96 info: MaxGames: 1
0bc96 info: NumberThreads: 1
0bc96 info: MaxNodes: 9090 (799920 bytes)
0bc96 info: TimeForMove: 1
0bc96 info: PreSearch: max time reached (46/72).
0bc96 info: Time for PreSearch: 0.203979s
0bc96 info: 
  a028b05cc24613bc
  a  b  c  d  e  f  g  h  i  j  k  
 1\.  .  .  .  .  .  .  .  .  .  .\1
  2\.  *  .  .  *  *  *  *  *  *  .\2
   3\.  *  W  *  *  *  *  *  *  *  W\3
    4\.  B  *  *  *  W  *  *  *  *  .\4
     5\b  B  *  *  *  *  *  *  *  *  *\5
      6\.  *  *  *  *  *  *  *  *  *  *\6
       7\*  .  W  B  *  *  *  *  *  *  *\7
        8\*  *  *  *  *  B  *  *  *  *  .\8
         9\*  *  *  .  .  .  *  *  *  *  W\9
         10\*  *  .  .  .  B  .  *  *  .  b\10
          11\.  .  B  b  b  b  b  .  .  .  W\11
              a  b  c  d  e  f  g  h  i  j  k  
0bc96 info: Old: [black, b5] [white, swap-pieces] [white, f4] [black, c11] [white, k3] [black, b4] [white, k11] [black, f8] [white, k9] [black, f10] [white, c3] 
0bc96 info: New: [black, b5] [white, swap-pieces] [white, f4] [black, c11] [white, k3] [black, b4] [white, k11] [black, f8] [white, k9] [black, f10] [white, c3] [black, d7] [white, c7] 
0bc96 info: MovesPlayed: [black, d7] [white, c7] 
0bc96 info: No subtree to reuse.
0bc96 info: StartSearch()[0]
SgUctSearch: max games reached
0bc96 info: 
Elapsed Time   0.362191s
Count          1
GamesPlayed    1
Nodes          1
Knowledge      0 (0.0%)
Expansions     0.0
Time           0.00
GameLen        103.0 dev=0.0 min=103.0 max=103.0
InTree         0.0 dev=0.0 min=0.0 max=0.0
KnowDepth      -
Aborted        0%
Games/s        3184.7
Score          1.00
Sequence      
0bc96 info: 
0bc96 warning: **** MoHexSearch returned empty sequence!
0bc96 warning: **** Returning random move!
0bc96 info: *** Player move: i3
3fff6 info: DfpnSolver::CheckAbort(): Abort flag!
13ca6 info: 
MID calls      43
VC builds      41
Terminal       0
Work           43
Wasted Work    0 (0%)
Elapsed Time   0.383012
MIDs/sec       112.268
VCs/sec        107.046
Cnt prune sib  1
Avg prune sib  1 dev=0 min=1 max=1
Consider Size  42.8537 dev=24.817 min=3 max=73
Move Index     -
Move Percent   -
Delta Increase 3.14286 dev=10.6694 min=1 max=68
Winner         empty
PV             e5 b3 h5 i3

HashTableStatistics:
Stores         796
LookupAttempt  67798
LookupSuccess  3829
Collisions     0

13ca6 info: Search aborted.
<= 
< 
<  7cfcc2c11d5790c6
<  a  b  c  d  e  f  g  h  i  j  k  
< 1\.  .  .  .  .  .  .  .  .  .  .\1
<  2\.  .  .  .  .  .  .  .  .  .  .\2
<   3\.  .  W  .  .  .  .  .  B  .  W\3
<    4\.  B  .  .  .  W  .  .  .  .  .\4
<     5\.  B  .  .  .  .  .  .  .  .  .\5
<      6\.  .  .  .  .  .  .  .  .  .  .\6
<       7\.  .  W  B  .  .  .  .  .  .  .\7
<        8\.  .  .  .  .  B  .  .  .  .  .\8
<         9\.  .  .  .  .  .  .  .  .  .  W\9
<         10\.  .  .  .  .  B  .  .  .  .  .\10
<          11\.  .  B  .  .  .  .  .  .  .  W\11
<              a  b  c  d  e  f  g  h  i  j  k  
<
>play w c5
<= 
<
>showboard
<= 
< 
<  3bbe4c5af9f47fa6
<  a  b  c  d  e  f  g  h  i  j  k  
< 1\.  .  .  .  .  .  .  .  .  .  .\1
<  2\.  .  .  .  .  .  .  .  .  .  .\2
<   3\.  .  W  .  .  .  .  .  B  .  W\3
<    4\.  B  .  .  .  W  .  .  .  .  .\4
<     5\.  B  W  .  .  .  .  .  .  .  .\5
<      6\.  .  .  .  .  .  .  .  .  .  .\6
<       7\.  .  W  B  .  .  .  .  .  .  .\7
<        8\.  .  .  .  .  B  .  .  .  .  .\8
<         9\.  .  .  .  .  .  .  .  .  .  W\9
<         10\.  .  .  .  .  B  .  .  .  .  .\10
<          11\.  .  B  .  .  .  .  .  .  .  W\11
<              a  b  c  d  e  f  g  h  i  j  k  
<
>genmove b
<= h5
<
>showboard
86a07 info: PlayAndSolve: Building VCs to avoid race condition.
86a07 info: PlayAndSolve: Continuing on as usual.
13ca6 info: *** PlayerThread ***
0bc96 info: *** SolverThread ***
13ca6 info: Winning SC.
13ca6 info: *** Player move: h5
0bc96 info: 
MID calls      0
VC builds      1
Terminal       1
Work           1
Wasted Work    0 (0%)
Elapsed Time   0.009374
MIDs/sec       0
VCs/sec        106.678
Cnt prune sib  0
Avg prune sib  -
Consider Size  -
Move Index     -
Move Percent   -
Delta Increase -
Winner         black
PV             

HashTableStatistics:
Stores         797
LookupAttempt  67804
LookupSuccess  3832
Collisions     0

<= 
< 
<  c17827ba6b2e0aca
<  a  b  c  d  e  f  g  h  i  j  k  
< 1\.  .  .  .  .  .  .  .  .  .  .\1
<  2\.  .  .  .  .  .  .  .  .  .  .\2
<   3\.  .  W  .  .  .  .  .  B  .  W\3
<    4\.  B  .  .  .  W  .  .  .  .  .\4
<     5\.  B  W  .  .  .  .  B  .  .  .\5
<      6\.  .  .  .  .  .  .  .  .  .  .\6
<       7\.  .  W  B  .  .  .  .  .  .  .\7
<        8\.  .  .  .  .  B  .  .  .  .  .\8
<         9\.  .  .  .  .  .  .  .  .  .  W\9
<         10\.  .  .  .  .  B  .  .  .  .  .\10
<          11\.  .  B  .  .  .  .  .  .  .  W\11
<              a  b  c  d  e  f  g  h  i  j  k  
<
>play w h4
<= 
<
>showboard
<= 
< 
<  4fc63498dd58d8d2
<  a  b  c  d  e  f  g  h  i  j  k  
< 1\.  .  .  .  .  .  .  .  .  .  .\1
<  2\.  .  .  .  .  .  .  .  .  .  .\2
<   3\.  .  W  .  .  .  .  .  B  .  W\3
<    4\.  B  .  .  .  W  .  W  .  .  .\4
<     5\.  B  W  .  .  .  .  B  .  .  .\5
<      6\.  .  .  .  .  .  .  .  .  .  .\6
<       7\.  .  W  B  .  .  .  .  .  .  .\7
<        8\.  .  .  .  .  B  .  .  .  .  .\8
<         9\.  .  .  .  .  .  .  .  .  .  W\9
<         10\.  .  .  .  .  B  .  .  .  .  .\10
<          11\.  .  B  .  .  .  .  .  .  .  W\11
<              a  b  c  d  e  f  g  h  i  j  k  
<
>genmove b
<= i4
<
>showboard
86a07 info: PlayAndSolve: Building VCs to avoid race condition.
86a07 info: PlayAndSolve: Continuing on as usual.
0bc96 info: *** PlayerThread ***
13ca6 info: *** SolverThread ***
0bc96 info: Winning SC.
0bc96 info: *** Player move: i4
13ca6 info: 
MID calls      0
VC builds      1
Terminal       1
Work           1
Wasted Work    0 (0%)
Elapsed Time   0.011397
MIDs/sec       0
VCs/sec        87.7424
Cnt prune sib  0
Avg prune sib  -
Consider Size  -
Move Index     -
Move Percent   -
Delta Increase -
Winner         black
PV             

HashTableStatistics:
Stores         798
LookupAttempt  67810
LookupSuccess  3835
Collisions     0

<= 
< 
<  19102163d8a34c4f
<  a  b  c  d  e  f  g  h  i  j  k  
< 1\.  .  .  .  .  .  .  .  .  .  .\1
<  2\.  .  .  .  .  .  .  .  .  .  .\2
<   3\.  .  W  .  .  .  .  .  B  .  W\3
<    4\.  B  .  .  .  W  .  W  B  .  .\4
<     5\.  B  W  .  .  .  .  B  .  .  .\5
<      6\.  .  .  .  .  .  .  .  .  .  .\6
<       7\.  .  W  B  .  .  .  .  .  .  .\7
<        8\.  .  .  .  .  B  .  .  .  .  .\8
<         9\.  .  .  .  .  .  .  .  .  .  W\9
<         10\.  .  .  .  .  B  .  .  .  .  .\10
<          11\.  .  B  .  .  .  .  .  .  .  W\11
<              a  b  c  d  e  f  g  h  i  j  k  
<
>play w j1
<= 
<
>showboard
<= 
< 
<  15f2e23465723c05
<  a  b  c  d  e  f  g  h  i  j  k  
< 1\.  .  .  .  .  .  .  .  .  W  .\1
<  2\.  .  .  .  .  .  .  .  .  .  .\2
<   3\.  .  W  .  .  .  .  .  B  .  W\3
<    4\.  B  .  .  .  W  .  W  B  .  .\4
<     5\.  B  W  .  .  .  .  B  .  .  .\5
<      6\.  .  .  .  .  .  .  .  .  .  .\6
<       7\.  .  W  B  .  .  .  .  .  .  .\7
<        8\.  .  .  .  .  B  .  .  .  .  .\8
<         9\.  .  .  .  .  .  .  .  .  .  W\9
<         10\.  .  .  .  .  B  .  .  .  .  .\10
<          11\.  .  B  .  .  .  .  .  .  .  W\11
<              a  b  c  d  e  f  g  h  i  j  k  
<
>genmove b
<= h2
<
>showboard
86a07 info: PlayAndSolve: Building VCs to avoid race condition.
86a07 info: PlayAndSolve: Continuing on as usual.
0bc96 info: *** SolverThread ***
13ca6 info: *** PlayerThread ***
13ca6 info: Winning SC.
13ca6 info: *** Player move: h2
0bc96 info: 
MID calls      0
VC builds      1
Terminal       1
Work           1
Wasted Work    0 (0%)
Elapsed Time   0.012339
MIDs/sec       0
VCs/sec        81.0438
Cnt prune sib  0
Avg prune sib  -
Consider Size  -
Move Index     -
Move Percent   -
Delta Increase -
Winner         black
PV             

HashTableStatistics:
Stores         799
LookupAttempt  67816
LookupSuccess  3838
Collisions     0

<= 
< 
<  71277733c44dc398
<  a  b  c  d  e  f  g  h  i  j  k  
< 1\.  .  .  .  .  .  .  .  .  W  .\1
<  2\.  .  .  .  .  .  .  B  .  .  .\2
<   3\.  .  W  .  .  .  .  .  B  .  W\3
<    4\.  B  .  .  .  W  .  W  B  .  .\4
<     5\.  B  W  .  .  .  .  B  .  .  .\5
<      6\.  .  .  .  .  .  .  .  .  .  .\6
<       7\.  .  W  B  .  .  .  .  .  .  .\7
<        8\.  .  .  .  .  B  .  .  .  .  .\8
<         9\.  .  .  .  .  .  .  .  .  .  W\9
<         10\.  .  .  .  .  B  .  .  .  .  .\10
<          11\.  .  B  .  .  .  .  .  .  .  W\11
<              a  b  c  d  e  f  g  h  i  j  k  
<
>play w i2
<= 
<
>showboard
<= 
< 
<  54b6329a1d9abaed
<  a  b  c  d  e  f  g  h  i  j  k  
< 1\.  .  .  .  .  .  .  .  .  W  .\1
<  2\.  .  .  .  .  .  .  B  W  .  .\2
<   3\.  .  W  .  .  .  .  .  B  .  W\3
<    4\.  B  .  .  .  W  .  W  B  .  .\4
<     5\.  B  W  .  .  .  .  B  .  .  .\5
<      6\.  .  .  .  .  .  .  .  .  .  .\6
<       7\.  .  W  B  .  .  .  .  .  .  .\7
<        8\.  .  .  .  .  B  .  .  .  .  .\8
<         9\.  .  .  .  .  .  .  .  .  .  W\9
<         10\.  .  .  .  .  B  .  .  .  .  .\10
<          11\.  .  B  .  .  .  .  .  .  .  W\11
<              a  b  c  d  e  f  g  h  i  j  k  
<
>genmove b
<= h3
<
>showboard
86a07 info: PlayAndSolve: Building VCs to avoid race condition.
86a07 info: PlayAndSolve: Continuing on as usual.
13ca6 info: *** SolverThread ***
0bc96 info: *** PlayerThread ***
0bc96 info: Winning SC.
0bc96 info: *** Player move: h3
13ca6 info: 
MID calls      0
VC builds      1
Terminal       1
Work           1
Wasted Work    0 (0%)
Elapsed Time   0.012673
MIDs/sec       0
VCs/sec        78.9079
Cnt prune sib  0
Avg prune sib  -
Consider Size  -
Move Index     -
Move Percent   -
Delta Increase -
Winner         black
PV             

HashTableStatistics:
Stores         800
LookupAttempt  67822
LookupSuccess  3841
Collisions     0

<= 
< 
<  ba8f199ba8a809be
<  a  b  c  d  e  f  g  h  i  j  k  
< 1\.  .  .  .  .  .  .  .  .  W  .\1
<  2\.  .  .  .  .  .  .  B  W  .  .\2
<   3\.  .  W  .  .  .  .  B  B  .  W\3
<    4\.  B  .  .  .  W  .  W  B  .  .\4
<     5\.  B  W  .  .  .  .  B  .  .  .\5
<      6\.  .  .  .  .  .  .  .  .  .  .\6
<       7\.  .  W  B  .  .  .  .  .  .  .\7
<        8\.  .  .  .  .  B  .  .  .  .  .\8
<         9\.  .  .  .  .  .  .  .  .  .  W\9
<         10\.  .  .  .  .  B  .  .  .  .  .\10
<          11\.  .  B  .  .  .  .  .  .  .  W\11
<              a  b  c  d  e  f  g  h  i  j  k  
<
>play w g6
<= 
<
>showboard
<= 
< 
<  da54d594084051ef
<  a  b  c  d  e  f  g  h  i  j  k  
< 1\.  .  .  .  .  .  .  .  .  W  .\1
<  2\.  .  .  .  .  .  .  B  W  .  .\2
<   3\.  .  W  .  .  .  .  B  B  .  W\3
<    4\.  B  .  .  .  W  .  W  B  .  .\4
<     5\.  B  W  .  .  .  .  B  .  .  .\5
<      6\.  .  .  .  .  .  W  .  .  .  .\6
<       7\.  .  W  B  .  .  .  .  .  .  .\7
<        8\.  .  .  .  .  B  .  .  .  .  .\8
<         9\.  .  .  .  .  .  .  .  .  .  W\9
<         10\.  .  .  .  .  B  .  .  .  .  .\10
<          11\.  .  B  .  .  .  .  .  .  .  W\11
<              a  b  c  d  e  f  g  h  i  j  k  
<
>genmove b
<= h6
<
>showboard
86a07 info: PlayAndSolve: Building VCs to avoid race condition.
86a07 info: PlayAndSolve: Continuing on as usual.
0bc96 info: *** SolverThread ***
13ca6 info: *** PlayerThread ***
13ca6 info: Winning SC.
13ca6 info: *** Player move: h6
0bc96 info: 
MID calls      0
VC builds      1
Terminal       1
Work           1
Wasted Work    0 (0%)
Elapsed Time   0.007535
MIDs/sec       0
VCs/sec        132.714
Cnt prune sib  0
Avg prune sib  -
Consider Size  -
Move Index     -
Move Percent   -
Delta Increase -
Winner         black
PV             

HashTableStatistics:
Stores         801
LookupAttempt  67828
LookupSuccess  3844
Collisions     0

<= 
< 
<  7c1fc6a0cda974cf
<  a  b  c  d  e  f  g  h  i  j  k  
< 1\.  .  .  .  .  .  .  .  .  W  .\1
<  2\.  .  .  .  .  .  .  B  W  .  .\2
<   3\.  .  W  .  .  .  .  B  B  .  W\3
<    4\.  B  .  .  .  W  .  W  B  .  .\4
<     5\.  B  W  .  .  .  .  B  .  .  .\5
<      6\.  .  .  .  .  .  W  B  .  .  .\6
<       7\.  .  W  B  .  .  .  .  .  .  .\7
<        8\.  .  .  .  .  B  .  .  .  .  .\8
<         9\.  .  .  .  .  .  .  .  .  .  W\9
<         10\.  .  .  .  .  B  .  .  .  .  .\10
<          11\.  .  B  .  .  .  .  .  .  .  W\11
<              a  b  c  d  e  f  g  h  i  j  k  
<
>play w g7
<= 
<
>showboard
<= 
< 
<  7ab41ba138a6e2f7
<  a  b  c  d  e  f  g  h  i  j  k  
< 1\.  .  .  .  .  .  .  .  .  W  .\1
<  2\.  .  .  .  .  .  .  B  W  .  .\2
<   3\.  .  W  .  .  .  .  B  B  .  W\3
<    4\.  B  .  .  .  W  .  W  B  .  .\4
<     5\.  B  W  .  .  .  .  B  .  .  .\5
<      6\.  .  .  .  .  .  W  B  .  .  .\6
<       7\.  .  W  B  .  .  W  .  .  .  .\7
<        8\.  .  .  .  .  B  .  .  .  .  .\8
<         9\.  .  .  .  .  .  .  .  .  .  W\9
<         10\.  .  .  .  .  B  .  .  .  .  .\10
<          11\.  .  B  .  .  .  .  .  .  .  W\11
<              a  b  c  d  e  f  g  h  i  j  k  
<
>genmove b
<= h7
<
>showboard
86a07 info: PlayAndSolve: Building VCs to avoid race condition.
86a07 info: PlayAndSolve: Continuing on as usual.
13ca6 info: *** SolverThread ***
0bc96 info: *** PlayerThread ***
0bc96 info: Winning SC.
0bc96 info: *** Player move: h7
13ca6 info: 
MID calls      0
VC builds      1
Terminal       1
Work           1
Wasted Work    0 (0%)
Elapsed Time   0.00678
MIDs/sec       0
VCs/sec        147.493
Cnt prune sib  0
Avg prune sib  -
Consider Size  -
Move Index     -
Move Percent   -
Delta Increase -
Winner         black
PV             

HashTableStatistics:
Stores         802
LookupAttempt  67834
LookupSuccess  3847
Collisions     0

<= 
< 
<  687aae5a5630eeb9
<  a  b  c  d  e  f  g  h  i  j  k  
< 1\.  .  .  .  .  .  .  .  .  W  .\1
<  2\.  .  .  .  .  .  .  B  W  .  .\2
<   3\.  .  W  .  .  .  .  B  B  .  W\3
<    4\.  B  .  .  .  W  .  W  B  .  .\4
<     5\.  B  W  .  .  .  .  B  .  .  .\5
<      6\.  .  .  .  .  .  W  B  .  .  .\6
<       7\.  .  W  B  .  .  W  B  .  .  .\7
<        8\.  .  .  .  .  B  .  .  .  .  .\8
<         9\.  .  .  .  .  .  .  .  .  .  W\9
<         10\.  .  .  .  .  B  .  .  .  .  .\10
<          11\.  .  B  .  .  .  .  .  .  .  W\11
<              a  b  c  d  e  f  g  h  i  j  k  
<
>play w g8
<= 
<
>showboard
<= 
< 
<  5bf4c4e45d3c2493
<  a  b  c  d  e  f  g  h  i  j  k  
< 1\.  .  .  .  .  .  .  .  .  W  .\1
<  2\.  .  .  .  .  .  .  B  W  .  .\2
<   3\.  .  W  .  .  .  .  B  B  .  W\3
<    4\.  B  .  .  .  W  .  W  B  .  .\4
<     5\.  B  W  .  .  .  .  B  .  .  .\5
<      6\.  .  .  .  .  .  W  B  .  .  .\6
<       7\.  .  W  B  .  .  W  B  .  .  .\7
<        8\.  .  .  .  .  B  W  .  .  .  .\8
<         9\.  .  .  .  .  .  .  .  .  .  W\9
<         10\.  .  .  .  .  B  .  .  .  .  .\10
<          11\.  .  B  .  .  .  .  .  .  .  W\11
<              a  b  c  d  e  f  g  h  i  j  k  
<
>genmove b
<= h8
<
>showboard
86a07 info: PlayAndSolve: Building VCs to avoid race condition.
86a07 info: PlayAndSolve: Continuing on as usual.
0bc96 info: *** SolverThread ***
13ca6 info: *** PlayerThread ***
13ca6 info: Winning SC.
13ca6 info: *** Player move: h8
0bc96 info: 
MID calls      0
VC builds      1
Terminal       1
Work           1
Wasted Work    0 (0%)
Elapsed Time   0.005864
MIDs/sec       0
VCs/sec        170.532
Cnt prune sib  0
Avg prune sib  -
Consider Size  -
Move Index     -
Move Percent   -
Delta Increase -
Winner         black
PV             

HashTableStatistics:
Stores         803
LookupAttempt  67840
LookupSuccess  3850
Collisions     0

<= 
< 
<  2dd2853c55eb8679
<  a  b  c  d  e  f  g  h  i  j  k  
< 1\.  .  .  .  .  .  .  .  .  W  .\1
<  2\.  .  .  .  .  .  .  B  W  .  .\2
<   3\.  .  W  .  .  .  .  B  B  .  W\3
<    4\.  B  .  .  .  W  .  W  B  .  .\4
<     5\.  B  W  .  .  .  .  B  .  .  .\5
<      6\.  .  .  .  .  .  W  B  .  .  .\6
<       7\.  .  W  B  .  .  W  B  .  .  .\7
<        8\.  .  .  .  .  B  W  B  .  .  .\8
<         9\.  .  .  .  .  .  .  .  .  .  W\9
<         10\.  .  .  .  .  B  .  .  .  .  .\10
<          11\.  .  B  .  .  .  .  .  .  .  W\11
<              a  b  c  d  e  f  g  h  i  j  k  
<
>play w h9
<= 
<
>showboard
<= 
< 
<  7bfe6af62eea34a2
<  a  b  c  d  e  f  g  h  i  j  k  
< 1\.  .  .  .  .  .  .  .  .  W  .\1
<  2\.  .  .  .  .  .  .  B  W  .  .\2
<   3\.  .  W  .  .  .  .  B  B  .  W\3
<    4\.  B  .  .  .  W  .  W  B  .  .\4
<     5\.  B  W  .  .  .  .  B  .  .  .\5
<      6\.  .  .  .  .  .  W  B  .  .  .\6
<       7\.  .  W  B  .  .  W  B  .  .  .\7
<        8\.  .  .  .  .  B  W  B  .  .  .\8
<         9\.  .  .  .  .  .  .  W  .  .  W\9
<         10\.  .  .  .  .  B  .  .  .  .  .\10
<          11\.  .  B  .  .  .  .  .  .  .  W\11
<              a  b  c  d  e  f  g  h  i  j  k  
<
>genmove b
<= g9
<
>showboard
86a07 info: PlayAndSolve: Building VCs to avoid race condition.
86a07 info: PlayAndSolve: Continuing on as usual.
0bc96 info: *** PlayerThread ***
13ca6 info: *** SolverThread ***
0bc96 info: Winning SC.
0bc96 info: *** Player move: g9
13ca6 info: 
MID calls      0
VC builds      1
Terminal       1
Work           1
Wasted Work    0 (0%)
Elapsed Time   0.006843
MIDs/sec       0
VCs/sec        146.135
Cnt prune sib  0
Avg prune sib  -
Consider Size  -
Move Index     -
Move Percent   -
Delta Increase -
Winner         black
PV             

HashTableStatistics:
Stores         804
LookupAttempt  67846
LookupSuccess  3853
Collisions     0

<= 
< 
<  884c6f1b4a049452
<  a  b  c  d  e  f  g  h  i  j  k  
< 1\.  .  .  .  .  .  .  .  .  W  .\1
<  2\.  .  .  .  .  .  .  B  W  .  .\2
<   3\.  .  W  .  .  .  .  B  B  .  W\3
<    4\.  B  .  .  .  W  .  W  B  .  .\4
<     5\.  B  W  .  .  .  .  B  .  .  .\5
<      6\.  .  .  .  .  .  W  B  .  .  .\6
<       7\.  .  W  B  .  .  W  B  .  .  .\7
<        8\.  .  .  .  .  B  W  B  .  .  .\8
<         9\.  .  .  .  .  .  B  W  .  .  W\9
<         10\.  .  .  .  .  B  .  .  .  .  .\10
<          11\.  .  B  .  .  .  .  .  .  .  W\11
<              a  b  c  d  e  f  g  h  i  j  k  
<
>play w h1
<= 
<
>showboard
<= 
< 
<  17ed78504cd68548
<  a  b  c  d  e  f  g  h  i  j  k  
< 1\.  .  .  .  .  .  .  W  .  W  .\1
<  2\.  .  .  .  .  .  .  B  W  .  .\2
<   3\.  .  W  .  .  .  .  B  B  .  W\3
<    4\.  B  .  .  .  W  .  W  B  .  .\4
<     5\.  B  W  .  .  .  .  B  .  .  .\5
<      6\.  .  .  .  .  .  W  B  .  .  .\6
<       7\.  .  W  B  .  .  W  B  .  .  .\7
<        8\.  .  .  .  .  B  W  B  .  .  .\8
<         9\.  .  .  .  .  .  B  W  .  .  W\9
<         10\.  .  .  .  .  B  .  .  .  .  .\10
<          11\.  .  B  .  .  .  .  .  .  .  W\11
<              a  b  c  d  e  f  g  h  i  j  k  
<
>genmove b
<= i1
<
>showboard
86a07 info: PlayAndSolve: Building VCs to avoid race condition.
86a07 info: PlayAndSolve: Continuing on as usual.
13ca6 info: *** PlayerThread ***
0bc96 info: *** SolverThread ***
13ca6 info: Winning SC.
13ca6 info: *** Player move: i1
0bc96 info: 
MID calls      0
VC builds      1
Terminal       1
Work           1
Wasted Work    0 (0%)
Elapsed Time   0.005763
MIDs/sec       0
VCs/sec        173.521
Cnt prune sib  0
Avg prune sib  -
Consider Size  -
Move Index     -
Move Percent   -
Delta Increase -
Winner         black
PV             

HashTableStatistics:
Stores         805
LookupAttempt  67852
LookupSuccess  3856
Collisions     0

<= 
< 
<  6c38ffde10b02a20
<  a  b  c  d  e  f  g  h  i  j  k  
< 1\.  .  .  .  .  .  .  W  B  W  .\1
<  2\.  .  .  .  .  .  .  B  W  .  .\2
<   3\.  .  W  .  .  .  .  B  B  .  W\3
<    4\.  B  .  .  .  W  .  W  B  .  .\4
<     5\.  B  W  .  .  .  .  B  .  .  .\5
<      6\.  .  .  .  .  .  W  B  .  .  .\6
<       7\.  .  W  B  .  .  W  B  .  .  .\7
<        8\.  .  .  .  .  B  W  B  .  .  .\8
<         9\.  .  .  .  .  .  B  W  .  .  W\9
<         10\.  .  .  .  .  B  .  .  .  .  .\10
<          11\.  .  B  .  .  .  .  .  .  .  W\11
<              a  b  c  d  e  f  g  h  i  j  k  
<
>play w f11
<= 
<
>showboard
<= 
< 
<  4696b63b1b203ade
<  a  b  c  d  e  f  g  h  i  j  k  
< 1\.  .  .  .  .  .  .  W  B  W  .\1
<  2\.  .  .  .  .  .  .  B  W  .  .\2
<   3\.  .  W  .  .  .  .  B  B  .  W\3
<    4\.  B  .  .  .  W  .  W  B  .  .\4
<     5\.  B  W  .  .  .  .  B  .  .  .\5
<      6\.  .  .  .  .  .  W  B  .  .  .\6
<       7\.  .  W  B  .  .  W  B  .  .  .\7
<        8\.  .  .  .  .  B  W  B  .  .  .\8
<         9\.  .  .  .  .  .  B  W  .  .  W\9
<         10\.  .  .  .  .  B  .  .  .  .  .\10
<          11\.  .  B  .  .  W  .  .  .  .  W\11
<              a  b  c  d  e  f  g  h  i  j  k  
<
>genmove b
<= e11
<
>showboard
86a07 info: PlayAndSolve: Building VCs to avoid race condition.
86a07 info: PlayAndSolve: Continuing on as usual.
0bc96 info: *** PlayerThread ***
13ca6 info: *** SolverThread ***
0bc96 info: Winning SC.
0bc96 info: *** Player move: e11
13ca6 info: 
MID calls      0
VC builds      1
Terminal       1
Work           1
Wasted Work    0 (0%)
Elapsed Time   0.005279
MIDs/sec       0
VCs/sec        189.43
Cnt prune sib  0
Avg prune sib  -
Consider Size  -
Move Index     -
Move Percent   -
Delta Increase -
Winner         black
PV             

HashTableStatistics:
Stores         806
LookupAttempt  67858
LookupSuccess  3859
Collisions     0

<= 
< 
<  48d4f66b736d3ba9
<  a  b  c  d  e  f  g  h  i  j  k  
< 1\.  .  .  .  .  .  .  W  B  W  .\1
<  2\.  .  .  .  .  .  .  B  W  .  .\2
<   3\.  .  W  .  .  .  .  B  B  .  W\3
<    4\.  B  .  .  .  W  .  W  B  .  .\4
<     5\.  B  W  .  .  .  .  B  .  .  .\5
<      6\.  .  .  .  .  .  W  B  .  .  .\6
<       7\.  .  W  B  .  .  W  B  .  .  .\7
<        8\.  .  .  .  .  B  W  B  .  .  .\8
<         9\.  .  .  .  .  .  B  W  .  .  W\9
<         10\.  .  .  .  .  B  .  .  .  .  .\10
<          11\.  .  B  .  B  W  .  .  .  .  W\11
<              a  b  c  d  e  f  g  h  i  j  k  
<
>play w resign
<= 
<
>showboard
<= 
< 
<  48d4f66b736d3ba9
<  a  b  c  d  e  f  g  h  i  j  k  
< 1\.  .  .  .  .  .  .  W  B  W  .\1
<  2\.  .  .  .  .  .  .  B  W  .  .\2
<   3\.  .  W  .  .  .  .  B  B  .  W\3
<    4\.  B  .  .  .  W  .  W  B  .  .\4
<     5\.  B  W  .  .  .  .  B  .  .  .\5
<      6\.  .  .  .  .  .  W  B  .  .  .\6
<       7\.  .  W  B  .  .  W  B  .  .  .\7
<        8\.  .  .  .  .  B  W  B  .  .  .\8
<         9\.  .  .  .  .  .  B  W  .  .  W\9
<         10\.  .  .  .  .  B  .  .  .  .  .\10
<          11\.  .  B  .  B  W  .  .  .  .  W\11
<              a  b  c  d  e  f  g  h  i  j  k  
<
>final_score
<= B+
<
>quit
<= 
<
