c55a7 config: MoHex v2.0.CMake Mar 21 2025.
c55a7 config: ============ InitializeSystem ============
c55a7 config: BenzeneProgram::InitRandom()
c55a7 config: Seed = 815571
c55a7 info: Prior Patterns:
c55a7 info: Global:
c55a7 info: Size            = 565 32648 
c55a7 info: TableEntries    = 65932 65910
c55a7 info: MirrorsAdded    = 0 0
c55a7 info: PrunableCount   = 30593 30629
c55a7 info: LargestGamma    = 5820.77
c55a7 info: SmallestGamma   = 6.6e-05
c55a7 info: Local:
c55a7 info: Size            = 550 5318 
c55a7 info: TableEntries    = 11602 11588
c55a7 info: MirrorsAdded    = 0 0
c55a7 info: PrunableCount   = 3659 3667
c55a7 info: LargestGamma    = 11281.8
c55a7 info: SmallestGamma   = 0.026235
c55a7 info: Playout Patterns:
c55a7 info: Global:
c55a7 info: Size            = 565 32648 
c55a7 info: TableEntries    = 70329 70329
c55a7 info: MirrorsAdded    = 4397 4419
c55a7 info: PrunableCount   = 30593 30629
c55a7 info: LargestGamma    = 5820.77
c55a7 info: SmallestGamma   = 6.6e-05
c55a7 info: Local:
c55a7 info: Size            = 550 5318 
c55a7 info: TableEntries    = 11602 11588
c55a7 info: MirrorsAdded    = 0 0
c55a7 info: PrunableCount   = 3659 3667
c55a7 info: LargestGamma    = 11281.8
c55a7 info: SmallestGamma   = 0.026235
c55a7 config: IcePatternSet: reading from '/home/linus/MoHex2.0/nfbranchfix/benzene-vanilla-cmake/share/ice-patterns.txt'.
c55a7 config: IcePatternSet: parsed 708 patterns.
c55a7 config: VCS: reading captured set patterns from '/home/linus/MoHex2.0/nfbranchfix/benzene-vanilla-cmake/share/vc-captured-set.txt'.
c55a7 config: VCS:: parsed 2 patterns.
c55a7 config: VCS: reading captured set patterns from '/home/linus/MoHex2.0/nfbranchfix/benzene-vanilla-cmake/share/vc-captured-set.txt'.
c55a7 config: VCS:: parsed 2 patterns.
c55a7 config: IcePatternSet: reading from '/home/linus/MoHex2.0/nfbranchfix/benzene-vanilla-cmake/share/ice-patterns.txt'.
c55a7 config: IcePatternSet: parsed 708 patterns.
c55a7 config: VCS: reading captured set patterns from '/home/linus/MoHex2.0/nfbranchfix/benzene-vanilla-cmake/share/vc-captured-set.txt'.
c55a7 config: VCS:: parsed 2 patterns.
c55a7 config: VCS: reading captured set patterns from '/home/linus/MoHex2.0/nfbranchfix/benzene-vanilla-cmake/share/vc-captured-set.txt'.
c55a7 config: VCS:: parsed 2 patterns.
c55a7 config: VCS: reading captured set patterns from '/home/linus/MoHex2.0/nfbranchfix/benzene-vanilla-cmake/share/vc-captured-set.txt'.
c55a7 config: VCS:: parsed 2 patterns.
c55a7 config: VCS: reading captured set patterns from '/home/linus/MoHex2.0/nfbranchfix/benzene-vanilla-cmake/share/vc-captured-set.txt'.
c55a7 config: VCS:: parsed 2 patterns.
c55a7 config: VCS: reading captured set patterns from '/home/linus/MoHex2.0/nfbranchfix/benzene-vanilla-cmake/share/vc-captured-set.txt'.
c55a7 config: VCS:: parsed 2 patterns.
c55a7 config: VCS: reading captured set patterns from '/home/linus/MoHex2.0/nfbranchfix/benzene-vanilla-cmake/share/vc-captured-set.txt'.
c55a7 config: VCS:: parsed 2 patterns.
c55a7 info: SwapCheck: reading from '/home/linus/MoHex2.0/nfbranchfix/benzene-vanilla-cmake/share/swap-moves.txt'.
c55a7 info: SwapCheck: playing swap.
c55a7 info: PlayAndSolve: Building VCs to avoid race condition.
c55a7 config: VCPattern: loading pattern templates from '/home/linus/MoHex2.0/nfbranchfix/benzene-vanilla-cmake/share/vc-patterns.txt'.
c55a7 info: PlayAndSolve: Continuing on as usual.
52846 info: *** PlayerThread ***
4a836 info: *** SolverThread ***
7fff6 config: VCS: reading captured set patterns from '/home/linus/MoHex2.0/nfbranchfix/benzene-vanilla-cmake/share/vc-captured-set.txt'.
7fff6 config: VCS:: parsed 2 patterns.
7fff6 config: VCS: reading captured set patterns from '/home/linus/MoHex2.0/nfbranchfix/benzene-vanilla-cmake/share/vc-captured-set.txt'.
7fff6 config: VCS:: parsed 2 patterns.
7fff6 dfpn: 
52846 info: Best move cannot be determined, must search state.
52846 info: --- MoHexPlayer::Search() ---
52846 info: Color: black
52846 info: MaxGames: 1
52846 info: NumberThreads: 1
52846 info: MaxNodes: 9090 (799920 bytes)
52846 info: TimeForMove: 1
7fff6 dfpn: b8
7fff6 dfpn: g8
7fff6 dfpn: c7
7fff6 dfpn: d8
7fff6 dfpn: c10
7fff6 dfpn: h4
7fff6 dfpn: c8
7fff6 dfpn: d6
7fff6 dfpn: d7
7fff6 dfpn: i3
7fff6 dfpn: b9
7fff6 dfpn: b7
7fff6 dfpn: e5
7fff6 dfpn: g5
7fff6 dfpn: g4
7fff6 dfpn: j2
7fff6 dfpn: d5
7fff6 dfpn: f5
7fff6 dfpn: d9
7fff6 dfpn: c9
7fff6 dfpn: e6
7fff6 dfpn: c6
7fff6 dfpn: h5
7fff6 dfpn: c10
52846 info: PreSearch: max time reached (51/89).
52846 info: Time for PreSearch: 0.200147s
52846 info: 
  d42f12a979f460e5
  a  b  c  d  e  f  g  h  i  j  k  
 1\.  .  .  .  .  .  .  .  .  .  .\1
  2\.  .  *  *  *  *  *  *  *  *  *\2
   3\.  *  *  *  *  *  *  *  *  *  *\3
    4\*  *  *  *  *  *  *  *  *  *  *\4
     5\*  *  *  *  *  *  *  *  *  *  *\5
      6\*  *  *  *  *  *  *  *  *  *  *\6
       7\*  *  *  *  *  *  *  *  *  *  *\7
        8\*  *  *  *  *  *  *  *  *  *  *\8
         9\*  *  *  *  W  *  *  *  *  *  .\9
         10\B  .  *  .  .  *  *  *  *  .  .\10
          11\.  .  .  .  .  .  .  .  .  .  .\11
              a  b  c  d  e  f  g  h  i  j  k  
52846 info: No subtree to reuse.
52846 info: Creating thread 0
52846 info: StartSearch()[0]
52846 config: VCS: reading captured set patterns from '/home/linus/MoHex2.0/nfbranchfix/benzene-vanilla-cmake/share/vc-captured-set.txt'.
52846 config: VCS:: parsed 2 patterns.
52846 config: VCS: reading captured set patterns from '/home/linus/MoHex2.0/nfbranchfix/benzene-vanilla-cmake/share/vc-captured-set.txt'.
52846 config: VCS:: parsed 2 patterns.
52846 info: 
Elapsed Time   0.358133s
Count          1
GamesPlayed    1
Nodes          1
Knowledge      0 (0.0%)
Expansions     0.0
Time           0.00
GameLen        119.0 dev=0.0 min=119.0 max=119.0
InTree         0.0 dev=0.0 min=0.0 max=0.0
KnowDepth      -
Aborted        0%
Games/s        278.7
Score          1.00
Sequence      
52846 info: 
52846 warning: **** MoHexSearch returned empty sequence!
52846 warning: **** Returning random move!
52846 info: *** Player move: j9
7fff6 info: DfpnSolver::CheckAbort(): Abort flag!
4a836 info: 
MID calls      46
VC builds      45
Terminal       0
Work           46
Wasted Work    0 (0%)
Elapsed Time   0.376011
MIDs/sec       122.337
VCs/sec        119.677
Cnt prune sib  1
Avg prune sib  1 dev=0 min=1 max=1
Consider Size  86.3111 dev=5.4237 min=75 max=92
Move Index     -
Move Percent   -
Delta Increase 2.93333 dev=12.093 min=1 max=83
Winner         empty
PV             c10 b6 d8

HashTableStatistics:
Stores         115
LookupAttempt  12004
LookupSuccess  673
Collisions     0

4a836 info: Search aborted.
c55a7 info: PlayAndSolve: Building VCs to avoid race condition.
c55a7 info: PlayAndSolve: Continuing on as usual.
4a836 info: *** PlayerThread ***
52846 info: *** SolverThread ***
7fff6 config: VCS: reading captured set patterns from '/home/linus/MoHex2.0/nfbranchfix/benzene-vanilla-cmake/share/vc-captured-set.txt'.
7fff6 config: VCS:: parsed 2 patterns.
7fff6 config: VCS: reading captured set patterns from '/home/linus/MoHex2.0/nfbranchfix/benzene-vanilla-cmake/share/vc-captured-set.txt'.
7fff6 config: VCS:: parsed 2 patterns.
7fff6 dfpn: 
4a836 info: Best move cannot be determined, must search state.
4a836 info: --- MoHexPlayer::Search() ---
4a836 info: Color: black
4a836 info: MaxGames: 1
4a836 info: NumberThreads: 1
4a836 info: MaxNodes: 9090 (799920 bytes)
4a836 info: TimeForMove: 1
7fff6 dfpn: j2
7fff6 dfpn: f4
7fff6 dfpn: b8
7fff6 dfpn: i3
7fff6 dfpn: c7
7fff6 dfpn: e5
7fff6 dfpn: e4
7fff6 dfpn: d5
7fff6 dfpn: d6
7fff6 dfpn: g3
7fff6 dfpn: j3
7fff6 dfpn: b7
7fff6 dfpn: c6
7fff6 dfpn: j4
7fff6 dfpn: f3
7fff6 dfpn: c10
7fff6 dfpn: c8
7fff6 dfpn: d7
7fff6 dfpn: g8
7fff6 dfpn: b6
7fff6 dfpn: d4
7fff6 dfpn: i4
7fff6 dfpn: c10
4a836 info: PreSearch: max time reached (57/84).
4a836 info: Time for PreSearch: 0.20054s
4a836 info: 
  26d5b252fcb43f6f
  a  b  c  d  e  f  g  h  i  j  k  
 1\.  .  .  .  .  .  .  .  .  .  .\1
  2\.  .  *  *  *  *  *  .  .  *  *\2
   3\.  *  *  *  *  *  *  W  *  *  *\3
    4\*  *  *  *  *  *  *  *  *  *  *\4
     5\*  *  *  *  *  *  *  *  *  *  *\5
      6\*  *  *  *  *  *  *  *  *  *  *\6
       7\*  *  *  *  *  *  *  *  *  *  *\7
        8\*  *  *  *  *  *  *  *  *  *  .\8
         9\*  *  *  *  W  *  *  *  *  B  .\9
         10\B  .  *  .  .  *  *  *  *  .  .\10
          11\.  .  .  .  .  .  .  .  .  .  .\11
              a  b  c  d  e  f  g  h  i  j  k  
4a836 info: Old: [black, a10] [white, swap-pieces] [white, e9] 
4a836 info: New: [black, a10] [white, swap-pieces] [white, e9] [black, j9] [white, h3] 
4a836 info: MovesPlayed: [black, j9] [white, h3] 
4a836 info: No subtree to reuse.
4a836 info: StartSearch()[0]
4a836 info: 
Elapsed Time   0.351051s
Count          1
GamesPlayed    1
Nodes          1
Knowledge      0 (0.0%)
Expansions     0.0
Time           0.00
GameLen        117.0 dev=0.0 min=117.0 max=117.0
InTree         0.0 dev=0.0 min=0.0 max=0.0
KnowDepth      -
Aborted        0%
Games/s        3215.4
Score          1.00
Sequence      
4a836 info: 
4a836 warning: **** MoHexSearch returned empty sequence!
4a836 warning: **** Returning random move!
4a836 info: *** Player move: b11
7fff6 info: DfpnSolver::CheckAbort(): Abort flag!
52846 info: 
MID calls      54
VC builds      53
Terminal       0
Work           54
Wasted Work    0 (0%)
Elapsed Time   0.364474
MIDs/sec       148.159
VCs/sec        145.415
Cnt prune sib  1
Avg prune sib  1 dev=0 min=1 max=1
Consider Size  80.8302 dev=6.52347 min=70 max=89
Move Index     -
Move Percent   -
Delta Increase 3.86792 dev=14.218 min=1 max=80
Winner         empty
PV             c10 b6 c7 d5

HashTableStatistics:
Stores         244
LookupAttempt  23698
LookupSuccess  1305
Collisions     0

52846 info: Search aborted.
c55a7 info: PlayAndSolve: Building VCs to avoid race condition.
c55a7 info: PlayAndSolve: Continuing on as usual.
52846 info: *** PlayerThread ***
4a836 info: *** SolverThread ***
7fff6 config: VCS: reading captured set patterns from '/home/linus/MoHex2.0/nfbranchfix/benzene-vanilla-cmake/share/vc-captured-set.txt'.
7fff6 config: VCS:: parsed 2 patterns.
7fff6 config: VCS: reading captured set patterns from '/home/linus/MoHex2.0/nfbranchfix/benzene-vanilla-cmake/share/vc-captured-set.txt'.
7fff6 config: VCS:: parsed 2 patterns.
7fff6 dfpn: 
52846 info: Best move cannot be determined, must search state.
52846 info: --- MoHexPlayer::Search() ---
52846 info: Color: black
52846 info: MaxGames: 1
52846 info: NumberThreads: 1
52846 info: MaxNodes: 9090 (799920 bytes)
52846 info: TimeForMove: 1
7fff6 dfpn: j2
7fff6 dfpn: b8
7fff6 dfpn: f4
7fff6 dfpn: g4
7fff6 dfpn: i3
7fff6 dfpn: c6
7fff6 dfpn: b7
7fff6 dfpn: d5
7fff6 dfpn: b6
7fff6 dfpn: j3
7fff6 dfpn: d4
7fff6 dfpn: d6
7fff6 dfpn: f5
7fff6 dfpn: j4
7fff6 dfpn: i4
7fff6 dfpn: b5
7fff6 dfpn: h5
7fff6 dfpn: c5
7fff6 dfpn: i5
7fff6 dfpn: c7
7fff6 dfpn: j5
7fff6 dfpn: g3
7fff6 dfpn: j2
52846 info: PreSearch: max time reached (54/82).
52846 info: Time for PreSearch: 0.203195s
52846 info: 
  b69ec4f71f899709
  a  b  c  d  e  f  g  h  i  j  k  
 1\.  .  .  .  .  .  .  .  .  .  .\1
  2\.  .  *  *  *  *  *  .  .  *  *\2
   3\.  *  *  *  *  *  *  W  *  *  *\3
    4\*  *  *  *  *  *  *  *  *  *  *\4
     5\*  *  *  *  W  *  *  *  *  *  *\5
      6\*  *  *  *  *  *  *  *  *  *  *\6
       7\*  *  *  *  *  *  *  *  *  *  *\7
        8\*  *  *  *  *  *  *  *  *  *  .\8
         9\*  *  *  *  W  *  *  *  *  B  .\9
         10\B  .  *  .  .  *  *  *  *  .  .\10
          11\.  B  .  .  .  .  .  .  .  .  .\11
              a  b  c  d  e  f  g  h  i  j  k  
52846 info: Old: [black, a10] [white, swap-pieces] [white, e9] [black, j9] [white, h3] 
52846 info: New: [black, a10] [white, swap-pieces] [white, e9] [black, j9] [white, h3] [black, b11] [white, e5] 
52846 info: MovesPlayed: [black, b11] [white, e5] 
52846 info: No subtree to reuse.
52846 info: StartSearch()[0]
52846 info: 
Elapsed Time   0.384408s
Count          1
GamesPlayed    1
Nodes          1
Knowledge      0 (0.0%)
Expansions     0.0
Time           0.00
GameLen        115.0 dev=0.0 min=115.0 max=115.0
InTree         0.0 dev=0.0 min=0.0 max=0.0
KnowDepth      -
Aborted        0%
Games/s        3030.3
Score          1.00
Sequence      
52846 info: 
52846 warning: **** MoHexSearch returned empty sequence!
52846 warning: **** Returning random move!
52846 info: *** Player move: d1
7fff6 info: DfpnSolver::CheckAbort(): Abort flag!
4a836 info: 
MID calls      48
VC builds      46
Terminal       0
Work           48
Wasted Work    0 (0%)
Elapsed Time   0.396543
MIDs/sec       121.046
VCs/sec        116.003
Cnt prune sib  0
Avg prune sib  -
Consider Size  80.1087 dev=4.86427 min=70 max=85
Move Index     -
Move Percent   -
Delta Increase 4.21277 dev=14.8581 min=1 max=79
Winner         empty
PV             j2 j5 i4 h6

HashTableStatistics:
Stores         361
LookupAttempt  34696
LookupSuccess  1932
Collisions     0

4a836 info: Search aborted.
c55a7 info: PlayAndSolve: Building VCs to avoid race condition.
c55a7 info: PlayAndSolve: Continuing on as usual.
4a836 info: *** PlayerThread ***
52846 info: *** SolverThread ***
7fff6 config: VCS: reading captured set patterns from '/home/linus/MoHex2.0/nfbranchfix/benzene-vanilla-cmake/share/vc-captured-set.txt'.
7fff6 config: VCS:: parsed 2 patterns.
7fff6 config: VCS: reading captured set patterns from '/home/linus/MoHex2.0/nfbranchfix/benzene-vanilla-cmake/share/vc-captured-set.txt'.
7fff6 config: VCS:: parsed 2 patterns.
7fff6 dfpn: 
4a836 info: Best move cannot be determined, must search state.
4a836 info: --- MoHexPlayer::Search() ---
4a836 info: Color: black
4a836 info: MaxGames: 1
4a836 info: NumberThreads: 1
4a836 info: MaxNodes: 9090 (799920 bytes)
4a836 info: TimeForMove: 1
7fff6 dfpn: j2
7fff6 dfpn: f4
7fff6 dfpn: g4
7fff6 dfpn: i3
7fff6 dfpn: b8
7fff6 dfpn: j3
7fff6 dfpn: b7
7fff6 dfpn: j4
7fff6 dfpn: i4
7fff6 dfpn: f5
7fff6 dfpn: h5
7fff6 dfpn: b5
7fff6 dfpn: i5
7fff6 dfpn: j2
4a836 info: Time for PreSearch: 0.159953s
4a836 info: 
  de0da70feacde3ec
  a  b  c  d  e  f  g  h  i  j  k  
 1\.  .  .  B  .  .  .  .  .  .  .\1
  2\.  .  .  .  .  .  .  .  .  *  *\2
   3\*  *  *  .  .  .  .  W  *  *  *\3
    4\*  *  *  *  *  *  *  *  *  *  *\4
     5\*  *  *  *  W  *  *  *  *  *  *\5
      6\*  *  *  *  .  .  .  *  *  *  *\6
       7\*  *  W  .  .  .  .  .  *  *  *\7
        8\*  *  .  .  .  .  .  .  .  .  .\8
         9\*  .  .  .  W  .  .  .  .  B  .\9
         10\B  .  .  .  .  .  .  .  .  .  .\10
          11\.  B  .  .  .  .  .  .  .  .  .\11
              a  b  c  d  e  f  g  h  i  j  k  
4a836 info: Old: [black, a10] [white, swap-pieces] [white, e9] [black, j9] [white, h3] [black, b11] [white, e5] 
4a836 info: New: [black, a10] [white, swap-pieces] [white, e9] [black, j9] [white, h3] [black, b11] [white, e5] [black, d1] [white, c7] 
4a836 info: MovesPlayed: [black, d1] [white, c7] 
4a836 info: No subtree to reuse.
4a836 info: StartSearch()[0]
4a836 info: 
Elapsed Time   0.310957s
Count          1
GamesPlayed    1
Nodes          1
Knowledge      0 (0.0%)
Expansions     0.0
Time           0.00
GameLen        113.0 dev=0.0 min=113.0 max=113.0
InTree         0.0 dev=0.0 min=0.0 max=0.0
KnowDepth      -
Aborted        0%
Games/s        3164.6
Score          0.00
Sequence      
4a836 info: 
4a836 warning: **** MoHexSearch returned empty sequence!
4a836 warning: **** Returning random move!
4a836 info: *** Player move: d2
7fff6 info: DfpnSolver::CheckAbort(): Abort flag!
52846 info: 
MID calls      31
VC builds      30
Terminal       0
Work           31
Wasted Work    0 (0%)
Elapsed Time   0.328078
MIDs/sec       94.4897
VCs/sec        91.4417
Cnt prune sib  0
Avg prune sib  -
Consider Size  64.2667 dev=20.6832 min=27 max=82
Move Index     -
Move Percent   -
Delta Increase 3.6 dev=13.2781 min=1 max=75
Winner         empty
PV             j2 f6 j3

HashTableStatistics:
Stores         436
LookupAttempt  39120
LookupSuccess  2190
Collisions     0

52846 info: Search aborted.
c55a7 info: PlayAndSolve: Building VCs to avoid race condition.
c55a7 info: PlayAndSolve: Continuing on as usual.
52846 info: *** PlayerThread ***
4a836 info: *** SolverThread ***
7fff6 config: VCS: reading captured set patterns from '/home/linus/MoHex2.0/nfbranchfix/benzene-vanilla-cmake/share/vc-captured-set.txt'.
7fff6 config: VCS:: parsed 2 patterns.
7fff6 config: VCS: reading captured set patterns from '/home/linus/MoHex2.0/nfbranchfix/benzene-vanilla-cmake/share/vc-captured-set.txt'.
7fff6 config: VCS:: parsed 2 patterns.
7fff6 dfpn: 
4a836 info: 
MID calls      0
VC builds      1
Terminal       1
Work           1
Wasted Work    0 (0%)
Elapsed Time   0.021027
MIDs/sec       0
VCs/sec        47.5579
Cnt prune sib  0
Avg prune sib  -
Consider Size  -
Move Index     -
Move Percent   -
Delta Increase -
Winner         white
PV             

HashTableStatistics:
Stores         437
LookupAttempt  39126
LookupSuccess  2193
Collisions     0

52846 info: Opponent has won; playing most blocking move.
52846 info: *** Player move: f4
c55a7 info: PlayAndSolve: Building VCs to avoid race condition.
c55a7 info: PlayAndSolve: Continuing on as usual.
4a836 info: *** PlayerThread ***
52846 info: *** SolverThread ***
7fff6 config: VCS: reading captured set patterns from '/home/linus/MoHex2.0/nfbranchfix/benzene-vanilla-cmake/share/vc-captured-set.txt'.
7fff6 config: VCS:: parsed 2 patterns.
7fff6 config: VCS: reading captured set patterns from '/home/linus/MoHex2.0/nfbranchfix/benzene-vanilla-cmake/share/vc-captured-set.txt'.
7fff6 config: VCS:: parsed 2 patterns.
7fff6 dfpn: 
52846 info: 
MID calls      0
VC builds      1
Terminal       1
Work           1
Wasted Work    0 (0%)
Elapsed Time   0.037126
MIDs/sec       0
VCs/sec        26.9353
Cnt prune sib  0
Avg prune sib  -
Consider Size  -
Move Index     -
Move Percent   -
Delta Increase -
Winner         white
PV             

HashTableStatistics:
Stores         438
LookupAttempt  39132
LookupSuccess  2196
Collisions     0

4a836 info: Opponent has won; playing most blocking move.
4a836 info: *** Player move: k2
c55a7 info: PlayAndSolve: Building VCs to avoid race condition.
c55a7 info: PlayAndSolve: Continuing on as usual.
52846 info: *** PlayerThread ***
4a836 info: *** SolverThread ***
7fff6 config: VCS: reading captured set patterns from '/home/linus/MoHex2.0/nfbranchfix/benzene-vanilla-cmake/share/vc-captured-set.txt'.
7fff6 config: VCS:: parsed 2 patterns.
7fff6 config: VCS: reading captured set patterns from '/home/linus/MoHex2.0/nfbranchfix/benzene-vanilla-cmake/share/vc-captured-set.txt'.
7fff6 config: VCS:: parsed 2 patterns.
7fff6 dfpn: 
52846 info: Opponent has won; playing most blocking move.
52846 info: *** Player move: i3
4a836 info: 
MID calls      0
VC builds      1
Terminal       1
Work           1
Wasted Work    0 (0%)
Elapsed Time   0.01767
MIDs/sec       0
VCs/sec        56.5931
Cnt prune sib  0
Avg prune sib  -
Consider Size  -
Move Index     -
Move Percent   -
Delta Increase -
Winner         white
PV             

HashTableStatistics:
Stores         439
LookupAttempt  39138
LookupSuccess  2199
Collisions     0

c55a7 info: PlayAndSolve: Building VCs to avoid race condition.
c55a7 info: PlayAndSolve: Continuing on as usual.
52846 info: *** SolverThread ***
4a836 info: *** PlayerThread ***
7fff6 config: VCS: reading captured set patterns from '/home/linus/MoHex2.0/nfbranchfix/benzene-vanilla-cmake/share/vc-captured-set.txt'.
7fff6 config: VCS:: parsed 2 patterns.
7fff6 config: VCS: reading captured set patterns from '/home/linus/MoHex2.0/nfbranchfix/benzene-vanilla-cmake/share/vc-captured-set.txt'.
7fff6 config: VCS:: parsed 2 patterns.
7fff6 dfpn: 
52846 info: 
MID calls      0
VC builds      1
Terminal       1
Work           1
Wasted Work    0 (0%)
Elapsed Time   0.034199
MIDs/sec       0
VCs/sec        29.2406
Cnt prune sib  0
Avg prune sib  -
Consider Size  -
Move Index     -
Move Percent   -
Delta Increase -
Winner         white
PV             

HashTableStatistics:
Stores         440
LookupAttempt  39144
LookupSuccess  2202
Collisions     0

4a836 info: Opponent has won; playing most blocking move.
4a836 info: *** Player move: i5
c55a7 info: PlayAndSolve: Building VCs to avoid race condition.
c55a7 info: PlayAndSolve: Continuing on as usual.
4a836 info: *** SolverThread ***
52846 info: *** PlayerThread ***
7fff6 config: VCS: reading captured set patterns from '/home/linus/MoHex2.0/nfbranchfix/benzene-vanilla-cmake/share/vc-captured-set.txt'.
7fff6 config: VCS:: parsed 2 patterns.
7fff6 config: VCS: reading captured set patterns from '/home/linus/MoHex2.0/nfbranchfix/benzene-vanilla-cmake/share/vc-captured-set.txt'.
7fff6 config: VCS:: parsed 2 patterns.
7fff6 dfpn: 
52846 info: Opponent has won; playing most blocking move.
52846 info: *** Player move: i4
4a836 info: 
MID calls      0
VC builds      1
Terminal       1
Work           1
Wasted Work    0 (0%)
Elapsed Time   0.031867
MIDs/sec       0
VCs/sec        31.3804
Cnt prune sib  0
Avg prune sib  -
Consider Size  -
Move Index     -
Move Percent   -
Delta Increase -
Winner         white
PV             

HashTableStatistics:
Stores         441
LookupAttempt  39150
LookupSuccess  2205
Collisions     0

c55a7 info: PlayAndSolve: Building VCs to avoid race condition.
c55a7 info: PlayAndSolve: Continuing on as usual.
52846 info: *** SolverThread ***
4a836 info: *** PlayerThread ***
7fff6 config: VCS: reading captured set patterns from '/home/linus/MoHex2.0/nfbranchfix/benzene-vanilla-cmake/share/vc-captured-set.txt'.
7fff6 config: VCS:: parsed 2 patterns.
7fff6 config: VCS: reading captured set patterns from '/home/linus/MoHex2.0/nfbranchfix/benzene-vanilla-cmake/share/vc-captured-set.txt'.
7fff6 config: VCS:: parsed 2 patterns.
7fff6 dfpn: 
52846 info: 
MID calls      0
VC builds      1
Terminal       1
Work           1
Wasted Work    0 (0%)
Elapsed Time   0.051906
MIDs/sec       0
VCs/sec        19.2656
Cnt prune sib  0
Avg prune sib  -
Consider Size  -
Move Index     -
Move Percent   -
Delta Increase -
Winner         white
PV             

HashTableStatistics:
Stores         442
LookupAttempt  39156
LookupSuccess  2208
Collisions     0

4a836 info: Opponent has won; playing most blocking move.
4a836 info: *** Player move: d6
c55a7 info: PlayAndSolve: Building VCs to avoid race condition.
c55a7 info: PlayAndSolve: Continuing on as usual.
52846 info: *** PlayerThread ***
4a836 info: *** SolverThread ***
7fff6 config: VCS: reading captured set patterns from '/home/linus/MoHex2.0/nfbranchfix/benzene-vanilla-cmake/share/vc-captured-set.txt'.
7fff6 config: VCS:: parsed 2 patterns.
7fff6 config: VCS: reading captured set patterns from '/home/linus/MoHex2.0/nfbranchfix/benzene-vanilla-cmake/share/vc-captured-set.txt'.
7fff6 config: VCS:: parsed 2 patterns.
7fff6 dfpn: 
52846 info: Opponent has won; playing most blocking move.
52846 info: *** Player move: e6
4a836 info: 
MID calls      0
VC builds      1
Terminal       1
Work           1
Wasted Work    0 (0%)
Elapsed Time   0.047035
MIDs/sec       0
VCs/sec        21.2608
Cnt prune sib  0
Avg prune sib  -
Consider Size  -
Move Index     -
Move Percent   -
Delta Increase -
Winner         white
PV             

HashTableStatistics:
Stores         443
LookupAttempt  39162
LookupSuccess  2211
Collisions     0

c55a7 info: PlayAndSolve: Building VCs to avoid race condition.
c55a7 info: PlayAndSolve: Continuing on as usual.
4a836 info: *** PlayerThread ***
52846 info: *** SolverThread ***
7fff6 config: VCS: reading captured set patterns from '/home/linus/MoHex2.0/nfbranchfix/benzene-vanilla-cmake/share/vc-captured-set.txt'.
7fff6 config: VCS:: parsed 2 patterns.
7fff6 config: VCS: reading captured set patterns from '/home/linus/MoHex2.0/nfbranchfix/benzene-vanilla-cmake/share/vc-captured-set.txt'.
7fff6 config: VCS:: parsed 2 patterns.
7fff6 dfpn: 
4a836 info: Opponent has won; playing most blocking move.
4a836 info: *** Player move: a7
52846 info: 
MID calls      0
VC builds      1
Terminal       1
Work           1
Wasted Work    0 (0%)
Elapsed Time   0.041431
MIDs/sec       0
VCs/sec        24.1365
Cnt prune sib  0
Avg prune sib  -
Consider Size  -
Move Index     -
Move Percent   -
Delta Increase -
Winner         white
PV             

HashTableStatistics:
Stores         444
LookupAttempt  39168
LookupSuccess  2214
Collisions     0

c55a7 info: PlayAndSolve: Building VCs to avoid race condition.
c55a7 info: PlayAndSolve: Continuing on as usual.
52846 info: *** PlayerThread ***
4a836 info: *** SolverThread ***
7fff6 config: VCS: reading captured set patterns from '/home/linus/MoHex2.0/nfbranchfix/benzene-vanilla-cmake/share/vc-captured-set.txt'.
7fff6 config: VCS:: parsed 2 patterns.
7fff6 config: VCS: reading captured set patterns from '/home/linus/MoHex2.0/nfbranchfix/benzene-vanilla-cmake/share/vc-captured-set.txt'.
7fff6 config: VCS:: parsed 2 patterns.
7fff6 dfpn: 
52846 info: Opponent has won; playing most blocking move.
52846 info: *** Player move: j6
4a836 info: 
MID calls      0
VC builds      1
Terminal       1
Work           1
Wasted Work    0 (0%)
Elapsed Time   0.0262
MIDs/sec       0
VCs/sec        38.1679
Cnt prune sib  0
Avg prune sib  -
Consider Size  -
Move Index     -
Move Percent   -
Delta Increase -
Winner         white
PV             

HashTableStatistics:
Stores         445
LookupAttempt  39174
LookupSuccess  2217
Collisions     0

c55a7 info: PlayAndSolve: Building VCs to avoid race condition.
c55a7 info: PlayAndSolve: Continuing on as usual.
4a836 info: *** PlayerThread ***
52846 info: *** SolverThread ***
7fff6 config: VCS: reading captured set patterns from '/home/linus/MoHex2.0/nfbranchfix/benzene-vanilla-cmake/share/vc-captured-set.txt'.
7fff6 config: VCS:: parsed 2 patterns.
7fff6 config: VCS: reading captured set patterns from '/home/linus/MoHex2.0/nfbranchfix/benzene-vanilla-cmake/share/vc-captured-set.txt'.
7fff6 config: VCS:: parsed 2 patterns.
7fff6 dfpn: 
4a836 info: Opponent has won; playing most blocking move.
4a836 info: *** Player move: f6
52846 info: 
MID calls      0
VC builds      1
Terminal       1
Work           1
Wasted Work    0 (0%)
Elapsed Time   0.005745
MIDs/sec       0
VCs/sec        174.064
Cnt prune sib  0
Avg prune sib  -
Consider Size  -
Move Index     -
Move Percent   -
Delta Increase -
Winner         white
PV             

HashTableStatistics:
Stores         446
LookupAttempt  39180
LookupSuccess  2220
Collisions     0

c55a7 info: PlayAndSolve: Building VCs to avoid race condition.
c55a7 info: PlayAndSolve: Continuing on as usual.
52846 info: *** PlayerThread ***
4a836 info: *** SolverThread ***
7fff6 config: VCS: reading captured set patterns from '/home/linus/MoHex2.0/nfbranchfix/benzene-vanilla-cmake/share/vc-captured-set.txt'.
7fff6 config: VCS:: parsed 2 patterns.
7fff6 config: VCS: reading captured set patterns from '/home/linus/MoHex2.0/nfbranchfix/benzene-vanilla-cmake/share/vc-captured-set.txt'.
7fff6 config: VCS:: parsed 2 patterns.
7fff6 dfpn: 
52846 info: Opponent has won; playing most blocking move.
52846 info: *** Player move: g6
4a836 info: 
MID calls      0
VC builds      1
Terminal       1
Work           1
Wasted Work    0 (0%)
Elapsed Time   0.005545
MIDs/sec       0
VCs/sec        180.343
Cnt prune sib  0
Avg prune sib  -
Consider Size  -
Move Index     -
Move Percent   -
Delta Increase -
Winner         white
PV             

HashTableStatistics:
Stores         447
LookupAttempt  39186
LookupSuccess  2223
Collisions     0

c55a7 info: PlayAndSolve: Building VCs to avoid race condition.
c55a7 info: PlayAndSolve: Continuing on as usual.
4a836 info: *** PlayerThread ***
52846 info: *** SolverThread ***
7fff6 config: VCS: reading captured set patterns from '/home/linus/MoHex2.0/nfbranchfix/benzene-vanilla-cmake/share/vc-captured-set.txt'.
7fff6 config: VCS:: parsed 2 patterns.
7fff6 config: VCS: reading captured set patterns from '/home/linus/MoHex2.0/nfbranchfix/benzene-vanilla-cmake/share/vc-captured-set.txt'.
7fff6 config: VCS:: parsed 2 patterns.
7fff6 dfpn: 
4a836 info: Opponent has won; playing most blocking move.
4a836 info: *** Player move: b7
52846 info: 
MID calls      0
VC builds      1
Terminal       1
Work           1
Wasted Work    0 (0%)
Elapsed Time   0.004857
MIDs/sec       0
VCs/sec        205.888
Cnt prune sib  0
Avg prune sib  -
Consider Size  -
Move Index     -
Move Percent   -
Delta Increase -
Winner         white
PV             

HashTableStatistics:
Stores         448
LookupAttempt  39192
LookupSuccess  2226
Collisions     0

c55a7 info: PlayAndSolve: Building VCs to avoid race condition.
c55a7 info: PlayAndSolve: Continuing on as usual.
52846 info: *** PlayerThread ***
4a836 info: *** SolverThread ***
7fff6 config: VCS: reading captured set patterns from '/home/linus/MoHex2.0/nfbranchfix/benzene-vanilla-cmake/share/vc-captured-set.txt'.
7fff6 config: VCS:: parsed 2 patterns.
7fff6 config: VCS: reading captured set patterns from '/home/linus/MoHex2.0/nfbranchfix/benzene-vanilla-cmake/share/vc-captured-set.txt'.
7fff6 config: VCS:: parsed 2 patterns.
52846 info: Captured cells caused win! Removing...
7fff6 dfpn: 
4a836 info: 
MID calls      0
VC builds      1
Terminal       1
Work           1
Wasted Work    0 (0%)
Elapsed Time   0.002704
MIDs/sec       0
VCs/sec        369.822
Cnt prune sib  0
Avg prune sib  -
Consider Size  -
Move Index     -
Move Percent   -
Delta Increase -
Winner         white
PV             

HashTableStatistics:
Stores         449
LookupAttempt  39198
LookupSuccess  2229
Collisions     0

52846 info: Opponent has won; playing most blocking move.
52846 info: *** Player move: k5
c55a7 config: ============ BenzeneShutdown =============
c55a7 config: MoHexProgram:: ShutdownSystem()
c55a7 config: CommonProgram:: ShutdownSystem()
c55a7 config: BenzeneProgram:: ShutdownSystem()
Flushing and closing this stream...
