78017 config: MoHex v2.0.CMake Mar 21 2025.
78017 config: ============ InitializeSystem ============
78017 config: BenzeneProgram::InitRandom()
78017 config: Seed = 395479
78017 info: Prior Patterns:
78017 info: Global:
78017 info: Size            = 565 32648 
78017 info: TableEntries    = 65932 65910
78017 info: MirrorsAdded    = 0 0
78017 info: PrunableCount   = 30593 30629
78017 info: LargestGamma    = 5820.77
78017 info: SmallestGamma   = 6.6e-05
78017 info: Local:
78017 info: Size            = 550 5318 
78017 info: TableEntries    = 11602 11588
78017 info: MirrorsAdded    = 0 0
78017 info: PrunableCount   = 3659 3667
78017 info: LargestGamma    = 11281.8
78017 info: SmallestGamma   = 0.026235
78017 info: Playout Patterns:
78017 info: Global:
78017 info: Size            = 565 32648 
78017 info: TableEntries    = 70329 70329
78017 info: MirrorsAdded    = 4397 4419
78017 info: PrunableCount   = 30593 30629
78017 info: LargestGamma    = 5820.77
78017 info: SmallestGamma   = 6.6e-05
78017 info: Local:
78017 info: Size            = 550 5318 
78017 info: TableEntries    = 11602 11588
78017 info: MirrorsAdded    = 0 0
78017 info: PrunableCount   = 3659 3667
78017 info: LargestGamma    = 11281.8
78017 info: SmallestGamma   = 0.026235
78017 config: IcePatternSet: reading from '/home/linus/MoHex2.0/nfbranchfix/benzene-vanilla-cmake/share/ice-patterns.txt'.
78017 config: IcePatternSet: parsed 708 patterns.
78017 config: VCS: reading captured set patterns from '/home/linus/MoHex2.0/nfbranchfix/benzene-vanilla-cmake/share/vc-captured-set.txt'.
78017 config: VCS:: parsed 2 patterns.
78017 config: VCS: reading captured set patterns from '/home/linus/MoHex2.0/nfbranchfix/benzene-vanilla-cmake/share/vc-captured-set.txt'.
78017 config: VCS:: parsed 2 patterns.
78017 config: IcePatternSet: reading from '/home/linus/MoHex2.0/nfbranchfix/benzene-vanilla-cmake/share/ice-patterns.txt'.
78017 config: IcePatternSet: parsed 708 patterns.
78017 config: VCS: reading captured set patterns from '/home/linus/MoHex2.0/nfbranchfix/benzene-vanilla-cmake/share/vc-captured-set.txt'.
78017 config: VCS:: parsed 2 patterns.
78017 config: VCS: reading captured set patterns from '/home/linus/MoHex2.0/nfbranchfix/benzene-vanilla-cmake/share/vc-captured-set.txt'.
78017 config: VCS:: parsed 2 patterns.
78017 config: VCS: reading captured set patterns from '/home/linus/MoHex2.0/nfbranchfix/benzene-vanilla-cmake/share/vc-captured-set.txt'.
78017 config: VCS:: parsed 2 patterns.
78017 config: VCS: reading captured set patterns from '/home/linus/MoHex2.0/nfbranchfix/benzene-vanilla-cmake/share/vc-captured-set.txt'.
78017 config: VCS:: parsed 2 patterns.
78017 config: VCS: reading captured set patterns from '/home/linus/MoHex2.0/nfbranchfix/benzene-vanilla-cmake/share/vc-captured-set.txt'.
78017 config: VCS:: parsed 2 patterns.
78017 config: VCS: reading captured set patterns from '/home/linus/MoHex2.0/nfbranchfix/benzene-vanilla-cmake/share/vc-captured-set.txt'.
78017 config: VCS:: parsed 2 patterns.
78017 info: PlayAndSolve: Building VCs to avoid race condition.
78017 config: VCPattern: loading pattern templates from '/home/linus/MoHex2.0/nfbranchfix/benzene-vanilla-cmake/share/vc-patterns.txt'.
78017 info: PlayAndSolve: Continuing on as usual.
bfff6 info: *** PlayerThread ***
b7fe6 info: *** SolverThread ***
affd6 config: VCS: reading captured set patterns from '/home/linus/MoHex2.0/nfbranchfix/benzene-vanilla-cmake/share/vc-captured-set.txt'.
affd6 config: VCS:: parsed 2 patterns.
affd6 config: VCS: reading captured set patterns from '/home/linus/MoHex2.0/nfbranchfix/benzene-vanilla-cmake/share/vc-captured-set.txt'.
affd6 config: VCS:: parsed 2 patterns.
affd6 dfpn: 
bfff6 info: Best move cannot be determined, must search state.
bfff6 info: --- MoHexPlayer::Search() ---
bfff6 info: Color: black
bfff6 info: MaxGames: 999999999
bfff6 info: NumberThreads: 1
bfff6 info: MaxNodes: 9090 (799920 bytes)
bfff6 info: TimeForMove: 1
affd6 dfpn: h5
affd6 dfpn: d7
affd6 dfpn: g6
affd6 dfpn: e6
affd6 dfpn: h6
affd6 dfpn: d6
affd6 dfpn: h4
affd6 dfpn: d8
affd6 dfpn: g7
affd6 dfpn: e5
affd6 dfpn: i3
affd6 dfpn: j2
affd6 dfpn: g5
affd6 dfpn: c8
affd6 dfpn: e7
affd6 dfpn: i4
affd6 dfpn: c9
affd6 dfpn: b10
affd6 dfpn: c7
affd6 dfpn: i5
affd6 dfpn: b8
affd6 dfpn: j4
affd6 dfpn: b9
affd6 dfpn: d5
affd6 dfpn: h7
affd6 dfpn: j2
bfff6 info: PreSearch: max time reached (56/94).
bfff6 info: Time for PreSearch: 0.200456s
bfff6 info: 
  99b3a92e11b88c32
  a  b  c  d  e  f  g  h  i  j  k  
 1\B  b  .  .  .  .  .  .  .  .  .\1
  2\.  *  *  *  *  *  *  *  *  *  *\2
   3\*  *  *  *  *  *  *  *  *  *  *\3
    4\*  *  *  *  *  *  *  *  *  *  *\4
     5\*  *  *  *  *  *  *  *  *  *  *\5
      6\*  *  *  *  *  W  *  *  *  *  *\6
       7\*  *  *  *  *  *  *  *  *  *  *\7
        8\*  *  *  *  *  *  *  *  *  *  *\8
         9\*  *  *  *  *  *  *  *  *  *  .\9
         10\*  *  *  *  *  *  *  *  *  .  .\10
          11\.  .  .  .  .  .  .  .  .  .  .\11
              a  b  c  d  e  f  g  h  i  j  k  
bfff6 info: No subtree to reuse.
bfff6 info: Creating thread 0
bfff6 info: StartSearch()[0]
bfff6 config: VCS: reading captured set patterns from '/home/linus/MoHex2.0/nfbranchfix/benzene-vanilla-cmake/share/vc-captured-set.txt'.
bfff6 config: VCS:: parsed 2 patterns.
bfff6 config: VCS: reading captured set patterns from '/home/linus/MoHex2.0/nfbranchfix/benzene-vanilla-cmake/share/vc-captured-set.txt'.
bfff6 config: VCS:: parsed 2 patterns.
affd6 dfpn: b10
affd6 dfpn: c8
affd6 dfpn: i4
bfff6 info: 
Elapsed Time   1.45975s
Count          11766
GamesPlayed    11766
Nodes          7466
Knowledge      46 (0.4%)
Expansions     1197.0
Time           1.05
GameLen        117.7 dev=5.8 min=2.0 max=118.0
InTree         8.5 dev=4.2 min=0.0 max=22.0
KnowDepth      5.3 dev=2.7 min=0.0 max=11.0
Aborted        0%
Games/s        11225.5
Score          0.46
Sequence       e6 e7 g6 g5 h5 h4 i4 i3 k2 j3 k3 j4 k4 j5 k5 j6 k6 j7
bfff6 info: 
bfff6 info: *** Player move: e6
affd6 info: DfpnSolver::CheckAbort(): Abort flag!
b7fe6 info: 
MID calls      207
VC builds      199
Terminal       0
Work           207
Wasted Work    0 (0%)
Elapsed Time   1.47245
MIDs/sec       140.582
VCs/sec        135.149
Cnt prune sib  0
Avg prune sib  -
Consider Size  86.2914 dev=8.1567 min=49 max=94
Move Index     -
Move Percent   -
Delta Increase 3.0534 dev=12.7729 min=1 max=88
Winner         empty
PV             i4 j5 b10 h6

HashTableStatistics:
Stores         441
LookupAttempt  28417
LookupSuccess  1105
Collisions     0

b7fe6 info: Search aborted.
78017 info: PlayAndSolve: Building VCs to avoid race condition.
78017 info: PlayAndSolve: Continuing on as usual.
b7fe6 info: *** PlayerThread ***
bfff6 info: *** SolverThread ***
affd6 config: VCS: reading captured set patterns from '/home/linus/MoHex2.0/nfbranchfix/benzene-vanilla-cmake/share/vc-captured-set.txt'.
affd6 config: VCS:: parsed 2 patterns.
affd6 config: VCS: reading captured set patterns from '/home/linus/MoHex2.0/nfbranchfix/benzene-vanilla-cmake/share/vc-captured-set.txt'.
affd6 config: VCS:: parsed 2 patterns.
affd6 dfpn: 
b7fe6 info: Best move cannot be determined, must search state.
b7fe6 info: --- MoHexPlayer::Search() ---
b7fe6 info: Color: black
b7fe6 info: MaxGames: 999999999
b7fe6 info: NumberThreads: 1
b7fe6 info: MaxNodes: 9090 (799920 bytes)
b7fe6 info: TimeForMove: 1
affd6 dfpn: d7
affd6 dfpn: c8
affd6 dfpn: h5
affd6 dfpn: d8
affd6 dfpn: b10
affd6 dfpn: g6
affd6 dfpn: c9
affd6 dfpn: b8
affd6 dfpn: b9
affd6 dfpn: h7
affd6 dfpn: h4
affd6 dfpn: c7
affd6 dfpn: h6
affd6 dfpn: g5
affd6 dfpn: j4
affd6 dfpn: i3
affd6 dfpn: g7
affd6 dfpn: j2
affd6 dfpn: i4
affd6 dfpn: d9
affd6 dfpn: i5
affd6 dfpn: j5
affd6 dfpn: j3
affd6 dfpn: b7
affd6 dfpn: b10
b7fe6 info: PreSearch: max time reached (49/92).
b7fe6 info: Time for PreSearch: 0.201958s
b7fe6 info: 
  8c9db78a0a750881
  a  b  c  d  e  f  g  h  i  j  k  
 1\B  b  .  .  .  .  .  .  .  .  .\1
  2\.  *  *  *  *  *  *  *  *  *  *\2
   3\*  *  *  *  *  *  *  *  *  *  *\3
    4\*  *  *  *  *  *  *  *  *  *  *\4
     5\*  *  *  *  *  *  *  *  *  *  *\5
      6\*  *  *  *  B  W  *  *  *  *  *\6
       7\*  *  *  *  W  *  *  *  *  *  *\7
        8\*  *  *  *  *  *  *  *  *  *  *\8
         9\*  *  *  *  *  *  *  *  *  *  .\9
         10\*  *  *  *  *  *  *  *  *  .  .\10
          11\.  .  .  .  .  .  .  .  .  .  .\11
              a  b  c  d  e  f  g  h  i  j  k  
b7fe6 info: Old: [black, a1] [white, f6] 
b7fe6 info: New: [black, a1] [white, f6] [black, e6] [white, e7] 
b7fe6 info: MovesPlayed: [black, e6] [white, e7] 
b7fe6 info: MoHexPlayer: Reusing 4734 nodes (63%)
b7fe6 info: MoHexPlayer: Reusing 22 knowledge states (48%)
b7fe6 info: StartSearch()[0]
affd6 dfpn: j2
affd6 dfpn: c8
affd6 dfpn: h5
b7fe6 info: 
Elapsed Time   1.37797s
Count          17724
GamesPlayed    12339
Nodes          8713
Knowledge      40 (0.2%)
Expansions     1269.0
Time           1.03
GameLen        115.6 dev=5.5 min=1.0 max=116.0
InTree         9.8 dev=4.9 min=1.0 max=27.0
KnowDepth      6.6 dev=3.4 min=2.0 max=15.0
Aborted        0%
Games/s        12032.5
Score          0.43
Sequence       g6 g7 f7 g5 h5 h4 i4 i3 k2 j3 k3 j4 k4 k1 j2 j1
b7fe6 info: 
b7fe6 info: *** Player move: g6
affd6 info: DfpnSolver::CheckAbort(): Abort flag!
bfff6 info: 
MID calls      180
VC builds      172
Terminal       0
Work           180
Wasted Work    0 (0%)
Elapsed Time   1.39313
MIDs/sec       129.205
VCs/sec        123.463
Cnt prune sib  0
Avg prune sib  -
Consider Size  83.7732 dev=10.718 min=27 max=92
Move Index     -
Move Percent   -
Delta Increase 3.01676 dev=12.146 min=1 max=86
Winner         empty
PV             h5 b8 c8 d7

HashTableStatistics:
Stores         827
LookupAttempt  53402
LookupSuccess  2123
Collisions     0

bfff6 info: Search aborted.
78017 info: PlayAndSolve: Building VCs to avoid race condition.
78017 info: PlayAndSolve: Continuing on as usual.
bfff6 info: *** PlayerThread ***
b7fe6 info: *** SolverThread ***
affd6 config: VCS: reading captured set patterns from '/home/linus/MoHex2.0/nfbranchfix/benzene-vanilla-cmake/share/vc-captured-set.txt'.
affd6 config: VCS:: parsed 2 patterns.
affd6 config: VCS: reading captured set patterns from '/home/linus/MoHex2.0/nfbranchfix/benzene-vanilla-cmake/share/vc-captured-set.txt'.
affd6 config: VCS:: parsed 2 patterns.
affd6 dfpn: 
bfff6 info: Best move cannot be determined, must search state.
bfff6 info: --- MoHexPlayer::Search() ---
bfff6 info: Color: black
bfff6 info: MaxGames: 999999999
bfff6 info: NumberThreads: 1
bfff6 info: MaxNodes: 9090 (799920 bytes)
bfff6 info: TimeForMove: 1
affd6 dfpn: h7
affd6 dfpn: c8
affd6 dfpn: d7
affd6 dfpn: g5
affd6 dfpn: b10
affd6 dfpn: g8
affd6 dfpn: h4
affd6 dfpn: d8
affd6 dfpn: c9
affd6 dfpn: b8
affd6 dfpn: b9
affd6 dfpn: g7
affd6 dfpn: c7
affd6 dfpn: h8
affd6 dfpn: j2
affd6 dfpn: g4
affd6 dfpn: h5
affd6 dfpn: i3
affd6 dfpn: d9
affd6 dfpn: g9
affd6 dfpn: b7
affd6 dfpn: j4
affd6 dfpn: c10
affd6 dfpn: f5
affd6 dfpn: c10
bfff6 info: PreSearch: max time reached (51/89).
bfff6 info: Time for PreSearch: 0.201016s
bfff6 info: 
  0300d75ac63c790f
  a  b  c  d  e  f  g  h  i  j  k  
 1\B  b  .  .  .  .  .  .  .  .  .\1
  2\.  *  *  *  *  *  *  *  *  *  *\2
   3\*  *  *  *  *  *  *  *  *  *  *\3
    4\*  *  *  *  *  *  *  *  *  *  *\4
     5\*  *  *  *  *  *  *  *  *  *  *\5
      6\*  *  *  *  B  W  B  *  *  *  *\6
       7\*  *  *  *  W  .  *  *  *  *  *\7
        8\*  *  *  *  *  W  *  *  *  *  *\8
         9\*  *  *  *  *  *  *  *  *  *  .\9
         10\*  *  *  *  *  *  *  *  *  .  .\10
          11\.  .  .  .  .  .  .  .  .  .  .\11
              a  b  c  d  e  f  g  h  i  j  k  
bfff6 info: Old: [black, a1] [white, f6] [black, e6] [white, e7] 
bfff6 info: New: [black, a1] [white, f6] [black, e6] [white, e7] [black, g6] [white, f8] 
bfff6 info: MovesPlayed: [black, g6] [white, f8] 
bfff6 info: MoHexPlayer: Reusing 271 nodes (3%)
bfff6 info: MoHexPlayer: Reusing 4 knowledge states (6%)
bfff6 info: StartSearch()[0]
affd6 dfpn: b10
affd6 dfpn: j2
affd6 dfpn: c8
affd6 dfpn: c7
bfff6 info: 
Elapsed Time   1.4628s
Count          14577
GamesPlayed    12818
Nodes          7227
Knowledge      43 (0.3%)
Expansions     1262.0
Time           1.11
GameLen        112.7 dev=5.4 min=2.0 max=114.0
InTree         9.0 dev=4.8 min=1.0 max=25.0
KnowDepth      6.6 dev=3.3 min=1.0 max=14.0
Aborted        0%
Games/s        11503.0
Score          0.45
Sequence       h7 g9 i8 g5 h5 h4 j3 j2 i3 i2 h3 h2 g3 g2 f3 f2 e3 e2 d3 d2
bfff6 info: 
bfff6 info: *** Player move: h7
affd6 info: DfpnSolver::CheckAbort(): Abort flag!
b7fe6 info: 
MID calls      164
VC builds      156
Terminal       1
Work           165
Wasted Work    0 (0%)
Elapsed Time   1.47573
MIDs/sec       111.131
VCs/sec        105.71
Cnt prune sib  0
Avg prune sib  -
Consider Size  75.8258 dev=17.0231 min=22 max=89
Move Index     -
Move Percent   -
Delta Increase 2.4878 dev=8.90909 min=1 max=79
Winner         empty
PV             c7 c8 h7

HashTableStatistics:
Stores         1185
LookupAttempt  75616
LookupSuccess  3177
Collisions     0

b7fe6 info: Search aborted.
78017 info: PlayAndSolve: Building VCs to avoid race condition.
78017 info: PlayAndSolve: Continuing on as usual.
b7fe6 info: *** PlayerThread ***
bfff6 info: *** SolverThread ***
affd6 config: VCS: reading captured set patterns from '/home/linus/MoHex2.0/nfbranchfix/benzene-vanilla-cmake/share/vc-captured-set.txt'.
affd6 config: VCS:: parsed 2 patterns.
affd6 config: VCS: reading captured set patterns from '/home/linus/MoHex2.0/nfbranchfix/benzene-vanilla-cmake/share/vc-captured-set.txt'.
affd6 config: VCS:: parsed 2 patterns.
affd6 dfpn: 
b7fe6 info: Best move cannot be determined, must search state.
b7fe6 info: --- MoHexPlayer::Search() ---
b7fe6 info: Color: black
b7fe6 info: MaxGames: 999999999
b7fe6 info: NumberThreads: 1
b7fe6 info: MaxNodes: 9090 (799920 bytes)
b7fe6 info: TimeForMove: 1
affd6 dfpn: i8
affd6 dfpn: c8
affd6 dfpn: d7
affd6 dfpn: b10
affd6 dfpn: g5
affd6 dfpn: h4
affd6 dfpn: h9
affd6 dfpn: h8
affd6 dfpn: c9
affd6 dfpn: b8
affd6 dfpn: b9
affd6 dfpn: d8
affd6 dfpn: h10
affd6 dfpn: j8
affd6 dfpn: c7
affd6 dfpn: g4
affd6 dfpn: j2
affd6 dfpn: c10
affd6 dfpn: i3
affd6 dfpn: d9
affd6 dfpn: b7
affd6 dfpn: j9
affd6 dfpn: h10
b7fe6 info: PreSearch: max time reached (46/82).
b7fe6 info: Time for PreSearch: 0.201504s
b7fe6 info: 
  58552e79c19752f3
  a  b  c  d  e  f  g  h  i  j  k  
 1\B  b  .  .  .  .  .  .  .  .  .\1
  2\.  *  *  *  *  *  *  *  *  *  *\2
   3\*  *  *  *  *  *  *  *  *  *  *\3
    4\*  *  *  *  *  *  *  *  *  *  *\4
     5\*  *  *  *  *  *  *  *  *  *  *\5
      6\*  *  *  *  B  W  B  .  *  *  *\6
       7\*  *  *  *  W  .  .  B  *  *  *\7
        8\*  *  *  *  *  W  .  *  *  *  *\8
         9\*  *  *  *  *  *  W  *  *  *  .\9
         10\*  *  *  *  *  .  .  *  *  .  .\10
          11\.  .  .  .  .  .  .  .  .  .  .\11
              a  b  c  d  e  f  g  h  i  j  k  
b7fe6 info: Old: [black, a1] [white, f6] [black, e6] [white, e7] [black, g6] [white, f8] 
b7fe6 info: New: [black, a1] [white, f6] [black, e6] [white, e7] [black, g6] [white, f8] [black, h7] [white, g9] 
b7fe6 info: MovesPlayed: [black, h7] [white, g9] 
b7fe6 info: MoHexPlayer: Reusing 3881 nodes (53%)
b7fe6 info: MoHexPlayer: Reusing 21 knowledge states (44%)
b7fe6 info: StartSearch()[0]
affd6 dfpn: c10
affd6 dfpn: b10
affd6 dfpn: j2
affd6 dfpn: i8
b7fe6 info: 
Elapsed Time   1.53183s
Count          18739
GamesPlayed    12777
Nodes          7248
Knowledge      38 (0.2%)
Expansions     1271.0
Time           1.15
GameLen        111.0 dev=5.3 min=2.0 max=112.0
InTree         8.6 dev=4.5 min=1.0 max=24.0
KnowDepth      7.1 dev=4.1 min=1.0 max=15.0
Aborted        0%
Games/s        11139.0
Score          0.44
Sequence       i8 g5 h5 h4 j3 j2 i3 i2 h3 h2 g3 g2 f3 f2
b7fe6 info: 
b7fe6 info: *** Player move: i8
affd6 info: DfpnSolver::CheckAbort(): Abort flag!
bfff6 info: 
MID calls      172
VC builds      162
Terminal       0
Work           172
Wasted Work    0 (0%)
Elapsed Time   1.54548
MIDs/sec       111.293
VCs/sec        104.822
Cnt prune sib  0
Avg prune sib  -
Consider Size  56.216 dev=25.3861 min=10 max=82
Move Index     -
Move Percent   -
Delta Increase 2.23392 dev=7.63519 min=1 max=71
Winner         empty
PV             i8 j3 h2 h4

HashTableStatistics:
Stores         1554
LookupAttempt  93773
LookupSuccess  4122
Collisions     0

bfff6 info: Search aborted.
78017 info: PlayAndSolve: Building VCs to avoid race condition.
78017 info: PlayAndSolve: Continuing on as usual.
bfff6 info: *** PlayerThread ***
b7fe6 info: *** SolverThread ***
affd6 config: VCS: reading captured set patterns from '/home/linus/MoHex2.0/nfbranchfix/benzene-vanilla-cmake/share/vc-captured-set.txt'.
affd6 config: VCS:: parsed 2 patterns.
affd6 config: VCS: reading captured set patterns from '/home/linus/MoHex2.0/nfbranchfix/benzene-vanilla-cmake/share/vc-captured-set.txt'.
affd6 config: VCS:: parsed 2 patterns.
affd6 dfpn: j9
bfff6 info: Best move cannot be determined, must search state.
bfff6 info: --- MoHexPlayer::Search() ---
bfff6 info: Color: black
bfff6 info: MaxGames: 999999999
bfff6 info: NumberThreads: 1
bfff6 info: MaxNodes: 9090 (799920 bytes)
bfff6 info: TimeForMove: 1
affd6 dfpn: c8
affd6 dfpn: d7
affd6 dfpn: b10
affd6 dfpn: h4
affd6 dfpn: g5
affd6 dfpn: b8
affd6 dfpn: b9
affd6 dfpn: c9
affd6 dfpn: d8
affd6 dfpn: i9
affd6 dfpn: c7
affd6 dfpn: j8
affd6 dfpn: i3
affd6 dfpn: j2
affd6 dfpn: g4
affd6 dfpn: c10
affd6 dfpn: b7
affd6 dfpn: d9
affd6 dfpn: f5
affd6 dfpn: i4
affd6 dfpn: j9
bfff6 info: PreSearch: max time reached (44/78).
bfff6 info: Time for PreSearch: 0.202417s
bfff6 info: 
  6c50488ab235cda8
  a  b  c  d  e  f  g  h  i  j  k  
 1\B  b  .  .  .  .  .  .  .  .  .\1
  2\.  *  *  *  *  *  *  *  *  *  *\2
   3\*  *  *  *  *  *  *  *  *  *  *\3
    4\*  *  *  *  *  *  *  *  *  *  *\4
     5\*  *  *  *  *  *  *  *  *  *  *\5
      6\*  *  *  *  B  W  B  .  *  *  *\6
       7\*  *  *  *  W  .  .  B  .  *  *\7
        8\*  *  *  *  *  W  .  .  B  *  *\8
         9\*  *  *  *  *  *  W  .  *  *  .\9
         10\*  *  *  *  *  .  *  W  .  .  .\10
          11\.  .  .  .  .  .  .  .  .  .  .\11
              a  b  c  d  e  f  g  h  i  j  k  
bfff6 info: Old: [black, a1] [white, f6] [black, e6] [white, e7] [black, g6] [white, f8] [black, h7] [white, g9] 
bfff6 info: New: [black, a1] [white, f6] [black, e6] [white, e7] [black, g6] [white, f8] [black, h7] [white, g9] [black, i8] [white, h10] 
bfff6 info: MovesPlayed: [black, i8] [white, h10] 
bfff6 info: No subtree to reuse.
affd6 dfpn: h4
bfff6 info: StartSearch()[0]
affd6 dfpn: j9
affd6 dfpn: h4
affd6 dfpn: j9
affd6 dfpn: c10
bfff6 info: 
Elapsed Time   1.51564s
Count          13813
GamesPlayed    13813
Nodes          6266
Knowledge      50 (0.4%)
Expansions     1258.0
Time           1.06
GameLen        99.2 dev=6.5 min=2.0 max=110.0
InTree         9.9 dev=5.3 min=0.0 max=33.0
KnowDepth      7.2 dev=3.8 min=0.0 max=16.0
Aborted        0%
Games/s        13044.7
Score          0.48
Sequence       j9 g5 i4 h6 g7 h5 j5 i7 h8 i3 d7
bfff6 info: 
bfff6 info: *** Player move: j9
affd6 info: DfpnSolver::CheckAbort(): Abort flag!
b7fe6 info: 
MID calls      177
VC builds      157
Terminal       0
Work           177
Wasted Work    0 (0%)
Elapsed Time   1.53378
MIDs/sec       115.401
VCs/sec        102.361
Cnt prune sib  6
Avg prune sib  1.33333 dev=0.471405 min=1 max=2
Consider Size  52.828 dev=22.9292 min=5 max=76
Move Index     -
Move Percent   -
Delta Increase 2.31638 dev=5.89757 min=1 max=67
Winner         empty
PV             c10 c8 j9 g5

HashTableStatistics:
Stores         1933
LookupAttempt  110805
LookupSuccess  5140
Collisions     0

b7fe6 info: Search aborted.
78017 info: PlayAndSolve: Building VCs to avoid race condition.
78017 info: PlayAndSolve: Continuing on as usual.
b7fe6 info: *** PlayerThread ***
bfff6 info: *** SolverThread ***
affd6 config: VCS: reading captured set patterns from '/home/linus/MoHex2.0/nfbranchfix/benzene-vanilla-cmake/share/vc-captured-set.txt'.
affd6 config: VCS:: parsed 2 patterns.
affd6 config: VCS: reading captured set patterns from '/home/linus/MoHex2.0/nfbranchfix/benzene-vanilla-cmake/share/vc-captured-set.txt'.
affd6 config: VCS:: parsed 2 patterns.
affd6 dfpn: i4
affd6 dfpn: d7
b7fe6 info: Best move cannot be determined, must search state.
b7fe6 info: --- MoHexPlayer::Search() ---
b7fe6 info: Color: black
b7fe6 info: MaxGames: 999999999
b7fe6 info: NumberThreads: 1
b7fe6 info: MaxNodes: 9090 (799920 bytes)
b7fe6 info: TimeForMove: 1
affd6 dfpn: h5
affd6 dfpn: c8
affd6 dfpn: h4
affd6 dfpn: j4
affd6 dfpn: j2
affd6 dfpn: j3
affd6 dfpn: i3
affd6 dfpn: j5
affd6 dfpn: b8
affd6 dfpn: c9
affd6 dfpn: b10
affd6 dfpn: i5
affd6 dfpn: b9
affd6 dfpn: d8
affd6 dfpn: b7
affd6 dfpn: c7
affd6 dfpn: h3
affd6 dfpn: h5
b7fe6 info: PreSearch: max time reached (51/71).
b7fe6 info: Time for PreSearch: 0.20403s
b7fe6 info: 
  3b508b19cb1eb1cf
  a  b  c  d  e  f  g  h  i  j  k  
 1\B  b  .  .  .  .  .  .  .  .  .\1
  2\.  *  *  *  *  *  *  *  *  *  *\2
   3\*  *  *  *  *  *  *  *  *  *  *\3
    4\*  *  *  *  *  *  *  *  *  *  *\4
     5\*  *  *  *  *  *  W  *  *  *  *\5
      6\*  *  *  *  B  W  B  .  *  *  *\6
       7\*  *  *  *  W  .  .  B  .  *  .\7
        8\*  *  *  *  *  W  .  .  B  .  .\8
         9\*  *  *  *  *  .  W  .  .  B  b\9
         10\*  *  *  *  .  .  .  W  b  b  b\10
          11\.  .  .  .  .  .  .  b  b  b  b\11
              a  b  c  d  e  f  g  h  i  j  k  
b7fe6 info: Old: [black, a1] [white, f6] [black, e6] [white, e7] [black, g6] [white, f8] [black, h7] [white, g9] [black, i8] [white, h10] 
b7fe6 info: New: [black, a1] [white, f6] [black, e6] [white, e7] [black, g6] [white, f8] [black, h7] [white, g9] [black, i8] [white, h10] [black, j9] [white, g5] 
b7fe6 info: MovesPlayed: [black, j9] [white, g5] 
b7fe6 info: MoHexPlayer: Reusing 1659 nodes (26%)
b7fe6 info: MoHexPlayer: Reusing 16 knowledge states (33%)
b7fe6 info: StartSearch()[0]
affd6 dfpn: i3
affd6 dfpn: h5
affd6 dfpn: h4
affd6 dfpn: i4
b7fe6 info: 
Elapsed Time   1.50956s
Count          20458
GamesPlayed    12738
Nodes          6789
Knowledge      49 (0.2%)
Expansions     1053.0
Time           1.06
GameLen        98.9 dev=4.5 min=3.0 max=100.0
InTree         9.3 dev=4.4 min=1.0 max=26.0
KnowDepth      7.3 dev=4.0 min=1.0 max=18.0
Aborted        0%
Games/s        12068.8
Score          0.52
Sequence       i4 h6 g7 h5 j5 i7 h8 i3 d7 d8 c8 c9 a10 b9 a9 b8 a8 b7
b7fe6 info: 
b7fe6 info: *** Player move: i4
affd6 info: DfpnSolver::CheckAbort(): Abort flag!
bfff6 info: 
MID calls      163
VC builds      133
Terminal       0
Work           163
Wasted Work    0 (0%)
Elapsed Time   1.53297
MIDs/sec       106.329
VCs/sec        86.7595
Cnt prune sib  4
Avg prune sib  3.5 dev=2.29129 min=1 max=7
Consider Size  43.8947 dev=25.1478 min=1 max=71
Move Index     -
Move Percent   -
Delta Increase 3.14198 dev=7.52105 min=1 max=65
Winner         empty
PV             i4 j2 h3

HashTableStatistics:
Stores         2282
LookupAttempt  123712
LookupSuccess  5977
Collisions     0

bfff6 info: Search aborted.
78017 info: PlayAndSolve: Building VCs to avoid race condition.
78017 info: PlayAndSolve: Continuing on as usual.
bfff6 info: *** PlayerThread ***
b7fe6 info: *** SolverThread ***
affd6 config: VCS: reading captured set patterns from '/home/linus/MoHex2.0/nfbranchfix/benzene-vanilla-cmake/share/vc-captured-set.txt'.
affd6 config: VCS:: parsed 2 patterns.
affd6 config: VCS: reading captured set patterns from '/home/linus/MoHex2.0/nfbranchfix/benzene-vanilla-cmake/share/vc-captured-set.txt'.
affd6 config: VCS:: parsed 2 patterns.
affd6 dfpn: 
bfff6 info: Best move cannot be determined, must search state.
bfff6 info: --- MoHexPlayer::Search() ---
bfff6 info: Color: black
bfff6 info: MaxGames: 999999999
bfff6 info: NumberThreads: 1
bfff6 info: MaxNodes: 9090 (799920 bytes)
bfff6 info: TimeForMove: 1
affd6 dfpn: j5
affd6 dfpn: d7
affd6 dfpn: i6
affd6 dfpn: h5
affd6 dfpn: c8
affd6 dfpn: i5
affd6 dfpn: j2
affd6 dfpn: j4
affd6 dfpn: g7
affd6 dfpn: b10
affd6 dfpn: j6
affd6 dfpn: b8
affd6 dfpn: c9
affd6 dfpn: i3
affd6 dfpn: h3
bfff6 info: PreSearch: max time reached (43/71).
bfff6 info: Time for PreSearch: 0.20058s
affd6 dfpn: b9
affd6 dfpn: j3
bfff6 info: 
  6b4c1115cd986b2c
  a  b  c  d  e  f  g  h  i  j  k  
 1\B  b  .  .  .  .  .  .  .  .  .\1
  2\.  *  *  *  *  *  *  *  *  *  *\2
   3\*  *  *  *  *  *  *  *  *  *  *\3
    4\*  *  *  *  *  *  *  *  B  *  *\4
     5\*  *  *  *  *  *  W  *  *  *  *\5
      6\*  *  *  *  B  W  B  W  *  *  *\6
       7\*  *  *  *  W  .  *  B  .  *  .\7
        8\*  *  *  *  *  W  .  .  B  .  .\8
         9\*  *  *  .  *  .  W  .  .  B  b\9
         10\*  *  *  *  .  .  .  W  b  b  b\10
          11\.  .  .  .  .  .  .  b  b  b  b\11
              a  b  c  d  e  f  g  h  i  j  k  
affd6 dfpn: h4
affd6 dfpn: b7
affd6 dfpn: i6
affd6 dfpn: j4
bfff6 info: Old: [black, a1] [white, f6] [black, e6] [white, e7] [black, g6] [white, f8] [black, h7] [white, g9] [black, i8] [white, h10] [black, j9] [white, g5] 
bfff6 info: New: [black, a1] [white, f6] [black, e6] [white, e7] [black, g6] [white, f8] [black, h7] [white, g9] [black, i8] [white, h10] [black, j9] [white, g5] [black, i4] [white, h6] 
bfff6 info: MovesPlayed: [black, i4] [white, h6] 
bfff6 info: MoHexPlayer: Reusing 3329 nodes (49%)
bfff6 info: MoHexPlayer: Reusing 16 knowledge states (24%)
bfff6 info: StartSearch()[0]
affd6 dfpn: h5
affd6 dfpn: g7
affd6 dfpn: i6
affd6 dfpn: j4
affd6 dfpn: h5
bfff6 info: 
Elapsed Time   1.61285s
Count          25355
GamesPlayed    17339
Nodes          6554
Knowledge      33 (0.1%)
Expansions     1589.0
Time           1.16
GameLen        96.5 dev=4.6 min=4.0 max=98.0
InTree         7.7 dev=3.3 min=1.0 max=21.0
KnowDepth      5.0 dev=2.4 min=1.0 max=9.0
Aborted        0%
Games/s        14945.3
Score          0.49
Sequence       g7 h5 j5 i7 h8 i6 k6 j8 j7
bfff6 info: 
bfff6 info: *** Player move: g7
affd6 info: DfpnSolver::CheckAbort(): Abort flag!
b7fe6 info: 
MID calls      166
VC builds      142
Terminal       0
Work           166
Wasted Work    0 (0%)
Elapsed Time   1.6438
MIDs/sec       100.986
VCs/sec        86.3852
Cnt prune sib  8
Avg prune sib  2.5 dev=1.80278 min=1 max=7
Consider Size  45.4014 dev=23.486 min=1 max=71
Move Index     -
Move Percent   -
Delta Increase 2.80488 dev=6.26048 min=1 max=53
Winner         empty
PV             h5 g7 b8 j5

HashTableStatistics:
Stores         2637
LookupAttempt  137867
LookupSuccess  6881
Collisions     0

b7fe6 info: Search aborted.
78017 info: PlayAndSolve: Building VCs to avoid race condition.
78017 info: PlayAndSolve: Continuing on as usual.
b7fe6 info: *** PlayerThread ***
bfff6 info: *** SolverThread ***
affd6 config: VCS: reading captured set patterns from '/home/linus/MoHex2.0/nfbranchfix/benzene-vanilla-cmake/share/vc-captured-set.txt'.
affd6 config: VCS:: parsed 2 patterns.
affd6 config: VCS: reading captured set patterns from '/home/linus/MoHex2.0/nfbranchfix/benzene-vanilla-cmake/share/vc-captured-set.txt'.
affd6 config: VCS:: parsed 2 patterns.
affd6 dfpn: j5
affd6 dfpn: d7
b7fe6 info: Best move cannot be determined, must search state.
b7fe6 info: --- MoHexPlayer::Search() ---
b7fe6 info: Color: black
b7fe6 info: MaxGames: 999999999
b7fe6 info: NumberThreads: 1
b7fe6 info: MaxNodes: 9090 (799920 bytes)
b7fe6 info: TimeForMove: 1
affd6 dfpn: i6
affd6 dfpn: c8
affd6 dfpn: i5
affd6 dfpn: j4
affd6 dfpn: j6
affd6 dfpn: b8
affd6 dfpn: c9
affd6 dfpn: b10
affd6 dfpn: j2
affd6 dfpn: b9
affd6 dfpn: d8
affd6 dfpn: b7
affd6 dfpn: c7
affd6 dfpn: k5
affd6 dfpn: j3
affd6 dfpn: h4
b7fe6 info: PreSearch: max time reached (46/69).
b7fe6 info: Time for PreSearch: 0.207595s
affd6 dfpn: j7
affd6 dfpn: i6
b7fe6 info: 
  644b9ad0d22646a5
  a  b  c  d  e  f  g  h  i  j  k  
 1\B  b  .  .  .  .  .  .  .  .  .\1
  2\.  *  *  *  *  *  *  *  *  *  *\2
   3\*  *  *  *  *  *  *  *  *  *  *\3
    4\*  *  *  *  *  *  *  *  B  *  *\4
     5\*  *  *  *  *  *  W  W  *  *  *\5
      6\*  *  *  *  B  W  B  W  *  *  *\6
       7\*  *  *  *  W  .  B  B  .  *  .\7
        8\*  *  *  *  *  W  .  .  B  .  .\8
         9\*  *  *  .  *  .  W  .  .  B  b\9
         10\*  *  *  *  .  .  .  W  b  b  b\10
          11\.  .  .  .  .  .  .  b  b  b  b\11
              a  b  c  d  e  f  g  h  i  j  k  
b7fe6 info: Old: [black, a1] [white, f6] [black, e6] [white, e7] [black, g6] [white, f8] [black, h7] [white, g9] [black, i8] [white, h10] [black, j9] [white, g5] [black, i4] [white, h6] 
b7fe6 info: New: [black, a1] [white, f6] [black, e6] [white, e7] [black, g6] [white, f8] [black, h7] [white, g9] [black, i8] [white, h10] [black, j9] [white, g5] [black, i4] [white, h6] [black, g7] [white, h5] 
b7fe6 info: MovesPlayed: [black, g7] [white, h5] 
b7fe6 info: MoHexPlayer: Reusing 2137 nodes (32%)
b7fe6 info: MoHexPlayer: Reusing 29 knowledge states (64%)
affd6 dfpn: j4
b7fe6 info: StartSearch()[0]
affd6 dfpn: i6
affd6 dfpn: j4
affd6 dfpn: b10
affd6 dfpn: i6
affd6 dfpn: j2
affd6 dfpn: c8
b7fe6 info: 
Elapsed Time   1.47291s
Count          33692
GamesPlayed    16628
Nodes          8088
Knowledge      45 (0.1%)
Expansions     1655.0
Time           1.12
GameLen        92.3 dev=6.3 min=1.0 max=96.0
InTree         9.2 dev=4.7 min=1.0 max=32.0
KnowDepth      7.1 dev=3.1 min=1.0 max=14.0
Aborted        0%
Games/s        14864.1
Score          0.46
Sequence       j5 i7 h8 i6 d7 d8 c8 c9 a10 b9 a9 b8 a8 b7 a7 b6 a6 b5 a5 b4 a4 b3 a3
b7fe6 info: 
b7fe6 info: *** Player move: j5
affd6 info: DfpnSolver::CheckAbort(): Abort flag!
bfff6 info: 
MID calls      140
VC builds      119
Terminal       0
Work           140
Wasted Work    0 (0%)
Elapsed Time   1.49825
MIDs/sec       93.4422
VCs/sec        79.4258
Cnt prune sib  6
Avg prune sib  2.5 dev=0.763763 min=1 max=3
Consider Size  39.1176 dev=22.679 min=4 max=67
Move Index     -
Move Percent   -
Delta Increase 2.2 dev=3.81388 min=1 max=22
Winner         empty
PV             c8 d5 j5

HashTableStatistics:
Stores         2943
LookupAttempt  149972
LookupSuccess  7799
Collisions     0

bfff6 info: Search aborted.
78017 info: PlayAndSolve: Building VCs to avoid race condition.
78017 info: PlayAndSolve: Continuing on as usual.
bfff6 info: *** PlayerThread ***
b7fe6 info: *** SolverThread ***
affd6 config: VCS: reading captured set patterns from '/home/linus/MoHex2.0/nfbranchfix/benzene-vanilla-cmake/share/vc-captured-set.txt'.
affd6 config: VCS:: parsed 2 patterns.
affd6 config: VCS: reading captured set patterns from '/home/linus/MoHex2.0/nfbranchfix/benzene-vanilla-cmake/share/vc-captured-set.txt'.
affd6 config: VCS:: parsed 2 patterns.
affd6 dfpn: 
affd6 dfpn: i6
bfff6 info: Best move cannot be determined, must search state.
bfff6 info: --- MoHexPlayer::Search() ---
bfff6 info: Color: black
bfff6 info: MaxGames: 999999999
bfff6 info: NumberThreads: 1
bfff6 info: MaxNodes: 9090 (799920 bytes)
bfff6 info: TimeForMove: 1
affd6 dfpn: d7
affd6 dfpn: c8
affd6 dfpn: k6
bfff6 info: Time for PreSearch: 0.043811s
affd6 dfpn: c8
bfff6 info: 
  d621eb348102ffe9
  a  b  c  d  e  f  g  h  i  j  k  
 1\B  b  .  .  .  .  .  .  .  .  .\1
  2\.  .  .  .  .  .  .  .  .  .  .\2
   3\.  .  .  .  .  .  .  .  .  .  .\3
    4\.  .  .  .  .  .  .  .  B  .  .\4
     5\.  .  .  .  .  .  W  W  .  B  .\5
      6\.  .  .  .  B  W  B  W  *  .  *\6
       7\.  .  .  *  W  .  B  B  W  .  *\7
        8\*  *  *  .  *  W  .  *  B  .  .\8
         9\.  .  .  .  .  *  W  .  .  B  b\9
         10\.  .  .  .  .  .  *  W  b  b  b\10
          11\.  .  .  .  .  .  .  b  b  b  b\11
              a  b  c  d  e  f  g  h  i  j  k  
bfff6 info: Old: [black, a1] [white, f6] [black, e6] [white, e7] [black, g6] [white, f8] [black, h7] [white, g9] [black, i8] [white, h10] [black, j9] [white, g5] [black, i4] [white, h6] [black, g7] [white, h5] 
bfff6 info: New: [black, a1] [white, f6] [black, e6] [white, e7] [black, g6] [white, f8] [black, h7] [white, g9] [black, i8] [white, h10] [black, j9] [white, g5] [black, i4] [white, h6] [black, g7] [white, h5] [black, j5] [white, i7] 
bfff6 info: MovesPlayed: [black, j5] [white, i7] 
bfff6 info: MoHexPlayer: Reusing 5366 nodes (66%)
bfff6 info: MoHexPlayer: Reusing 32 knowledge states (47%)
bfff6 info: StartSearch()[0]
affd6 dfpn: i6
affd6 dfpn: d7
affd6 dfpn: k6
affd6 dfpn: d7
bfff6 info: 
Elapsed Time   1.21638s
Count          27248
GamesPlayed    13908
Nodes          5551
Knowledge      44 (0.2%)
Expansions     1419.0
Time           1.01
GameLen        91.3 dev=3.9 min=2.0 max=94.0
InTree         15.6 dev=7.0 min=1.0 max=34.0
KnowDepth      15.2 dev=5.6 min=3.0 max=26.0
Aborted        0%
Games/s        13748.7
Score          0.47
Sequence       h8 i6 d7 d8 c8 c9 a10 b9 a9 b8 a8 b7 a7 b6 a6 b5 a5 b3 b4 c3 c4
bfff6 info: 
bfff6 info: *** Player move: h8
affd6 info: DfpnSolver::CheckAbort(): Abort flag!
b7fe6 info: 
MID calls      107
VC builds      95
Terminal       0
Work           107
Wasted Work    0 (0%)
Elapsed Time   1.24307
MIDs/sec       86.077
VCs/sec        76.4235
Cnt prune sib  3
Avg prune sib  1.33333 dev=0.471404 min=1 max=2
Consider Size  32.5368 dev=21.3319 min=4 max=64
Move Index     -
Move Percent   -
Delta Increase 2.70755 dev=7.04161 min=1 max=61
Winner         empty
PV             d7 d8 b9 c8

HashTableStatistics:
Stores         3164
LookupAttempt  154018
LookupSuccess  8018
Collisions     0

b7fe6 info: Search aborted.
78017 info: PlayAndSolve: Building VCs to avoid race condition.
78017 info: PlayAndSolve: Continuing on as usual.
b7fe6 info: *** PlayerThread ***
bfff6 info: *** SolverThread ***
affd6 config: VCS: reading captured set patterns from '/home/linus/MoHex2.0/nfbranchfix/benzene-vanilla-cmake/share/vc-captured-set.txt'.
affd6 config: VCS:: parsed 2 patterns.
affd6 config: VCS: reading captured set patterns from '/home/linus/MoHex2.0/nfbranchfix/benzene-vanilla-cmake/share/vc-captured-set.txt'.
affd6 config: VCS:: parsed 2 patterns.
affd6 dfpn: 
b7fe6 info: Best move cannot be determined, must search state.
b7fe6 info: --- MoHexPlayer::Search() ---
b7fe6 info: Color: black
b7fe6 info: MaxGames: 999999999
b7fe6 info: NumberThreads: 1
b7fe6 info: MaxNodes: 9090 (799920 bytes)
b7fe6 info: TimeForMove: 1
affd6 dfpn: k6
affd6 dfpn: d7
affd6 dfpn: c8
b7fe6 info: Time for PreSearch: 0.025591s
affd6 dfpn: b8
affd6 dfpn: c8
b7fe6 info: 
  c3cbd2119e0a22cf
  a  b  c  d  e  f  g  h  i  j  k  
 1\B  b  .  .  .  .  .  .  .  .  .\1
  2\.  .  .  .  .  .  .  .  .  .  .\2
   3\.  .  .  .  .  .  .  .  .  .  .\3
    4\.  .  .  .  .  .  .  .  B  .  .\4
     5\.  .  .  .  .  .  W  W  .  B  .\5
      6\.  .  .  .  B  W  B  W  W  .  *\6
       7\.  .  .  *  W  .  B  B  W  .  *\7
        8\*  *  *  .  *  W  .  B  B  .  .\8
         9\.  .  .  .  .  .  W  .  .  B  b\9
         10\.  .  .  .  .  .  *  W  b  b  b\10
          11\.  .  .  .  .  .  .  b  b  b  b\11
              a  b  c  d  e  f  g  h  i  j  k  
b7fe6 info: Old: [black, a1] [white, f6] [black, e6] [white, e7] [black, g6] [white, f8] [black, h7] [white, g9] [black, i8] [white, h10] [black, j9] [white, g5] [black, i4] [white, h6] [black, g7] [white, h5] [black, j5] [white, i7] 
b7fe6 info: New: [black, a1] [white, f6] [black, e6] [white, e7] [black, g6] [white, f8] [black, h7] [white, g9] [black, i8] [white, h10] [black, j9] [white, g5] [black, i4] [white, h6] [black, g7] [white, h5] [black, j5] [white, i7] [black, h8] [white, i6] 
b7fe6 info: MovesPlayed: [black, h8] [white, i6] 
b7fe6 info: MoHexPlayer: Reusing 4744 nodes (85%)
b7fe6 info: MoHexPlayer: Reusing 59 knowledge states (77%)
affd6 dfpn: d7
b7fe6 info: StartSearch()[0]
affd6 dfpn: b8
affd6 dfpn: k6
affd6 dfpn: d7
affd6 dfpn: c8
affd6 dfpn: k6
b7fe6 info: 
Elapsed Time   1.28655s
Count          37301
GamesPlayed    17632
Nodes          7445
Knowledge      30 (0.1%)
Expansions     1537.0
Time           1.01
GameLen        88.3 dev=5.1 min=4.0 max=92.0
InTree         11.5 dev=6.1 min=2.0 max=33.0
KnowDepth      8.8 dev=5.4 min=2.0 max=18.0
Aborted        0%
Games/s        17387.8
Score          0.47
Sequence       d7 d8 c8 c9 a10 b9 a9 b8 a8 b7 a7 b6 a6 b4 b5 c4 c5 d4 k6
b7fe6 info: 
b7fe6 info: *** Player move: d7
affd6 info: DfpnSolver::CheckAbort(): Abort flag!
bfff6 info: 
MID calls      141
VC builds      123
Terminal       2
Work           143
Wasted Work    5 (3.4965%)
Elapsed Time   1.31003
MIDs/sec       107.631
VCs/sec        93.8911
Cnt prune sib  6
Avg prune sib  1.16667 dev=0.372678 min=1 max=2
Consider Size  25.4545 dev=19.544 min=4 max=62
Move Index     0 dev=0 min=0 max=0
Move Percent   0 dev=0 min=0 max=0
Delta Increase 3.23944 dev=9.07553 min=1 max=59
Winner         empty
PV             k6 j8 i9 h4 j7

HashTableStatistics:
Stores         3458
LookupAttempt  158384
LookupSuccess  8336
Collisions     0

bfff6 info: Search aborted.
78017 info: PlayAndSolve: Building VCs to avoid race condition.
78017 info: PlayAndSolve: Continuing on as usual.
bfff6 info: *** PlayerThread ***
b7fe6 info: *** SolverThread ***
affd6 config: VCS: reading captured set patterns from '/home/linus/MoHex2.0/nfbranchfix/benzene-vanilla-cmake/share/vc-captured-set.txt'.
affd6 config: VCS:: parsed 2 patterns.
affd6 config: VCS: reading captured set patterns from '/home/linus/MoHex2.0/nfbranchfix/benzene-vanilla-cmake/share/vc-captured-set.txt'.
affd6 config: VCS:: parsed 2 patterns.
affd6 dfpn: c8
bfff6 info: Best move cannot be determined, must search state.
bfff6 info: --- MoHexPlayer::Search() ---
bfff6 info: Color: black
bfff6 info: MaxGames: 999999999
bfff6 info: NumberThreads: 1
bfff6 info: MaxNodes: 9090 (799920 bytes)
bfff6 info: TimeForMove: 1
affd6 dfpn: b9
bfff6 info: Time for PreSearch: 0.020248s
bfff6 info: 
  cc46a8f9a3dac44c
  a  b  c  d  e  f  g  h  i  j  k  
 1\B  b  .  .  .  .  .  .  .  .  .\1
  2\.  .  .  .  .  .  .  .  .  .  .\2
   3\.  .  .  .  .  .  .  .  .  .  .\3
    4\.  .  .  .  .  .  .  .  B  .  .\4
     5\.  .  .  .  .  .  W  W  .  B  .\5
      6\.  .  .  .  B  W  B  W  W  .  *\6
       7\.  .  .  B  W  w  B  B  W  .  *\7
        8\.  .  *  W  w  W  .  B  B  .  .\8
         9\.  *  .  .  .  .  W  .  .  B  b\9
         10\*  .  .  .  .  .  *  W  b  b  b\10
          11\.  .  .  .  .  .  .  b  b  b  b\11
              a  b  c  d  e  f  g  h  i  j  k  
affd6 dfpn: k6
bfff6 info: Old: [black, a1] [white, f6] [black, e6] [white, e7] [black, g6] [white, f8] [black, h7] [white, g9] [black, i8] [white, h10] [black, j9] [white, g5] [black, i4] [white, h6] [black, g7] [white, h5] [black, j5] [white, i7] [black, h8] [white, i6] 
bfff6 info: New: [black, a1] [white, f6] [black, e6] [white, e7] [black, g6] [white, f8] [black, h7] [white, g9] [black, i8] [white, h10] [black, j9] [white, g5] [black, i4] [white, h6] [black, g7] [white, h5] [black, j5] [white, i7] [black, h8] [white, i6] [black, d7] [white, d8] 
bfff6 info: MovesPlayed: [black, d7] [white, d8] 
bfff6 info: MoHexPlayer: Reusing 6531 nodes (87%)
bfff6 info: MoHexPlayer: Reusing 67 knowledge states (80%)
bfff6 info: StartSearch()[0]
affd6 dfpn: c8
affd6 dfpn: b9
affd6 dfpn: k6
bfff6 info: 
Elapsed Time   1.29055s
Count          48149
GamesPlayed    19323
Nodes          7814
Knowledge      32 (0.1%)
Expansions     1702.0
Time           1.02
GameLen        85.7 dev=5.7 min=3.0 max=88.0
InTree         10.6 dev=4.1 min=2.0 max=32.0
KnowDepth      7.3 dev=3.4 min=2.0 max=15.0
Aborted        0%
Games/s        18871.0
Score          0.48
Sequence       c8 c9 a10 b9 a9 b8 a8 b7 a7 b6 a6 b4 b5 c4 c5 d4 k6
bfff6 info: 
bfff6 info: *** Player move: c8
affd6 info: DfpnSolver::CheckAbort(): Abort flag!
b7fe6 info: 
MID calls      212
VC builds      135
Terminal       0
Work           212
Wasted Work    0 (0%)
Elapsed Time   1.30632
MIDs/sec       162.287
VCs/sec        103.343
Cnt prune sib  5
Avg prune sib  3 dev=0 min=3 max=3
Consider Size  12.9556 dev=17.8765 min=1 max=58
Move Index     -
Move Percent   -
Delta Increase 3.74138 dev=7.97459 min=1 max=51
Winner         empty
PV             k6 b9 j7 i3 j2 j4 i5 j3 h4 h2 g4

HashTableStatistics:
Stores         3881
LookupAttempt  161499
LookupSuccess  8752
Collisions     0

b7fe6 info: Search aborted.
78017 info: PlayAndSolve: Building VCs to avoid race condition.
78017 info: PlayAndSolve: Continuing on as usual.
b7fe6 info: *** PlayerThread ***
bfff6 info: *** SolverThread ***
affd6 config: VCS: reading captured set patterns from '/home/linus/MoHex2.0/nfbranchfix/benzene-vanilla-cmake/share/vc-captured-set.txt'.
affd6 config: VCS:: parsed 2 patterns.
affd6 config: VCS: reading captured set patterns from '/home/linus/MoHex2.0/nfbranchfix/benzene-vanilla-cmake/share/vc-captured-set.txt'.
affd6 config: VCS:: parsed 2 patterns.
affd6 dfpn: a10
b7fe6 info: Mustplay is singleton!
b7fe6 info: *** Player move: a10
affd6 info: DfpnSolver::CheckAbort(): Abort flag!
bfff6 info: 
MID calls      6
VC builds      3
Terminal       0
Work           6
Wasted Work    0 (0%)
Elapsed Time   0.041187
MIDs/sec       145.677
VCs/sec        72.8385
Cnt prune sib  0
Avg prune sib  -
Consider Size  19.6667 dev=23.6267 min=1 max=53
Move Index     -
Move Percent   -
Delta Increase 1 dev=0 min=1 max=1
Winner         empty
PV             a10 b9 a9 b8 a8 b7 a7

HashTableStatistics:
Stores         3889
LookupAttempt  161688
LookupSuccess  8771
Collisions     0

bfff6 info: Search aborted.
78017 info: PlayAndSolve: Building VCs to avoid race condition.
78017 info: PlayAndSolve: Continuing on as usual.
bfff6 info: *** PlayerThread ***
b7fe6 info: *** SolverThread ***
affd6 config: VCS: reading captured set patterns from '/home/linus/MoHex2.0/nfbranchfix/benzene-vanilla-cmake/share/vc-captured-set.txt'.
affd6 config: VCS:: parsed 2 patterns.
affd6 config: VCS: reading captured set patterns from '/home/linus/MoHex2.0/nfbranchfix/benzene-vanilla-cmake/share/vc-captured-set.txt'.
affd6 config: VCS:: parsed 2 patterns.
affd6 dfpn: a9
bfff6 info: Mustplay is singleton!
bfff6 info: *** Player move: a9
affd6 info: DfpnSolver::CheckAbort(): Abort flag!
b7fe6 info: 
MID calls      6
VC builds      3
Terminal       0
Work           6
Wasted Work    0 (0%)
Elapsed Time   0.028696
MIDs/sec       209.088
VCs/sec        104.544
Cnt prune sib  0
Avg prune sib  -
Consider Size  17.3333 dev=18.3727 min=1 max=43
Move Index     -
Move Percent   -
Delta Increase 1 dev=0 min=1 max=1
Winner         empty
PV             a9 b8 a8 b7 a7

HashTableStatistics:
Stores         3897
LookupAttempt  161867
LookupSuccess  8789
Collisions     0

b7fe6 info: Search aborted.
78017 info: PlayAndSolve: Building VCs to avoid race condition.
78017 info: PlayAndSolve: Continuing on as usual.
b7fe6 info: *** PlayerThread ***
bfff6 info: *** SolverThread ***
affd6 config: VCS: reading captured set patterns from '/home/linus/MoHex2.0/nfbranchfix/benzene-vanilla-cmake/share/vc-captured-set.txt'.
affd6 config: VCS:: parsed 2 patterns.
affd6 config: VCS: reading captured set patterns from '/home/linus/MoHex2.0/nfbranchfix/benzene-vanilla-cmake/share/vc-captured-set.txt'.
affd6 config: VCS:: parsed 2 patterns.
affd6 dfpn: a8
b7fe6 info: Mustplay is singleton!
b7fe6 info: *** Player move: a8
affd6 info: DfpnSolver::CheckAbort(): Abort flag!
bfff6 info: 
MID calls      6
VC builds      3
Terminal       0
Work           6
Wasted Work    0 (0%)
Elapsed Time   0.025255
MIDs/sec       237.577
VCs/sec        118.788
Cnt prune sib  0
Avg prune sib  -
Consider Size  9.66667 dev=8.95669 min=1 max=22
Move Index     -
Move Percent   -
Delta Increase 1 dev=0 min=1 max=1
Winner         empty
PV             a8 b6 b7 d5 f4

HashTableStatistics:
Stores         3905
LookupAttempt  162012
LookupSuccess  8808
Collisions     0

bfff6 info: Search aborted.
78017 info: PlayAndSolve: Building VCs to avoid race condition.
78017 info: PlayAndSolve: Continuing on as usual.
bfff6 info: *** PlayerThread ***
b7fe6 info: *** SolverThread ***
affd6 config: VCS: reading captured set patterns from '/home/linus/MoHex2.0/nfbranchfix/benzene-vanilla-cmake/share/vc-captured-set.txt'.
affd6 config: VCS:: parsed 2 patterns.
affd6 config: VCS: reading captured set patterns from '/home/linus/MoHex2.0/nfbranchfix/benzene-vanilla-cmake/share/vc-captured-set.txt'.
affd6 config: VCS:: parsed 2 patterns.
affd6 dfpn: b7
b7fe6 info: 
MID calls      3
VC builds      1
Terminal       1
Work           4
Wasted Work    3 (75%)
Elapsed Time   0.008922
MIDs/sec       336.247
VCs/sec        112.082
Cnt prune sib  0
Avg prune sib  -
Consider Size  -
Move Index     1 dev=0 min=1 max=1
Move Percent   0.0343552 dev=0.0110994 min=0.0232558 max=0.0454545
Delta Increase 1 dev=0 min=1 max=1
Winner         white
PV             b7 c6 c7 e5

HashTableStatistics:
Stores         3913
LookupAttempt  162097
LookupSuccess  8830
Collisions     0

b7fe6 info: *** FOUND LOSS!! ***
b7fe6 info: PV: b7 c6 c7 e5
bfff6 info: Mustplay is singleton!
78017 info: PlayAndSolve: Building VCs to avoid race condition.
78017 info: PlayAndSolve: Continuing on as usual.
b7fe6 info: *** PlayerThread ***
bfff6 info: *** SolverThread ***
bfff6 info: Already solved!
bfff6 info: white wins!
bfff6 info: PV: c7 e5
bfff6 info: *** FOUND LOSS!! ***
bfff6 info: PV: c7 e5
b7fe6 info: Mustplay is singleton!
78017 info: PlayAndSolve: Building VCs to avoid race condition.
78017 info: PlayAndSolve: Continuing on as usual.
b7fe6 info: *** SolverThread ***
b7fe6 info: Already solved!
b7fe6 info: white wins!
b7fe6 info: PV: 
bfff6 info: *** PlayerThread ***
bfff6 info: Opponent has won; playing most blocking move.
bfff6 info: *** Player move: d5
78017 info: PlayAndSolve: Building VCs to avoid race condition.
78017 info: PlayAndSolve: Continuing on as usual.
b7fe6 info: *** PlayerThread ***
bfff6 info: *** SolverThread ***
affd6 config: VCS: reading captured set patterns from '/home/linus/MoHex2.0/nfbranchfix/benzene-vanilla-cmake/share/vc-captured-set.txt'.
affd6 config: VCS:: parsed 2 patterns.
affd6 config: VCS: reading captured set patterns from '/home/linus/MoHex2.0/nfbranchfix/benzene-vanilla-cmake/share/vc-captured-set.txt'.
affd6 config: VCS:: parsed 2 patterns.
affd6 dfpn: 
b7fe6 info: Opponent has won; playing most blocking move.
b7fe6 info: *** Player move: b4
bfff6 info: 
MID calls      0
VC builds      1
Terminal       1
Work           1
Wasted Work    0 (0%)
Elapsed Time   0.010053
MIDs/sec       0
VCs/sec        99.4728
Cnt prune sib  0
Avg prune sib  -
Consider Size  -
Move Index     -
Move Percent   -
Delta Increase -
Winner         white
PV             

HashTableStatistics:
Stores         3914
LookupAttempt  162109
LookupSuccess  8839
Collisions     0

78017 info: PlayAndSolve: Building VCs to avoid race condition.
78017 info: PlayAndSolve: Continuing on as usual.
bfff6 info: *** PlayerThread ***
b7fe6 info: *** SolverThread ***
affd6 config: VCS: reading captured set patterns from '/home/linus/MoHex2.0/nfbranchfix/benzene-vanilla-cmake/share/vc-captured-set.txt'.
affd6 config: VCS:: parsed 2 patterns.
affd6 config: VCS: reading captured set patterns from '/home/linus/MoHex2.0/nfbranchfix/benzene-vanilla-cmake/share/vc-captured-set.txt'.
affd6 config: VCS:: parsed 2 patterns.
affd6 dfpn: 
bfff6 info: Opponent has won; playing most blocking move.
bfff6 info: *** Player move: f5
b7fe6 info: 
MID calls      0
VC builds      1
Terminal       1
Work           1
Wasted Work    0 (0%)
Elapsed Time   0.00923
MIDs/sec       0
VCs/sec        108.342
Cnt prune sib  0
Avg prune sib  -
Consider Size  -
Move Index     -
Move Percent   -
Delta Increase -
Winner         white
PV             

HashTableStatistics:
Stores         3915
LookupAttempt  162115
LookupSuccess  8842
Collisions     0

78017 info: PlayAndSolve: Building VCs to avoid race condition.
78017 info: PlayAndSolve: Continuing on as usual.
b7fe6 info: *** PlayerThread ***
bfff6 info: *** SolverThread ***
affd6 config: VCS: reading captured set patterns from '/home/linus/MoHex2.0/nfbranchfix/benzene-vanilla-cmake/share/vc-captured-set.txt'.
affd6 config: VCS:: parsed 2 patterns.
affd6 config: VCS: reading captured set patterns from '/home/linus/MoHex2.0/nfbranchfix/benzene-vanilla-cmake/share/vc-captured-set.txt'.
affd6 config: VCS:: parsed 2 patterns.
affd6 dfpn: 
b7fe6 info: Opponent has won; playing most blocking move.
b7fe6 info: *** Player move: f3
bfff6 info: 
MID calls      0
VC builds      1
Terminal       1
Work           1
Wasted Work    0 (0%)
Elapsed Time   0.008741
MIDs/sec       0
VCs/sec        114.403
Cnt prune sib  0
Avg prune sib  -
Consider Size  -
Move Index     -
Move Percent   -
Delta Increase -
Winner         white
PV             

HashTableStatistics:
Stores         3916
LookupAttempt  162121
LookupSuccess  8845
Collisions     0

78017 info: PlayAndSolve: Building VCs to avoid race condition.
78017 info: PlayAndSolve: Continuing on as usual.
bfff6 info: *** PlayerThread ***
b7fe6 info: *** SolverThread ***
affd6 config: VCS: reading captured set patterns from '/home/linus/MoHex2.0/nfbranchfix/benzene-vanilla-cmake/share/vc-captured-set.txt'.
affd6 config: VCS:: parsed 2 patterns.
affd6 config: VCS: reading captured set patterns from '/home/linus/MoHex2.0/nfbranchfix/benzene-vanilla-cmake/share/vc-captured-set.txt'.
affd6 config: VCS:: parsed 2 patterns.
affd6 dfpn: 
bfff6 info: Opponent has won; playing most blocking move.
bfff6 info: *** Player move: g4
b7fe6 info: 
MID calls      0
VC builds      1
Terminal       1
Work           1
Wasted Work    0 (0%)
Elapsed Time   0.008338
MIDs/sec       0
VCs/sec        119.933
Cnt prune sib  0
Avg prune sib  -
Consider Size  -
Move Index     -
Move Percent   -
Delta Increase -
Winner         white
PV             

HashTableStatistics:
Stores         3917
LookupAttempt  162127
LookupSuccess  8848
Collisions     0

78017 info: PlayAndSolve: Building VCs to avoid race condition.
78017 info: PlayAndSolve: Continuing on as usual.
b7fe6 info: *** PlayerThread ***
bfff6 info: *** SolverThread ***
affd6 config: VCS: reading captured set patterns from '/home/linus/MoHex2.0/nfbranchfix/benzene-vanilla-cmake/share/vc-captured-set.txt'.
affd6 config: VCS:: parsed 2 patterns.
affd6 config: VCS: reading captured set patterns from '/home/linus/MoHex2.0/nfbranchfix/benzene-vanilla-cmake/share/vc-captured-set.txt'.
affd6 config: VCS:: parsed 2 patterns.
affd6 dfpn: 
b7fe6 info: Opponent has won; playing most blocking move.
b7fe6 info: *** Player move: k6
bfff6 info: 
MID calls      0
VC builds      1
Terminal       1
Work           1
Wasted Work    0 (0%)
Elapsed Time   0.007845
MIDs/sec       0
VCs/sec        127.47
Cnt prune sib  0
Avg prune sib  -
Consider Size  -
Move Index     -
Move Percent   -
Delta Increase -
Winner         white
PV             

HashTableStatistics:
Stores         3918
LookupAttempt  162133
LookupSuccess  8851
Collisions     0

78017 info: PlayAndSolve: Building VCs to avoid race condition.
78017 info: PlayAndSolve: Continuing on as usual.
bfff6 info: *** PlayerThread ***
b7fe6 info: *** SolverThread ***
affd6 config: VCS: reading captured set patterns from '/home/linus/MoHex2.0/nfbranchfix/benzene-vanilla-cmake/share/vc-captured-set.txt'.
affd6 config: VCS:: parsed 2 patterns.
affd6 config: VCS: reading captured set patterns from '/home/linus/MoHex2.0/nfbranchfix/benzene-vanilla-cmake/share/vc-captured-set.txt'.
affd6 config: VCS:: parsed 2 patterns.
affd6 dfpn: 
bfff6 info: Opponent has won; playing most blocking move.
bfff6 info: *** Player move: i3
b7fe6 info: 
MID calls      0
VC builds      1
Terminal       1
Work           1
Wasted Work    0 (0%)
Elapsed Time   0.006354
MIDs/sec       0
VCs/sec        157.381
Cnt prune sib  0
Avg prune sib  -
Consider Size  -
Move Index     -
Move Percent   -
Delta Increase -
Winner         white
PV             

HashTableStatistics:
Stores         3919
LookupAttempt  162139
LookupSuccess  8854
Collisions     0

78017 info: PlayAndSolve: Building VCs to avoid race condition.
78017 info: PlayAndSolve: Continuing on as usual.
b7fe6 info: *** PlayerThread ***
bfff6 info: *** SolverThread ***
affd6 config: VCS: reading captured set patterns from '/home/linus/MoHex2.0/nfbranchfix/benzene-vanilla-cmake/share/vc-captured-set.txt'.
affd6 config: VCS:: parsed 2 patterns.
affd6 config: VCS: reading captured set patterns from '/home/linus/MoHex2.0/nfbranchfix/benzene-vanilla-cmake/share/vc-captured-set.txt'.
affd6 config: VCS:: parsed 2 patterns.
b7fe6 info: Captured cells caused win! Removing...
affd6 dfpn: 
bfff6 info: 
MID calls      0
VC builds      1
Terminal       1
Work           1
Wasted Work    0 (0%)
Elapsed Time   0.00248
MIDs/sec       0
VCs/sec        403.226
Cnt prune sib  0
Avg prune sib  -
Consider Size  -
Move Index     -
Move Percent   -
Delta Increase -
Winner         white
PV             

HashTableStatistics:
Stores         3920
LookupAttempt  162145
LookupSuccess  8857
Collisions     0

b7fe6 info: Opponent has won; playing most blocking move.
b7fe6 info: *** Player move: a6
78017 info: PlayAndSolve: Building VCs to avoid race condition.
78017 info: PlayAndSolve: Continuing on as usual.
bfff6 info: *** PlayerThread ***
b7fe6 info: *** SolverThread ***
affd6 config: VCS: reading captured set patterns from '/home/linus/MoHex2.0/nfbranchfix/benzene-vanilla-cmake/share/vc-captured-set.txt'.
affd6 config: VCS:: parsed 2 patterns.
affd6 config: VCS: reading captured set patterns from '/home/linus/MoHex2.0/nfbranchfix/benzene-vanilla-cmake/share/vc-captured-set.txt'.
affd6 config: VCS:: parsed 2 patterns.
bfff6 info: Captured cells caused win! Removing...
affd6 dfpn: 
b7fe6 info: 
MID calls      0
VC builds      1
Terminal       1
Work           1
Wasted Work    0 (0%)
Elapsed Time   0.002268
MIDs/sec       0
VCs/sec        440.917
Cnt prune sib  0
Avg prune sib  -
Consider Size  -
Move Index     -
Move Percent   -
Delta Increase -
Winner         white
PV             

HashTableStatistics:
Stores         3921
LookupAttempt  162151
LookupSuccess  8860
Collisions     0

bfff6 info: Opponent has won; playing most blocking move.
bfff6 info: *** Player move: k1
78017 config: ============ BenzeneShutdown =============
78017 config: MoHexProgram:: ShutdownSystem()
78017 config: CommonProgram:: ShutdownSystem()
78017 config: BenzeneProgram:: ShutdownSystem()
Flushing and closing this stream...
