89947 config: MoHex v2.0.CMake Mar 21 2025.
89947 config: ============ InitializeSystem ============
89947 config: BenzeneProgram::InitRandom()
89947 config: Seed = 983574
89947 info: Prior Patterns:
89947 info: Global:
89947 info: Size            = 565 32648 
89947 info: TableEntries    = 65932 65910
89947 info: MirrorsAdded    = 0 0
89947 info: PrunableCount   = 30593 30629
89947 info: LargestGamma    = 5820.77
89947 info: SmallestGamma   = 6.6e-05
89947 info: Local:
89947 info: Size            = 550 5318 
89947 info: TableEntries    = 11602 11588
89947 info: MirrorsAdded    = 0 0
89947 info: PrunableCount   = 3659 3667
89947 info: LargestGamma    = 11281.8
89947 info: SmallestGamma   = 0.026235
89947 info: Playout Patterns:
89947 info: Global:
89947 info: Size            = 565 32648 
89947 info: TableEntries    = 70329 70329
89947 info: MirrorsAdded    = 4397 4419
89947 info: PrunableCount   = 30593 30629
89947 info: LargestGamma    = 5820.77
89947 info: SmallestGamma   = 6.6e-05
89947 info: Local:
89947 info: Size            = 550 5318 
89947 info: TableEntries    = 11602 11588
89947 info: MirrorsAdded    = 0 0
89947 info: PrunableCount   = 3659 3667
89947 info: LargestGamma    = 11281.8
89947 info: SmallestGamma   = 0.026235
89947 config: IcePatternSet: reading from '/home/linus/MoHex2.0/nfbranchfix/benzene-vanilla-cmake/share/ice-patterns.txt'.
89947 config: IcePatternSet: parsed 708 patterns.
89947 config: VCS: reading captured set patterns from '/home/linus/MoHex2.0/nfbranchfix/benzene-vanilla-cmake/share/vc-captured-set.txt'.
89947 config: VCS:: parsed 2 patterns.
89947 config: VCS: reading captured set patterns from '/home/linus/MoHex2.0/nfbranchfix/benzene-vanilla-cmake/share/vc-captured-set.txt'.
89947 config: VCS:: parsed 2 patterns.
89947 config: IcePatternSet: reading from '/home/linus/MoHex2.0/nfbranchfix/benzene-vanilla-cmake/share/ice-patterns.txt'.
89947 config: IcePatternSet: parsed 708 patterns.
89947 config: VCS: reading captured set patterns from '/home/linus/MoHex2.0/nfbranchfix/benzene-vanilla-cmake/share/vc-captured-set.txt'.
89947 config: VCS:: parsed 2 patterns.
89947 config: VCS: reading captured set patterns from '/home/linus/MoHex2.0/nfbranchfix/benzene-vanilla-cmake/share/vc-captured-set.txt'.
89947 config: VCS:: parsed 2 patterns.
89947 config: VCS: reading captured set patterns from '/home/linus/MoHex2.0/nfbranchfix/benzene-vanilla-cmake/share/vc-captured-set.txt'.
89947 config: VCS:: parsed 2 patterns.
89947 config: VCS: reading captured set patterns from '/home/linus/MoHex2.0/nfbranchfix/benzene-vanilla-cmake/share/vc-captured-set.txt'.
89947 config: VCS:: parsed 2 patterns.
89947 config: VCS: reading captured set patterns from '/home/linus/MoHex2.0/nfbranchfix/benzene-vanilla-cmake/share/vc-captured-set.txt'.
89947 config: VCS:: parsed 2 patterns.
89947 config: VCS: reading captured set patterns from '/home/linus/MoHex2.0/nfbranchfix/benzene-vanilla-cmake/share/vc-captured-set.txt'.
89947 config: VCS:: parsed 2 patterns.
89947 info: SwapCheck: reading from '/home/linus/MoHex2.0/nfbranchfix/benzene-vanilla-cmake/share/swap-moves.txt'.
89947 info: SwapCheck: playing swap.
89947 info: PlayAndSolve: Building VCs to avoid race condition.
89947 config: VCPattern: loading pattern templates from '/home/linus/MoHex2.0/nfbranchfix/benzene-vanilla-cmake/share/vc-patterns.txt'.
89947 info: PlayAndSolve: Continuing on as usual.
16be6 info: *** PlayerThread ***
0ebd6 info: *** SolverThread ***
3fff6 config: VCS: reading captured set patterns from '/home/linus/MoHex2.0/nfbranchfix/benzene-vanilla-cmake/share/vc-captured-set.txt'.
3fff6 config: VCS:: parsed 2 patterns.
3fff6 config: VCS: reading captured set patterns from '/home/linus/MoHex2.0/nfbranchfix/benzene-vanilla-cmake/share/vc-captured-set.txt'.
3fff6 config: VCS:: parsed 2 patterns.
3fff6 dfpn: 
16be6 info: Best move cannot be determined, must search state.
16be6 info: --- MoHexPlayer::Search() ---
16be6 info: Color: black
16be6 info: MaxGames: 1
16be6 info: NumberThreads: 1
16be6 info: MaxNodes: 181818181 (15999999928 bytes)
16be6 info: TimeForMove: 1
3fff6 dfpn: d8
3fff6 dfpn: b10
3fff6 dfpn: h4
3fff6 dfpn: e7
3fff6 dfpn: g5
3fff6 dfpn: d7
3fff6 dfpn: e6
3fff6 dfpn: e8
3fff6 dfpn: f6
3fff6 dfpn: c9
3fff6 dfpn: f7
3fff6 dfpn: f5
3fff6 dfpn: g6
3fff6 dfpn: d6
3fff6 dfpn: i3
3fff6 dfpn: h5
3fff6 dfpn: g7
3fff6 dfpn: g4
16be6 info: PreSearch: max time reached (36/88).
16be6 info: Time for PreSearch: 0.204826s
3fff6 dfpn: e5
3fff6 dfpn: f8
16be6 info: 
  6ccf5e6bad4376da
  a  b  c  d  e  f  g  h  i  j  k  
 1\.  .  .  .  .  .  .  .  .  .  .\1
  2\.  *  .  *  *  *  *  *  *  *  *\2
   3\.  B  *  *  *  *  *  *  *  *  *\3
    4\.  *  *  *  *  *  *  *  *  *  *\4
     5\*  *  *  *  *  *  *  *  *  *  *\5
      6\.  *  *  *  *  *  *  *  *  *  *\6
       7\W  *  *  *  *  *  *  *  *  *  *\7
        8\.  *  *  *  *  *  *  *  *  *  *\8
         9\*  *  *  *  *  *  *  *  *  *  .\9
         10\*  *  *  *  *  *  *  *  *  .  .\10
          11\.  .  .  .  .  .  .  .  .  .  .\11
              a  b  c  d  e  f  g  h  i  j  k  
3fff6 dfpn: c8
3fff6 dfpn: d9
3fff6 dfpn: j2
16be6 info: No subtree to reuse.
16be6 info: Creating thread 0
16be6 info: StartSearch()[0]
16be6 config: VCS: reading captured set patterns from '/home/linus/MoHex2.0/nfbranchfix/benzene-vanilla-cmake/share/vc-captured-set.txt'.
16be6 config: VCS:: parsed 2 patterns.
16be6 config: VCS: reading captured set patterns from '/home/linus/MoHex2.0/nfbranchfix/benzene-vanilla-cmake/share/vc-captured-set.txt'.
16be6 config: VCS:: parsed 2 patterns.
16be6 info: 
Elapsed Time   0.416567s
Count          1
GamesPlayed    1
Nodes          1
Knowledge      0 (0.0%)
Expansions     0.0
Time           0.00
GameLen        119.0 dev=0.0 min=119.0 max=119.0
InTree         0.0 dev=0.0 min=0.0 max=0.0
KnowDepth      -
Aborted        0%
Games/s        397.5
Score          1.00
Sequence      
16be6 info: 
16be6 warning: **** MoHexSearch returned empty sequence!
16be6 warning: **** Returning random move!
16be6 info: *** Player move: b1
3fff6 info: DfpnSolver::CheckAbort(): Abort flag!
0ebd6 info: 
MID calls      39
VC builds      39
Terminal       0
Work           39
Wasted Work    0 (0%)
Elapsed Time   0.442877
MIDs/sec       88.0606
VCs/sec        88.0606
Cnt prune sib  0
Avg prune sib  -
Consider Size  87.1026 dev=3.16089 min=80 max=90
Move Index     -
Move Percent   -
Delta Increase 3.23684 dev=13.6062 min=1 max=86
Winner         empty
PV             j2 d7 f6

HashTableStatistics:
Stores         100
LookupAttempt  11094
LookupSuccess  617
Collisions     0

0ebd6 info: Search aborted.
89947 info: PlayAndSolve: Building VCs to avoid race condition.
89947 info: PlayAndSolve: Continuing on as usual.
0ebd6 info: *** PlayerThread ***
16be6 info: *** SolverThread ***
3fff6 config: VCS: reading captured set patterns from '/home/linus/MoHex2.0/nfbranchfix/benzene-vanilla-cmake/share/vc-captured-set.txt'.
3fff6 config: VCS:: parsed 2 patterns.
3fff6 config: VCS: reading captured set patterns from '/home/linus/MoHex2.0/nfbranchfix/benzene-vanilla-cmake/share/vc-captured-set.txt'.
3fff6 config: VCS:: parsed 2 patterns.
3fff6 dfpn: 
0ebd6 info: Best move cannot be determined, must search state.
0ebd6 info: --- MoHexPlayer::Search() ---
0ebd6 info: Color: black
0ebd6 info: MaxGames: 1
0ebd6 info: NumberThreads: 1
0ebd6 info: MaxNodes: 181818181 (15999999928 bytes)
0ebd6 info: TimeForMove: 1
3fff6 dfpn: g5
3fff6 dfpn: d8
3fff6 dfpn: f5
3fff6 dfpn: f6
3fff6 dfpn: e7
3fff6 dfpn: e6
3fff6 dfpn: b10
3fff6 dfpn: d7
3fff6 dfpn: d6
3fff6 dfpn: g4
3fff6 dfpn: f7
3fff6 dfpn: e5
3fff6 dfpn: h4
3fff6 dfpn: c9
3fff6 dfpn: e8
3fff6 dfpn: g6
3fff6 dfpn: f4
3fff6 dfpn: c8
3fff6 dfpn: d5
3fff6 dfpn: c7
3fff6 dfpn: h3
0ebd6 info: PreSearch: max time reached (40/86).
0ebd6 info: Time for PreSearch: 0.202247s
3fff6 dfpn: h5
3fff6 dfpn: d9
0ebd6 info: 
  263ad4354adb5ff7
  a  b  c  d  e  f  g  h  i  j  k  
 1\b  B  b  .  .  .  .  .  .  .  .\1
  2\w  .  .  *  *  *  *  *  *  *  *\2
   3\w  B  *  *  *  *  *  *  *  *  *\3
    4\.  *  *  *  *  *  *  *  W  *  *\4
     5\*  *  *  *  *  *  *  *  *  *  *\5
      6\.  *  *  *  *  *  *  *  *  *  *\6
       7\W  *  *  *  *  *  *  *  *  *  *\7
        8\.  *  *  *  *  *  *  *  *  *  *\8
         9\*  *  *  *  *  *  *  *  *  *  .\9
         10\*  *  *  *  *  *  *  *  *  .  .\10
          11\.  .  .  .  .  .  .  .  .  .  .\11
              a  b  c  d  e  f  g  h  i  j  k  
3fff6 dfpn: b10
0ebd6 info: Old: [black, b3] [white, swap-pieces] [white, a7] 
0ebd6 info: New: [black, b3] [white, swap-pieces] [white, a7] [black, b1] [white, i4] 
0ebd6 info: MovesPlayed: [black, b1] [white, i4] 
0ebd6 info: No subtree to reuse.
0ebd6 info: StartSearch()[0]
0ebd6 info: 
Elapsed Time   0.411622s
Count          1
GamesPlayed    1
Nodes          1
Knowledge      0 (0.0%)
Expansions     0.0
Time           0.00
GameLen        113.0 dev=0.0 min=113.0 max=113.0
InTree         0.0 dev=0.0 min=0.0 max=0.0
KnowDepth      -
Aborted        0%
Games/s        2118.6
Score          1.00
Sequence      
0ebd6 info: 
0ebd6 warning: **** MoHexSearch returned empty sequence!
0ebd6 warning: **** Returning random move!
0ebd6 info: *** Player move: c10
3fff6 info: DfpnSolver::CheckAbort(): Abort flag!
16be6 info: 
MID calls      38
VC builds      37
Terminal       0
Work           38
Wasted Work    0 (0%)
Elapsed Time   0.434866
MIDs/sec       87.3832
VCs/sec        85.0837
Cnt prune sib  0
Avg prune sib  -
Consider Size  83.3784 dev=9.65167 min=45 max=88
Move Index     -
Move Percent   -
Delta Increase 3.2973 dev=13.4544 min=1 max=84
Winner         empty
PV             b10 g4 e5

HashTableStatistics:
Stores         199
LookupAttempt  22074
LookupSuccess  1282
Collisions     0

16be6 info: Search aborted.
89947 info: PlayAndSolve: Building VCs to avoid race condition.
89947 info: PlayAndSolve: Continuing on as usual.
16be6 info: *** PlayerThread ***
0ebd6 info: *** SolverThread ***
3fff6 config: VCS: reading captured set patterns from '/home/linus/MoHex2.0/nfbranchfix/benzene-vanilla-cmake/share/vc-captured-set.txt'.
3fff6 config: VCS:: parsed 2 patterns.
3fff6 config: VCS: reading captured set patterns from '/home/linus/MoHex2.0/nfbranchfix/benzene-vanilla-cmake/share/vc-captured-set.txt'.
3fff6 config: VCS:: parsed 2 patterns.
3fff6 dfpn: 
16be6 info: Best move cannot be determined, must search state.
16be6 info: --- MoHexPlayer::Search() ---
16be6 info: Color: black
16be6 info: MaxGames: 1
16be6 info: NumberThreads: 1
16be6 info: MaxNodes: 181818181 (15999999928 bytes)
16be6 info: TimeForMove: 1
3fff6 dfpn: d8
3fff6 dfpn: g5
3fff6 dfpn: d7
3fff6 dfpn: e7
3fff6 dfpn: e6
3fff6 dfpn: f5
3fff6 dfpn: f6
3fff6 dfpn: d6
3fff6 dfpn: c9
3fff6 dfpn: e5
3fff6 dfpn: f7
3fff6 dfpn: g4
3fff6 dfpn: c8
3fff6 dfpn: e8
3fff6 dfpn: h4
3fff6 dfpn: f4
3fff6 dfpn: d5
3fff6 dfpn: h3
3fff6 dfpn: c7
3fff6 dfpn: g6
3fff6 dfpn: c6
3fff6 dfpn: d9
3fff6 dfpn: g5
16be6 info: PreSearch: max time reached (53/81).
16be6 info: Time for PreSearch: 0.200241s
16be6 info: 
  e589ca50443ae36b
  a  b  c  d  e  f  g  h  i  j  k  
 1\b  B  b  .  .  .  .  .  .  .  .\1
  2\w  .  .  *  .  .  *  *  *  *  *\2
   3\w  B  *  *  *  *  *  *  *  *  *\3
    4\.  *  *  *  *  *  *  *  W  *  *\4
     5\*  *  *  *  *  *  *  *  *  *  *\5
      6\.  *  *  *  *  *  *  *  *  *  *\6
       7\W  *  *  *  *  *  *  *  *  *  .\7
        8\.  *  *  *  *  *  *  *  *  *  W\8
         9\*  *  *  *  *  *  *  *  *  *  .\9
         10\*  .  B  .  *  *  *  *  *  .  .\10
          11\.  b  b  b  .  .  .  .  .  .  .\11
              a  b  c  d  e  f  g  h  i  j  k  
16be6 info: Old: [black, b3] [white, swap-pieces] [white, a7] [black, b1] [white, i4] 
16be6 info: New: [black, b3] [white, swap-pieces] [white, a7] [black, b1] [white, i4] [black, c10] [white, k8] 
16be6 info: MovesPlayed: [black, c10] [white, k8] 
16be6 info: No subtree to reuse.
16be6 info: StartSearch()[0]
16be6 info: 
Elapsed Time   0.361s
Count          1
GamesPlayed    1
Nodes          1
Knowledge      0 (0.0%)
Expansions     0.0
Time           0.00
GameLen        108.0 dev=0.0 min=108.0 max=108.0
InTree         0.0 dev=0.0 min=0.0 max=0.0
KnowDepth      -
Aborted        0%
Games/s        3246.8
Score          0.00
Sequence      
16be6 info: 
16be6 warning: **** MoHexSearch returned empty sequence!
16be6 warning: **** Returning random move!
16be6 info: *** Player move: e3
3fff6 info: DfpnSolver::CheckAbort(): Abort flag!
0ebd6 info: 
MID calls      49
VC builds      47
Terminal       0
Work           49
Wasted Work    0 (0%)
Elapsed Time   0.374575
MIDs/sec       130.815
VCs/sec        125.476
Cnt prune sib  0
Avg prune sib  -
Consider Size  74.2766 dev=14.8133 min=24 max=82
Move Index     -
Move Percent   -
Delta Increase 3.375 dev=11.9017 min=1 max=76
Winner         empty
PV             g5 h3 d4 f4

HashTableStatistics:
Stores         318
LookupAttempt  32754
LookupSuccess  1910
Collisions     0

0ebd6 info: Search aborted.
89947 info: PlayAndSolve: Building VCs to avoid race condition.
89947 info: PlayAndSolve: Continuing on as usual.
0ebd6 info: *** PlayerThread ***
16be6 info: *** SolverThread ***
3fff6 config: VCS: reading captured set patterns from '/home/linus/MoHex2.0/nfbranchfix/benzene-vanilla-cmake/share/vc-captured-set.txt'.
3fff6 config: VCS:: parsed 2 patterns.
3fff6 config: VCS: reading captured set patterns from '/home/linus/MoHex2.0/nfbranchfix/benzene-vanilla-cmake/share/vc-captured-set.txt'.
3fff6 config: VCS:: parsed 2 patterns.
3fff6 dfpn: 
0ebd6 info: Best move cannot be determined, must search state.
0ebd6 info: --- MoHexPlayer::Search() ---
0ebd6 info: Color: black
0ebd6 info: MaxGames: 1
0ebd6 info: NumberThreads: 1
0ebd6 info: MaxNodes: 181818181 (15999999928 bytes)
0ebd6 info: TimeForMove: 1
3fff6 dfpn: d8
3fff6 dfpn: f4
3fff6 dfpn: d6
3fff6 dfpn: d7
3fff6 dfpn: g5
3fff6 dfpn: e6
3fff6 dfpn: d5
3fff6 dfpn: e7
3fff6 dfpn: e5
3fff6 dfpn: c9
3fff6 dfpn: c8
3fff6 dfpn: f6
3fff6 dfpn: f5
3fff6 dfpn: e4
3fff6 dfpn: e8
3fff6 dfpn: h3
3fff6 dfpn: f7
3fff6 dfpn: c7
3fff6 dfpn: c6
3fff6 dfpn: h4
3fff6 dfpn: b9
3fff6 dfpn: d6
0ebd6 info: PreSearch: max time reached (52/78).
0ebd6 info: Time for PreSearch: 0.201711s
0ebd6 info: 
  c39fbd3eed18ca26
  a  b  c  d  e  f  g  h  i  j  k  
 1\b  B  b  .  .  .  .  .  .  .  .\1
  2\w  .  .  .  *  .  W  *  *  *  *\2
   3\w  B  .  .  B  *  *  *  *  *  *\3
    4\.  *  *  *  *  *  *  *  W  *  *\4
     5\*  *  *  *  *  *  *  *  *  *  *\5
      6\.  *  *  *  *  *  *  *  *  *  *\6
       7\W  *  *  *  *  *  *  *  *  *  .\7
        8\.  *  *  *  *  *  *  *  *  *  W\8
         9\*  *  *  *  *  *  *  *  *  *  .\9
         10\*  .  B  .  *  *  *  *  *  .  .\10
          11\.  b  b  b  .  .  .  .  .  .  .\11
              a  b  c  d  e  f  g  h  i  j  k  
0ebd6 info: Old: [black, b3] [white, swap-pieces] [white, a7] [black, b1] [white, i4] [black, c10] [white, k8] 
0ebd6 info: New: [black, b3] [white, swap-pieces] [white, a7] [black, b1] [white, i4] [black, c10] [white, k8] [black, e3] [white, g2] 
0ebd6 info: MovesPlayed: [black, e3] [white, g2] 
0ebd6 info: No subtree to reuse.
3fff6 dfpn: e7
0ebd6 info: StartSearch()[0]
0ebd6 info: 
Elapsed Time   0.348055s
Count          1
GamesPlayed    1
Nodes          1
Knowledge      0 (0.0%)
Expansions     0.0
Time           0.00
GameLen        106.0 dev=0.0 min=106.0 max=106.0
InTree         0.0 dev=0.0 min=0.0 max=0.0
KnowDepth      -
Aborted        0%
Games/s        3344.5
Score          0.00
Sequence      
0ebd6 info: 
0ebd6 warning: **** MoHexSearch returned empty sequence!
0ebd6 warning: **** Returning random move!
0ebd6 info: *** Player move: k3
3fff6 info: DfpnSolver::CheckAbort(): Abort flag!
16be6 info: 
MID calls      50
VC builds      47
Terminal       0
Work           50
Wasted Work    0 (0%)
Elapsed Time   0.357356
MIDs/sec       139.916
VCs/sec        131.522
Cnt prune sib  1
Avg prune sib  1 dev=0 min=1 max=1
Consider Size  62.6596 dev=20.9165 min=13 max=78
Move Index     -
Move Percent   -
Delta Increase 2.83674 dev=7.83073 min=1 max=45
Winner         empty
PV             e7 d6 f5

HashTableStatistics:
Stores         440
LookupAttempt  42626
LookupSuccess  2537
Collisions     0

16be6 info: Search aborted.
89947 info: PlayAndSolve: Building VCs to avoid race condition.
89947 info: PlayAndSolve: Continuing on as usual.
16be6 info: *** PlayerThread ***
0ebd6 info: *** SolverThread ***
3fff6 config: VCS: reading captured set patterns from '/home/linus/MoHex2.0/nfbranchfix/benzene-vanilla-cmake/share/vc-captured-set.txt'.
3fff6 config: VCS:: parsed 2 patterns.
3fff6 config: VCS: reading captured set patterns from '/home/linus/MoHex2.0/nfbranchfix/benzene-vanilla-cmake/share/vc-captured-set.txt'.
3fff6 config: VCS:: parsed 2 patterns.
3fff6 dfpn: 
16be6 info: Best move cannot be determined, must search state.
16be6 info: --- MoHexPlayer::Search() ---
16be6 info: Color: black
16be6 info: MaxGames: 1
16be6 info: NumberThreads: 1
16be6 info: MaxNodes: 181818181 (15999999928 bytes)
16be6 info: TimeForMove: 1
3fff6 dfpn: d8
3fff6 dfpn: e7
3fff6 dfpn: d7
3fff6 dfpn: g5
3fff6 dfpn: e6
3fff6 dfpn: e8
3fff6 dfpn: j2
3fff6 dfpn: f4
3fff6 dfpn: j5
3fff6 dfpn: f7
3fff6 dfpn: e5
3fff6 dfpn: f6
3fff6 dfpn: d6
3fff6 dfpn: d9
3fff6 dfpn: f5
3fff6 dfpn: c9
3fff6 dfpn: h3
3fff6 dfpn: d5
3fff6 dfpn: e7
16be6 info: PreSearch: max time reached (61/68).
16be6 info: Time for PreSearch: 0.202672s
16be6 info: 
  043206cb0e91a083
  a  b  c  d  e  f  g  h  i  j  k  
 1\b  B  b  .  .  .  .  .  .  .  .\1
  2\w  .  .  .  *  .  W  *  *  *  .\2
   3\w  B  .  .  B  *  *  *  *  .  B\3
    4\.  *  *  *  *  *  *  *  W  .  .\4
     5\*  *  *  *  *  *  *  *  *  *  *\5
      6\.  *  *  *  *  *  *  *  *  *  *\6
       7\W  .  *  *  *  *  *  *  *  *  .\7
        8\w  W  *  *  *  *  *  *  *  *  W\8
         9\w  w  *  *  *  *  *  *  *  *  .\9
         10\w  w  B  .  .  *  *  *  *  .  .\10
          11\w  b  b  b  .  .  .  .  .  .  .\11
              a  b  c  d  e  f  g  h  i  j  k  
3fff6 dfpn: d6
16be6 info: Old: [black, b3] [white, swap-pieces] [white, a7] [black, b1] [white, i4] [black, c10] [white, k8] [black, e3] [white, g2] 
16be6 info: New: [black, b3] [white, swap-pieces] [white, a7] [black, b1] [white, i4] [black, c10] [white, k8] [black, e3] [white, g2] [black, k3] [white, b8] 
16be6 info: MovesPlayed: [black, k3] [white, b8] 
16be6 info: No subtree to reuse.
16be6 info: StartSearch()[0]
16be6 info: 
Elapsed Time   0.351913s
Count          1
GamesPlayed    1
Nodes          1
Knowledge      0 (0.0%)
Expansions     0.0
Time           0.00
GameLen        98.0 dev=0.0 min=98.0 max=98.0
InTree         0.0 dev=0.0 min=0.0 max=0.0
KnowDepth      -
Aborted        0%
Games/s        3246.8
Score          1.00
Sequence      
16be6 info: 
16be6 warning: **** MoHexSearch returned empty sequence!
16be6 warning: **** Returning random move!
16be6 info: *** Player move: g11
3fff6 info: DfpnSolver::CheckAbort(): Abort flag!
0ebd6 info: 
MID calls      69
VC builds      65
Terminal       0
Work           69
Wasted Work    0 (0%)
Elapsed Time   0.36303
MIDs/sec       190.067
VCs/sec        179.049
Cnt prune sib  3
Avg prune sib  1 dev=0 min=1 max=1
Consider Size  60 dev=13.8119 min=26 max=74
Move Index     -
Move Percent   -
Delta Increase 3.29412 dev=9.78453 min=1 max=63
Winner         empty
PV             d6 d8 g5 f7

HashTableStatistics:
Stores         596
LookupAttempt  51879
LookupSuccess  3051
Collisions     0

0ebd6 info: Search aborted.
89947 info: PlayAndSolve: Building VCs to avoid race condition.
89947 info: PlayAndSolve: Continuing on as usual.
0ebd6 info: *** PlayerThread ***
16be6 info: *** SolverThread ***
3fff6 config: VCS: reading captured set patterns from '/home/linus/MoHex2.0/nfbranchfix/benzene-vanilla-cmake/share/vc-captured-set.txt'.
3fff6 config: VCS:: parsed 2 patterns.
3fff6 config: VCS: reading captured set patterns from '/home/linus/MoHex2.0/nfbranchfix/benzene-vanilla-cmake/share/vc-captured-set.txt'.
3fff6 config: VCS:: parsed 2 patterns.
3fff6 dfpn: 
0ebd6 info: Best move cannot be determined, must search state.
0ebd6 info: --- MoHexPlayer::Search() ---
0ebd6 info: Color: black
0ebd6 info: MaxGames: 1
0ebd6 info: NumberThreads: 1
0ebd6 info: MaxNodes: 181818181 (15999999928 bytes)
0ebd6 info: TimeForMove: 1
3fff6 dfpn: d5
3fff6 dfpn: j2
3fff6 dfpn: d8
3fff6 dfpn: e5
3fff6 dfpn: d7
3fff6 dfpn: d6
3fff6 dfpn: j5
3fff6 dfpn: e6
3fff6 dfpn: g5
3fff6 dfpn: e4
3fff6 dfpn: e7
3fff6 dfpn: e8
3fff6 dfpn: c7
3fff6 dfpn: c6
3fff6 dfpn: c9
3fff6 dfpn: d9
3fff6 dfpn: h3
3fff6 dfpn: j2
0ebd6 info: Time for PreSearch: 0.19553s
0ebd6 info: 
  5322faf2d6eb62a1
  a  b  c  d  e  f  g  h  i  j  k  
 1\b  B  b  .  .  .  .  .  .  .  .\1
  2\w  .  .  *  .  .  W  *  *  *  .\2
   3\w  B  .  .  B  .  *  *  *  .  B\3
    4\.  *  *  *  *  W  *  *  W  .  .\4
     5\*  *  *  *  *  *  *  *  *  *  *\5
      6\.  *  *  *  *  *  *  *  *  *  *\6
       7\W  .  *  *  *  *  *  *  *  *  .\7
        8\w  W  *  *  *  *  *  *  *  *  W\8
         9\w  w  *  *  *  *  *  *  *  *  .\9
         10\w  w  B  .  .  .  .  *  .  .  .\10
          11\w  b  b  b  b  b  B  .  .  .  .\11
              a  b  c  d  e  f  g  h  i  j  k  
3fff6 dfpn: h3
0ebd6 info: Old: [black, b3] [white, swap-pieces] [white, a7] [black, b1] [white, i4] [black, c10] [white, k8] [black, e3] [white, g2] [black, k3] [white, b8] 
0ebd6 info: New: [black, b3] [white, swap-pieces] [white, a7] [black, b1] [white, i4] [black, c10] [white, k8] [black, e3] [white, g2] [black, k3] [white, b8] [black, g11] [white, f4] 
0ebd6 info: MovesPlayed: [black, g11] [white, f4] 
0ebd6 info: No subtree to reuse.
0ebd6 info: StartSearch()[0]
0ebd6 info: 
Elapsed Time   0.362931s
Count          1
GamesPlayed    1
Nodes          1
Knowledge      0 (0.0%)
Expansions     0.0
Time           0.00
GameLen        94.0 dev=0.0 min=94.0 max=94.0
InTree         0.0 dev=0.0 min=0.0 max=0.0
KnowDepth      -
Aborted        0%
Games/s        3125.0
Score          0.00
Sequence      
0ebd6 info: 
0ebd6 warning: **** MoHexSearch returned empty sequence!
0ebd6 warning: **** Returning random move!
0ebd6 info: *** Player move: k4
3fff6 info: DfpnSolver::CheckAbort(): Abort flag!
16be6 info: 
MID calls      67
VC builds      64
Terminal       0
Work           67
Wasted Work    0 (0%)
Elapsed Time   0.372272
MIDs/sec       179.976
VCs/sec        171.917
Cnt prune sib  2
Avg prune sib  1.5 dev=0.5 min=1 max=2
Consider Size  50.5781 dev=17.7172 min=7 max=66
Move Index     -
Move Percent   -
Delta Increase 2.75758 dev=9.6892 min=1 max=60
Winner         empty
PV             h3 h4 d5

HashTableStatistics:
Stores         748
LookupAttempt  59831
LookupSuccess  3519
Collisions     0

16be6 info: Search aborted.
89947 info: PlayAndSolve: Building VCs to avoid race condition.
89947 info: PlayAndSolve: Continuing on as usual.
16be6 info: *** PlayerThread ***
0ebd6 info: *** SolverThread ***
3fff6 config: VCS: reading captured set patterns from '/home/linus/MoHex2.0/nfbranchfix/benzene-vanilla-cmake/share/vc-captured-set.txt'.
3fff6 config: VCS:: parsed 2 patterns.
3fff6 config: VCS: reading captured set patterns from '/home/linus/MoHex2.0/nfbranchfix/benzene-vanilla-cmake/share/vc-captured-set.txt'.
3fff6 config: VCS:: parsed 2 patterns.
3fff6 dfpn: 
3fff6 dfpn: e5
16be6 info: Best move cannot be determined, must search state.
16be6 info: --- MoHexPlayer::Search() ---
16be6 info: Color: black
16be6 info: MaxGames: 1
16be6 info: NumberThreads: 1
16be6 info: MaxNodes: 181818181 (15999999928 bytes)
16be6 info: TimeForMove: 1
3fff6 dfpn: c7
3fff6 dfpn: c6
3fff6 dfpn: g4
3fff6 dfpn: c6
3fff6 dfpn: e5
16be6 info: Time for PreSearch: 0.023836s
3fff6 dfpn: c7
3fff6 dfpn: g4
16be6 info: 
  682dc2c8de75c02d
  a  b  c  d  e  f  g  h  i  j  k  
 1\b  B  b  .  .  .  .  .  .  .  w\1
  2\w  .  .  .  .  .  W  *  *  W  w\2
   3\w  B  .  .  B  .  *  .  .  .  B\3
    4\.  .  .  .  .  W  *  *  W  .  B\4
     5\.  .  .  .  *  .  .  .  .  .  .\5
      6\.  *  *  .  .  .  .  .  .  .  .\6
       7\W  .  *  .  .  .  .  .  .  .  .\7
        8\w  W  .  .  .  .  .  .  .  .  W\8
         9\w  w  .  .  .  .  .  .  .  .  .\9
         10\w  w  B  .  .  .  .  .  .  .  .\10
          11\w  b  b  b  b  b  B  .  .  .  .\11
              a  b  c  d  e  f  g  h  i  j  k  
3fff6 dfpn: h2
16be6 info: Old: [black, b3] [white, swap-pieces] [white, a7] [black, b1] [white, i4] [black, c10] [white, k8] [black, e3] [white, g2] [black, k3] [white, b8] [black, g11] [white, f4] 
16be6 info: New: [black, b3] [white, swap-pieces] [white, a7] [black, b1] [white, i4] [black, c10] [white, k8] [black, e3] [white, g2] [black, k3] [white, b8] [black, g11] [white, f4] [black, k4] [white, j2] 
16be6 info: MovesPlayed: [black, k4] [white, j2] 
16be6 info: No subtree to reuse.
3fff6 dfpn: e5
3fff6 dfpn: h4
16be6 info: StartSearch()[0]
16be6 info: 
Elapsed Time   0.176294s
Count          1
GamesPlayed    1
Nodes          1
Knowledge      0 (0.0%)
Expansions     0.0
Time           0.00
GameLen        90.0 dev=0.0 min=90.0 max=90.0
InTree         0.0 dev=0.0 min=0.0 max=0.0
KnowDepth      -
Aborted        0%
Games/s        2915.5
Score          0.00
Sequence      
16be6 info: 
16be6 warning: **** MoHexSearch returned empty sequence!
16be6 warning: **** Returning random move!
16be6 info: *** Player move: i3
3fff6 info: DfpnSolver::CheckAbort(): Abort flag!
0ebd6 info: 
MID calls      39
VC builds      35
Terminal       3
Work           42
Wasted Work    14 (33.3333%)
Elapsed Time   0.189712
MIDs/sec       205.575
VCs/sec        184.49
Cnt prune sib  0
Avg prune sib  -
Consider Size  28.1562 dev=26.4092 min=1 max=61
Move Index     0.75 dev=1.29904 min=0 max=3
Move Percent   0.0122951 dev=0.0212957 min=0 max=0.0491803
Delta Increase 11.2353 dev=29.5247 min=1 max=117
Winner         empty
PV             h4 d8 f5 i2 f7

HashTableStatistics:
Stores         836
LookupAttempt  61520
LookupSuccess  3672
Collisions     0

0ebd6 info: Search aborted.
89947 info: PlayAndSolve: Building VCs to avoid race condition.
89947 info: PlayAndSolve: Continuing on as usual.
0ebd6 info: *** PlayerThread ***
16be6 info: *** SolverThread ***
3fff6 config: VCS: reading captured set patterns from '/home/linus/MoHex2.0/nfbranchfix/benzene-vanilla-cmake/share/vc-captured-set.txt'.
3fff6 config: VCS:: parsed 2 patterns.
3fff6 config: VCS: reading captured set patterns from '/home/linus/MoHex2.0/nfbranchfix/benzene-vanilla-cmake/share/vc-captured-set.txt'.
3fff6 config: VCS:: parsed 2 patterns.
3fff6 dfpn: 
0ebd6 info: Opponent has won; playing most blocking move.
0ebd6 info: *** Player move: b6
16be6 info: 
MID calls      0
VC builds      1
Terminal       1
Work           1
Wasted Work    0 (0%)
Elapsed Time   0.008902
MIDs/sec       0
VCs/sec        112.334
Cnt prune sib  0
Avg prune sib  -
Consider Size  -
Move Index     -
Move Percent   -
Delta Increase -
Winner         white
PV             

HashTableStatistics:
Stores         837
LookupAttempt  61526
LookupSuccess  3675
Collisions     0

89947 info: PlayAndSolve: Building VCs to avoid race condition.
89947 info: PlayAndSolve: Continuing on as usual.
0ebd6 info: *** SolverThread ***
16be6 info: *** PlayerThread ***
3fff6 config: VCS: reading captured set patterns from '/home/linus/MoHex2.0/nfbranchfix/benzene-vanilla-cmake/share/vc-captured-set.txt'.
3fff6 config: VCS:: parsed 2 patterns.
3fff6 config: VCS: reading captured set patterns from '/home/linus/MoHex2.0/nfbranchfix/benzene-vanilla-cmake/share/vc-captured-set.txt'.
3fff6 config: VCS:: parsed 2 patterns.
3fff6 dfpn: 
16be6 info: Opponent has won; playing most blocking move.
16be6 info: *** Player move: b7
0ebd6 info: 
MID calls      0
VC builds      1
Terminal       1
Work           1
Wasted Work    0 (0%)
Elapsed Time   0.005642
MIDs/sec       0
VCs/sec        177.242
Cnt prune sib  0
Avg prune sib  -
Consider Size  -
Move Index     -
Move Percent   -
Delta Increase -
Winner         white
PV             

HashTableStatistics:
Stores         838
LookupAttempt  61532
LookupSuccess  3678
Collisions     0

89947 info: PlayAndSolve: Building VCs to avoid race condition.
89947 info: PlayAndSolve: Continuing on as usual.
0ebd6 info: *** PlayerThread ***
16be6 info: *** SolverThread ***
3fff6 config: VCS: reading captured set patterns from '/home/linus/MoHex2.0/nfbranchfix/benzene-vanilla-cmake/share/vc-captured-set.txt'.
3fff6 config: VCS:: parsed 2 patterns.
3fff6 config: VCS: reading captured set patterns from '/home/linus/MoHex2.0/nfbranchfix/benzene-vanilla-cmake/share/vc-captured-set.txt'.
3fff6 config: VCS:: parsed 2 patterns.
3fff6 dfpn: 
0ebd6 info: Opponent has won; playing most blocking move.
0ebd6 info: *** Player move: e5
16be6 info: 
MID calls      0
VC builds      1
Terminal       1
Work           1
Wasted Work    0 (0%)
Elapsed Time   0.006181
MIDs/sec       0
VCs/sec        161.786
Cnt prune sib  0
Avg prune sib  -
Consider Size  -
Move Index     -
Move Percent   -
Delta Increase -
Winner         white
PV             

HashTableStatistics:
Stores         839
LookupAttempt  61538
LookupSuccess  3681
Collisions     0

89947 info: PlayAndSolve: Building VCs to avoid race condition.
89947 info: PlayAndSolve: Continuing on as usual.
16be6 info: *** PlayerThread ***
0ebd6 info: *** SolverThread ***
3fff6 config: VCS: reading captured set patterns from '/home/linus/MoHex2.0/nfbranchfix/benzene-vanilla-cmake/share/vc-captured-set.txt'.
3fff6 config: VCS:: parsed 2 patterns.
3fff6 config: VCS: reading captured set patterns from '/home/linus/MoHex2.0/nfbranchfix/benzene-vanilla-cmake/share/vc-captured-set.txt'.
3fff6 config: VCS:: parsed 2 patterns.
3fff6 dfpn: 
16be6 info: Opponent has won; playing most blocking move.
16be6 info: *** Player move: i2
0ebd6 info: 
MID calls      0
VC builds      1
Terminal       1
Work           1
Wasted Work    0 (0%)
Elapsed Time   0.005433
MIDs/sec       0
VCs/sec        184.06
Cnt prune sib  0
Avg prune sib  -
Consider Size  -
Move Index     -
Move Percent   -
Delta Increase -
Winner         white
PV             

HashTableStatistics:
Stores         840
LookupAttempt  61544
LookupSuccess  3684
Collisions     0

89947 info: PlayAndSolve: Building VCs to avoid race condition.
89947 info: PlayAndSolve: Continuing on as usual.
0ebd6 info: *** PlayerThread ***
16be6 info: *** SolverThread ***
3fff6 config: VCS: reading captured set patterns from '/home/linus/MoHex2.0/nfbranchfix/benzene-vanilla-cmake/share/vc-captured-set.txt'.
3fff6 config: VCS:: parsed 2 patterns.
3fff6 config: VCS: reading captured set patterns from '/home/linus/MoHex2.0/nfbranchfix/benzene-vanilla-cmake/share/vc-captured-set.txt'.
3fff6 config: VCS:: parsed 2 patterns.
3fff6 dfpn: 
0ebd6 info: Opponent has won; playing most blocking move.
0ebd6 info: *** Player move: h4
16be6 info: 
MID calls      0
VC builds      1
Terminal       1
Work           1
Wasted Work    0 (0%)
Elapsed Time   0.005345
MIDs/sec       0
VCs/sec        187.091
Cnt prune sib  0
Avg prune sib  -
Consider Size  -
Move Index     -
Move Percent   -
Delta Increase -
Winner         white
PV             

HashTableStatistics:
Stores         841
LookupAttempt  61550
LookupSuccess  3687
Collisions     0

89947 info: PlayAndSolve: Building VCs to avoid race condition.
89947 info: PlayAndSolve: Continuing on as usual.
16be6 info: *** PlayerThread ***
0ebd6 info: *** SolverThread ***
3fff6 config: VCS: reading captured set patterns from '/home/linus/MoHex2.0/nfbranchfix/benzene-vanilla-cmake/share/vc-captured-set.txt'.
3fff6 config: VCS:: parsed 2 patterns.
3fff6 config: VCS: reading captured set patterns from '/home/linus/MoHex2.0/nfbranchfix/benzene-vanilla-cmake/share/vc-captured-set.txt'.
3fff6 config: VCS:: parsed 2 patterns.
3fff6 dfpn: 
16be6 info: Opponent has won; playing most blocking move.
16be6 info: *** Player move: j3
0ebd6 info: 
MID calls      0
VC builds      1
Terminal       1
Work           1
Wasted Work    0 (0%)
Elapsed Time   0.003824
MIDs/sec       0
VCs/sec        261.506
Cnt prune sib  0
Avg prune sib  -
Consider Size  -
Move Index     -
Move Percent   -
Delta Increase -
Winner         white
PV             

HashTableStatistics:
Stores         842
LookupAttempt  61556
LookupSuccess  3690
Collisions     0

89947 info: PlayAndSolve: Building VCs to avoid race condition.
89947 info: PlayAndSolve: Continuing on as usual.
0ebd6 info: *** PlayerThread ***
16be6 info: *** SolverThread ***
3fff6 config: VCS: reading captured set patterns from '/home/linus/MoHex2.0/nfbranchfix/benzene-vanilla-cmake/share/vc-captured-set.txt'.
3fff6 config: VCS:: parsed 2 patterns.
3fff6 config: VCS: reading captured set patterns from '/home/linus/MoHex2.0/nfbranchfix/benzene-vanilla-cmake/share/vc-captured-set.txt'.
3fff6 config: VCS:: parsed 2 patterns.
3fff6 dfpn: 
0ebd6 info: Opponent has won; playing most blocking move.
0ebd6 info: *** Player move: j6
16be6 info: 
MID calls      0
VC builds      1
Terminal       1
Work           1
Wasted Work    0 (0%)
Elapsed Time   0.006198
MIDs/sec       0
VCs/sec        161.342
Cnt prune sib  0
Avg prune sib  -
Consider Size  -
Move Index     -
Move Percent   -
Delta Increase -
Winner         white
PV             

HashTableStatistics:
Stores         843
LookupAttempt  61562
LookupSuccess  3693
Collisions     0

89947 info: PlayAndSolve: Building VCs to avoid race condition.
89947 info: PlayAndSolve: Continuing on as usual.
16be6 info: *** PlayerThread ***
0ebd6 info: *** SolverThread ***
3fff6 config: VCS: reading captured set patterns from '/home/linus/MoHex2.0/nfbranchfix/benzene-vanilla-cmake/share/vc-captured-set.txt'.
3fff6 config: VCS:: parsed 2 patterns.
3fff6 config: VCS: reading captured set patterns from '/home/linus/MoHex2.0/nfbranchfix/benzene-vanilla-cmake/share/vc-captured-set.txt'.
3fff6 config: VCS:: parsed 2 patterns.
3fff6 dfpn: 
16be6 info: Opponent has won; playing most blocking move.
16be6 info: *** Player move: f5
0ebd6 info: 
MID calls      0
VC builds      1
Terminal       1
Work           1
Wasted Work    0 (0%)
Elapsed Time   0.003698
MIDs/sec       0
VCs/sec        270.416
Cnt prune sib  0
Avg prune sib  -
Consider Size  -
Move Index     -
Move Percent   -
Delta Increase -
Winner         white
PV             

HashTableStatistics:
Stores         844
LookupAttempt  61568
LookupSuccess  3696
Collisions     0

89947 info: PlayAndSolve: Building VCs to avoid race condition.
89947 info: PlayAndSolve: Continuing on as usual.
0ebd6 info: *** PlayerThread ***
16be6 info: *** SolverThread ***
3fff6 config: VCS: reading captured set patterns from '/home/linus/MoHex2.0/nfbranchfix/benzene-vanilla-cmake/share/vc-captured-set.txt'.
3fff6 config: VCS:: parsed 2 patterns.
3fff6 config: VCS: reading captured set patterns from '/home/linus/MoHex2.0/nfbranchfix/benzene-vanilla-cmake/share/vc-captured-set.txt'.
3fff6 config: VCS:: parsed 2 patterns.
0ebd6 info: Captured cells caused win! Removing...
3fff6 dfpn: 
16be6 info: 
MID calls      0
VC builds      1
Terminal       1
Work           1
Wasted Work    0 (0%)
Elapsed Time   0.002417
MIDs/sec       0
VCs/sec        413.736
Cnt prune sib  0
Avg prune sib  -
Consider Size  -
Move Index     -
Move Percent   -
Delta Increase -
Winner         white
PV             

HashTableStatistics:
Stores         845
LookupAttempt  61574
LookupSuccess  3699
Collisions     0

0ebd6 info: Opponent has won; playing most blocking move.
0ebd6 info: *** Player move: a8
89947 info: PlayAndSolve: Building VCs to avoid race condition.
89947 info: PlayAndSolve: Continuing on as usual.
16be6 info: *** PlayerThread ***
0ebd6 info: *** SolverThread ***
3fff6 config: VCS: reading captured set patterns from '/home/linus/MoHex2.0/nfbranchfix/benzene-vanilla-cmake/share/vc-captured-set.txt'.
3fff6 config: VCS:: parsed 2 patterns.
3fff6 config: VCS: reading captured set patterns from '/home/linus/MoHex2.0/nfbranchfix/benzene-vanilla-cmake/share/vc-captured-set.txt'.
3fff6 config: VCS:: parsed 2 patterns.
16be6 info: Captured cells caused win! Removing...
3fff6 dfpn: 
0ebd6 info: 
MID calls      0
VC builds      1
Terminal       1
Work           1
Wasted Work    0 (0%)
Elapsed Time   0.002513
MIDs/sec       0
VCs/sec        397.931
Cnt prune sib  0
Avg prune sib  -
Consider Size  -
Move Index     -
Move Percent   -
Delta Increase -
Winner         white
PV             

HashTableStatistics:
Stores         846
LookupAttempt  61580
LookupSuccess  3702
Collisions     0

16be6 info: Opponent has won; playing most blocking move.
16be6 info: *** Player move: i5
89947 config: ============ BenzeneShutdown =============
89947 config: MoHexProgram:: ShutdownSystem()
89947 config: CommonProgram:: ShutdownSystem()
89947 config: BenzeneProgram:: ShutdownSystem()
Flushing and closing this stream...
