# nice ../build/src/mohex/mohex --config mohex-weak.htp --seed 466172 --logfile-name jobs/11x11-mohex-mohex-weak-vs-mohex-mohex-cg2010/mohex-mohex-weak-21.log
>boardsize 11 11
MoHex 2.0.CMake Mar 21 2025
Copyright (C) 2007-2012 by the authors of the Benzene project.
This program comes with ABSOLUTELY NO WARRANTY. This is
free software and you are welcome to redistribute it under
certain conditions. Type `benzene-license' for details.

SgRandom::SetSeed: 466172
SgUctSearch: system memory 33632358400, using 1000000000 (5681818 nodes)
SgRandom::SetSeed: 1
SgRandom::SetSeed: 466172
114c7 info: Prior Patterns:
114c7 info: Global:
114c7 info: Size            = 565 32648 
114c7 info: TableEntries    = 65932 65910
114c7 info: MirrorsAdded    = 0 0
114c7 info: PrunableCount   = 30593 30629
114c7 info: LargestGamma    = 5820.77
114c7 info: SmallestGamma   = 6.6e-05
114c7 info: Local:
114c7 info: Size            = 550 5318 
114c7 info: TableEntries    = 11602 11588
114c7 info: MirrorsAdded    = 0 0
114c7 info: PrunableCount   = 3659 3667
114c7 info: LargestGamma    = 11281.8
114c7 info: SmallestGamma   = 0.026235
114c7 info: Playout Patterns:
114c7 info: Global:
114c7 info: Size            = 565 32648 
114c7 info: TableEntries    = 70329 70329
114c7 info: MirrorsAdded    = 4397 4419
114c7 info: PrunableCount   = 30593 30629
114c7 info: LargestGamma    = 5820.77
114c7 info: SmallestGamma   = 6.6e-05
114c7 info: Local:
114c7 info: Size            = 550 5318 
114c7 info: TableEntries    = 11602 11588
114c7 info: MirrorsAdded    = 0 0
114c7 info: PrunableCount   = 3659 3667
114c7 info: LargestGamma    = 11281.8
114c7 info: SmallestGamma   = 0.026235
param_game allow_swap 1
= 

param_mohex max_memory 1600000
= 

param_mohex num_threads 1
= 

param_mohex max_time 1
= 

param_mohex max_games 1
= 

param_mohex knowledge_threshold 400
= 

param_mohex reuse_subtree 1
= 

param_mohex use_parallel_solver 1
= 

<= 
<
>name
<= MoHex
<
>version
<= 2.0.CMake
<
>play b a11
<= 
<
>genmove w
<= swap-pieces
<
>showboard
114c7 info: SwapCheck: reading from '/home/linus/MoHex2.0/nfbranchfix/benzene-vanilla-cmake/share/swap-moves.txt'.
114c7 info: SwapCheck: playing swap.
<= 
< 
<  23c9e855e4b556f6
<  a  b  c  d  e  f  g  h  i  j  k  
< 1\.  .  .  .  .  .  .  .  .  .  .\1
<  2\.  .  .  .  .  .  .  .  .  .  .\2
<   3\.  .  .  .  .  .  .  .  .  .  .\3
<    4\.  .  .  .  .  .  .  .  .  .  .\4
<     5\.  .  .  .  .  .  .  .  .  .  .\5
<      6\.  .  .  .  .  .  .  .  .  .  .\6
<       7\.  .  .  .  .  .  .  .  .  .  .\7
<        8\.  .  .  .  .  .  .  .  .  .  .\8
<         9\.  .  .  .  .  .  .  .  .  .  .\9
<         10\.  .  .  .  .  .  .  .  .  .  .\10
<          11\B  .  .  .  .  .  .  .  .  .  .\11
<              a  b  c  d  e  f  g  h  i  j  k  
<
>play w f6
<= 
<
>showboard
<= 
< 
<  bf59fecfcb661999
<  a  b  c  d  e  f  g  h  i  j  k  
< 1\.  .  .  .  .  .  .  .  .  .  .\1
<  2\.  .  .  .  .  .  .  .  .  .  .\2
<   3\.  .  .  .  .  .  .  .  .  .  .\3
<    4\.  .  .  .  .  .  .  .  .  .  .\4
<     5\.  .  .  .  .  .  .  .  .  .  .\5
<      6\.  .  .  .  .  W  .  .  .  .  .\6
<       7\.  .  .  .  .  .  .  .  .  .  .\7
<        8\.  .  .  .  .  .  .  .  .  .  .\8
<         9\.  .  .  .  .  .  .  .  .  .  .\9
<         10\.  .  .  .  .  .  .  .  .  .  .\10
<          11\B  .  .  .  .  .  .  .  .  .  .\11
<              a  b  c  d  e  f  g  h  i  j  k  
<
>genmove b
<= h2
<
>showboard
114c7 info: PlayAndSolve: Building VCs to avoid race condition.
114c7 info: PlayAndSolve: Continuing on as usual.
9e766 info: *** PlayerThread ***
96756 info: *** SolverThread ***
9e766 info: Best move cannot be determined, must search state.
9e766 info: --- MoHexPlayer::Search() ---
9e766 info: Color: black
9e766 info: MaxGames: 1
9e766 info: NumberThreads: 1
9e766 info: MaxNodes: 9090 (799920 bytes)
9e766 info: TimeForMove: 1
9e766 info: PreSearch: max time reached (53/92).
9e766 info: Time for PreSearch: 0.202491s
9e766 info: 
  bf59fecfcb661999
  a  b  c  d  e  f  g  h  i  j  k  
 1\.  .  .  .  .  .  .  .  .  .  .\1
  2\.  .  *  *  *  *  *  *  *  *  *\2
   3\.  *  *  *  *  *  *  *  *  *  *\3
    4\*  *  *  *  *  *  *  *  *  *  *\4
     5\*  *  *  *  *  *  *  *  *  *  *\5
      6\*  *  *  *  *  W  *  *  *  *  *\6
       7\*  *  *  *  *  *  *  *  *  *  *\7
        8\*  *  *  *  *  *  *  *  *  *  *\8
         9\*  *  *  *  *  *  *  *  *  *  .\9
         10\*  *  *  *  *  *  *  *  *  .  .\10
          11\B  .  .  .  .  .  .  .  .  .  .\11
              a  b  c  d  e  f  g  h  i  j  k  
9e766 info: No subtree to reuse.
9e766 info: Creating thread 0
9e766 info: StartSearch()[0]
SgUctSearch: max games reached
9e766 info: 
Elapsed Time   0.346947s
Count          1
GamesPlayed    1
Nodes          1
Knowledge      0 (0.0%)
Expansions     0.0
Time           0.00
GameLen        119.0 dev=0.0 min=119.0 max=119.0
InTree         0.0 dev=0.0 min=0.0 max=0.0
KnowDepth      -
Aborted        0%
Games/s        441.3
Score          0.00
Sequence      
9e766 info: 
9e766 warning: **** MoHexSearch returned empty sequence!
9e766 warning: **** Returning random move!
9e766 info: *** Player move: h2
8e746 info: DfpnSolver::CheckAbort(): Abort flag!
96756 info: 
MID calls      46
VC builds      45
Terminal       0
Work           46
Wasted Work    0 (0%)
Elapsed Time   0.357179
MIDs/sec       128.787
VCs/sec        125.987
Cnt prune sib  0
Avg prune sib  -
Consider Size  88.1333 dev=2.31524 min=81 max=92
Move Index     -
Move Percent   -
Delta Increase 2.91111 dev=12.527 min=1 max=86
Winner         empty
PV             j2 j5 h5

HashTableStatistics:
Stores         116
LookupAttempt  12776
LookupSuccess  724
Collisions     0

96756 info: Search aborted.
<= 
< 
<  db8c6bc86a59e604
<  a  b  c  d  e  f  g  h  i  j  k  
< 1\.  .  .  .  .  .  .  .  .  .  .\1
<  2\.  .  .  .  .  .  .  B  .  .  .\2
<   3\.  .  .  .  .  .  .  .  .  .  .\3
<    4\.  .  .  .  .  .  .  .  .  .  .\4
<     5\.  .  .  .  .  .  .  .  .  .  .\5
<      6\.  .  .  .  .  W  .  .  .  .  .\6
<       7\.  .  .  .  .  .  .  .  .  .  .\7
<        8\.  .  .  .  .  .  .  .  .  .  .\8
<         9\.  .  .  .  .  .  .  .  .  .  .\9
<         10\.  .  .  .  .  .  .  .  .  .  .\10
<          11\B  .  .  .  .  .  .  .  .  .  .\11
<              a  b  c  d  e  f  g  h  i  j  k  
<
>play w c7
<= 
<
>showboard
<= 
< 
<  5af5df37f115fc71
<  a  b  c  d  e  f  g  h  i  j  k  
< 1\.  .  .  .  .  .  .  .  .  .  .\1
<  2\.  .  .  .  .  .  .  B  .  .  .\2
<   3\.  .  .  .  .  .  .  .  .  .  .\3
<    4\.  .  .  .  .  .  .  .  .  .  .\4
<     5\.  .  .  .  .  .  .  .  .  .  .\5
<      6\.  .  .  .  .  W  .  .  .  .  .\6
<       7\.  .  W  .  .  .  .  .  .  .  .\7
<        8\.  .  .  .  .  .  .  .  .  .  .\8
<         9\.  .  .  .  .  .  .  .  .  .  .\9
<         10\.  .  .  .  .  .  .  .  .  .  .\10
<          11\B  .  .  .  .  .  .  .  .  .  .\11
<              a  b  c  d  e  f  g  h  i  j  k  
<
>genmove b
<= d6
<
>showboard
114c7 info: PlayAndSolve: Building VCs to avoid race condition.
114c7 info: PlayAndSolve: Continuing on as usual.
96756 info: *** PlayerThread ***
9e766 info: *** SolverThread ***
96756 info: Best move cannot be determined, must search state.
96756 info: --- MoHexPlayer::Search() ---
96756 info: Color: black
96756 info: MaxGames: 1
96756 info: NumberThreads: 1
96756 info: MaxNodes: 9090 (799920 bytes)
96756 info: TimeForMove: 1
96756 info: PreSearch: max time reached (47/88).
96756 info: Time for PreSearch: 0.20413s
96756 info: 
  5af5df37f115fc71
  a  b  c  d  e  f  g  h  i  j  k  
 1\.  .  .  .  .  .  b  b  b  b  .\1
  2\.  .  *  *  *  *  .  B  .  *  *\2
   3\.  *  *  *  *  *  *  *  *  *  *\3
    4\*  *  *  *  *  *  *  *  *  *  *\4
     5\*  *  *  *  *  *  *  *  *  *  *\5
      6\*  *  *  *  *  W  *  *  *  *  *\6
       7\*  *  W  *  *  *  *  *  *  *  *\7
        8\*  *  *  *  *  *  *  *  *  *  *\8
         9\*  *  *  *  *  *  *  *  *  *  .\9
         10\*  *  *  *  *  *  *  *  *  .  .\10
          11\B  .  .  .  .  .  .  .  .  .  .\11
              a  b  c  d  e  f  g  h  i  j  k  
96756 info: Old: [black, a11] [white, swap-pieces] [white, f6] 
96756 info: New: [black, a11] [white, swap-pieces] [white, f6] [black, h2] [white, c7] 
96756 info: MovesPlayed: [black, h2] [white, c7] 
96756 info: No subtree to reuse.
96756 info: StartSearch()[0]
SgUctSearch: max games reached
96756 info: 
Elapsed Time   0.373896s
Count          1
GamesPlayed    1
Nodes          1
Knowledge      0 (0.0%)
Expansions     0.0
Time           0.00
GameLen        113.0 dev=0.0 min=113.0 max=113.0
InTree         0.0 dev=0.0 min=0.0 max=0.0
KnowDepth      -
Aborted        0%
Games/s        2976.2
Score          1.00
Sequence      
96756 info: 
96756 warning: **** MoHexSearch returned empty sequence!
96756 warning: **** Returning random move!
96756 info: *** Player move: d6
8e746 info: DfpnSolver::CheckAbort(): Abort flag!
9e766 info: 
MID calls      39
VC builds      39
Terminal       0
Work           39
Wasted Work    0 (0%)
Elapsed Time   0.388778
MIDs/sec       100.314
VCs/sec        100.314
Cnt prune sib  0
Avg prune sib  -
Consider Size  81.6154 dev=3.05156 min=76 max=88
Move Index     -
Move Percent   -
Delta Increase 3.02632 dev=12.3256 min=1 max=78
Winner         empty
PV             i6 j2 h5

HashTableStatistics:
Stores         216
LookupAttempt  23656
LookupSuccess  1341
Collisions     0

9e766 info: Search aborted.
<= 
< 
<  9e6ce82e4700f801
<  a  b  c  d  e  f  g  h  i  j  k  
< 1\.  .  .  .  .  .  .  .  .  .  .\1
<  2\.  .  .  .  .  .  .  B  .  .  .\2
<   3\.  .  .  .  .  .  .  .  .  .  .\3
<    4\.  .  .  .  .  .  .  .  .  .  .\4
<     5\.  .  .  .  .  .  .  .  .  .  .\5
<      6\.  .  .  B  .  W  .  .  .  .  .\6
<       7\.  .  W  .  .  .  .  .  .  .  .\7
<        8\.  .  .  .  .  .  .  .  .  .  .\8
<         9\.  .  .  .  .  .  .  .  .  .  .\9
<         10\.  .  .  .  .  .  .  .  .  .  .\10
<          11\B  .  .  .  .  .  .  .  .  .  .\11
<              a  b  c  d  e  f  g  h  i  j  k  
<
>play w h7
<= 
<
>showboard
<= 
< 
<  9fa138540577c3c9
<  a  b  c  d  e  f  g  h  i  j  k  
< 1\.  .  .  .  .  .  .  .  .  .  .\1
<  2\.  .  .  .  .  .  .  B  .  .  .\2
<   3\.  .  .  .  .  .  .  .  .  .  .\3
<    4\.  .  .  .  .  .  .  .  .  .  .\4
<     5\.  .  .  .  .  .  .  .  .  .  .\5
<      6\.  .  .  B  .  W  .  .  .  .  .\6
<       7\.  .  W  .  .  .  .  W  .  .  .\7
<        8\.  .  .  .  .  .  .  .  .  .  .\8
<         9\.  .  .  .  .  .  .  .  .  .  .\9
<         10\.  .  .  .  .  .  .  .  .  .  .\10
<          11\B  .  .  .  .  .  .  .  .  .  .\11
<              a  b  c  d  e  f  g  h  i  j  k  
<
>genmove b
<= f5
<
>showboard
114c7 info: PlayAndSolve: Building VCs to avoid race condition.
114c7 info: PlayAndSolve: Continuing on as usual.
9e766 info: *** PlayerThread ***
96756 info: *** SolverThread ***
9e766 info: Best move cannot be determined, must search state.
9e766 info: --- MoHexPlayer::Search() ---
9e766 info: Color: black
9e766 info: MaxGames: 1
9e766 info: NumberThreads: 1
9e766 info: MaxNodes: 9090 (799920 bytes)
9e766 info: TimeForMove: 1
9e766 info: PreSearch: max time reached (48/86).
9e766 info: Time for PreSearch: 0.201096s
9e766 info: 
  9fa138540577c3c9
  a  b  c  d  e  f  g  h  i  j  k  
 1\.  .  .  .  .  .  b  b  b  b  .\1
  2\.  .  *  *  *  *  .  B  .  *  *\2
   3\.  *  *  *  *  *  *  *  *  *  *\3
    4\*  *  *  *  *  *  *  *  *  *  *\4
     5\*  *  *  *  *  *  *  *  *  *  *\5
      6\*  *  *  B  *  W  *  *  *  *  *\6
       7\*  *  W  *  *  *  *  W  *  *  *\7
        8\*  *  *  *  *  *  *  *  *  *  *\8
         9\*  *  *  *  *  *  *  *  *  *  .\9
         10\*  *  *  *  *  *  *  *  *  .  .\10
          11\B  .  .  .  .  .  .  .  .  .  .\11
              a  b  c  d  e  f  g  h  i  j  k  
9e766 info: Old: [black, a11] [white, swap-pieces] [white, f6] [black, h2] [white, c7] 
9e766 info: New: [black, a11] [white, swap-pieces] [white, f6] [black, h2] [white, c7] [black, d6] [white, h7] 
9e766 info: MovesPlayed: [black, d6] [white, h7] 
9e766 info: No subtree to reuse.
9e766 info: StartSearch()[0]
SgUctSearch: max games reached
9e766 info: 
Elapsed Time   0.352575s
Count          1
GamesPlayed    1
Nodes          1
Knowledge      0 (0.0%)
Expansions     0.0
Time           0.00
GameLen        111.0 dev=0.0 min=111.0 max=111.0
InTree         0.0 dev=0.0 min=0.0 max=0.0
KnowDepth      -
Aborted        0%
Games/s        3389.8
Score          0.00
Sequence      
9e766 info: 
9e766 warning: **** MoHexSearch returned empty sequence!
9e766 warning: **** Returning random move!
9e766 info: *** Player move: f5
8e746 info: DfpnSolver::CheckAbort(): Abort flag!
96756 info: 
MID calls      34
VC builds      33
Terminal       0
Work           34
Wasted Work    0 (0%)
Elapsed Time   0.371488
MIDs/sec       91.5238
VCs/sec        88.8319
Cnt prune sib  0
Avg prune sib  -
Consider Size  68.5454 dev=18.5245 min=30 max=86
Move Index     -
Move Percent   -
Delta Increase 4.30303 dev=14.44 min=1 max=81
Winner         empty
PV             d7 c5 e4

HashTableStatistics:
Stores         307
LookupAttempt  33751
LookupSuccess  2002
Collisions     0

96756 info: Search aborted.
<= 
< 
<  702d5122b36c9a30
<  a  b  c  d  e  f  g  h  i  j  k  
< 1\.  .  .  .  .  .  .  .  .  .  .\1
<  2\.  .  .  .  .  .  .  B  .  .  .\2
<   3\.  .  .  .  .  .  .  .  .  .  .\3
<    4\.  .  .  .  .  .  .  .  .  .  .\4
<     5\.  .  .  .  .  B  .  .  .  .  .\5
<      6\.  .  .  B  .  W  .  .  .  .  .\6
<       7\.  .  W  .  .  .  .  W  .  .  .\7
<        8\.  .  .  .  .  .  .  .  .  .  .\8
<         9\.  .  .  .  .  .  .  .  .  .  .\9
<         10\.  .  .  .  .  .  .  .  .  .  .\10
<          11\B  .  .  .  .  .  .  .  .  .  .\11
<              a  b  c  d  e  f  g  h  i  j  k  
<
>play w e2
<= 
<
>showboard
<= 
< 
<  73dffe0d47b3a4a2
<  a  b  c  d  e  f  g  h  i  j  k  
< 1\.  .  .  .  .  .  .  .  .  .  .\1
<  2\.  .  .  .  W  .  .  B  .  .  .\2
<   3\.  .  .  .  .  .  .  .  .  .  .\3
<    4\.  .  .  .  .  .  .  .  .  .  .\4
<     5\.  .  .  .  .  B  .  .  .  .  .\5
<      6\.  .  .  B  .  W  .  .  .  .  .\6
<       7\.  .  W  .  .  .  .  W  .  .  .\7
<        8\.  .  .  .  .  .  .  .  .  .  .\8
<         9\.  .  .  .  .  .  .  .  .  .  .\9
<         10\.  .  .  .  .  .  .  .  .  .  .\10
<          11\B  .  .  .  .  .  .  .  .  .  .\11
<              a  b  c  d  e  f  g  h  i  j  k  
<
>genmove b
<= j7
<
>showboard
114c7 info: PlayAndSolve: Building VCs to avoid race condition.
114c7 info: PlayAndSolve: Continuing on as usual.
96756 info: *** PlayerThread ***
9e766 info: *** SolverThread ***
96756 info: Best move cannot be determined, must search state.
96756 info: --- MoHexPlayer::Search() ---
96756 info: Color: black
96756 info: MaxGames: 1
96756 info: NumberThreads: 1
96756 info: MaxNodes: 9090 (799920 bytes)
96756 info: TimeForMove: 1
96756 info: PreSearch: max time reached (45/83).
96756 info: Time for PreSearch: 0.202257s
96756 info: 
  73dffe0d47b3a4a2
  a  b  c  d  e  f  g  h  i  j  k  
 1\.  .  .  .  .  b  b  b  b  b  .\1
  2\.  .  *  *  W  .  .  B  .  *  *\2
   3\.  *  *  *  *  *  *  *  *  *  *\3
    4\*  *  *  *  *  *  *  *  *  *  *\4
     5\*  *  *  *  *  B  *  *  *  *  *\5
      6\*  *  *  B  *  W  *  *  *  *  *\6
       7\*  *  W  *  *  *  *  W  *  *  *\7
        8\*  *  *  *  *  *  *  *  *  *  *\8
         9\*  *  *  *  *  *  *  *  *  *  .\9
         10\*  *  *  *  *  *  *  *  *  .  .\10
          11\B  .  .  .  .  .  .  .  .  .  .\11
              a  b  c  d  e  f  g  h  i  j  k  
96756 info: Old: [black, a11] [white, swap-pieces] [white, f6] [black, h2] [white, c7] [black, d6] [white, h7] 
96756 info: New: [black, a11] [white, swap-pieces] [white, f6] [black, h2] [white, c7] [black, d6] [white, h7] [black, f5] [white, e2] 
96756 info: MovesPlayed: [black, f5] [white, e2] 
96756 info: No subtree to reuse.
96756 info: StartSearch()[0]
SgUctSearch: max games reached
96756 info: 
Elapsed Time   0.369652s
Count          1
GamesPlayed    1
Nodes          1
Knowledge      0 (0.0%)
Expansions     0.0
Time           0.00
GameLen        108.0 dev=0.0 min=108.0 max=108.0
InTree         0.0 dev=0.0 min=0.0 max=0.0
KnowDepth      -
Aborted        0%
Games/s        3144.7
Score          1.00
Sequence      
96756 info: 
96756 warning: **** MoHexSearch returned empty sequence!
96756 warning: **** Returning random move!
96756 info: *** Player move: j7
8e746 info: DfpnSolver::CheckAbort(): Abort flag!
9e766 info: 
MID calls      33
VC builds      31
Terminal       0
Work           33
Wasted Work    0 (0%)
Elapsed Time   0.384585
MIDs/sec       85.8068
VCs/sec        80.6064
Cnt prune sib  0
Avg prune sib  -
Consider Size  54.2581 dev=26.6094 min=9 max=83
Move Index     -
Move Percent   -
Delta Increase 3.84375 dev=11.2919 min=1 max=64
Winner         empty
PV             d8 d7 e7 e6

HashTableStatistics:
Stores         394
LookupAttempt  42688
LookupSuccess  2614
Collisions     0

9e766 info: Search aborted.
<= 
< 
<  8b16cd597ff96abf
<  a  b  c  d  e  f  g  h  i  j  k  
< 1\.  .  .  .  .  .  .  .  .  .  .\1
<  2\.  .  .  .  W  .  .  B  .  .  .\2
<   3\.  .  .  .  .  .  .  .  .  .  .\3
<    4\.  .  .  .  .  .  .  .  .  .  .\4
<     5\.  .  .  .  .  B  .  .  .  .  .\5
<      6\.  .  .  B  .  W  .  .  .  .  .\6
<       7\.  .  W  .  .  .  .  W  .  B  .\7
<        8\.  .  .  .  .  .  .  .  .  .  .\8
<         9\.  .  .  .  .  .  .  .  .  .  .\9
<         10\.  .  .  .  .  .  .  .  .  .  .\10
<          11\B  .  .  .  .  .  .  .  .  .  .\11
<              a  b  c  d  e  f  g  h  i  j  k  
<
>play w c2
<= 
<
>showboard
<= 
< 
<  9d0f3d7be4924f02
<  a  b  c  d  e  f  g  h  i  j  k  
< 1\.  .  .  .  .  .  .  .  .  .  .\1
<  2\.  .  W  .  W  .  .  B  .  .  .\2
<   3\.  .  .  .  .  .  .  .  .  .  .\3
<    4\.  .  .  .  .  .  .  .  .  .  .\4
<     5\.  .  .  .  .  B  .  .  .  .  .\5
<      6\.  .  .  B  .  W  .  .  .  .  .\6
<       7\.  .  W  .  .  .  .  W  .  B  .\7
<        8\.  .  .  .  .  .  .  .  .  .  .\8
<         9\.  .  .  .  .  .  .  .  .  .  .\9
<         10\.  .  .  .  .  .  .  .  .  .  .\10
<          11\B  .  .  .  .  .  .  .  .  .  .\11
<              a  b  c  d  e  f  g  h  i  j  k  
<
>genmove b
<= b7
<
>showboard
114c7 info: PlayAndSolve: Building VCs to avoid race condition.
114c7 info: PlayAndSolve: Continuing on as usual.
9e766 info: *** PlayerThread ***
96756 info: *** SolverThread ***
9e766 info: Best move cannot be determined, must search state.
9e766 info: --- MoHexPlayer::Search() ---
9e766 info: Color: black
9e766 info: MaxGames: 1
9e766 info: NumberThreads: 1
9e766 info: MaxNodes: 9090 (799920 bytes)
9e766 info: TimeForMove: 1
9e766 info: PreSearch: max time reached (55/78).
9e766 info: Time for PreSearch: 0.204854s
9e766 info: 
  9d0f3d7be4924f02
  a  b  c  d  e  f  g  h  i  j  k  
 1\.  .  .  b  b  b  b  b  b  b  .\1
  2\.  .  W  *  W  .  .  B  .  *  *\2
   3\.  *  *  *  *  *  *  *  *  *  *\3
    4\.  *  *  *  *  *  *  *  *  *  *\4
     5\*  *  *  *  *  B  *  *  *  *  *\5
      6\*  *  *  B  *  W  *  *  *  *  .\6
       7\*  *  W  *  *  *  *  W  *  B  .\7
        8\*  *  *  *  *  *  *  *  *  *  *\8
         9\*  *  *  *  *  *  *  *  *  *  .\9
         10\*  *  *  *  *  *  *  *  *  .  .\10
          11\B  .  .  .  .  .  .  .  .  .  .\11
              a  b  c  d  e  f  g  h  i  j  k  
9e766 info: Old: [black, a11] [white, swap-pieces] [white, f6] [black, h2] [white, c7] [black, d6] [white, h7] [black, f5] [white, e2] 
9e766 info: New: [black, a11] [white, swap-pieces] [white, f6] [black, h2] [white, c7] [black, d6] [white, h7] [black, f5] [white, e2] [black, j7] [white, c2] 
9e766 info: MovesPlayed: [black, j7] [white, c2] 
9e766 info: No subtree to reuse.
9e766 info: StartSearch()[0]
SgUctSearch: max games reached
9e766 info: 
Elapsed Time   0.387039s
Count          1
GamesPlayed    1
Nodes          1
Knowledge      0 (0.0%)
Expansions     0.0
Time           0.00
GameLen        104.0 dev=0.0 min=104.0 max=104.0
InTree         0.0 dev=0.0 min=0.0 max=0.0
KnowDepth      -
Aborted        0%
Games/s        3717.5
Score          1.00
Sequence      
9e766 info: 
9e766 warning: **** MoHexSearch returned empty sequence!
9e766 warning: **** Returning random move!
9e766 info: *** Player move: b7
8e746 info: DfpnSolver::CheckAbort(): Abort flag!
96756 info: 
MID calls      51
VC builds      49
Terminal       0
Work           51
Wasted Work    0 (0%)
Elapsed Time   0.401446
MIDs/sec       127.041
VCs/sec        122.059
Cnt prune sib  0
Avg prune sib  -
Consider Size  55.5918 dev=24.078 min=8 max=78
Move Index     -
Move Percent   -
Delta Increase 2.76 dev=10.3161 min=1 max=74
Winner         empty
PV             d7 b10 e8

HashTableStatistics:
Stores         518
LookupAttempt  52244
LookupSuccess  3241
Collisions     0

96756 info: Search aborted.
<= 
< 
<  48325b1b278c8123
<  a  b  c  d  e  f  g  h  i  j  k  
< 1\.  .  .  .  .  .  .  .  .  .  .\1
<  2\.  .  W  .  W  .  .  B  .  .  .\2
<   3\.  .  .  .  .  .  .  .  .  .  .\3
<    4\.  .  .  .  .  .  .  .  .  .  .\4
<     5\.  .  .  .  .  B  .  .  .  .  .\5
<      6\.  .  .  B  .  W  .  .  .  .  .\6
<       7\.  B  W  .  .  .  .  W  .  B  .\7
<        8\.  .  .  .  .  .  .  .  .  .  .\8
<         9\.  .  .  .  .  .  .  .  .  .  .\9
<         10\.  .  .  .  .  .  .  .  .  .  .\10
<          11\B  .  .  .  .  .  .  .  .  .  .\11
<              a  b  c  d  e  f  g  h  i  j  k  
<
>play w k8
<= 
<
>showboard
<= 
< 
<  de126617b343c53f
<  a  b  c  d  e  f  g  h  i  j  k  
< 1\.  .  .  .  .  .  .  .  .  .  .\1
<  2\.  .  W  .  W  .  .  B  .  .  .\2
<   3\.  .  .  .  .  .  .  .  .  .  .\3
<    4\.  .  .  .  .  .  .  .  .  .  .\4
<     5\.  .  .  .  .  B  .  .  .  .  .\5
<      6\.  .  .  B  .  W  .  .  .  .  .\6
<       7\.  B  W  .  .  .  .  W  .  B  .\7
<        8\.  .  .  .  .  .  .  .  .  .  W\8
<         9\.  .  .  .  .  .  .  .  .  .  .\9
<         10\.  .  .  .  .  .  .  .  .  .  .\10
<          11\B  .  .  .  .  .  .  .  .  .  .\11
<              a  b  c  d  e  f  g  h  i  j  k  
<
>genmove b
<= d5
<
>showboard
114c7 info: PlayAndSolve: Building VCs to avoid race condition.
114c7 info: PlayAndSolve: Continuing on as usual.
96756 info: *** PlayerThread ***
9e766 info: *** SolverThread ***
96756 info: Best move cannot be determined, must search state.
96756 info: --- MoHexPlayer::Search() ---
96756 info: Color: black
96756 info: MaxGames: 1
96756 info: NumberThreads: 1
96756 info: MaxNodes: 9090 (799920 bytes)
96756 info: TimeForMove: 1
96756 info: PreSearch: max time reached (52/74).
96756 info: Time for PreSearch: 0.203334s
96756 info: 
  de126617b343c53f
  a  b  c  d  e  f  g  h  i  j  k  
 1\.  .  .  b  b  b  b  b  b  b  .\1
  2\.  .  W  *  W  .  .  B  .  *  *\2
   3\.  *  *  *  *  *  *  *  *  *  *\3
    4\.  *  *  *  *  *  *  *  *  *  *\4
     5\*  *  *  *  *  B  *  *  *  *  *\5
      6\*  *  *  B  *  W  *  *  *  *  .\6
       7\.  B  W  *  *  *  *  W  *  B  b\7
        8\.  *  *  *  *  *  *  *  *  *  W\8
         9\*  *  *  *  *  *  *  *  *  *  .\9
         10\*  *  *  *  *  *  *  *  .  .  .\10
          11\B  .  .  .  .  .  .  .  .  .  .\11
              a  b  c  d  e  f  g  h  i  j  k  
96756 info: Old: [black, a11] [white, swap-pieces] [white, f6] [black, h2] [white, c7] [black, d6] [white, h7] [black, f5] [white, e2] [black, j7] [white, c2] 
96756 info: New: [black, a11] [white, swap-pieces] [white, f6] [black, h2] [white, c7] [black, d6] [white, h7] [black, f5] [white, e2] [black, j7] [white, c2] [black, b7] [white, k8] 
96756 info: MovesPlayed: [black, b7] [white, k8] 
96756 info: No subtree to reuse.
96756 info: StartSearch()[0]
SgUctSearch: max games reached
96756 info: 
Elapsed Time   0.368576s
Count          1
GamesPlayed    1
Nodes          1
Knowledge      0 (0.0%)
Expansions     0.0
Time           0.00
GameLen        101.0 dev=0.0 min=101.0 max=101.0
InTree         0.0 dev=0.0 min=0.0 max=0.0
KnowDepth      -
Aborted        0%
Games/s        3125.0
Score          1.00
Sequence      
96756 info: 
96756 warning: **** MoHexSearch returned empty sequence!
96756 warning: **** Returning random move!
96756 info: *** Player move: d5
8e746 info: DfpnSolver::CheckAbort(): Abort flag!
9e766 info: 
MID calls      56
VC builds      52
Terminal       0
Work           56
Wasted Work    0 (0%)
Elapsed Time   0.390051
MIDs/sec       143.571
VCs/sec        133.316
Cnt prune sib  1
Avg prune sib  1 dev=0 min=1 max=1
Consider Size  50.1923 dev=25.5418 min=4 max=74
Move Index     -
Move Percent   -
Delta Increase 3.78182 dev=12.7731 min=1 max=70
Winner         empty
PV             d7 g4 f3 f4

HashTableStatistics:
Stores         650
LookupAttempt  61213
LookupSuccess  3830
Collisions     0

9e766 info: Search aborted.
<= 
< 
<  85b9461f3311c3a0
<  a  b  c  d  e  f  g  h  i  j  k  
< 1\.  .  .  .  .  .  .  .  .  .  .\1
<  2\.  .  W  .  W  .  .  B  .  .  .\2
<   3\.  .  .  .  .  .  .  .  .  .  .\3
<    4\.  .  .  .  .  .  .  .  .  .  .\4
<     5\.  .  .  B  .  B  .  .  .  .  .\5
<      6\.  .  .  B  .  W  .  .  .  .  .\6
<       7\.  B  W  .  .  .  .  W  .  B  .\7
<        8\.  .  .  .  .  .  .  .  .  .  W\8
<         9\.  .  .  .  .  .  .  .  .  .  .\9
<         10\.  .  .  .  .  .  .  .  .  .  .\10
<          11\B  .  .  .  .  .  .  .  .  .  .\11
<              a  b  c  d  e  f  g  h  i  j  k  
<
>play w a2
<= 
<
>showboard
<= 
< 
<  e52b83a39976237f
<  a  b  c  d  e  f  g  h  i  j  k  
< 1\.  .  .  .  .  .  .  .  .  .  .\1
<  2\W  .  W  .  W  .  .  B  .  .  .\2
<   3\.  .  .  .  .  .  .  .  .  .  .\3
<    4\.  .  .  .  .  .  .  .  .  .  .\4
<     5\.  .  .  B  .  B  .  .  .  .  .\5
<      6\.  .  .  B  .  W  .  .  .  .  .\6
<       7\.  B  W  .  .  .  .  W  .  B  .\7
<        8\.  .  .  .  .  .  .  .  .  .  W\8
<         9\.  .  .  .  .  .  .  .  .  .  .\9
<         10\.  .  .  .  .  .  .  .  .  .  .\10
<          11\B  .  .  .  .  .  .  .  .  .  .\11
<              a  b  c  d  e  f  g  h  i  j  k  
<
>genmove b
<= f7
<
>showboard
114c7 info: PlayAndSolve: Building VCs to avoid race condition.
114c7 info: PlayAndSolve: Continuing on as usual.
9e766 info: *** PlayerThread ***
96756 info: *** SolverThread ***
9e766 info: Best move cannot be determined, must search state.
9e766 info: --- MoHexPlayer::Search() ---
9e766 info: Color: black
9e766 info: MaxGames: 1
9e766 info: NumberThreads: 1
9e766 info: MaxNodes: 9090 (799920 bytes)
9e766 info: TimeForMove: 1
9e766 info: PreSearch: max time reached (48/71).
9e766 info: Time for PreSearch: 0.205687s
9e766 info: 
  e52b83a39976237f
  a  b  c  d  e  f  g  h  i  j  k  
 1\b  b  b  b  b  b  b  b  b  b  .\1
  2\W  .  W  *  W  .  .  B  .  *  *\2
   3\w  *  *  *  *  *  *  *  *  *  *\3
    4\.  *  *  *  *  *  *  *  *  *  *\4
     5\*  *  *  B  .  B  *  *  *  *  *\5
      6\*  *  *  B  .  W  *  *  *  *  .\6
       7\.  B  W  *  *  *  *  W  *  B  b\7
        8\.  *  *  *  *  *  *  *  *  *  W\8
         9\*  *  *  *  *  *  *  *  *  *  .\9
         10\*  *  *  *  *  *  *  *  .  .  .\10
          11\B  .  .  .  .  .  .  .  .  .  .\11
              a  b  c  d  e  f  g  h  i  j  k  
9e766 info: Old: [black, a11] [white, swap-pieces] [white, f6] [black, h2] [white, c7] [black, d6] [white, h7] [black, f5] [white, e2] [black, j7] [white, c2] [black, b7] [white, k8] 
9e766 info: New: [black, a11] [white, swap-pieces] [white, f6] [black, h2] [white, c7] [black, d6] [white, h7] [black, f5] [white, e2] [black, j7] [white, c2] [black, b7] [white, k8] [black, d5] [white, a2] 
9e766 info: MovesPlayed: [black, d5] [white, a2] 
9e766 info: No subtree to reuse.
9e766 info: StartSearch()[0]
SgUctSearch: max games reached
9e766 info: 
Elapsed Time   0.367471s
Count          1
GamesPlayed    1
Nodes          1
Knowledge      0 (0.0%)
Expansions     0.0
Time           0.00
GameLen        95.0 dev=0.0 min=95.0 max=95.0
InTree         0.0 dev=0.0 min=0.0 max=0.0
KnowDepth      -
Aborted        0%
Games/s        3154.6
Score          1.00
Sequence      
9e766 info: 
9e766 warning: **** MoHexSearch returned empty sequence!
9e766 warning: **** Returning random move!
9e766 info: *** Player move: f7
8e746 info: DfpnSolver::CheckAbort(): Abort flag!
96756 info: 
MID calls      51
VC builds      49
Terminal       0
Work           51
Wasted Work    0 (0%)
Elapsed Time   0.377943
MIDs/sec       134.941
VCs/sec        129.649
Cnt prune sib  1
Avg prune sib  1 dev=0 min=1 max=1
Consider Size  30.102 dev=25.6581 min=3 max=71
Move Index     -
Move Percent   -
Delta Increase 3.8 dev=13.2182 min=1 max=70
Winner         empty
PV             d7 g4 c8 f3

HashTableStatistics:
Stores         771
LookupAttempt  68374
LookupSuccess  4366
Collisions     0

96756 info: Search aborted.
<= 
< 
<  c6eb8cafd1d09e2a
<  a  b  c  d  e  f  g  h  i  j  k  
< 1\.  .  .  .  .  .  .  .  .  .  .\1
<  2\W  .  W  .  W  .  .  B  .  .  .\2
<   3\.  .  .  .  .  .  .  .  .  .  .\3
<    4\.  .  .  .  .  .  .  .  .  .  .\4
<     5\.  .  .  B  .  B  .  .  .  .  .\5
<      6\.  .  .  B  .  W  .  .  .  .  .\6
<       7\.  B  W  .  .  B  .  W  .  B  .\7
<        8\.  .  .  .  .  .  .  .  .  .  W\8
<         9\.  .  .  .  .  .  .  .  .  .  .\9
<         10\.  .  .  .  .  .  .  .  .  .  .\10
<          11\B  .  .  .  .  .  .  .  .  .  .\11
<              a  b  c  d  e  f  g  h  i  j  k  
<
>play w j3
<= 
<
>showboard
<= 
< 
<  54bd3d22c81e61a3
<  a  b  c  d  e  f  g  h  i  j  k  
< 1\.  .  .  .  .  .  .  .  .  .  .\1
<  2\W  .  W  .  W  .  .  B  .  .  .\2
<   3\.  .  .  .  .  .  .  .  .  W  .\3
<    4\.  .  .  .  .  .  .  .  .  .  .\4
<     5\.  .  .  B  .  B  .  .  .  .  .\5
<      6\.  .  .  B  .  W  .  .  .  .  .\6
<       7\.  B  W  .  .  B  .  W  .  B  .\7
<        8\.  .  .  .  .  .  .  .  .  .  W\8
<         9\.  .  .  .  .  .  .  .  .  .  .\9
<         10\.  .  .  .  .  .  .  .  .  .  .\10
<          11\B  .  .  .  .  .  .  .  .  .  .\11
<              a  b  c  d  e  f  g  h  i  j  k  
<
>genmove b
<= e7
<
>showboard
114c7 info: PlayAndSolve: Building VCs to avoid race condition.
114c7 info: PlayAndSolve: Continuing on as usual.
96756 info: *** PlayerThread ***
9e766 info: *** SolverThread ***
96756 info: Winning SC.
96756 info: *** Player move: e7
9e766 info: 
MID calls      0
VC builds      1
Terminal       1
Work           1
Wasted Work    0 (0%)
Elapsed Time   0.00634
MIDs/sec       0
VCs/sec        157.729
Cnt prune sib  0
Avg prune sib  -
Consider Size  -
Move Index     -
Move Percent   -
Delta Increase -
Winner         black
PV             

HashTableStatistics:
Stores         772
LookupAttempt  68380
LookupSuccess  4369
Collisions     0

<= 
< 
<  ab2237141aae5dca
<  a  b  c  d  e  f  g  h  i  j  k  
< 1\.  .  .  .  .  .  .  .  .  .  .\1
<  2\W  .  W  .  W  .  .  B  .  .  .\2
<   3\.  .  .  .  .  .  .  .  .  W  .\3
<    4\.  .  .  .  .  .  .  .  .  .  .\4
<     5\.  .  .  B  .  B  .  .  .  .  .\5
<      6\.  .  .  B  .  W  .  .  .  .  .\6
<       7\.  B  W  .  B  B  .  W  .  B  .\7
<        8\.  .  .  .  .  .  .  .  .  .  W\8
<         9\.  .  .  .  .  .  .  .  .  .  .\9
<         10\.  .  .  .  .  .  .  .  .  .  .\10
<          11\B  .  .  .  .  .  .  .  .  .  .\11
<              a  b  c  d  e  f  g  h  i  j  k  
<
>play w e6
<= 
<
>showboard
<= 
< 
<  5709c51a34304cdc
<  a  b  c  d  e  f  g  h  i  j  k  
< 1\.  .  .  .  .  .  .  .  .  .  .\1
<  2\W  .  W  .  W  .  .  B  .  .  .\2
<   3\.  .  .  .  .  .  .  .  .  W  .\3
<    4\.  .  .  .  .  .  .  .  .  .  .\4
<     5\.  .  .  B  .  B  .  .  .  .  .\5
<      6\.  .  .  B  W  W  .  .  .  .  .\6
<       7\.  B  W  .  B  B  .  W  .  B  .\7
<        8\.  .  .  .  .  .  .  .  .  .  W\8
<         9\.  .  .  .  .  .  .  .  .  .  .\9
<         10\.  .  .  .  .  .  .  .  .  .  .\10
<          11\B  .  .  .  .  .  .  .  .  .  .\11
<              a  b  c  d  e  f  g  h  i  j  k  
<
>genmove b
<= d7
<
>showboard
114c7 info: PlayAndSolve: Building VCs to avoid race condition.
114c7 info: PlayAndSolve: Continuing on as usual.
9e766 info: *** PlayerThread ***
96756 info: *** SolverThread ***
9e766 info: Winning SC.
9e766 info: *** Player move: d7
96756 info: 
MID calls      0
VC builds      1
Terminal       1
Work           1
Wasted Work    0 (0%)
Elapsed Time   0.007916
MIDs/sec       0
VCs/sec        126.326
Cnt prune sib  0
Avg prune sib  -
Consider Size  -
Move Index     -
Move Percent   -
Delta Increase -
Winner         black
PV             

HashTableStatistics:
Stores         773
LookupAttempt  68386
LookupSuccess  4372
Collisions     0

<= 
< 
<  ae0df66c8970230c
<  a  b  c  d  e  f  g  h  i  j  k  
< 1\.  .  .  .  .  .  .  .  .  .  .\1
<  2\W  .  W  .  W  .  .  B  .  .  .\2
<   3\.  .  .  .  .  .  .  .  .  W  .\3
<    4\.  .  .  .  .  .  .  .  .  .  .\4
<     5\.  .  .  B  .  B  .  .  .  .  .\5
<      6\.  .  .  B  W  W  .  .  .  .  .\6
<       7\.  B  W  B  B  B  .  W  .  B  .\7
<        8\.  .  .  .  .  .  .  .  .  .  W\8
<         9\.  .  .  .  .  .  .  .  .  .  .\9
<         10\.  .  .  .  .  .  .  .  .  .  .\10
<          11\B  .  .  .  .  .  .  .  .  .  .\11
<              a  b  c  d  e  f  g  h  i  j  k  
<
>play w e4
<= 
<
>showboard
<= 
< 
<  e729412855111ecf
<  a  b  c  d  e  f  g  h  i  j  k  
< 1\.  .  .  .  .  .  .  .  .  .  .\1
<  2\W  .  W  .  W  .  .  B  .  .  .\2
<   3\.  .  .  .  .  .  .  .  .  W  .\3
<    4\.  .  .  .  W  .  .  .  .  .  .\4
<     5\.  .  .  B  .  B  .  .  .  .  .\5
<      6\.  .  .  B  W  W  .  .  .  .  .\6
<       7\.  B  W  B  B  B  .  W  .  B  .\7
<        8\.  .  .  .  .  .  .  .  .  .  W\8
<         9\.  .  .  .  .  .  .  .  .  .  .\9
<         10\.  .  .  .  .  .  .  .  .  .  .\10
<          11\B  .  .  .  .  .  .  .  .  .  .\11
<              a  b  c  d  e  f  g  h  i  j  k  
<
>genmove b
<= g5
<
>showboard
114c7 info: PlayAndSolve: Building VCs to avoid race condition.
114c7 info: PlayAndSolve: Continuing on as usual.
96756 info: *** PlayerThread ***
9e766 info: *** SolverThread ***
96756 info: Winning SC.
96756 info: *** Player move: g5
9e766 info: 
MID calls      0
VC builds      1
Terminal       1
Work           1
Wasted Work    0 (0%)
Elapsed Time   0.009876
MIDs/sec       0
VCs/sec        101.256
Cnt prune sib  0
Avg prune sib  -
Consider Size  -
Move Index     -
Move Percent   -
Delta Increase -
Winner         black
PV             

HashTableStatistics:
Stores         774
LookupAttempt  68392
LookupSuccess  4375
Collisions     0

<= 
< 
<  7fe4ee9ee510522e
<  a  b  c  d  e  f  g  h  i  j  k  
< 1\.  .  .  .  .  .  .  .  .  .  .\1
<  2\W  .  W  .  W  .  .  B  .  .  .\2
<   3\.  .  .  .  .  .  .  .  .  W  .\3
<    4\.  .  .  .  W  .  .  .  .  .  .\4
<     5\.  .  .  B  .  B  B  .  .  .  .\5
<      6\.  .  .  B  W  W  .  .  .  .  .\6
<       7\.  B  W  B  B  B  .  W  .  B  .\7
<        8\.  .  .  .  .  .  .  .  .  .  W\8
<         9\.  .  .  .  .  .  .  .  .  .  .\9
<         10\.  .  .  .  .  .  .  .  .  .  .\10
<          11\B  .  .  .  .  .  .  .  .  .  .\11
<              a  b  c  d  e  f  g  h  i  j  k  
<
>play w e5
<= 
<
>showboard
<= 
< 
<  e11252d94d2faf67
<  a  b  c  d  e  f  g  h  i  j  k  
< 1\.  .  .  .  .  .  .  .  .  .  .\1
<  2\W  .  W  .  W  .  .  B  .  .  .\2
<   3\.  .  .  .  .  .  .  .  .  W  .\3
<    4\.  .  .  .  W  .  .  .  .  .  .\4
<     5\.  .  .  B  W  B  B  .  .  .  .\5
<      6\.  .  .  B  W  W  .  .  .  .  .\6
<       7\.  B  W  B  B  B  .  W  .  B  .\7
<        8\.  .  .  .  .  .  .  .  .  .  W\8
<         9\.  .  .  .  .  .  .  .  .  .  .\9
<         10\.  .  .  .  .  .  .  .  .  .  .\10
<          11\B  .  .  .  .  .  .  .  .  .  .\11
<              a  b  c  d  e  f  g  h  i  j  k  
<
>genmove b
<= g6
<
>showboard
114c7 info: PlayAndSolve: Building VCs to avoid race condition.
114c7 info: PlayAndSolve: Continuing on as usual.
9e766 info: *** PlayerThread ***
96756 info: *** SolverThread ***
96756 info: 
MID calls      0
VC builds      1
Terminal       1
Work           1
Wasted Work    0 (0%)
Elapsed Time   0.008291
MIDs/sec       0
VCs/sec        120.613
Cnt prune sib  0
Avg prune sib  -
Consider Size  -
Move Index     -
Move Percent   -
Delta Increase -
Winner         black
PV             

HashTableStatistics:
Stores         775
LookupAttempt  68398
LookupSuccess  4378
Collisions     0

9e766 info: Winning SC.
9e766 info: *** Player move: g6
<= 
< 
<  2c1fa86026432b53
<  a  b  c  d  e  f  g  h  i  j  k  
< 1\.  .  .  .  .  .  .  .  .  .  .\1
<  2\W  .  W  .  W  .  .  B  .  .  .\2
<   3\.  .  .  .  .  .  .  .  .  W  .\3
<    4\.  .  .  .  W  .  .  .  .  .  .\4
<     5\.  .  .  B  W  B  B  .  .  .  .\5
<      6\.  .  .  B  W  W  B  .  .  .  .\6
<       7\.  B  W  B  B  B  .  W  .  B  .\7
<        8\.  .  .  .  .  .  .  .  .  .  W\8
<         9\.  .  .  .  .  .  .  .  .  .  .\9
<         10\.  .  .  .  .  .  .  .  .  .  .\10
<          11\B  .  .  .  .  .  .  .  .  .  .\11
<              a  b  c  d  e  f  g  h  i  j  k  
<
>play w h3
<= 
<
>showboard
<= 
< 
<  81897fb4f60d6167
<  a  b  c  d  e  f  g  h  i  j  k  
< 1\.  .  .  .  .  .  .  .  .  .  .\1
<  2\W  .  W  .  W  .  .  B  .  .  .\2
<   3\.  .  .  .  .  .  .  W  .  W  .\3
<    4\.  .  .  .  W  .  .  .  .  .  .\4
<     5\.  .  .  B  W  B  B  .  .  .  .\5
<      6\.  .  .  B  W  W  B  .  .  .  .\6
<       7\.  B  W  B  B  B  .  W  .  B  .\7
<        8\.  .  .  .  .  .  .  .  .  .  W\8
<         9\.  .  .  .  .  .  .  .  .  .  .\9
<         10\.  .  .  .  .  .  .  .  .  .  .\10
<          11\B  .  .  .  .  .  .  .  .  .  .\11
<              a  b  c  d  e  f  g  h  i  j  k  
<
>genmove b
<= g3
<
>showboard
114c7 info: PlayAndSolve: Building VCs to avoid race condition.
114c7 info: PlayAndSolve: Continuing on as usual.
96756 info: *** PlayerThread ***
9e766 info: *** SolverThread ***
96756 info: Winning SC.
96756 info: *** Player move: g3
9e766 info: 
MID calls      0
VC builds      1
Terminal       1
Work           1
Wasted Work    0 (0%)
Elapsed Time   0.010769
MIDs/sec       0
VCs/sec        92.8591
Cnt prune sib  0
Avg prune sib  -
Consider Size  -
Move Index     -
Move Percent   -
Delta Increase -
Winner         black
PV             

HashTableStatistics:
Stores         776
LookupAttempt  68404
LookupSuccess  4381
Collisions     0

<= 
< 
<  32df5d0e935b3711
<  a  b  c  d  e  f  g  h  i  j  k  
< 1\.  .  .  .  .  .  .  .  .  .  .\1
<  2\W  .  W  .  W  .  .  B  .  .  .\2
<   3\.  .  .  .  .  .  B  W  .  W  .\3
<    4\.  .  .  .  W  .  .  .  .  .  .\4
<     5\.  .  .  B  W  B  B  .  .  .  .\5
<      6\.  .  .  B  W  W  B  .  .  .  .\6
<       7\.  B  W  B  B  B  .  W  .  B  .\7
<        8\.  .  .  .  .  .  .  .  .  .  W\8
<         9\.  .  .  .  .  .  .  .  .  .  .\9
<         10\.  .  .  .  .  .  .  .  .  .  .\10
<          11\B  .  .  .  .  .  .  .  .  .  .\11
<              a  b  c  d  e  f  g  h  i  j  k  
<
>play w c10
<= 
<
>showboard
<= 
< 
<  979ce884b4acf059
<  a  b  c  d  e  f  g  h  i  j  k  
< 1\.  .  .  .  .  .  .  .  .  .  .\1
<  2\W  .  W  .  W  .  .  B  .  .  .\2
<   3\.  .  .  .  .  .  B  W  .  W  .\3
<    4\.  .  .  .  W  .  .  .  .  .  .\4
<     5\.  .  .  B  W  B  B  .  .  .  .\5
<      6\.  .  .  B  W  W  B  .  .  .  .\6
<       7\.  B  W  B  B  B  .  W  .  B  .\7
<        8\.  .  .  .  .  .  .  .  .  .  W\8
<         9\.  .  .  .  .  .  .  .  .  .  .\9
<         10\.  .  W  .  .  .  .  .  .  .  .\10
<          11\B  .  .  .  .  .  .  .  .  .  .\11
<              a  b  c  d  e  f  g  h  i  j  k  
<
>genmove b
<= e9
<
>showboard
114c7 info: PlayAndSolve: Building VCs to avoid race condition.
114c7 info: PlayAndSolve: Continuing on as usual.
9e766 info: *** PlayerThread ***
96756 info: *** SolverThread ***
9e766 info: Winning SC.
9e766 info: *** Player move: e9
96756 info: 
MID calls      0
VC builds      1
Terminal       1
Work           1
Wasted Work    0 (0%)
Elapsed Time   0.004489
MIDs/sec       0
VCs/sec        222.767
Cnt prune sib  0
Avg prune sib  -
Consider Size  -
Move Index     -
Move Percent   -
Delta Increase -
Winner         black
PV             

HashTableStatistics:
Stores         777
LookupAttempt  68410
LookupSuccess  4384
Collisions     0

<= 
< 
<  6d8bc5e80742ed5f
<  a  b  c  d  e  f  g  h  i  j  k  
< 1\.  .  .  .  .  .  .  .  .  .  .\1
<  2\W  .  W  .  W  .  .  B  .  .  .\2
<   3\.  .  .  .  .  .  B  W  .  W  .\3
<    4\.  .  .  .  W  .  .  .  .  .  .\4
<     5\.  .  .  B  W  B  B  .  .  .  .\5
<      6\.  .  .  B  W  W  B  .  .  .  .\6
<       7\.  B  W  B  B  B  .  W  .  B  .\7
<        8\.  .  .  .  .  .  .  .  .  .  W\8
<         9\.  .  .  .  B  .  .  .  .  .  .\9
<         10\.  .  W  .  .  .  .  .  .  .  .\10
<          11\B  .  .  .  .  .  .  .  .  .  .\11
<              a  b  c  d  e  f  g  h  i  j  k  
<
>play w d11
<= 
<
>showboard
<= 
< 
<  cab0b27127f0dfc5
<  a  b  c  d  e  f  g  h  i  j  k  
< 1\.  .  .  .  .  .  .  .  .  .  .\1
<  2\W  .  W  .  W  .  .  B  .  .  .\2
<   3\.  .  .  .  .  .  B  W  .  W  .\3
<    4\.  .  .  .  W  .  .  .  .  .  .\4
<     5\.  .  .  B  W  B  B  .  .  .  .\5
<      6\.  .  .  B  W  W  B  .  .  .  .\6
<       7\.  B  W  B  B  B  .  W  .  B  .\7
<        8\.  .  .  .  .  .  .  .  .  .  W\8
<         9\.  .  .  .  B  .  .  .  .  .  .\9
<         10\.  .  W  .  .  .  .  .  .  .  .\10
<          11\B  .  .  W  .  .  .  .  .  .  .\11
<              a  b  c  d  e  f  g  h  i  j  k  
<
>genmove b
<= f10
<
>showboard
114c7 info: PlayAndSolve: Building VCs to avoid race condition.
114c7 info: PlayAndSolve: Continuing on as usual.
96756 info: *** PlayerThread ***
9e766 info: *** SolverThread ***
96756 info: Winning SC.
96756 info: *** Player move: f10
9e766 info: 
MID calls      0
VC builds      1
Terminal       1
Work           1
Wasted Work    0 (0%)
Elapsed Time   0.003899
MIDs/sec       0
VCs/sec        256.476
Cnt prune sib  0
Avg prune sib  -
Consider Size  -
Move Index     -
Move Percent   -
Delta Increase -
Winner         black
PV             

HashTableStatistics:
Stores         778
LookupAttempt  68416
LookupSuccess  4387
Collisions     0

<= 
< 
<  4c6f71c5e1a583cc
<  a  b  c  d  e  f  g  h  i  j  k  
< 1\.  .  .  .  .  .  .  .  .  .  .\1
<  2\W  .  W  .  W  .  .  B  .  .  .\2
<   3\.  .  .  .  .  .  B  W  .  W  .\3
<    4\.  .  .  .  W  .  .  .  .  .  .\4
<     5\.  .  .  B  W  B  B  .  .  .  .\5
<      6\.  .  .  B  W  W  B  .  .  .  .\6
<       7\.  B  W  B  B  B  .  W  .  B  .\7
<        8\.  .  .  .  .  .  .  .  .  .  W\8
<         9\.  .  .  .  B  .  .  .  .  .  .\9
<         10\.  .  W  .  .  B  .  .  .  .  .\10
<          11\B  .  .  W  .  .  .  .  .  .  .\11
<              a  b  c  d  e  f  g  h  i  j  k  
<
>play w e8
<= 
<
>showboard
<= 
< 
<  bc5e9d8837d5cd0b
<  a  b  c  d  e  f  g  h  i  j  k  
< 1\.  .  .  .  .  .  .  .  .  .  .\1
<  2\W  .  W  .  W  .  .  B  .  .  .\2
<   3\.  .  .  .  .  .  B  W  .  W  .\3
<    4\.  .  .  .  W  .  .  .  .  .  .\4
<     5\.  .  .  B  W  B  B  .  .  .  .\5
<      6\.  .  .  B  W  W  B  .  .  .  .\6
<       7\.  B  W  B  B  B  .  W  .  B  .\7
<        8\.  .  .  .  W  .  .  .  .  .  W\8
<         9\.  .  .  .  B  .  .  .  .  .  .\9
<         10\.  .  W  .  .  B  .  .  .  .  .\10
<          11\B  .  .  W  .  .  .  .  .  .  .\11
<              a  b  c  d  e  f  g  h  i  j  k  
<
>genmove b
<= f8
<
>showboard
114c7 info: PlayAndSolve: Building VCs to avoid race condition.
114c7 info: PlayAndSolve: Continuing on as usual.
9e766 info: *** PlayerThread ***
96756 info: *** SolverThread ***
9e766 info: Winning SC.
9e766 info: *** Player move: f8
96756 info: 
MID calls      0
VC builds      1
Terminal       1
Work           1
Wasted Work    0 (0%)
Elapsed Time   0.003735
MIDs/sec       0
VCs/sec        267.738
Cnt prune sib  0
Avg prune sib  -
Consider Size  -
Move Index     -
Move Percent   -
Delta Increase -
Winner         black
PV             

HashTableStatistics:
Stores         779
LookupAttempt  68422
LookupSuccess  4390
Collisions     0

<= 
< 
<  059d282afc316605
<  a  b  c  d  e  f  g  h  i  j  k  
< 1\.  .  .  .  .  .  .  .  .  .  .\1
<  2\W  .  W  .  W  .  .  B  .  .  .\2
<   3\.  .  .  .  .  .  B  W  .  W  .\3
<    4\.  .  .  .  W  .  .  .  .  .  .\4
<     5\.  .  .  B  W  B  B  .  .  .  .\5
<      6\.  .  .  B  W  W  B  .  .  .  .\6
<       7\.  B  W  B  B  B  .  W  .  B  .\7
<        8\.  .  .  .  W  B  .  .  .  .  W\8
<         9\.  .  .  .  B  .  .  .  .  .  .\9
<         10\.  .  W  .  .  B  .  .  .  .  .\10
<          11\B  .  .  W  .  .  .  .  .  .  .\11
<              a  b  c  d  e  f  g  h  i  j  k  
<
>play w g4
<= 
<
>showboard
<= 
< 
<  7709a3c42cbcc3f2
<  a  b  c  d  e  f  g  h  i  j  k  
< 1\.  .  .  .  .  .  .  .  .  .  .\1
<  2\W  .  W  .  W  .  .  B  .  .  .\2
<   3\.  .  .  .  .  .  B  W  .  W  .\3
<    4\.  .  .  .  W  .  W  .  .  .  .\4
<     5\.  .  .  B  W  B  B  .  .  .  .\5
<      6\.  .  .  B  W  W  B  .  .  .  .\6
<       7\.  B  W  B  B  B  .  W  .  B  .\7
<        8\.  .  .  .  W  B  .  .  .  .  W\8
<         9\.  .  .  .  B  .  .  .  .  .  .\9
<         10\.  .  W  .  .  B  .  .  .  .  .\10
<          11\B  .  .  W  .  .  .  .  .  .  .\11
<              a  b  c  d  e  f  g  h  i  j  k  
<
>genmove b
<= f4
<
>showboard
114c7 info: PlayAndSolve: Building VCs to avoid race condition.
114c7 info: PlayAndSolve: Continuing on as usual.
96756 info: *** PlayerThread ***
9e766 info: *** SolverThread ***
96756 info: Winning SC.
96756 info: *** Player move: f4
9e766 info: 
MID calls      0
VC builds      1
Terminal       1
Work           1
Wasted Work    0 (0%)
Elapsed Time   0.00441
MIDs/sec       0
VCs/sec        226.757
Cnt prune sib  0
Avg prune sib  -
Consider Size  -
Move Index     -
Move Percent   -
Delta Increase -
Winner         black
PV             

HashTableStatistics:
Stores         780
LookupAttempt  68428
LookupSuccess  4393
Collisions     0

<= 
< 
<  6dd79d82c428c092
<  a  b  c  d  e  f  g  h  i  j  k  
< 1\.  .  .  .  .  .  .  .  .  .  .\1
<  2\W  .  W  .  W  .  .  B  .  .  .\2
<   3\.  .  .  .  .  .  B  W  .  W  .\3
<    4\.  .  .  .  W  B  W  .  .  .  .\4
<     5\.  .  .  B  W  B  B  .  .  .  .\5
<      6\.  .  .  B  W  W  B  .  .  .  .\6
<       7\.  B  W  B  B  B  .  W  .  B  .\7
<        8\.  .  .  .  W  B  .  .  .  .  W\8
<         9\.  .  .  .  B  .  .  .  .  .  .\9
<         10\.  .  W  .  .  B  .  .  .  .  .\10
<          11\B  .  .  W  .  .  .  .  .  .  .\11
<              a  b  c  d  e  f  g  h  i  j  k  
<
>play w c8
<= 
<
>showboard
<= 
< 
<  3c725a687004a6c4
<  a  b  c  d  e  f  g  h  i  j  k  
< 1\.  .  .  .  .  .  .  .  .  .  .\1
<  2\W  .  W  .  W  .  .  B  .  .  .\2
<   3\.  .  .  .  .  .  B  W  .  W  .\3
<    4\.  .  .  .  W  B  W  .  .  .  .\4
<     5\.  .  .  B  W  B  B  .  .  .  .\5
<      6\.  .  .  B  W  W  B  .  .  .  .\6
<       7\.  B  W  B  B  B  .  W  .  B  .\7
<        8\.  .  W  .  W  B  .  .  .  .  W\8
<         9\.  .  .  .  B  .  .  .  .  .  .\9
<         10\.  .  W  .  .  B  .  .  .  .  .\10
<          11\B  .  .  W  .  .  .  .  .  .  .\11
<              a  b  c  d  e  f  g  h  i  j  k  
<
>genmove b
<= i1
<
>showboard
114c7 info: PlayAndSolve: Building VCs to avoid race condition.
114c7 info: PlayAndSolve: Continuing on as usual.
9e766 info: *** PlayerThread ***
96756 info: *** SolverThread ***
9e766 info: Captured cells caused win! Removing...
96756 info: 
MID calls      0
VC builds      1
Terminal       1
Work           1
Wasted Work    0 (0%)
Elapsed Time   0.002775
MIDs/sec       0
VCs/sec        360.36
Cnt prune sib  0
Avg prune sib  -
Consider Size  -
Move Index     -
Move Percent   -
Delta Increase -
Winner         black
PV             

HashTableStatistics:
Stores         781
LookupAttempt  68434
LookupSuccess  4396
Collisions     0

9e766 info: Winning SC.
9e766 info: *** Player move: i1
<= 
< 
<  47a7dde62c6209ac
<  a  b  c  d  e  f  g  h  i  j  k  
< 1\.  .  .  .  .  .  .  .  B  .  .\1
<  2\W  .  W  .  W  .  .  B  .  .  .\2
<   3\.  .  .  .  .  .  B  W  .  W  .\3
<    4\.  .  .  .  W  B  W  .  .  .  .\4
<     5\.  .  .  B  W  B  B  .  .  .  .\5
<      6\.  .  .  B  W  W  B  .  .  .  .\6
<       7\.  B  W  B  B  B  .  W  .  B  .\7
<        8\.  .  W  .  W  B  .  .  .  .  W\8
<         9\.  .  .  .  B  .  .  .  .  .  .\9
<         10\.  .  W  .  .  B  .  .  .  .  .\10
<          11\B  .  .  W  .  .  .  .  .  .  .\11
<              a  b  c  d  e  f  g  h  i  j  k  
<
>play w f9
<= 
<
>showboard
<= 
< 
<  4f9a399891b47352
<  a  b  c  d  e  f  g  h  i  j  k  
< 1\.  .  .  .  .  .  .  .  B  .  .\1
<  2\W  .  W  .  W  .  .  B  .  .  .\2
<   3\.  .  .  .  .  .  B  W  .  W  .\3
<    4\.  .  .  .  W  B  W  .  .  .  .\4
<     5\.  .  .  B  W  B  B  .  .  .  .\5
<      6\.  .  .  B  W  W  B  .  .  .  .\6
<       7\.  B  W  B  B  B  .  W  .  B  .\7
<        8\.  .  W  .  W  B  .  .  .  .  W\8
<         9\.  .  .  .  B  W  .  .  .  .  .\9
<         10\.  .  W  .  .  B  .  .  .  .  .\10
<          11\B  .  .  W  .  .  .  .  .  .  .\11
<              a  b  c  d  e  f  g  h  i  j  k  
<
>genmove b
<= e10
<
>showboard
114c7 info: PlayAndSolve: Building VCs to avoid race condition.
114c7 info: PlayAndSolve: Continuing on as usual.
9e766 info: *** SolverThread ***
96756 info: *** PlayerThread ***
96756 info: Winning SC.
96756 info: *** Player move: e10
9e766 info: 
MID calls      0
VC builds      1
Terminal       1
Work           1
Wasted Work    0 (0%)
Elapsed Time   0.004353
MIDs/sec       0
VCs/sec        229.727
Cnt prune sib  0
Avg prune sib  -
Consider Size  -
Move Index     -
Move Percent   -
Delta Increase -
Winner         black
PV             

HashTableStatistics:
Stores         782
LookupAttempt  68440
LookupSuccess  4399
Collisions     0

<= 
< 
<  60cfc09da90b5b9a
<  a  b  c  d  e  f  g  h  i  j  k  
< 1\.  .  .  .  .  .  .  .  B  .  .\1
<  2\W  .  W  .  W  .  .  B  .  .  .\2
<   3\.  .  .  .  .  .  B  W  .  W  .\3
<    4\.  .  .  .  W  B  W  .  .  .  .\4
<     5\.  .  .  B  W  B  B  .  .  .  .\5
<      6\.  .  .  B  W  W  B  .  .  .  .\6
<       7\.  B  W  B  B  B  .  W  .  B  .\7
<        8\.  .  W  .  W  B  .  .  .  .  W\8
<         9\.  .  .  .  B  W  .  .  .  .  .\9
<         10\.  .  W  .  B  B  .  .  .  .  .\10
<          11\B  .  .  W  .  .  .  .  .  .  .\11
<              a  b  c  d  e  f  g  h  i  j  k  
<
>play w f11
<= 
<
>showboard
<= 
< 
<  4a618978a29b4b64
<  a  b  c  d  e  f  g  h  i  j  k  
< 1\.  .  .  .  .  .  .  .  B  .  .\1
<  2\W  .  W  .  W  .  .  B  .  .  .\2
<   3\.  .  .  .  .  .  B  W  .  W  .\3
<    4\.  .  .  .  W  B  W  .  .  .  .\4
<     5\.  .  .  B  W  B  B  .  .  .  .\5
<      6\.  .  .  B  W  W  B  .  .  .  .\6
<       7\.  B  W  B  B  B  .  W  .  B  .\7
<        8\.  .  W  .  W  B  .  .  .  .  W\8
<         9\.  .  .  .  B  W  .  .  .  .  .\9
<         10\.  .  W  .  B  B  .  .  .  .  .\10
<          11\B  .  .  W  .  W  .  .  .  .  .\11
<              a  b  c  d  e  f  g  h  i  j  k  
<
>genmove b
<= e11
<
>showboard
114c7 info: PlayAndSolve: Building VCs to avoid race condition.
114c7 info: PlayAndSolve: Continuing on as usual.
9e766 info: *** PlayerThread ***
96756 info: *** SolverThread ***
9e766 info: Winning SC.
9e766 info: *** Player move: e11
96756 info: 
MID calls      0
VC builds      1
Terminal       1
Work           1
Wasted Work    0 (0%)
Elapsed Time   0.004501
MIDs/sec       0
VCs/sec        222.173
Cnt prune sib  0
Avg prune sib  -
Consider Size  -
Move Index     -
Move Percent   -
Delta Increase -
Winner         black
PV             

HashTableStatistics:
Stores         783
LookupAttempt  68446
LookupSuccess  4402
Collisions     0

<= 
< 
<  4423c928cad64a13
<  a  b  c  d  e  f  g  h  i  j  k  
< 1\.  .  .  .  .  .  .  .  B  .  .\1
<  2\W  .  W  .  W  .  .  B  .  .  .\2
<   3\.  .  .  .  .  .  B  W  .  W  .\3
<    4\.  .  .  .  W  B  W  .  .  .  .\4
<     5\.  .  .  B  W  B  B  .  .  .  .\5
<      6\.  .  .  B  W  W  B  .  .  .  .\6
<       7\.  B  W  B  B  B  .  W  .  B  .\7
<        8\.  .  W  .  W  B  .  .  .  .  W\8
<         9\.  .  .  .  B  W  .  .  .  .  .\9
<         10\.  .  W  .  B  B  .  .  .  .  .\10
<          11\B  .  .  W  B  W  .  .  .  .  .\11
<              a  b  c  d  e  f  g  h  i  j  k  
<
>play w resign
<= 
<
>showboard
<= 
< 
<  4423c928cad64a13
<  a  b  c  d  e  f  g  h  i  j  k  
< 1\.  .  .  .  .  .  .  .  B  .  .\1
<  2\W  .  W  .  W  .  .  B  .  .  .\2
<   3\.  .  .  .  .  .  B  W  .  W  .\3
<    4\.  .  .  .  W  B  W  .  .  .  .\4
<     5\.  .  .  B  W  B  B  .  .  .  .\5
<      6\.  .  .  B  W  W  B  .  .  .  .\6
<       7\.  B  W  B  B  B  .  W  .  B  .\7
<        8\.  .  W  .  W  B  .  .  .  .  W\8
<         9\.  .  .  .  B  W  .  .  .  .  .\9
<         10\.  .  W  .  B  B  .  .  .  .  .\10
<          11\B  .  .  W  B  W  .  .  .  .  .\11
<              a  b  c  d  e  f  g  h  i  j  k  
<
>final_score
<= B+
<
>quit
<= 
<
