49e87 config: MoHex v2.0.CMake Mar 21 2025.
49e87 config: ============ InitializeSystem ============
49e87 config: BenzeneProgram::InitRandom()
49e87 config: Seed = 342082
49e87 info: Prior Patterns:
49e87 info: Global:
49e87 info: Size            = 565 32648 
49e87 info: TableEntries    = 65932 65910
49e87 info: MirrorsAdded    = 0 0
49e87 info: PrunableCount   = 30593 30629
49e87 info: LargestGamma    = 5820.77
49e87 info: SmallestGamma   = 6.6e-05
49e87 info: Local:
49e87 info: Size            = 550 5318 
49e87 info: TableEntries    = 11602 11588
49e87 info: MirrorsAdded    = 0 0
49e87 info: PrunableCount   = 3659 3667
49e87 info: LargestGamma    = 11281.8
49e87 info: SmallestGamma   = 0.026235
49e87 info: Playout Patterns:
49e87 info: Global:
49e87 info: Size            = 565 32648 
49e87 info: TableEntries    = 70329 70329
49e87 info: MirrorsAdded    = 4397 4419
49e87 info: PrunableCount   = 30593 30629
49e87 info: LargestGamma    = 5820.77
49e87 info: SmallestGamma   = 6.6e-05
49e87 info: Local:
49e87 info: Size            = 550 5318 
49e87 info: TableEntries    = 11602 11588
49e87 info: MirrorsAdded    = 0 0
49e87 info: PrunableCount   = 3659 3667
49e87 info: LargestGamma    = 11281.8
49e87 info: SmallestGamma   = 0.026235
49e87 config: IcePatternSet: reading from '/home/linus/MoHex2.0/nfbranchfix/benzene-vanilla-cmake/share/ice-patterns.txt'.
49e87 config: IcePatternSet: parsed 708 patterns.
49e87 config: VCS: reading captured set patterns from '/home/linus/MoHex2.0/nfbranchfix/benzene-vanilla-cmake/share/vc-captured-set.txt'.
49e87 config: VCS:: parsed 2 patterns.
49e87 config: VCS: reading captured set patterns from '/home/linus/MoHex2.0/nfbranchfix/benzene-vanilla-cmake/share/vc-captured-set.txt'.
49e87 config: VCS:: parsed 2 patterns.
49e87 config: IcePatternSet: reading from '/home/linus/MoHex2.0/nfbranchfix/benzene-vanilla-cmake/share/ice-patterns.txt'.
49e87 config: IcePatternSet: parsed 708 patterns.
49e87 config: VCS: reading captured set patterns from '/home/linus/MoHex2.0/nfbranchfix/benzene-vanilla-cmake/share/vc-captured-set.txt'.
49e87 config: VCS:: parsed 2 patterns.
49e87 config: VCS: reading captured set patterns from '/home/linus/MoHex2.0/nfbranchfix/benzene-vanilla-cmake/share/vc-captured-set.txt'.
49e87 config: VCS:: parsed 2 patterns.
49e87 config: VCS: reading captured set patterns from '/home/linus/MoHex2.0/nfbranchfix/benzene-vanilla-cmake/share/vc-captured-set.txt'.
49e87 config: VCS:: parsed 2 patterns.
49e87 config: VCS: reading captured set patterns from '/home/linus/MoHex2.0/nfbranchfix/benzene-vanilla-cmake/share/vc-captured-set.txt'.
49e87 config: VCS:: parsed 2 patterns.
49e87 config: VCS: reading captured set patterns from '/home/linus/MoHex2.0/nfbranchfix/benzene-vanilla-cmake/share/vc-captured-set.txt'.
49e87 config: VCS:: parsed 2 patterns.
49e87 config: VCS: reading captured set patterns from '/home/linus/MoHex2.0/nfbranchfix/benzene-vanilla-cmake/share/vc-captured-set.txt'.
49e87 config: VCS:: parsed 2 patterns.
49e87 info: PlayAndSolve: Building VCs to avoid race condition.
49e87 config: VCPattern: loading pattern templates from '/home/linus/MoHex2.0/nfbranchfix/benzene-vanilla-cmake/share/vc-patterns.txt'.
49e87 info: PlayAndSolve: Continuing on as usual.
d7126 info: *** PlayerThread ***
cf116 info: *** SolverThread ***
ffff6 config: VCS: reading captured set patterns from '/home/linus/MoHex2.0/nfbranchfix/benzene-vanilla-cmake/share/vc-captured-set.txt'.
ffff6 config: VCS:: parsed 2 patterns.
ffff6 config: VCS: reading captured set patterns from '/home/linus/MoHex2.0/nfbranchfix/benzene-vanilla-cmake/share/vc-captured-set.txt'.
ffff6 config: VCS:: parsed 2 patterns.
ffff6 dfpn: 
d7126 info: Best move cannot be determined, must search state.
d7126 info: --- MoHexPlayer::Search() ---
d7126 info: Color: white
d7126 info: MaxGames: 1
d7126 info: NumberThreads: 1
d7126 info: MaxNodes: 181818181 (15999999928 bytes)
d7126 info: TimeForMove: 1
ffff6 dfpn: d8
ffff6 dfpn: b10
ffff6 dfpn: h4
ffff6 dfpn: c9
ffff6 dfpn: e7
ffff6 dfpn: g5
ffff6 dfpn: d7
ffff6 dfpn: e8
ffff6 dfpn: e6
ffff6 dfpn: f6
ffff6 dfpn: f7
ffff6 dfpn: c8
ffff6 dfpn: i3
ffff6 dfpn: g6
ffff6 dfpn: h5
ffff6 dfpn: f5
ffff6 dfpn: g4
ffff6 dfpn: g7
ffff6 dfpn: b8
ffff6 dfpn: j2
ffff6 dfpn: d9
ffff6 dfpn: b9
ffff6 dfpn: f8
ffff6 dfpn: d6
ffff6 dfpn: e5
ffff6 dfpn: b8
d7126 info: PreSearch: max time reached (55/93).
d7126 info: Time for PreSearch: 0.201297s
d7126 info: 
  16fb1f9bcce4491b
  a  b  c  d  e  f  g  h  i  j  k  
 1\.  .  *  .  *  *  *  *  *  *  .\1
  2\.  *  *  *  *  *  *  *  *  *  .\2
   3\.  *  *  *  *  *  *  *  *  *  .\3
    4\B  *  *  *  *  *  *  *  *  *  .\4
     5\.  *  *  *  *  *  *  *  *  *  .\5
      6\.  *  *  *  *  *  *  *  *  *  .\6
       7\.  *  *  *  *  *  *  *  *  *  .\7
        8\.  *  *  *  *  *  *  *  *  *  .\8
         9\.  *  *  *  *  *  *  *  *  *  .\9
         10\.  *  *  *  *  *  *  *  *  .  .\10
          11\.  *  *  *  *  *  *  .  .  .  .\11
              a  b  c  d  e  f  g  h  i  j  k  
d7126 info: No subtree to reuse.
ffff6 dfpn: b9
d7126 info: Creating thread 0
d7126 info: StartSearch()[0]
d7126 config: VCS: reading captured set patterns from '/home/linus/MoHex2.0/nfbranchfix/benzene-vanilla-cmake/share/vc-captured-set.txt'.
d7126 config: VCS:: parsed 2 patterns.
d7126 config: VCS: reading captured set patterns from '/home/linus/MoHex2.0/nfbranchfix/benzene-vanilla-cmake/share/vc-captured-set.txt'.
d7126 config: VCS:: parsed 2 patterns.
d7126 info: 
Elapsed Time   0.563532s
Count          1
GamesPlayed    1
Nodes          1
Knowledge      0 (0.0%)
Expansions     0.0
Time           0.00
GameLen        120.0 dev=0.0 min=120.0 max=120.0
InTree         0.0 dev=0.0 min=0.0 max=0.0
KnowDepth      -
Aborted        0%
Games/s        403.2
Score          1.00
Sequence      
d7126 info: 
d7126 warning: **** MoHexSearch returned empty sequence!
d7126 warning: **** Returning random move!
d7126 info: *** Player move: g3
ffff6 info: DfpnSolver::CheckAbort(): Abort flag!
cf116 info: 
MID calls      79
VC builds      76
Terminal       0
Work           79
Wasted Work    0 (0%)
Elapsed Time   0.580003
MIDs/sec       136.206
VCs/sec        131.034
Cnt prune sib  0
Avg prune sib  -
Consider Size  86.9342 dev=5.23216 min=76 max=93
Move Index     -
Move Percent   -
Delta Increase 3.21795 dev=13.3548 min=1 max=87
Winner         empty
PV             b9 d7 c9

HashTableStatistics:
Stores         184
LookupAttempt  16399
LookupSuccess  864
Collisions     0

cf116 info: Search aborted.
49e87 info: PlayAndSolve: Building VCs to avoid race condition.
49e87 info: PlayAndSolve: Continuing on as usual.
cf116 info: *** PlayerThread ***
d7126 info: *** SolverThread ***
ffff6 config: VCS: reading captured set patterns from '/home/linus/MoHex2.0/nfbranchfix/benzene-vanilla-cmake/share/vc-captured-set.txt'.
ffff6 config: VCS:: parsed 2 patterns.
ffff6 config: VCS: reading captured set patterns from '/home/linus/MoHex2.0/nfbranchfix/benzene-vanilla-cmake/share/vc-captured-set.txt'.
ffff6 config: VCS:: parsed 2 patterns.
ffff6 dfpn: 
cf116 info: Best move cannot be determined, must search state.
cf116 info: --- MoHexPlayer::Search() ---
cf116 info: Color: white
cf116 info: MaxGames: 1
cf116 info: NumberThreads: 1
cf116 info: MaxNodes: 181818181 (15999999928 bytes)
cf116 info: TimeForMove: 1
ffff6 dfpn: e4
ffff6 dfpn: d6
ffff6 dfpn: h4
ffff6 dfpn: i3
ffff6 dfpn: j2
ffff6 dfpn: f5
ffff6 dfpn: h3
ffff6 dfpn: d9
ffff6 dfpn: e5
ffff6 dfpn: e6
ffff6 dfpn: d5
ffff6 dfpn: i2
ffff6 dfpn: b10
ffff6 dfpn: e8
ffff6 dfpn: c10
ffff6 dfpn: d8
ffff6 dfpn: d10
ffff6 dfpn: f8
ffff6 dfpn: f3
ffff6 dfpn: b5
ffff6 dfpn: i4
ffff6 dfpn: c6
ffff6 dfpn: f4
ffff6 dfpn: c5
ffff6 dfpn: j3
cf116 info: PreSearch: max time reached (48/93).
cf116 info: Time for PreSearch: 0.204036s
cf116 info: 
  051601581a811320
  a  b  c  d  e  f  g  h  i  j  k  
 1\.  .  *  *  *  *  *  *  *  *  .\1
  2\.  *  *  *  *  *  *  *  *  *  .\2
   3\.  *  *  *  *  *  W  *  *  *  .\3
    4\B  *  *  *  *  *  *  *  *  *  .\4
     5\.  *  *  *  *  *  *  *  *  *  .\5
      6\.  *  *  *  *  *  *  *  *  *  .\6
       7\.  *  *  *  B  *  *  *  *  *  .\7
        8\.  *  *  *  *  *  *  *  *  *  .\8
         9\.  *  *  *  *  *  *  *  *  *  .\9
         10\.  *  *  *  *  *  *  *  *  .  .\10
          11\.  *  *  *  *  *  *  *  .  .  .\11
              a  b  c  d  e  f  g  h  i  j  k  
cf116 info: Old: [black, a4] [white, swap-pieces] 
cf116 info: New: [black, a4] [white, swap-pieces] [white, g3] [black, e7] 
cf116 info: ReuseSubtree: Colors do not alternate.
cf116 info: No subtree to reuse.
cf116 info: StartSearch()[0]
cf116 info: 
Elapsed Time   0.360341s
Count          1
GamesPlayed    1
Nodes          1
Knowledge      0 (0.0%)
Expansions     0.0
Time           0.00
GameLen        118.0 dev=0.0 min=118.0 max=118.0
InTree         0.0 dev=0.0 min=0.0 max=0.0
KnowDepth      -
Aborted        0%
Games/s        2415.5
Score          1.00
Sequence      
cf116 info: 
cf116 warning: **** MoHexSearch returned empty sequence!
cf116 warning: **** Returning random move!
cf116 info: *** Player move: h9
ffff6 info: DfpnSolver::CheckAbort(): Abort flag!
d7126 info: 
MID calls      45
VC builds      45
Terminal       0
Work           45
Wasted Work    0 (0%)
Elapsed Time   0.374832
MIDs/sec       120.054
VCs/sec        120.054
Cnt prune sib  0
Avg prune sib  -
Consider Size  87.1333 dev=2.18627 min=81 max=93
Move Index     -
Move Percent   -
Delta Increase 2.84091 dev=12.0716 min=1 max=82
Winner         empty
PV             j3 c5 d6

HashTableStatistics:
Stores         298
LookupAttempt  29141
LookupSuccess  1587
Collisions     0

d7126 info: Search aborted.
49e87 info: PlayAndSolve: Building VCs to avoid race condition.
49e87 info: PlayAndSolve: Continuing on as usual.
d7126 info: *** PlayerThread ***
cf116 info: *** SolverThread ***
ffff6 config: VCS: reading captured set patterns from '/home/linus/MoHex2.0/nfbranchfix/benzene-vanilla-cmake/share/vc-captured-set.txt'.
ffff6 config: VCS:: parsed 2 patterns.
ffff6 config: VCS: reading captured set patterns from '/home/linus/MoHex2.0/nfbranchfix/benzene-vanilla-cmake/share/vc-captured-set.txt'.
ffff6 config: VCS:: parsed 2 patterns.
ffff6 dfpn: 
ffff6 dfpn: e4
d7126 info: Best move cannot be determined, must search state.
d7126 info: --- MoHexPlayer::Search() ---
d7126 info: Color: white
d7126 info: MaxGames: 1
d7126 info: NumberThreads: 1
d7126 info: MaxNodes: 181818181 (15999999928 bytes)
d7126 info: TimeForMove: 1
ffff6 dfpn: f5
ffff6 dfpn: d6
ffff6 dfpn: h4
ffff6 dfpn: d9
ffff6 dfpn: e5
ffff6 dfpn: d5
ffff6 dfpn: e6
ffff6 dfpn: i3
ffff6 dfpn: h3
ffff6 dfpn: c10
ffff6 dfpn: b10
ffff6 dfpn: d10
ffff6 dfpn: j2
ffff6 dfpn: c6
ffff6 dfpn: i2
ffff6 dfpn: f3
ffff6 dfpn: d4
ffff6 dfpn: c5
d7126 info: PreSearch: max time reached (37/91).
d7126 info: Time for PreSearch: 0.205883s
ffff6 dfpn: b5
ffff6 dfpn: f4
d7126 info: 
  13c17b5970938a14
  a  b  c  d  e  f  g  h  i  j  k  
 1\.  .  *  *  *  *  *  *  *  *  .\1
  2\.  *  *  *  *  *  *  *  *  *  .\2
   3\.  *  *  *  *  *  W  *  *  *  .\3
    4\B  *  *  *  *  *  *  *  *  *  .\4
     5\.  *  *  *  *  *  *  *  *  *  .\5
      6\.  *  *  *  *  *  *  *  *  *  .\6
       7\.  *  *  *  B  *  *  *  *  *  .\7
        8\.  *  *  B  *  *  *  *  *  *  .\8
         9\.  *  *  *  *  *  *  W  *  *  .\9
         10\.  *  *  *  *  *  *  *  *  .  .\10
          11\.  *  *  *  *  *  *  *  .  .  .\11
              a  b  c  d  e  f  g  h  i  j  k  
ffff6 dfpn: i4
ffff6 dfpn: c7
ffff6 dfpn: b6
d7126 info: Old: [black, a4] [white, swap-pieces] [white, g3] [black, e7] 
d7126 info: New: [black, a4] [white, swap-pieces] [white, g3] [black, e7] [white, h9] [black, d8] 
d7126 info: MovesPlayed: [white, h9] [black, d8] 
d7126 info: No subtree to reuse.
d7126 info: StartSearch()[0]
d7126 info: 
Elapsed Time   0.361741s
Count          1
GamesPlayed    1
Nodes          1
Knowledge      0 (0.0%)
Expansions     0.0
Time           0.00
GameLen        116.0 dev=0.0 min=116.0 max=116.0
InTree         0.0 dev=0.0 min=0.0 max=0.0
KnowDepth      -
Aborted        0%
Games/s        3174.6
Score          1.00
Sequence      
d7126 info: 
d7126 warning: **** MoHexSearch returned empty sequence!
d7126 warning: **** Returning random move!
d7126 info: *** Player move: b8
ffff6 info: DfpnSolver::CheckAbort(): Abort flag!
cf116 info: 
MID calls      30
VC builds      30
Terminal       0
Work           30
Wasted Work    0 (0%)
Elapsed Time   0.385837
MIDs/sec       77.753
VCs/sec        77.753
Cnt prune sib  0
Avg prune sib  -
Consider Size  76.8667 dev=14.5618 min=36 max=91
Move Index     -
Move Percent   -
Delta Increase 3.65517 dev=14.0499 min=1 max=78
Winner         empty
PV             b6 e5 e4

HashTableStatistics:
Stores         381
LookupAttempt  39721
LookupSuccess  2244
Collisions     0

cf116 info: Search aborted.
49e87 info: PlayAndSolve: Building VCs to avoid race condition.
49e87 info: PlayAndSolve: Continuing on as usual.
cf116 info: *** PlayerThread ***
d7126 info: *** SolverThread ***
ffff6 config: VCS: reading captured set patterns from '/home/linus/MoHex2.0/nfbranchfix/benzene-vanilla-cmake/share/vc-captured-set.txt'.
ffff6 config: VCS:: parsed 2 patterns.
ffff6 config: VCS: reading captured set patterns from '/home/linus/MoHex2.0/nfbranchfix/benzene-vanilla-cmake/share/vc-captured-set.txt'.
ffff6 config: VCS:: parsed 2 patterns.
ffff6 dfpn: 
cf116 info: Best move cannot be determined, must search state.
cf116 info: --- MoHexPlayer::Search() ---
cf116 info: Color: white
cf116 info: MaxGames: 1
cf116 info: NumberThreads: 1
cf116 info: MaxNodes: 181818181 (15999999928 bytes)
cf116 info: TimeForMove: 1
ffff6 dfpn: h3
ffff6 dfpn: e4
ffff6 dfpn: h4
ffff6 dfpn: i2
ffff6 dfpn: j2
ffff6 dfpn: i3
ffff6 dfpn: d9
ffff6 dfpn: c10
ffff6 dfpn: f6
ffff6 dfpn: d10
ffff6 dfpn: e6
ffff6 dfpn: f5
ffff6 dfpn: d6
ffff6 dfpn: d5
ffff6 dfpn: f4
ffff6 dfpn: h2
ffff6 dfpn: e5
ffff6 dfpn: f3
ffff6 dfpn: b10
ffff6 dfpn: c9
ffff6 dfpn: e10
cf116 info: PreSearch: max time reached (51/86).
cf116 info: Time for PreSearch: 0.206676s
ffff6 dfpn: d4
ffff6 dfpn: f10
cf116 info: 
  0ffc7b37d374c658
  a  b  c  d  e  f  g  h  i  j  k  
 1\.  .  *  *  *  *  *  *  *  *  .\1
  2\.  *  *  *  *  *  *  *  *  *  .\2
   3\.  *  *  *  *  *  W  *  *  *  .\3
    4\B  *  *  *  *  *  *  *  *  *  .\4
     5\.  *  *  *  *  *  B  *  *  *  .\5
      6\.  .  *  *  *  *  *  *  *  *  .\6
       7\w  .  *  *  B  *  *  *  *  *  .\7
        8\w  W  .  B  *  *  *  *  *  *  .\8
         9\w  .  *  *  *  *  *  W  *  *  .\9
         10\w  *  *  *  *  *  *  *  *  .  .\10
          11\.  *  *  *  *  *  *  *  .  .  .\11
              a  b  c  d  e  f  g  h  i  j  k  
ffff6 dfpn: e4
cf116 info: Old: [black, a4] [white, swap-pieces] [white, g3] [black, e7] [white, h9] [black, d8] 
cf116 info: New: [black, a4] [white, swap-pieces] [white, g3] [black, e7] [white, h9] [black, d8] [white, b8] [black, g5] 
cf116 info: MovesPlayed: [white, b8] [black, g5] 
cf116 info: No subtree to reuse.
cf116 info: StartSearch()[0]
cf116 info: 
Elapsed Time   0.364092s
Count          1
GamesPlayed    1
Nodes          1
Knowledge      0 (0.0%)
Expansions     0.0
Time           0.00
GameLen        110.0 dev=0.0 min=110.0 max=110.0
InTree         0.0 dev=0.0 min=0.0 max=0.0
KnowDepth      -
Aborted        0%
Games/s        3236.2
Score          0.00
Sequence      
cf116 info: 
cf116 warning: **** MoHexSearch returned empty sequence!
cf116 warning: **** Returning random move!
cf116 info: *** Player move: g4
ffff6 info: DfpnSolver::CheckAbort(): Abort flag!
d7126 info: 
MID calls      33
VC builds      32
Terminal       0
Work           33
Wasted Work    0 (0%)
Elapsed Time   0.380144
MIDs/sec       86.8092
VCs/sec        84.1786
Cnt prune sib  0
Avg prune sib  -
Consider Size  64.0625 dev=16.8855 min=21 max=86
Move Index     -
Move Percent   -
Delta Increase 2.3125 dev=6.95718 min=1 max=41
Winner         empty
PV             e4 d4 d5

HashTableStatistics:
Stores         470
LookupAttempt  49613
LookupSuccess  2904
Collisions     0

d7126 info: Search aborted.
49e87 info: PlayAndSolve: Building VCs to avoid race condition.
49e87 info: PlayAndSolve: Continuing on as usual.
d7126 info: *** PlayerThread ***
cf116 info: *** SolverThread ***
ffff6 config: VCS: reading captured set patterns from '/home/linus/MoHex2.0/nfbranchfix/benzene-vanilla-cmake/share/vc-captured-set.txt'.
ffff6 config: VCS:: parsed 2 patterns.
ffff6 config: VCS: reading captured set patterns from '/home/linus/MoHex2.0/nfbranchfix/benzene-vanilla-cmake/share/vc-captured-set.txt'.
ffff6 config: VCS:: parsed 2 patterns.
ffff6 dfpn: 
d7126 info: Best move cannot be determined, must search state.
d7126 info: --- MoHexPlayer::Search() ---
d7126 info: Color: white
d7126 info: MaxGames: 1
d7126 info: NumberThreads: 1
d7126 info: MaxNodes: 181818181 (15999999928 bytes)
d7126 info: TimeForMove: 1
ffff6 dfpn: h4
ffff6 dfpn: i3
ffff6 dfpn: e5
ffff6 dfpn: e4
ffff6 dfpn: d5
ffff6 dfpn: d6
ffff6 dfpn: f5
ffff6 dfpn: j2
ffff6 dfpn: e6
ffff6 dfpn: i4
ffff6 dfpn: c10
ffff6 dfpn: d9
ffff6 dfpn: c9
ffff6 dfpn: f3
ffff6 dfpn: c5
ffff6 dfpn: d4
ffff6 dfpn: c6
d7126 info: PreSearch: max time reached (40/82).
d7126 info: Time for PreSearch: 0.201094s
ffff6 dfpn: i2
ffff6 dfpn: c7
ffff6 dfpn: h2
d7126 info: 
  73d53a3b48fb3680
  a  b  c  d  e  f  g  h  i  j  k  
 1\.  .  *  *  *  *  *  *  *  *  .\1
  2\.  *  *  *  *  *  *  *  *  *  .\2
   3\.  *  *  *  *  *  W  *  *  *  .\3
    4\B  *  *  *  *  *  W  *  *  *  .\4
     5\.  *  *  *  *  *  B  *  *  *  .\5
      6\.  .  *  *  *  *  *  *  *  *  .\6
       7\w  .  *  *  B  *  *  *  *  *  .\7
        8\w  W  .  B  *  *  *  *  *  *  .\8
         9\w  .  *  *  *  *  *  W  *  *  .\9
         10\w  .  *  *  *  *  *  *  *  .  .\10
          11\w  B  .  *  *  *  *  *  .  .  .\11
              a  b  c  d  e  f  g  h  i  j  k  
ffff6 dfpn: f6
ffff6 dfpn: j3
ffff6 dfpn: i3
d7126 info: Old: [black, a4] [white, swap-pieces] [white, g3] [black, e7] [white, h9] [black, d8] [white, b8] [black, g5] 
d7126 info: New: [black, a4] [white, swap-pieces] [white, g3] [black, e7] [white, h9] [black, d8] [white, b8] [black, g5] [white, g4] [black, b11] 
d7126 info: MovesPlayed: [white, g4] [black, b11] 
d7126 info: No subtree to reuse.
d7126 info: StartSearch()[0]
d7126 info: 
Elapsed Time   0.350251s
Count          1
GamesPlayed    1
Nodes          1
Knowledge      0 (0.0%)
Expansions     0.0
Time           0.00
GameLen        107.0 dev=0.0 min=107.0 max=107.0
InTree         0.0 dev=0.0 min=0.0 max=0.0
KnowDepth      -
Aborted        0%
Games/s        2849.0
Score          0.00
Sequence      
d7126 info: 
d7126 warning: **** MoHexSearch returned empty sequence!
d7126 warning: **** Returning random move!
d7126 info: *** Player move: i1
ffff6 info: DfpnSolver::CheckAbort(): Abort flag!
cf116 info: 
MID calls      33
VC builds      31
Terminal       0
Work           33
Wasted Work    0 (0%)
Elapsed Time   0.371138
MIDs/sec       88.9157
VCs/sec        83.5269
Cnt prune sib  0
Avg prune sib  -
Consider Size  47.5484 dev=26.0914 min=3 max=82
Move Index     -
Move Percent   -
Delta Increase 2.4375 dev=6.0412 min=1 max=34
Winner         empty
PV             i3 d6 d5 c6

HashTableStatistics:
Stores         557
LookupAttempt  58268
LookupSuccess  3516
Collisions     0

cf116 info: Search aborted.
49e87 info: PlayAndSolve: Building VCs to avoid race condition.
49e87 info: PlayAndSolve: Continuing on as usual.
cf116 info: *** PlayerThread ***
d7126 info: *** SolverThread ***
ffff6 config: VCS: reading captured set patterns from '/home/linus/MoHex2.0/nfbranchfix/benzene-vanilla-cmake/share/vc-captured-set.txt'.
ffff6 config: VCS:: parsed 2 patterns.
ffff6 config: VCS: reading captured set patterns from '/home/linus/MoHex2.0/nfbranchfix/benzene-vanilla-cmake/share/vc-captured-set.txt'.
ffff6 config: VCS:: parsed 2 patterns.
ffff6 dfpn: 
ffff6 dfpn: e5
cf116 info: Best move cannot be determined, must search state.
cf116 info: --- MoHexPlayer::Search() ---
cf116 info: Color: white
cf116 info: MaxGames: 1
cf116 info: NumberThreads: 1
cf116 info: MaxNodes: 181818181 (15999999928 bytes)
cf116 info: TimeForMove: 1
ffff6 dfpn: i3
ffff6 dfpn: j2
ffff6 dfpn: e4
ffff6 dfpn: d5
ffff6 dfpn: f5
ffff6 dfpn: d6
ffff6 dfpn: d4
ffff6 dfpn: c5
ffff6 dfpn: f3
ffff6 dfpn: c10
ffff6 dfpn: e6
ffff6 dfpn: c6
ffff6 dfpn: d9
ffff6 dfpn: c9
ffff6 dfpn: i4
ffff6 dfpn: j1
cf116 info: PreSearch: max time reached (40/75).
cf116 info: Time for PreSearch: 0.201718s
ffff6 dfpn: g2
ffff6 dfpn: e3
cf116 info: 
  e166972fb67ca2d9
  a  b  c  d  e  f  g  h  i  j  k  
 1\.  .  *  *  *  *  *  .  W  *  .\1
  2\.  *  *  *  *  *  *  .  .  *  .\2
   3\.  *  *  *  *  *  W  .  *  *  .\3
    4\B  *  *  *  *  *  W  .  *  *  .\4
     5\.  *  *  *  *  *  B  B  *  *  .\5
      6\.  .  *  *  *  *  *  *  *  *  .\6
       7\w  .  *  *  B  *  *  *  *  *  .\7
        8\w  W  .  B  *  *  *  *  *  *  .\8
         9\w  .  *  *  *  *  *  W  *  *  .\9
         10\w  .  *  *  *  *  *  *  *  .  .\10
          11\w  B  .  *  *  *  *  *  .  .  .\11
              a  b  c  d  e  f  g  h  i  j  k  
ffff6 dfpn: c7
ffff6 dfpn: e5
cf116 info: Old: [black, a4] [white, swap-pieces] [white, g3] [black, e7] [white, h9] [black, d8] [white, b8] [black, g5] [white, g4] [black, b11] 
cf116 info: New: [black, a4] [white, swap-pieces] [white, g3] [black, e7] [white, h9] [black, d8] [white, b8] [black, g5] [white, g4] [black, b11] [white, i1] [black, h5] 
cf116 info: MovesPlayed: [white, i1] [black, h5] 
cf116 info: No subtree to reuse.
cf116 info: StartSearch()[0]
cf116 info: 
Elapsed Time   0.354508s
Count          1
GamesPlayed    1
Nodes          1
Knowledge      0 (0.0%)
Expansions     0.0
Time           0.00
GameLen        105.0 dev=0.0 min=105.0 max=105.0
InTree         0.0 dev=0.0 min=0.0 max=0.0
KnowDepth      -
Aborted        0%
Games/s        2809.0
Score          0.00
Sequence      
cf116 info: 
cf116 warning: **** MoHexSearch returned empty sequence!
cf116 warning: **** Returning random move!
cf116 info: *** Player move: b10
ffff6 info: DfpnSolver::CheckAbort(): Abort flag!
d7126 info: 
MID calls      32
VC builds      30
Terminal       0
Work           32
Wasted Work    0 (0%)
Elapsed Time   0.37283
MIDs/sec       85.83
VCs/sec        80.4656
Cnt prune sib  0
Avg prune sib  -
Consider Size  42.8667 dev=24.2648 min=6 max=75
Move Index     -
Move Percent   -
Delta Increase 3.54839 dev=8.63541 min=1 max=39
Winner         empty
PV             e5 d6 c6 d5

HashTableStatistics:
Stores         640
LookupAttempt  65566
LookupSuccess  4035
Collisions     0

d7126 info: Search aborted.
49e87 info: PlayAndSolve: Building VCs to avoid race condition.
49e87 info: PlayAndSolve: Continuing on as usual.
d7126 info: *** PlayerThread ***
cf116 info: *** SolverThread ***
ffff6 config: VCS: reading captured set patterns from '/home/linus/MoHex2.0/nfbranchfix/benzene-vanilla-cmake/share/vc-captured-set.txt'.
ffff6 config: VCS:: parsed 2 patterns.
ffff6 config: VCS: reading captured set patterns from '/home/linus/MoHex2.0/nfbranchfix/benzene-vanilla-cmake/share/vc-captured-set.txt'.
ffff6 config: VCS:: parsed 2 patterns.
ffff6 dfpn: 
ffff6 dfpn: e5
d7126 info: Best move cannot be determined, must search state.
d7126 info: --- MoHexPlayer::Search() ---
d7126 info: Color: white
d7126 info: MaxGames: 1
d7126 info: NumberThreads: 1
d7126 info: MaxNodes: 181818181 (15999999928 bytes)
d7126 info: TimeForMove: 1
ffff6 dfpn: i3
ffff6 dfpn: d5
ffff6 dfpn: e4
ffff6 dfpn: j2
ffff6 dfpn: c6
ffff6 dfpn: d6
ffff6 dfpn: d4
ffff6 dfpn: c5
ffff6 dfpn: f5
ffff6 dfpn: f3
ffff6 dfpn: c7
ffff6 dfpn: i4
ffff6 dfpn: e3
ffff6 dfpn: g2
ffff6 dfpn: j1
d7126 info: PreSearch: max time reached (42/72).
d7126 info: Time for PreSearch: 0.202296s
ffff6 dfpn: c10
ffff6 dfpn: e6
d7126 info: 
  c0e5785e0b2ccf00
  a  b  c  d  e  f  g  h  i  j  k  
 1\.  .  *  *  *  *  *  .  W  *  .\1
  2\.  *  *  *  *  *  *  .  .  *  .\2
   3\.  *  *  *  *  *  W  .  *  *  .\3
    4\B  *  *  *  *  *  W  .  *  *  .\4
     5\.  *  *  *  *  *  B  B  *  *  .\5
      6\.  .  *  *  *  *  *  *  *  *  .\6
       7\w  .  *  *  B  *  *  *  *  *  .\7
        8\w  W  .  B  .  *  *  *  *  *  .\8
         9\w  b  .  *  B  *  *  W  *  *  .\9
         10\w  W  *  *  *  *  *  *  *  .  .\10
          11\w  B  .  *  *  *  *  *  .  .  .\11
              a  b  c  d  e  f  g  h  i  j  k  
ffff6 dfpn: f2
ffff6 dfpn: e5
d7126 info: Old: [black, a4] [white, swap-pieces] [white, g3] [black, e7] [white, h9] [black, d8] [white, b8] [black, g5] [white, g4] [black, b11] [white, i1] [black, h5] 
d7126 info: New: [black, a4] [white, swap-pieces] [white, g3] [black, e7] [white, h9] [black, d8] [white, b8] [black, g5] [white, g4] [black, b11] [white, i1] [black, h5] [white, b10] [black, e9] 
d7126 info: MovesPlayed: [white, b10] [black, e9] 
d7126 info: No subtree to reuse.
d7126 info: StartSearch()[0]
d7126 info: 
Elapsed Time   0.354839s
Count          1
GamesPlayed    1
Nodes          1
Knowledge      0 (0.0%)
Expansions     0.0
Time           0.00
GameLen        102.0 dev=0.0 min=102.0 max=102.0
InTree         0.0 dev=0.0 min=0.0 max=0.0
KnowDepth      -
Aborted        0%
Games/s        3448.3
Score          0.00
Sequence      
d7126 info: 
d7126 warning: **** MoHexSearch returned empty sequence!
d7126 warning: **** Returning random move!
d7126 info: *** Player move: f10
ffff6 info: DfpnSolver::CheckAbort(): Abort flag!
cf116 info: 
MID calls      29
VC builds      28
Terminal       1
Work           30
Wasted Work    0 (0%)
Elapsed Time   0.379348
MIDs/sec       76.447
VCs/sec        73.8109
Cnt prune sib  0
Avg prune sib  -
Consider Size  37.8148 dev=21.729 min=7 max=72
Move Index     -
Move Percent   -
Delta Increase 2.17241 dev=3.3329 min=1 max=15
Winner         empty
PV             e5 i3 c10

HashTableStatistics:
Stores         718
LookupAttempt  72075
LookupSuccess  4509
Collisions     0

cf116 info: Search aborted.
49e87 info: PlayAndSolve: Building VCs to avoid race condition.
49e87 info: PlayAndSolve: Continuing on as usual.
cf116 info: *** PlayerThread ***
d7126 info: *** SolverThread ***
ffff6 config: VCS: reading captured set patterns from '/home/linus/MoHex2.0/nfbranchfix/benzene-vanilla-cmake/share/vc-captured-set.txt'.
ffff6 config: VCS:: parsed 2 patterns.
ffff6 config: VCS: reading captured set patterns from '/home/linus/MoHex2.0/nfbranchfix/benzene-vanilla-cmake/share/vc-captured-set.txt'.
ffff6 config: VCS:: parsed 2 patterns.
ffff6 dfpn: 
cf116 info: Opponent has won; playing most blocking move.
cf116 info: *** Player move: j1
d7126 info: 
MID calls      0
VC builds      1
Terminal       1
Work           1
Wasted Work    0 (0%)
Elapsed Time   0.010592
MIDs/sec       0
VCs/sec        94.4109
Cnt prune sib  0
Avg prune sib  -
Consider Size  -
Move Index     -
Move Percent   -
Delta Increase -
Winner         black
PV             

HashTableStatistics:
Stores         719
LookupAttempt  72081
LookupSuccess  4512
Collisions     0

49e87 info: PlayAndSolve: Building VCs to avoid race condition.
49e87 info: PlayAndSolve: Continuing on as usual.
d7126 info: *** PlayerThread ***
cf116 info: *** SolverThread ***
ffff6 config: VCS: reading captured set patterns from '/home/linus/MoHex2.0/nfbranchfix/benzene-vanilla-cmake/share/vc-captured-set.txt'.
ffff6 config: VCS:: parsed 2 patterns.
ffff6 config: VCS: reading captured set patterns from '/home/linus/MoHex2.0/nfbranchfix/benzene-vanilla-cmake/share/vc-captured-set.txt'.
ffff6 config: VCS:: parsed 2 patterns.
ffff6 dfpn: 
d7126 info: Opponent has won; playing most blocking move.
d7126 info: *** Player move: c10
cf116 info: 
MID calls      0
VC builds      1
Terminal       1
Work           1
Wasted Work    0 (0%)
Elapsed Time   0.016365
MIDs/sec       0
VCs/sec        61.106
Cnt prune sib  0
Avg prune sib  -
Consider Size  -
Move Index     -
Move Percent   -
Delta Increase -
Winner         black
PV             

HashTableStatistics:
Stores         720
LookupAttempt  72087
LookupSuccess  4515
Collisions     0

49e87 info: PlayAndSolve: Building VCs to avoid race condition.
49e87 info: PlayAndSolve: Continuing on as usual.
cf116 info: *** PlayerThread ***
d7126 info: *** SolverThread ***
ffff6 config: VCS: reading captured set patterns from '/home/linus/MoHex2.0/nfbranchfix/benzene-vanilla-cmake/share/vc-captured-set.txt'.
ffff6 config: VCS:: parsed 2 patterns.
ffff6 config: VCS: reading captured set patterns from '/home/linus/MoHex2.0/nfbranchfix/benzene-vanilla-cmake/share/vc-captured-set.txt'.
ffff6 config: VCS:: parsed 2 patterns.
ffff6 dfpn: 
cf116 info: Opponent has won; playing most blocking move.
cf116 info: *** Player move: e5
d7126 info: 
MID calls      0
VC builds      1
Terminal       1
Work           1
Wasted Work    0 (0%)
Elapsed Time   0.00899
MIDs/sec       0
VCs/sec        111.235
Cnt prune sib  0
Avg prune sib  -
Consider Size  -
Move Index     -
Move Percent   -
Delta Increase -
Winner         black
PV             

HashTableStatistics:
Stores         721
LookupAttempt  72093
LookupSuccess  4518
Collisions     0

49e87 info: PlayAndSolve: Building VCs to avoid race condition.
49e87 info: PlayAndSolve: Continuing on as usual.
d7126 info: *** PlayerThread ***
cf116 info: *** SolverThread ***
ffff6 config: VCS: reading captured set patterns from '/home/linus/MoHex2.0/nfbranchfix/benzene-vanilla-cmake/share/vc-captured-set.txt'.
ffff6 config: VCS:: parsed 2 patterns.
ffff6 config: VCS: reading captured set patterns from '/home/linus/MoHex2.0/nfbranchfix/benzene-vanilla-cmake/share/vc-captured-set.txt'.
ffff6 config: VCS:: parsed 2 patterns.
ffff6 dfpn: 
d7126 info: Opponent has won; playing most blocking move.
d7126 info: *** Player move: d7
cf116 info: 
MID calls      0
VC builds      1
Terminal       1
Work           1
Wasted Work    0 (0%)
Elapsed Time   0.009346
MIDs/sec       0
VCs/sec        106.998
Cnt prune sib  0
Avg prune sib  -
Consider Size  -
Move Index     -
Move Percent   -
Delta Increase -
Winner         black
PV             

HashTableStatistics:
Stores         722
LookupAttempt  72099
LookupSuccess  4521
Collisions     0

49e87 info: PlayAndSolve: Building VCs to avoid race condition.
49e87 info: PlayAndSolve: Continuing on as usual.
cf116 info: *** PlayerThread ***
d7126 info: *** SolverThread ***
ffff6 config: VCS: reading captured set patterns from '/home/linus/MoHex2.0/nfbranchfix/benzene-vanilla-cmake/share/vc-captured-set.txt'.
ffff6 config: VCS:: parsed 2 patterns.
ffff6 config: VCS: reading captured set patterns from '/home/linus/MoHex2.0/nfbranchfix/benzene-vanilla-cmake/share/vc-captured-set.txt'.
ffff6 config: VCS:: parsed 2 patterns.
ffff6 dfpn: 
cf116 info: Opponent has won; playing most blocking move.
cf116 info: *** Player move: e3
d7126 info: 
MID calls      0
VC builds      1
Terminal       1
Work           1
Wasted Work    0 (0%)
Elapsed Time   0.00997
MIDs/sec       0
VCs/sec        100.301
Cnt prune sib  0
Avg prune sib  -
Consider Size  -
Move Index     -
Move Percent   -
Delta Increase -
Winner         black
PV             

HashTableStatistics:
Stores         723
LookupAttempt  72105
LookupSuccess  4524
Collisions     0

49e87 info: PlayAndSolve: Building VCs to avoid race condition.
49e87 info: PlayAndSolve: Continuing on as usual.
d7126 info: *** PlayerThread ***
cf116 info: *** SolverThread ***
ffff6 config: VCS: reading captured set patterns from '/home/linus/MoHex2.0/nfbranchfix/benzene-vanilla-cmake/share/vc-captured-set.txt'.
ffff6 config: VCS:: parsed 2 patterns.
ffff6 config: VCS: reading captured set patterns from '/home/linus/MoHex2.0/nfbranchfix/benzene-vanilla-cmake/share/vc-captured-set.txt'.
ffff6 config: VCS:: parsed 2 patterns.
ffff6 dfpn: 
d7126 info: Opponent has won; playing most blocking move.
d7126 info: *** Player move: d2
cf116 info: 
MID calls      0
VC builds      1
Terminal       1
Work           1
Wasted Work    0 (0%)
Elapsed Time   0.010205
MIDs/sec       0
VCs/sec        97.9912
Cnt prune sib  0
Avg prune sib  -
Consider Size  -
Move Index     -
Move Percent   -
Delta Increase -
Winner         black
PV             

HashTableStatistics:
Stores         724
LookupAttempt  72111
LookupSuccess  4527
Collisions     0

49e87 info: PlayAndSolve: Building VCs to avoid race condition.
49e87 info: PlayAndSolve: Continuing on as usual.
cf116 info: *** PlayerThread ***
d7126 info: *** SolverThread ***
ffff6 config: VCS: reading captured set patterns from '/home/linus/MoHex2.0/nfbranchfix/benzene-vanilla-cmake/share/vc-captured-set.txt'.
ffff6 config: VCS:: parsed 2 patterns.
ffff6 config: VCS: reading captured set patterns from '/home/linus/MoHex2.0/nfbranchfix/benzene-vanilla-cmake/share/vc-captured-set.txt'.
ffff6 config: VCS:: parsed 2 patterns.
ffff6 dfpn: 
cf116 info: Captured cells caused win! Removing...
d7126 info: 
MID calls      0
VC builds      1
Terminal       1
Work           1
Wasted Work    0 (0%)
Elapsed Time   0.003086
MIDs/sec       0
VCs/sec        324.044
Cnt prune sib  0
Avg prune sib  -
Consider Size  -
Move Index     -
Move Percent   -
Delta Increase -
Winner         black
PV             

HashTableStatistics:
Stores         725
LookupAttempt  72117
LookupSuccess  4530
Collisions     0

cf116 info: Opponent has won; playing most blocking move.
cf116 info: *** Player move: d11
49e87 info: PlayAndSolve: Building VCs to avoid race condition.
49e87 info: PlayAndSolve: Continuing on as usual.
d7126 info: *** PlayerThread ***
cf116 info: *** SolverThread ***
ffff6 config: VCS: reading captured set patterns from '/home/linus/MoHex2.0/nfbranchfix/benzene-vanilla-cmake/share/vc-captured-set.txt'.
ffff6 config: VCS:: parsed 2 patterns.
ffff6 config: VCS: reading captured set patterns from '/home/linus/MoHex2.0/nfbranchfix/benzene-vanilla-cmake/share/vc-captured-set.txt'.
ffff6 config: VCS:: parsed 2 patterns.
d7126 info: Captured cells caused win! Removing...
ffff6 dfpn: 
cf116 info: 
MID calls      0
VC builds      1
Terminal       1
Work           1
Wasted Work    0 (0%)
Elapsed Time   0.00378
MIDs/sec       0
VCs/sec        264.55
Cnt prune sib  0
Avg prune sib  -
Consider Size  -
Move Index     -
Move Percent   -
Delta Increase -
Winner         black
PV             

HashTableStatistics:
Stores         726
LookupAttempt  72123
LookupSuccess  4533
Collisions     0

d7126 info: Opponent has won; playing most blocking move.
d7126 info: *** Player move: b1
49e87 info: PlayAndSolve: Building VCs to avoid race condition.
49e87 info: PlayAndSolve: Continuing on as usual.
cf116 info: *** PlayerThread ***
d7126 info: *** SolverThread ***
ffff6 config: VCS: reading captured set patterns from '/home/linus/MoHex2.0/nfbranchfix/benzene-vanilla-cmake/share/vc-captured-set.txt'.
ffff6 config: VCS:: parsed 2 patterns.
ffff6 config: VCS: reading captured set patterns from '/home/linus/MoHex2.0/nfbranchfix/benzene-vanilla-cmake/share/vc-captured-set.txt'.
ffff6 config: VCS:: parsed 2 patterns.
ffff6 dfpn: 
cf116 info: Captured cells caused win! Removing...
d7126 info: 
MID calls      0
VC builds      1
Terminal       1
Work           1
Wasted Work    0 (0%)
Elapsed Time   0.002673
MIDs/sec       0
VCs/sec        374.111
Cnt prune sib  0
Avg prune sib  -
Consider Size  -
Move Index     -
Move Percent   -
Delta Increase -
Winner         black
PV             

HashTableStatistics:
Stores         727
LookupAttempt  72129
LookupSuccess  4536
Collisions     0

cf116 info: Opponent has won; playing most blocking move.
cf116 info: *** Player move: d4
49e87 info: PlayAndSolve: Building VCs to avoid race condition.
49e87 info: PlayAndSolve: Continuing on as usual.
d7126 info: *** PlayerThread ***
cf116 info: *** SolverThread ***
ffff6 config: VCS: reading captured set patterns from '/home/linus/MoHex2.0/nfbranchfix/benzene-vanilla-cmake/share/vc-captured-set.txt'.
ffff6 config: VCS:: parsed 2 patterns.
ffff6 config: VCS: reading captured set patterns from '/home/linus/MoHex2.0/nfbranchfix/benzene-vanilla-cmake/share/vc-captured-set.txt'.
ffff6 config: VCS:: parsed 2 patterns.
d7126 info: Captured cells caused win! Removing...
ffff6 dfpn: 
cf116 info: 
MID calls      0
VC builds      1
Terminal       1
Work           1
Wasted Work    0 (0%)
Elapsed Time   0.003391
MIDs/sec       0
VCs/sec        294.898
Cnt prune sib  0
Avg prune sib  -
Consider Size  -
Move Index     -
Move Percent   -
Delta Increase -
Winner         black
PV             

HashTableStatistics:
Stores         728
LookupAttempt  72135
LookupSuccess  4539
Collisions     0

d7126 info: Opponent has won; playing most blocking move.
d7126 info: *** Player move: e8
49e87 info: PlayAndSolve: Building VCs to avoid race condition.
49e87 info: PlayAndSolve: Continuing on as usual.
cf116 info: *** PlayerThread ***
d7126 info: *** SolverThread ***
ffff6 config: VCS: reading captured set patterns from '/home/linus/MoHex2.0/nfbranchfix/benzene-vanilla-cmake/share/vc-captured-set.txt'.
ffff6 config: VCS:: parsed 2 patterns.
ffff6 config: VCS: reading captured set patterns from '/home/linus/MoHex2.0/nfbranchfix/benzene-vanilla-cmake/share/vc-captured-set.txt'.
ffff6 config: VCS:: parsed 2 patterns.
cf116 info: Captured cells caused win! Removing...
ffff6 dfpn: 
d7126 info: 
MID calls      0
VC builds      1
Terminal       1
Work           1
Wasted Work    0 (0%)
Elapsed Time   0.002584
MIDs/sec       0
VCs/sec        386.997
Cnt prune sib  0
Avg prune sib  -
Consider Size  -
Move Index     -
Move Percent   -
Delta Increase -
Winner         black
PV             

HashTableStatistics:
Stores         729
LookupAttempt  72141
LookupSuccess  4542
Collisions     0

cf116 info: Opponent has won; playing most blocking move.
cf116 info: *** Player move: d1
49e87 config: ============ BenzeneShutdown =============
49e87 config: MoHexProgram:: ShutdownSystem()
49e87 config: CommonProgram:: ShutdownSystem()
49e87 config: BenzeneProgram:: ShutdownSystem()
Flushing and closing this stream...
