# nice ../build/src/mohex/mohex --config mohex-cg2010.htp --seed 643469 --logfile-name jobs/11x11-mohex-mohex-weak-vs-mohex-mohex-cg2010/mohex-mohex-cg2010-23.log
>boardsize 11 11
<= 
<
>name
MoHex 2.0.CMake Mar 21 2025
Copyright (C) 2007-2012 by the authors of the Benzene project.
This program comes with ABSOLUTELY NO WARRANTY. This is
free software and you are welcome to redistribute it under
certain conditions. Type `benzene-license' for details.

SgRandom::SetSeed: 643469
SgUctSearch: system memory 33632358400, using 1000000000 (5681818 nodes)
SgRandom::SetSeed: 1
SgRandom::SetSeed: 643469
f1a77 info: Prior Patterns:
f1a77 info: Global:
f1a77 info: Size            = 565 32648 
f1a77 info: TableEntries    = 65932 65910
f1a77 info: MirrorsAdded    = 0 0
f1a77 info: PrunableCount   = 30593 30629
f1a77 info: LargestGamma    = 5820.77
f1a77 info: SmallestGamma   = 6.6e-05
f1a77 info: Local:
f1a77 info: Size            = 550 5318 
f1a77 info: TableEntries    = 11602 11588
f1a77 info: MirrorsAdded    = 0 0
f1a77 info: PrunableCount   = 3659 3667
f1a77 info: LargestGamma    = 11281.8
f1a77 info: SmallestGamma   = 0.026235
f1a77 info: Playout Patterns:
f1a77 info: Global:
f1a77 info: Size            = 565 32648 
f1a77 info: TableEntries    = 70329 70329
f1a77 info: MirrorsAdded    = 4397 4419
f1a77 info: PrunableCount   = 30593 30629
f1a77 info: LargestGamma    = 5820.77
f1a77 info: SmallestGamma   = 6.6e-05
f1a77 info: Local:
f1a77 info: Size            = 550 5318 
f1a77 info: TableEntries    = 11602 11588
f1a77 info: MirrorsAdded    = 0 0
f1a77 info: PrunableCount   = 3659 3667
f1a77 info: LargestGamma    = 11281.8
f1a77 info: SmallestGamma   = 0.026235
param_game allow_swap 1
= 

param_mohex max_memory 32000000000
= 

param_mohex num_threads 1
= 

param_mohex max_time 1
= 

param_mohex max_games 1
= 

param_mohex knowledge_threshold 400
= 

param_mohex reuse_subtree 1
= 

param_mohex use_parallel_solver 1
= 

<= MoHex
<
>version
<= 2.0.CMake
<
>play b b1
<= 
<
>showboard
<= 
< 
<  f259d8ebdc456140
<  a  b  c  d  e  f  g  h  i  j  k  
< 1\.  B  .  .  .  .  .  .  .  .  .\1
<  2\.  .  .  .  .  .  .  .  .  .  .\2
<   3\.  .  .  .  .  .  .  .  .  .  .\3
<    4\.  .  .  .  .  .  .  .  .  .  .\4
<     5\.  .  .  .  .  .  .  .  .  .  .\5
<      6\.  .  .  .  .  .  .  .  .  .  .\6
<       7\.  .  .  .  .  .  .  .  .  .  .\7
<        8\.  .  .  .  .  .  .  .  .  .  .\8
<         9\.  .  .  .  .  .  .  .  .  .  .\9
<         10\.  .  .  .  .  .  .  .  .  .  .\10
<          11\.  .  .  .  .  .  .  .  .  .  .\11
<              a  b  c  d  e  f  g  h  i  j  k  
<
>play w e10
<= 
<
>showboard
<= 
< 
<  c71c07c84eda2d7d
<  a  b  c  d  e  f  g  h  i  j  k  
< 1\.  B  .  .  .  .  .  .  .  .  .\1
<  2\.  .  .  .  .  .  .  .  .  .  .\2
<   3\.  .  .  .  .  .  .  .  .  .  .\3
<    4\.  .  .  .  .  .  .  .  .  .  .\4
<     5\.  .  .  .  .  .  .  .  .  .  .\5
<      6\.  .  .  .  .  .  .  .  .  .  .\6
<       7\.  .  .  .  .  .  .  .  .  .  .\7
<        8\.  .  .  .  .  .  .  .  .  .  .\8
<         9\.  .  .  .  .  .  .  .  .  .  .\9
<         10\.  .  .  .  W  .  .  .  .  .  .\10
<          11\.  .  .  .  .  .  .  .  .  .  .\11
<              a  b  c  d  e  f  g  h  i  j  k  
<
>genmove b
<= b11
<
>showboard
f1a77 info: PlayAndSolve: Building VCs to avoid race condition.
f1a77 info: PlayAndSolve: Continuing on as usual.
7ed16 info: *** PlayerThread ***
76d06 info: *** SolverThread ***
7ed16 info: Best move cannot be determined, must search state.
7ed16 info: --- MoHexPlayer::Search() ---
7ed16 info: Color: black
7ed16 info: MaxGames: 1
7ed16 info: NumberThreads: 1
7ed16 info: MaxNodes: 181818181 (15999999928 bytes)
7ed16 info: TimeForMove: 1
7ed16 info: PreSearch: max time reached (52/94).
7ed16 info: Time for PreSearch: 0.201118s
7ed16 info: 
  c71c07c84eda2d7d
  a  b  c  d  e  f  g  h  i  j  k  
 1\b  B  .  .  .  .  .  .  .  .  .\1
  2\.  *  *  *  *  *  *  *  *  *  *\2
   3\*  *  *  *  *  *  *  *  *  *  *\3
    4\*  *  *  *  *  *  *  *  *  *  *\4
     5\*  *  *  *  *  *  *  *  *  *  *\5
      6\*  *  *  *  *  *  *  *  *  *  *\6
       7\*  *  *  *  *  *  *  *  *  *  *\7
        8\*  *  *  *  *  *  *  *  *  *  *\8
         9\*  *  *  *  *  *  *  *  *  *  .\9
         10\*  *  *  *  W  *  *  *  *  .  .\10
          11\.  .  .  .  .  .  .  .  .  .  .\11
              a  b  c  d  e  f  g  h  i  j  k  
7ed16 info: No subtree to reuse.
7ed16 info: Creating thread 0
7ed16 info: StartSearch()[0]
SgUctSearch: max games reached
7ed16 info: 
Elapsed Time   0.550282s
Count          1
GamesPlayed    1
Nodes          1
Knowledge      0 (0.0%)
Expansions     0.0
Time           0.00
GameLen        118.0 dev=0.0 min=118.0 max=118.0
InTree         0.0 dev=0.0 min=0.0 max=0.0
KnowDepth      -
Aborted        0%
Games/s        417.2
Score          1.00
Sequence      
7ed16 info: 
7ed16 warning: **** MoHexSearch returned empty sequence!
7ed16 warning: **** Returning random move!
7ed16 info: *** Player move: b11
6ecf6 info: DfpnSolver::CheckAbort(): Abort flag!
76d06 info: 
MID calls      69
VC builds      67
Terminal       0
Work           69
Wasted Work    0 (0%)
Elapsed Time   0.566943
MIDs/sec       121.705
VCs/sec        118.178
Cnt prune sib  0
Avg prune sib  -
Consider Size  86.5522 dev=4.44613 min=76 max=94
Move Index     -
Move Percent   -
Delta Increase 3.5 dev=14.0194 min=1 max=85
Winner         empty
PV             c10 b8 g6 d8

HashTableStatistics:
Stores         162
LookupAttempt  15264
LookupSuccess  801
Collisions     0

76d06 info: Search aborted.
<= 
< 
<  c9a1cd2a05d87852
<  a  b  c  d  e  f  g  h  i  j  k  
< 1\.  B  .  .  .  .  .  .  .  .  .\1
<  2\.  .  .  .  .  .  .  .  .  .  .\2
<   3\.  .  .  .  .  .  .  .  .  .  .\3
<    4\.  .  .  .  .  .  .  .  .  .  .\4
<     5\.  .  .  .  .  .  .  .  .  .  .\5
<      6\.  .  .  .  .  .  .  .  .  .  .\6
<       7\.  .  .  .  .  .  .  .  .  .  .\7
<        8\.  .  .  .  .  .  .  .  .  .  .\8
<         9\.  .  .  .  .  .  .  .  .  .  .\9
<         10\.  .  .  .  W  .  .  .  .  .  .\10
<          11\.  B  .  .  .  .  .  .  .  .  .\11
<              a  b  c  d  e  f  g  h  i  j  k  
<
>play w f7
<= 
<
>showboard
<= 
< 
<  5284ec20cb03b8b3
<  a  b  c  d  e  f  g  h  i  j  k  
< 1\.  B  .  .  .  .  .  .  .  .  .\1
<  2\.  .  .  .  .  .  .  .  .  .  .\2
<   3\.  .  .  .  .  .  .  .  .  .  .\3
<    4\.  .  .  .  .  .  .  .  .  .  .\4
<     5\.  .  .  .  .  .  .  .  .  .  .\5
<      6\.  .  .  .  .  .  .  .  .  .  .\6
<       7\.  .  .  .  .  W  .  .  .  .  .\7
<        8\.  .  .  .  .  .  .  .  .  .  .\8
<         9\.  .  .  .  .  .  .  .  .  .  .\9
<         10\.  .  .  .  W  .  .  .  .  .  .\10
<          11\.  B  .  .  .  .  .  .  .  .  .\11
<              a  b  c  d  e  f  g  h  i  j  k  
<
>genmove b
<= h2
<
>showboard
f1a77 info: PlayAndSolve: Building VCs to avoid race condition.
f1a77 info: PlayAndSolve: Continuing on as usual.
76d06 info: *** PlayerThread ***
7ed16 info: *** SolverThread ***
76d06 info: Best move cannot be determined, must search state.
76d06 info: --- MoHexPlayer::Search() ---
76d06 info: Color: black
76d06 info: MaxGames: 1
76d06 info: NumberThreads: 1
76d06 info: MaxNodes: 181818181 (15999999928 bytes)
76d06 info: TimeForMove: 1
76d06 info: PreSearch: max time reached (59/91).
76d06 info: Time for PreSearch: 0.204219s
76d06 info: 
  5284ec20cb03b8b3
  a  b  c  d  e  f  g  h  i  j  k  
 1\b  B  .  .  .  .  .  .  .  .  .\1
  2\.  *  *  *  *  *  *  *  *  *  *\2
   3\*  *  *  *  *  *  *  *  *  *  *\3
    4\*  *  *  *  *  *  *  *  *  *  *\4
     5\*  *  *  *  *  *  *  *  *  *  *\5
      6\*  *  *  *  *  *  *  *  *  *  *\6
       7\*  *  *  *  *  W  *  *  *  *  *\7
        8\*  *  *  *  *  *  *  *  *  *  *\8
         9\*  *  *  *  *  *  *  *  *  *  .\9
         10\*  *  .  .  W  *  *  *  *  .  .\10
          11\.  B  b  b  .  .  .  .  .  .  .\11
              a  b  c  d  e  f  g  h  i  j  k  
76d06 info: Old: [black, b1] [white, e10] 
76d06 info: New: [black, b1] [white, e10] [black, b11] [white, f7] 
76d06 info: MovesPlayed: [black, b11] [white, f7] 
76d06 info: No subtree to reuse.
76d06 info: StartSearch()[0]
SgUctSearch: max games reached
76d06 info: 
Elapsed Time   0.366912s
Count          1
GamesPlayed    1
Nodes          1
Knowledge      0 (0.0%)
Expansions     0.0
Time           0.00
GameLen        114.0 dev=0.0 min=114.0 max=114.0
InTree         0.0 dev=0.0 min=0.0 max=0.0
KnowDepth      -
Aborted        0%
Games/s        3125.0
Score          1.00
Sequence      
76d06 info: 
76d06 warning: **** MoHexSearch returned empty sequence!
76d06 warning: **** Returning random move!
76d06 info: *** Player move: h2
6ecf6 info: DfpnSolver::CheckAbort(): Abort flag!
7ed16 info: 
MID calls      50
VC builds      48
Terminal       0
Work           50
Wasted Work    0 (0%)
Elapsed Time   0.379247
MIDs/sec       131.84
VCs/sec        126.567
Cnt prune sib  0
Avg prune sib  -
Consider Size  85.4792 dev=2.441 min=75 max=91
Move Index     -
Move Percent   -
Delta Increase 4.28571 dev=15.8307 min=1 max=83
Winner         empty
PV             d9 b7 d8 e6

HashTableStatistics:
Stores         285
LookupAttempt  28161
LookupSuccess  1530
Collisions     0

7ed16 info: Search aborted.
<= 
< 
<  365179276a3c472e
<  a  b  c  d  e  f  g  h  i  j  k  
< 1\.  B  .  .  .  .  .  .  .  .  .\1
<  2\.  .  .  .  .  .  .  B  .  .  .\2
<   3\.  .  .  .  .  .  .  .  .  .  .\3
<    4\.  .  .  .  .  .  .  .  .  .  .\4
<     5\.  .  .  .  .  .  .  .  .  .  .\5
<      6\.  .  .  .  .  .  .  .  .  .  .\6
<       7\.  .  .  .  .  W  .  .  .  .  .\7
<        8\.  .  .  .  .  .  .  .  .  .  .\8
<         9\.  .  .  .  .  .  .  .  .  .  .\9
<         10\.  .  .  .  W  .  .  .  .  .  .\10
<          11\.  B  .  .  .  .  .  .  .  .  .\11
<              a  b  c  d  e  f  g  h  i  j  k  
<
>play w d3
<= 
<
>showboard
<= 
< 
<  96507cbd8836b044
<  a  b  c  d  e  f  g  h  i  j  k  
< 1\.  B  .  .  .  .  .  .  .  .  .\1
<  2\.  .  .  .  .  .  .  B  .  .  .\2
<   3\.  .  .  W  .  .  .  .  .  .  .\3
<    4\.  .  .  .  .  .  .  .  .  .  .\4
<     5\.  .  .  .  .  .  .  .  .  .  .\5
<      6\.  .  .  .  .  .  .  .  .  .  .\6
<       7\.  .  .  .  .  W  .  .  .  .  .\7
<        8\.  .  .  .  .  .  .  .  .  .  .\8
<         9\.  .  .  .  .  .  .  .  .  .  .\9
<         10\.  .  .  .  W  .  .  .  .  .  .\10
<          11\.  B  .  .  .  .  .  .  .  .  .\11
<              a  b  c  d  e  f  g  h  i  j  k  
<
>genmove b
<= f6
<
>showboard
f1a77 info: PlayAndSolve: Building VCs to avoid race condition.
f1a77 info: PlayAndSolve: Continuing on as usual.
7ed16 info: *** PlayerThread ***
76d06 info: *** SolverThread ***
7ed16 info: Best move cannot be determined, must search state.
7ed16 info: --- MoHexPlayer::Search() ---
7ed16 info: Color: black
7ed16 info: MaxGames: 1
7ed16 info: NumberThreads: 1
7ed16 info: MaxNodes: 181818181 (15999999928 bytes)
7ed16 info: TimeForMove: 1
7ed16 info: PreSearch: max time reached (68/85).
7ed16 info: Time for PreSearch: 0.202751s
7ed16 info: 
  96507cbd8836b044
  a  b  c  d  e  f  g  h  i  j  k  
 1\b  B  .  .  .  .  b  b  b  b  .\1
  2\.  *  *  .  .  *  .  B  .  *  *\2
   3\*  *  *  W  *  *  *  *  *  *  *\3
    4\*  *  *  *  *  *  *  *  *  *  *\4
     5\*  *  *  *  *  *  *  *  *  *  *\5
      6\*  *  *  *  *  *  *  *  *  *  *\6
       7\*  *  *  *  *  W  *  *  *  *  *\7
        8\*  *  *  *  *  *  *  *  *  *  *\8
         9\*  *  *  *  *  *  *  *  *  *  .\9
         10\*  *  .  .  W  *  *  *  *  .  .\10
          11\.  B  b  b  .  .  .  .  .  .  .\11
              a  b  c  d  e  f  g  h  i  j  k  
7ed16 info: Old: [black, b1] [white, e10] [black, b11] [white, f7] 
7ed16 info: New: [black, b1] [white, e10] [black, b11] [white, f7] [black, h2] [white, d3] 
7ed16 info: MovesPlayed: [black, h2] [white, d3] 
7ed16 info: No subtree to reuse.
7ed16 info: StartSearch()[0]
SgUctSearch: max games reached
7ed16 info: 
Elapsed Time   0.389614s
Count          1
GamesPlayed    1
Nodes          1
Knowledge      0 (0.0%)
Expansions     0.0
Time           0.00
GameLen        108.0 dev=0.0 min=108.0 max=108.0
InTree         0.0 dev=0.0 min=0.0 max=0.0
KnowDepth      -
Aborted        0%
Games/s        2624.7
Score          0.00
Sequence      
7ed16 info: 
7ed16 warning: **** MoHexSearch returned empty sequence!
7ed16 warning: **** Returning random move!
7ed16 info: *** Player move: f6
6ecf6 info: DfpnSolver::CheckAbort(): Abort flag!
76d06 info: 
MID calls      44
VC builds      43
Terminal       0
Work           44
Wasted Work    0 (0%)
Elapsed Time   0.408425
MIDs/sec       107.731
VCs/sec        105.282
Cnt prune sib  0
Avg prune sib  -
Consider Size  74.6279 dev=9.59421 min=43 max=85
Move Index     -
Move Percent   -
Delta Increase 2.72093 dev=10.9996 min=1 max=74
Winner         empty
PV             d9 g6 d8

HashTableStatistics:
Stores         396
LookupAttempt  39171
LookupSuccess  2201
Collisions     0

76d06 info: Search aborted.
<= 
< 
<  1adeb89040f66462
<  a  b  c  d  e  f  g  h  i  j  k  
< 1\.  B  .  .  .  .  .  .  .  .  .\1
<  2\.  .  .  .  .  .  .  B  .  .  .\2
<   3\.  .  .  W  .  .  .  .  .  .  .\3
<    4\.  .  .  .  .  .  .  .  .  .  .\4
<     5\.  .  .  .  .  .  .  .  .  .  .\5
<      6\.  .  .  .  .  B  .  .  .  .  .\6
<       7\.  .  .  .  .  W  .  .  .  .  .\7
<        8\.  .  .  .  .  .  .  .  .  .  .\8
<         9\.  .  .  .  .  .  .  .  .  .  .\9
<         10\.  .  .  .  W  .  .  .  .  .  .\10
<          11\.  B  .  .  .  .  .  .  .  .  .\11
<              a  b  c  d  e  f  g  h  i  j  k  
<
>play w k4
<= 
<
>showboard
<= 
< 
<  422ea604fc9b59ae
<  a  b  c  d  e  f  g  h  i  j  k  
< 1\.  B  .  .  .  .  .  .  .  .  .\1
<  2\.  .  .  .  .  .  .  B  .  .  .\2
<   3\.  .  .  W  .  .  .  .  .  .  .\3
<    4\.  .  .  .  .  .  .  .  .  .  W\4
<     5\.  .  .  .  .  .  .  .  .  .  .\5
<      6\.  .  .  .  .  B  .  .  .  .  .\6
<       7\.  .  .  .  .  W  .  .  .  .  .\7
<        8\.  .  .  .  .  .  .  .  .  .  .\8
<         9\.  .  .  .  .  .  .  .  .  .  .\9
<         10\.  .  .  .  W  .  .  .  .  .  .\10
<          11\.  B  .  .  .  .  .  .  .  .  .\11
<              a  b  c  d  e  f  g  h  i  j  k  
<
>genmove b
<= h4
<
>showboard
f1a77 info: PlayAndSolve: Building VCs to avoid race condition.
f1a77 info: PlayAndSolve: Continuing on as usual.
76d06 info: *** PlayerThread ***
7ed16 info: *** SolverThread ***
76d06 info: Best move cannot be determined, must search state.
76d06 info: --- MoHexPlayer::Search() ---
76d06 info: Color: black
76d06 info: MaxGames: 1
76d06 info: NumberThreads: 1
76d06 info: MaxNodes: 181818181 (15999999928 bytes)
76d06 info: TimeForMove: 1
76d06 info: PreSearch: max time reached (70/81).
76d06 info: Time for PreSearch: 0.200651s
76d06 info: 
  422ea604fc9b59ae
  a  b  c  d  e  f  g  h  i  j  k  
 1\b  B  .  .  .  .  b  b  b  b  .\1
  2\.  *  .  .  .  *  .  B  .  *  *\2
   3\*  *  *  W  *  *  *  *  *  *  .\3
    4\*  *  *  *  *  *  *  *  *  *  W\4
     5\*  *  *  *  *  *  *  *  *  *  .\5
      6\*  *  *  *  *  B  *  *  *  *  *\6
       7\*  *  *  *  *  W  *  *  *  *  *\7
        8\*  *  *  *  *  *  *  *  *  *  *\8
         9\*  *  *  *  *  *  *  *  *  *  .\9
         10\*  *  .  .  W  *  *  *  *  .  .\10
          11\.  B  b  b  .  .  .  .  .  .  .\11
              a  b  c  d  e  f  g  h  i  j  k  
76d06 info: Old: [black, b1] [white, e10] [black, b11] [white, f7] [black, h2] [white, d3] 
76d06 info: New: [black, b1] [white, e10] [black, b11] [white, f7] [black, h2] [white, d3] [black, f6] [white, k4] 
76d06 info: MovesPlayed: [black, f6] [white, k4] 
76d06 info: No subtree to reuse.
76d06 info: StartSearch()[0]
SgUctSearch: max games reached
76d06 info: 
Elapsed Time   0.353959s
Count          1
GamesPlayed    1
Nodes          1
Knowledge      0 (0.0%)
Expansions     0.0
Time           0.00
GameLen        106.0 dev=0.0 min=106.0 max=106.0
InTree         0.0 dev=0.0 min=0.0 max=0.0
KnowDepth      -
Aborted        0%
Games/s        3257.3
Score          0.00
Sequence      
76d06 info: 
76d06 warning: **** MoHexSearch returned empty sequence!
76d06 warning: **** Returning random move!
76d06 info: *** Player move: h4
6ecf6 info: DfpnSolver::CheckAbort(): Abort flag!
7ed16 info: 
MID calls      52
VC builds      50
Terminal       0
Work           52
Wasted Work    0 (0%)
Elapsed Time   0.367195
MIDs/sec       141.614
VCs/sec        136.167
Cnt prune sib  0
Avg prune sib  -
Consider Size  71.28 dev=13.2379 min=7 max=81
Move Index     -
Move Percent   -
Delta Increase 3.11765 dev=11.0092 min=1 max=73
Winner         empty
PV             d9 h6 g6 e7

HashTableStatistics:
Stores         521
LookupAttempt  49924
LookupSuccess  2832
Collisions     0

7ed16 info: Search aborted.
<= 
< 
<  cb97362281a9657f
<  a  b  c  d  e  f  g  h  i  j  k  
< 1\.  B  .  .  .  .  .  .  .  .  .\1
<  2\.  .  .  .  .  .  .  B  .  .  .\2
<   3\.  .  .  W  .  .  .  .  .  .  .\3
<    4\.  .  .  .  .  .  .  B  .  .  W\4
<     5\.  .  .  .  .  .  .  .  .  .  .\5
<      6\.  .  .  .  .  B  .  .  .  .  .\6
<       7\.  .  .  .  .  W  .  .  .  .  .\7
<        8\.  .  .  .  .  .  .  .  .  .  .\8
<         9\.  .  .  .  .  .  .  .  .  .  .\9
<         10\.  .  .  .  W  .  .  .  .  .  .\10
<          11\.  B  .  .  .  .  .  .  .  .  .\11
<              a  b  c  d  e  f  g  h  i  j  k  
<
>play w d5
<= 
<
>showboard
<= 
< 
<  b75ddd70106cad26
<  a  b  c  d  e  f  g  h  i  j  k  
< 1\.  B  .  .  .  .  .  .  .  .  .\1
<  2\.  .  .  .  .  .  .  B  .  .  .\2
<   3\.  .  .  W  .  .  .  .  .  .  .\3
<    4\.  .  .  .  .  .  .  B  .  .  W\4
<     5\.  .  .  W  .  .  .  .  .  .  .\5
<      6\.  .  .  .  .  B  .  .  .  .  .\6
<       7\.  .  .  .  .  W  .  .  .  .  .\7
<        8\.  .  .  .  .  .  .  .  .  .  .\8
<         9\.  .  .  .  .  .  .  .  .  .  .\9
<         10\.  .  .  .  W  .  .  .  .  .  .\10
<          11\.  B  .  .  .  .  .  .  .  .  .\11
<              a  b  c  d  e  f  g  h  i  j  k  
<
>genmove b
<= e9
<
>showboard
f1a77 info: PlayAndSolve: Building VCs to avoid race condition.
f1a77 info: PlayAndSolve: Continuing on as usual.
7ed16 info: *** PlayerThread ***
76d06 info: *** SolverThread ***
7ed16 info: Best move cannot be determined, must search state.
7ed16 info: --- MoHexPlayer::Search() ---
7ed16 info: Color: black
7ed16 info: MaxGames: 1
7ed16 info: NumberThreads: 1
7ed16 info: MaxNodes: 181818181 (15999999928 bytes)
7ed16 info: TimeForMove: 1
7ed16 info: PreSearch: max time reached (57/77).
7ed16 info: Time for PreSearch: 0.202495s
7ed16 info: 
  b75ddd70106cad26
  a  b  c  d  e  f  g  h  i  j  k  
 1\b  B  .  .  .  .  b  b  b  b  .\1
  2\.  *  *  .  .  *  .  B  .  *  *\2
   3\*  *  *  W  *  *  *  .  .  *  .\3
    4\*  *  *  *  *  *  *  B  *  *  W\4
     5\*  *  *  W  *  *  *  *  *  *  .\5
      6\*  *  *  *  *  B  *  *  *  *  *\6
       7\*  *  *  *  *  W  *  *  *  *  *\7
        8\*  *  *  *  *  *  *  *  *  *  *\8
         9\*  *  *  *  *  *  *  *  *  *  .\9
         10\*  *  .  .  W  *  *  *  *  .  .\10
          11\.  B  b  b  .  .  .  .  .  .  .\11
              a  b  c  d  e  f  g  h  i  j  k  
7ed16 info: Old: [black, b1] [white, e10] [black, b11] [white, f7] [black, h2] [white, d3] [black, f6] [white, k4] 
7ed16 info: New: [black, b1] [white, e10] [black, b11] [white, f7] [black, h2] [white, d3] [black, f6] [white, k4] [black, h4] [white, d5] 
7ed16 info: MovesPlayed: [black, h4] [white, d5] 
7ed16 info: No subtree to reuse.
7ed16 info: StartSearch()[0]
SgUctSearch: max games reached
7ed16 info: 
Elapsed Time   0.354984s
Count          1
GamesPlayed    1
Nodes          1
Knowledge      0 (0.0%)
Expansions     0.0
Time           0.00
GameLen        104.0 dev=0.0 min=104.0 max=104.0
InTree         0.0 dev=0.0 min=0.0 max=0.0
KnowDepth      -
Aborted        0%
Games/s        2949.9
Score          0.00
Sequence      
7ed16 info: 
7ed16 warning: **** MoHexSearch returned empty sequence!
7ed16 warning: **** Returning random move!
7ed16 info: *** Player move: e9
6ecf6 info: DfpnSolver::CheckAbort(): Abort flag!
76d06 info: 
MID calls      38
VC builds      37
Terminal       1
Work           39
Wasted Work    0 (0%)
Elapsed Time   0.371717
MIDs/sec       102.228
VCs/sec        99.5381
Cnt prune sib  1
Avg prune sib  1 dev=0 min=1 max=1
Consider Size  58.6667 dev=22.1686 min=17 max=77
Move Index     -
Move Percent   -
Delta Increase 2.42105 dev=5.14849 min=1 max=29
Winner         empty
PV             d9 e7 c8 e6

HashTableStatistics:
Stores         619
LookupAttempt  58503
LookupSuccess  3403
Collisions     0

76d06 info: Search aborted.
<= 
< 
<  4d4af01ca382b020
<  a  b  c  d  e  f  g  h  i  j  k  
< 1\.  B  .  .  .  .  .  .  .  .  .\1
<  2\.  .  .  .  .  .  .  B  .  .  .\2
<   3\.  .  .  W  .  .  .  .  .  .  .\3
<    4\.  .  .  .  .  .  .  B  .  .  W\4
<     5\.  .  .  W  .  .  .  .  .  .  .\5
<      6\.  .  .  .  .  B  .  .  .  .  .\6
<       7\.  .  .  .  .  W  .  .  .  .  .\7
<        8\.  .  .  .  .  .  .  .  .  .  .\8
<         9\.  .  .  .  B  .  .  .  .  .  .\9
<         10\.  .  .  .  W  .  .  .  .  .  .\10
<          11\.  B  .  .  .  .  .  .  .  .  .\11
<              a  b  c  d  e  f  g  h  i  j  k  
<
>play w e5
<= 
<
>showboard
<= 
< 
<  d3bc4c5b0bbd4d69
<  a  b  c  d  e  f  g  h  i  j  k  
< 1\.  B  .  .  .  .  .  .  .  .  .\1
<  2\.  .  .  .  .  .  .  B  .  .  .\2
<   3\.  .  .  W  .  .  .  .  .  .  .\3
<    4\.  .  .  .  .  .  .  B  .  .  W\4
<     5\.  .  .  W  W  .  .  .  .  .  .\5
<      6\.  .  .  .  .  B  .  .  .  .  .\6
<       7\.  .  .  .  .  W  .  .  .  .  .\7
<        8\.  .  .  .  .  .  .  .  .  .  .\8
<         9\.  .  .  .  B  .  .  .  .  .  .\9
<         10\.  .  .  .  W  .  .  .  .  .  .\10
<          11\.  B  .  .  .  .  .  .  .  .  .\11
<              a  b  c  d  e  f  g  h  i  j  k  
<
>genmove b
<= b5
<
>showboard
f1a77 info: PlayAndSolve: Building VCs to avoid race condition.
f1a77 info: PlayAndSolve: Continuing on as usual.
76d06 info: *** PlayerThread ***
7ed16 info: *** SolverThread ***
76d06 info: Best move cannot be determined, must search state.
76d06 info: --- MoHexPlayer::Search() ---
76d06 info: Color: black
76d06 info: MaxGames: 1
76d06 info: NumberThreads: 1
76d06 info: MaxNodes: 181818181 (15999999928 bytes)
76d06 info: TimeForMove: 1
76d06 info: PreSearch: max time reached (50/73).
76d06 info: Time for PreSearch: 0.202907s
76d06 info: 
  d3bc4c5b0bbd4d69
  a  b  c  d  e  f  g  h  i  j  k  
 1\b  B  .  .  .  .  b  b  b  b  .\1
  2\.  *  *  .  .  *  .  B  .  *  *\2
   3\*  *  *  W  *  *  *  .  .  *  .\3
    4\*  *  *  *  *  *  *  B  *  *  W\4
     5\*  *  *  W  W  .  .  *  *  *  .\5
      6\*  *  *  *  *  B  *  *  *  *  *\6
       7\*  *  *  *  *  W  *  *  *  *  *\7
        8\*  *  *  *  *  *  *  *  *  *  *\8
         9\*  *  *  *  B  *  *  *  *  *  .\9
         10\*  *  .  .  W  *  *  *  *  .  .\10
          11\.  B  b  b  .  .  .  .  .  .  .\11
              a  b  c  d  e  f  g  h  i  j  k  
76d06 info: Old: [black, b1] [white, e10] [black, b11] [white, f7] [black, h2] [white, d3] [black, f6] [white, k4] [black, h4] [white, d5] 
76d06 info: New: [black, b1] [white, e10] [black, b11] [white, f7] [black, h2] [white, d3] [black, f6] [white, k4] [black, h4] [white, d5] [black, e9] [white, e5] 
76d06 info: MovesPlayed: [black, e9] [white, e5] 
76d06 info: No subtree to reuse.
76d06 info: StartSearch()[0]
SgUctSearch: max games reached
76d06 info: 
Elapsed Time   0.375515s
Count          1
GamesPlayed    1
Nodes          1
Knowledge      0 (0.0%)
Expansions     0.0
Time           0.00
GameLen        102.0 dev=0.0 min=102.0 max=102.0
InTree         0.0 dev=0.0 min=0.0 max=0.0
KnowDepth      -
Aborted        0%
Games/s        2164.5
Score          1.00
Sequence      
76d06 info: 
76d06 warning: **** MoHexSearch returned empty sequence!
76d06 warning: **** Returning random move!
76d06 info: *** Player move: b5
6ecf6 info: DfpnSolver::CheckAbort(): Abort flag!
7ed16 info: 
MID calls      30
VC builds      28
Terminal       0
Work           30
Wasted Work    0 (0%)
Elapsed Time   0.391896
MIDs/sec       76.5509
VCs/sec        71.4475
Cnt prune sib  0
Avg prune sib  -
Consider Size  41.3214 dev=24.2414 min=5 max=73
Move Index     -
Move Percent   -
Delta Increase 3.93103 dev=8.80412 min=1 max=39
Winner         empty
PV             e8 e7 g7 g6

HashTableStatistics:
Stores         698
LookupAttempt  65495
LookupSuccess  3920
Collisions     0

7ed16 info: Search aborted.
<= 
< 
<  7c4f553023bcea07
<  a  b  c  d  e  f  g  h  i  j  k  
< 1\.  B  .  .  .  .  .  .  .  .  .\1
<  2\.  .  .  .  .  .  .  B  .  .  .\2
<   3\.  .  .  W  .  .  .  .  .  .  .\3
<    4\.  .  .  .  .  .  .  B  .  .  W\4
<     5\.  B  .  W  W  .  .  .  .  .  .\5
<      6\.  .  .  .  .  B  .  .  .  .  .\6
<       7\.  .  .  .  .  W  .  .  .  .  .\7
<        8\.  .  .  .  .  .  .  .  .  .  .\8
<         9\.  .  .  .  B  .  .  .  .  .  .\9
<         10\.  .  .  .  W  .  .  .  .  .  .\10
<          11\.  B  .  .  .  .  .  .  .  .  .\11
<              a  b  c  d  e  f  g  h  i  j  k  
<
>play w k8
<= 
<
>showboard
<= 
< 
<  ea6f683cb773ae1b
<  a  b  c  d  e  f  g  h  i  j  k  
< 1\.  B  .  .  .  .  .  .  .  .  .\1
<  2\.  .  .  .  .  .  .  B  .  .  .\2
<   3\.  .  .  W  .  .  .  .  .  .  .\3
<    4\.  .  .  .  .  .  .  B  .  .  W\4
<     5\.  B  .  W  W  .  .  .  .  .  .\5
<      6\.  .  .  .  .  B  .  .  .  .  .\6
<       7\.  .  .  .  .  W  .  .  .  .  .\7
<        8\.  .  .  .  .  .  .  .  .  .  W\8
<         9\.  .  .  .  B  .  .  .  .  .  .\9
<         10\.  .  .  .  W  .  .  .  .  .  .\10
<          11\.  B  .  .  .  .  .  .  .  .  .\11
<              a  b  c  d  e  f  g  h  i  j  k  
<
>genmove b
<= c6
<
>showboard
f1a77 info: PlayAndSolve: Building VCs to avoid race condition.
f1a77 info: PlayAndSolve: Continuing on as usual.
7ed16 info: *** PlayerThread ***
76d06 info: *** SolverThread ***
7ed16 info: Best move cannot be determined, must search state.
7ed16 info: --- MoHexPlayer::Search() ---
7ed16 info: Color: black
7ed16 info: MaxGames: 1
7ed16 info: NumberThreads: 1
7ed16 info: MaxNodes: 181818181 (15999999928 bytes)
7ed16 info: TimeForMove: 1
7ed16 info: PreSearch: max time reached (53/68).
7ed16 info: Time for PreSearch: 0.201558s
7ed16 info: 
  ea6f683cb773ae1b
  a  b  c  d  e  f  g  h  i  j  k  
 1\b  B  .  .  .  .  b  b  b  b  .\1
  2\.  *  *  .  .  *  .  B  .  *  *\2
   3\*  *  *  W  *  *  *  .  .  *  .\3
    4\*  *  *  *  *  *  *  B  *  *  W\4
     5\.  B  *  W  W  .  .  *  *  *  .\5
      6\.  *  *  *  *  B  *  *  *  *  *\6
       7\*  *  *  *  *  W  *  *  *  *  .\7
        8\*  *  *  *  *  *  *  *  *  *  W\8
         9\*  *  *  *  B  *  *  *  *  *  .\9
         10\*  *  .  .  W  *  *  *  .  .  .\10
          11\.  B  b  b  .  .  .  .  .  .  .\11
              a  b  c  d  e  f  g  h  i  j  k  
7ed16 info: Old: [black, b1] [white, e10] [black, b11] [white, f7] [black, h2] [white, d3] [black, f6] [white, k4] [black, h4] [white, d5] [black, e9] [white, e5] 
7ed16 info: New: [black, b1] [white, e10] [black, b11] [white, f7] [black, h2] [white, d3] [black, f6] [white, k4] [black, h4] [white, d5] [black, e9] [white, e5] [black, b5] [white, k8] 
7ed16 info: MovesPlayed: [black, b5] [white, k8] 
7ed16 info: No subtree to reuse.
7ed16 info: StartSearch()[0]
SgUctSearch: max games reached
7ed16 info: 
Elapsed Time   0.359565s
Count          1
GamesPlayed    1
Nodes          1
Knowledge      0 (0.0%)
Expansions     0.0
Time           0.00
GameLen        100.0 dev=0.0 min=100.0 max=100.0
InTree         0.0 dev=0.0 min=0.0 max=0.0
KnowDepth      -
Aborted        0%
Games/s        3184.7
Score          0.00
Sequence      
7ed16 info: 
7ed16 warning: **** MoHexSearch returned empty sequence!
7ed16 warning: **** Returning random move!
7ed16 info: *** Player move: c6
6ecf6 info: DfpnSolver::CheckAbort(): Abort flag!
76d06 info: 
MID calls      51
VC builds      45
Terminal       0
Work           51
Wasted Work    0 (0%)
Elapsed Time   0.373712
MIDs/sec       136.469
VCs/sec        120.414
Cnt prune sib  0
Avg prune sib  -
Consider Size  29.3556 dev=23.9194 min=1 max=70
Move Index     -
Move Percent   -
Delta Increase 3.02083 dev=8.6494 min=1 max=60
Winner         empty
PV             d9 e7 h6 g8

HashTableStatistics:
Stores         816
LookupAttempt  71631
LookupSuccess  4347
Collisions     0

76d06 info: Search aborted.
<= 
< 
<  6285abdbab54defe
<  a  b  c  d  e  f  g  h  i  j  k  
< 1\.  B  .  .  .  .  .  .  .  .  .\1
<  2\.  .  .  .  .  .  .  B  .  .  .\2
<   3\.  .  .  W  .  .  .  .  .  .  .\3
<    4\.  .  .  .  .  .  .  B  .  .  W\4
<     5\.  B  .  W  W  .  .  .  .  .  .\5
<      6\.  .  B  .  .  B  .  .  .  .  .\6
<       7\.  .  .  .  .  W  .  .  .  .  .\7
<        8\.  .  .  .  .  .  .  .  .  .  W\8
<         9\.  .  .  .  B  .  .  .  .  .  .\9
<         10\.  .  .  .  W  .  .  .  .  .  .\10
<          11\.  B  .  .  .  .  .  .  .  .  .\11
<              a  b  c  d  e  f  g  h  i  j  k  
<
>play w a2
<= 
<
>showboard
<= 
< 
<  02176e6701333e21
<  a  b  c  d  e  f  g  h  i  j  k  
< 1\.  B  .  .  .  .  .  .  .  .  .\1
<  2\W  .  .  .  .  .  .  B  .  .  .\2
<   3\.  .  .  W  .  .  .  .  .  .  .\3
<    4\.  .  .  .  .  .  .  B  .  .  W\4
<     5\.  B  .  W  W  .  .  .  .  .  .\5
<      6\.  .  B  .  .  B  .  .  .  .  .\6
<       7\.  .  .  .  .  W  .  .  .  .  .\7
<        8\.  .  .  .  .  .  .  .  .  .  W\8
<         9\.  .  .  .  B  .  .  .  .  .  .\9
<         10\.  .  .  .  W  .  .  .  .  .  .\10
<          11\.  B  .  .  .  .  .  .  .  .  .\11
<              a  b  c  d  e  f  g  h  i  j  k  
<
>genmove b
<= g7
<
>showboard
f1a77 info: PlayAndSolve: Building VCs to avoid race condition.
f1a77 info: PlayAndSolve: Continuing on as usual.
76d06 info: *** PlayerThread ***
7ed16 info: *** SolverThread ***
76d06 info: Best move cannot be determined, must search state.
76d06 info: --- MoHexPlayer::Search() ---
76d06 info: Color: black
76d06 info: MaxGames: 1
76d06 info: NumberThreads: 1
76d06 info: MaxNodes: 181818181 (15999999928 bytes)
76d06 info: TimeForMove: 1
76d06 info: PreSearch: max time reached (54/65).
76d06 info: Time for PreSearch: 0.200737s
76d06 info: 
  02176e6701333e21
  a  b  c  d  e  f  g  h  i  j  k  
 1\b  B  .  .  .  .  b  b  b  b  .\1
  2\W  *  .  .  .  *  .  B  .  *  *\2
   3\.  *  *  W  *  *  *  .  .  *  .\3
    4\*  *  *  *  *  *  *  B  *  *  W\4
     5\.  B  *  W  W  .  .  *  *  *  .\5
      6\.  .  B  *  *  B  *  *  *  *  *\6
       7\*  *  *  *  *  W  *  *  *  *  .\7
        8\*  *  *  *  *  *  *  *  *  *  W\8
         9\*  *  *  *  B  *  *  *  *  *  .\9
         10\*  *  .  .  W  *  *  *  .  .  .\10
          11\.  B  b  b  .  .  .  .  .  .  .\11
              a  b  c  d  e  f  g  h  i  j  k  
76d06 info: Old: [black, b1] [white, e10] [black, b11] [white, f7] [black, h2] [white, d3] [black, f6] [white, k4] [black, h4] [white, d5] [black, e9] [white, e5] [black, b5] [white, k8] 
76d06 info: New: [black, b1] [white, e10] [black, b11] [white, f7] [black, h2] [white, d3] [black, f6] [white, k4] [black, h4] [white, d5] [black, e9] [white, e5] [black, b5] [white, k8] [black, c6] [white, a2] 
76d06 info: MovesPlayed: [black, c6] [white, a2] 
76d06 info: No subtree to reuse.
76d06 info: StartSearch()[0]
SgUctSearch: max games reached
76d06 info: 
Elapsed Time   0.355835s
Count          1
GamesPlayed    1
Nodes          1
Knowledge      0 (0.0%)
Expansions     0.0
Time           0.00
GameLen        98.0 dev=0.0 min=98.0 max=98.0
InTree         0.0 dev=0.0 min=0.0 max=0.0
KnowDepth      -
Aborted        0%
Games/s        3610.1
Score          1.00
Sequence      
76d06 info: 
76d06 warning: **** MoHexSearch returned empty sequence!
76d06 warning: **** Returning random move!
76d06 info: *** Player move: g7
6ecf6 info: DfpnSolver::CheckAbort(): Abort flag!
7ed16 info: 
MID calls      60
VC builds      56
Terminal       0
Work           60
Wasted Work    0 (0%)
Elapsed Time   0.364152
MIDs/sec       164.766
VCs/sec        153.782
Cnt prune sib  0
Avg prune sib  -
Consider Size  34.3393 dev=24.3254 min=1 max=69
Move Index     -
Move Percent   -
Delta Increase 3.31034 dev=10.9359 min=1 max=63
Winner         empty
PV             c9 d8 e7 e8

HashTableStatistics:
Stores         954
LookupAttempt  78658
LookupSuccess  4850
Collisions     0

7ed16 info: Search aborted.
<= 
< 
<  1018656df8656870
<  a  b  c  d  e  f  g  h  i  j  k  
< 1\.  B  .  .  .  .  .  .  .  .  .\1
<  2\W  .  .  .  .  .  .  B  .  .  .\2
<   3\.  .  .  W  .  .  .  .  .  .  .\3
<    4\.  .  .  .  .  .  .  B  .  .  W\4
<     5\.  B  .  W  W  .  .  .  .  .  .\5
<      6\.  .  B  .  .  B  .  .  .  .  .\6
<       7\.  .  .  .  .  W  B  .  .  .  .\7
<        8\.  .  .  .  .  .  .  .  .  .  W\8
<         9\.  .  .  .  B  .  .  .  .  .  .\9
<         10\.  .  .  .  W  .  .  .  .  .  .\10
<          11\.  B  .  .  .  .  .  .  .  .  .\11
<              a  b  c  d  e  f  g  h  i  j  k  
<
>play w b2
<= 
<
>showboard
<= 
< 
<  b9f9b9c27ced90b5
<  a  b  c  d  e  f  g  h  i  j  k  
< 1\.  B  .  .  .  .  .  .  .  .  .\1
<  2\W  W  .  .  .  .  .  B  .  .  .\2
<   3\.  .  .  W  .  .  .  .  .  .  .\3
<    4\.  .  .  .  .  .  .  B  .  .  W\4
<     5\.  B  .  W  W  .  .  .  .  .  .\5
<      6\.  .  B  .  .  B  .  .  .  .  .\6
<       7\.  .  .  .  .  W  B  .  .  .  .\7
<        8\.  .  .  .  .  .  .  .  .  .  W\8
<         9\.  .  .  .  B  .  .  .  .  .  .\9
<         10\.  .  .  .  W  .  .  .  .  .  .\10
<          11\.  B  .  .  .  .  .  .  .  .  .\11
<              a  b  c  d  e  f  g  h  i  j  k  
<
>genmove b
<= g6
<
>showboard
f1a77 info: PlayAndSolve: Building VCs to avoid race condition.
f1a77 info: PlayAndSolve: Continuing on as usual.
7ed16 info: *** PlayerThread ***
76d06 info: *** SolverThread ***
7ed16 info: Best move cannot be determined, must search state.
7ed16 info: --- MoHexPlayer::Search() ---
7ed16 info: Color: black
7ed16 info: MaxGames: 1
7ed16 info: NumberThreads: 1
7ed16 info: MaxNodes: 181818181 (15999999928 bytes)
7ed16 info: TimeForMove: 1
76d06 info: 
MID calls      1
VC builds      2
Terminal       1
Work           2
Wasted Work    1 (50%)
Elapsed Time   0.014425
MIDs/sec       69.3241
VCs/sec        138.648
Cnt prune sib  0
Avg prune sib  -
Consider Size  61 dev=0 min=61 max=61
Move Index     0 dev=0 min=0 max=0
Move Percent   0 dev=0 min=0 max=0
Delta Increase 1 dev=0 min=1 max=1
Winner         black
PV             g6

HashTableStatistics:
Stores         958
LookupAttempt  78973
LookupSuccess  4858
Collisions     0

76d06 info: *** FOUND WIN!!! ***
76d06 info: PV: g6
7ed16 info: Winning sequence found before UCT search!
7ed16 info: Sequence: g6
<= 
< 
<  74f4437b17811481
<  a  b  c  d  e  f  g  h  i  j  k  
< 1\.  B  .  .  .  .  .  .  .  .  .\1
<  2\W  W  .  .  .  .  .  B  .  .  .\2
<   3\.  .  .  W  .  .  .  .  .  .  .\3
<    4\.  .  .  .  .  .  .  B  .  .  W\4
<     5\.  B  .  W  W  .  .  .  .  .  .\5
<      6\.  .  B  .  .  B  B  .  .  .  .\6
<       7\.  .  .  .  .  W  B  .  .  .  .\7
<        8\.  .  .  .  .  .  .  .  .  .  W\8
<         9\.  .  .  .  B  .  .  .  .  .  .\9
<         10\.  .  .  .  W  .  .  .  .  .  .\10
<          11\.  B  .  .  .  .  .  .  .  .  .\11
<              a  b  c  d  e  f  g  h  i  j  k  
<
>play w d10
<= 
<
>showboard
<= 
< 
<  69779dc4888a478c
<  a  b  c  d  e  f  g  h  i  j  k  
< 1\.  B  .  .  .  .  .  .  .  .  .\1
<  2\W  W  .  .  .  .  .  B  .  .  .\2
<   3\.  .  .  W  .  .  .  .  .  .  .\3
<    4\.  .  .  .  .  .  .  B  .  .  W\4
<     5\.  B  .  W  W  .  .  .  .  .  .\5
<      6\.  .  B  .  .  B  B  .  .  .  .\6
<       7\.  .  .  .  .  W  B  .  .  .  .\7
<        8\.  .  .  .  .  .  .  .  .  .  W\8
<         9\.  .  .  .  B  .  .  .  .  .  .\9
<         10\.  .  .  W  W  .  .  .  .  .  .\10
<          11\.  B  .  .  .  .  .  .  .  .  .\11
<              a  b  c  d  e  f  g  h  i  j  k  
<
>genmove b
<= f8
<
>showboard
f1a77 info: PlayAndSolve: Building VCs to avoid race condition.
f1a77 info: PlayAndSolve: Continuing on as usual.
76d06 info: *** PlayerThread ***
7ed16 info: *** SolverThread ***
76d06 info: Winning SC.
76d06 info: *** Player move: f8
7ed16 info: 
MID calls      0
VC builds      1
Terminal       1
Work           1
Wasted Work    0 (0%)
Elapsed Time   0.008841
MIDs/sec       0
VCs/sec        113.109
Cnt prune sib  0
Avg prune sib  -
Consider Size  -
Move Index     -
Move Percent   -
Delta Increase -
Winner         black
PV             

HashTableStatistics:
Stores         959
LookupAttempt  78979
LookupSuccess  4861
Collisions     0

<= 
< 
<  d0b42866436eec82
<  a  b  c  d  e  f  g  h  i  j  k  
< 1\.  B  .  .  .  .  .  .  .  .  .\1
<  2\W  W  .  .  .  .  .  B  .  .  .\2
<   3\.  .  .  W  .  .  .  .  .  .  .\3
<    4\.  .  .  .  .  .  .  B  .  .  W\4
<     5\.  B  .  W  W  .  .  .  .  .  .\5
<      6\.  .  B  .  .  B  B  .  .  .  .\6
<       7\.  .  .  .  .  W  B  .  .  .  .\7
<        8\.  .  .  .  .  B  .  .  .  .  W\8
<         9\.  .  .  .  B  .  .  .  .  .  .\9
<         10\.  .  .  W  W  .  .  .  .  .  .\10
<          11\.  B  .  .  .  .  .  .  .  .  .\11
<              a  b  c  d  e  f  g  h  i  j  k  
<
>play w g5
<= 
<
>showboard
<= 
< 
<  d8d89cda6f4b855b
<  a  b  c  d  e  f  g  h  i  j  k  
< 1\.  B  .  .  .  .  .  .  .  .  .\1
<  2\W  W  .  .  .  .  .  B  .  .  .\2
<   3\.  .  .  W  .  .  .  .  .  .  .\3
<    4\.  .  .  .  .  .  .  B  .  .  W\4
<     5\.  B  .  W  W  .  W  .  .  .  .\5
<      6\.  .  B  .  .  B  B  .  .  .  .\6
<       7\.  .  .  .  .  W  B  .  .  .  .\7
<        8\.  .  .  .  .  B  .  .  .  .  W\8
<         9\.  .  .  .  B  .  .  .  .  .  .\9
<         10\.  .  .  W  W  .  .  .  .  .  .\10
<          11\.  B  .  .  .  .  .  .  .  .  .\11
<              a  b  c  d  e  f  g  h  i  j  k  
<
>genmove b
<= c9
<
>showboard
f1a77 info: PlayAndSolve: Building VCs to avoid race condition.
f1a77 info: PlayAndSolve: Continuing on as usual.
7ed16 info: *** PlayerThread ***
76d06 info: *** SolverThread ***
7ed16 info: Winning SC.
7ed16 info: *** Player move: c9
76d06 info: 
MID calls      0
VC builds      1
Terminal       1
Work           1
Wasted Work    0 (0%)
Elapsed Time   0.006388
MIDs/sec       0
VCs/sec        156.544
Cnt prune sib  0
Avg prune sib  -
Consider Size  -
Move Index     -
Move Percent   -
Delta Increase -
Winner         black
PV             

HashTableStatistics:
Stores         960
LookupAttempt  78985
LookupSuccess  4864
Collisions     0

<= 
< 
<  9609fe8876e73aba
<  a  b  c  d  e  f  g  h  i  j  k  
< 1\.  B  .  .  .  .  .  .  .  .  .\1
<  2\W  W  .  .  .  .  .  B  .  .  .\2
<   3\.  .  .  W  .  .  .  .  .  .  .\3
<    4\.  .  .  .  .  .  .  B  .  .  W\4
<     5\.  B  .  W  W  .  W  .  .  .  .\5
<      6\.  .  B  .  .  B  B  .  .  .  .\6
<       7\.  .  .  .  .  W  B  .  .  .  .\7
<        8\.  .  .  .  .  B  .  .  .  .  W\8
<         9\.  .  B  .  B  .  .  .  .  .  .\9
<         10\.  .  .  W  W  .  .  .  .  .  .\10
<          11\.  B  .  .  .  .  .  .  .  .  .\11
<              a  b  c  d  e  f  g  h  i  j  k  
<
>play w e7
<= 
<
>showboard
<= 
< 
<  8eb099c8e42c6049
<  a  b  c  d  e  f  g  h  i  j  k  
< 1\.  B  .  .  .  .  .  .  .  .  .\1
<  2\W  W  .  .  .  .  .  B  .  .  .\2
<   3\.  .  .  W  .  .  .  .  .  .  .\3
<    4\.  .  .  .  .  .  .  B  .  .  W\4
<     5\.  B  .  W  W  .  W  .  .  .  .\5
<      6\.  .  B  .  .  B  B  .  .  .  .\6
<       7\.  .  .  .  W  W  B  .  .  .  .\7
<        8\.  .  .  .  .  B  .  .  .  .  W\8
<         9\.  .  B  .  B  .  .  .  .  .  .\9
<         10\.  .  .  W  W  .  .  .  .  .  .\10
<          11\.  B  .  .  .  .  .  .  .  .  .\11
<              a  b  c  d  e  f  g  h  i  j  k  
<
>genmove b
<= d9
<
>showboard
f1a77 info: PlayAndSolve: Building VCs to avoid race condition.
f1a77 info: PlayAndSolve: Continuing on as usual.
76d06 info: *** PlayerThread ***
7ed16 info: *** SolverThread ***
76d06 info: Winning SC.
76d06 info: *** Player move: d9
7ed16 info: 
MID calls      0
VC builds      1
Terminal       1
Work           1
Wasted Work    0 (0%)
Elapsed Time   0.007431
MIDs/sec       0
VCs/sec        134.571
Cnt prune sib  0
Avg prune sib  -
Consider Size  -
Move Index     -
Move Percent   -
Delta Increase -
Winner         black
PV             

HashTableStatistics:
Stores         961
LookupAttempt  78991
LookupSuccess  4867
Collisions     0

<= 
< 
<  632817be3e6c42ed
<  a  b  c  d  e  f  g  h  i  j  k  
< 1\.  B  .  .  .  .  .  .  .  .  .\1
<  2\W  W  .  .  .  .  .  B  .  .  .\2
<   3\.  .  .  W  .  .  .  .  .  .  .\3
<    4\.  .  .  .  .  .  .  B  .  .  W\4
<     5\.  B  .  W  W  .  W  .  .  .  .\5
<      6\.  .  B  .  .  B  B  .  .  .  .\6
<       7\.  .  .  .  W  W  B  .  .  .  .\7
<        8\.  .  .  .  .  B  .  .  .  .  W\8
<         9\.  .  B  B  B  .  .  .  .  .  .\9
<         10\.  .  .  W  W  .  .  .  .  .  .\10
<          11\.  B  .  .  .  .  .  .  .  .  .\11
<              a  b  c  d  e  f  g  h  i  j  k  
<
>play w f2
<= 
<
>showboard
<= 
< 
<  988066e5d999c0b6
<  a  b  c  d  e  f  g  h  i  j  k  
< 1\.  B  .  .  .  .  .  .  .  .  .\1
<  2\W  W  .  .  .  W  .  B  .  .  .\2
<   3\.  .  .  W  .  .  .  .  .  .  .\3
<    4\.  .  .  .  .  .  .  B  .  .  W\4
<     5\.  B  .  W  W  .  W  .  .  .  .\5
<      6\.  .  B  .  .  B  B  .  .  .  .\6
<       7\.  .  .  .  W  W  B  .  .  .  .\7
<        8\.  .  .  .  .  B  .  .  .  .  W\8
<         9\.  .  B  B  B  .  .  .  .  .  .\9
<         10\.  .  .  W  W  .  .  .  .  .  .\10
<          11\.  B  .  .  .  .  .  .  .  .  .\11
<              a  b  c  d  e  f  g  h  i  j  k  
<
>genmove b
<= g4
<
>showboard
f1a77 info: PlayAndSolve: Building VCs to avoid race condition.
f1a77 info: PlayAndSolve: Continuing on as usual.
7ed16 info: *** PlayerThread ***
76d06 info: *** SolverThread ***
7ed16 info: Winning SC.
7ed16 info: *** Player move: g4
76d06 info: 
MID calls      0
VC builds      1
Terminal       1
Work           1
Wasted Work    0 (0%)
Elapsed Time   0.007046
MIDs/sec       0
VCs/sec        141.924
Cnt prune sib  0
Avg prune sib  -
Consider Size  -
Move Index     -
Move Percent   -
Delta Increase -
Winner         black
PV             

HashTableStatistics:
Stores         962
LookupAttempt  78997
LookupSuccess  4870
Collisions     0

<= 
< 
<  fb0d53e24f449842
<  a  b  c  d  e  f  g  h  i  j  k  
< 1\.  B  .  .  .  .  .  .  .  .  .\1
<  2\W  W  .  .  .  W  .  B  .  .  .\2
<   3\.  .  .  W  .  .  .  .  .  .  .\3
<    4\.  .  .  .  .  .  B  B  .  .  W\4
<     5\.  B  .  W  W  .  W  .  .  .  .\5
<      6\.  .  B  .  .  B  B  .  .  .  .\6
<       7\.  .  .  .  W  W  B  .  .  .  .\7
<        8\.  .  .  .  .  B  .  .  .  .  W\8
<         9\.  .  B  B  B  .  .  .  .  .  .\9
<         10\.  .  .  W  W  .  .  .  .  .  .\10
<          11\.  B  .  .  .  .  .  .  .  .  .\11
<              a  b  c  d  e  f  g  h  i  j  k  
<
>play w f5
<= 
<
>showboard
<= 
< 
<  d92b4f82e8e027b3
<  a  b  c  d  e  f  g  h  i  j  k  
< 1\.  B  .  .  .  .  .  .  .  .  .\1
<  2\W  W  .  .  .  W  .  B  .  .  .\2
<   3\.  .  .  W  .  .  .  .  .  .  .\3
<    4\.  .  .  .  .  .  B  B  .  .  W\4
<     5\.  B  .  W  W  W  W  .  .  .  .\5
<      6\.  .  B  .  .  B  B  .  .  .  .\6
<       7\.  .  .  .  W  W  B  .  .  .  .\7
<        8\.  .  .  .  .  B  .  .  .  .  W\8
<         9\.  .  B  B  B  .  .  .  .  .  .\9
<         10\.  .  .  W  W  .  .  .  .  .  .\10
<          11\.  B  .  .  .  .  .  .  .  .  .\11
<              a  b  c  d  e  f  g  h  i  j  k  
<
>genmove b
<= h5
<
>showboard
f1a77 info: PlayAndSolve: Building VCs to avoid race condition.
f1a77 info: PlayAndSolve: Continuing on as usual.
76d06 info: *** PlayerThread ***
7ed16 info: *** SolverThread ***
76d06 info: Winning SC.
76d06 info: *** Player move: h5
7ed16 info: 
MID calls      0
VC builds      1
Terminal       1
Work           1
Wasted Work    0 (0%)
Elapsed Time   0.006859
MIDs/sec       0
VCs/sec        145.794
Cnt prune sib  0
Avg prune sib  -
Consider Size  -
Move Index     -
Move Percent   -
Delta Increase -
Winner         black
PV             

HashTableStatistics:
Stores         963
LookupAttempt  79003
LookupSuccess  4873
Collisions     0

<= 
< 
<  23ed24627a3a52df
<  a  b  c  d  e  f  g  h  i  j  k  
< 1\.  B  .  .  .  .  .  .  .  .  .\1
<  2\W  W  .  .  .  W  .  B  .  .  .\2
<   3\.  .  .  W  .  .  .  .  .  .  .\3
<    4\.  .  .  .  .  .  B  B  .  .  W\4
<     5\.  B  .  W  W  W  W  B  .  .  .\5
<      6\.  .  B  .  .  B  B  .  .  .  .\6
<       7\.  .  .  .  W  W  B  .  .  .  .\7
<        8\.  .  .  .  .  B  .  .  .  .  W\8
<         9\.  .  B  B  B  .  .  .  .  .  .\9
<         10\.  .  .  W  W  .  .  .  .  .  .\10
<          11\.  B  .  .  .  .  .  .  .  .  .\11
<              a  b  c  d  e  f  g  h  i  j  k  
<
>play w b10
<= 
<
>showboard
<= 
< 
<  f879e67f74842200
<  a  b  c  d  e  f  g  h  i  j  k  
< 1\.  B  .  .  .  .  .  .  .  .  .\1
<  2\W  W  .  .  .  W  .  B  .  .  .\2
<   3\.  .  .  W  .  .  .  .  .  .  .\3
<    4\.  .  .  .  .  .  B  B  .  .  W\4
<     5\.  B  .  W  W  W  W  B  .  .  .\5
<      6\.  .  B  .  .  B  B  .  .  .  .\6
<       7\.  .  .  .  W  W  B  .  .  .  .\7
<        8\.  .  .  .  .  B  .  .  .  .  W\8
<         9\.  .  B  B  B  .  .  .  .  .  .\9
<         10\.  W  .  W  W  .  .  .  .  .  .\10
<          11\.  B  .  .  .  .  .  .  .  .  .\11
<              a  b  c  d  e  f  g  h  i  j  k  
<
>genmove b
<= c10
<
>showboard
f1a77 info: PlayAndSolve: Building VCs to avoid race condition.
f1a77 info: PlayAndSolve: Continuing on as usual.
7ed16 info: *** PlayerThread ***
76d06 info: *** SolverThread ***
7ed16 info: Winning SC.
7ed16 info: *** Player move: c10
76d06 info: 
MID calls      0
VC builds      1
Terminal       1
Work           1
Wasted Work    0 (0%)
Elapsed Time   0.015094
MIDs/sec       0
VCs/sec        66.2515
Cnt prune sib  0
Avg prune sib  -
Consider Size  -
Move Index     -
Move Percent   -
Delta Increase -
Winner         black
PV             

HashTableStatistics:
Stores         964
LookupAttempt  79009
LookupSuccess  4876
Collisions     0

<= 
< 
<  adeac516eeaada80
<  a  b  c  d  e  f  g  h  i  j  k  
< 1\.  B  .  .  .  .  .  .  .  .  .\1
<  2\W  W  .  .  .  W  .  B  .  .  .\2
<   3\.  .  .  W  .  .  .  .  .  .  .\3
<    4\.  .  .  .  .  .  B  B  .  .  W\4
<     5\.  B  .  W  W  W  W  B  .  .  .\5
<      6\.  .  B  .  .  B  B  .  .  .  .\6
<       7\.  .  .  .  W  W  B  .  .  .  .\7
<        8\.  .  .  .  .  B  .  .  .  .  W\8
<         9\.  .  B  B  B  .  .  .  .  .  .\9
<         10\.  W  B  W  W  .  .  .  .  .  .\10
<          11\.  B  .  .  .  .  .  .  .  .  .\11
<              a  b  c  d  e  f  g  h  i  j  k  
<
>play w h3
<= 
<
>showboard
<= 
< 
<  007c12c23ee490b4
<  a  b  c  d  e  f  g  h  i  j  k  
< 1\.  B  .  .  .  .  .  .  .  .  .\1
<  2\W  W  .  .  .  W  .  B  .  .  .\2
<   3\.  .  .  W  .  .  .  W  .  .  .\3
<    4\.  .  .  .  .  .  B  B  .  .  W\4
<     5\.  B  .  W  W  W  W  B  .  .  .\5
<      6\.  .  B  .  .  B  B  .  .  .  .\6
<       7\.  .  .  .  W  W  B  .  .  .  .\7
<        8\.  .  .  .  .  B  .  .  .  .  W\8
<         9\.  .  B  B  B  .  .  .  .  .  .\9
<         10\.  W  B  W  W  .  .  .  .  .  .\10
<          11\.  B  .  .  .  .  .  .  .  .  .\11
<              a  b  c  d  e  f  g  h  i  j  k  
<
>genmove b
<= g3
<
>showboard
f1a77 info: PlayAndSolve: Building VCs to avoid race condition.
f1a77 info: PlayAndSolve: Continuing on as usual.
76d06 info: *** PlayerThread ***
7ed16 info: *** SolverThread ***
76d06 info: Winning SC.
76d06 info: *** Player move: g3
7ed16 info: 
MID calls      0
VC builds      1
Terminal       1
Work           1
Wasted Work    0 (0%)
Elapsed Time   0.004576
MIDs/sec       0
VCs/sec        218.531
Cnt prune sib  0
Avg prune sib  -
Consider Size  -
Move Index     -
Move Percent   -
Delta Increase -
Winner         black
PV             

HashTableStatistics:
Stores         965
LookupAttempt  79015
LookupSuccess  4879
Collisions     0

<= 
< 
<  b32a30785bb2c6c2
<  a  b  c  d  e  f  g  h  i  j  k  
< 1\.  B  .  .  .  .  .  .  .  .  .\1
<  2\W  W  .  .  .  W  .  B  .  .  .\2
<   3\.  .  .  W  .  .  B  W  .  .  .\3
<    4\.  .  .  .  .  .  B  B  .  .  W\4
<     5\.  B  .  W  W  W  W  B  .  .  .\5
<      6\.  .  B  .  .  B  B  .  .  .  .\6
<       7\.  .  .  .  W  W  B  .  .  .  .\7
<        8\.  .  .  .  .  B  .  .  .  .  W\8
<         9\.  .  B  B  B  .  .  .  .  .  .\9
<         10\.  W  B  W  W  .  .  .  .  .  .\10
<          11\.  B  .  .  .  .  .  .  .  .  .\11
<              a  b  c  d  e  f  g  h  i  j  k  
<
>play w h1
<= 
<
>showboard
<= 
< 
<  2c8b27335d60d7d8
<  a  b  c  d  e  f  g  h  i  j  k  
< 1\.  B  .  .  .  .  .  W  .  .  .\1
<  2\W  W  .  .  .  W  .  B  .  .  .\2
<   3\.  .  .  W  .  .  B  W  .  .  .\3
<    4\.  .  .  .  .  .  B  B  .  .  W\4
<     5\.  B  .  W  W  W  W  B  .  .  .\5
<      6\.  .  B  .  .  B  B  .  .  .  .\6
<       7\.  .  .  .  W  W  B  .  .  .  .\7
<        8\.  .  .  .  .  B  .  .  .  .  W\8
<         9\.  .  B  B  B  .  .  .  .  .  .\9
<         10\.  W  B  W  W  .  .  .  .  .  .\10
<          11\.  B  .  .  .  .  .  .  .  .  .\11
<              a  b  c  d  e  f  g  h  i  j  k  
<
>genmove b
<= i1
<
>showboard
f1a77 info: PlayAndSolve: Building VCs to avoid race condition.
f1a77 info: PlayAndSolve: Continuing on as usual.
7ed16 info: *** PlayerThread ***
76d06 info: *** SolverThread ***
7ed16 info: Winning SC.
7ed16 info: *** Player move: i1
76d06 info: 
MID calls      0
VC builds      1
Terminal       1
Work           1
Wasted Work    0 (0%)
Elapsed Time   0.00493
MIDs/sec       0
VCs/sec        202.84
Cnt prune sib  0
Avg prune sib  -
Consider Size  -
Move Index     -
Move Percent   -
Delta Increase -
Winner         black
PV             

HashTableStatistics:
Stores         966
LookupAttempt  79021
LookupSuccess  4882
Collisions     0

<= 
< 
<  575ea0bd010678b0
<  a  b  c  d  e  f  g  h  i  j  k  
< 1\.  B  .  .  .  .  .  W  B  .  .\1
<  2\W  W  .  .  .  W  .  B  .  .  .\2
<   3\.  .  .  W  .  .  B  W  .  .  .\3
<    4\.  .  .  .  .  .  B  B  .  .  W\4
<     5\.  B  .  W  W  W  W  B  .  .  .\5
<      6\.  .  B  .  .  B  B  .  .  .  .\6
<       7\.  .  .  .  W  W  B  .  .  .  .\7
<        8\.  .  .  .  .  B  .  .  .  .  W\8
<         9\.  .  B  B  B  .  .  .  .  .  .\9
<         10\.  W  B  W  W  .  .  .  .  .  .\10
<          11\.  B  .  .  .  .  .  .  .  .  .\11
<              a  b  c  d  e  f  g  h  i  j  k  
<
>play w resign
<= 
<
>showboard
<= 
< 
<  575ea0bd010678b0
<  a  b  c  d  e  f  g  h  i  j  k  
< 1\.  B  .  .  .  .  .  W  B  .  .\1
<  2\W  W  .  .  .  W  .  B  .  .  .\2
<   3\.  .  .  W  .  .  B  W  .  .  .\3
<    4\.  .  .  .  .  .  B  B  .  .  W\4
<     5\.  B  .  W  W  W  W  B  .  .  .\5
<      6\.  .  B  .  .  B  B  .  .  .  .\6
<       7\.  .  .  .  W  W  B  .  .  .  .\7
<        8\.  .  .  .  .  B  .  .  .  .  W\8
<         9\.  .  B  B  B  .  .  .  .  .  .\9
<         10\.  W  B  W  W  .  .  .  .  .  .\10
<          11\.  B  .  .  .  .  .  .  .  .  .\11
<              a  b  c  d  e  f  g  h  i  j  k  
<
>final_score
<= B+
<
>quit
<= 
<
