c0127 config: MoHex v2.0.CMake Mar 21 2025.
c0127 config: ============ InitializeSystem ============
c0127 config: BenzeneProgram::InitRandom()
c0127 config: Seed = 443809
c0127 info: Prior Patterns:
c0127 info: Global:
c0127 info: Size            = 565 32648 
c0127 info: TableEntries    = 65932 65910
c0127 info: MirrorsAdded    = 0 0
c0127 info: PrunableCount   = 30593 30629
c0127 info: LargestGamma    = 5820.77
c0127 info: SmallestGamma   = 6.6e-05
c0127 info: Local:
c0127 info: Size            = 550 5318 
c0127 info: TableEntries    = 11602 11588
c0127 info: MirrorsAdded    = 0 0
c0127 info: PrunableCount   = 3659 3667
c0127 info: LargestGamma    = 11281.8
c0127 info: SmallestGamma   = 0.026235
c0127 info: Playout Patterns:
c0127 info: Global:
c0127 info: Size            = 565 32648 
c0127 info: TableEntries    = 70329 70329
c0127 info: MirrorsAdded    = 4397 4419
c0127 info: PrunableCount   = 30593 30629
c0127 info: LargestGamma    = 5820.77
c0127 info: SmallestGamma   = 6.6e-05
c0127 info: Local:
c0127 info: Size            = 550 5318 
c0127 info: TableEntries    = 11602 11588
c0127 info: MirrorsAdded    = 0 0
c0127 info: PrunableCount   = 3659 3667
c0127 info: LargestGamma    = 11281.8
c0127 info: SmallestGamma   = 0.026235
c0127 config: IcePatternSet: reading from '/home/linus/MoHex2.0/nfbranchfix/benzene-vanilla-cmake/share/ice-patterns.txt'.
c0127 config: IcePatternSet: parsed 708 patterns.
c0127 config: VCS: reading captured set patterns from '/home/linus/MoHex2.0/nfbranchfix/benzene-vanilla-cmake/share/vc-captured-set.txt'.
c0127 config: VCS:: parsed 2 patterns.
c0127 config: VCS: reading captured set patterns from '/home/linus/MoHex2.0/nfbranchfix/benzene-vanilla-cmake/share/vc-captured-set.txt'.
c0127 config: VCS:: parsed 2 patterns.
c0127 config: IcePatternSet: reading from '/home/linus/MoHex2.0/nfbranchfix/benzene-vanilla-cmake/share/ice-patterns.txt'.
c0127 config: IcePatternSet: parsed 708 patterns.
c0127 config: VCS: reading captured set patterns from '/home/linus/MoHex2.0/nfbranchfix/benzene-vanilla-cmake/share/vc-captured-set.txt'.
c0127 config: VCS:: parsed 2 patterns.
c0127 config: VCS: reading captured set patterns from '/home/linus/MoHex2.0/nfbranchfix/benzene-vanilla-cmake/share/vc-captured-set.txt'.
c0127 config: VCS:: parsed 2 patterns.
c0127 config: VCS: reading captured set patterns from '/home/linus/MoHex2.0/nfbranchfix/benzene-vanilla-cmake/share/vc-captured-set.txt'.
c0127 config: VCS:: parsed 2 patterns.
c0127 config: VCS: reading captured set patterns from '/home/linus/MoHex2.0/nfbranchfix/benzene-vanilla-cmake/share/vc-captured-set.txt'.
c0127 config: VCS:: parsed 2 patterns.
c0127 config: VCS: reading captured set patterns from '/home/linus/MoHex2.0/nfbranchfix/benzene-vanilla-cmake/share/vc-captured-set.txt'.
c0127 config: VCS:: parsed 2 patterns.
c0127 config: VCS: reading captured set patterns from '/home/linus/MoHex2.0/nfbranchfix/benzene-vanilla-cmake/share/vc-captured-set.txt'.
c0127 config: VCS:: parsed 2 patterns.
c0127 info: SwapCheck: reading from '/home/linus/MoHex2.0/nfbranchfix/benzene-vanilla-cmake/share/swap-moves.txt'.
c0127 info: SwapCheck: playing swap.
c0127 info: PlayAndSolve: Building VCs to avoid race condition.
c0127 config: VCPattern: loading pattern templates from '/home/linus/MoHex2.0/nfbranchfix/benzene-vanilla-cmake/share/vc-patterns.txt'.
c0127 info: PlayAndSolve: Continuing on as usual.
4d3c6 info: *** PlayerThread ***
ffff6 info: *** SolverThread ***
f7fe6 config: VCS: reading captured set patterns from '/home/linus/MoHex2.0/nfbranchfix/benzene-vanilla-cmake/share/vc-captured-set.txt'.
f7fe6 config: VCS:: parsed 2 patterns.
f7fe6 config: VCS: reading captured set patterns from '/home/linus/MoHex2.0/nfbranchfix/benzene-vanilla-cmake/share/vc-captured-set.txt'.
f7fe6 config: VCS:: parsed 2 patterns.
f7fe6 dfpn: 
4d3c6 info: Best move cannot be determined, must search state.
4d3c6 info: --- MoHexPlayer::Search() ---
4d3c6 info: Color: black
4d3c6 info: MaxGames: 1
4d3c6 info: NumberThreads: 1
4d3c6 info: MaxNodes: 181818181 (15999999928 bytes)
4d3c6 info: TimeForMove: 1
f7fe6 dfpn: b10
f7fe6 dfpn: c9
f7fe6 dfpn: d8
f7fe6 dfpn: c8
f7fe6 dfpn: b9
f7fe6 dfpn: b8
f7fe6 dfpn: e8
f7fe6 dfpn: c7
f7fe6 dfpn: b7
f7fe6 dfpn: d9
f7fe6 dfpn: e7
f7fe6 dfpn: c10
f7fe6 dfpn: d7
f7fe6 dfpn: f8
f7fe6 dfpn: f7
f7fe6 dfpn: h4
f7fe6 dfpn: d10
f7fe6 dfpn: g5
f7fe6 dfpn: e9
f7fe6 dfpn: c4
f7fe6 dfpn: f6
f7fe6 dfpn: i3
4d3c6 info: PreSearch: max time reached (47/87).
4d3c6 info: Time for PreSearch: 0.200153s
f7fe6 dfpn: g8
f7fe6 dfpn: c10
4d3c6 info: 
  3aa2cd545c5f045f
  a  b  c  d  e  f  g  h  i  j  k  
 1\.  .  .  .  .  .  .  .  .  .  .\1
  2\.  .  *  *  *  *  *  *  *  *  *\2
   3\.  *  *  *  *  *  *  *  *  *  *\3
    4\*  *  *  *  *  *  *  *  *  *  *\4
     5\*  *  *  *  *  *  *  *  *  *  *\5
      6\.  B  *  *  *  *  *  *  *  *  *\6
       7\.  *  *  *  *  *  *  *  *  *  *\7
        8\*  *  *  *  *  *  *  *  *  *  *\8
         9\*  *  *  *  *  *  *  W  *  *  .\9
         10\*  *  *  *  *  *  .  .  *  .  .\10
          11\.  .  .  .  .  .  .  .  .  .  .\11
              a  b  c  d  e  f  g  h  i  j  k  
4d3c6 info: No subtree to reuse.
4d3c6 info: Creating thread 0
4d3c6 info: StartSearch()[0]
4d3c6 config: VCS: reading captured set patterns from '/home/linus/MoHex2.0/nfbranchfix/benzene-vanilla-cmake/share/vc-captured-set.txt'.
4d3c6 config: VCS:: parsed 2 patterns.
4d3c6 config: VCS: reading captured set patterns from '/home/linus/MoHex2.0/nfbranchfix/benzene-vanilla-cmake/share/vc-captured-set.txt'.
4d3c6 config: VCS:: parsed 2 patterns.
4d3c6 info: 
Elapsed Time   0.352459s
Count          1
GamesPlayed    1
Nodes          1
Knowledge      0 (0.0%)
Expansions     0.0
Time           0.00
GameLen        119.0 dev=0.0 min=119.0 max=119.0
InTree         0.0 dev=0.0 min=0.0 max=0.0
KnowDepth      -
Aborted        0%
Games/s        443.9
Score          0.00
Sequence      
4d3c6 info: 
4d3c6 warning: **** MoHexSearch returned empty sequence!
4d3c6 warning: **** Returning random move!
4d3c6 info: *** Player move: j6
f7fe6 info: DfpnSolver::CheckAbort(): Abort flag!
ffff6 info: 
MID calls      41
VC builds      40
Terminal       0
Work           41
Wasted Work    0 (0%)
Elapsed Time   0.369259
MIDs/sec       111.033
VCs/sec        108.325
Cnt prune sib  0
Avg prune sib  -
Consider Size  85.95 dev=4.00586 min=78 max=90
Move Index     -
Move Percent   -
Delta Increase 3.05 dev=12.8022 min=1 max=83
Winner         empty
PV             c10 e6 c7

HashTableStatistics:
Stores         105
LookupAttempt  11434
LookupSuccess  668
Collisions     0

ffff6 info: Search aborted.
c0127 info: PlayAndSolve: Building VCs to avoid race condition.
c0127 info: PlayAndSolve: Continuing on as usual.
ffff6 info: *** PlayerThread ***
4d3c6 info: *** SolverThread ***
f7fe6 config: VCS: reading captured set patterns from '/home/linus/MoHex2.0/nfbranchfix/benzene-vanilla-cmake/share/vc-captured-set.txt'.
f7fe6 config: VCS:: parsed 2 patterns.
f7fe6 config: VCS: reading captured set patterns from '/home/linus/MoHex2.0/nfbranchfix/benzene-vanilla-cmake/share/vc-captured-set.txt'.
f7fe6 config: VCS:: parsed 2 patterns.
f7fe6 dfpn: 
ffff6 info: Best move cannot be determined, must search state.
ffff6 info: --- MoHexPlayer::Search() ---
ffff6 info: Color: black
ffff6 info: MaxGames: 1
ffff6 info: NumberThreads: 1
ffff6 info: MaxNodes: 181818181 (15999999928 bytes)
ffff6 info: TimeForMove: 1
f7fe6 dfpn: b10
f7fe6 dfpn: c9
f7fe6 dfpn: d8
f7fe6 dfpn: c8
f7fe6 dfpn: b9
f7fe6 dfpn: b8
f7fe6 dfpn: d9
f7fe6 dfpn: c10
f7fe6 dfpn: c7
f7fe6 dfpn: e8
f7fe6 dfpn: b7
f7fe6 dfpn: g8
f7fe6 dfpn: f10
f7fe6 dfpn: d10
f7fe6 dfpn: e7
f7fe6 dfpn: i3
f7fe6 dfpn: d7
f7fe6 dfpn: f8
f7fe6 dfpn: e9
f7fe6 dfpn: h4
f7fe6 dfpn: e10
f7fe6 dfpn: j2
f7fe6 dfpn: c4
f7fe6 dfpn: f10
ffff6 info: PreSearch: max time reached (55/85).
ffff6 info: Time for PreSearch: 0.201649s
f7fe6 dfpn: e10
ffff6 info: 
  8093957af4ad96cd
  a  b  c  d  e  f  g  h  i  j  k  
 1\.  .  .  .  .  .  .  .  .  .  .\1
  2\.  .  *  *  *  *  *  *  *  *  *\2
   3\.  *  *  *  *  *  *  *  *  *  *\3
    4\*  *  *  *  *  *  *  *  *  *  *\4
     5\*  *  *  *  *  *  *  *  *  *  .\5
      6\.  B  *  *  *  *  *  *  *  B  .\6
       7\.  *  *  *  *  *  *  *  *  *  *\7
        8\*  *  *  *  *  *  *  *  *  *  *\8
         9\*  *  *  *  *  *  *  W  *  *  .\9
         10\*  *  *  *  *  *  .  .  *  *  w\10
          11\.  .  .  .  .  .  .  .  .  .  W\11
              a  b  c  d  e  f  g  h  i  j  k  
ffff6 info: Old: [black, b6] [white, swap-pieces] [white, h9] 
ffff6 info: New: [black, b6] [white, swap-pieces] [white, h9] [black, j6] [white, k11] 
ffff6 info: MovesPlayed: [black, j6] [white, k11] 
ffff6 info: No subtree to reuse.
f7fe6 dfpn: c10
ffff6 info: StartSearch()[0]
ffff6 info: 
Elapsed Time   0.600552s
Count          1
GamesPlayed    1
Nodes          1
Knowledge      0 (0.0%)
Expansions     0.0
Time           0.00
GameLen        116.0 dev=0.0 min=116.0 max=116.0
InTree         0.0 dev=0.0 min=0.0 max=0.0
KnowDepth      -
Aborted        0%
Games/s        3246.8
Score          0.00
Sequence      
ffff6 info: 
ffff6 warning: **** MoHexSearch returned empty sequence!
ffff6 warning: **** Returning random move!
ffff6 info: *** Player move: e5
f7fe6 info: DfpnSolver::CheckAbort(): Abort flag!
4d3c6 info: 
MID calls      122
VC builds      117
Terminal       0
Work           122
Wasted Work    0 (0%)
Elapsed Time   0.61297
MIDs/sec       199.031
VCs/sec        190.874
Cnt prune sib  0
Avg prune sib  -
Consider Size  79.3675 dev=5.69711 min=70 max=91
Move Index     -
Move Percent   -
Delta Increase 2.93388 dev=11.6148 min=1 max=80
Winner         empty
PV             c10 b7 d8

HashTableStatistics:
Stores         374
LookupAttempt  29589
LookupSuccess  1517
Collisions     0

4d3c6 info: Search aborted.
c0127 info: PlayAndSolve: Building VCs to avoid race condition.
c0127 info: PlayAndSolve: Continuing on as usual.
4d3c6 info: *** PlayerThread ***
ffff6 info: *** SolverThread ***
f7fe6 config: VCS: reading captured set patterns from '/home/linus/MoHex2.0/nfbranchfix/benzene-vanilla-cmake/share/vc-captured-set.txt'.
f7fe6 config: VCS:: parsed 2 patterns.
f7fe6 config: VCS: reading captured set patterns from '/home/linus/MoHex2.0/nfbranchfix/benzene-vanilla-cmake/share/vc-captured-set.txt'.
f7fe6 config: VCS:: parsed 2 patterns.
f7fe6 dfpn: 
4d3c6 info: Best move cannot be determined, must search state.
4d3c6 info: --- MoHexPlayer::Search() ---
4d3c6 info: Color: black
4d3c6 info: MaxGames: 1
4d3c6 info: NumberThreads: 1
4d3c6 info: MaxNodes: 181818181 (15999999928 bytes)
4d3c6 info: TimeForMove: 1
f7fe6 dfpn: d7
f7fe6 dfpn: c9
f7fe6 dfpn: b10
f7fe6 dfpn: d8
f7fe6 dfpn: c8
f7fe6 dfpn: e8
f7fe6 dfpn: e7
f7fe6 dfpn: d9
f7fe6 dfpn: c10
f7fe6 dfpn: b9
f7fe6 dfpn: f10
f7fe6 dfpn: d10
f7fe6 dfpn: b8
f7fe6 dfpn: g8
f7fe6 dfpn: e9
f7fe6 dfpn: f6
f7fe6 dfpn: e6
f7fe6 dfpn: f8
f7fe6 dfpn: e10
f7fe6 dfpn: f3
f7fe6 dfpn: f7
f7fe6 dfpn: e4
f7fe6 dfpn: f9
f7fe6 dfpn: f10
4d3c6 info: PreSearch: max time reached (43/85).
4d3c6 info: Time for PreSearch: 0.20703s
4d3c6 info: 
  2c904fe56b25117a
  a  b  c  d  e  f  g  h  i  j  k  
 1\.  .  W  .  .  .  .  .  .  .  .\1
  2\*  .  *  *  *  *  *  *  *  *  *\2
   3\.  *  *  *  *  *  *  *  *  *  *\3
    4\*  *  *  *  *  *  *  *  *  *  *\4
     5\*  *  *  *  B  *  *  *  *  *  .\5
      6\.  B  *  *  *  *  *  *  *  B  .\6
       7\.  *  *  *  *  *  *  *  *  *  *\7
        8\*  *  *  *  *  *  *  *  *  *  *\8
         9\*  *  *  *  *  *  *  W  *  *  .\9
         10\*  *  *  *  *  *  .  .  *  *  w\10
          11\.  .  .  .  .  .  .  .  .  .  W\11
              a  b  c  d  e  f  g  h  i  j  k  
4d3c6 info: Old: [black, b6] [white, swap-pieces] [white, h9] [black, j6] [white, k11] 
4d3c6 info: New: [black, b6] [white, swap-pieces] [white, h9] [black, j6] [white, k11] [black, e5] [white, c1] 
4d3c6 info: MovesPlayed: [black, e5] [white, c1] 
4d3c6 info: No subtree to reuse.
4d3c6 info: StartSearch()[0]
4d3c6 info: 
Elapsed Time   0.353603s
Count          1
GamesPlayed    1
Nodes          1
Knowledge      0 (0.0%)
Expansions     0.0
Time           0.00
GameLen        114.0 dev=0.0 min=114.0 max=114.0
InTree         0.0 dev=0.0 min=0.0 max=0.0
KnowDepth      -
Aborted        0%
Games/s        2493.8
Score          1.00
Sequence      
4d3c6 info: 
4d3c6 warning: **** MoHexSearch returned empty sequence!
4d3c6 warning: **** Returning random move!
4d3c6 info: *** Player move: b2
f7fe6 info: DfpnSolver::CheckAbort(): Abort flag!
ffff6 info: 
MID calls      58
VC builds      56
Terminal       0
Work           58
Wasted Work    0 (0%)
Elapsed Time   0.366109
MIDs/sec       158.423
VCs/sec        152.96
Cnt prune sib  0
Avg prune sib  -
Consider Size  81.6072 dev=7.15799 min=70 max=91
Move Index     -
Move Percent   -
Delta Increase 3.7193 dev=13.9003 min=1 max=80
Winner         empty
PV             f10 b10 f6 e8

HashTableStatistics:
Stores         512
LookupAttempt  42067
LookupSuccess  2203
Collisions     0

ffff6 info: Search aborted.
c0127 info: PlayAndSolve: Building VCs to avoid race condition.
c0127 info: PlayAndSolve: Continuing on as usual.
ffff6 info: *** PlayerThread ***
4d3c6 info: *** SolverThread ***
f7fe6 config: VCS: reading captured set patterns from '/home/linus/MoHex2.0/nfbranchfix/benzene-vanilla-cmake/share/vc-captured-set.txt'.
f7fe6 config: VCS:: parsed 2 patterns.
f7fe6 config: VCS: reading captured set patterns from '/home/linus/MoHex2.0/nfbranchfix/benzene-vanilla-cmake/share/vc-captured-set.txt'.
f7fe6 config: VCS:: parsed 2 patterns.
f7fe6 dfpn: 
ffff6 info: Best move cannot be determined, must search state.
ffff6 info: --- MoHexPlayer::Search() ---
ffff6 info: Color: black
ffff6 info: MaxGames: 1
ffff6 info: NumberThreads: 1
ffff6 info: MaxNodes: 181818181 (15999999928 bytes)
ffff6 info: TimeForMove: 1
f7fe6 dfpn: b10
f7fe6 dfpn: c9
f7fe6 dfpn: d7
f7fe6 dfpn: d8
f7fe6 dfpn: c8
f7fe6 dfpn: e8
f7fe6 dfpn: d9
f7fe6 dfpn: e7
f7fe6 dfpn: c10
f7fe6 dfpn: b9
f7fe6 dfpn: d10
f7fe6 dfpn: b8
f7fe6 dfpn: f10
f7fe6 dfpn: e9
f7fe6 dfpn: e10
f7fe6 dfpn: g8
f7fe6 dfpn: f8
f7fe6 dfpn: e6
f7fe6 dfpn: f6
f7fe6 dfpn: f7
f7fe6 dfpn: f9
f7fe6 dfpn: b7
f7fe6 dfpn: c7
ffff6 info: PreSearch: max time reached (38/86).
ffff6 info: Time for PreSearch: 0.20029s
f7fe6 dfpn: f10
ffff6 info: 
  c0472c6f03fa1657
  a  b  c  d  e  f  g  h  i  j  k  
 1\w  *  W  .  .  .  .  .  .  .  .\1
  2\w  B  *  *  *  *  *  *  *  *  *\2
   3\.  *  *  *  *  *  *  *  *  *  *\3
    4\*  *  *  *  *  *  *  *  *  *  *\4
     5\*  *  *  *  B  *  *  *  *  *  .\5
      6\.  B  *  *  *  *  *  *  *  B  .\6
       7\.  *  *  *  *  *  *  *  *  *  *\7
        8\*  *  *  *  *  *  *  *  *  *  *\8
         9\*  *  *  *  *  *  *  W  *  *  .\9
         10\*  *  *  *  *  *  .  *  *  *  w\10
          11\.  .  .  .  .  .  .  .  W  .  W\11
              a  b  c  d  e  f  g  h  i  j  k  
ffff6 info: Old: [black, b6] [white, swap-pieces] [white, h9] [black, j6] [white, k11] [black, e5] [white, c1] 
ffff6 info: New: [black, b6] [white, swap-pieces] [white, h9] [black, j6] [white, k11] [black, e5] [white, c1] [black, b2] [white, i11] 
ffff6 info: MovesPlayed: [black, b2] [white, i11] 
ffff6 info: No subtree to reuse.
ffff6 info: StartSearch()[0]
ffff6 info: 
Elapsed Time   0.35259s
Count          1
GamesPlayed    1
Nodes          1
Knowledge      0 (0.0%)
Expansions     0.0
Time           0.00
GameLen        110.0 dev=0.0 min=110.0 max=110.0
InTree         0.0 dev=0.0 min=0.0 max=0.0
KnowDepth      -
Aborted        0%
Games/s        2652.5
Score          1.00
Sequence      
ffff6 info: 
ffff6 warning: **** MoHexSearch returned empty sequence!
ffff6 warning: **** Returning random move!
ffff6 info: *** Player move: c11
f7fe6 info: DfpnSolver::CheckAbort(): Abort flag!
4d3c6 info: 
MID calls      51
VC builds      49
Terminal       0
Work           51
Wasted Work    0 (0%)
Elapsed Time   0.361978
MIDs/sec       140.893
VCs/sec        135.367
Cnt prune sib  0
Avg prune sib  -
Consider Size  83.3265 dev=4.85015 min=71 max=89
Move Index     -
Move Percent   -
Delta Increase 4.12 dev=15.1916 min=1 max=81
Winner         empty
PV             f10 b10 g8 f6

HashTableStatistics:
Stores         636
LookupAttempt  54144
LookupSuccess  2882
Collisions     0

4d3c6 info: Search aborted.
c0127 info: PlayAndSolve: Building VCs to avoid race condition.
c0127 info: PlayAndSolve: Continuing on as usual.
4d3c6 info: *** PlayerThread ***
ffff6 info: *** SolverThread ***
f7fe6 config: VCS: reading captured set patterns from '/home/linus/MoHex2.0/nfbranchfix/benzene-vanilla-cmake/share/vc-captured-set.txt'.
f7fe6 config: VCS:: parsed 2 patterns.
f7fe6 config: VCS: reading captured set patterns from '/home/linus/MoHex2.0/nfbranchfix/benzene-vanilla-cmake/share/vc-captured-set.txt'.
f7fe6 config: VCS:: parsed 2 patterns.
f7fe6 dfpn: 
f7fe6 dfpn: d8
4d3c6 info: Best move cannot be determined, must search state.
4d3c6 info: --- MoHexPlayer::Search() ---
4d3c6 info: Color: black
4d3c6 info: MaxGames: 1
4d3c6 info: NumberThreads: 1
4d3c6 info: MaxNodes: 181818181 (15999999928 bytes)
4d3c6 info: TimeForMove: 1
f7fe6 dfpn: c9
f7fe6 dfpn: d7
f7fe6 dfpn: e8
f7fe6 dfpn: e9
f7fe6 dfpn: d9
f7fe6 dfpn: c8
f7fe6 dfpn: b10
f7fe6 dfpn: e7
f7fe6 dfpn: f7
f7fe6 dfpn: c10
f7fe6 dfpn: b9
f7fe6 dfpn: f8
f7fe6 dfpn: b8
f7fe6 dfpn: d10
f7fe6 dfpn: e6
f7fe6 dfpn: c7
f7fe6 dfpn: f6
f7fe6 dfpn: b7
f7fe6 dfpn: e4
f7fe6 dfpn: a10
f7fe6 dfpn: f3
f7fe6 dfpn: c4
4d3c6 info: PreSearch: max time reached (38/85).
4d3c6 info: Time for PreSearch: 0.205867s
f7fe6 dfpn: c10
4d3c6 info: 
  f2b2b6ccef289407
  a  b  c  d  e  f  g  h  i  j  k  
 1\w  .  W  .  .  .  .  .  .  .  .\1
  2\w  B  .  *  *  *  *  *  *  *  *\2
   3\.  *  *  *  *  *  *  *  *  *  *\3
    4\*  *  *  *  *  *  *  *  *  *  *\4
     5\*  *  *  *  B  *  *  *  *  *  .\5
      6\.  B  *  *  *  *  *  *  *  B  .\6
       7\.  *  *  *  *  *  *  *  *  *  *\7
        8\*  *  *  *  *  *  W  *  *  *  *\8
         9\*  *  *  *  *  *  *  W  *  *  .\9
         10\*  *  *  *  *  *  .  *  *  *  w\10
          11\.  .  B  .  .  .  .  .  W  .  W\11
              a  b  c  d  e  f  g  h  i  j  k  
4d3c6 info: Old: [black, b6] [white, swap-pieces] [white, h9] [black, j6] [white, k11] [black, e5] [white, c1] [black, b2] [white, i11] 
4d3c6 info: New: [black, b6] [white, swap-pieces] [white, h9] [black, j6] [white, k11] [black, e5] [white, c1] [black, b2] [white, i11] [black, c11] [white, g8] 
4d3c6 info: MovesPlayed: [black, c11] [white, g8] 
4d3c6 info: No subtree to reuse.
4d3c6 info: StartSearch()[0]
4d3c6 info: 
Elapsed Time   0.354812s
Count          1
GamesPlayed    1
Nodes          1
Knowledge      0 (0.0%)
Expansions     0.0
Time           0.00
GameLen        108.0 dev=0.0 min=108.0 max=108.0
InTree         0.0 dev=0.0 min=0.0 max=0.0
KnowDepth      -
Aborted        0%
Games/s        2985.1
Score          1.00
Sequence      
4d3c6 info: 
4d3c6 warning: **** MoHexSearch returned empty sequence!
4d3c6 warning: **** Returning random move!
4d3c6 info: *** Player move: d7
f7fe6 info: DfpnSolver::CheckAbort(): Abort flag!
ffff6 info: 
MID calls      40
VC builds      39
Terminal       0
Work           40
Wasted Work    0 (0%)
Elapsed Time   0.368271
MIDs/sec       108.616
VCs/sec        105.9
Cnt prune sib  0
Avg prune sib  -
Consider Size  82.5641 dev=2.69657 min=76 max=87
Move Index     -
Move Percent   -
Delta Increase 3.05128 dev=12.645 min=1 max=81
Winner         empty
PV             c10 b7 d7

HashTableStatistics:
Stores         739
LookupAttempt  65164
LookupSuccess  3549
Collisions     0

ffff6 info: Search aborted.
c0127 info: PlayAndSolve: Building VCs to avoid race condition.
c0127 info: PlayAndSolve: Continuing on as usual.
ffff6 info: *** PlayerThread ***
4d3c6 info: *** SolverThread ***
f7fe6 config: VCS: reading captured set patterns from '/home/linus/MoHex2.0/nfbranchfix/benzene-vanilla-cmake/share/vc-captured-set.txt'.
f7fe6 config: VCS:: parsed 2 patterns.
f7fe6 config: VCS: reading captured set patterns from '/home/linus/MoHex2.0/nfbranchfix/benzene-vanilla-cmake/share/vc-captured-set.txt'.
f7fe6 config: VCS:: parsed 2 patterns.
f7fe6 dfpn: 
ffff6 info: Best move cannot be determined, must search state.
ffff6 info: --- MoHexPlayer::Search() ---
ffff6 info: Color: black
ffff6 info: MaxGames: 1
ffff6 info: NumberThreads: 1
ffff6 info: MaxNodes: 181818181 (15999999928 bytes)
ffff6 info: TimeForMove: 1
f7fe6 dfpn: c9
f7fe6 dfpn: b10
f7fe6 dfpn: d8
f7fe6 dfpn: d9
f7fe6 dfpn: c10
f7fe6 dfpn: e8
f7fe6 dfpn: e9
f7fe6 dfpn: d10
f7fe6 dfpn: c8
f7fe6 dfpn: f3
f7fe6 dfpn: e4
ffff6 info: PreSearch: max time reached (14/76).
ffff6 info: Time for PreSearch: 0.200565s
f7fe6 dfpn: f8
f7fe6 dfpn: f4
ffff6 info: 
  5d85dfc1f0c83b9c
  a  b  c  d  e  f  g  h  i  j  k  
 1\w  *  W  .  .  .  .  .  .  .  .\1
  2\w  B  *  *  *  *  *  *  *  *  *\2
   3\.  *  *  *  *  *  *  *  *  *  *\3
    4\*  *  *  *  *  *  *  *  *  *  *\4
     5\*  *  *  *  B  *  *  *  *  *  .\5
      6\.  B  *  *  *  *  *  *  *  B  b\6
       7\.  *  *  B  *  *  *  *  *  .  w\7
        8\*  *  *  *  *  *  W  *  *  W  w\8
         9\*  *  *  *  *  *  *  W  .  b  w\9
         10\*  *  *  *  *  *  .  *  .  w  w\10
          11\.  .  B  .  .  .  .  .  W  w  W\11
              a  b  c  d  e  f  g  h  i  j  k  
f7fe6 dfpn: b9
f7fe6 dfpn: b8
f7fe6 dfpn: g3
ffff6 info: Old: [black, b6] [white, swap-pieces] [white, h9] [black, j6] [white, k11] [black, e5] [white, c1] [black, b2] [white, i11] [black, c11] [white, g8] 
ffff6 info: New: [black, b6] [white, swap-pieces] [white, h9] [black, j6] [white, k11] [black, e5] [white, c1] [black, b2] [white, i11] [black, c11] [white, g8] [black, d7] [white, j8] 
ffff6 info: MovesPlayed: [black, d7] [white, j8] 
ffff6 info: No subtree to reuse.
f7fe6 dfpn: e10
f7fe6 dfpn: f7
f7fe6 dfpn: h2
f7fe6 dfpn: d3
f7fe6 dfpn: c9
ffff6 info: StartSearch()[0]
ffff6 info: 
Elapsed Time   0.361365s
Count          1
GamesPlayed    1
Nodes          1
Knowledge      0 (0.0%)
Expansions     0.0
Time           0.00
GameLen        99.0 dev=0.0 min=99.0 max=99.0
InTree         0.0 dev=0.0 min=0.0 max=0.0
KnowDepth      -
Aborted        0%
Games/s        3623.2
Score          0.00
Sequence      
ffff6 info: 
ffff6 warning: **** MoHexSearch returned empty sequence!
ffff6 warning: **** Returning random move!
ffff6 info: *** Player move: k5
f7fe6 info: DfpnSolver::CheckAbort(): Abort flag!
4d3c6 info: 
MID calls      24
VC builds      23
Terminal       0
Work           24
Wasted Work    0 (0%)
Elapsed Time   0.380517
MIDs/sec       63.0721
VCs/sec        60.4441
Cnt prune sib  0
Avg prune sib  -
Consider Size  26.4348 dev=20.4978 min=6 max=76
Move Index     -
Move Percent   -
Delta Increase 1.30435 dev=1.08085 min=1 max=6
Winner         empty
PV             c9 c8 d8

HashTableStatistics:
Stores         807
LookupAttempt  71818
LookupSuccess  4059
Collisions     0

4d3c6 info: Search aborted.
c0127 info: PlayAndSolve: Building VCs to avoid race condition.
c0127 info: PlayAndSolve: Continuing on as usual.
4d3c6 info: *** PlayerThread ***
ffff6 info: *** SolverThread ***
f7fe6 config: VCS: reading captured set patterns from '/home/linus/MoHex2.0/nfbranchfix/benzene-vanilla-cmake/share/vc-captured-set.txt'.
f7fe6 config: VCS:: parsed 2 patterns.
f7fe6 config: VCS: reading captured set patterns from '/home/linus/MoHex2.0/nfbranchfix/benzene-vanilla-cmake/share/vc-captured-set.txt'.
f7fe6 config: VCS:: parsed 2 patterns.
f7fe6 dfpn: 
4d3c6 info: Best move cannot be determined, must search state.
4d3c6 info: --- MoHexPlayer::Search() ---
4d3c6 info: Color: black
4d3c6 info: MaxGames: 1
4d3c6 info: NumberThreads: 1
4d3c6 info: MaxNodes: 181818181 (15999999928 bytes)
4d3c6 info: TimeForMove: 1
f7fe6 dfpn: c9
f7fe6 dfpn: b10
f7fe6 dfpn: d8
f7fe6 dfpn: d9
f7fe6 dfpn: c10
f7fe6 dfpn: e8
f7fe6 dfpn: e9
f7fe6 dfpn: d10
f7fe6 dfpn: c8
f7fe6 dfpn: f3
f7fe6 dfpn: f8
f7fe6 dfpn: e4
f7fe6 dfpn: f4
4d3c6 info: PreSearch: max time reached (17/70).
4d3c6 info: Time for PreSearch: 0.204598s
f7fe6 dfpn: b9
f7fe6 dfpn: e10
4d3c6 info: 
  2f18b8db3a551ed7
  a  b  c  d  e  f  g  h  i  j  k  
 1\w  *  W  .  .  .  .  .  .  .  .\1
  2\w  B  *  *  *  *  *  *  *  *  *\2
   3\.  *  *  *  *  *  *  *  *  *  *\3
    4\*  *  *  *  *  *  *  *  *  *  .\4
     5\*  *  *  *  B  *  *  *  *  .  B\5
      6\.  B  *  *  *  *  *  *  *  B  w\6
       7\.  *  *  B  *  *  *  *  *  W  w\7
        8\*  *  *  *  *  *  W  .  w  W  b\8
         9\*  *  *  *  *  *  *  W  w  b  b\9
         10\*  *  *  *  *  .  .  w  b  w  w\10
          11\.  .  B  .  .  .  .  w  W  w  W\11
              a  b  c  d  e  f  g  h  i  j  k  
f7fe6 dfpn: b8
f7fe6 dfpn: g3
f7fe6 dfpn: h2
f7fe6 dfpn: f7
4d3c6 info: Old: [black, b6] [white, swap-pieces] [white, h9] [black, j6] [white, k11] [black, e5] [white, c1] [black, b2] [white, i11] [black, c11] [white, g8] [black, d7] [white, j8] 
4d3c6 info: New: [black, b6] [white, swap-pieces] [white, h9] [black, j6] [white, k11] [black, e5] [white, c1] [black, b2] [white, i11] [black, c11] [white, g8] [black, d7] [white, j8] [black, k5] [white, j7] 
4d3c6 info: MovesPlayed: [black, k5] [white, j7] 
4d3c6 info: No subtree to reuse.
f7fe6 dfpn: c9
4d3c6 info: StartSearch()[0]
4d3c6 info: 
Elapsed Time   0.374438s
Count          1
GamesPlayed    1
Nodes          1
Knowledge      0 (0.0%)
Expansions     0.0
Time           0.00
GameLen        92.0 dev=0.0 min=92.0 max=92.0
InTree         0.0 dev=0.0 min=0.0 max=0.0
KnowDepth      -
Aborted        0%
Games/s        2985.1
Score          0.00
Sequence      
4d3c6 info: 
4d3c6 warning: **** MoHexSearch returned empty sequence!
4d3c6 warning: **** Returning random move!
4d3c6 info: *** Player move: f3
f7fe6 info: DfpnSolver::CheckAbort(): Abort flag!
ffff6 info: 
MID calls      25
VC builds      24
Terminal       1
Work           26
Wasted Work    2 (7.69231%)
Elapsed Time   0.400322
MIDs/sec       62.4497
VCs/sec        59.9517
Cnt prune sib  0
Avg prune sib  -
Consider Size  27.9565 dev=20.3459 min=6 max=70
Move Index     0 dev=0 min=0 max=0
Move Percent   0 dev=0 min=0 max=0
Delta Increase 3.92 dev=12.5153 min=1 max=65
Winner         empty
PV             c9 f3 d4

HashTableStatistics:
Stores         877
LookupAttempt  77830
LookupSuccess  4529
Collisions     0

ffff6 info: Search aborted.
c0127 info: PlayAndSolve: Building VCs to avoid race condition.
c0127 info: PlayAndSolve: Continuing on as usual.
ffff6 info: *** PlayerThread ***
4d3c6 info: *** SolverThread ***
f7fe6 config: VCS: reading captured set patterns from '/home/linus/MoHex2.0/nfbranchfix/benzene-vanilla-cmake/share/vc-captured-set.txt'.
f7fe6 config: VCS:: parsed 2 patterns.
f7fe6 config: VCS: reading captured set patterns from '/home/linus/MoHex2.0/nfbranchfix/benzene-vanilla-cmake/share/vc-captured-set.txt'.
f7fe6 config: VCS:: parsed 2 patterns.
f7fe6 dfpn: 
4d3c6 info: 
MID calls      0
VC builds      1
Terminal       1
Work           1
Wasted Work    0 (0%)
Elapsed Time   0.021402
MIDs/sec       0
VCs/sec        46.7246
Cnt prune sib  0
Avg prune sib  -
Consider Size  -
Move Index     -
Move Percent   -
Delta Increase -
Winner         black
PV             

HashTableStatistics:
Stores         878
LookupAttempt  77836
LookupSuccess  4532
Collisions     0

ffff6 info: Winning SC.
ffff6 info: *** Player move: c9
c0127 info: PlayAndSolve: Building VCs to avoid race condition.
c0127 info: PlayAndSolve: Continuing on as usual.
4d3c6 info: *** PlayerThread ***
ffff6 info: *** SolverThread ***
f7fe6 config: VCS: reading captured set patterns from '/home/linus/MoHex2.0/nfbranchfix/benzene-vanilla-cmake/share/vc-captured-set.txt'.
f7fe6 config: VCS:: parsed 2 patterns.
f7fe6 config: VCS: reading captured set patterns from '/home/linus/MoHex2.0/nfbranchfix/benzene-vanilla-cmake/share/vc-captured-set.txt'.
f7fe6 config: VCS:: parsed 2 patterns.
f7fe6 dfpn: 
4d3c6 info: Winning SC.
4d3c6 info: *** Player move: e4
ffff6 info: 
MID calls      0
VC builds      1
Terminal       1
Work           1
Wasted Work    0 (0%)
Elapsed Time   0.012436
MIDs/sec       0
VCs/sec        80.4117
Cnt prune sib  0
Avg prune sib  -
Consider Size  -
Move Index     -
Move Percent   -
Delta Increase -
Winner         black
PV             

HashTableStatistics:
Stores         879
LookupAttempt  77842
LookupSuccess  4535
Collisions     0

c0127 info: PlayAndSolve: Building VCs to avoid race condition.
c0127 info: PlayAndSolve: Continuing on as usual.
ffff6 info: *** PlayerThread ***
4d3c6 info: *** SolverThread ***
f7fe6 config: VCS: reading captured set patterns from '/home/linus/MoHex2.0/nfbranchfix/benzene-vanilla-cmake/share/vc-captured-set.txt'.
f7fe6 config: VCS:: parsed 2 patterns.
f7fe6 config: VCS: reading captured set patterns from '/home/linus/MoHex2.0/nfbranchfix/benzene-vanilla-cmake/share/vc-captured-set.txt'.
f7fe6 config: VCS:: parsed 2 patterns.
f7fe6 dfpn: 
ffff6 info: Winning SC.
ffff6 info: *** Player move: e6
4d3c6 info: 
MID calls      0
VC builds      1
Terminal       1
Work           1
Wasted Work    0 (0%)
Elapsed Time   0.015045
MIDs/sec       0
VCs/sec        66.4673
Cnt prune sib  0
Avg prune sib  -
Consider Size  -
Move Index     -
Move Percent   -
Delta Increase -
Winner         black
PV             

HashTableStatistics:
Stores         880
LookupAttempt  77848
LookupSuccess  4538
Collisions     0

c0127 info: PlayAndSolve: Building VCs to avoid race condition.
c0127 info: PlayAndSolve: Continuing on as usual.
4d3c6 info: *** PlayerThread ***
ffff6 info: *** SolverThread ***
f7fe6 config: VCS: reading captured set patterns from '/home/linus/MoHex2.0/nfbranchfix/benzene-vanilla-cmake/share/vc-captured-set.txt'.
f7fe6 config: VCS:: parsed 2 patterns.
f7fe6 config: VCS: reading captured set patterns from '/home/linus/MoHex2.0/nfbranchfix/benzene-vanilla-cmake/share/vc-captured-set.txt'.
f7fe6 config: VCS:: parsed 2 patterns.
f7fe6 dfpn: 
4d3c6 info: Winning SC.
4d3c6 info: *** Player move: b10
ffff6 info: 
MID calls      0
VC builds      1
Terminal       1
Work           1
Wasted Work    0 (0%)
Elapsed Time   0.027607
MIDs/sec       0
VCs/sec        36.2227
Cnt prune sib  0
Avg prune sib  -
Consider Size  -
Move Index     -
Move Percent   -
Delta Increase -
Winner         black
PV             

HashTableStatistics:
Stores         881
LookupAttempt  77854
LookupSuccess  4541
Collisions     0

c0127 info: PlayAndSolve: Building VCs to avoid race condition.
c0127 info: PlayAndSolve: Continuing on as usual.
4d3c6 info: *** SolverThread ***
ffff6 info: *** PlayerThread ***
f7fe6 config: VCS: reading captured set patterns from '/home/linus/MoHex2.0/nfbranchfix/benzene-vanilla-cmake/share/vc-captured-set.txt'.
f7fe6 config: VCS:: parsed 2 patterns.
f7fe6 config: VCS: reading captured set patterns from '/home/linus/MoHex2.0/nfbranchfix/benzene-vanilla-cmake/share/vc-captured-set.txt'.
f7fe6 config: VCS:: parsed 2 patterns.
f7fe6 dfpn: 
4d3c6 info: 
MID calls      0
VC builds      1
Terminal       1
Work           1
Wasted Work    0 (0%)
Elapsed Time   0.018668
MIDs/sec       0
VCs/sec        53.5676
Cnt prune sib  0
Avg prune sib  -
Consider Size  -
Move Index     -
Move Percent   -
Delta Increase -
Winner         black
PV             

HashTableStatistics:
Stores         882
LookupAttempt  77860
LookupSuccess  4544
Collisions     0

ffff6 info: Winning SC.
ffff6 info: *** Player move: d8
c0127 info: PlayAndSolve: Building VCs to avoid race condition.
c0127 info: PlayAndSolve: Continuing on as usual.
4d3c6 info: *** PlayerThread ***
ffff6 info: *** SolverThread ***
f7fe6 config: VCS: reading captured set patterns from '/home/linus/MoHex2.0/nfbranchfix/benzene-vanilla-cmake/share/vc-captured-set.txt'.
f7fe6 config: VCS:: parsed 2 patterns.
f7fe6 config: VCS: reading captured set patterns from '/home/linus/MoHex2.0/nfbranchfix/benzene-vanilla-cmake/share/vc-captured-set.txt'.
f7fe6 config: VCS:: parsed 2 patterns.
f7fe6 dfpn: 
4d3c6 info: Winning SC.
4d3c6 info: *** Player move: e2
ffff6 info: 
MID calls      0
VC builds      1
Terminal       1
Work           1
Wasted Work    0 (0%)
Elapsed Time   0.004018
MIDs/sec       0
VCs/sec        248.88
Cnt prune sib  0
Avg prune sib  -
Consider Size  -
Move Index     -
Move Percent   -
Delta Increase -
Winner         black
PV             

HashTableStatistics:
Stores         883
LookupAttempt  77866
LookupSuccess  4547
Collisions     0

c0127 info: PlayAndSolve: Building VCs to avoid race condition.
c0127 info: PlayAndSolve: Continuing on as usual.
ffff6 info: *** PlayerThread ***
4d3c6 info: *** SolverThread ***
f7fe6 config: VCS: reading captured set patterns from '/home/linus/MoHex2.0/nfbranchfix/benzene-vanilla-cmake/share/vc-captured-set.txt'.
f7fe6 config: VCS:: parsed 2 patterns.
f7fe6 config: VCS: reading captured set patterns from '/home/linus/MoHex2.0/nfbranchfix/benzene-vanilla-cmake/share/vc-captured-set.txt'.
f7fe6 config: VCS:: parsed 2 patterns.
f7fe6 dfpn: 
ffff6 info: Captured cells caused win! Removing...
4d3c6 info: 
MID calls      0
VC builds      1
Terminal       1
Work           1
Wasted Work    0 (0%)
Elapsed Time   0.004006
MIDs/sec       0
VCs/sec        249.626
Cnt prune sib  0
Avg prune sib  -
Consider Size  -
Move Index     -
Move Percent   -
Delta Increase -
Winner         black
PV             

HashTableStatistics:
Stores         884
LookupAttempt  77872
LookupSuccess  4550
Collisions     0

ffff6 info: Winning SC.
ffff6 info: *** Player move: e1
c0127 info: PlayAndSolve: Building VCs to avoid race condition.
c0127 info: PlayAndSolve: Continuing on as usual.
4d3c6 info: *** PlayerThread ***
ffff6 info: *** SolverThread ***
f7fe6 config: VCS: reading captured set patterns from '/home/linus/MoHex2.0/nfbranchfix/benzene-vanilla-cmake/share/vc-captured-set.txt'.
f7fe6 config: VCS:: parsed 2 patterns.
f7fe6 config: VCS: reading captured set patterns from '/home/linus/MoHex2.0/nfbranchfix/benzene-vanilla-cmake/share/vc-captured-set.txt'.
f7fe6 config: VCS:: parsed 2 patterns.
f7fe6 dfpn: 
4d3c6 info: Winning SC.
4d3c6 info: *** Player move: b11
ffff6 info: 
MID calls      0
VC builds      1
Terminal       1
Work           1
Wasted Work    0 (0%)
Elapsed Time   0.004064
MIDs/sec       0
VCs/sec        246.063
Cnt prune sib  0
Avg prune sib  -
Consider Size  -
Move Index     -
Move Percent   -
Delta Increase -
Winner         black
PV             

HashTableStatistics:
Stores         885
LookupAttempt  77878
LookupSuccess  4553
Collisions     0

c0127 info: PlayAndSolve: Building VCs to avoid race condition.
c0127 info: PlayAndSolve: Continuing on as usual.
ffff6 info: *** PlayerThread ***
4d3c6 info: *** SolverThread ***
f7fe6 config: VCS: reading captured set patterns from '/home/linus/MoHex2.0/nfbranchfix/benzene-vanilla-cmake/share/vc-captured-set.txt'.
f7fe6 config: VCS:: parsed 2 patterns.
f7fe6 config: VCS: reading captured set patterns from '/home/linus/MoHex2.0/nfbranchfix/benzene-vanilla-cmake/share/vc-captured-set.txt'.
f7fe6 config: VCS:: parsed 2 patterns.
ffff6 info: Captured cells caused win! Removing...
f7fe6 dfpn: 
4d3c6 info: 
MID calls      0
VC builds      1
Terminal       1
Work           1
Wasted Work    0 (0%)
Elapsed Time   0.002945
MIDs/sec       0
VCs/sec        339.559
Cnt prune sib  0
Avg prune sib  -
Consider Size  -
Move Index     -
Move Percent   -
Delta Increase -
Winner         black
PV             

HashTableStatistics:
Stores         886
LookupAttempt  77884
LookupSuccess  4556
Collisions     0

ffff6 info: Winning SC.
ffff6 info: *** Player move: f2
c0127 config: ============ BenzeneShutdown =============
c0127 config: MoHexProgram:: ShutdownSystem()
c0127 config: CommonProgram:: ShutdownSystem()
c0127 config: BenzeneProgram:: ShutdownSystem()
Flushing and closing this stream...
