d8af7 config: MoHex v2.0.CMake Mar 21 2025.
d8af7 config: ============ InitializeSystem ============
d8af7 config: BenzeneProgram::InitRandom()
d8af7 config: Seed = 543134
d8af7 info: Prior Patterns:
d8af7 info: Global:
d8af7 info: Size            = 565 32648 
d8af7 info: TableEntries    = 65932 65910
d8af7 info: MirrorsAdded    = 0 0
d8af7 info: PrunableCount   = 30593 30629
d8af7 info: LargestGamma    = 5820.77
d8af7 info: SmallestGamma   = 6.6e-05
d8af7 info: Local:
d8af7 info: Size            = 550 5318 
d8af7 info: TableEntries    = 11602 11588
d8af7 info: MirrorsAdded    = 0 0
d8af7 info: PrunableCount   = 3659 3667
d8af7 info: LargestGamma    = 11281.8
d8af7 info: SmallestGamma   = 0.026235
d8af7 info: Playout Patterns:
d8af7 info: Global:
d8af7 info: Size            = 565 32648 
d8af7 info: TableEntries    = 70329 70329
d8af7 info: MirrorsAdded    = 4397 4419
d8af7 info: PrunableCount   = 30593 30629
d8af7 info: LargestGamma    = 5820.77
d8af7 info: SmallestGamma   = 6.6e-05
d8af7 info: Local:
d8af7 info: Size            = 550 5318 
d8af7 info: TableEntries    = 11602 11588
d8af7 info: MirrorsAdded    = 0 0
d8af7 info: PrunableCount   = 3659 3667
d8af7 info: LargestGamma    = 11281.8
d8af7 info: SmallestGamma   = 0.026235
d8af7 config: IcePatternSet: reading from '/home/linus/MoHex2.0/nfbranchfix/benzene-vanilla-cmake/share/ice-patterns.txt'.
d8af7 config: IcePatternSet: parsed 708 patterns.
d8af7 config: VCS: reading captured set patterns from '/home/linus/MoHex2.0/nfbranchfix/benzene-vanilla-cmake/share/vc-captured-set.txt'.
d8af7 config: VCS:: parsed 2 patterns.
d8af7 config: VCS: reading captured set patterns from '/home/linus/MoHex2.0/nfbranchfix/benzene-vanilla-cmake/share/vc-captured-set.txt'.
d8af7 config: VCS:: parsed 2 patterns.
d8af7 config: IcePatternSet: reading from '/home/linus/MoHex2.0/nfbranchfix/benzene-vanilla-cmake/share/ice-patterns.txt'.
d8af7 config: IcePatternSet: parsed 708 patterns.
d8af7 config: VCS: reading captured set patterns from '/home/linus/MoHex2.0/nfbranchfix/benzene-vanilla-cmake/share/vc-captured-set.txt'.
d8af7 config: VCS:: parsed 2 patterns.
d8af7 config: VCS: reading captured set patterns from '/home/linus/MoHex2.0/nfbranchfix/benzene-vanilla-cmake/share/vc-captured-set.txt'.
d8af7 config: VCS:: parsed 2 patterns.
d8af7 config: VCS: reading captured set patterns from '/home/linus/MoHex2.0/nfbranchfix/benzene-vanilla-cmake/share/vc-captured-set.txt'.
d8af7 config: VCS:: parsed 2 patterns.
d8af7 config: VCS: reading captured set patterns from '/home/linus/MoHex2.0/nfbranchfix/benzene-vanilla-cmake/share/vc-captured-set.txt'.
d8af7 config: VCS:: parsed 2 patterns.
d8af7 config: VCS: reading captured set patterns from '/home/linus/MoHex2.0/nfbranchfix/benzene-vanilla-cmake/share/vc-captured-set.txt'.
d8af7 config: VCS:: parsed 2 patterns.
d8af7 config: VCS: reading captured set patterns from '/home/linus/MoHex2.0/nfbranchfix/benzene-vanilla-cmake/share/vc-captured-set.txt'.
d8af7 config: VCS:: parsed 2 patterns.
d8af7 info: PlayAndSolve: Building VCs to avoid race condition.
d8af7 config: VCPattern: loading pattern templates from '/home/linus/MoHex2.0/nfbranchfix/benzene-vanilla-cmake/share/vc-patterns.txt'.
d8af7 info: PlayAndSolve: Continuing on as usual.
65d96 info: *** PlayerThread ***
5dd86 info: *** SolverThread ***
55d76 config: VCS: reading captured set patterns from '/home/linus/MoHex2.0/nfbranchfix/benzene-vanilla-cmake/share/vc-captured-set.txt'.
55d76 config: VCS:: parsed 2 patterns.
55d76 config: VCS: reading captured set patterns from '/home/linus/MoHex2.0/nfbranchfix/benzene-vanilla-cmake/share/vc-captured-set.txt'.
55d76 config: VCS:: parsed 2 patterns.
55d76 dfpn: 
65d96 info: Best move cannot be determined, must search state.
65d96 info: --- MoHexPlayer::Search() ---
65d96 info: Color: white
65d96 info: MaxGames: 1
65d96 info: NumberThreads: 1
65d96 info: MaxNodes: 9090 (799920 bytes)
65d96 info: TimeForMove: 1
55d76 dfpn: d8
55d76 dfpn: b10
55d76 dfpn: h4
55d76 dfpn: c9
55d76 dfpn: e7
55d76 dfpn: g5
55d76 dfpn: d7
55d76 dfpn: e8
55d76 dfpn: e6
55d76 dfpn: f6
55d76 dfpn: f7
55d76 dfpn: c8
55d76 dfpn: i3
55d76 dfpn: g6
55d76 dfpn: h5
55d76 dfpn: f5
55d76 dfpn: g4
55d76 dfpn: g7
55d76 dfpn: b8
55d76 dfpn: j2
55d76 dfpn: d9
55d76 dfpn: b9
55d76 dfpn: f8
55d76 dfpn: d6
55d76 dfpn: e5
55d76 dfpn: b8
65d96 info: PreSearch: max time reached (55/93).
65d96 info: Time for PreSearch: 0.20154s
65d96 info: 
  16fb1f9bcce4491b
  a  b  c  d  e  f  g  h  i  j  k  
 1\.  .  *  .  *  *  *  *  *  *  .\1
  2\.  *  *  *  *  *  *  *  *  *  .\2
   3\.  *  *  *  *  *  *  *  *  *  .\3
    4\B  *  *  *  *  *  *  *  *  *  .\4
     5\.  *  *  *  *  *  *  *  *  *  .\5
      6\.  *  *  *  *  *  *  *  *  *  .\6
       7\.  *  *  *  *  *  *  *  *  *  .\7
        8\.  *  *  *  *  *  *  *  *  *  .\8
         9\.  *  *  *  *  *  *  *  *  *  .\9
         10\.  *  *  *  *  *  *  *  *  .  .\10
          11\.  *  *  *  *  *  *  .  .  .  .\11
              a  b  c  d  e  f  g  h  i  j  k  
65d96 info: No subtree to reuse.
65d96 info: Creating thread 0
65d96 info: StartSearch()[0]
65d96 config: VCS: reading captured set patterns from '/home/linus/MoHex2.0/nfbranchfix/benzene-vanilla-cmake/share/vc-captured-set.txt'.
65d96 config: VCS:: parsed 2 patterns.
65d96 config: VCS: reading captured set patterns from '/home/linus/MoHex2.0/nfbranchfix/benzene-vanilla-cmake/share/vc-captured-set.txt'.
65d96 config: VCS:: parsed 2 patterns.
65d96 info: 
Elapsed Time   0.357961s
Count          1
GamesPlayed    1
Nodes          1
Knowledge      0 (0.0%)
Expansions     0.0
Time           0.00
GameLen        120.0 dev=0.0 min=120.0 max=120.0
InTree         0.0 dev=0.0 min=0.0 max=0.0
KnowDepth      -
Aborted        0%
Games/s        389.4
Score          1.00
Sequence      
65d96 info: 
65d96 warning: **** MoHexSearch returned empty sequence!
65d96 warning: **** Returning random move!
65d96 info: *** Player move: i8
55d76 info: DfpnSolver::CheckAbort(): Abort flag!
5dd86 info: 
MID calls      47
VC builds      46
Terminal       0
Work           47
Wasted Work    0 (0%)
Elapsed Time   0.374263
MIDs/sec       125.58
VCs/sec        122.908
Cnt prune sib  0
Avg prune sib  -
Consider Size  90.2174 dev=1.76818 min=84 max=93
Move Index     -
Move Percent   -
Delta Increase 2.80435 dev=12.1039 min=1 max=84
Winner         empty
PV             b8 j2 d8

HashTableStatistics:
Stores         119
LookupAttempt  13383
LookupSuccess  778
Collisions     0

5dd86 info: Search aborted.
d8af7 info: PlayAndSolve: Building VCs to avoid race condition.
d8af7 info: PlayAndSolve: Continuing on as usual.
5dd86 info: *** PlayerThread ***
65d96 info: *** SolverThread ***
55d76 config: VCS: reading captured set patterns from '/home/linus/MoHex2.0/nfbranchfix/benzene-vanilla-cmake/share/vc-captured-set.txt'.
55d76 config: VCS:: parsed 2 patterns.
55d76 config: VCS: reading captured set patterns from '/home/linus/MoHex2.0/nfbranchfix/benzene-vanilla-cmake/share/vc-captured-set.txt'.
55d76 config: VCS:: parsed 2 patterns.
55d76 dfpn: 
5dd86 info: Best move cannot be determined, must search state.
5dd86 info: --- MoHexPlayer::Search() ---
5dd86 info: Color: white
5dd86 info: MaxGames: 1
5dd86 info: NumberThreads: 1
5dd86 info: MaxNodes: 9090 (799920 bytes)
5dd86 info: TimeForMove: 1
55d76 dfpn: d8
55d76 dfpn: e8
55d76 dfpn: e7
55d76 dfpn: f7
55d76 dfpn: d7
55d76 dfpn: e6
55d76 dfpn: f6
55d76 dfpn: c9
55d76 dfpn: g5
55d76 dfpn: c8
55d76 dfpn: f8
55d76 dfpn: h4
55d76 dfpn: g6
55d76 dfpn: f5
5dd86 info: PreSearch: max time reached (24/85).
5dd86 info: Time for PreSearch: 0.204849s
55d76 dfpn: d9
55d76 dfpn: d6
55d76 dfpn: g4
55d76 dfpn: g7
55d76 dfpn: e5
55d76 dfpn: i3
55d76 dfpn: c7
55d76 dfpn: h5
55d76 dfpn: b9
5dd86 info: 
  d79ccc3dde266f46
  a  b  c  d  e  f  g  h  i  j  k  
 1\.  .  *  *  *  *  *  *  *  *  .\1
  2\.  *  *  *  *  *  *  *  *  *  .\2
   3\.  *  *  *  *  *  *  *  *  *  .\3
    4\B  *  *  *  *  *  *  *  *  *  .\4
     5\.  *  *  *  *  *  *  *  *  *  .\5
      6\.  *  *  *  *  *  *  *  *  *  .\6
       7\.  *  *  *  *  *  *  *  *  *  .\7
        8\.  *  *  *  *  *  *  *  W  .  .\8
         9\.  *  *  *  *  *  *  *  *  *  .\9
         10\.  *  .  B  .  *  *  *  *  .  .\10
          11\.  b  b  b  b  .  *  *  .  .  .\11
              a  b  c  d  e  f  g  h  i  j  k  
5dd86 info: Old: [black, a4] [white, swap-pieces] 
5dd86 info: New: [black, a4] [white, swap-pieces] [white, i8] [black, d10] 
5dd86 info: ReuseSubtree: Colors do not alternate.
5dd86 info: No subtree to reuse.
5dd86 info: StartSearch()[0]
5dd86 info: 
Elapsed Time   0.683365s
Count          1
GamesPlayed    1
Nodes          1
Knowledge      0 (0.0%)
Expansions     0.0
Time           0.00
GameLen        114.0 dev=0.0 min=114.0 max=114.0
InTree         0.0 dev=0.0 min=0.0 max=0.0
KnowDepth      -
Aborted        0%
Games/s        2016.1
Score          0.00
Sequence      
5dd86 info: 
5dd86 warning: **** MoHexSearch returned empty sequence!
5dd86 warning: **** Returning random move!
5dd86 info: *** Player move: e7
55d76 info: DfpnSolver::CheckAbort(): Abort flag!
65d96 info: 
MID calls      51
VC builds      50
Terminal       0
Work           51
Wasted Work    0 (0%)
Elapsed Time   0.704097
MIDs/sec       72.4332
VCs/sec        71.0129
Cnt prune sib  0
Avg prune sib  -
Consider Size  82.66 dev=4.07246 min=72 max=87
Move Index     -
Move Percent   -
Delta Increase 4.2 dev=15.6882 min=1 max=84
Winner         empty
PV             b9 d8 d6 f5

HashTableStatistics:
Stores         242
LookupAttempt  25039
LookupSuccess  1408
Collisions     0

65d96 info: Search aborted.
d8af7 info: PlayAndSolve: Building VCs to avoid race condition.
d8af7 info: PlayAndSolve: Continuing on as usual.
65d96 info: *** PlayerThread ***
5dd86 info: *** SolverThread ***
55d76 config: VCS: reading captured set patterns from '/home/linus/MoHex2.0/nfbranchfix/benzene-vanilla-cmake/share/vc-captured-set.txt'.
55d76 config: VCS:: parsed 2 patterns.
55d76 config: VCS: reading captured set patterns from '/home/linus/MoHex2.0/nfbranchfix/benzene-vanilla-cmake/share/vc-captured-set.txt'.
55d76 config: VCS:: parsed 2 patterns.
55d76 dfpn: 
55d76 dfpn: b9
65d96 info: Best move cannot be determined, must search state.
65d96 info: --- MoHexPlayer::Search() ---
65d96 info: Color: white
65d96 info: MaxGames: 1
65d96 info: NumberThreads: 1
65d96 info: MaxNodes: 9090 (799920 bytes)
65d96 info: TimeForMove: 1
55d76 dfpn: c8
55d76 dfpn: g6
55d76 dfpn: b6
55d76 dfpn: f7
55d76 dfpn: f8
55d76 dfpn: c9
55d76 dfpn: b10
55d76 dfpn: d8
55d76 dfpn: g7
55d76 dfpn: d7
55d76 dfpn: d6
55d76 dfpn: b5
55d76 dfpn: h6
55d76 dfpn: c7
65d96 info: PreSearch: max time reached (24/84).
65d96 info: Time for PreSearch: 0.206197s
55d76 dfpn: h4
55d76 dfpn: h5
55d76 dfpn: g5
65d96 info: 
  b3f5208306cacbf5
  a  b  c  d  e  f  g  h  i  j  k  
 1\.  .  *  *  *  *  *  *  *  *  .\1
  2\.  *  *  *  *  *  *  *  *  *  .\2
   3\.  *  *  *  *  *  *  *  *  *  .\3
    4\B  *  *  *  *  *  *  *  *  *  .\4
     5\.  *  *  *  *  *  *  *  *  *  .\5
      6\.  *  *  *  *  *  *  *  *  *  .\6
       7\.  *  *  *  W  *  *  *  *  *  .\7
        8\B  *  *  *  *  *  *  *  W  .  .\8
         9\.  *  *  *  *  *  *  *  *  *  .\9
         10\.  *  .  B  .  *  *  *  *  .  .\10
          11\.  b  b  b  b  .  *  *  .  .  .\11
              a  b  c  d  e  f  g  h  i  j  k  
55d76 dfpn: h7
55d76 dfpn: f6
55d76 dfpn: i3
55d76 dfpn: c5
55d76 dfpn: b9
65d96 info: Old: [black, a4] [white, swap-pieces] [white, i8] [black, d10] 
65d96 info: New: [black, a4] [white, swap-pieces] [white, i8] [black, d10] [white, e7] [black, a8] 
65d96 info: MovesPlayed: [white, e7] [black, a8] 
65d96 info: No subtree to reuse.
65d96 info: StartSearch()[0]
65d96 info: 
Elapsed Time   0.427836s
Count          1
GamesPlayed    1
Nodes          1
Knowledge      0 (0.0%)
Expansions     0.0
Time           0.00
GameLen        112.0 dev=0.0 min=112.0 max=112.0
InTree         0.0 dev=0.0 min=0.0 max=0.0
KnowDepth      -
Aborted        0%
Games/s        2277.9
Score          0.00
Sequence      
65d96 info: 
65d96 warning: **** MoHexSearch returned empty sequence!
65d96 warning: **** Returning random move!
65d96 info: *** Player move: f4
55d76 info: DfpnSolver::CheckAbort(): Abort flag!
5dd86 info: 
MID calls      33
VC builds      32
Terminal       0
Work           33
Wasted Work    0 (0%)
Elapsed Time   0.443452
MIDs/sec       74.4162
VCs/sec        72.1611
Cnt prune sib  0
Avg prune sib  -
Consider Size  82.7813 dev=2.39394 min=77 max=85
Move Index     -
Move Percent   -
Delta Increase 3.5 dev=13.7409 min=1 max=80
Winner         empty
PV             b9 h6 c8

HashTableStatistics:
Stores         330
LookupAttempt  35086
LookupSuccess  2019
Collisions     0

5dd86 info: Search aborted.
d8af7 info: PlayAndSolve: Building VCs to avoid race condition.
d8af7 info: PlayAndSolve: Continuing on as usual.
5dd86 info: *** PlayerThread ***
65d96 info: *** SolverThread ***
55d76 config: VCS: reading captured set patterns from '/home/linus/MoHex2.0/nfbranchfix/benzene-vanilla-cmake/share/vc-captured-set.txt'.
55d76 config: VCS:: parsed 2 patterns.
55d76 config: VCS: reading captured set patterns from '/home/linus/MoHex2.0/nfbranchfix/benzene-vanilla-cmake/share/vc-captured-set.txt'.
55d76 config: VCS:: parsed 2 patterns.
55d76 dfpn: 
5dd86 info: Best move cannot be determined, must search state.
5dd86 info: --- MoHexPlayer::Search() ---
5dd86 info: Color: white
5dd86 info: MaxGames: 1
5dd86 info: NumberThreads: 1
5dd86 info: MaxNodes: 9090 (799920 bytes)
5dd86 info: TimeForMove: 1
55d76 dfpn: b9
55d76 dfpn: c8
55d76 dfpn: c9
55d76 dfpn: b10
55d76 dfpn: d4
55d76 dfpn: d8
55d76 dfpn: b5
55d76 dfpn: g6
55d76 dfpn: b8
55d76 dfpn: c5
55d76 dfpn: d7
55d76 dfpn: d5
55d76 dfpn: f8
55d76 dfpn: c7
55d76 dfpn: f7
55d76 dfpn: h4
55d76 dfpn: i3
55d76 dfpn: h5
55d76 dfpn: d9
55d76 dfpn: g7
5dd86 info: PreSearch: max time reached (32/81).
5dd86 info: Time for PreSearch: 0.204035s
55d76 dfpn: h3
55d76 dfpn: h6
5dd86 info: 
  372cfa22202e97b3
  a  b  c  d  e  f  g  h  i  j  k  
 1\.  .  *  *  *  *  *  *  *  *  .\1
  2\.  *  *  *  *  *  *  *  *  *  .\2
   3\.  *  *  *  *  *  *  *  *  *  .\3
    4\B  *  *  *  *  W  *  *  *  *  .\4
     5\.  *  *  *  *  *  *  *  *  *  .\5
      6\.  .  B  *  *  *  *  *  *  *  .\6
       7\.  *  *  *  W  *  *  *  *  *  .\7
        8\B  *  *  *  *  *  *  *  W  .  .\8
         9\.  *  *  *  *  *  *  *  *  *  .\9
         10\.  *  .  B  .  *  *  *  *  .  .\10
          11\.  b  b  b  b  .  *  *  .  .  .\11
              a  b  c  d  e  f  g  h  i  j  k  
55d76 dfpn: b9
5dd86 info: Old: [black, a4] [white, swap-pieces] [white, i8] [black, d10] [white, e7] [black, a8] 
5dd86 info: New: [black, a4] [white, swap-pieces] [white, i8] [black, d10] [white, e7] [black, a8] [white, f4] [black, c6] 
5dd86 info: MovesPlayed: [white, f4] [black, c6] 
5dd86 info: No subtree to reuse.
5dd86 info: StartSearch()[0]
5dd86 info: 
Elapsed Time   0.37395s
Count          1
GamesPlayed    1
Nodes          1
Knowledge      0 (0.0%)
Expansions     0.0
Time           0.00
GameLen        110.0 dev=0.0 min=110.0 max=110.0
InTree         0.0 dev=0.0 min=0.0 max=0.0
KnowDepth      -
Aborted        0%
Games/s        2673.8
Score          0.00
Sequence      
5dd86 info: 
5dd86 warning: **** MoHexSearch returned empty sequence!
5dd86 warning: **** Returning random move!
5dd86 info: *** Player move: d4
55d76 info: DfpnSolver::CheckAbort(): Abort flag!
65d96 info: 
MID calls      38
VC builds      37
Terminal       0
Work           38
Wasted Work    0 (0%)
Elapsed Time   0.386043
MIDs/sec       98.4346
VCs/sec        95.8442
Cnt prune sib  0
Avg prune sib  -
Consider Size  78.2703 dev=2.65726 min=73 max=81
Move Index     -
Move Percent   -
Delta Increase 3.08108 dev=11.9963 min=1 max=75
Winner         empty
PV             b9 h3 c8

HashTableStatistics:
Stores         428
LookupAttempt  45109
LookupSuccess  2635
Collisions     0

65d96 info: Search aborted.
d8af7 info: PlayAndSolve: Building VCs to avoid race condition.
d8af7 info: PlayAndSolve: Continuing on as usual.
65d96 info: *** PlayerThread ***
5dd86 info: *** SolverThread ***
55d76 config: VCS: reading captured set patterns from '/home/linus/MoHex2.0/nfbranchfix/benzene-vanilla-cmake/share/vc-captured-set.txt'.
55d76 config: VCS:: parsed 2 patterns.
55d76 config: VCS: reading captured set patterns from '/home/linus/MoHex2.0/nfbranchfix/benzene-vanilla-cmake/share/vc-captured-set.txt'.
55d76 config: VCS:: parsed 2 patterns.
55d76 dfpn: 
65d96 info: Best move cannot be determined, must search state.
65d96 info: --- MoHexPlayer::Search() ---
65d96 info: Color: white
65d96 info: MaxGames: 1
65d96 info: NumberThreads: 1
65d96 info: MaxNodes: 9090 (799920 bytes)
65d96 info: TimeForMove: 1
55d76 dfpn: b5
55d76 dfpn: b9
55d76 dfpn: g6
55d76 dfpn: c8
55d76 dfpn: f8
55d76 dfpn: c9
55d76 dfpn: i4
55d76 dfpn: h5
55d76 dfpn: h4
55d76 dfpn: g7
55d76 dfpn: f7
55d76 dfpn: h6
55d76 dfpn: b10
55d76 dfpn: h7
55d76 dfpn: g5
55d76 dfpn: d8
55d76 dfpn: c5
55d76 dfpn: c4
55d76 dfpn: i3
55d76 dfpn: g4
55d76 dfpn: b9
65d96 info: PreSearch: max time reached (41/73).
65d96 info: Time for PreSearch: 0.203133s
65d96 info: 
  62ff0596a8c748ce
  a  b  c  d  e  f  g  h  i  j  k  
 1\.  .  *  *  *  *  *  .  b  b  b\1
  2\.  *  *  *  *  *  *  *  .  B  .\2
   3\.  *  *  *  *  *  *  *  *  *  .\3
    4\B  *  *  W  .  W  *  *  *  *  .\4
     5\.  *  *  .  *  *  *  *  *  *  .\5
      6\.  .  B  *  *  *  *  *  *  *  .\6
       7\.  *  *  *  W  *  *  *  *  *  .\7
        8\B  *  *  *  *  *  *  *  W  .  .\8
         9\.  *  *  *  *  *  *  *  *  *  .\9
         10\.  *  .  B  .  *  *  *  *  .  .\10
          11\.  b  b  b  b  .  *  *  .  .  .\11
              a  b  c  d  e  f  g  h  i  j  k  
65d96 info: Old: [black, a4] [white, swap-pieces] [white, i8] [black, d10] [white, e7] [black, a8] [white, f4] [black, c6] 
65d96 info: New: [black, a4] [white, swap-pieces] [white, i8] [black, d10] [white, e7] [black, a8] [white, f4] [black, c6] [white, d4] [black, j2] 
65d96 info: MovesPlayed: [white, d4] [black, j2] 
65d96 info: No subtree to reuse.
65d96 info: StartSearch()[0]
65d96 info: 
Elapsed Time   0.355606s
Count          1
GamesPlayed    1
Nodes          1
Knowledge      0 (0.0%)
Expansions     0.0
Time           0.00
GameLen        105.0 dev=0.0 min=105.0 max=105.0
InTree         0.0 dev=0.0 min=0.0 max=0.0
KnowDepth      -
Aborted        0%
Games/s        3521.1
Score          0.00
Sequence      
65d96 info: 
65d96 warning: **** MoHexSearch returned empty sequence!
65d96 warning: **** Returning random move!
65d96 info: *** Player move: h9
55d76 info: DfpnSolver::CheckAbort(): Abort flag!
5dd86 info: 
MID calls      50
VC builds      48
Terminal       0
Work           50
Wasted Work    0 (0%)
Elapsed Time   0.36792
MIDs/sec       135.899
VCs/sec        130.463
Cnt prune sib  0
Avg prune sib  -
Consider Size  69.625 dev=9.11882 min=31 max=77
Move Index     -
Move Percent   -
Delta Increase 3.08163 dev=10.6825 min=1 max=71
Winner         empty
PV             b9 f7 g6 f6

HashTableStatistics:
Stores         547
LookupAttempt  54393
LookupSuccess  3172
Collisions     0

5dd86 info: Search aborted.
d8af7 info: PlayAndSolve: Building VCs to avoid race condition.
d8af7 info: PlayAndSolve: Continuing on as usual.
5dd86 info: *** PlayerThread ***
65d96 info: *** SolverThread ***
55d76 config: VCS: reading captured set patterns from '/home/linus/MoHex2.0/nfbranchfix/benzene-vanilla-cmake/share/vc-captured-set.txt'.
55d76 config: VCS:: parsed 2 patterns.
55d76 config: VCS: reading captured set patterns from '/home/linus/MoHex2.0/nfbranchfix/benzene-vanilla-cmake/share/vc-captured-set.txt'.
55d76 config: VCS:: parsed 2 patterns.
55d76 dfpn: 
5dd86 info: Best move cannot be determined, must search state.
5dd86 info: --- MoHexPlayer::Search() ---
5dd86 info: Color: white
5dd86 info: MaxGames: 1
5dd86 info: NumberThreads: 1
5dd86 info: MaxNodes: 9090 (799920 bytes)
5dd86 info: TimeForMove: 1
55d76 dfpn: b5
55d76 dfpn: b9
55d76 dfpn: c8
55d76 dfpn: g6
55d76 dfpn: c9
55d76 dfpn: f8
55d76 dfpn: g7
55d76 dfpn: f7
55d76 dfpn: h6
55d76 dfpn: i4
55d76 dfpn: h5
55d76 dfpn: g8
55d76 dfpn: c5
55d76 dfpn: d8
55d76 dfpn: g5
55d76 dfpn: c4
55d76 dfpn: h4
5dd86 info: PreSearch: max time reached (28/71).
5dd86 info: Time for PreSearch: 0.20632s
55d76 dfpn: d7
55d76 dfpn: b8
55d76 dfpn: b9
5dd86 info: 
  6140c93549e80295
  a  b  c  d  e  f  g  h  i  j  k  
 1\.  .  *  *  *  *  *  .  b  b  b\1
  2\.  *  *  *  *  *  *  *  .  B  .\2
   3\.  *  *  *  *  *  *  *  *  *  .\3
    4\B  *  *  W  .  W  *  *  *  *  .\4
     5\.  *  *  .  *  *  *  *  *  *  .\5
      6\.  .  B  *  *  *  *  *  *  *  .\6
       7\.  *  *  *  W  *  *  *  *  *  .\7
        8\B  *  *  *  *  *  *  *  W  .  .\8
         9\.  *  *  *  *  *  *  W  *  *  .\9
         10\.  .  B  B  .  *  *  *  *  .  .\10
          11\.  b  b  b  b  .  *  *  .  .  .\11
              a  b  c  d  e  f  g  h  i  j  k  
5dd86 info: Old: [black, a4] [white, swap-pieces] [white, i8] [black, d10] [white, e7] [black, a8] [white, f4] [black, c6] [white, d4] [black, j2] 
5dd86 info: New: [black, a4] [white, swap-pieces] [white, i8] [black, d10] [white, e7] [black, a8] [white, f4] [black, c6] [white, d4] [black, j2] [white, h9] [black, c10] 
5dd86 info: MovesPlayed: [white, h9] [black, c10] 
5dd86 info: No subtree to reuse.
5dd86 info: StartSearch()[0]
5dd86 info: 
Elapsed Time   0.376215s
Count          1
GamesPlayed    1
Nodes          1
Knowledge      0 (0.0%)
Expansions     0.0
Time           0.00
GameLen        103.0 dev=0.0 min=103.0 max=103.0
InTree         0.0 dev=0.0 min=0.0 max=0.0
KnowDepth      -
Aborted        0%
Games/s        2506.3
Score          1.00
Sequence      
5dd86 info: 
5dd86 warning: **** MoHexSearch returned empty sequence!
5dd86 warning: **** Returning random move!
5dd86 info: *** Player move: k4
55d76 info: DfpnSolver::CheckAbort(): Abort flag!
65d96 info: 
MID calls      39
VC builds      38
Terminal       0
Work           39
Wasted Work    0 (0%)
Elapsed Time   0.391595
MIDs/sec       99.5927
VCs/sec        97.039
Cnt prune sib  0
Avg prune sib  -
Consider Size  69 dev=3.06083 min=63 max=73
Move Index     -
Move Percent   -
Delta Increase 4.39474 dev=14.4141 min=1 max=68
Winner         empty
PV             b9 g4 c8

HashTableStatistics:
Stores         644
LookupAttempt  62488
LookupSuccess  3654
Collisions     0

65d96 info: Search aborted.
d8af7 info: PlayAndSolve: Building VCs to avoid race condition.
d8af7 info: PlayAndSolve: Continuing on as usual.
65d96 info: *** PlayerThread ***
5dd86 info: *** SolverThread ***
55d76 config: VCS: reading captured set patterns from '/home/linus/MoHex2.0/nfbranchfix/benzene-vanilla-cmake/share/vc-captured-set.txt'.
55d76 config: VCS:: parsed 2 patterns.
55d76 config: VCS: reading captured set patterns from '/home/linus/MoHex2.0/nfbranchfix/benzene-vanilla-cmake/share/vc-captured-set.txt'.
55d76 config: VCS:: parsed 2 patterns.
55d76 dfpn: 
65d96 info: Best move cannot be determined, must search state.
65d96 info: --- MoHexPlayer::Search() ---
65d96 info: Color: white
65d96 info: MaxGames: 1
65d96 info: NumberThreads: 1
65d96 info: MaxNodes: 9090 (799920 bytes)
65d96 info: TimeForMove: 1
55d76 dfpn: b5
55d76 dfpn: c9
55d76 dfpn: c4
55d76 dfpn: c5
55d76 dfpn: g6
55d76 dfpn: i4
55d76 dfpn: c7
55d76 dfpn: h4
55d76 dfpn: g5
55d76 dfpn: b9
55d76 dfpn: f8
55d76 dfpn: h6
55d76 dfpn: h5
55d76 dfpn: g4
55d76 dfpn: f7
55d76 dfpn: g7
55d76 dfpn: d6
55d76 dfpn: e5
55d76 dfpn: i4
65d96 info: PreSearch: max time reached (37/66).
65d96 info: Time for PreSearch: 0.202095s
55d76 dfpn: b5
65d96 info: 
  63387ee48b8e5d2d
  a  b  c  d  e  f  g  h  i  j  k  
 1\.  .  *  *  *  *  *  .  b  b  b\1
  2\.  *  *  *  *  *  *  *  .  B  w\2
   3\.  *  *  *  *  *  *  *  *  .  w\3
    4\B  *  *  W  .  W  *  *  *  .  W\4
     5\.  *  *  .  *  *  *  *  *  *  .\5
      6\.  .  B  *  *  *  *  *  *  *  .\6
       7\.  *  *  *  W  *  *  *  *  *  .\7
        8\B  *  B  .  *  *  *  *  W  .  .\8
         9\.  *  *  .  *  *  *  W  *  *  .\9
         10\.  .  B  B  .  *  *  *  *  .  .\10
          11\.  b  b  b  b  .  *  *  .  .  .\11
              a  b  c  d  e  f  g  h  i  j  k  
55d76 dfpn: e5
65d96 info: Old: [black, a4] [white, swap-pieces] [white, i8] [black, d10] [white, e7] [black, a8] [white, f4] [black, c6] [white, d4] [black, j2] [white, h9] [black, c10] 
65d96 info: New: [black, a4] [white, swap-pieces] [white, i8] [black, d10] [white, e7] [black, a8] [white, f4] [black, c6] [white, d4] [black, j2] [white, h9] [black, c10] [white, k4] [black, c8] 
65d96 info: MovesPlayed: [white, k4] [black, c8] 
65d96 info: No subtree to reuse.
65d96 info: StartSearch()[0]
65d96 info: 
Elapsed Time   0.560042s
Count          1
GamesPlayed    1
Nodes          1
Knowledge      0 (0.0%)
Expansions     0.0
Time           0.00
GameLen        99.0 dev=0.0 min=99.0 max=99.0
InTree         0.0 dev=0.0 min=0.0 max=0.0
KnowDepth      -
Aborted        0%
Games/s        3268.0
Score          0.00
Sequence      
65d96 info: 
65d96 warning: **** MoHexSearch returned empty sequence!
65d96 warning: **** Returning random move!
65d96 info: *** Player move: i5
55d76 info: DfpnSolver::CheckAbort(): Abort flag!
5dd86 info: 
MID calls      75
VC builds      70
Terminal       0
Work           75
Wasted Work    0 (0%)
Elapsed Time   0.570273
MIDs/sec       131.516
VCs/sec        122.748
Cnt prune sib  3
Avg prune sib  1.33333 dev=0.471404 min=1 max=2
Consider Size  48.1 dev=19.3783 min=6 max=66
Move Index     -
Move Percent   -
Delta Increase 2.78378 dev=8.15272 min=1 max=58
Winner         empty
PV             e5 f8 b5

HashTableStatistics:
Stores         814
LookupAttempt  71368
LookupSuccess  4211
Collisions     0

5dd86 info: Search aborted.
d8af7 info: PlayAndSolve: Building VCs to avoid race condition.
d8af7 info: PlayAndSolve: Continuing on as usual.
5dd86 info: *** PlayerThread ***
65d96 info: *** SolverThread ***
55d76 config: VCS: reading captured set patterns from '/home/linus/MoHex2.0/nfbranchfix/benzene-vanilla-cmake/share/vc-captured-set.txt'.
55d76 config: VCS:: parsed 2 patterns.
55d76 config: VCS: reading captured set patterns from '/home/linus/MoHex2.0/nfbranchfix/benzene-vanilla-cmake/share/vc-captured-set.txt'.
55d76 config: VCS:: parsed 2 patterns.
55d76 dfpn: 
5dd86 info: Best move cannot be determined, must search state.
5dd86 info: --- MoHexPlayer::Search() ---
5dd86 info: Color: white
5dd86 info: MaxGames: 1
5dd86 info: NumberThreads: 1
5dd86 info: MaxNodes: 9090 (799920 bytes)
5dd86 info: TimeForMove: 1
55d76 dfpn: b5
55d76 dfpn: c9
55d76 dfpn: c4
55d76 dfpn: c5
55d76 dfpn: g6
55d76 dfpn: c7
55d76 dfpn: g4
55d76 dfpn: b9
55d76 dfpn: h5
55d76 dfpn: e5
55d76 dfpn: h4
55d76 dfpn: e3
55d76 dfpn: c3
55d76 dfpn: b4
55d76 dfpn: d6
55d76 dfpn: g5
5dd86 info: PreSearch: max time reached (27/61).
5dd86 info: Time for PreSearch: 0.213591s
55d76 dfpn: f7
55d76 dfpn: e5
5dd86 info: 
  debe51373e1b263d
  a  b  c  d  e  f  g  h  i  j  k  
 1\.  .  *  *  .  B  b  b  b  b  b\1
  2\.  *  *  *  *  *  *  *  .  B  w\2
   3\.  *  *  *  *  *  *  *  *  .  w\3
    4\B  *  *  W  .  W  *  *  *  .  W\4
     5\.  *  *  .  *  *  *  *  W  .  .\5
      6\.  .  B  *  *  *  *  *  *  *  .\6
       7\.  *  *  *  W  *  *  *  *  *  .\7
        8\B  *  B  .  *  *  *  *  W  .  .\8
         9\.  *  *  .  *  *  *  W  *  *  .\9
         10\.  .  B  B  .  *  *  *  *  .  .\10
          11\.  b  b  b  b  .  *  *  .  .  .\11
              a  b  c  d  e  f  g  h  i  j  k  
5dd86 info: Old: [black, a4] [white, swap-pieces] [white, i8] [black, d10] [white, e7] [black, a8] [white, f4] [black, c6] [white, d4] [black, j2] [white, h9] [black, c10] [white, k4] [black, c8] 
5dd86 info: New: [black, a4] [white, swap-pieces] [white, i8] [black, d10] [white, e7] [black, a8] [white, f4] [black, c6] [white, d4] [black, j2] [white, h9] [black, c10] [white, k4] [black, c8] [white, i5] [black, f1] 
5dd86 info: MovesPlayed: [white, i5] [black, f1] 
5dd86 info: No subtree to reuse.
5dd86 info: StartSearch()[0]
5dd86 info: 
Elapsed Time   0.361437s
Count          1
GamesPlayed    1
Nodes          1
Knowledge      0 (0.0%)
Expansions     0.0
Time           0.00
GameLen        95.0 dev=0.0 min=95.0 max=95.0
InTree         0.0 dev=0.0 min=0.0 max=0.0
KnowDepth      -
Aborted        0%
Games/s        3610.1
Score          0.00
Sequence      
5dd86 info: 
5dd86 warning: **** MoHexSearch returned empty sequence!
5dd86 warning: **** Returning random move!
5dd86 info: *** Player move: f10
55d76 info: DfpnSolver::CheckAbort(): Abort flag!
65d96 info: 
MID calls      30
VC builds      29
Terminal       0
Work           30
Wasted Work    0 (0%)
Elapsed Time   0.380576
MIDs/sec       78.8279
VCs/sec        76.2003
Cnt prune sib  0
Avg prune sib  -
Consider Size  45.7586 dev=15.3705 min=13 max=61
Move Index     -
Move Percent   -
Delta Increase 2.68966 dev=6.84359 min=1 max=37
Winner         empty
PV             e5 g8 b5

HashTableStatistics:
Stores         891
LookupAttempt  76903
LookupSuccess  4604
Collisions     0

65d96 info: Search aborted.
d8af7 info: PlayAndSolve: Building VCs to avoid race condition.
d8af7 info: PlayAndSolve: Continuing on as usual.
65d96 info: *** PlayerThread ***
5dd86 info: *** SolverThread ***
55d76 config: VCS: reading captured set patterns from '/home/linus/MoHex2.0/nfbranchfix/benzene-vanilla-cmake/share/vc-captured-set.txt'.
55d76 config: VCS:: parsed 2 patterns.
55d76 config: VCS: reading captured set patterns from '/home/linus/MoHex2.0/nfbranchfix/benzene-vanilla-cmake/share/vc-captured-set.txt'.
55d76 config: VCS:: parsed 2 patterns.
55d76 dfpn: 
65d96 info: Best move cannot be determined, must search state.
65d96 info: --- MoHexPlayer::Search() ---
65d96 info: Color: white
65d96 info: MaxGames: 1
65d96 info: NumberThreads: 1
65d96 info: MaxNodes: 9090 (799920 bytes)
65d96 info: TimeForMove: 1
55d76 dfpn: b5
55d76 dfpn: c9
55d76 dfpn: c4
55d76 dfpn: c5
55d76 dfpn: g6
55d76 dfpn: c7
55d76 dfpn: b9
55d76 dfpn: g4
55d76 dfpn: e5
55d76 dfpn: e3
55d76 dfpn: c3
55d76 dfpn: d6
55d76 dfpn: b4
55d76 dfpn: h5
65d96 info: PreSearch: max time reached (21/59).
65d96 info: Time for PreSearch: 0.209303s
55d76 dfpn: h4
65d96 info: 
  4f3352a928edaa70
  a  b  c  d  e  f  g  h  i  j  k  
 1\.  .  *  *  .  B  b  b  b  b  b\1
  2\.  *  *  *  *  *  *  *  .  B  w\2
   3\.  *  *  *  *  *  *  *  *  .  w\3
    4\B  *  *  W  .  W  *  *  *  .  W\4
     5\.  *  *  .  *  *  *  *  W  .  .\5
      6\.  .  B  *  *  *  *  *  *  *  .\6
       7\.  *  *  *  W  *  *  *  *  *  .\7
        8\B  *  B  .  *  *  *  *  W  .  .\8
         9\.  *  *  .  *  *  *  W  *  *  .\9
         10\.  .  B  B  B  W  .  *  *  .  .\10
          11\.  b  b  b  b  .  *  *  .  .  .\11
              a  b  c  d  e  f  g  h  i  j  k  
55d76 dfpn: g5
55d76 dfpn: e5
65d96 info: Old: [black, a4] [white, swap-pieces] [white, i8] [black, d10] [white, e7] [black, a8] [white, f4] [black, c6] [white, d4] [black, j2] [white, h9] [black, c10] [white, k4] [black, c8] [white, i5] [black, f1] 
65d96 info: New: [black, a4] [white, swap-pieces] [white, i8] [black, d10] [white, e7] [black, a8] [white, f4] [black, c6] [white, d4] [black, j2] [white, h9] [black, c10] [white, k4] [black, c8] [white, i5] [black, f1] [white, f10] [black, e10] 
65d96 info: MovesPlayed: [white, f10] [black, e10] 
65d96 info: No subtree to reuse.
65d96 info: StartSearch()[0]
65d96 info: 
Elapsed Time   0.35815s
Count          1
GamesPlayed    1
Nodes          1
Knowledge      0 (0.0%)
Expansions     0.0
Time           0.00
GameLen        93.0 dev=0.0 min=93.0 max=93.0
InTree         0.0 dev=0.0 min=0.0 max=0.0
KnowDepth      -
Aborted        0%
Games/s        3472.2
Score          1.00
Sequence      
65d96 info: 
65d96 warning: **** MoHexSearch returned empty sequence!
65d96 warning: **** Returning random move!
65d96 info: *** Player move: b8
55d76 info: DfpnSolver::CheckAbort(): Abort flag!
5dd86 info: 
MID calls      24
VC builds      23
Terminal       0
Work           24
Wasted Work    0 (0%)
Elapsed Time   0.373417
MIDs/sec       64.2713
VCs/sec        61.5933
Cnt prune sib  0
Avg prune sib  -
Consider Size  44.0435 dev=15.6469 min=13 max=59
Move Index     -
Move Percent   -
Delta Increase 2.65217 dev=7.53894 min=1 max=38
Winner         empty
PV             e5 g4 b5

HashTableStatistics:
Stores         955
LookupAttempt  81766
LookupSuccess  4954
Collisions     0

5dd86 info: Search aborted.
d8af7 info: PlayAndSolve: Building VCs to avoid race condition.
d8af7 info: PlayAndSolve: Continuing on as usual.
5dd86 info: *** PlayerThread ***
65d96 info: *** SolverThread ***
55d76 config: VCS: reading captured set patterns from '/home/linus/MoHex2.0/nfbranchfix/benzene-vanilla-cmake/share/vc-captured-set.txt'.
55d76 config: VCS:: parsed 2 patterns.
55d76 config: VCS: reading captured set patterns from '/home/linus/MoHex2.0/nfbranchfix/benzene-vanilla-cmake/share/vc-captured-set.txt'.
55d76 config: VCS:: parsed 2 patterns.
55d76 dfpn: 
5dd86 info: Best move cannot be determined, must search state.
5dd86 info: --- MoHexPlayer::Search() ---
5dd86 info: Color: white
5dd86 info: MaxGames: 1
5dd86 info: NumberThreads: 1
5dd86 info: MaxNodes: 9090 (799920 bytes)
5dd86 info: TimeForMove: 1
55d76 dfpn: b5
55d76 dfpn: c7
55d76 dfpn: c9
55d76 dfpn: b9
55d76 dfpn: c4
55d76 dfpn: c5
55d76 dfpn: g6
55d76 dfpn: d7
55d76 dfpn: d6
55d76 dfpn: g4
55d76 dfpn: c3
55d76 dfpn: h5
55d76 dfpn: e3
5dd86 info: PreSearch: max time reached (21/58).
5dd86 info: Time for PreSearch: 0.202681s
55d76 dfpn: b4
55d76 dfpn: f7
5dd86 info: 
  524b682157c00cab
  a  b  c  d  e  f  g  h  i  j  k  
 1\.  .  *  *  .  B  b  b  b  b  b\1
  2\.  *  *  *  *  *  *  *  .  B  w\2
   3\.  *  *  *  *  *  *  *  *  .  w\3
    4\B  *  *  W  .  W  *  *  *  .  W\4
     5\.  *  *  .  *  *  *  *  W  .  .\5
      6\.  *  B  *  *  *  *  *  *  *  .\6
       7\B  .  *  *  W  *  *  *  *  *  .\7
        8\B  W  B  .  *  *  *  *  W  .  .\8
         9\.  *  *  .  *  *  *  W  *  *  .\9
         10\.  .  B  B  B  W  .  *  *  .  .\10
          11\.  b  b  b  b  .  *  *  .  .  .\11
              a  b  c  d  e  f  g  h  i  j  k  
55d76 dfpn: f8
55d76 dfpn: b5
5dd86 info: Old: [black, a4] [white, swap-pieces] [white, i8] [black, d10] [white, e7] [black, a8] [white, f4] [black, c6] [white, d4] [black, j2] [white, h9] [black, c10] [white, k4] [black, c8] [white, i5] [black, f1] [white, f10] [black, e10] 
5dd86 info: New: [black, a4] [white, swap-pieces] [white, i8] [black, d10] [white, e7] [black, a8] [white, f4] [black, c6] [white, d4] [black, j2] [white, h9] [black, c10] [white, k4] [black, c8] [white, i5] [black, f1] [white, f10] [black, e10] [white, b8] [black, a7] 
5dd86 info: MovesPlayed: [white, b8] [black, a7] 
5dd86 info: No subtree to reuse.
5dd86 info: StartSearch()[0]
5dd86 info: 
Elapsed Time   0.356095s
Count          1
GamesPlayed    1
Nodes          1
Knowledge      0 (0.0%)
Expansions     0.0
Time           0.00
GameLen        91.0 dev=0.0 min=91.0 max=91.0
InTree         0.0 dev=0.0 min=0.0 max=0.0
KnowDepth      -
Aborted        0%
Games/s        3105.6
Score          1.00
Sequence      
5dd86 info: 
5dd86 warning: **** MoHexSearch returned empty sequence!
5dd86 warning: **** Returning random move!
5dd86 info: *** Player move: i11
55d76 info: DfpnSolver::CheckAbort(): Abort flag!
65d96 info: 
MID calls      26
VC builds      25
Terminal       0
Work           26
Wasted Work    0 (0%)
Elapsed Time   0.373162
MIDs/sec       69.6748
VCs/sec        66.995
Cnt prune sib  0
Avg prune sib  -
Consider Size  51.12 dev=8.27686 min=16 max=58
Move Index     -
Move Percent   -
Delta Increase 2.72 dev=7.47005 min=1 max=39
Winner         empty
PV             b5 h4 g6

HashTableStatistics:
Stores         1023
LookupAttempt  86831
LookupSuccess  5306
Collisions     0

65d96 info: Search aborted.
d8af7 info: PlayAndSolve: Building VCs to avoid race condition.
d8af7 info: PlayAndSolve: Continuing on as usual.
65d96 info: *** PlayerThread ***
5dd86 info: *** SolverThread ***
55d76 config: VCS: reading captured set patterns from '/home/linus/MoHex2.0/nfbranchfix/benzene-vanilla-cmake/share/vc-captured-set.txt'.
55d76 config: VCS:: parsed 2 patterns.
55d76 config: VCS: reading captured set patterns from '/home/linus/MoHex2.0/nfbranchfix/benzene-vanilla-cmake/share/vc-captured-set.txt'.
55d76 config: VCS:: parsed 2 patterns.
55d76 dfpn: 
65d96 info: Best move cannot be determined, must search state.
65d96 info: --- MoHexPlayer::Search() ---
65d96 info: Color: white
65d96 info: MaxGames: 1
65d96 info: NumberThreads: 1
65d96 info: MaxNodes: 9090 (799920 bytes)
65d96 info: TimeForMove: 1
55d76 dfpn: c7
55d76 dfpn: c9
55d76 dfpn: b9
55d76 dfpn: c3
55d76 dfpn: b2
55d76 dfpn: b4
55d76 dfpn: b3
55d76 dfpn: b5
55d76 dfpn: c2
55d76 dfpn: b9
65d96 info: Time for PreSearch: 0.12494s
65d96 info: 
  2573bd4154fa3a86
  a  b  c  d  e  f  g  h  i  j  k  
 1\.  .  *  *  .  B  b  b  b  b  b\1
  2\.  *  .  .  *  *  *  *  .  B  w\2
   3\.  *  *  .  .  *  *  *  *  .  w\3
    4\B  .  .  W  .  W  .  .  .  .  W\4
     5\.  *  .  .  .  .  .  .  W  .  .\5
      6\B  b  B  .  .  .  .  .  .  .  .\6
       7\B  b  *  .  W  .  .  .  .  .  .\7
        8\B  W  B  .  .  .  .  .  W  .  .\8
         9\.  *  *  .  .  .  .  W  .  .  .\9
         10\.  .  B  B  B  W  .  .  .  .  .\10
          11\.  b  b  b  b  .  .  .  W  .  .\11
              a  b  c  d  e  f  g  h  i  j  k  
65d96 info: Old: [black, a4] [white, swap-pieces] [white, i8] [black, d10] [white, e7] [black, a8] [white, f4] [black, c6] [white, d4] [black, j2] [white, h9] [black, c10] [white, k4] [black, c8] [white, i5] [black, f1] [white, f10] [black, e10] [white, b8] [black, a7] 
65d96 info: New: [black, a4] [white, swap-pieces] [white, i8] [black, d10] [white, e7] [black, a8] [white, f4] [black, c6] [white, d4] [black, j2] [white, h9] [black, c10] [white, k4] [black, c8] [white, i5] [black, f1] [white, f10] [black, e10] [white, b8] [black, a7] [white, i11] [black, a6] 
65d96 info: MovesPlayed: [white, i11] [black, a6] 
65d96 info: No subtree to reuse.
65d96 info: StartSearch()[0]
65d96 info: 
Elapsed Time   0.276258s
Count          1
GamesPlayed    1
Nodes          1
Knowledge      0 (0.0%)
Expansions     0.0
Time           0.00
GameLen        87.0 dev=0.0 min=87.0 max=87.0
InTree         0.0 dev=0.0 min=0.0 max=0.0
KnowDepth      -
Aborted        0%
Games/s        3413.0
Score          1.00
Sequence      
65d96 info: 
65d96 warning: **** MoHexSearch returned empty sequence!
65d96 warning: **** Returning random move!
65d96 info: *** Player move: i4
55d76 info: DfpnSolver::CheckAbort(): Abort flag!
5dd86 info: 
MID calls      20
VC builds      23
Terminal       4
Work           24
Wasted Work    0 (0%)
Elapsed Time   0.294559
MIDs/sec       67.8981
VCs/sec        78.0828
Cnt prune sib  2
Avg prune sib  1.5 dev=0.5 min=1 max=2
Consider Size  44.9474 dev=15.2194 min=18 max=58
Move Index     -
Move Percent   -
Delta Increase 3.26087 dev=10.1862 min=1 max=51
Winner         empty
PV             b9 e4 c9

HashTableStatistics:
Stores         1076
LookupAttempt  88511
LookupSuccess  5453
Collisions     0

5dd86 info: Search aborted.
d8af7 info: PlayAndSolve: Building VCs to avoid race condition.
d8af7 info: PlayAndSolve: Continuing on as usual.
5dd86 info: *** PlayerThread ***
65d96 info: *** SolverThread ***
55d76 config: VCS: reading captured set patterns from '/home/linus/MoHex2.0/nfbranchfix/benzene-vanilla-cmake/share/vc-captured-set.txt'.
55d76 config: VCS:: parsed 2 patterns.
55d76 config: VCS: reading captured set patterns from '/home/linus/MoHex2.0/nfbranchfix/benzene-vanilla-cmake/share/vc-captured-set.txt'.
55d76 config: VCS:: parsed 2 patterns.
55d76 dfpn: 
5dd86 info: Mustplay is singleton!
5dd86 info: *** Player move: c3
55d76 info: DfpnSolver::CheckAbort(): Abort flag!
65d96 info: 
MID calls      1
VC builds      1
Terminal       0
Work           1
Wasted Work    0 (0%)
Elapsed Time   0.006746
MIDs/sec       148.236
VCs/sec        148.236
Cnt prune sib  0
Avg prune sib  -
Consider Size  1 dev=0 min=1 max=1
Move Index     -
Move Percent   -
Delta Increase -
Winner         empty
PV             c3

HashTableStatistics:
Stores         1079
LookupAttempt  88523
LookupSuccess  5458
Collisions     0

65d96 info: Search aborted.
d8af7 info: PlayAndSolve: Building VCs to avoid race condition.
d8af7 info: PlayAndSolve: Continuing on as usual.
65d96 info: *** PlayerThread ***
5dd86 info: *** SolverThread ***
55d76 config: VCS: reading captured set patterns from '/home/linus/MoHex2.0/nfbranchfix/benzene-vanilla-cmake/share/vc-captured-set.txt'.
55d76 config: VCS:: parsed 2 patterns.
55d76 config: VCS: reading captured set patterns from '/home/linus/MoHex2.0/nfbranchfix/benzene-vanilla-cmake/share/vc-captured-set.txt'.
55d76 config: VCS:: parsed 2 patterns.
55d76 dfpn: 
65d96 info: Opponent has won; playing most blocking move.
65d96 info: *** Player move: d3
5dd86 info: 
MID calls      0
VC builds      1
Terminal       1
Work           1
Wasted Work    0 (0%)
Elapsed Time   0.006146
MIDs/sec       0
VCs/sec        162.707
Cnt prune sib  0
Avg prune sib  -
Consider Size  -
Move Index     -
Move Percent   -
Delta Increase -
Winner         black
PV             

HashTableStatistics:
Stores         1080
LookupAttempt  88529
LookupSuccess  5461
Collisions     0

d8af7 info: PlayAndSolve: Building VCs to avoid race condition.
d8af7 info: PlayAndSolve: Continuing on as usual.
5dd86 info: *** PlayerThread ***
65d96 info: *** SolverThread ***
55d76 config: VCS: reading captured set patterns from '/home/linus/MoHex2.0/nfbranchfix/benzene-vanilla-cmake/share/vc-captured-set.txt'.
55d76 config: VCS:: parsed 2 patterns.
55d76 config: VCS: reading captured set patterns from '/home/linus/MoHex2.0/nfbranchfix/benzene-vanilla-cmake/share/vc-captured-set.txt'.
55d76 config: VCS:: parsed 2 patterns.
55d76 dfpn: 
5dd86 info: Captured cells caused win! Removing...
65d96 info: 
MID calls      0
VC builds      1
Terminal       1
Work           1
Wasted Work    0 (0%)
Elapsed Time   0.002731
MIDs/sec       0
VCs/sec        366.166
Cnt prune sib  0
Avg prune sib  -
Consider Size  -
Move Index     -
Move Percent   -
Delta Increase -
Winner         black
PV             

HashTableStatistics:
Stores         1081
LookupAttempt  88535
LookupSuccess  5464
Collisions     0

5dd86 info: Opponent has won; playing most blocking move.
5dd86 info: *** Player move: c1
d8af7 info: PlayAndSolve: Building VCs to avoid race condition.
d8af7 info: PlayAndSolve: Continuing on as usual.
65d96 info: *** PlayerThread ***
5dd86 info: *** SolverThread ***
55d76 config: VCS: reading captured set patterns from '/home/linus/MoHex2.0/nfbranchfix/benzene-vanilla-cmake/share/vc-captured-set.txt'.
55d76 config: VCS:: parsed 2 patterns.
55d76 config: VCS: reading captured set patterns from '/home/linus/MoHex2.0/nfbranchfix/benzene-vanilla-cmake/share/vc-captured-set.txt'.
55d76 config: VCS:: parsed 2 patterns.
65d96 info: Captured cells caused win! Removing...
55d76 dfpn: 
5dd86 info: 
MID calls      0
VC builds      1
Terminal       1
Work           1
Wasted Work    0 (0%)
Elapsed Time   0.002785
MIDs/sec       0
VCs/sec        359.066
Cnt prune sib  0
Avg prune sib  -
Consider Size  -
Move Index     -
Move Percent   -
Delta Increase -
Winner         black
PV             

HashTableStatistics:
Stores         1082
LookupAttempt  88541
LookupSuccess  5467
Collisions     0

65d96 info: Opponent has won; playing most blocking move.
65d96 info: *** Player move: b6
d8af7 info: PlayAndSolve: Building VCs to avoid race condition.
d8af7 info: PlayAndSolve: Continuing on as usual.
5dd86 info: *** PlayerThread ***
65d96 info: *** SolverThread ***
55d76 config: VCS: reading captured set patterns from '/home/linus/MoHex2.0/nfbranchfix/benzene-vanilla-cmake/share/vc-captured-set.txt'.
55d76 config: VCS:: parsed 2 patterns.
55d76 config: VCS: reading captured set patterns from '/home/linus/MoHex2.0/nfbranchfix/benzene-vanilla-cmake/share/vc-captured-set.txt'.
55d76 config: VCS:: parsed 2 patterns.
5dd86 info: Captured cells caused win! Removing...
55d76 dfpn: 
65d96 info: 
MID calls      0
VC builds      1
Terminal       1
Work           1
Wasted Work    0 (0%)
Elapsed Time   0.002534
MIDs/sec       0
VCs/sec        394.633
Cnt prune sib  0
Avg prune sib  -
Consider Size  -
Move Index     -
Move Percent   -
Delta Increase -
Winner         black
PV             

HashTableStatistics:
Stores         1083
LookupAttempt  88547
LookupSuccess  5470
Collisions     0

5dd86 info: Opponent has won; playing most blocking move.
5dd86 info: *** Player move: c9
d8af7 info: PlayAndSolve: Building VCs to avoid race condition.
d8af7 info: PlayAndSolve: Continuing on as usual.
65d96 info: *** PlayerThread ***
5dd86 info: *** SolverThread ***
55d76 config: VCS: reading captured set patterns from '/home/linus/MoHex2.0/nfbranchfix/benzene-vanilla-cmake/share/vc-captured-set.txt'.
55d76 config: VCS:: parsed 2 patterns.
55d76 config: VCS: reading captured set patterns from '/home/linus/MoHex2.0/nfbranchfix/benzene-vanilla-cmake/share/vc-captured-set.txt'.
55d76 config: VCS:: parsed 2 patterns.
55d76 dfpn: 
65d96 info: Captured cells caused win! Removing...
5dd86 info: 
MID calls      0
VC builds      1
Terminal       1
Work           1
Wasted Work    0 (0%)
Elapsed Time   0.002407
MIDs/sec       0
VCs/sec        415.455
Cnt prune sib  0
Avg prune sib  -
Consider Size  -
Move Index     -
Move Percent   -
Delta Increase -
Winner         black
PV             

HashTableStatistics:
Stores         1084
LookupAttempt  88553
LookupSuccess  5473
Collisions     0

65d96 info: Opponent has won; playing most blocking move.
65d96 info: *** Player move: a3
d8af7 info: PlayAndSolve: Building VCs to avoid race condition.
d8af7 info: PlayAndSolve: Continuing on as usual.
5dd86 info: *** PlayerThread ***
65d96 info: *** SolverThread ***
55d76 config: VCS: reading captured set patterns from '/home/linus/MoHex2.0/nfbranchfix/benzene-vanilla-cmake/share/vc-captured-set.txt'.
55d76 config: VCS:: parsed 2 patterns.
55d76 config: VCS: reading captured set patterns from '/home/linus/MoHex2.0/nfbranchfix/benzene-vanilla-cmake/share/vc-captured-set.txt'.
5dd86 info: Captured cells caused win! Removing...
55d76 config: VCS:: parsed 2 patterns.
55d76 dfpn: 
65d96 info: 
MID calls      0
VC builds      1
Terminal       1
Work           1
Wasted Work    0 (0%)
Elapsed Time   0.002803
MIDs/sec       0
VCs/sec        356.761
Cnt prune sib  0
Avg prune sib  -
Consider Size  -
Move Index     -
Move Percent   -
Delta Increase -
Winner         black
PV             

HashTableStatistics:
Stores         1085
LookupAttempt  88559
LookupSuccess  5476
Collisions     0

5dd86 info: Opponent has won; playing most blocking move.
5dd86 info: *** Player move: a11
d8af7 config: ============ BenzeneShutdown =============
d8af7 config: MoHexProgram:: ShutdownSystem()
d8af7 config: CommonProgram:: ShutdownSystem()
d8af7 config: BenzeneProgram:: ShutdownSystem()
Flushing and closing this stream...
