# nice ../build/src/mohex/mohex --config mohex-weak.htp --seed 98508 --logfile-name jobs/11x11-mohex-mohex-weak-vs-mohex-mohex-cg2010/mohex-mohex-weak-29.log
>boardsize 11 11
MoHex 2.0.CMake Mar 21 2025
Copyright (C) 2007-2012 by the authors of the Benzene project.
This program comes with ABSOLUTELY NO WARRANTY. This is
free software and you are welcome to redistribute it under
certain conditions. Type `benzene-license' for details.

SgRandom::SetSeed: 98508
SgUctSearch: system memory 33632358400, using 1000000000 (5681818 nodes)
SgRandom::SetSeed: 1
SgRandom::SetSeed: 98508
f48e7 info: Prior Patterns:
f48e7 info: Global:
f48e7 info: Size            = 565 32648 
f48e7 info: TableEntries    = 65932 65910
f48e7 info: MirrorsAdded    = 0 0
f48e7 info: PrunableCount   = 30593 30629
f48e7 info: LargestGamma    = 5820.77
f48e7 info: SmallestGamma   = 6.6e-05
f48e7 info: Local:
f48e7 info: Size            = 550 5318 
f48e7 info: TableEntries    = 11602 11588
f48e7 info: MirrorsAdded    = 0 0
f48e7 info: PrunableCount   = 3659 3667
f48e7 info: LargestGamma    = 11281.8
f48e7 info: SmallestGamma   = 0.026235
f48e7 info: Playout Patterns:
f48e7 info: Global:
f48e7 info: Size            = 565 32648 
f48e7 info: TableEntries    = 70329 70329
f48e7 info: MirrorsAdded    = 4397 4419
f48e7 info: PrunableCount   = 30593 30629
f48e7 info: LargestGamma    = 5820.77
f48e7 info: SmallestGamma   = 6.6e-05
f48e7 info: Local:
f48e7 info: Size            = 550 5318 
f48e7 info: TableEntries    = 11602 11588
f48e7 info: MirrorsAdded    = 0 0
f48e7 info: PrunableCount   = 3659 3667
f48e7 info: LargestGamma    = 11281.8
f48e7 info: SmallestGamma   = 0.026235
param_game allow_swap 1
= 

param_mohex max_memory 1600000
= 

param_mohex num_threads 1
= 

param_mohex max_time 1
= 

param_mohex max_games 1
= 

param_mohex knowledge_threshold 400
= 

param_mohex reuse_subtree 1
= 

param_mohex use_parallel_solver 1
= 

<= 
<
>name
<= MoHex
<
>version
<= 2.0.CMake
<
>play b b4
<= 
<
>genmove w
<= swap-pieces
<
>showboard
f48e7 info: SwapCheck: reading from '/home/linus/MoHex2.0/nfbranchfix/benzene-vanilla-cmake/share/swap-moves.txt'.
f48e7 info: SwapCheck: playing swap.
<= 
< 
<  83644dcf10bea3e9
<  a  b  c  d  e  f  g  h  i  j  k  
< 1\.  .  .  .  .  .  .  .  .  .  .\1
<  2\.  .  .  .  .  .  .  .  .  .  .\2
<   3\.  .  .  .  .  .  .  .  .  .  .\3
<    4\.  B  .  .  .  .  .  .  .  .  .\4
<     5\.  .  .  .  .  .  .  .  .  .  .\5
<      6\.  .  .  .  .  .  .  .  .  .  .\6
<       7\.  .  .  .  .  .  .  .  .  .  .\7
<        8\.  .  .  .  .  .  .  .  .  .  .\8
<         9\.  .  .  .  .  .  .  .  .  .  .\9
<         10\.  .  .  .  .  .  .  .  .  .  .\10
<          11\.  .  .  .  .  .  .  .  .  .  .\11
<              a  b  c  d  e  f  g  h  i  j  k  
<
>play w e6
<= 
<
>showboard
<= 
< 
<  7f4fbfc13e20b2ff
<  a  b  c  d  e  f  g  h  i  j  k  
< 1\.  .  .  .  .  .  .  .  .  .  .\1
<  2\.  .  .  .  .  .  .  .  .  .  .\2
<   3\.  .  .  .  .  .  .  .  .  .  .\3
<    4\.  B  .  .  .  .  .  .  .  .  .\4
<     5\.  .  .  .  .  .  .  .  .  .  .\5
<      6\.  .  .  .  W  .  .  .  .  .  .\6
<       7\.  .  .  .  .  .  .  .  .  .  .\7
<        8\.  .  .  .  .  .  .  .  .  .  .\8
<         9\.  .  .  .  .  .  .  .  .  .  .\9
<         10\.  .  .  .  .  .  .  .  .  .  .\10
<          11\.  .  .  .  .  .  .  .  .  .  .\11
<              a  b  c  d  e  f  g  h  i  j  k  
<
>genmove b
<= h8
<
>showboard
f48e7 info: PlayAndSolve: Building VCs to avoid race condition.
f48e7 info: PlayAndSolve: Continuing on as usual.
3fff6 info: *** PlayerThread ***
37fe6 info: *** SolverThread ***
3fff6 info: Best move cannot be determined, must search state.
3fff6 info: --- MoHexPlayer::Search() ---
3fff6 info: Color: black
3fff6 info: MaxGames: 1
3fff6 info: NumberThreads: 1
3fff6 info: MaxNodes: 9090 (799920 bytes)
3fff6 info: TimeForMove: 1
3fff6 info: PreSearch: max time reached (50/89).
3fff6 info: Time for PreSearch: 0.201698s
3fff6 info: 
  7f4fbfc13e20b2ff
  a  b  c  d  e  f  g  h  i  j  k  
 1\.  .  .  .  .  .  .  .  .  .  .\1
  2\.  .  *  *  *  *  *  *  *  *  *\2
   3\.  *  *  *  *  *  *  *  *  *  *\3
    4\.  B  *  *  *  *  *  *  *  *  *\4
     5\.  *  *  *  *  *  *  *  *  *  *\5
      6\*  *  *  *  W  *  *  *  *  *  *\6
       7\*  *  *  *  *  *  *  *  *  *  *\7
        8\*  *  *  *  *  *  *  *  *  *  *\8
         9\*  *  *  *  *  *  *  *  *  *  .\9
         10\*  *  *  *  *  *  *  *  *  .  .\10
          11\.  .  .  .  .  .  .  .  .  .  .\11
              a  b  c  d  e  f  g  h  i  j  k  
3fff6 info: No subtree to reuse.
3fff6 info: Creating thread 0
3fff6 info: StartSearch()[0]
SgUctSearch: max games reached
3fff6 info: 
Elapsed Time   0.372447s
Count          1
GamesPlayed    1
Nodes          1
Knowledge      0 (0.0%)
Expansions     0.0
Time           0.00
GameLen        119.0 dev=0.0 min=119.0 max=119.0
InTree         0.0 dev=0.0 min=0.0 max=0.0
KnowDepth      -
Aborted        0%
Games/s        381.0
Score          0.00
Sequence      
3fff6 info: 
3fff6 warning: **** MoHexSearch returned empty sequence!
3fff6 warning: **** Returning random move!
3fff6 info: *** Player move: h8
2ffd6 info: DfpnSolver::CheckAbort(): Abort flag!
37fe6 info: 
MID calls      44
VC builds      43
Terminal       0
Work           44
Wasted Work    0 (0%)
Elapsed Time   0.388183
MIDs/sec       113.349
VCs/sec        110.772
Cnt prune sib  0
Avg prune sib  -
Consider Size  86.814 dev=3.49909 min=78 max=90
Move Index     -
Move Percent   -
Delta Increase 2.97674 dev=12.8108 min=1 max=86
Winner         empty
PV             j2 h7 g5

HashTableStatistics:
Stores         112
LookupAttempt  12239
LookupSuccess  722
Collisions     0

37fe6 info: Search aborted.
<= 
< 
<  0969fe1936f71015
<  a  b  c  d  e  f  g  h  i  j  k  
< 1\.  .  .  .  .  .  .  .  .  .  .\1
<  2\.  .  .  .  .  .  .  .  .  .  .\2
<   3\.  .  .  .  .  .  .  .  .  .  .\3
<    4\.  B  .  .  .  .  .  .  .  .  .\4
<     5\.  .  .  .  .  .  .  .  .  .  .\5
<      6\.  .  .  .  W  .  .  .  .  .  .\6
<       7\.  .  .  .  .  .  .  .  .  .  .\7
<        8\.  .  .  .  .  .  .  B  .  .  .\8
<         9\.  .  .  .  .  .  .  .  .  .  .\9
<         10\.  .  .  .  .  .  .  .  .  .  .\10
<          11\.  .  .  .  .  .  .  .  .  .  .\11
<              a  b  c  d  e  f  g  h  i  j  k  
<
>play w a10
<= 
<
>showboard
<= 
< 
<  2df214de9a6e3ff1
<  a  b  c  d  e  f  g  h  i  j  k  
< 1\.  .  .  .  .  .  .  .  .  .  .\1
<  2\.  .  .  .  .  .  .  .  .  .  .\2
<   3\.  .  .  .  .  .  .  .  .  .  .\3
<    4\.  B  .  .  .  .  .  .  .  .  .\4
<     5\.  .  .  .  .  .  .  .  .  .  .\5
<      6\.  .  .  .  W  .  .  .  .  .  .\6
<       7\.  .  .  .  .  .  .  .  .  .  .\7
<        8\.  .  .  .  .  .  .  B  .  .  .\8
<         9\.  .  .  .  .  .  .  .  .  .  .\9
<         10\W  .  .  .  .  .  .  .  .  .  .\10
<          11\.  .  .  .  .  .  .  .  .  .  .\11
<              a  b  c  d  e  f  g  h  i  j  k  
<
>genmove b
<= b3
<
>showboard
f48e7 info: PlayAndSolve: Building VCs to avoid race condition.
f48e7 info: PlayAndSolve: Continuing on as usual.
37fe6 info: *** PlayerThread ***
3fff6 info: *** SolverThread ***
37fe6 info: Best move cannot be determined, must search state.
37fe6 info: --- MoHexPlayer::Search() ---
37fe6 info: Color: black
37fe6 info: MaxGames: 1
37fe6 info: NumberThreads: 1
37fe6 info: MaxNodes: 9090 (799920 bytes)
37fe6 info: TimeForMove: 1
37fe6 info: PreSearch: max time reached (40/86).
37fe6 info: Time for PreSearch: 0.203208s
37fe6 info: 
  2df214de9a6e3ff1
  a  b  c  d  e  f  g  h  i  j  k  
 1\.  .  .  .  .  .  .  .  .  .  .\1
  2\.  .  *  *  *  *  *  *  *  *  *\2
   3\.  *  *  *  *  *  *  *  *  *  *\3
    4\.  B  *  *  *  *  *  *  *  *  *\4
     5\.  *  *  *  *  *  *  *  *  *  *\5
      6\*  *  *  *  W  *  *  *  *  *  *\6
       7\*  *  *  *  *  *  *  *  *  *  *\7
        8\*  *  *  *  *  *  *  B  *  *  *\8
         9\.  *  *  *  *  *  *  *  *  *  .\9
         10\W  *  *  *  *  *  *  *  *  .  .\10
          11\.  .  .  .  .  .  .  .  .  .  .\11
              a  b  c  d  e  f  g  h  i  j  k  
37fe6 info: Old: [black, b4] [white, swap-pieces] [white, e6] 
37fe6 info: New: [black, b4] [white, swap-pieces] [white, e6] [black, h8] [white, a10] 
37fe6 info: MovesPlayed: [black, h8] [white, a10] 
37fe6 info: No subtree to reuse.
37fe6 info: StartSearch()[0]
SgUctSearch: max games reached
37fe6 info: 
Elapsed Time   0.358341s
Count          1
GamesPlayed    1
Nodes          1
Knowledge      0 (0.0%)
Expansions     0.0
Time           0.00
GameLen        117.0 dev=0.0 min=117.0 max=117.0
InTree         0.0 dev=0.0 min=0.0 max=0.0
KnowDepth      -
Aborted        0%
Games/s        3424.7
Score          1.00
Sequence      
37fe6 info: 
37fe6 warning: **** MoHexSearch returned empty sequence!
37fe6 warning: **** Returning random move!
37fe6 info: *** Player move: b3
2ffd6 info: DfpnSolver::CheckAbort(): Abort flag!
3fff6 info: 
MID calls      35
VC builds      34
Terminal       0
Work           35
Wasted Work    0 (0%)
Elapsed Time   0.37207
MIDs/sec       94.0683
VCs/sec        91.3807
Cnt prune sib  0
Avg prune sib  -
Consider Size  84.6471 dev=8.10897 min=54 max=89
Move Index     -
Move Percent   -
Delta Increase 2.55882 dev=8.95476 min=1 max=54
Winner         empty
PV             g5 i2 f4

HashTableStatistics:
Stores         205
LookupAttempt  22976
LookupSuccess  1384
Collisions     0

3fff6 info: Search aborted.
<= 
< 
<  c10d870919847708
<  a  b  c  d  e  f  g  h  i  j  k  
< 1\.  .  .  .  .  .  .  .  .  .  .\1
<  2\.  .  .  .  .  .  .  .  .  .  .\2
<   3\.  B  .  .  .  .  .  .  .  .  .\3
<    4\.  B  .  .  .  .  .  .  .  .  .\4
<     5\.  .  .  .  .  .  .  .  .  .  .\5
<      6\.  .  .  .  W  .  .  .  .  .  .\6
<       7\.  .  .  .  .  .  .  .  .  .  .\7
<        8\.  .  .  .  .  .  .  B  .  .  .\8
<         9\.  .  .  .  .  .  .  .  .  .  .\9
<         10\W  .  .  .  .  .  .  .  .  .  .\10
<          11\.  .  .  .  .  .  .  .  .  .  .\11
<              a  b  c  d  e  f  g  h  i  j  k  
<
>play w a7
<= 
<
>showboard
<= 
< 
<  6b45fe3d539a7534
<  a  b  c  d  e  f  g  h  i  j  k  
< 1\.  .  .  .  .  .  .  .  .  .  .\1
<  2\.  .  .  .  .  .  .  .  .  .  .\2
<   3\.  B  .  .  .  .  .  .  .  .  .\3
<    4\.  B  .  .  .  .  .  .  .  .  .\4
<     5\.  .  .  .  .  .  .  .  .  .  .\5
<      6\.  .  .  .  W  .  .  .  .  .  .\6
<       7\W  .  .  .  .  .  .  .  .  .  .\7
<        8\.  .  .  .  .  .  .  B  .  .  .\8
<         9\.  .  .  .  .  .  .  .  .  .  .\9
<         10\W  .  .  .  .  .  .  .  .  .  .\10
<          11\.  .  .  .  .  .  .  .  .  .  .\11
<              a  b  c  d  e  f  g  h  i  j  k  
<
>genmove b
<= b11
<
>showboard
f48e7 info: PlayAndSolve: Building VCs to avoid race condition.
f48e7 info: PlayAndSolve: Continuing on as usual.
3fff6 info: *** PlayerThread ***
37fe6 info: *** SolverThread ***
3fff6 info: Best move cannot be determined, must search state.
3fff6 info: --- MoHexPlayer::Search() ---
3fff6 info: Color: black
3fff6 info: MaxGames: 1
3fff6 info: NumberThreads: 1
3fff6 info: MaxNodes: 9090 (799920 bytes)
3fff6 info: TimeForMove: 1
3fff6 info: PreSearch: max time reached (46/82).
3fff6 info: Time for PreSearch: 0.203703s
3fff6 info: 
  6b45fe3d539a7534
  a  b  c  d  e  f  g  h  i  j  k  
 1\.  .  .  .  .  .  .  .  .  .  .\1
  2\.  *  .  *  *  *  *  *  *  *  *\2
   3\.  B  *  *  *  *  *  *  *  *  *\3
    4\b  B  *  *  *  *  *  *  *  *  *\4
     5\w  *  *  *  *  *  *  *  *  *  *\5
      6\w  *  *  *  W  *  *  *  *  *  *\6
       7\W  *  *  *  *  *  *  *  *  *  *\7
        8\w  *  *  *  *  *  *  B  *  *  *\8
         9\w  *  *  *  *  *  *  *  *  *  .\9
         10\W  *  *  *  *  *  *  *  *  .  .\10
          11\.  .  .  .  .  .  .  .  .  .  .\11
              a  b  c  d  e  f  g  h  i  j  k  
3fff6 info: Old: [black, b4] [white, swap-pieces] [white, e6] [black, h8] [white, a10] 
3fff6 info: New: [black, b4] [white, swap-pieces] [white, e6] [black, h8] [white, a10] [black, b3] [white, a7] 
3fff6 info: MovesPlayed: [black, b3] [white, a7] 
3fff6 info: No subtree to reuse.
3fff6 info: StartSearch()[0]
SgUctSearch: max games reached
3fff6 info: 
Elapsed Time   0.352683s
Count          1
GamesPlayed    1
Nodes          1
Knowledge      0 (0.0%)
Expansions     0.0
Time           0.00
GameLen        110.0 dev=0.0 min=110.0 max=110.0
InTree         0.0 dev=0.0 min=0.0 max=0.0
KnowDepth      -
Aborted        0%
Games/s        3144.7
Score          1.00
Sequence      
3fff6 info: 
3fff6 warning: **** MoHexSearch returned empty sequence!
3fff6 warning: **** Returning random move!
3fff6 info: *** Player move: b11
2ffd6 info: DfpnSolver::CheckAbort(): Abort flag!
37fe6 info: 
MID calls      37
VC builds      36
Terminal       0
Work           37
Wasted Work    0 (0%)
Elapsed Time   0.369043
MIDs/sec       100.259
VCs/sec        97.5496
Cnt prune sib  0
Avg prune sib  -
Consider Size  78.6944 dev=7.49749 min=48 max=82
Move Index     -
Move Percent   -
Delta Increase 4.41667 dev=14.3515 min=1 max=76
Winner         empty
PV             f7 f8 g5

HashTableStatistics:
Stores         301
LookupAttempt  32999
LookupSuccess  1999
Collisions     0

37fe6 info: Search aborted.
<= 
< 
<  65f834df1898201b
<  a  b  c  d  e  f  g  h  i  j  k  
< 1\.  .  .  .  .  .  .  .  .  .  .\1
<  2\.  .  .  .  .  .  .  .  .  .  .\2
<   3\.  B  .  .  .  .  .  .  .  .  .\3
<    4\.  B  .  .  .  .  .  .  .  .  .\4
<     5\.  .  .  .  .  .  .  .  .  .  .\5
<      6\.  .  .  .  W  .  .  .  .  .  .\6
<       7\W  .  .  .  .  .  .  .  .  .  .\7
<        8\.  .  .  .  .  .  .  B  .  .  .\8
<         9\.  .  .  .  .  .  .  .  .  .  .\9
<         10\W  .  .  .  .  .  .  .  .  .  .\10
<          11\.  B  .  .  .  .  .  .  .  .  .\11
<              a  b  c  d  e  f  g  h  i  j  k  
<
>play w a2
<= 
<
>showboard
<= 
< 
<  056af163b2ffc0c4
<  a  b  c  d  e  f  g  h  i  j  k  
< 1\.  .  .  .  .  .  .  .  .  .  .\1
<  2\W  .  .  .  .  .  .  .  .  .  .\2
<   3\.  B  .  .  .  .  .  .  .  .  .\3
<    4\.  B  .  .  .  .  .  .  .  .  .\4
<     5\.  .  .  .  .  .  .  .  .  .  .\5
<      6\.  .  .  .  W  .  .  .  .  .  .\6
<       7\W  .  .  .  .  .  .  .  .  .  .\7
<        8\.  .  .  .  .  .  .  B  .  .  .\8
<         9\.  .  .  .  .  .  .  .  .  .  .\9
<         10\W  .  .  .  .  .  .  .  .  .  .\10
<          11\.  B  .  .  .  .  .  .  .  .  .\11
<              a  b  c  d  e  f  g  h  i  j  k  
<
>genmove b
<= g8
<
>showboard
f48e7 info: PlayAndSolve: Building VCs to avoid race condition.
f48e7 info: PlayAndSolve: Continuing on as usual.
37fe6 info: *** PlayerThread ***
3fff6 info: *** SolverThread ***
37fe6 info: Best move cannot be determined, must search state.
37fe6 info: --- MoHexPlayer::Search() ---
37fe6 info: Color: black
37fe6 info: MaxGames: 1
37fe6 info: NumberThreads: 1
37fe6 info: MaxNodes: 9090 (799920 bytes)
37fe6 info: TimeForMove: 1
37fe6 info: PreSearch: max time reached (42/82).
37fe6 info: Time for PreSearch: 0.201794s
37fe6 info: 
  056af163b2ffc0c4
  a  b  c  d  e  f  g  h  i  j  k  
 1\b  .  .  .  .  .  .  .  .  .  .\1
  2\W  *  .  *  *  *  *  *  *  *  *\2
   3\b  B  *  *  *  *  *  *  *  *  *\3
    4\b  B  *  *  *  *  *  *  *  *  *\4
     5\w  *  *  *  *  *  *  *  *  *  *\5
      6\w  *  *  *  W  *  *  *  *  *  *\6
       7\W  *  *  *  *  *  *  *  *  *  *\7
        8\w  *  *  *  *  *  *  B  *  *  *\8
         9\w  *  *  *  *  *  *  *  *  *  .\9
         10\W  *  *  *  *  *  *  *  *  .  .\10
          11\b  B  .  .  .  .  .  .  .  .  .\11
              a  b  c  d  e  f  g  h  i  j  k  
37fe6 info: Old: [black, b4] [white, swap-pieces] [white, e6] [black, h8] [white, a10] [black, b3] [white, a7] 
37fe6 info: New: [black, b4] [white, swap-pieces] [white, e6] [black, h8] [white, a10] [black, b3] [white, a7] [black, b11] [white, a2] 
37fe6 info: MovesPlayed: [black, b11] [white, a2] 
37fe6 info: No subtree to reuse.
37fe6 info: StartSearch()[0]
SgUctSearch: max games reached
37fe6 info: 
Elapsed Time   0.347916s
Count          1
GamesPlayed    1
Nodes          1
Knowledge      0 (0.0%)
Expansions     0.0
Time           0.00
GameLen        105.0 dev=0.0 min=105.0 max=105.0
InTree         0.0 dev=0.0 min=0.0 max=0.0
KnowDepth      -
Aborted        0%
Games/s        3048.8
Score          0.00
Sequence      
37fe6 info: 
37fe6 warning: **** MoHexSearch returned empty sequence!
37fe6 warning: **** Returning random move!
37fe6 info: *** Player move: g8
2ffd6 info: DfpnSolver::CheckAbort(): Abort flag!
3fff6 info: 
MID calls      40
VC builds      38
Terminal       0
Work           40
Wasted Work    0 (0%)
Elapsed Time   0.365717
MIDs/sec       109.374
VCs/sec        103.905
Cnt prune sib  0
Avg prune sib  -
Consider Size  76.1842 dev=9.28175 min=35 max=82
Move Index     -
Move Percent   -
Delta Increase 4.20513 dev=14.0734 min=1 max=76
Winner         empty
PV             g5 h3 f4 f7

HashTableStatistics:
Stores         402
LookupAttempt  43169
LookupSuccess  2618
Collisions     0

3fff6 info: Search aborted.
<= 
< 
<  03c9e3d8b3f32da2
<  a  b  c  d  e  f  g  h  i  j  k  
< 1\.  .  .  .  .  .  .  .  .  .  .\1
<  2\W  .  .  .  .  .  .  .  .  .  .\2
<   3\.  B  .  .  .  .  .  .  .  .  .\3
<    4\.  B  .  .  .  .  .  .  .  .  .\4
<     5\.  .  .  .  .  .  .  .  .  .  .\5
<      6\.  .  .  .  W  .  .  .  .  .  .\6
<       7\W  .  .  .  .  .  .  .  .  .  .\7
<        8\.  .  .  .  .  .  B  B  .  .  .\8
<         9\.  .  .  .  .  .  .  .  .  .  .\9
<         10\W  .  .  .  .  .  .  .  .  .  .\10
<          11\.  B  .  .  .  .  .  .  .  .  .\11
<              a  b  c  d  e  f  g  h  i  j  k  
<
>play w b7
<= 
<
>showboard
<= 
< 
<  2c52c0956f2fb1a7
<  a  b  c  d  e  f  g  h  i  j  k  
< 1\.  .  .  .  .  .  .  .  .  .  .\1
<  2\W  .  .  .  .  .  .  .  .  .  .\2
<   3\.  B  .  .  .  .  .  .  .  .  .\3
<    4\.  B  .  .  .  .  .  .  .  .  .\4
<     5\.  .  .  .  .  .  .  .  .  .  .\5
<      6\.  .  .  .  W  .  .  .  .  .  .\6
<       7\W  W  .  .  .  .  .  .  .  .  .\7
<        8\.  .  .  .  .  .  B  B  .  .  .\8
<         9\.  .  .  .  .  .  .  .  .  .  .\9
<         10\W  .  .  .  .  .  .  .  .  .  .\10
<          11\.  B  .  .  .  .  .  .  .  .  .\11
<              a  b  c  d  e  f  g  h  i  j  k  
<
>genmove b
<= b1
<
>showboard
f48e7 info: PlayAndSolve: Building VCs to avoid race condition.
f48e7 info: PlayAndSolve: Continuing on as usual.
3fff6 info: *** PlayerThread ***
37fe6 info: *** SolverThread ***
3fff6 info: Best move cannot be determined, must search state.
3fff6 info: --- MoHexPlayer::Search() ---
3fff6 info: Color: black
3fff6 info: MaxGames: 1
3fff6 info: NumberThreads: 1
3fff6 info: MaxNodes: 9090 (799920 bytes)
3fff6 info: TimeForMove: 1
3fff6 info: PreSearch: max time reached (36/78).
3fff6 info: Time for PreSearch: 0.202536s
3fff6 info: 
  2c52c0956f2fb1a7
  a  b  c  d  e  f  g  h  i  j  k  
 1\b  .  .  .  .  .  .  .  .  .  .\1
  2\W  *  .  *  *  *  *  *  *  *  *\2
   3\b  B  *  *  *  *  *  *  *  *  *\3
    4\b  B  *  *  *  *  *  *  *  *  *\4
     5\w  *  *  *  *  *  *  *  *  *  *\5
      6\w  .  *  *  W  *  *  *  *  *  *\6
       7\W  W  *  *  *  *  *  *  *  *  *\7
        8\b  .  *  *  *  *  B  B  *  *  *\8
         9\b  *  *  *  *  *  *  *  *  *  .\9
         10\W  *  *  *  *  *  *  *  *  .  .\10
          11\b  B  .  .  .  .  .  .  .  .  .\11
              a  b  c  d  e  f  g  h  i  j  k  
3fff6 info: Old: [black, b4] [white, swap-pieces] [white, e6] [black, h8] [white, a10] [black, b3] [white, a7] [black, b11] [white, a2] 
3fff6 info: New: [black, b4] [white, swap-pieces] [white, e6] [black, h8] [white, a10] [black, b3] [white, a7] [black, b11] [white, a2] [black, g8] [white, b7] 
3fff6 info: MovesPlayed: [black, g8] [white, b7] 
3fff6 info: No subtree to reuse.
3fff6 info: StartSearch()[0]
SgUctSearch: max games reached
3fff6 info: 
Elapsed Time   0.353405s
Count          1
GamesPlayed    1
Nodes          1
Knowledge      0 (0.0%)
Expansions     0.0
Time           0.00
GameLen        103.0 dev=0.0 min=103.0 max=103.0
InTree         0.0 dev=0.0 min=0.0 max=0.0
KnowDepth      -
Aborted        0%
Games/s        3703.7
Score          1.00
Sequence      
3fff6 info: 
3fff6 warning: **** MoHexSearch returned empty sequence!
3fff6 warning: **** Returning random move!
3fff6 info: *** Player move: b1
2ffd6 info: DfpnSolver::CheckAbort(): Abort flag!
37fe6 info: 
MID calls      30
VC builds      29
Terminal       0
Work           30
Wasted Work    0 (0%)
Elapsed Time   0.368046
MIDs/sec       81.5116
VCs/sec        78.7945
Cnt prune sib  0
Avg prune sib  -
Consider Size  51.5172 dev=24.147 min=2 max=80
Move Index     -
Move Percent   -
Delta Increase 2.89655 dev=6.40229 min=1 max=33
Winner         empty
PV             h5 f7 h6 h4

HashTableStatistics:
Stores         482
LookupAttempt  51168
LookupSuccess  3179
Collisions     0

37fe6 info: Search aborted.
<= 
< 
<  f473acf6d7ddecf8
<  a  b  c  d  e  f  g  h  i  j  k  
< 1\.  B  .  .  .  .  .  .  .  .  .\1
<  2\W  .  .  .  .  .  .  .  .  .  .\2
<   3\.  B  .  .  .  .  .  .  .  .  .\3
<    4\.  B  .  .  .  .  .  .  .  .  .\4
<     5\.  .  .  .  .  .  .  .  .  .  .\5
<      6\.  .  .  .  W  .  .  .  .  .  .\6
<       7\W  W  .  .  .  .  .  .  .  .  .\7
<        8\.  .  .  .  .  .  B  B  .  .  .\8
<         9\.  .  .  .  .  .  .  .  .  .  .\9
<         10\W  .  .  .  .  .  .  .  .  .  .\10
<          11\.  B  .  .  .  .  .  .  .  .  .\11
<              a  b  c  d  e  f  g  h  i  j  k  
<
>play w g9
<= 
<
>showboard
<= 
< 
<  bde8e02ebee0cb4a
<  a  b  c  d  e  f  g  h  i  j  k  
< 1\.  B  .  .  .  .  .  .  .  .  .\1
<  2\W  .  .  .  .  .  .  .  .  .  .\2
<   3\.  B  .  .  .  .  .  .  .  .  .\3
<    4\.  B  .  .  .  .  .  .  .  .  .\4
<     5\.  .  .  .  .  .  .  .  .  .  .\5
<      6\.  .  .  .  W  .  .  .  .  .  .\6
<       7\W  W  .  .  .  .  .  .  .  .  .\7
<        8\.  .  .  .  .  .  B  B  .  .  .\8
<         9\.  .  .  .  .  .  W  .  .  .  .\9
<         10\W  .  .  .  .  .  .  .  .  .  .\10
<          11\.  B  .  .  .  .  .  .  .  .  .\11
<              a  b  c  d  e  f  g  h  i  j  k  
<
>genmove b
<= c3
<
>showboard
f48e7 info: PlayAndSolve: Building VCs to avoid race condition.
f48e7 info: PlayAndSolve: Continuing on as usual.
37fe6 info: *** PlayerThread ***
3fff6 info: *** SolverThread ***
37fe6 info: Best move cannot be determined, must search state.
37fe6 info: --- MoHexPlayer::Search() ---
37fe6 info: Color: black
37fe6 info: MaxGames: 1
37fe6 info: NumberThreads: 1
37fe6 info: MaxNodes: 9090 (799920 bytes)
37fe6 info: TimeForMove: 1
37fe6 info: PreSearch: max time reached (41/75).
37fe6 info: Time for PreSearch: 0.204194s
37fe6 info: 
  bde8e02ebee0cb4a
  a  b  c  d  e  f  g  h  i  j  k  
 1\b  B  .  .  .  .  .  .  .  .  .\1
  2\W  .  *  *  *  *  *  *  *  *  *\2
   3\b  B  *  *  *  *  *  *  *  *  *\3
    4\b  B  *  *  *  *  *  *  *  *  *\4
     5\w  *  *  *  *  *  *  *  *  *  *\5
      6\w  .  *  *  W  *  *  *  *  *  *\6
       7\W  W  *  *  *  *  *  *  *  *  *\7
        8\b  .  *  *  *  *  B  B  *  *  *\8
         9\b  *  *  *  *  *  W  *  *  *  .\9
         10\W  *  *  *  *  .  .  *  *  .  .\10
          11\b  B  .  .  .  .  .  .  .  .  .\11
              a  b  c  d  e  f  g  h  i  j  k  
37fe6 info: Old: [black, b4] [white, swap-pieces] [white, e6] [black, h8] [white, a10] [black, b3] [white, a7] [black, b11] [white, a2] [black, g8] [white, b7] 
37fe6 info: New: [black, b4] [white, swap-pieces] [white, e6] [black, h8] [white, a10] [black, b3] [white, a7] [black, b11] [white, a2] [black, g8] [white, b7] [black, b1] [white, g9] 
37fe6 info: MovesPlayed: [black, b1] [white, g9] 
37fe6 info: No subtree to reuse.
37fe6 info: StartSearch()[0]
SgUctSearch: max games reached
37fe6 info: 
Elapsed Time   0.365446s
Count          1
GamesPlayed    1
Nodes          1
Knowledge      0 (0.0%)
Expansions     0.0
Time           0.00
GameLen        101.0 dev=0.0 min=101.0 max=101.0
InTree         0.0 dev=0.0 min=0.0 max=0.0
KnowDepth      -
Aborted        0%
Games/s        3194.9
Score          0.00
Sequence      
37fe6 info: 
37fe6 warning: **** MoHexSearch returned empty sequence!
37fe6 warning: **** Returning random move!
37fe6 info: *** Player move: c3
2ffd6 info: DfpnSolver::CheckAbort(): Abort flag!
3fff6 info: 
MID calls      42
VC builds      40
Terminal       2
Work           44
Wasted Work    10 (22.7273%)
Elapsed Time   0.38139
MIDs/sec       110.123
VCs/sec        104.88
Cnt prune sib  0
Avg prune sib  -
Consider Size  49.9737 dev=22.1413 min=11 max=79
Move Index     1.5 dev=0.5 min=1 max=2
Move Percent   0.0464015 dev=0.0160985 min=0.030303 max=0.0625
Delta Increase 4.11628 dev=9.07132 min=1 max=39
Winner         empty
PV             h5 e10 h6 h9

HashTableStatistics:
Stores         589
LookupAttempt  59221
LookupSuccess  3712
Collisions     0

3fff6 info: Search aborted.
<= 
< 
<  0d64d503f643a1ee
<  a  b  c  d  e  f  g  h  i  j  k  
< 1\.  B  .  .  .  .  .  .  .  .  .\1
<  2\W  .  .  .  .  .  .  .  .  .  .\2
<   3\.  B  B  .  .  .  .  .  .  .  .\3
<    4\.  B  .  .  .  .  .  .  .  .  .\4
<     5\.  .  .  .  .  .  .  .  .  .  .\5
<      6\.  .  .  .  W  .  .  .  .  .  .\6
<       7\W  W  .  .  .  .  .  .  .  .  .\7
<        8\.  .  .  .  .  .  B  B  .  .  .\8
<         9\.  .  .  .  .  .  W  .  .  .  .\9
<         10\W  .  .  .  .  .  .  .  .  .  .\10
<          11\.  B  .  .  .  .  .  .  .  .  .\11
<              a  b  c  d  e  f  g  h  i  j  k  
<
>play w g6
<= 
<
>showboard
<= 
< 
<  6dbf190c56abf9bf
<  a  b  c  d  e  f  g  h  i  j  k  
< 1\.  B  .  .  .  .  .  .  .  .  .\1
<  2\W  .  .  .  .  .  .  .  .  .  .\2
<   3\.  B  B  .  .  .  .  .  .  .  .\3
<    4\.  B  .  .  .  .  .  .  .  .  .\4
<     5\.  .  .  .  .  .  .  .  .  .  .\5
<      6\.  .  .  .  W  .  W  .  .  .  .\6
<       7\W  W  .  .  .  .  .  .  .  .  .\7
<        8\.  .  .  .  .  .  B  B  .  .  .\8
<         9\.  .  .  .  .  .  W  .  .  .  .\9
<         10\W  .  .  .  .  .  .  .  .  .  .\10
<          11\.  B  .  .  .  .  .  .  .  .  .\11
<              a  b  c  d  e  f  g  h  i  j  k  
<
>genmove b
<= c9
<
>showboard
f48e7 info: PlayAndSolve: Building VCs to avoid race condition.
f48e7 info: PlayAndSolve: Continuing on as usual.
3fff6 info: *** PlayerThread ***
37fe6 info: *** SolverThread ***
3fff6 info: Best move cannot be determined, must search state.
3fff6 info: --- MoHexPlayer::Search() ---
3fff6 info: Color: black
3fff6 info: MaxGames: 1
3fff6 info: NumberThreads: 1
3fff6 info: MaxNodes: 9090 (799920 bytes)
3fff6 info: TimeForMove: 1
3fff6 info: Time for PreSearch: 0.099917s
3fff6 info: 
  6dbf190c56abf9bf
  a  b  c  d  e  f  g  h  i  j  k  
 1\b  B  b  b  b  b  .  .  .  .  .\1
  2\W  b  b  b  .  .  .  .  .  *  *\2
   3\b  B  B  .  .  .  .  .  *  *  *\3
    4\b  B  .  .  .  .  .  .  *  *  *\4
     5\w  .  *  *  *  .  .  *  *  *  *\5
      6\w  .  *  *  W  *  W  *  *  *  *\6
       7\W  W  *  *  .  .  .  .  *  *  *\7
        8\b  .  *  .  .  .  B  B  .  .  .\8
         9\b  *  .  .  .  .  W  .  .  .  .\9
         10\W  .  .  .  .  .  .  .  .  .  .\10
          11\b  B  .  .  .  .  .  .  .  .  .\11
              a  b  c  d  e  f  g  h  i  j  k  
3fff6 info: Old: [black, b4] [white, swap-pieces] [white, e6] [black, h8] [white, a10] [black, b3] [white, a7] [black, b11] [white, a2] [black, g8] [white, b7] [black, b1] [white, g9] 
3fff6 info: New: [black, b4] [white, swap-pieces] [white, e6] [black, h8] [white, a10] [black, b3] [white, a7] [black, b11] [white, a2] [black, g8] [white, b7] [black, b1] [white, g9] [black, c3] [white, g6] 
3fff6 info: MovesPlayed: [black, c3] [white, g6] 
3fff6 info: No subtree to reuse.
3fff6 info: StartSearch()[0]
SgUctSearch: max games reached
3fff6 info: 
Elapsed Time   0.269632s
Count          1
GamesPlayed    1
Nodes          1
Knowledge      0 (0.0%)
Expansions     0.0
Time           0.00
GameLen        92.0 dev=0.0 min=92.0 max=92.0
InTree         0.0 dev=0.0 min=0.0 max=0.0
KnowDepth      -
Aborted        0%
Games/s        2732.2
Score          0.00
Sequence      
3fff6 info: 
3fff6 warning: **** MoHexSearch returned empty sequence!
3fff6 warning: **** Returning random move!
3fff6 info: *** Player move: c9
2ffd6 info: DfpnSolver::CheckAbort(): Abort flag!
37fe6 info: 
MID calls      40
VC builds      37
Terminal       1
Work           41
Wasted Work    0 (0%)
Elapsed Time   0.285646
MIDs/sec       140.033
VCs/sec        129.531
Cnt prune sib  0
Avg prune sib  -
Consider Size  46.6944 dev=21.3617 min=13 max=71
Move Index     -
Move Percent   -
Delta Increase 3.9 dev=8.92132 min=1 max=38
Winner         empty
PV             i5 i6 h6 i4

HashTableStatistics:
Stores         679
LookupAttempt  62173
LookupSuccess  3879
Collisions     0

37fe6 info: Search aborted.
<= 
< 
<  236e7b5e4f07465e
<  a  b  c  d  e  f  g  h  i  j  k  
< 1\.  B  .  .  .  .  .  .  .  .  .\1
<  2\W  .  .  .  .  .  .  .  .  .  .\2
<   3\.  B  B  .  .  .  .  .  .  .  .\3
<    4\.  B  .  .  .  .  .  .  .  .  .\4
<     5\.  .  .  .  .  .  .  .  .  .  .\5
<      6\.  .  .  .  W  .  W  .  .  .  .\6
<       7\W  W  .  .  .  .  .  .  .  .  .\7
<        8\.  .  .  .  .  .  B  B  .  .  .\8
<         9\.  .  B  .  .  .  W  .  .  .  .\9
<         10\W  .  .  .  .  .  .  .  .  .  .\10
<          11\.  B  .  .  .  .  .  .  .  .  .\11
<              a  b  c  d  e  f  g  h  i  j  k  
<
>play w g5
<= 
<
>showboard
<= 
< 
<  2b02cfe263222f87
<  a  b  c  d  e  f  g  h  i  j  k  
< 1\.  B  .  .  .  .  .  .  .  .  .\1
<  2\W  .  .  .  .  .  .  .  .  .  .\2
<   3\.  B  B  .  .  .  .  .  .  .  .\3
<    4\.  B  .  .  .  .  .  .  .  .  .\4
<     5\.  .  .  .  .  .  W  .  .  .  .\5
<      6\.  .  .  .  W  .  W  .  .  .  .\6
<       7\W  W  .  .  .  .  .  .  .  .  .\7
<        8\.  .  .  .  .  .  B  B  .  .  .\8
<         9\.  .  B  .  .  .  W  .  .  .  .\9
<         10\W  .  .  .  .  .  .  .  .  .  .\10
<          11\.  B  .  .  .  .  .  .  .  .  .\11
<              a  b  c  d  e  f  g  h  i  j  k  
<
>genmove b
<= j4
<
>showboard
f48e7 info: PlayAndSolve: Building VCs to avoid race condition.
f48e7 info: PlayAndSolve: Continuing on as usual.
37fe6 info: *** PlayerThread ***
3fff6 info: *** SolverThread ***
3fff6 info: 
MID calls      0
VC builds      1
Terminal       1
Work           1
Wasted Work    0 (0%)
Elapsed Time   0.010315
MIDs/sec       0
VCs/sec        96.9462
Cnt prune sib  0
Avg prune sib  -
Consider Size  -
Move Index     -
Move Percent   -
Delta Increase -
Winner         white
PV             

HashTableStatistics:
Stores         680
LookupAttempt  62179
LookupSuccess  3882
Collisions     0

37fe6 info: Opponent has won; playing most blocking move.
37fe6 info: *** Player move: j4
<= 
< 
<  a54db61036244361
<  a  b  c  d  e  f  g  h  i  j  k  
< 1\.  B  .  .  .  .  .  .  .  .  .\1
<  2\W  .  .  .  .  .  .  .  .  .  .\2
<   3\.  B  B  .  .  .  .  .  .  .  .\3
<    4\.  B  .  .  .  .  .  .  .  B  .\4
<     5\.  .  .  .  .  .  W  .  .  .  .\5
<      6\.  .  .  .  W  .  W  .  .  .  .\6
<       7\W  W  .  .  .  .  .  .  .  .  .\7
<        8\.  .  .  .  .  .  B  B  .  .  .\8
<         9\.  .  B  .  .  .  W  .  .  .  .\9
<         10\W  .  .  .  .  .  .  .  .  .  .\10
<          11\.  B  .  .  .  .  .  .  .  .  .\11
<              a  b  c  d  e  f  g  h  i  j  k  
<
>play w j5
<= 
<
>showboard
<= 
< 
<  a36b2bb28de43cd6
<  a  b  c  d  e  f  g  h  i  j  k  
< 1\.  B  .  .  .  .  .  .  .  .  .\1
<  2\W  .  .  .  .  .  .  .  .  .  .\2
<   3\.  B  B  .  .  .  .  .  .  .  .\3
<    4\.  B  .  .  .  .  .  .  .  B  .\4
<     5\.  .  .  .  .  .  W  .  .  W  .\5
<      6\.  .  .  .  W  .  W  .  .  .  .\6
<       7\W  W  .  .  .  .  .  .  .  .  .\7
<        8\.  .  .  .  .  .  B  B  .  .  .\8
<         9\.  .  B  .  .  .  W  .  .  .  .\9
<         10\W  .  .  .  .  .  .  .  .  .  .\10
<          11\.  B  .  .  .  .  .  .  .  .  .\11
<              a  b  c  d  e  f  g  h  i  j  k  
<
>genmove b
<= d6
<
>showboard
f48e7 info: PlayAndSolve: Building VCs to avoid race condition.
f48e7 info: PlayAndSolve: Continuing on as usual.
3fff6 info: *** PlayerThread ***
37fe6 info: *** SolverThread ***
3fff6 info: Opponent has won; playing most blocking move.
3fff6 info: *** Player move: d6
37fe6 info: 
MID calls      0
VC builds      1
Terminal       1
Work           1
Wasted Work    0 (0%)
Elapsed Time   0.00839
MIDs/sec       0
VCs/sec        119.19
Cnt prune sib  0
Avg prune sib  -
Consider Size  -
Move Index     -
Move Percent   -
Delta Increase -
Winner         white
PV             

HashTableStatistics:
Stores         681
LookupAttempt  62185
LookupSuccess  3885
Collisions     0

<= 
< 
<  67f21cab3bf138a6
<  a  b  c  d  e  f  g  h  i  j  k  
< 1\.  B  .  .  .  .  .  .  .  .  .\1
<  2\W  .  .  .  .  .  .  .  .  .  .\2
<   3\.  B  B  .  .  .  .  .  .  .  .\3
<    4\.  B  .  .  .  .  .  .  .  B  .\4
<     5\.  .  .  .  .  .  W  .  .  W  .\5
<      6\.  .  .  B  W  .  W  .  .  .  .\6
<       7\W  W  .  .  .  .  .  .  .  .  .\7
<        8\.  .  .  .  .  .  B  B  .  .  .\8
<         9\.  .  B  .  .  .  W  .  .  .  .\9
<         10\W  .  .  .  .  .  .  .  .  .  .\10
<          11\.  B  .  .  .  .  .  .  .  .  .\11
<              a  b  c  d  e  f  g  h  i  j  k  
<
>play w d7
<= 
<
>showboard
<= 
< 
<  aeaa01854de8b243
<  a  b  c  d  e  f  g  h  i  j  k  
< 1\.  B  .  .  .  .  .  .  .  .  .\1
<  2\W  .  .  .  .  .  .  .  .  .  .\2
<   3\.  B  B  .  .  .  .  .  .  .  .\3
<    4\.  B  .  .  .  .  .  .  .  B  .\4
<     5\.  .  .  .  .  .  W  .  .  W  .\5
<      6\.  .  .  B  W  .  W  .  .  .  .\6
<       7\W  W  .  W  .  .  .  .  .  .  .\7
<        8\.  .  .  .  .  .  B  B  .  .  .\8
<         9\.  .  B  .  .  .  W  .  .  .  .\9
<         10\W  .  .  .  .  .  .  .  .  .  .\10
<          11\.  B  .  .  .  .  .  .  .  .  .\11
<              a  b  c  d  e  f  g  h  i  j  k  
<
>genmove b
<= i5
<
>showboard
f48e7 info: PlayAndSolve: Building VCs to avoid race condition.
f48e7 info: PlayAndSolve: Continuing on as usual.
3fff6 info: *** SolverThread ***
37fe6 info: *** PlayerThread ***
3fff6 info: 
MID calls      0
VC builds      1
Terminal       1
Work           1
Wasted Work    0 (0%)
Elapsed Time   0.007334
MIDs/sec       0
VCs/sec        136.351
Cnt prune sib  0
Avg prune sib  -
Consider Size  -
Move Index     -
Move Percent   -
Delta Increase -
Winner         white
PV             

HashTableStatistics:
Stores         682
LookupAttempt  62191
LookupSuccess  3888
Collisions     0

37fe6 info: Opponent has won; playing most blocking move.
37fe6 info: *** Player move: i5
<= 
< 
<  de4fcec3d226b346
<  a  b  c  d  e  f  g  h  i  j  k  
< 1\.  B  .  .  .  .  .  .  .  .  .\1
<  2\W  .  .  .  .  .  .  .  .  .  .\2
<   3\.  B  B  .  .  .  .  .  .  .  .\3
<    4\.  B  .  .  .  .  .  .  .  B  .\4
<     5\.  .  .  .  .  .  W  .  B  W  .\5
<      6\.  .  .  B  W  .  W  .  .  .  .\6
<       7\W  W  .  W  .  .  .  .  .  .  .\7
<        8\.  .  .  .  .  .  B  B  .  .  .\8
<         9\.  .  B  .  .  .  W  .  .  .  .\9
<         10\W  .  .  .  .  .  .  .  .  .  .\10
<          11\.  B  .  .  .  .  .  .  .  .  .\11
<              a  b  c  d  e  f  g  h  i  j  k  
<
>play w h7
<= 
<
>showboard
<= 
< 
<  df821eb99051888e
<  a  b  c  d  e  f  g  h  i  j  k  
< 1\.  B  .  .  .  .  .  .  .  .  .\1
<  2\W  .  .  .  .  .  .  .  .  .  .\2
<   3\.  B  B  .  .  .  .  .  .  .  .\3
<    4\.  B  .  .  .  .  .  .  .  B  .\4
<     5\.  .  .  .  .  .  W  .  B  W  .\5
<      6\.  .  .  B  W  .  W  .  .  .  .\6
<       7\W  W  .  W  .  .  .  W  .  .  .\7
<        8\.  .  .  .  .  .  B  B  .  .  .\8
<         9\.  .  B  .  .  .  W  .  .  .  .\9
<         10\W  .  .  .  .  .  .  .  .  .  .\10
<          11\.  B  .  .  .  .  .  .  .  .  .\11
<              a  b  c  d  e  f  g  h  i  j  k  
<
>genmove b
<= f6
<
>showboard
f48e7 info: PlayAndSolve: Building VCs to avoid race condition.
f48e7 info: PlayAndSolve: Continuing on as usual.
3fff6 info: *** PlayerThread ***
37fe6 info: *** SolverThread ***
3fff6 info: Opponent has won; playing most blocking move.
3fff6 info: *** Player move: f6
37fe6 info: 
MID calls      0
VC builds      1
Terminal       1
Work           1
Wasted Work    0 (0%)
Elapsed Time   0.007977
MIDs/sec       0
VCs/sec        125.36
Cnt prune sib  0
Avg prune sib  -
Consider Size  -
Move Index     -
Move Percent   -
Delta Increase -
Winner         white
PV             

HashTableStatistics:
Stores         683
LookupAttempt  62197
LookupSuccess  3891
Collisions     0

<= 
< 
<  530cda9458915ca8
<  a  b  c  d  e  f  g  h  i  j  k  
< 1\.  B  .  .  .  .  .  .  .  .  .\1
<  2\W  .  .  .  .  .  .  .  .  .  .\2
<   3\.  B  B  .  .  .  .  .  .  .  .\3
<    4\.  B  .  .  .  .  .  .  .  B  .\4
<     5\.  .  .  .  .  .  W  .  B  W  .\5
<      6\.  .  .  B  W  B  W  .  .  .  .\6
<       7\W  W  .  W  .  .  .  W  .  .  .\7
<        8\.  .  .  .  .  .  B  B  .  .  .\8
<         9\.  .  B  .  .  .  W  .  .  .  .\9
<         10\W  .  .  .  .  .  .  .  .  .  .\10
<          11\.  B  .  .  .  .  .  .  .  .  .\11
<              a  b  c  d  e  f  g  h  i  j  k  
<
>play w f5
<= 
<
>showboard
<= 
< 
<  712ac6f4ff35e359
<  a  b  c  d  e  f  g  h  i  j  k  
< 1\.  B  .  .  .  .  .  .  .  .  .\1
<  2\W  .  .  .  .  .  .  .  .  .  .\2
<   3\.  B  B  .  .  .  .  .  .  .  .\3
<    4\.  B  .  .  .  .  .  .  .  B  .\4
<     5\.  .  .  .  .  W  W  .  B  W  .\5
<      6\.  .  .  B  W  B  W  .  .  .  .\6
<       7\W  W  .  W  .  .  .  W  .  .  .\7
<        8\.  .  .  .  .  .  B  B  .  .  .\8
<         9\.  .  B  .  .  .  W  .  .  .  .\9
<         10\W  .  .  .  .  .  .  .  .  .  .\10
<          11\.  B  .  .  .  .  .  .  .  .  .\11
<              a  b  c  d  e  f  g  h  i  j  k  
<
>genmove b
<= h6
<
>showboard
f48e7 info: PlayAndSolve: Building VCs to avoid race condition.
f48e7 info: PlayAndSolve: Continuing on as usual.
37fe6 info: *** PlayerThread ***
3fff6 info: *** SolverThread ***
37fe6 info: Opponent has won; playing most blocking move.
37fe6 info: *** Player move: h6
3fff6 info: 
MID calls      0
VC builds      1
Terminal       1
Work           1
Wasted Work    0 (0%)
Elapsed Time   0.009197
MIDs/sec       0
VCs/sec        108.731
Cnt prune sib  0
Avg prune sib  -
Consider Size  -
Move Index     -
Move Percent   -
Delta Increase -
Winner         white
PV             

HashTableStatistics:
Stores         684
LookupAttempt  62203
LookupSuccess  3894
Collisions     0

<= 
< 
<  d761d5c03adcc679
<  a  b  c  d  e  f  g  h  i  j  k  
< 1\.  B  .  .  .  .  .  .  .  .  .\1
<  2\W  .  .  .  .  .  .  .  .  .  .\2
<   3\.  B  B  .  .  .  .  .  .  .  .\3
<    4\.  B  .  .  .  .  .  .  .  B  .\4
<     5\.  .  .  .  .  W  W  .  B  W  .\5
<      6\.  .  .  B  W  B  W  B  .  .  .\6
<       7\W  W  .  W  .  .  .  W  .  .  .\7
<        8\.  .  .  .  .  .  B  B  .  .  .\8
<         9\.  .  B  .  .  .  W  .  .  .  .\9
<         10\W  .  .  .  .  .  .  .  .  .  .\10
<          11\.  B  .  .  .  .  .  .  .  .  .\11
<              a  b  c  d  e  f  g  h  i  j  k  
<
>play w g7
<= 
<
>showboard
<= 
< 
<  d1ca08c1cfd35041
<  a  b  c  d  e  f  g  h  i  j  k  
< 1\.  B  .  .  .  .  .  .  .  .  .\1
<  2\W  .  .  .  .  .  .  .  .  .  .\2
<   3\.  B  B  .  .  .  .  .  .  .  .\3
<    4\.  B  .  .  .  .  .  .  .  B  .\4
<     5\.  .  .  .  .  W  W  .  B  W  .\5
<      6\.  .  .  B  W  B  W  B  .  .  .\6
<       7\W  W  .  W  .  .  W  W  .  .  .\7
<        8\.  .  .  .  .  .  B  B  .  .  .\8
<         9\.  .  B  .  .  .  W  .  .  .  .\9
<         10\W  .  .  .  .  .  .  .  .  .  .\10
<          11\.  B  .  .  .  .  .  .  .  .  .\11
<              a  b  c  d  e  f  g  h  i  j  k  
<
>genmove b
<= i6
<
>showboard
f48e7 info: PlayAndSolve: Building VCs to avoid race condition.
f48e7 info: PlayAndSolve: Continuing on as usual.
3fff6 info: *** PlayerThread ***
37fe6 info: *** SolverThread ***
3fff6 info: Opponent has won; playing most blocking move.
3fff6 info: *** Player move: i6
37fe6 info: 
MID calls      0
VC builds      1
Terminal       1
Work           1
Wasted Work    0 (0%)
Elapsed Time   0.007599
MIDs/sec       0
VCs/sec        131.596
Cnt prune sib  0
Avg prune sib  -
Consider Size  -
Move Index     -
Move Percent   -
Delta Increase -
Winner         white
PV             

HashTableStatistics:
Stores         685
LookupAttempt  62209
LookupSuccess  3897
Collisions     0

<= 
< 
<  3fb94704d51ccc8e
<  a  b  c  d  e  f  g  h  i  j  k  
< 1\.  B  .  .  .  .  .  .  .  .  .\1
<  2\W  .  .  .  .  .  .  .  .  .  .\2
<   3\.  B  B  .  .  .  .  .  .  .  .\3
<    4\.  B  .  .  .  .  .  .  .  B  .\4
<     5\.  .  .  .  .  W  W  .  B  W  .\5
<      6\.  .  .  B  W  B  W  B  B  .  .\6
<       7\W  W  .  W  .  .  W  W  .  .  .\7
<        8\.  .  .  .  .  .  B  B  .  .  .\8
<         9\.  .  B  .  .  .  W  .  .  .  .\9
<         10\W  .  .  .  .  .  .  .  .  .  .\10
<          11\.  B  .  .  .  .  .  .  .  .  .\11
<              a  b  c  d  e  f  g  h  i  j  k  
<
>play w i7
<= 
<
>showboard
<= 
< 
<  3084035fb3a247b6
<  a  b  c  d  e  f  g  h  i  j  k  
< 1\.  B  .  .  .  .  .  .  .  .  .\1
<  2\W  .  .  .  .  .  .  .  .  .  .\2
<   3\.  B  B  .  .  .  .  .  .  .  .\3
<    4\.  B  .  .  .  .  .  .  .  B  .\4
<     5\.  .  .  .  .  W  W  .  B  W  .\5
<      6\.  .  .  B  W  B  W  B  B  .  .\6
<       7\W  W  .  W  .  .  W  W  W  .  .\7
<        8\.  .  .  .  .  .  B  B  .  .  .\8
<         9\.  .  B  .  .  .  W  .  .  .  .\9
<         10\W  .  .  .  .  .  .  .  .  .  .\10
<          11\.  B  .  .  .  .  .  .  .  .  .\11
<              a  b  c  d  e  f  g  h  i  j  k  
<
>genmove b
<= j7
<
>showboard
f48e7 info: PlayAndSolve: Building VCs to avoid race condition.
f48e7 info: PlayAndSolve: Continuing on as usual.
37fe6 info: *** PlayerThread ***
3fff6 info: *** SolverThread ***
37fe6 info: Opponent has won; playing most blocking move.
37fe6 info: *** Player move: j7
3fff6 info: 
MID calls      0
VC builds      1
Terminal       1
Work           1
Wasted Work    0 (0%)
Elapsed Time   0.008033
MIDs/sec       0
VCs/sec        124.486
Cnt prune sib  0
Avg prune sib  -
Consider Size  -
Move Index     -
Move Percent   -
Delta Increase -
Winner         white
PV             

HashTableStatistics:
Stores         686
LookupAttempt  62215
LookupSuccess  3900
Collisions     0

<= 
< 
<  c84d300b8be889ab
<  a  b  c  d  e  f  g  h  i  j  k  
< 1\.  B  .  .  .  .  .  .  .  .  .\1
<  2\W  .  .  .  .  .  .  .  .  .  .\2
<   3\.  B  B  .  .  .  .  .  .  .  .\3
<    4\.  B  .  .  .  .  .  .  .  B  .\4
<     5\.  .  .  .  .  W  W  .  B  W  .\5
<      6\.  .  .  B  W  B  W  B  B  .  .\6
<       7\W  W  .  W  .  .  W  W  W  B  .\7
<        8\.  .  .  .  .  .  B  B  .  .  .\8
<         9\.  .  B  .  .  .  W  .  .  .  .\9
<         10\W  .  .  .  .  .  .  .  .  .  .\10
<          11\.  B  .  .  .  .  .  .  .  .  .\11
<              a  b  c  d  e  f  g  h  i  j  k  
<
>play w j6
<= 
<
>showboard
<= 
< 
<  bb97d1d715394931
<  a  b  c  d  e  f  g  h  i  j  k  
< 1\.  B  .  .  .  .  .  .  .  .  .\1
<  2\W  .  .  .  .  .  .  .  .  .  .\2
<   3\.  B  B  .  .  .  .  .  .  .  .\3
<    4\.  B  .  .  .  .  .  .  .  B  .\4
<     5\.  .  .  .  .  W  W  .  B  W  .\5
<      6\.  .  .  B  W  B  W  B  B  W  .\6
<       7\W  W  .  W  .  .  W  W  W  B  .\7
<        8\.  .  .  .  .  .  B  B  .  .  .\8
<         9\.  .  B  .  .  .  W  .  .  .  .\9
<         10\W  .  .  .  .  .  .  .  .  .  .\10
<          11\.  B  .  .  .  .  .  .  .  .  .\11
<              a  b  c  d  e  f  g  h  i  j  k  
<
>genmove b
<= c7
<
>showboard
f48e7 info: PlayAndSolve: Building VCs to avoid race condition.
f48e7 info: PlayAndSolve: Continuing on as usual.
3fff6 info: *** PlayerThread ***
37fe6 info: *** SolverThread ***
3fff6 info: Captured cells caused win! Removing...
37fe6 info: 
MID calls      0
VC builds      1
Terminal       1
Work           1
Wasted Work    0 (0%)
Elapsed Time   0.002947
MIDs/sec       0
VCs/sec        339.328
Cnt prune sib  0
Avg prune sib  -
Consider Size  -
Move Index     -
Move Percent   -
Delta Increase -
Winner         white
PV             

HashTableStatistics:
Stores         687
LookupAttempt  62221
LookupSuccess  3903
Collisions     0

3fff6 info: Opponent has won; playing most blocking move.
3fff6 info: *** Player move: c7
<= 
< 
<  5ef4cae4b5e48d86
<  a  b  c  d  e  f  g  h  i  j  k  
< 1\.  B  .  .  .  .  .  .  .  .  .\1
<  2\W  .  .  .  .  .  .  .  .  .  .\2
<   3\.  B  B  .  .  .  .  .  .  .  .\3
<    4\.  B  .  .  .  .  .  .  .  B  .\4
<     5\.  .  .  .  .  W  W  .  B  W  .\5
<      6\.  .  .  B  W  B  W  B  B  W  .\6
<       7\W  W  B  W  .  .  W  W  W  B  .\7
<        8\.  .  .  .  .  .  B  B  .  .  .\8
<         9\.  .  B  .  .  .  W  .  .  .  .\9
<         10\W  .  .  .  .  .  .  .  .  .  .\10
<          11\.  B  .  .  .  .  .  .  .  .  .\11
<              a  b  c  d  e  f  g  h  i  j  k  
<
>play w c8
<= 
<
>showboard
<= 
< 
<  0f510d0e01c8ebd0
<  a  b  c  d  e  f  g  h  i  j  k  
< 1\.  B  .  .  .  .  .  .  .  .  .\1
<  2\W  .  .  .  .  .  .  .  .  .  .\2
<   3\.  B  B  .  .  .  .  .  .  .  .\3
<    4\.  B  .  .  .  .  .  .  .  B  .\4
<     5\.  .  .  .  .  W  W  .  B  W  .\5
<      6\.  .  .  B  W  B  W  B  B  W  .\6
<       7\W  W  B  W  .  .  W  W  W  B  .\7
<        8\.  .  W  .  .  .  B  B  .  .  .\8
<         9\.  .  B  .  .  .  W  .  .  .  .\9
<         10\W  .  .  .  .  .  .  .  .  .  .\10
<          11\.  B  .  .  .  .  .  .  .  .  .\11
<              a  b  c  d  e  f  g  h  i  j  k  
<
>genmove b
<= b8
<
>showboard
f48e7 info: PlayAndSolve: Building VCs to avoid race condition.
f48e7 info: PlayAndSolve: Continuing on as usual.
37fe6 info: *** PlayerThread ***
3fff6 info: *** SolverThread ***
37fe6 info: Captured cells caused win! Removing...
3fff6 info: 
MID calls      0
VC builds      1
Terminal       1
Work           1
Wasted Work    0 (0%)
Elapsed Time   0.002575
MIDs/sec       0
VCs/sec        388.35
Cnt prune sib  0
Avg prune sib  -
Consider Size  -
Move Index     -
Move Percent   -
Delta Increase -
Winner         white
PV             

HashTableStatistics:
Stores         688
LookupAttempt  62227
LookupSuccess  3906
Collisions     0

37fe6 info: Opponent has won; playing most blocking move.
37fe6 info: *** Player move: b8
<= 
< 
<  5791f3e448c9807c
<  a  b  c  d  e  f  g  h  i  j  k  
< 1\.  B  .  .  .  .  .  .  .  .  .\1
<  2\W  .  .  .  .  .  .  .  .  .  .\2
<   3\.  B  B  .  .  .  .  .  .  .  .\3
<    4\.  B  .  .  .  .  .  .  .  B  .\4
<     5\.  .  .  .  .  W  W  .  B  W  .\5
<      6\.  .  .  B  W  B  W  B  B  W  .\6
<       7\W  W  B  W  .  .  W  W  W  B  .\7
<        8\.  B  W  .  .  .  B  B  .  .  .\8
<         9\.  .  B  .  .  .  W  .  .  .  .\9
<         10\W  .  .  .  .  .  .  .  .  .  .\10
<          11\.  B  .  .  .  .  .  .  .  .  .\11
<              a  b  c  d  e  f  g  h  i  j  k  
<
>play w b9
<= 
<
>showboard
<= 
< 
<  71fd29a83db76cc4
<  a  b  c  d  e  f  g  h  i  j  k  
< 1\.  B  .  .  .  .  .  .  .  .  .\1
<  2\W  .  .  .  .  .  .  .  .  .  .\2
<   3\.  B  B  .  .  .  .  .  .  .  .\3
<    4\.  B  .  .  .  .  .  .  .  B  .\4
<     5\.  .  .  .  .  W  W  .  B  W  .\5
<      6\.  .  .  B  W  B  W  B  B  W  .\6
<       7\W  W  B  W  .  .  W  W  W  B  .\7
<        8\.  B  W  .  .  .  B  B  .  .  .\8
<         9\.  W  B  .  .  .  W  .  .  .  .\9
<         10\W  .  .  .  .  .  .  .  .  .  .\10
<          11\.  B  .  .  .  .  .  .  .  .  .\11
<              a  b  c  d  e  f  g  h  i  j  k  
<
>genmove b
<= k6
<
>showboard
f48e7 info: PlayAndSolve: Building VCs to avoid race condition.
f48e7 info: PlayAndSolve: Continuing on as usual.
3fff6 info: *** PlayerThread ***
37fe6 info: *** SolverThread ***
3fff6 info: Captured cells caused win! Removing...
37fe6 info: 
MID calls      0
VC builds      1
Terminal       1
Work           1
Wasted Work    0 (0%)
Elapsed Time   0.002645
MIDs/sec       0
VCs/sec        378.072
Cnt prune sib  0
Avg prune sib  -
Consider Size  -
Move Index     -
Move Percent   -
Delta Increase -
Winner         white
PV             

HashTableStatistics:
Stores         689
LookupAttempt  62233
LookupSuccess  3909
Collisions     0

3fff6 info: Opponent has won; playing most blocking move.
3fff6 info: *** Player move: k6
<= 
< 
<  3721e068bc307571
<  a  b  c  d  e  f  g  h  i  j  k  
< 1\.  B  .  .  .  .  .  .  .  .  .\1
<  2\W  .  .  .  .  .  .  .  .  .  .\2
<   3\.  B  B  .  .  .  .  .  .  .  .\3
<    4\.  B  .  .  .  .  .  .  .  B  .\4
<     5\.  .  .  .  .  W  W  .  B  W  .\5
<      6\.  .  .  B  W  B  W  B  B  W  B\6
<       7\W  W  B  W  .  .  W  W  W  B  .\7
<        8\.  B  W  .  .  .  B  B  .  .  .\8
<         9\.  W  B  .  .  .  W  .  .  .  .\9
<         10\W  .  .  .  .  .  .  .  .  .  .\10
<          11\.  B  .  .  .  .  .  .  .  .  .\11
<              a  b  c  d  e  f  g  h  i  j  k  
<
>play w k4
<= 
<
>showboard
<= 
< 
<  6fd1fefc005d48bd
<  a  b  c  d  e  f  g  h  i  j  k  
< 1\.  B  .  .  .  .  .  .  .  .  .\1
<  2\W  .  .  .  .  .  .  .  .  .  .\2
<   3\.  B  B  .  .  .  .  .  .  .  .\3
<    4\.  B  .  .  .  .  .  .  .  B  W\4
<     5\.  .  .  .  .  W  W  .  B  W  .\5
<      6\.  .  .  B  W  B  W  B  B  W  B\6
<       7\W  W  B  W  .  .  W  W  W  B  .\7
<        8\.  B  W  .  .  .  B  B  .  .  .\8
<         9\.  W  B  .  .  .  W  .  .  .  .\9
<         10\W  .  .  .  .  .  .  .  .  .  .\10
<          11\.  B  .  .  .  .  .  .  .  .  .\11
<              a  b  c  d  e  f  g  h  i  j  k  
<
>genmove b
<= resign
<
>showboard
<= 
< 
<  6fd1fefc005d48bd
<  a  b  c  d  e  f  g  h  i  j  k  
< 1\.  B  .  .  .  .  .  .  .  .  .\1
<  2\W  .  .  .  .  .  .  .  .  .  .\2
<   3\.  B  B  .  .  .  .  .  .  .  .\3
<    4\.  B  .  .  .  .  .  .  .  B  W\4
<     5\.  .  .  .  .  W  W  .  B  W  .\5
<      6\.  .  .  B  W  B  W  B  B  W  B\6
<       7\W  W  B  W  .  .  W  W  W  B  .\7
<        8\.  B  W  .  .  .  B  B  .  .  .\8
<         9\.  W  B  .  .  .  W  .  .  .  .\9
<         10\W  .  .  .  .  .  .  .  .  .  .\10
<          11\.  B  .  .  .  .  .  .  .  .  .\11
<              a  b  c  d  e  f  g  h  i  j  k  
<
>final_score
<= W+
<
>quit
<= 
<
