e3697 config: MoHex v2.0.CMake Mar 21 2025.
e3697 config: ============ InitializeSystem ============
e3697 config: BenzeneProgram::InitRandom()
e3697 config: Seed = 718003
e3697 info: Prior Patterns:
e3697 info: Global:
e3697 info: Size            = 565 32648 
e3697 info: TableEntries    = 65932 65910
e3697 info: MirrorsAdded    = 0 0
e3697 info: PrunableCount   = 30593 30629
e3697 info: LargestGamma    = 5820.77
e3697 info: SmallestGamma   = 6.6e-05
e3697 info: Local:
e3697 info: Size            = 550 5318 
e3697 info: TableEntries    = 11602 11588
e3697 info: MirrorsAdded    = 0 0
e3697 info: PrunableCount   = 3659 3667
e3697 info: LargestGamma    = 11281.8
e3697 info: SmallestGamma   = 0.026235
e3697 info: Playout Patterns:
e3697 info: Global:
e3697 info: Size            = 565 32648 
e3697 info: TableEntries    = 70329 70329
e3697 info: MirrorsAdded    = 4397 4419
e3697 info: PrunableCount   = 30593 30629
e3697 info: LargestGamma    = 5820.77
e3697 info: SmallestGamma   = 6.6e-05
e3697 info: Local:
e3697 info: Size            = 550 5318 
e3697 info: TableEntries    = 11602 11588
e3697 info: MirrorsAdded    = 0 0
e3697 info: PrunableCount   = 3659 3667
e3697 info: LargestGamma    = 11281.8
e3697 info: SmallestGamma   = 0.026235
e3697 config: IcePatternSet: reading from '/home/linus/MoHex2.0/nfbranchfix/benzene-vanilla-cmake/share/ice-patterns.txt'.
e3697 config: IcePatternSet: parsed 708 patterns.
e3697 config: VCS: reading captured set patterns from '/home/linus/MoHex2.0/nfbranchfix/benzene-vanilla-cmake/share/vc-captured-set.txt'.
e3697 config: VCS:: parsed 2 patterns.
e3697 config: VCS: reading captured set patterns from '/home/linus/MoHex2.0/nfbranchfix/benzene-vanilla-cmake/share/vc-captured-set.txt'.
e3697 config: VCS:: parsed 2 patterns.
e3697 config: IcePatternSet: reading from '/home/linus/MoHex2.0/nfbranchfix/benzene-vanilla-cmake/share/ice-patterns.txt'.
e3697 config: IcePatternSet: parsed 708 patterns.
e3697 config: VCS: reading captured set patterns from '/home/linus/MoHex2.0/nfbranchfix/benzene-vanilla-cmake/share/vc-captured-set.txt'.
e3697 config: VCS:: parsed 2 patterns.
e3697 config: VCS: reading captured set patterns from '/home/linus/MoHex2.0/nfbranchfix/benzene-vanilla-cmake/share/vc-captured-set.txt'.
e3697 config: VCS:: parsed 2 patterns.
e3697 config: VCS: reading captured set patterns from '/home/linus/MoHex2.0/nfbranchfix/benzene-vanilla-cmake/share/vc-captured-set.txt'.
e3697 config: VCS:: parsed 2 patterns.
e3697 config: VCS: reading captured set patterns from '/home/linus/MoHex2.0/nfbranchfix/benzene-vanilla-cmake/share/vc-captured-set.txt'.
e3697 config: VCS:: parsed 2 patterns.
e3697 config: VCS: reading captured set patterns from '/home/linus/MoHex2.0/nfbranchfix/benzene-vanilla-cmake/share/vc-captured-set.txt'.
e3697 config: VCS:: parsed 2 patterns.
e3697 config: VCS: reading captured set patterns from '/home/linus/MoHex2.0/nfbranchfix/benzene-vanilla-cmake/share/vc-captured-set.txt'.
e3697 config: VCS:: parsed 2 patterns.
e3697 info: SwapCheck: reading from '/home/linus/MoHex2.0/nfbranchfix/benzene-vanilla-cmake/share/swap-moves.txt'.
e3697 info: SwapCheck: opting not to swap.
e3697 info: PlayAndSolve: Building VCs to avoid race condition.
e3697 config: VCPattern: loading pattern templates from '/home/linus/MoHex2.0/nfbranchfix/benzene-vanilla-cmake/share/vc-patterns.txt'.
e3697 info: PlayAndSolve: Continuing on as usual.
70936 info: *** PlayerThread ***
68926 info: *** SolverThread ***
60916 config: VCS: reading captured set patterns from '/home/linus/MoHex2.0/nfbranchfix/benzene-vanilla-cmake/share/vc-captured-set.txt'.
60916 config: VCS:: parsed 2 patterns.
60916 config: VCS: reading captured set patterns from '/home/linus/MoHex2.0/nfbranchfix/benzene-vanilla-cmake/share/vc-captured-set.txt'.
60916 config: VCS:: parsed 2 patterns.
60916 dfpn: 
70936 info: Best move cannot be determined, must search state.
70936 info: --- MoHexPlayer::Search() ---
70936 info: Color: white
70936 info: MaxGames: 1
70936 info: NumberThreads: 1
70936 info: MaxNodes: 181818181 (15999999928 bytes)
70936 info: TimeForMove: 1
60916 dfpn: h4
60916 dfpn: d8
60916 dfpn: g5
60916 dfpn: e7
60916 dfpn: i3
60916 dfpn: j2
60916 dfpn: f6
60916 dfpn: b10
60916 dfpn: c9
60916 dfpn: g6
60916 dfpn: e8
60916 dfpn: e6
60916 dfpn: f5
60916 dfpn: f7
60916 dfpn: h5
60916 dfpn: g4
60916 dfpn: d7
60916 dfpn: g7
60916 dfpn: e5
60916 dfpn: f8
60916 dfpn: c8
60916 dfpn: i4
60916 dfpn: h6
70936 info: PreSearch: max time reached (47/94).
70936 info: Time for PreSearch: 0.202728s
70936 info: 
  f259d8ebdc456140
  a  b  c  d  e  f  g  h  i  j  k  
 1\b  B  .  *  *  *  *  *  *  *  .\1
  2\.  *  *  *  *  *  *  *  *  *  .\2
   3\.  *  *  *  *  *  *  *  *  *  .\3
    4\.  *  *  *  *  *  *  *  *  *  .\4
     5\.  *  *  *  *  *  *  *  *  *  .\5
      6\.  *  *  *  *  *  *  *  *  *  .\6
       7\.  *  *  *  *  *  *  *  *  *  .\7
        8\.  *  *  *  *  *  *  *  *  *  .\8
         9\.  *  *  *  *  *  *  *  *  *  .\9
         10\.  *  *  *  *  *  *  *  *  .  .\10
          11\.  *  *  *  *  *  *  *  .  .  .\11
              a  b  c  d  e  f  g  h  i  j  k  
60916 dfpn: f4
60916 dfpn: d9
60916 dfpn: j2
70936 info: No subtree to reuse.
70936 info: Creating thread 0
70936 info: StartSearch()[0]
70936 config: VCS: reading captured set patterns from '/home/linus/MoHex2.0/nfbranchfix/benzene-vanilla-cmake/share/vc-captured-set.txt'.
70936 config: VCS:: parsed 2 patterns.
70936 config: VCS: reading captured set patterns from '/home/linus/MoHex2.0/nfbranchfix/benzene-vanilla-cmake/share/vc-captured-set.txt'.
70936 config: VCS:: parsed 2 patterns.
70936 info: 
Elapsed Time   0.422369s
Count          1
GamesPlayed    1
Nodes          1
Knowledge      0 (0.0%)
Expansions     0.0
Time           0.00
GameLen        119.0 dev=0.0 min=119.0 max=119.0
InTree         0.0 dev=0.0 min=0.0 max=0.0
KnowDepth      -
Aborted        0%
Games/s        307.1
Score          0.00
Sequence      
70936 info: 
70936 warning: **** MoHexSearch returned empty sequence!
70936 warning: **** Returning random move!
70936 info: *** Player move: e3
60916 info: DfpnSolver::CheckAbort(): Abort flag!
68926 info: 
MID calls      49
VC builds      48
Terminal       0
Work           49
Wasted Work    0 (0%)
Elapsed Time   0.435129
MIDs/sec       112.61
VCs/sec        110.312
Cnt prune sib  0
Avg prune sib  -
Consider Size  91.5625 dev=2.48256 min=86 max=94
Move Index     -
Move Percent   -
Delta Increase 2.85417 dev=12.7115 min=1 max=90
Winner         empty
PV             j2 c8 b10

HashTableStatistics:
Stores         123
LookupAttempt  13742
LookupSuccess  780
Collisions     0

68926 info: Search aborted.
e3697 info: PlayAndSolve: Building VCs to avoid race condition.
e3697 info: PlayAndSolve: Continuing on as usual.
68926 info: *** PlayerThread ***
70936 info: *** SolverThread ***
60916 config: VCS: reading captured set patterns from '/home/linus/MoHex2.0/nfbranchfix/benzene-vanilla-cmake/share/vc-captured-set.txt'.
60916 config: VCS:: parsed 2 patterns.
60916 config: VCS: reading captured set patterns from '/home/linus/MoHex2.0/nfbranchfix/benzene-vanilla-cmake/share/vc-captured-set.txt'.
60916 config: VCS:: parsed 2 patterns.
60916 dfpn: 
68926 info: Best move cannot be determined, must search state.
68926 info: --- MoHexPlayer::Search() ---
68926 info: Color: white
68926 info: MaxGames: 1
68926 info: NumberThreads: 1
68926 info: MaxNodes: 181818181 (15999999928 bytes)
68926 info: TimeForMove: 1
60916 dfpn: e5
60916 dfpn: f5
60916 dfpn: g5
60916 dfpn: d8
60916 dfpn: f6
60916 dfpn: h4
60916 dfpn: e7
60916 dfpn: e6
60916 dfpn: g6
60916 dfpn: f7
60916 dfpn: e8
60916 dfpn: h5
60916 dfpn: f4
60916 dfpn: d7
60916 dfpn: g4
60916 dfpn: c9
60916 dfpn: g7
60916 dfpn: b10
60916 dfpn: i3
60916 dfpn: f8
60916 dfpn: h6
60916 dfpn: i4
60916 dfpn: d9
60916 dfpn: c8
68926 info: PreSearch: max time reached (42/92).
68926 info: Time for PreSearch: 0.205002s
60916 dfpn: b10
68926 info: 
  96a3e4ca1037b2b1
  a  b  c  d  e  f  g  h  i  j  k  
 1\b  B  .  *  *  *  *  *  *  *  .\1
  2\.  *  *  *  *  *  *  *  *  *  .\2
   3\.  *  *  *  W  B  *  *  *  *  .\3
    4\.  *  *  *  *  *  *  *  *  *  .\4
     5\.  *  *  *  *  *  *  *  *  *  .\5
      6\.  *  *  *  *  *  *  *  *  *  .\6
       7\.  *  *  *  *  *  *  *  *  *  .\7
        8\.  *  *  *  *  *  *  *  *  *  .\8
         9\.  *  *  *  *  *  *  *  *  *  .\9
         10\.  *  *  *  *  *  *  *  *  .  .\10
          11\.  *  *  *  *  *  *  *  .  .  .\11
              a  b  c  d  e  f  g  h  i  j  k  
68926 info: Old: [black, b1] 
68926 info: New: [black, b1] [white, e3] [black, f3] 
68926 info: MovesPlayed: [white, e3] [black, f3] 
68926 info: No subtree to reuse.
68926 info: StartSearch()[0]
68926 info: 
Elapsed Time   0.370544s
Count          1
GamesPlayed    1
Nodes          1
Knowledge      0 (0.0%)
Expansions     0.0
Time           0.00
GameLen        117.0 dev=0.0 min=117.0 max=117.0
InTree         0.0 dev=0.0 min=0.0 max=0.0
KnowDepth      -
Aborted        0%
Games/s        3174.6
Score          1.00
Sequence      
68926 info: 
68926 warning: **** MoHexSearch returned empty sequence!
68926 warning: **** Returning random move!
68926 info: *** Player move: b11
60916 info: DfpnSolver::CheckAbort(): Abort flag!
70936 info: 
MID calls      42
VC builds      41
Terminal       0
Work           42
Wasted Work    0 (0%)
Elapsed Time   0.39018
MIDs/sec       107.643
VCs/sec        105.08
Cnt prune sib  0
Avg prune sib  -
Consider Size  88.8537 dev=1.60109 min=84 max=92
Move Index     -
Move Percent   -
Delta Increase 3.12195 dev=13.1078 min=1 max=86
Winner         empty
PV             b10 e6 d8

HashTableStatistics:
Stores         231
LookupAttempt  26187
LookupSuccess  1500
Collisions     0

70936 info: Search aborted.
e3697 info: PlayAndSolve: Building VCs to avoid race condition.
e3697 info: PlayAndSolve: Continuing on as usual.
70936 info: *** PlayerThread ***
68926 info: *** SolverThread ***
60916 config: VCS: reading captured set patterns from '/home/linus/MoHex2.0/nfbranchfix/benzene-vanilla-cmake/share/vc-captured-set.txt'.
60916 config: VCS:: parsed 2 patterns.
60916 config: VCS: reading captured set patterns from '/home/linus/MoHex2.0/nfbranchfix/benzene-vanilla-cmake/share/vc-captured-set.txt'.
60916 config: VCS:: parsed 2 patterns.
60916 dfpn: 
70936 info: Best move cannot be determined, must search state.
70936 info: --- MoHexPlayer::Search() ---
70936 info: Color: white
70936 info: MaxGames: 1
70936 info: NumberThreads: 1
70936 info: MaxNodes: 181818181 (15999999928 bytes)
70936 info: TimeForMove: 1
60916 dfpn: h4
60916 dfpn: g5
60916 dfpn: d10
60916 dfpn: e5
60916 dfpn: f5
60916 dfpn: g6
60916 dfpn: h5
60916 dfpn: f6
60916 dfpn: g7
60916 dfpn: h6
60916 dfpn: f8
60916 dfpn: f7
60916 dfpn: i3
60916 dfpn: e8
60916 dfpn: i4
60916 dfpn: g4
60916 dfpn: h7
60916 dfpn: e6
60916 dfpn: e9
60916 dfpn: e7
60916 dfpn: f4
60916 dfpn: g8
60916 dfpn: j4
70936 info: PreSearch: max time reached (45/89).
70936 info: Time for PreSearch: 0.201424s
60916 dfpn: i5
60916 dfpn: j4
70936 info: 
  dc4270c14c4a69cb
  a  b  c  d  e  f  g  h  i  j  k  
 1\b  B  .  *  *  *  *  *  *  *  .\1
  2\.  *  *  *  *  *  *  *  *  *  .\2
   3\.  *  *  *  W  B  *  *  *  *  .\3
    4\.  *  *  *  *  *  *  *  *  *  .\4
     5\.  *  *  *  *  *  *  *  *  *  .\5
      6\.  *  *  *  *  *  *  *  *  *  .\6
       7\.  *  *  *  *  *  *  *  *  *  .\7
        8\.  *  *  *  *  *  *  *  *  .  .\8
         9\.  *  *  *  *  *  *  *  B  *  .\9
         10\.  *  *  *  *  *  *  *  *  .  .\10
          11\.  W  *  *  *  *  *  *  .  .  .\11
              a  b  c  d  e  f  g  h  i  j  k  
70936 info: Old: [black, b1] [white, e3] [black, f3] 
70936 info: New: [black, b1] [white, e3] [black, f3] [white, b11] [black, i9] 
70936 info: MovesPlayed: [white, b11] [black, i9] 
70936 info: No subtree to reuse.
70936 info: StartSearch()[0]
70936 info: 
Elapsed Time   0.355657s
Count          1
GamesPlayed    1
Nodes          1
Knowledge      0 (0.0%)
Expansions     0.0
Time           0.00
GameLen        115.0 dev=0.0 min=115.0 max=115.0
InTree         0.0 dev=0.0 min=0.0 max=0.0
KnowDepth      -
Aborted        0%
Games/s        3355.7
Score          1.00
Sequence      
70936 info: 
70936 warning: **** MoHexSearch returned empty sequence!
70936 warning: **** Returning random move!
70936 info: *** Player move: k4
60916 info: DfpnSolver::CheckAbort(): Abort flag!
68926 info: 
MID calls      42
VC builds      41
Terminal       0
Work           42
Wasted Work    0 (0%)
Elapsed Time   0.368314
MIDs/sec       114.033
VCs/sec        111.318
Cnt prune sib  0
Avg prune sib  -
Consider Size  87 dev=2.44979 min=80 max=89
Move Index     -
Move Percent   -
Delta Increase 3.12195 dev=12.506 min=1 max=82
Winner         empty
PV             j4 e7 f5

HashTableStatistics:
Stores         339
LookupAttempt  38252
LookupSuccess  2220
Collisions     0

68926 info: Search aborted.
e3697 info: PlayAndSolve: Building VCs to avoid race condition.
e3697 info: PlayAndSolve: Continuing on as usual.
68926 info: *** PlayerThread ***
70936 info: *** SolverThread ***
60916 config: VCS: reading captured set patterns from '/home/linus/MoHex2.0/nfbranchfix/benzene-vanilla-cmake/share/vc-captured-set.txt'.
60916 config: VCS:: parsed 2 patterns.
60916 config: VCS: reading captured set patterns from '/home/linus/MoHex2.0/nfbranchfix/benzene-vanilla-cmake/share/vc-captured-set.txt'.
60916 config: VCS:: parsed 2 patterns.
60916 dfpn: 
68926 info: Best move cannot be determined, must search state.
68926 info: --- MoHexPlayer::Search() ---
68926 info: Color: white
68926 info: MaxGames: 1
68926 info: NumberThreads: 1
68926 info: MaxNodes: 181818181 (15999999928 bytes)
68926 info: TimeForMove: 1
60916 dfpn: e5
60916 dfpn: d10
60916 dfpn: h4
60916 dfpn: g5
60916 dfpn: h5
60916 dfpn: f5
60916 dfpn: h6
60916 dfpn: g6
60916 dfpn: f6
60916 dfpn: g7
60916 dfpn: f4
60916 dfpn: g4
60916 dfpn: f8
60916 dfpn: i4
60916 dfpn: f7
60916 dfpn: e9
60916 dfpn: i3
60916 dfpn: i5
60916 dfpn: h7
60916 dfpn: e8
60916 dfpn: e6
60916 dfpn: b9
60916 dfpn: g8
60916 dfpn: b9
68926 info: PreSearch: max time reached (50/88).
68926 info: Time for PreSearch: 0.20231s
68926 info: 
  dc7290bfb9263fab
  a  b  c  d  e  f  g  h  i  j  k  
 1\b  B  .  *  *  *  *  *  *  *  .\1
  2\.  *  *  *  *  *  *  *  *  *  .\2
   3\.  *  *  *  W  B  *  *  *  *  .\3
    4\.  *  *  *  *  *  *  *  *  *  W\4
     5\.  *  *  *  *  *  *  *  *  *  .\5
      6\.  *  *  *  *  *  *  *  *  *  .\6
       7\.  *  *  *  *  *  *  *  *  *  .\7
        8\.  B  *  *  *  *  *  *  *  .  .\8
         9\.  *  *  *  *  *  *  *  B  *  .\9
         10\.  .  *  *  *  *  *  *  *  .  .\10
          11\.  W  *  *  *  *  *  *  .  .  .\11
              a  b  c  d  e  f  g  h  i  j  k  
68926 info: Old: [black, b1] [white, e3] [black, f3] [white, b11] [black, i9] 
68926 info: New: [black, b1] [white, e3] [black, f3] [white, b11] [black, i9] [white, k4] [black, b8] 
68926 info: MovesPlayed: [white, k4] [black, b8] 
68926 info: No subtree to reuse.
60916 dfpn: i4
68926 info: StartSearch()[0]
68926 info: 
Elapsed Time   0.584171s
Count          1
GamesPlayed    1
Nodes          1
Knowledge      0 (0.0%)
Expansions     0.0
Time           0.00
GameLen        113.0 dev=0.0 min=113.0 max=113.0
InTree         0.0 dev=0.0 min=0.0 max=0.0
KnowDepth      -
Aborted        0%
Games/s        3413.0
Score          1.00
Sequence      
68926 info: 
68926 warning: **** MoHexSearch returned empty sequence!
68926 warning: **** Returning random move!
68926 info: *** Player move: d3
60916 info: DfpnSolver::CheckAbort(): Abort flag!
70936 info: 
MID calls      75
VC builds      72
Terminal       0
Work           75
Wasted Work    0 (0%)
Elapsed Time   0.594839
MIDs/sec       126.085
VCs/sec        121.041
Cnt prune sib  1
Avg prune sib  1 dev=0 min=1 max=1
Consider Size  80.4861 dev=3.45634 min=74 max=88
Move Index     -
Move Percent   -
Delta Increase 3.17568 dev=12.642 min=1 max=80
Winner         empty
PV             i4 g4 f6

HashTableStatistics:
Stores         513
LookupAttempt  52657
LookupSuccess  2973
Collisions     0

70936 info: Search aborted.
e3697 info: PlayAndSolve: Building VCs to avoid race condition.
e3697 info: PlayAndSolve: Continuing on as usual.
70936 info: *** PlayerThread ***
68926 info: *** SolverThread ***
60916 config: VCS: reading captured set patterns from '/home/linus/MoHex2.0/nfbranchfix/benzene-vanilla-cmake/share/vc-captured-set.txt'.
60916 config: VCS:: parsed 2 patterns.
60916 config: VCS: reading captured set patterns from '/home/linus/MoHex2.0/nfbranchfix/benzene-vanilla-cmake/share/vc-captured-set.txt'.
60916 config: VCS:: parsed 2 patterns.
60916 dfpn: 
60916 dfpn: i5
70936 info: Best move cannot be determined, must search state.
70936 info: --- MoHexPlayer::Search() ---
70936 info: Color: white
70936 info: MaxGames: 1
70936 info: NumberThreads: 1
70936 info: MaxNodes: 181818181 (15999999928 bytes)
70936 info: TimeForMove: 1
60916 dfpn: e5
60916 dfpn: h4
60916 dfpn: i4
60916 dfpn: i3
60916 dfpn: j4
60916 dfpn: f5
60916 dfpn: g5
60916 dfpn: h5
60916 dfpn: f4
60916 dfpn: j2
60916 dfpn: g4
60916 dfpn: e4
60916 dfpn: j5
60916 dfpn: g6
60916 dfpn: f6
60916 dfpn: d10
60916 dfpn: f2
60916 dfpn: j3
60916 dfpn: e6
60916 dfpn: h6
60916 dfpn: g2
60916 dfpn: j3
70936 info: PreSearch: max time reached (59/83).
70936 info: Time for PreSearch: 0.203748s
70936 info: 
  6f520ca099bd1460
  a  b  c  d  e  f  g  h  i  j  k  
 1\b  B  .  *  .  .  *  *  *  *  .\1
  2\.  *  *  *  .  *  *  *  *  *  .\2
   3\.  *  *  W  W  B  *  *  *  *  .\3
    4\.  *  *  *  *  *  *  *  *  *  W\4
     5\.  *  *  *  *  *  *  *  *  *  b\5
      6\.  *  *  *  *  *  *  *  *  B  .\6
       7\.  *  *  *  *  *  *  *  *  *  .\7
        8\.  B  *  *  *  *  *  *  *  .  .\8
         9\.  *  *  *  *  *  *  *  B  *  .\9
         10\.  .  *  *  *  *  *  *  *  .  .\10
          11\.  W  *  *  *  *  *  *  .  .  .\11
              a  b  c  d  e  f  g  h  i  j  k  
70936 info: Old: [black, b1] [white, e3] [black, f3] [white, b11] [black, i9] [white, k4] [black, b8] 
70936 info: New: [black, b1] [white, e3] [black, f3] [white, b11] [black, i9] [white, k4] [black, b8] [white, d3] [black, j6] 
70936 info: MovesPlayed: [white, d3] [black, j6] 
70936 info: No subtree to reuse.
70936 info: StartSearch()[0]
70936 info: 
Elapsed Time   0.36619s
Count          1
GamesPlayed    1
Nodes          1
Knowledge      0 (0.0%)
Expansions     0.0
Time           0.00
GameLen        110.0 dev=0.0 min=110.0 max=110.0
InTree         0.0 dev=0.0 min=0.0 max=0.0
KnowDepth      -
Aborted        0%
Games/s        3389.8
Score          1.00
Sequence      
70936 info: 
70936 warning: **** MoHexSearch returned empty sequence!
70936 warning: **** Returning random move!
70936 info: *** Player move: a3
60916 info: DfpnSolver::CheckAbort(): Abort flag!
68926 info: 
MID calls      46
VC builds      44
Terminal       0
Work           46
Wasted Work    0 (0%)
Elapsed Time   0.377583
MIDs/sec       121.828
VCs/sec        116.531
Cnt prune sib  1
Avg prune sib  2 dev=0 min=2 max=2
Consider Size  74.7955 dev=12.6105 min=27 max=83
Move Index     -
Move Percent   -
Delta Increase 3.28889 dev=11.6134 min=1 max=76
Winner         empty
PV             j3 h4 i5 g6

HashTableStatistics:
Stores         626
LookupAttempt  63303
LookupSuccess  3598
Collisions     0

68926 info: Search aborted.
e3697 info: PlayAndSolve: Building VCs to avoid race condition.
e3697 info: PlayAndSolve: Continuing on as usual.
68926 info: *** PlayerThread ***
70936 info: *** SolverThread ***
60916 config: VCS: reading captured set patterns from '/home/linus/MoHex2.0/nfbranchfix/benzene-vanilla-cmake/share/vc-captured-set.txt'.
60916 config: VCS:: parsed 2 patterns.
60916 config: VCS: reading captured set patterns from '/home/linus/MoHex2.0/nfbranchfix/benzene-vanilla-cmake/share/vc-captured-set.txt'.
60916 config: VCS:: parsed 2 patterns.
60916 dfpn: 
68926 info: Best move cannot be determined, must search state.
68926 info: --- MoHexPlayer::Search() ---
68926 info: Color: white
68926 info: MaxGames: 1
68926 info: NumberThreads: 1
68926 info: MaxNodes: 181818181 (15999999928 bytes)
68926 info: TimeForMove: 1
60916 dfpn: i5
60916 dfpn: i4
60916 dfpn: h4
60916 dfpn: i3
60916 dfpn: e5
60916 dfpn: j4
60916 dfpn: d10
60916 dfpn: h5
60916 dfpn: g5
60916 dfpn: j2
60916 dfpn: f5
60916 dfpn: f4
60916 dfpn: g4
60916 dfpn: j5
60916 dfpn: e4
60916 dfpn: g6
60916 dfpn: f6
60916 dfpn: j3
60916 dfpn: f2
60916 dfpn: b9
60916 dfpn: h6
60916 dfpn: j3
68926 info: PreSearch: max time reached (67/78).
68926 info: Time for PreSearch: 0.200428s
68926 info: 
  89386c1cbed23be0
  a  b  c  d  e  f  g  h  i  j  k  
 1\b  B  b  .  .  .  *  *  *  *  .\1
  2\b  .  *  *  .  *  *  *  *  *  .\2
   3\W  .  *  W  W  B  *  *  *  *  .\3
    4\w  .  *  *  *  *  *  *  *  *  W\4
     5\w  B  *  *  *  *  *  *  *  *  b\5
      6\.  *  *  *  *  *  *  *  *  B  .\6
       7\.  *  *  *  *  *  *  *  *  *  .\7
        8\.  B  *  *  *  *  *  *  *  .  .\8
         9\.  *  *  *  *  *  *  *  B  *  .\9
         10\.  .  *  *  *  *  *  *  *  .  .\10
          11\.  W  *  *  *  *  *  *  .  .  .\11
              a  b  c  d  e  f  g  h  i  j  k  
68926 info: Old: [black, b1] [white, e3] [black, f3] [white, b11] [black, i9] [white, k4] [black, b8] [white, d3] [black, j6] 
68926 info: New: [black, b1] [white, e3] [black, f3] [white, b11] [black, i9] [white, k4] [black, b8] [white, d3] [black, j6] [white, a3] [black, b5] 
68926 info: MovesPlayed: [white, a3] [black, b5] 
68926 info: No subtree to reuse.
60916 dfpn: b9
68926 info: StartSearch()[0]
68926 info: 
Elapsed Time   0.358916s
Count          1
GamesPlayed    1
Nodes          1
Knowledge      0 (0.0%)
Expansions     0.0
Time           0.00
GameLen        104.0 dev=0.0 min=104.0 max=104.0
InTree         0.0 dev=0.0 min=0.0 max=0.0
KnowDepth      -
Aborted        0%
Games/s        2451.0
Score          0.00
Sequence      
68926 info: 
68926 warning: **** MoHexSearch returned empty sequence!
68926 warning: **** Returning random move!
68926 info: *** Player move: i3
60916 info: DfpnSolver::CheckAbort(): Abort flag!
70936 info: 
MID calls      60
VC builds      57
Terminal       0
Work           60
Wasted Work    0 (0%)
Elapsed Time   0.370278
MIDs/sec       162.04
VCs/sec        153.938
Cnt prune sib  1
Avg prune sib  1 dev=0 min=1 max=1
Consider Size  65.7719 dev=14.589 min=26 max=78
Move Index     -
Move Percent   -
Delta Increase 2.66102 dev=9.45751 min=1 max=70
Winner         empty
PV             b9 j5 i4

HashTableStatistics:
Stores         768
LookupAttempt  74029
LookupSuccess  4235
Collisions     0

70936 info: Search aborted.
e3697 info: PlayAndSolve: Building VCs to avoid race condition.
e3697 info: PlayAndSolve: Continuing on as usual.
70936 info: *** PlayerThread ***
68926 info: *** SolverThread ***
60916 config: VCS: reading captured set patterns from '/home/linus/MoHex2.0/nfbranchfix/benzene-vanilla-cmake/share/vc-captured-set.txt'.
60916 config: VCS:: parsed 2 patterns.
60916 config: VCS: reading captured set patterns from '/home/linus/MoHex2.0/nfbranchfix/benzene-vanilla-cmake/share/vc-captured-set.txt'.
60916 config: VCS:: parsed 2 patterns.
60916 dfpn: 
70936 info: Best move cannot be determined, must search state.
70936 info: --- MoHexPlayer::Search() ---
70936 info: Color: white
70936 info: MaxGames: 1
70936 info: NumberThreads: 1
70936 info: MaxNodes: 181818181 (15999999928 bytes)
70936 info: TimeForMove: 1
60916 dfpn: g4
60916 dfpn: e5
60916 dfpn: f5
60916 dfpn: h4
60916 dfpn: g5
60916 dfpn: f4
60916 dfpn: i5
60916 dfpn: e4
60916 dfpn: f2
60916 dfpn: h5
60916 dfpn: g2
60916 dfpn: g6
60916 dfpn: f6
60916 dfpn: c3
60916 dfpn: j2
60916 dfpn: h3
60916 dfpn: h2
60916 dfpn: d10
60916 dfpn: c9
60916 dfpn: b9
60916 dfpn: c3
70936 info: PreSearch: max time reached (66/74).
70936 info: Time for PreSearch: 0.201298s
60916 dfpn: j2
70936 info: 
  132c1849c58f8bbd
  a  b  c  d  e  f  g  h  i  j  k  
 1\b  B  b  .  .  .  *  *  *  *  .\1
  2\b  .  *  *  .  *  *  *  *  .  .\2
   3\W  .  *  W  W  B  *  *  W  .  .\3
    4\w  .  *  *  *  *  *  *  *  .  W\4
     5\w  B  *  *  *  *  *  *  *  *  b\5
      6\.  *  *  *  *  *  *  *  *  B  .\6
       7\.  *  *  *  *  *  *  *  *  *  .\7
        8\.  B  *  *  *  *  *  *  *  .  .\8
         9\.  *  *  *  *  *  *  *  B  B  .\9
         10\.  .  *  *  *  *  *  .  .  .  .\10
          11\.  W  *  *  *  *  .  *  *  .  .\11
              a  b  c  d  e  f  g  h  i  j  k  
60916 dfpn: b9
70936 info: Old: [black, b1] [white, e3] [black, f3] [white, b11] [black, i9] [white, k4] [black, b8] [white, d3] [black, j6] [white, a3] [black, b5] 
70936 info: New: [black, b1] [white, e3] [black, f3] [white, b11] [black, i9] [white, k4] [black, b8] [white, d3] [black, j6] [white, a3] [black, b5] [white, i3] [black, j9] 
70936 info: MovesPlayed: [white, i3] [black, j9] 
70936 info: No subtree to reuse.
70936 info: StartSearch()[0]
70936 info: 
Elapsed Time   0.583046s
Count          1
GamesPlayed    1
Nodes          1
Knowledge      0 (0.0%)
Expansions     0.0
Time           0.00
GameLen        102.0 dev=0.0 min=102.0 max=102.0
InTree         0.0 dev=0.0 min=0.0 max=0.0
KnowDepth      -
Aborted        0%
Games/s        3030.3
Score          1.00
Sequence      
70936 info: 
70936 warning: **** MoHexSearch returned empty sequence!
70936 warning: **** Returning random move!
70936 info: *** Player move: d10
60916 info: DfpnSolver::CheckAbort(): Abort flag!
68926 info: 
MID calls      93
VC builds      88
Terminal       0
Work           93
Wasted Work    0 (0%)
Elapsed Time   0.596007
MIDs/sec       156.038
VCs/sec        147.649
Cnt prune sib  4
Avg prune sib  1 dev=0 min=1 max=1
Consider Size  61.4659 dev=11.7811 min=12 max=74
Move Index     -
Move Percent   -
Delta Increase 2.52174 dev=7.57926 min=1 max=63
Winner         empty
PV             b9 j2 g4

HashTableStatistics:
Stores         976
LookupAttempt  86199
LookupSuccess  4902
Collisions     0

68926 info: Search aborted.
e3697 info: PlayAndSolve: Building VCs to avoid race condition.
e3697 info: PlayAndSolve: Continuing on as usual.
68926 info: *** PlayerThread ***
70936 info: *** SolverThread ***
60916 config: VCS: reading captured set patterns from '/home/linus/MoHex2.0/nfbranchfix/benzene-vanilla-cmake/share/vc-captured-set.txt'.
60916 config: VCS:: parsed 2 patterns.
60916 config: VCS: reading captured set patterns from '/home/linus/MoHex2.0/nfbranchfix/benzene-vanilla-cmake/share/vc-captured-set.txt'.
60916 config: VCS:: parsed 2 patterns.
60916 dfpn: 
68926 info: Best move cannot be determined, must search state.
68926 info: --- MoHexPlayer::Search() ---
68926 info: Color: white
68926 info: MaxGames: 1
68926 info: NumberThreads: 1
68926 info: MaxNodes: 181818181 (15999999928 bytes)
68926 info: TimeForMove: 1
60916 dfpn: h4
60916 dfpn: g4
60916 dfpn: i5
60916 dfpn: j2
60916 dfpn: j5
60916 dfpn: g5
60916 dfpn: f5
60916 dfpn: e5
60916 dfpn: h3
60916 dfpn: f4
60916 dfpn: f2
60916 dfpn: h7
60916 dfpn: h2
60916 dfpn: g2
60916 dfpn: f9
60916 dfpn: h6
60916 dfpn: f8
60916 dfpn: e4
60916 dfpn: h5
60916 dfpn: e5
68926 info: PreSearch: max time reached (65/69).
68926 info: Time for PreSearch: 0.201427s
60916 dfpn: j2
68926 info: 
  5879d30d5f7f4c2d
  a  b  c  d  e  f  g  h  i  j  k  
 1\b  B  b  .  .  .  *  *  *  *  .\1
  2\b  .  *  *  .  *  *  *  *  *  .\2
   3\W  .  *  W  W  B  *  *  W  .  .\3
    4\w  .  *  *  *  *  *  *  B  .  W\4
     5\w  B  *  *  *  *  *  *  *  *  b\5
      6\.  *  *  *  *  *  *  *  *  B  .\6
       7\.  *  *  *  *  *  *  *  *  *  .\7
        8\.  B  *  *  *  *  *  *  *  .  .\8
         9\.  *  *  *  *  *  *  *  B  B  .\9
         10\.  .  .  W  *  *  *  .  .  .  .\10
          11\.  W  .  .  *  *  .  *  *  .  .\11
              a  b  c  d  e  f  g  h  i  j  k  
68926 info: Old: [black, b1] [white, e3] [black, f3] [white, b11] [black, i9] [white, k4] [black, b8] [white, d3] [black, j6] [white, a3] [black, b5] [white, i3] [black, j9] 
68926 info: New: [black, b1] [white, e3] [black, f3] [white, b11] [black, i9] [white, k4] [black, b8] [white, d3] [black, j6] [white, a3] [black, b5] [white, i3] [black, j9] [white, d10] [black, i4] 
68926 info: MovesPlayed: [white, d10] [black, i4] 
68926 info: No subtree to reuse.
68926 info: StartSearch()[0]
68926 info: 
Elapsed Time   0.353763s
Count          1
GamesPlayed    1
Nodes          1
Knowledge      0 (0.0%)
Expansions     0.0
Time           0.00
GameLen        100.0 dev=0.0 min=100.0 max=100.0
InTree         0.0 dev=0.0 min=0.0 max=0.0
KnowDepth      -
Aborted        0%
Games/s        2652.5
Score          0.00
Sequence      
68926 info: 
68926 warning: **** MoHexSearch returned empty sequence!
68926 warning: **** Returning random move!
68926 info: *** Player move: g2
60916 info: DfpnSolver::CheckAbort(): Abort flag!
70936 info: 
MID calls      57
VC builds      54
Terminal       0
Work           57
Wasted Work    0 (0%)
Elapsed Time   0.370959
MIDs/sec       153.656
VCs/sec        145.569
Cnt prune sib  1
Avg prune sib  1 dev=0 min=1 max=1
Consider Size  52.6481 dev=16.8305 min=19 max=69
Move Index     -
Move Percent   -
Delta Increase 3.39286 dev=7.65478 min=1 max=37
Winner         empty
PV             j2 h5 g4

HashTableStatistics:
Stores         1110
LookupAttempt  94682
LookupSuccess  5444
Collisions     0

70936 info: Search aborted.
e3697 info: PlayAndSolve: Building VCs to avoid race condition.
e3697 info: PlayAndSolve: Continuing on as usual.
70936 info: *** PlayerThread ***
68926 info: *** SolverThread ***
60916 config: VCS: reading captured set patterns from '/home/linus/MoHex2.0/nfbranchfix/benzene-vanilla-cmake/share/vc-captured-set.txt'.
60916 config: VCS:: parsed 2 patterns.
60916 config: VCS: reading captured set patterns from '/home/linus/MoHex2.0/nfbranchfix/benzene-vanilla-cmake/share/vc-captured-set.txt'.
60916 config: VCS:: parsed 2 patterns.
60916 dfpn: 
70936 info: Best move cannot be determined, must search state.
70936 info: --- MoHexPlayer::Search() ---
70936 info: Color: white
70936 info: MaxGames: 1
70936 info: NumberThreads: 1
70936 info: MaxNodes: 181818181 (15999999928 bytes)
70936 info: TimeForMove: 1
60916 dfpn: f2
60916 dfpn: h4
60916 dfpn: h3
60916 dfpn: h2
60916 dfpn: i5
60916 dfpn: j2
60916 dfpn: g5
60916 dfpn: g4
60916 dfpn: j5
60916 dfpn: c3
60916 dfpn: f5
60916 dfpn: h7
60916 dfpn: g3
60916 dfpn: f9
60916 dfpn: h6
60916 dfpn: f8
60916 dfpn: f6
60916 dfpn: c3
70936 info: Time for PreSearch: 0.168175s
70936 info: 
  db956b829e61c725
  a  b  c  d  e  f  g  h  i  j  k  
 1\b  B  b  .  .  .  .  .  *  *  .\1
  2\b  .  *  *  .  *  W  *  *  *  .\2
   3\W  .  *  W  W  B  *  *  W  .  .\3
    4\w  .  *  .  .  B  *  *  B  .  W\4
     5\w  B  *  *  *  *  *  *  *  *  b\5
      6\.  *  *  *  *  *  *  *  *  B  .\6
       7\.  *  *  *  *  *  *  *  *  *  .\7
        8\.  B  *  *  *  *  *  *  *  .  .\8
         9\.  *  *  *  *  *  *  *  B  B  .\9
         10\.  .  .  W  *  *  *  .  .  .  .\10
          11\.  W  .  .  *  *  .  *  *  .  .\11
              a  b  c  d  e  f  g  h  i  j  k  
60916 dfpn: f2
70936 info: Old: [black, b1] [white, e3] [black, f3] [white, b11] [black, i9] [white, k4] [black, b8] [white, d3] [black, j6] [white, a3] [black, b5] [white, i3] [black, j9] [white, d10] [black, i4] 
70936 info: New: [black, b1] [white, e3] [black, f3] [white, b11] [black, i9] [white, k4] [black, b8] [white, d3] [black, j6] [white, a3] [black, b5] [white, i3] [black, j9] [white, d10] [black, i4] [white, g2] [black, f4] 
70936 info: MovesPlayed: [white, g2] [black, f4] 
70936 info: No subtree to reuse.
70936 info: StartSearch()[0]
70936 info: 
Elapsed Time   0.319655s
Count          1
GamesPlayed    1
Nodes          1
Knowledge      0 (0.0%)
Expansions     0.0
Time           0.00
GameLen        98.0 dev=0.0 min=98.0 max=98.0
InTree         0.0 dev=0.0 min=0.0 max=0.0
KnowDepth      -
Aborted        0%
Games/s        3246.8
Score          0.00
Sequence      
70936 info: 
70936 warning: **** MoHexSearch returned empty sequence!
70936 warning: **** Returning random move!
70936 info: *** Player move: g6
60916 info: DfpnSolver::CheckAbort(): Abort flag!
68926 info: 
MID calls      63
VC builds      60
Terminal       0
Work           63
Wasted Work    0 (0%)
Elapsed Time   0.330901
MIDs/sec       190.389
VCs/sec        181.323
Cnt prune sib  2
Avg prune sib  1.5 dev=0.5 min=1 max=2
Consider Size  55.8333 dev=11.1298 min=26 max=66
Move Index     -
Move Percent   -
Delta Increase 3.37097 dev=10.4854 min=1 max=61
Winner         empty
PV             f2 g4 h2

HashTableStatistics:
Stores         1254
LookupAttempt  102783
LookupSuccess  5908
Collisions     0

68926 info: Search aborted.
e3697 info: PlayAndSolve: Building VCs to avoid race condition.
e3697 info: PlayAndSolve: Continuing on as usual.
68926 info: *** PlayerThread ***
70936 info: *** SolverThread ***
60916 config: VCS: reading captured set patterns from '/home/linus/MoHex2.0/nfbranchfix/benzene-vanilla-cmake/share/vc-captured-set.txt'.
60916 config: VCS:: parsed 2 patterns.
60916 config: VCS: reading captured set patterns from '/home/linus/MoHex2.0/nfbranchfix/benzene-vanilla-cmake/share/vc-captured-set.txt'.
60916 config: VCS:: parsed 2 patterns.
60916 dfpn: 
68926 info: Best move cannot be determined, must search state.
68926 info: --- MoHexPlayer::Search() ---
68926 info: Color: white
68926 info: MaxGames: 1
68926 info: NumberThreads: 1
68926 info: MaxNodes: 181818181 (15999999928 bytes)
68926 info: TimeForMove: 1
60916 dfpn: f2
60916 dfpn: i5
60916 dfpn: j5
60916 dfpn: h2
60916 dfpn: h3
60916 dfpn: j2
60916 dfpn: h5
60916 dfpn: h6
60916 dfpn: c3
60916 dfpn: h4
60916 dfpn: i7
60916 dfpn: i6
60916 dfpn: g3
60916 dfpn: h7
60916 dfpn: g4
60916 dfpn: j7
60916 dfpn: f6
60916 dfpn: c3
60916 dfpn: h3
68926 info: Time for PreSearch: 0.188109s
68926 info: 
  2383083b8e88d395
  a  b  c  d  e  f  g  h  i  j  k  
 1\b  B  b  .  .  .  .  .  *  *  .\1
  2\b  .  *  *  .  *  W  *  *  *  .\2
   3\W  .  *  W  W  B  *  *  W  .  .\3
    4\w  .  *  .  .  B  *  *  B  .  W\4
     5\w  B  *  *  *  *  B  *  *  *  b\5
      6\.  *  *  *  *  *  W  *  *  B  .\6
       7\.  *  *  *  *  *  *  *  *  *  .\7
        8\.  B  *  *  *  *  *  *  *  .  .\8
         9\.  *  *  *  *  *  *  *  B  B  .\9
         10\.  .  .  W  *  *  *  .  .  .  .\10
          11\.  W  .  .  *  *  .  *  *  .  .\11
              a  b  c  d  e  f  g  h  i  j  k  
60916 dfpn: f2
68926 info: Old: [black, b1] [white, e3] [black, f3] [white, b11] [black, i9] [white, k4] [black, b8] [white, d3] [black, j6] [white, a3] [black, b5] [white, i3] [black, j9] [white, d10] [black, i4] [white, g2] [black, f4] 
68926 info: New: [black, b1] [white, e3] [black, f3] [white, b11] [black, i9] [white, k4] [black, b8] [white, d3] [black, j6] [white, a3] [black, b5] [white, i3] [black, j9] [white, d10] [black, i4] [white, g2] [black, f4] [white, g6] [black, g5] 
68926 info: MovesPlayed: [white, g6] [black, g5] 
68926 info: No subtree to reuse.
68926 info: StartSearch()[0]
68926 info: 
Elapsed Time   0.332941s
Count          1
GamesPlayed    1
Nodes          1
Knowledge      0 (0.0%)
Expansions     0.0
Time           0.00
GameLen        96.0 dev=0.0 min=96.0 max=96.0
InTree         0.0 dev=0.0 min=0.0 max=0.0
KnowDepth      -
Aborted        0%
Games/s        3649.6
Score          1.00
Sequence      
68926 info: 
68926 warning: **** MoHexSearch returned empty sequence!
68926 warning: **** Returning random move!
68926 info: *** Player move: c10
60916 info: DfpnSolver::CheckAbort(): Abort flag!
70936 info: 
MID calls      59
VC builds      56
Terminal       1
Work           60
Wasted Work    12 (20%)
Elapsed Time   0.34155
MIDs/sec       172.742
VCs/sec        163.958
Cnt prune sib  2
Avg prune sib  2 dev=1 min=1 max=3
Consider Size  48.3091 dev=17.1802 min=11 max=64
Move Index     5 dev=0 min=5 max=5
Move Percent   0.0847458 dev=0 min=0.0847458 max=0.0847458
Delta Increase 2.35593 dev=7.60188 min=1 max=59
Winner         empty
PV             f2 a11 h2

HashTableStatistics:
Stores         1392
LookupAttempt  110286
LookupSuccess  6407
Collisions     0

70936 info: Search aborted.
e3697 info: PlayAndSolve: Building VCs to avoid race condition.
e3697 info: PlayAndSolve: Continuing on as usual.
70936 info: *** PlayerThread ***
68926 info: *** SolverThread ***
60916 config: VCS: reading captured set patterns from '/home/linus/MoHex2.0/nfbranchfix/benzene-vanilla-cmake/share/vc-captured-set.txt'.
60916 config: VCS:: parsed 2 patterns.
60916 config: VCS: reading captured set patterns from '/home/linus/MoHex2.0/nfbranchfix/benzene-vanilla-cmake/share/vc-captured-set.txt'.
60916 config: VCS:: parsed 2 patterns.
60916 dfpn: 
70936 info: Opponent has won; playing most blocking move.
70936 info: *** Player move: g4
68926 info: 
MID calls      0
VC builds      1
Terminal       1
Work           1
Wasted Work    0 (0%)
Elapsed Time   0.009952
MIDs/sec       0
VCs/sec        100.482
Cnt prune sib  0
Avg prune sib  -
Consider Size  -
Move Index     -
Move Percent   -
Delta Increase -
Winner         black
PV             

HashTableStatistics:
Stores         1393
LookupAttempt  110292
LookupSuccess  6410
Collisions     0

e3697 info: PlayAndSolve: Building VCs to avoid race condition.
e3697 info: PlayAndSolve: Continuing on as usual.
68926 info: *** PlayerThread ***
70936 info: *** SolverThread ***
60916 config: VCS: reading captured set patterns from '/home/linus/MoHex2.0/nfbranchfix/benzene-vanilla-cmake/share/vc-captured-set.txt'.
60916 config: VCS:: parsed 2 patterns.
60916 config: VCS: reading captured set patterns from '/home/linus/MoHex2.0/nfbranchfix/benzene-vanilla-cmake/share/vc-captured-set.txt'.
60916 config: VCS:: parsed 2 patterns.
60916 dfpn: 
68926 info: Opponent has won; playing most blocking move.
68926 info: *** Player move: f2
70936 info: 
MID calls      0
VC builds      1
Terminal       1
Work           1
Wasted Work    0 (0%)
Elapsed Time   0.010553
MIDs/sec       0
VCs/sec        94.7598
Cnt prune sib  0
Avg prune sib  -
Consider Size  -
Move Index     -
Move Percent   -
Delta Increase -
Winner         black
PV             

HashTableStatistics:
Stores         1394
LookupAttempt  110298
LookupSuccess  6413
Collisions     0

e3697 info: PlayAndSolve: Building VCs to avoid race condition.
e3697 info: PlayAndSolve: Continuing on as usual.
70936 info: *** PlayerThread ***
68926 info: *** SolverThread ***
60916 config: VCS: reading captured set patterns from '/home/linus/MoHex2.0/nfbranchfix/benzene-vanilla-cmake/share/vc-captured-set.txt'.
60916 config: VCS:: parsed 2 patterns.
60916 config: VCS: reading captured set patterns from '/home/linus/MoHex2.0/nfbranchfix/benzene-vanilla-cmake/share/vc-captured-set.txt'.
60916 config: VCS:: parsed 2 patterns.
60916 dfpn: 
70936 info: Opponent has won; playing most blocking move.
70936 info: *** Player move: j3
68926 info: 
MID calls      0
VC builds      1
Terminal       1
Work           1
Wasted Work    0 (0%)
Elapsed Time   0.008587
MIDs/sec       0
VCs/sec        116.455
Cnt prune sib  0
Avg prune sib  -
Consider Size  -
Move Index     -
Move Percent   -
Delta Increase -
Winner         black
PV             

HashTableStatistics:
Stores         1395
LookupAttempt  110304
LookupSuccess  6416
Collisions     0

e3697 info: PlayAndSolve: Building VCs to avoid race condition.
e3697 info: PlayAndSolve: Continuing on as usual.
68926 info: *** PlayerThread ***
70936 info: *** SolverThread ***
60916 config: VCS: reading captured set patterns from '/home/linus/MoHex2.0/nfbranchfix/benzene-vanilla-cmake/share/vc-captured-set.txt'.
60916 config: VCS:: parsed 2 patterns.
60916 config: VCS: reading captured set patterns from '/home/linus/MoHex2.0/nfbranchfix/benzene-vanilla-cmake/share/vc-captured-set.txt'.
60916 config: VCS:: parsed 2 patterns.
60916 dfpn: 
68926 info: Opponent has won; playing most blocking move.
68926 info: *** Player move: i7
70936 info: 
MID calls      0
VC builds      1
Terminal       1
Work           1
Wasted Work    0 (0%)
Elapsed Time   0.006419
MIDs/sec       0
VCs/sec        155.788
Cnt prune sib  0
Avg prune sib  -
Consider Size  -
Move Index     -
Move Percent   -
Delta Increase -
Winner         black
PV             

HashTableStatistics:
Stores         1396
LookupAttempt  110310
LookupSuccess  6419
Collisions     0

e3697 info: PlayAndSolve: Building VCs to avoid race condition.
e3697 info: PlayAndSolve: Continuing on as usual.
70936 info: *** PlayerThread ***
68926 info: *** SolverThread ***
60916 config: VCS: reading captured set patterns from '/home/linus/MoHex2.0/nfbranchfix/benzene-vanilla-cmake/share/vc-captured-set.txt'.
60916 config: VCS:: parsed 2 patterns.
60916 config: VCS: reading captured set patterns from '/home/linus/MoHex2.0/nfbranchfix/benzene-vanilla-cmake/share/vc-captured-set.txt'.
60916 config: VCS:: parsed 2 patterns.
60916 dfpn: 
70936 info: Opponent has won; playing most blocking move.
70936 info: *** Player move: h6
68926 info: 
MID calls      0
VC builds      1
Terminal       1
Work           1
Wasted Work    0 (0%)
Elapsed Time   0.005742
MIDs/sec       0
VCs/sec        174.155
Cnt prune sib  0
Avg prune sib  -
Consider Size  -
Move Index     -
Move Percent   -
Delta Increase -
Winner         black
PV             

HashTableStatistics:
Stores         1397
LookupAttempt  110316
LookupSuccess  6422
Collisions     0

e3697 info: PlayAndSolve: Building VCs to avoid race condition.
e3697 info: PlayAndSolve: Continuing on as usual.
68926 info: *** PlayerThread ***
70936 info: *** SolverThread ***
60916 config: VCS: reading captured set patterns from '/home/linus/MoHex2.0/nfbranchfix/benzene-vanilla-cmake/share/vc-captured-set.txt'.
60916 config: VCS:: parsed 2 patterns.
60916 config: VCS: reading captured set patterns from '/home/linus/MoHex2.0/nfbranchfix/benzene-vanilla-cmake/share/vc-captured-set.txt'.
60916 config: VCS:: parsed 2 patterns.
60916 dfpn: 
68926 info: Opponent has won; playing most blocking move.
68926 info: *** Player move: j7
70936 info: 
MID calls      0
VC builds      1
Terminal       1
Work           1
Wasted Work    0 (0%)
Elapsed Time   0.004981
MIDs/sec       0
VCs/sec        200.763
Cnt prune sib  0
Avg prune sib  -
Consider Size  -
Move Index     -
Move Percent   -
Delta Increase -
Winner         black
PV             

HashTableStatistics:
Stores         1398
LookupAttempt  110322
LookupSuccess  6425
Collisions     0

e3697 info: PlayAndSolve: Building VCs to avoid race condition.
e3697 info: PlayAndSolve: Continuing on as usual.
70936 info: *** PlayerThread ***
68926 info: *** SolverThread ***
60916 config: VCS: reading captured set patterns from '/home/linus/MoHex2.0/nfbranchfix/benzene-vanilla-cmake/share/vc-captured-set.txt'.
60916 config: VCS:: parsed 2 patterns.
60916 config: VCS: reading captured set patterns from '/home/linus/MoHex2.0/nfbranchfix/benzene-vanilla-cmake/share/vc-captured-set.txt'.
60916 config: VCS:: parsed 2 patterns.
60916 dfpn: 
70936 info: Opponent has won; playing most blocking move.
70936 info: *** Player move: f10
68926 info: 
MID calls      0
VC builds      1
Terminal       1
Work           1
Wasted Work    0 (0%)
Elapsed Time   0.005003
MIDs/sec       0
VCs/sec        199.88
Cnt prune sib  0
Avg prune sib  -
Consider Size  -
Move Index     -
Move Percent   -
Delta Increase -
Winner         black
PV             

HashTableStatistics:
Stores         1399
LookupAttempt  110328
LookupSuccess  6428
Collisions     0

e3697 info: PlayAndSolve: Building VCs to avoid race condition.
e3697 info: PlayAndSolve: Continuing on as usual.
68926 info: *** PlayerThread ***
70936 info: *** SolverThread ***
60916 config: VCS: reading captured set patterns from '/home/linus/MoHex2.0/nfbranchfix/benzene-vanilla-cmake/share/vc-captured-set.txt'.
60916 config: VCS:: parsed 2 patterns.
60916 config: VCS: reading captured set patterns from '/home/linus/MoHex2.0/nfbranchfix/benzene-vanilla-cmake/share/vc-captured-set.txt'.
60916 config: VCS:: parsed 2 patterns.
60916 dfpn: 
68926 info: Opponent has won; playing most blocking move.
68926 info: *** Player move: h9
70936 info: 
MID calls      0
VC builds      1
Terminal       1
Work           1
Wasted Work    0 (0%)
Elapsed Time   0.003678
MIDs/sec       0
VCs/sec        271.887
Cnt prune sib  0
Avg prune sib  -
Consider Size  -
Move Index     -
Move Percent   -
Delta Increase -
Winner         black
PV             

HashTableStatistics:
Stores         1400
LookupAttempt  110334
LookupSuccess  6431
Collisions     0

e3697 info: PlayAndSolve: Building VCs to avoid race condition.
e3697 info: PlayAndSolve: Continuing on as usual.
70936 info: *** PlayerThread ***
68926 info: *** SolverThread ***
60916 config: VCS: reading captured set patterns from '/home/linus/MoHex2.0/nfbranchfix/benzene-vanilla-cmake/share/vc-captured-set.txt'.
60916 config: VCS:: parsed 2 patterns.
60916 config: VCS: reading captured set patterns from '/home/linus/MoHex2.0/nfbranchfix/benzene-vanilla-cmake/share/vc-captured-set.txt'.
60916 config: VCS:: parsed 2 patterns.
60916 dfpn: 
70936 info: Opponent has won; playing most blocking move.
70936 info: *** Player move: h11
68926 info: 
MID calls      0
VC builds      1
Terminal       1
Work           1
Wasted Work    0 (0%)
Elapsed Time   0.004532
MIDs/sec       0
VCs/sec        220.653
Cnt prune sib  0
Avg prune sib  -
Consider Size  -
Move Index     -
Move Percent   -
Delta Increase -
Winner         black
PV             

HashTableStatistics:
Stores         1401
LookupAttempt  110340
LookupSuccess  6434
Collisions     0

e3697 info: PlayAndSolve: Building VCs to avoid race condition.
e3697 info: PlayAndSolve: Continuing on as usual.
68926 info: *** PlayerThread ***
70936 info: *** SolverThread ***
60916 config: VCS: reading captured set patterns from '/home/linus/MoHex2.0/nfbranchfix/benzene-vanilla-cmake/share/vc-captured-set.txt'.
60916 config: VCS:: parsed 2 patterns.
60916 config: VCS: reading captured set patterns from '/home/linus/MoHex2.0/nfbranchfix/benzene-vanilla-cmake/share/vc-captured-set.txt'.
60916 config: VCS:: parsed 2 patterns.
68926 info: Captured cells caused win! Removing...
60916 dfpn: 
70936 info: 
MID calls      0
VC builds      1
Terminal       1
Work           1
Wasted Work    0 (0%)
Elapsed Time   0.003116
MIDs/sec       0
VCs/sec        320.924
Cnt prune sib  0
Avg prune sib  -
Consider Size  -
Move Index     -
Move Percent   -
Delta Increase -
Winner         black
PV             

HashTableStatistics:
Stores         1402
LookupAttempt  110346
LookupSuccess  6437
Collisions     0

68926 info: Opponent has won; playing most blocking move.
68926 info: *** Player move: i11
e3697 info: PlayAndSolve: Building VCs to avoid race condition.
e3697 info: PlayAndSolve: Continuing on as usual.
70936 info: *** PlayerThread ***
68926 info: *** SolverThread ***
60916 config: VCS: reading captured set patterns from '/home/linus/MoHex2.0/nfbranchfix/benzene-vanilla-cmake/share/vc-captured-set.txt'.
60916 config: VCS:: parsed 2 patterns.
70936 info: Captured cells caused win! Removing...
60916 config: VCS: reading captured set patterns from '/home/linus/MoHex2.0/nfbranchfix/benzene-vanilla-cmake/share/vc-captured-set.txt'.
60916 config: VCS:: parsed 2 patterns.
60916 dfpn: 
68926 info: 
MID calls      0
VC builds      1
Terminal       1
Work           1
Wasted Work    0 (0%)
Elapsed Time   0.003548
MIDs/sec       0
VCs/sec        281.849
Cnt prune sib  0
Avg prune sib  -
Consider Size  -
Move Index     -
Move Percent   -
Delta Increase -
Winner         black
PV             

HashTableStatistics:
Stores         1403
LookupAttempt  110352
LookupSuccess  6440
Collisions     0

70936 info: Opponent has won; playing most blocking move.
70936 info: *** Player move: i1
e3697 info: PlayAndSolve: Building VCs to avoid race condition.
e3697 info: PlayAndSolve: Continuing on as usual.
68926 info: *** PlayerThread ***
70936 info: *** SolverThread ***
60916 config: VCS: reading captured set patterns from '/home/linus/MoHex2.0/nfbranchfix/benzene-vanilla-cmake/share/vc-captured-set.txt'.
60916 config: VCS:: parsed 2 patterns.
60916 config: VCS: reading captured set patterns from '/home/linus/MoHex2.0/nfbranchfix/benzene-vanilla-cmake/share/vc-captured-set.txt'.
60916 config: VCS:: parsed 2 patterns.
60916 dfpn: 
68926 info: Captured cells caused win! Removing...
70936 info: 
MID calls      0
VC builds      1
Terminal       1
Work           1
Wasted Work    0 (0%)
Elapsed Time   0.002554
MIDs/sec       0
VCs/sec        391.543
Cnt prune sib  0
Avg prune sib  -
Consider Size  -
Move Index     -
Move Percent   -
Delta Increase -
Winner         black
PV             

HashTableStatistics:
Stores         1404
LookupAttempt  110358
LookupSuccess  6443
Collisions     0

68926 info: Opponent has won; playing most blocking move.
68926 info: *** Player move: g3
e3697 info: PlayAndSolve: Building VCs to avoid race condition.
e3697 info: PlayAndSolve: Continuing on as usual.
70936 info: *** PlayerThread ***
68926 info: *** SolverThread ***
60916 config: VCS: reading captured set patterns from '/home/linus/MoHex2.0/nfbranchfix/benzene-vanilla-cmake/share/vc-captured-set.txt'.
60916 config: VCS:: parsed 2 patterns.
60916 config: VCS: reading captured set patterns from '/home/linus/MoHex2.0/nfbranchfix/benzene-vanilla-cmake/share/vc-captured-set.txt'.
60916 config: VCS:: parsed 2 patterns.
70936 info: Captured cells caused win! Removing...
60916 dfpn: 
68926 info: 
MID calls      0
VC builds      1
Terminal       1
Work           1
Wasted Work    0 (0%)
Elapsed Time   0.002664
MIDs/sec       0
VCs/sec        375.375
Cnt prune sib  0
Avg prune sib  -
Consider Size  -
Move Index     -
Move Percent   -
Delta Increase -
Winner         black
PV             

HashTableStatistics:
Stores         1405
LookupAttempt  110364
LookupSuccess  6446
Collisions     0

70936 info: Opponent has won; playing most blocking move.
70936 info: *** Player move: j1
e3697 config: ============ BenzeneShutdown =============
e3697 config: MoHexProgram:: ShutdownSystem()
e3697 config: CommonProgram:: ShutdownSystem()
e3697 config: BenzeneProgram:: ShutdownSystem()
Flushing and closing this stream...
