bc237 config: MoHex v2.0.CMake Mar 21 2025.
bc237 config: ============ InitializeSystem ============
bc237 config: BenzeneProgram::InitRandom()
bc237 config: Seed = 269224
bc237 info: Prior Patterns:
bc237 info: Global:
bc237 info: Size            = 565 32648 
bc237 info: TableEntries    = 65932 65910
bc237 info: MirrorsAdded    = 0 0
bc237 info: PrunableCount   = 30593 30629
bc237 info: LargestGamma    = 5820.77
bc237 info: SmallestGamma   = 6.6e-05
bc237 info: Local:
bc237 info: Size            = 550 5318 
bc237 info: TableEntries    = 11602 11588
bc237 info: MirrorsAdded    = 0 0
bc237 info: PrunableCount   = 3659 3667
bc237 info: LargestGamma    = 11281.8
bc237 info: SmallestGamma   = 0.026235
bc237 info: Playout Patterns:
bc237 info: Global:
bc237 info: Size            = 565 32648 
bc237 info: TableEntries    = 70329 70329
bc237 info: MirrorsAdded    = 4397 4419
bc237 info: PrunableCount   = 30593 30629
bc237 info: LargestGamma    = 5820.77
bc237 info: SmallestGamma   = 6.6e-05
bc237 info: Local:
bc237 info: Size            = 550 5318 
bc237 info: TableEntries    = 11602 11588
bc237 info: MirrorsAdded    = 0 0
bc237 info: PrunableCount   = 3659 3667
bc237 info: LargestGamma    = 11281.8
bc237 info: SmallestGamma   = 0.026235
bc237 config: IcePatternSet: reading from '/home/linus/MoHex2.0/nfbranchfix/benzene-vanilla-cmake/share/ice-patterns.txt'.
bc237 config: IcePatternSet: parsed 708 patterns.
bc237 config: VCS: reading captured set patterns from '/home/linus/MoHex2.0/nfbranchfix/benzene-vanilla-cmake/share/vc-captured-set.txt'.
bc237 config: VCS:: parsed 2 patterns.
bc237 config: VCS: reading captured set patterns from '/home/linus/MoHex2.0/nfbranchfix/benzene-vanilla-cmake/share/vc-captured-set.txt'.
bc237 config: VCS:: parsed 2 patterns.
bc237 config: IcePatternSet: reading from '/home/linus/MoHex2.0/nfbranchfix/benzene-vanilla-cmake/share/ice-patterns.txt'.
bc237 config: IcePatternSet: parsed 708 patterns.
bc237 config: VCS: reading captured set patterns from '/home/linus/MoHex2.0/nfbranchfix/benzene-vanilla-cmake/share/vc-captured-set.txt'.
bc237 config: VCS:: parsed 2 patterns.
bc237 config: VCS: reading captured set patterns from '/home/linus/MoHex2.0/nfbranchfix/benzene-vanilla-cmake/share/vc-captured-set.txt'.
bc237 config: VCS:: parsed 2 patterns.
bc237 config: VCS: reading captured set patterns from '/home/linus/MoHex2.0/nfbranchfix/benzene-vanilla-cmake/share/vc-captured-set.txt'.
bc237 config: VCS:: parsed 2 patterns.
bc237 config: VCS: reading captured set patterns from '/home/linus/MoHex2.0/nfbranchfix/benzene-vanilla-cmake/share/vc-captured-set.txt'.
bc237 config: VCS:: parsed 2 patterns.
bc237 config: VCS: reading captured set patterns from '/home/linus/MoHex2.0/nfbranchfix/benzene-vanilla-cmake/share/vc-captured-set.txt'.
bc237 config: VCS:: parsed 2 patterns.
bc237 config: VCS: reading captured set patterns from '/home/linus/MoHex2.0/nfbranchfix/benzene-vanilla-cmake/share/vc-captured-set.txt'.
bc237 config: VCS:: parsed 2 patterns.
bc237 info: SwapCheck: reading from '/home/linus/MoHex2.0/nfbranchfix/benzene-vanilla-cmake/share/swap-moves.txt'.
bc237 info: SwapCheck: playing swap.
bc237 info: PlayAndSolve: Building VCs to avoid race condition.
bc237 config: VCPattern: loading pattern templates from '/home/linus/MoHex2.0/nfbranchfix/benzene-vanilla-cmake/share/vc-patterns.txt'.
bc237 info: PlayAndSolve: Continuing on as usual.
494d6 info: *** PlayerThread ***
ffff6 info: *** SolverThread ***
f7fe6 config: VCS: reading captured set patterns from '/home/linus/MoHex2.0/nfbranchfix/benzene-vanilla-cmake/share/vc-captured-set.txt'.
f7fe6 config: VCS:: parsed 2 patterns.
f7fe6 config: VCS: reading captured set patterns from '/home/linus/MoHex2.0/nfbranchfix/benzene-vanilla-cmake/share/vc-captured-set.txt'.
f7fe6 config: VCS:: parsed 2 patterns.
f7fe6 dfpn: 
494d6 info: Best move cannot be determined, must search state.
494d6 info: --- MoHexPlayer::Search() ---
494d6 info: Color: black
494d6 info: MaxGames: 1
494d6 info: NumberThreads: 1
494d6 info: MaxNodes: 9090 (799920 bytes)
494d6 info: TimeForMove: 1
f7fe6 dfpn: b10
f7fe6 dfpn: b9
f7fe6 dfpn: h4
f7fe6 dfpn: c9
f7fe6 dfpn: g5
f7fe6 dfpn: d8
f7fe6 dfpn: b6
f7fe6 dfpn: i3
f7fe6 dfpn: c10
f7fe6 dfpn: g4
f7fe6 dfpn: f5
f7fe6 dfpn: g6
f7fe6 dfpn: f6
f7fe6 dfpn: e8
f7fe6 dfpn: e7
f7fe6 dfpn: f7
f7fe6 dfpn: h5
f7fe6 dfpn: d9
f7fe6 dfpn: e6
f7fe6 dfpn: e5
f7fe6 dfpn: j2
f7fe6 dfpn: f4
f7fe6 dfpn: g7
f7fe6 dfpn: c10
494d6 info: PreSearch: max time reached (51/85).
494d6 info: Time for PreSearch: 0.200334s
494d6 info: 
  980c35de355245e4
  a  b  c  d  e  f  g  h  i  j  k  
 1\.  .  .  .  .  .  .  .  .  .  .\1
  2\.  .  *  *  *  *  *  *  *  *  *\2
   3\.  *  *  *  *  *  *  *  *  *  *\3
    4\*  *  *  *  *  *  *  *  *  *  *\4
     5\*  *  *  *  *  *  *  *  *  *  *\5
      6\*  *  *  *  *  *  *  *  *  *  .\6
       7\*  *  *  *  *  *  *  *  *  *  w\7
        8\B  *  *  *  *  *  *  *  *  .  w\8
         9\*  *  *  *  *  *  *  *  *  W  w\9
         10\*  *  *  *  *  *  *  .  .  w  w\10
          11\.  .  .  .  .  .  .  .  .  w  w\11
              a  b  c  d  e  f  g  h  i  j  k  
494d6 info: No subtree to reuse.
494d6 info: Creating thread 0
494d6 info: StartSearch()[0]
494d6 config: VCS: reading captured set patterns from '/home/linus/MoHex2.0/nfbranchfix/benzene-vanilla-cmake/share/vc-captured-set.txt'.
494d6 config: VCS:: parsed 2 patterns.
494d6 config: VCS: reading captured set patterns from '/home/linus/MoHex2.0/nfbranchfix/benzene-vanilla-cmake/share/vc-captured-set.txt'.
494d6 config: VCS:: parsed 2 patterns.
494d6 info: 
Elapsed Time   0.364872s
Count          1
GamesPlayed    1
Nodes          1
Knowledge      0 (0.0%)
Expansions     0.0
Time           0.00
GameLen        112.0 dev=0.0 min=112.0 max=112.0
InTree         0.0 dev=0.0 min=0.0 max=0.0
KnowDepth      -
Aborted        0%
Games/s        352.1
Score          0.00
Sequence      
494d6 info: 
494d6 warning: **** MoHexSearch returned empty sequence!
494d6 warning: **** Returning random move!
494d6 info: *** Player move: e6
f7fe6 info: DfpnSolver::CheckAbort(): Abort flag!
ffff6 info: 
MID calls      56
VC builds      54
Terminal       0
Work           56
Wasted Work    0 (0%)
Elapsed Time   0.374903
MIDs/sec       149.372
VCs/sec        144.037
Cnt prune sib  0
Avg prune sib  -
Consider Size  83.7407 dev=4.24787 min=76 max=89
Move Index     -
Move Percent   -
Delta Increase 3.90909 dev=14.7022 min=1 max=83
Winner         empty
PV             c10 b6 f5 e7

HashTableStatistics:
Stores         134
LookupAttempt  12432
LookupSuccess  684
Collisions     0

ffff6 info: Search aborted.
bc237 info: PlayAndSolve: Building VCs to avoid race condition.
bc237 info: PlayAndSolve: Continuing on as usual.
ffff6 info: *** PlayerThread ***
494d6 info: *** SolverThread ***
f7fe6 config: VCS: reading captured set patterns from '/home/linus/MoHex2.0/nfbranchfix/benzene-vanilla-cmake/share/vc-captured-set.txt'.
f7fe6 config: VCS:: parsed 2 patterns.
f7fe6 config: VCS: reading captured set patterns from '/home/linus/MoHex2.0/nfbranchfix/benzene-vanilla-cmake/share/vc-captured-set.txt'.
f7fe6 config: VCS:: parsed 2 patterns.
f7fe6 dfpn: 
ffff6 info: Best move cannot be determined, must search state.
ffff6 info: --- MoHexPlayer::Search() ---
ffff6 info: Color: black
ffff6 info: MaxGames: 1
ffff6 info: NumberThreads: 1
ffff6 info: MaxNodes: 9090 (799920 bytes)
ffff6 info: TimeForMove: 1
f7fe6 dfpn: b10
f7fe6 dfpn: e9
f7fe6 dfpn: d10
f7fe6 dfpn: f4
f7fe6 dfpn: b9
f7fe6 dfpn: f8
f7fe6 dfpn: f7
f7fe6 dfpn: e8
f7fe6 dfpn: f9
f7fe6 dfpn: e10
f7fe6 dfpn: g8
f7fe6 dfpn: d8
f7fe6 dfpn: d9
f7fe6 dfpn: e7
f7fe6 dfpn: a10
f7fe6 dfpn: g7
f7fe6 dfpn: e5
f7fe6 dfpn: f10
f7fe6 dfpn: h4
f7fe6 dfpn: i3
f7fe6 dfpn: g9
f7fe6 dfpn: g4
f7fe6 dfpn: f10
ffff6 info: PreSearch: max time reached (49/83).
ffff6 info: Time for PreSearch: 0.203253s
ffff6 info: 
  30d8f9b09ba35cec
  a  b  c  d  e  f  g  h  i  j  k  
 1\.  .  .  .  .  .  .  .  .  .  .\1
  2\.  .  *  *  *  *  *  *  *  *  *\2
   3\.  *  *  *  *  *  *  *  *  *  *\3
    4\*  *  *  *  *  *  *  *  *  *  *\4
     5\*  *  *  *  *  *  *  *  *  *  *\5
      6\*  *  *  *  B  *  *  *  *  *  .\6
       7\*  *  *  *  *  *  *  *  *  *  w\7
        8\B  *  *  *  *  *  *  *  *  .  w\8
         9\*  *  *  *  *  *  *  *  *  W  w\9
         10\*  *  W  *  *  *  *  .  .  w  w\10
          11\.  .  .  .  .  .  .  .  .  w  w\11
              a  b  c  d  e  f  g  h  i  j  k  
ffff6 info: Old: [black, a8] [white, swap-pieces] [white, j9] 
ffff6 info: New: [black, a8] [white, swap-pieces] [white, j9] [black, e6] [white, c10] 
ffff6 info: MovesPlayed: [black, e6] [white, c10] 
ffff6 info: No subtree to reuse.
ffff6 info: StartSearch()[0]
ffff6 info: 
Elapsed Time   0.352841s
Count          1
GamesPlayed    1
Nodes          1
Knowledge      0 (0.0%)
Expansions     0.0
Time           0.00
GameLen        110.0 dev=0.0 min=110.0 max=110.0
InTree         0.0 dev=0.0 min=0.0 max=0.0
KnowDepth      -
Aborted        0%
Games/s        3058.1
Score          0.00
Sequence      
ffff6 info: 
ffff6 warning: **** MoHexSearch returned empty sequence!
ffff6 warning: **** Returning random move!
ffff6 info: *** Player move: h6
f7fe6 info: DfpnSolver::CheckAbort(): Abort flag!
494d6 info: 
MID calls      61
VC builds      59
Terminal       0
Work           61
Wasted Work    0 (0%)
Elapsed Time   0.364128
MIDs/sec       167.524
VCs/sec        162.031
Cnt prune sib  0
Avg prune sib  -
Consider Size  78.0848 dev=5.7438 min=66 max=87
Move Index     -
Move Percent   -
Delta Increase 3.51667 dev=13.4654 min=1 max=78
Winner         empty
PV             f10 g8 c9 e9

HashTableStatistics:
Stores         277
LookupAttempt  24473
LookupSuccess  1324
Collisions     0

494d6 info: Search aborted.
bc237 info: PlayAndSolve: Building VCs to avoid race condition.
bc237 info: PlayAndSolve: Continuing on as usual.
494d6 info: *** PlayerThread ***
ffff6 info: *** SolverThread ***
f7fe6 config: VCS: reading captured set patterns from '/home/linus/MoHex2.0/nfbranchfix/benzene-vanilla-cmake/share/vc-captured-set.txt'.
f7fe6 config: VCS:: parsed 2 patterns.
f7fe6 config: VCS: reading captured set patterns from '/home/linus/MoHex2.0/nfbranchfix/benzene-vanilla-cmake/share/vc-captured-set.txt'.
f7fe6 config: VCS:: parsed 2 patterns.
f7fe6 dfpn: 
494d6 info: Best move cannot be determined, must search state.
494d6 info: --- MoHexPlayer::Search() ---
494d6 info: Color: black
494d6 info: MaxGames: 1
494d6 info: NumberThreads: 1
494d6 info: MaxNodes: 9090 (799920 bytes)
494d6 info: TimeForMove: 1
f7fe6 dfpn: g8
f7fe6 dfpn: e9
f7fe6 dfpn: e7
f7fe6 dfpn: b10
f7fe6 dfpn: f9
f7fe6 dfpn: f8
f7fe6 dfpn: i4
f7fe6 dfpn: f7
f7fe6 dfpn: d10
f7fe6 dfpn: h4
f7fe6 dfpn: g9
f7fe6 dfpn: h7
f7fe6 dfpn: h5
f7fe6 dfpn: e8
f7fe6 dfpn: e10
f7fe6 dfpn: h8
f7fe6 dfpn: i3
f7fe6 dfpn: f4
f7fe6 dfpn: f10
f7fe6 dfpn: g5
f7fe6 dfpn: j2
f7fe6 dfpn: g10
494d6 info: PreSearch: max time reached (38/81).
494d6 info: Time for PreSearch: 0.207149s
494d6 info: 
  5fcbf7aa2853f329
  a  b  c  d  e  f  g  h  i  j  k  
 1\.  .  .  .  .  .  .  .  .  .  .\1
  2\.  .  *  *  *  *  *  *  *  *  *\2
   3\.  *  *  *  *  *  *  *  *  *  *\3
    4\*  *  *  *  *  *  *  *  *  *  *\4
     5\*  *  *  *  *  *  *  *  *  *  *\5
      6\*  *  *  *  B  *  *  B  *  *  .\6
       7\*  *  *  W  *  *  *  *  *  *  w\7
        8\B  *  *  *  *  *  *  *  *  .  w\8
         9\*  *  *  *  *  *  *  *  *  W  w\9
         10\*  *  W  *  *  *  *  .  .  w  w\10
          11\.  .  .  .  .  .  .  .  .  w  w\11
              a  b  c  d  e  f  g  h  i  j  k  
494d6 info: Old: [black, a8] [white, swap-pieces] [white, j9] [black, e6] [white, c10] 
494d6 info: New: [black, a8] [white, swap-pieces] [white, j9] [black, e6] [white, c10] [black, h6] [white, d7] 
494d6 info: MovesPlayed: [black, h6] [white, d7] 
494d6 info: No subtree to reuse.
494d6 info: StartSearch()[0]
494d6 info: 
Elapsed Time   0.367182s
Count          1
GamesPlayed    1
Nodes          1
Knowledge      0 (0.0%)
Expansions     0.0
Time           0.00
GameLen        108.0 dev=0.0 min=108.0 max=108.0
InTree         0.0 dev=0.0 min=0.0 max=0.0
KnowDepth      -
Aborted        0%
Games/s        2816.9
Score          1.00
Sequence      
494d6 info: 
494d6 warning: **** MoHexSearch returned empty sequence!
494d6 warning: **** Returning random move!
494d6 info: *** Player move: h1
f7fe6 info: DfpnSolver::CheckAbort(): Abort flag!
ffff6 info: 
MID calls      51
VC builds      50
Terminal       0
Work           51
Wasted Work    0 (0%)
Elapsed Time   0.381521
MIDs/sec       133.675
VCs/sec        131.054
Cnt prune sib  0
Avg prune sib  -
Consider Size  75.18 dev=9.03247 min=38 max=83
Move Index     -
Move Percent   -
Delta Increase 3.92 dev=14.1164 min=1 max=76
Winner         empty
PV             g10 j2 f4 g8

HashTableStatistics:
Stores         399
LookupAttempt  35098
LookupSuccess  1907
Collisions     0

ffff6 info: Search aborted.
bc237 info: PlayAndSolve: Building VCs to avoid race condition.
bc237 info: PlayAndSolve: Continuing on as usual.
ffff6 info: *** PlayerThread ***
494d6 info: *** SolverThread ***
f7fe6 config: VCS: reading captured set patterns from '/home/linus/MoHex2.0/nfbranchfix/benzene-vanilla-cmake/share/vc-captured-set.txt'.
f7fe6 config: VCS:: parsed 2 patterns.
f7fe6 config: VCS: reading captured set patterns from '/home/linus/MoHex2.0/nfbranchfix/benzene-vanilla-cmake/share/vc-captured-set.txt'.
f7fe6 config: VCS:: parsed 2 patterns.
f7fe6 dfpn: 
ffff6 info: Best move cannot be determined, must search state.
ffff6 info: --- MoHexPlayer::Search() ---
ffff6 info: Color: black
ffff6 info: MaxGames: 1
ffff6 info: NumberThreads: 1
ffff6 info: MaxNodes: 9090 (799920 bytes)
ffff6 info: TimeForMove: 1
f7fe6 dfpn: g8
f7fe6 dfpn: e9
f7fe6 dfpn: i4
f7fe6 dfpn: g3
f7fe6 dfpn: i3
f7fe6 dfpn: h4
f7fe6 dfpn: e7
f7fe6 dfpn: b10
f7fe6 dfpn: h3
f7fe6 dfpn: j2
f7fe6 dfpn: f9
f7fe6 dfpn: f8
f7fe6 dfpn: d10
f7fe6 dfpn: h5
f7fe6 dfpn: g9
f7fe6 dfpn: h7
f7fe6 dfpn: f7
f7fe6 dfpn: h8
f7fe6 dfpn: e10
f7fe6 dfpn: h2
f7fe6 dfpn: e8
f7fe6 dfpn: e10
ffff6 info: PreSearch: max time reached (68/80).
ffff6 info: Time for PreSearch: 0.200618s
ffff6 info: 
  7561d8826b36fcbd
  a  b  c  d  e  f  g  h  i  j  k  
 1\.  .  .  .  .  .  b  B  .  .  .\1
  2\.  .  *  *  *  W  *  *  *  *  *\2
   3\.  *  *  *  *  *  *  *  *  *  *\3
    4\*  *  *  *  *  *  *  *  *  *  *\4
     5\*  *  *  *  *  *  *  *  *  *  *\5
      6\*  *  *  *  B  *  *  B  *  *  .\6
       7\*  *  *  W  *  *  *  *  *  *  w\7
        8\B  *  *  *  *  *  *  *  *  .  w\8
         9\*  *  *  *  *  *  *  *  *  W  w\9
         10\*  *  W  *  *  *  *  .  .  w  w\10
          11\.  .  .  .  .  .  .  .  .  w  w\11
              a  b  c  d  e  f  g  h  i  j  k  
f7fe6 dfpn: d10
ffff6 info: Old: [black, a8] [white, swap-pieces] [white, j9] [black, e6] [white, c10] [black, h6] [white, d7] 
ffff6 info: New: [black, a8] [white, swap-pieces] [white, j9] [black, e6] [white, c10] [black, h6] [white, d7] [black, h1] [white, f2] 
ffff6 info: MovesPlayed: [black, h1] [white, f2] 
ffff6 info: No subtree to reuse.
ffff6 info: StartSearch()[0]
ffff6 info: 
Elapsed Time   0.351008s
Count          1
GamesPlayed    1
Nodes          1
Knowledge      0 (0.0%)
Expansions     0.0
Time           0.00
GameLen        105.0 dev=0.0 min=105.0 max=105.0
InTree         0.0 dev=0.0 min=0.0 max=0.0
KnowDepth      -
Aborted        0%
Games/s        3300.3
Score          0.00
Sequence      
ffff6 info: 
ffff6 warning: **** MoHexSearch returned empty sequence!
ffff6 warning: **** Returning random move!
ffff6 info: *** Player move: d4
f7fe6 info: DfpnSolver::CheckAbort(): Abort flag!
494d6 info: 
MID calls      74
VC builds      71
Terminal       0
Work           74
Wasted Work    0 (0%)
Elapsed Time   0.35898
MIDs/sec       206.14
VCs/sec        197.783
Cnt prune sib  1
Avg prune sib  2 dev=0 min=2 max=2
Consider Size  73.9296 dev=4.63418 min=61 max=80
Move Index     -
Move Percent   -
Delta Increase 3.05479 dev=11.4244 min=1 max=72
Winner         empty
PV             d10 e9 g8

HashTableStatistics:
Stores         569
LookupAttempt  47598
LookupSuccess  2558
Collisions     0

494d6 info: Search aborted.
bc237 info: PlayAndSolve: Building VCs to avoid race condition.
bc237 info: PlayAndSolve: Continuing on as usual.
494d6 info: *** PlayerThread ***
ffff6 info: *** SolverThread ***
f7fe6 config: VCS: reading captured set patterns from '/home/linus/MoHex2.0/nfbranchfix/benzene-vanilla-cmake/share/vc-captured-set.txt'.
f7fe6 config: VCS:: parsed 2 patterns.
f7fe6 config: VCS: reading captured set patterns from '/home/linus/MoHex2.0/nfbranchfix/benzene-vanilla-cmake/share/vc-captured-set.txt'.
f7fe6 config: VCS:: parsed 2 patterns.
f7fe6 dfpn: 
494d6 info: Best move cannot be determined, must search state.
494d6 info: --- MoHexPlayer::Search() ---
494d6 info: Color: black
494d6 info: MaxGames: 1
494d6 info: NumberThreads: 1
494d6 info: MaxNodes: 9090 (799920 bytes)
494d6 info: TimeForMove: 1
f7fe6 dfpn: g8
f7fe6 dfpn: b10
f7fe6 dfpn: e9
f7fe6 dfpn: e7
f7fe6 dfpn: f9
f7fe6 dfpn: i4
f7fe6 dfpn: f8
f7fe6 dfpn: d10
f7fe6 dfpn: f7
f7fe6 dfpn: g9
f7fe6 dfpn: h4
f7fe6 dfpn: h7
f7fe6 dfpn: i3
f7fe6 dfpn: e8
f7fe6 dfpn: e10
f7fe6 dfpn: g3
f7fe6 dfpn: h5
f7fe6 dfpn: h8
f7fe6 dfpn: f10
f7fe6 dfpn: h3
f7fe6 dfpn: j2
f7fe6 dfpn: f10
494d6 info: PreSearch: max time reached (55/80).
494d6 info: Time for PreSearch: 0.202831s
494d6 info: 
  200608a438fec94a
  a  b  c  d  e  f  g  h  i  j  k  
 1\b  .  .  .  .  .  b  B  .  .  .\1
  2\W  .  .  *  *  W  *  *  *  *  *\2
   3\.  *  *  *  *  *  *  *  *  *  *\3
    4\*  *  *  B  *  *  *  *  *  *  *\4
     5\*  *  *  *  *  *  *  *  *  *  *\5
      6\*  *  *  *  B  *  *  B  *  *  .\6
       7\*  *  *  W  *  *  *  *  *  *  w\7
        8\B  *  *  *  *  *  *  *  *  .  w\8
         9\*  *  *  *  *  *  *  *  *  W  w\9
         10\*  *  W  *  *  *  *  .  .  w  w\10
          11\.  .  .  .  .  .  .  .  .  w  w\11
              a  b  c  d  e  f  g  h  i  j  k  
f7fe6 dfpn: e10
494d6 info: Old: [black, a8] [white, swap-pieces] [white, j9] [black, e6] [white, c10] [black, h6] [white, d7] [black, h1] [white, f2] 
494d6 info: New: [black, a8] [white, swap-pieces] [white, j9] [black, e6] [white, c10] [black, h6] [white, d7] [black, h1] [white, f2] [black, d4] [white, a2] 
494d6 info: MovesPlayed: [black, d4] [white, a2] 
494d6 info: No subtree to reuse.
494d6 info: StartSearch()[0]
494d6 info: 
Elapsed Time   0.372832s
Count          1
GamesPlayed    1
Nodes          1
Knowledge      0 (0.0%)
Expansions     0.0
Time           0.00
GameLen        102.0 dev=0.0 min=102.0 max=102.0
InTree         0.0 dev=0.0 min=0.0 max=0.0
KnowDepth      -
Aborted        0%
Games/s        3058.1
Score          1.00
Sequence      
494d6 info: 
494d6 warning: **** MoHexSearch returned empty sequence!
494d6 warning: **** Returning random move!
494d6 info: *** Player move: c3
f7fe6 info: DfpnSolver::CheckAbort(): Abort flag!
ffff6 info: 
MID calls      74
VC builds      71
Terminal       0
Work           74
Wasted Work    0 (0%)
Elapsed Time   0.383043
MIDs/sec       193.19
VCs/sec        185.358
Cnt prune sib  0
Avg prune sib  -
Consider Size  73.4789 dev=7.3347 min=38 max=80
Move Index     -
Move Percent   -
Delta Increase 2.9452 dev=9.82015 min=1 max=72
Winner         empty
PV             e10 d3 g3

HashTableStatistics:
Stores         739
LookupAttempt  60033
LookupSuccess  3209
Collisions     0

ffff6 info: Search aborted.
bc237 info: PlayAndSolve: Building VCs to avoid race condition.
bc237 info: PlayAndSolve: Continuing on as usual.
ffff6 info: *** PlayerThread ***
494d6 info: *** SolverThread ***
f7fe6 config: VCS: reading captured set patterns from '/home/linus/MoHex2.0/nfbranchfix/benzene-vanilla-cmake/share/vc-captured-set.txt'.
f7fe6 config: VCS:: parsed 2 patterns.
f7fe6 config: VCS: reading captured set patterns from '/home/linus/MoHex2.0/nfbranchfix/benzene-vanilla-cmake/share/vc-captured-set.txt'.
f7fe6 config: VCS:: parsed 2 patterns.
f7fe6 dfpn: 
ffff6 info: Best move cannot be determined, must search state.
ffff6 info: --- MoHexPlayer::Search() ---
ffff6 info: Color: black
ffff6 info: MaxGames: 1
ffff6 info: NumberThreads: 1
ffff6 info: MaxNodes: 9090 (799920 bytes)
ffff6 info: TimeForMove: 1
f7fe6 dfpn: g8
f7fe6 dfpn: e7
f7fe6 dfpn: b10
f7fe6 dfpn: e9
f7fe6 dfpn: f7
f7fe6 dfpn: f9
f7fe6 dfpn: f8
f7fe6 dfpn: d10
f7fe6 dfpn: e8
f7fe6 dfpn: g9
f7fe6 dfpn: e10
f7fe6 dfpn: h7
f7fe6 dfpn: h8
f7fe6 dfpn: h5
f7fe6 dfpn: f10
f7fe6 dfpn: i4
f7fe6 dfpn: h4
f7fe6 dfpn: g5
f7fe6 dfpn: g10
f7fe6 dfpn: d5
f7fe6 dfpn: g8
ffff6 info: PreSearch: max time reached (49/75).
ffff6 info: Time for PreSearch: 0.200236s
ffff6 info: 
  fda499c243377290
  a  b  c  d  e  f  g  h  i  j  k  
 1\b  .  .  .  .  .  b  B  .  .  .\1
  2\W  *  *  .  *  W  *  *  *  *  *\2
   3\.  *  B  *  *  *  *  *  *  *  *\3
    4\*  *  *  B  *  *  *  *  *  *  *\4
     5\.  *  *  *  *  *  *  *  *  *  *\5
      6\W  *  *  *  B  *  *  B  *  *  .\6
       7\.  *  *  W  *  *  *  *  *  *  w\7
        8\B  *  *  *  *  *  *  *  *  .  w\8
         9\*  *  *  *  *  *  *  *  *  W  w\9
         10\*  *  W  *  *  *  *  .  .  w  w\10
          11\.  .  .  .  .  .  .  .  .  w  w\11
              a  b  c  d  e  f  g  h  i  j  k  
ffff6 info: Old: [black, a8] [white, swap-pieces] [white, j9] [black, e6] [white, c10] [black, h6] [white, d7] [black, h1] [white, f2] [black, d4] [white, a2] 
ffff6 info: New: [black, a8] [white, swap-pieces] [white, j9] [black, e6] [white, c10] [black, h6] [white, d7] [black, h1] [white, f2] [black, d4] [white, a2] [black, c3] [white, a6] 
ffff6 info: MovesPlayed: [black, c3] [white, a6] 
ffff6 info: No subtree to reuse.
f7fe6 dfpn: g9
ffff6 info: StartSearch()[0]
ffff6 info: 
Elapsed Time   0.373867s
Count          1
GamesPlayed    1
Nodes          1
Knowledge      0 (0.0%)
Expansions     0.0
Time           0.00
GameLen        100.0 dev=0.0 min=100.0 max=100.0
InTree         0.0 dev=0.0 min=0.0 max=0.0
KnowDepth      -
Aborted        0%
Games/s        3105.6
Score          1.00
Sequence      
ffff6 info: 
ffff6 warning: **** MoHexSearch returned empty sequence!
ffff6 warning: **** Returning random move!
ffff6 info: *** Player move: k4
f7fe6 info: DfpnSolver::CheckAbort(): Abort flag!
494d6 info: 
MID calls      55
VC builds      54
Terminal       2
Work           57
Wasted Work    0 (0%)
Elapsed Time   0.382407
MIDs/sec       143.826
VCs/sec        141.211
Cnt prune sib  0
Avg prune sib  -
Consider Size  57.8077 dev=19.1061 min=17 max=76
Move Index     -
Move Percent   -
Delta Increase 2.85714 dev=9.96499 min=1 max=71
Winner         empty
PV             g9 g10 f10

HashTableStatistics:
Stores         874
LookupAttempt  69454
LookupSuccess  3796
Collisions     0

494d6 info: Search aborted.
bc237 info: PlayAndSolve: Building VCs to avoid race condition.
bc237 info: PlayAndSolve: Continuing on as usual.
494d6 info: *** PlayerThread ***
ffff6 info: *** SolverThread ***
f7fe6 config: VCS: reading captured set patterns from '/home/linus/MoHex2.0/nfbranchfix/benzene-vanilla-cmake/share/vc-captured-set.txt'.
f7fe6 config: VCS:: parsed 2 patterns.
f7fe6 config: VCS: reading captured set patterns from '/home/linus/MoHex2.0/nfbranchfix/benzene-vanilla-cmake/share/vc-captured-set.txt'.
f7fe6 config: VCS:: parsed 2 patterns.
f7fe6 dfpn: 
494d6 info: Best move cannot be determined, must search state.
494d6 info: --- MoHexPlayer::Search() ---
494d6 info: Color: black
494d6 info: MaxGames: 1
494d6 info: NumberThreads: 1
494d6 info: MaxNodes: 9090 (799920 bytes)
494d6 info: TimeForMove: 1
f7fe6 dfpn: g8
f7fe6 dfpn: e9
f7fe6 dfpn: b10
f7fe6 dfpn: f4
f7fe6 dfpn: f9
f7fe6 dfpn: b6
f7fe6 dfpn: e7
f7fe6 dfpn: g9
f7fe6 dfpn: h8
f7fe6 dfpn: f8
f7fe6 dfpn: d10
f7fe6 dfpn: e10
f7fe6 dfpn: f10
f7fe6 dfpn: h7
f7fe6 dfpn: e8
f7fe6 dfpn: h3
f7fe6 dfpn: i3
f7fe6 dfpn: g10
f7fe6 dfpn: f7
f7fe6 dfpn: i4
f7fe6 dfpn: f7
494d6 info: PreSearch: max time reached (55/73).
494d6 info: Time for PreSearch: 0.201348s
494d6 info: 
  0807d49370dedd03
  a  b  c  d  e  f  g  h  i  j  k  
 1\b  .  .  .  .  .  b  B  .  .  .\1
  2\W  *  *  .  *  W  *  *  *  *  *\2
   3\.  *  B  *  *  *  *  *  *  *  *\3
    4\*  *  *  B  *  *  *  *  *  *  B\4
     5\.  *  *  W  *  *  *  *  *  *  *\5
      6\W  *  *  *  B  *  *  B  *  *  .\6
       7\.  *  *  W  *  *  *  *  *  *  w\7
        8\B  *  *  *  *  *  *  *  *  .  w\8
         9\*  *  *  *  *  *  *  *  *  W  w\9
         10\*  *  W  *  *  *  *  .  .  w  w\10
          11\.  .  .  .  .  .  .  .  .  w  w\11
              a  b  c  d  e  f  g  h  i  j  k  
494d6 info: Old: [black, a8] [white, swap-pieces] [white, j9] [black, e6] [white, c10] [black, h6] [white, d7] [black, h1] [white, f2] [black, d4] [white, a2] [black, c3] [white, a6] 
494d6 info: New: [black, a8] [white, swap-pieces] [white, j9] [black, e6] [white, c10] [black, h6] [white, d7] [black, h1] [white, f2] [black, d4] [white, a2] [black, c3] [white, a6] [black, k4] [white, d5] 
494d6 info: MovesPlayed: [black, k4] [white, d5] 
494d6 info: No subtree to reuse.
f7fe6 dfpn: g8
494d6 info: StartSearch()[0]
494d6 info: 
Elapsed Time   0.357916s
Count          1
GamesPlayed    1
Nodes          1
Knowledge      0 (0.0%)
Expansions     0.0
Time           0.00
GameLen        98.0 dev=0.0 min=98.0 max=98.0
InTree         0.0 dev=0.0 min=0.0 max=0.0
KnowDepth      -
Aborted        0%
Games/s        3086.4
Score          1.00
Sequence      
494d6 info: 
494d6 warning: **** MoHexSearch returned empty sequence!
494d6 warning: **** Returning random move!
494d6 info: *** Player move: c4
f7fe6 info: DfpnSolver::CheckAbort(): Abort flag!
ffff6 info: 
MID calls      55
VC builds      53
Terminal       1
Work           56
Wasted Work    0 (0%)
Elapsed Time   0.367497
MIDs/sec       149.661
VCs/sec        144.219
Cnt prune sib  0
Avg prune sib  -
Consider Size  61.2308 dev=15.4964 min=32 max=75
Move Index     -
Move Percent   -
Delta Increase 4.25454 dev=13.5663 min=1 max=69
Winner         empty
PV             g8 f4 h3

HashTableStatistics:
Stores         1007
LookupAttempt  78893
LookupSuccess  4382
Collisions     0

ffff6 info: Search aborted.
bc237 info: PlayAndSolve: Building VCs to avoid race condition.
bc237 info: PlayAndSolve: Continuing on as usual.
ffff6 info: *** PlayerThread ***
494d6 info: *** SolverThread ***
f7fe6 config: VCS: reading captured set patterns from '/home/linus/MoHex2.0/nfbranchfix/benzene-vanilla-cmake/share/vc-captured-set.txt'.
f7fe6 config: VCS:: parsed 2 patterns.
f7fe6 config: VCS: reading captured set patterns from '/home/linus/MoHex2.0/nfbranchfix/benzene-vanilla-cmake/share/vc-captured-set.txt'.
f7fe6 config: VCS:: parsed 2 patterns.
f7fe6 dfpn: 
ffff6 info: Best move cannot be determined, must search state.
ffff6 info: --- MoHexPlayer::Search() ---
ffff6 info: Color: black
ffff6 info: MaxGames: 1
ffff6 info: NumberThreads: 1
ffff6 info: MaxNodes: 9090 (799920 bytes)
ffff6 info: TimeForMove: 1
f7fe6 dfpn: b6
f7fe6 dfpn: g8
f7fe6 dfpn: b10
f7fe6 dfpn: e4
f7fe6 dfpn: e9
f7fe6 dfpn: j2
f7fe6 dfpn: f9
f7fe6 dfpn: g9
f7fe6 dfpn: h8
f7fe6 dfpn: d10
f7fe6 dfpn: i3
f7fe6 dfpn: f8
f7fe6 dfpn: e7
f7fe6 dfpn: e10
f7fe6 dfpn: f10
f7fe6 dfpn: h7
f7fe6 dfpn: h3
f7fe6 dfpn: h2
f7fe6 dfpn: f10
ffff6 info: PreSearch: max time reached (49/65).
ffff6 info: Time for PreSearch: 0.204994s
ffff6 info: 
  5a2a2b2847dd6c26
  a  b  c  d  e  f  g  h  i  j  k  
 1\b  .  .  .  .  .  b  B  .  .  .\1
  2\W  *  .  *  *  W  .  .  *  *  *\2
   3\.  *  B  b  b  W  *  *  *  *  *\3
    4\.  .  B  B  *  *  *  *  *  *  B\4
     5\.  *  .  W  *  *  *  *  *  *  *\5
      6\W  *  *  *  B  *  *  B  *  *  .\6
       7\.  *  *  W  *  *  *  *  *  *  w\7
        8\B  *  *  *  *  *  *  *  *  .  w\8
         9\*  *  *  *  *  *  *  *  *  W  w\9
         10\*  *  W  *  *  *  *  .  .  w  w\10
          11\.  .  .  .  .  .  .  .  .  w  w\11
              a  b  c  d  e  f  g  h  i  j  k  
f7fe6 dfpn: e10
ffff6 info: Old: [black, a8] [white, swap-pieces] [white, j9] [black, e6] [white, c10] [black, h6] [white, d7] [black, h1] [white, f2] [black, d4] [white, a2] [black, c3] [white, a6] [black, k4] [white, d5] 
ffff6 info: New: [black, a8] [white, swap-pieces] [white, j9] [black, e6] [white, c10] [black, h6] [white, d7] [black, h1] [white, f2] [black, d4] [white, a2] [black, c3] [white, a6] [black, k4] [white, d5] [black, c4] [white, f3] 
ffff6 info: MovesPlayed: [black, c4] [white, f3] 
ffff6 info: No subtree to reuse.
ffff6 info: StartSearch()[0]
ffff6 info: 
Elapsed Time   0.364544s
Count          1
GamesPlayed    1
Nodes          1
Knowledge      0 (0.0%)
Expansions     0.0
Time           0.00
GameLen        94.0 dev=0.0 min=94.0 max=94.0
InTree         0.0 dev=0.0 min=0.0 max=0.0
KnowDepth      -
Aborted        0%
Games/s        3816.8
Score          0.00
Sequence      
ffff6 info: 
ffff6 warning: **** MoHexSearch returned empty sequence!
ffff6 warning: **** Returning random move!
ffff6 info: *** Player move: j2
f7fe6 info: DfpnSolver::CheckAbort(): Abort flag!
494d6 info: 
MID calls      72
VC builds      68
Terminal       0
Work           72
Wasted Work    0 (0%)
Elapsed Time   0.37522
MIDs/sec       191.887
VCs/sec        181.227
Cnt prune sib  2
Avg prune sib  2 dev=0 min=2 max=2
Consider Size  56.2206 dev=9.76319 min=25 max=67
Move Index     -
Move Percent   -
Delta Increase 3.46479 dev=11.1871 min=1 max=58
Winner         empty
PV             e10 b6 f8 j2

HashTableStatistics:
Stores         1169
LookupAttempt  87939
LookupSuccess  4897
Collisions     0

494d6 info: Search aborted.
bc237 info: PlayAndSolve: Building VCs to avoid race condition.
bc237 info: PlayAndSolve: Continuing on as usual.
494d6 info: *** PlayerThread ***
ffff6 info: *** SolverThread ***
f7fe6 config: VCS: reading captured set patterns from '/home/linus/MoHex2.0/nfbranchfix/benzene-vanilla-cmake/share/vc-captured-set.txt'.
f7fe6 config: VCS:: parsed 2 patterns.
f7fe6 config: VCS: reading captured set patterns from '/home/linus/MoHex2.0/nfbranchfix/benzene-vanilla-cmake/share/vc-captured-set.txt'.
f7fe6 config: VCS:: parsed 2 patterns.
f7fe6 dfpn: 
494d6 info: Best move cannot be determined, must search state.
494d6 info: --- MoHexPlayer::Search() ---
494d6 info: Color: black
494d6 info: MaxGames: 1
494d6 info: NumberThreads: 1
494d6 info: MaxNodes: 9090 (799920 bytes)
494d6 info: TimeForMove: 1
f7fe6 dfpn: g8
f7fe6 dfpn: b6
f7fe6 dfpn: h5
f7fe6 dfpn: e9
f7fe6 dfpn: b10
f7fe6 dfpn: f9
f7fe6 dfpn: i4
f7fe6 dfpn: h8
f7fe6 dfpn: g9
f7fe6 dfpn: h7
f7fe6 dfpn: f8
f7fe6 dfpn: d10
f7fe6 dfpn: f10
f7fe6 dfpn: i7
f7fe6 dfpn: e10
f7fe6 dfpn: j3
f7fe6 dfpn: g8
f7fe6 dfpn: e9
494d6 info: PreSearch: max time reached (57/60).
494d6 info: Time for PreSearch: 0.201849s
494d6 info: 
  d310b4d039042550
  a  b  c  d  e  f  g  h  i  j  k  
 1\b  .  .  .  .  .  b  B  b  b  b\1
  2\W  .  .  .  .  W  .  .  .  B  .\2
   3\.  .  B  b  b  W  *  *  *  *  *\3
    4\.  .  B  B  *  *  *  *  *  *  B\4
     5\.  *  .  W  *  *  *  *  *  *  .\5
      6\W  *  *  *  B  *  *  B  *  *  W\6
       7\.  *  *  W  *  *  *  *  *  *  b\7
        8\B  *  *  *  *  *  *  *  *  .  w\8
         9\*  *  *  *  *  *  *  *  *  W  w\9
         10\*  *  W  *  *  *  *  .  .  w  w\10
          11\.  .  .  .  .  .  .  .  .  w  w\11
              a  b  c  d  e  f  g  h  i  j  k  
494d6 info: Old: [black, a8] [white, swap-pieces] [white, j9] [black, e6] [white, c10] [black, h6] [white, d7] [black, h1] [white, f2] [black, d4] [white, a2] [black, c3] [white, a6] [black, k4] [white, d5] [black, c4] [white, f3] 
494d6 info: New: [black, a8] [white, swap-pieces] [white, j9] [black, e6] [white, c10] [black, h6] [white, d7] [black, h1] [white, f2] [black, d4] [white, a2] [black, c3] [white, a6] [black, k4] [white, d5] [black, c4] [white, f3] [black, j2] [white, k6] 
494d6 info: MovesPlayed: [black, j2] [white, k6] 
494d6 info: No subtree to reuse.
f7fe6 dfpn: i4
494d6 info: StartSearch()[0]
494d6 info: 
Elapsed Time   0.358063s
Count          1
GamesPlayed    1
Nodes          1
Knowledge      0 (0.0%)
Expansions     0.0
Time           0.00
GameLen        89.0 dev=0.0 min=89.0 max=89.0
InTree         0.0 dev=0.0 min=0.0 max=0.0
KnowDepth      -
Aborted        0%
Games/s        3521.1
Score          0.00
Sequence      
494d6 info: 
494d6 warning: **** MoHexSearch returned empty sequence!
494d6 warning: **** Returning random move!
494d6 info: *** Player move: b4
f7fe6 info: DfpnSolver::CheckAbort(): Abort flag!
ffff6 info: 
MID calls      75
VC builds      69
Terminal       0
Work           75
Wasted Work    0 (0%)
Elapsed Time   0.364983
MIDs/sec       205.489
VCs/sec        189.05
Cnt prune sib  1
Avg prune sib  2 dev=0 min=2 max=2
Consider Size  40.8261 dev=20.462 min=5 max=61
Move Index     -
Move Percent   -
Delta Increase 3.56757 dev=10.6124 min=1 max=56
Winner         empty
PV             i4 f9 h8 g10

HashTableStatistics:
Stores         1336
LookupAttempt  95386
LookupSuccess  5373
Collisions     0

ffff6 info: Search aborted.
bc237 info: PlayAndSolve: Building VCs to avoid race condition.
bc237 info: PlayAndSolve: Continuing on as usual.
ffff6 info: *** PlayerThread ***
494d6 info: *** SolverThread ***
f7fe6 config: VCS: reading captured set patterns from '/home/linus/MoHex2.0/nfbranchfix/benzene-vanilla-cmake/share/vc-captured-set.txt'.
f7fe6 config: VCS:: parsed 2 patterns.
f7fe6 config: VCS: reading captured set patterns from '/home/linus/MoHex2.0/nfbranchfix/benzene-vanilla-cmake/share/vc-captured-set.txt'.
f7fe6 config: VCS:: parsed 2 patterns.
f7fe6 dfpn: 
ffff6 info: Best move cannot be determined, must search state.
ffff6 info: --- MoHexPlayer::Search() ---
ffff6 info: Color: black
ffff6 info: MaxGames: 1
ffff6 info: NumberThreads: 1
ffff6 info: MaxNodes: 9090 (799920 bytes)
ffff6 info: TimeForMove: 1
f7fe6 dfpn: g8
f7fe6 dfpn: h5
f7fe6 dfpn: e9
f7fe6 dfpn: h8
f7fe6 dfpn: f9
f7fe6 dfpn: i4
f7fe6 dfpn: g9
f7fe6 dfpn: h7
f7fe6 dfpn: f8
f7fe6 dfpn: i7
f7fe6 dfpn: f10
f7fe6 dfpn: j3
f7fe6 dfpn: e10
f7fe6 dfpn: d10
f7fe6 dfpn: e7
f7fe6 dfpn: g8
ffff6 info: Time for PreSearch: 0.148343s
ffff6 info: 
  67aa9fde85da5e99
  a  b  c  d  e  f  g  h  i  j  k  
 1\b  b  b  b  b  b  b  B  b  b  b\1
  2\W  b  b  b  b  W  .  .  .  B  .\2
   3\w  b  B  b  b  W  *  *  *  *  *\3
    4\w  B  B  B  *  *  *  *  *  *  B\4
     5\b  b  .  W  *  *  *  *  *  *  .\5
      6\W  W  *  *  B  *  *  B  *  *  W\6
       7\b  *  *  W  *  *  *  *  *  *  b\7
        8\B  *  *  *  *  *  *  *  *  .  w\8
         9\*  *  *  *  *  *  *  *  *  W  w\9
         10\*  *  W  *  *  *  *  .  .  w  w\10
          11\.  .  .  .  .  .  .  .  .  w  w\11
              a  b  c  d  e  f  g  h  i  j  k  
f7fe6 dfpn: e9
ffff6 info: Old: [black, a8] [white, swap-pieces] [white, j9] [black, e6] [white, c10] [black, h6] [white, d7] [black, h1] [white, f2] [black, d4] [white, a2] [black, c3] [white, a6] [black, k4] [white, d5] [black, c4] [white, f3] [black, j2] [white, k6] 
ffff6 info: New: [black, a8] [white, swap-pieces] [white, j9] [black, e6] [white, c10] [black, h6] [white, d7] [black, h1] [white, f2] [black, d4] [white, a2] [black, c3] [white, a6] [black, k4] [white, d5] [black, c4] [white, f3] [black, j2] [white, k6] [black, b4] [white, b6] 
ffff6 info: MovesPlayed: [black, b4] [white, b6] 
ffff6 info: No subtree to reuse.
ffff6 info: StartSearch()[0]
ffff6 info: 
Elapsed Time   0.308014s
Count          1
GamesPlayed    1
Nodes          1
Knowledge      0 (0.0%)
Expansions     0.0
Time           0.00
GameLen        72.0 dev=0.0 min=72.0 max=72.0
InTree         0.0 dev=0.0 min=0.0 max=0.0
KnowDepth      -
Aborted        0%
Games/s        3003.0
Score          0.00
Sequence      
ffff6 info: 
ffff6 warning: **** MoHexSearch returned empty sequence!
ffff6 warning: **** Returning random move!
ffff6 info: *** Player move: i7
f7fe6 info: DfpnSolver::CheckAbort(): Abort flag!
494d6 info: 
MID calls      53
VC builds      49
Terminal       0
Work           53
Wasted Work    0 (0%)
Elapsed Time   0.316723
MIDs/sec       167.339
VCs/sec        154.709
Cnt prune sib  2
Avg prune sib  2 dev=1 min=1 max=3
Consider Size  34.9388 dev=17.5423 min=5 max=54
Move Index     -
Move Percent   -
Delta Increase 3.32692 dev=9.41913 min=1 max=50
Winner         empty
PV             e9 i4 g4 f7

HashTableStatistics:
Stores         1457
LookupAttempt  100768
LookupSuccess  5752
Collisions     0

494d6 info: Search aborted.
bc237 info: PlayAndSolve: Building VCs to avoid race condition.
bc237 info: PlayAndSolve: Continuing on as usual.
494d6 info: *** PlayerThread ***
ffff6 info: *** SolverThread ***
f7fe6 config: VCS: reading captured set patterns from '/home/linus/MoHex2.0/nfbranchfix/benzene-vanilla-cmake/share/vc-captured-set.txt'.
f7fe6 config: VCS:: parsed 2 patterns.
f7fe6 config: VCS: reading captured set patterns from '/home/linus/MoHex2.0/nfbranchfix/benzene-vanilla-cmake/share/vc-captured-set.txt'.
f7fe6 config: VCS:: parsed 2 patterns.
f7fe6 dfpn: 
494d6 info: Best move cannot be determined, must search state.
494d6 info: --- MoHexPlayer::Search() ---
494d6 info: Color: black
494d6 info: MaxGames: 1
494d6 info: NumberThreads: 1
494d6 info: MaxNodes: 9090 (799920 bytes)
494d6 info: TimeForMove: 1
f7fe6 dfpn: h7
f7fe6 dfpn: g8
f7fe6 dfpn: i4
f7fe6 dfpn: e9
f7fe6 dfpn: j6
f7fe6 dfpn: j3
f7fe6 dfpn: h9
f7fe6 dfpn: g10
f7fe6 dfpn: f9
f7fe6 dfpn: e7
f7fe6 dfpn: f10
f7fe6 dfpn: f8
f7fe6 dfpn: e10
f7fe6 dfpn: g9
f7fe6 dfpn: h7
494d6 info: Time for PreSearch: 0.160779s
494d6 info: 
  07a0d8e48fdacbab
  a  b  c  d  e  f  g  h  i  j  k  
 1\b  b  b  b  b  b  b  B  b  b  b\1
  2\W  b  b  b  b  W  .  .  .  B  .\2
   3\w  b  B  b  b  W  *  *  *  *  *\3
    4\w  B  B  B  *  *  *  *  *  *  B\4
     5\b  b  .  W  *  *  *  *  *  .  .\5
      6\W  W  *  *  B  *  *  B  W  *  W\6
       7\b  *  *  W  *  *  *  *  B  w  b\7
        8\B  *  *  *  *  *  *  *  *  w  w\8
         9\*  *  *  *  *  *  *  *  *  W  w\9
         10\*  *  W  *  *  *  *  .  .  w  w\10
          11\.  .  .  .  .  .  .  .  .  w  w\11
              a  b  c  d  e  f  g  h  i  j  k  
f7fe6 dfpn: g8
494d6 info: Old: [black, a8] [white, swap-pieces] [white, j9] [black, e6] [white, c10] [black, h6] [white, d7] [black, h1] [white, f2] [black, d4] [white, a2] [black, c3] [white, a6] [black, k4] [white, d5] [black, c4] [white, f3] [black, j2] [white, k6] [black, b4] [white, b6] 
494d6 info: New: [black, a8] [white, swap-pieces] [white, j9] [black, e6] [white, c10] [black, h6] [white, d7] [black, h1] [white, f2] [black, d4] [white, a2] [black, c3] [white, a6] [black, k4] [white, d5] [black, c4] [white, f3] [black, j2] [white, k6] [black, b4] [white, b6] [black, i7] [white, i6] 
494d6 info: MovesPlayed: [black, i7] [white, i6] 
494d6 info: No subtree to reuse.
494d6 info: StartSearch()[0]
494d6 info: 
Elapsed Time   0.330471s
Count          1
GamesPlayed    1
Nodes          1
Knowledge      0 (0.0%)
Expansions     0.0
Time           0.00
GameLen        68.0 dev=0.0 min=68.0 max=68.0
InTree         0.0 dev=0.0 min=0.0 max=0.0
KnowDepth      -
Aborted        0%
Games/s        3115.3
Score          0.00
Sequence      
494d6 info: 
494d6 warning: **** MoHexSearch returned empty sequence!
494d6 warning: **** Returning random move!
494d6 info: *** Player move: b9
f7fe6 info: DfpnSolver::CheckAbort(): Abort flag!
ffff6 info: 
MID calls      53
VC builds      49
Terminal       0
Work           53
Wasted Work    0 (0%)
Elapsed Time   0.340796
MIDs/sec       155.518
VCs/sec        143.781
Cnt prune sib  0
Avg prune sib  -
Consider Size  29.2449 dev=14.91 min=4 max=50
Move Index     -
Move Percent   -
Delta Increase 3.07692 dev=8.51886 min=1 max=46
Winner         empty
PV             g8 f9 i8 g10

HashTableStatistics:
Stores         1577
LookupAttempt  105414
LookupSuccess  6096
Collisions     0

ffff6 info: Search aborted.
bc237 info: PlayAndSolve: Building VCs to avoid race condition.
bc237 info: PlayAndSolve: Continuing on as usual.
ffff6 info: *** PlayerThread ***
494d6 info: *** SolverThread ***
f7fe6 config: VCS: reading captured set patterns from '/home/linus/MoHex2.0/nfbranchfix/benzene-vanilla-cmake/share/vc-captured-set.txt'.
f7fe6 config: VCS:: parsed 2 patterns.
f7fe6 config: VCS: reading captured set patterns from '/home/linus/MoHex2.0/nfbranchfix/benzene-vanilla-cmake/share/vc-captured-set.txt'.
f7fe6 config: VCS:: parsed 2 patterns.
f7fe6 dfpn: 
ffff6 info: Best move cannot be determined, must search state.
ffff6 info: --- MoHexPlayer::Search() ---
ffff6 info: Color: black
ffff6 info: MaxGames: 1
ffff6 info: NumberThreads: 1
ffff6 info: MaxNodes: 9090 (799920 bytes)
ffff6 info: TimeForMove: 1
f7fe6 dfpn: g8
f7fe6 dfpn: f9
f7fe6 dfpn: g9
f7fe6 dfpn: e9
f7fe6 dfpn: f8
f7fe6 dfpn: e7
f7fe6 dfpn: e10
f7fe6 dfpn: d10
f7fe6 dfpn: e8
f7fe6 dfpn: i4
f7fe6 dfpn: a11
f7fe6 dfpn: f7
f7fe6 dfpn: e9
ffff6 info: Time for PreSearch: 0.083848s
f7fe6 dfpn: f7
ffff6 info: 
  02974875f3c46e2b
  a  b  c  d  e  f  g  h  i  j  k  
 1\b  b  b  b  b  b  b  B  b  b  b\1
  2\W  b  b  b  b  W  .  .  .  B  .\2
   3\w  b  B  b  b  W  *  *  *  *  *\3
    4\w  B  B  B  *  *  *  *  *  *  B\4
     5\b  b  .  W  *  *  *  *  *  .  .\5
      6\W  W  *  *  B  *  *  B  W  *  W\6
       7\b  *  *  W  *  *  *  *  B  w  b\7
        8\B  .  *  *  *  *  *  *  w  w  w\8
         9\.  B  *  *  *  *  *  W  w  W  w\9
         10\.  .  W  *  *  .  .  w  w  w  w\10
          11\*  .  .  .  .  .  .  w  w  w  w\11
              a  b  c  d  e  f  g  h  i  j  k  
ffff6 info: Old: [black, a8] [white, swap-pieces] [white, j9] [black, e6] [white, c10] [black, h6] [white, d7] [black, h1] [white, f2] [black, d4] [white, a2] [black, c3] [white, a6] [black, k4] [white, d5] [black, c4] [white, f3] [black, j2] [white, k6] [black, b4] [white, b6] [black, i7] [white, i6] 
ffff6 info: New: [black, a8] [white, swap-pieces] [white, j9] [black, e6] [white, c10] [black, h6] [white, d7] [black, h1] [white, f2] [black, d4] [white, a2] [black, c3] [white, a6] [black, k4] [white, d5] [black, c4] [white, f3] [black, j2] [white, k6] [black, b4] [white, b6] [black, i7] [white, i6] [black, b9] [white, h9] 
ffff6 info: MovesPlayed: [black, b9] [white, h9] 
ffff6 info: No subtree to reuse.
f7fe6 dfpn: e10
ffff6 info: StartSearch()[0]
ffff6 info: 
Elapsed Time   0.245725s
Count          1
GamesPlayed    1
Nodes          1
Knowledge      0 (0.0%)
Expansions     0.0
Time           0.00
GameLen        60.0 dev=0.0 min=60.0 max=60.0
InTree         0.0 dev=0.0 min=0.0 max=0.0
KnowDepth      -
Aborted        0%
Games/s        3773.6
Score          1.00
Sequence      
ffff6 info: 
ffff6 warning: **** MoHexSearch returned empty sequence!
ffff6 warning: **** Returning random move!
ffff6 info: *** Player move: k3
f7fe6 info: DfpnSolver::CheckAbort(): Abort flag!
494d6 info: 
MID calls      63
VC builds      55
Terminal       0
Work           63
Wasted Work    0 (0%)
Elapsed Time   0.252347
MIDs/sec       249.656
VCs/sec        217.954
Cnt prune sib  1
Avg prune sib  1 dev=0 min=1 max=1
Consider Size  27.9636 dev=10.9776 min=7 max=41
Move Index     -
Move Percent   -
Delta Increase 2.82258 dev=4.49201 min=1 max=23
Winner         empty
PV             e10 g8 e8 e9

HashTableStatistics:
Stores         1716
LookupAttempt  109492
LookupSuccess  6416
Collisions     0

494d6 info: Search aborted.
bc237 info: PlayAndSolve: Building VCs to avoid race condition.
bc237 info: PlayAndSolve: Continuing on as usual.
494d6 info: *** PlayerThread ***
ffff6 info: *** SolverThread ***
f7fe6 config: VCS: reading captured set patterns from '/home/linus/MoHex2.0/nfbranchfix/benzene-vanilla-cmake/share/vc-captured-set.txt'.
f7fe6 config: VCS:: parsed 2 patterns.
f7fe6 config: VCS: reading captured set patterns from '/home/linus/MoHex2.0/nfbranchfix/benzene-vanilla-cmake/share/vc-captured-set.txt'.
f7fe6 config: VCS:: parsed 2 patterns.
f7fe6 dfpn: 
494d6 info: Best move cannot be determined, must search state.
494d6 info: --- MoHexPlayer::Search() ---
494d6 info: Color: black
494d6 info: MaxGames: 1
494d6 info: NumberThreads: 1
494d6 info: MaxNodes: 9090 (799920 bytes)
494d6 info: TimeForMove: 1
f7fe6 dfpn: g8
f7fe6 dfpn: g9
f7fe6 dfpn: f9
f7fe6 dfpn: e9
f7fe6 dfpn: f8
f7fe6 dfpn: e10
f7fe6 dfpn: d10
f7fe6 dfpn: e7
f7fe6 dfpn: i5
f7fe6 dfpn: e8
f7fe6 dfpn: e9
494d6 info: Time for PreSearch: 0.070809s
494d6 info: 
  ec5c8b8cd3e54e17
  a  b  c  d  e  f  g  h  i  j  k  
 1\b  b  b  b  b  b  b  B  b  b  b\1
  2\W  b  b  b  b  W  b  b  b  B  .\2
   3\w  b  B  b  b  W  .  W  .  .  B\3
    4\w  B  B  B  .  *  *  *  *  .  B\4
     5\b  b  .  W  *  *  *  *  *  .  .\5
      6\W  W  *  *  B  *  *  B  W  *  W\6
       7\b  *  *  W  *  *  *  *  B  w  b\7
        8\B  .  *  *  *  *  *  *  w  w  w\8
         9\.  B  *  *  *  *  *  W  w  W  w\9
         10\.  .  W  *  *  .  .  w  w  w  w\10
          11\*  .  .  .  .  .  .  w  w  w  w\11
              a  b  c  d  e  f  g  h  i  j  k  
f7fe6 dfpn: e10
f7fe6 dfpn: d10
494d6 info: Old: [black, a8] [white, swap-pieces] [white, j9] [black, e6] [white, c10] [black, h6] [white, d7] [black, h1] [white, f2] [black, d4] [white, a2] [black, c3] [white, a6] [black, k4] [white, d5] [black, c4] [white, f3] [black, j2] [white, k6] [black, b4] [white, b6] [black, i7] [white, i6] [black, b9] [white, h9] 
494d6 info: New: [black, a8] [white, swap-pieces] [white, j9] [black, e6] [white, c10] [black, h6] [white, d7] [black, h1] [white, f2] [black, d4] [white, a2] [black, c3] [white, a6] [black, k4] [white, d5] [black, c4] [white, f3] [black, j2] [white, k6] [black, b4] [white, b6] [black, i7] [white, i6] [black, b9] [white, h9] [black, k3] [white, h3] 
494d6 info: MovesPlayed: [black, k3] [white, h3] 
494d6 info: No subtree to reuse.
f7fe6 dfpn: g8
494d6 info: StartSearch()[0]
494d6 info: 
Elapsed Time   0.302961s
Count          1
GamesPlayed    1
Nodes          1
Knowledge      0 (0.0%)
Expansions     0.0
Time           0.00
GameLen        55.0 dev=0.0 min=55.0 max=55.0
InTree         0.0 dev=0.0 min=0.0 max=0.0
KnowDepth      -
Aborted        0%
Games/s        3745.3
Score          1.00
Sequence      
494d6 info: 
494d6 warning: **** MoHexSearch returned empty sequence!
494d6 warning: **** Returning random move!
494d6 info: *** Player move: e9
f7fe6 info: DfpnSolver::CheckAbort(): Abort flag!
ffff6 info: 
MID calls      94
VC builds      83
Terminal       0
Work           94
Wasted Work    0 (0%)
Elapsed Time   0.311565
MIDs/sec       301.703
VCs/sec        266.397
Cnt prune sib  2
Avg prune sib  1.5 dev=0.5 min=1 max=2
Consider Size  23.8916 dev=11.0017 min=2 max=38
Move Index     -
Move Percent   -
Delta Increase 2.46237 dev=4.33431 min=1 max=30
Winner         empty
PV             g8 f10 e10 f9

HashTableStatistics:
Stores         1916
LookupAttempt  113758
LookupSuccess  6732
Collisions     0

ffff6 info: Search aborted.
bc237 info: PlayAndSolve: Building VCs to avoid race condition.
bc237 info: PlayAndSolve: Continuing on as usual.
ffff6 info: *** PlayerThread ***
494d6 info: *** SolverThread ***
f7fe6 config: VCS: reading captured set patterns from '/home/linus/MoHex2.0/nfbranchfix/benzene-vanilla-cmake/share/vc-captured-set.txt'.
f7fe6 config: VCS:: parsed 2 patterns.
f7fe6 config: VCS: reading captured set patterns from '/home/linus/MoHex2.0/nfbranchfix/benzene-vanilla-cmake/share/vc-captured-set.txt'.
f7fe6 config: VCS:: parsed 2 patterns.
f7fe6 dfpn: 
ffff6 info: Best move cannot be determined, must search state.
ffff6 info: --- MoHexPlayer::Search() ---
ffff6 info: Color: black
ffff6 info: MaxGames: 1
ffff6 info: NumberThreads: 1
ffff6 info: MaxNodes: 9090 (799920 bytes)
ffff6 info: TimeForMove: 1
f7fe6 dfpn: i5
f7fe6 dfpn: i4
f7fe6 dfpn: g8
f7fe6 dfpn: h7
f7fe6 dfpn: j6
f7fe6 dfpn: f7
f7fe6 dfpn: d10
f7fe6 dfpn: g9
f7fe6 dfpn: g7
f7fe6 dfpn: f8
f7fe6 dfpn: i4
ffff6 info: Time for PreSearch: 0.098616s
f7fe6 dfpn: g8
ffff6 info: 
  346dba80c7afece0
  a  b  c  d  e  f  g  h  i  j  k  
 1\b  b  b  b  b  b  b  B  b  b  b\1
  2\W  b  b  b  b  W  b  b  b  B  .\2
   3\w  b  B  b  b  W  *  W  .  .  B\3
    4\w  B  B  B  .  .  *  *  *  .  B\4
     5\b  b  .  W  *  W  *  *  *  .  .\5
      6\W  W  *  *  B  *  *  B  W  *  W\6
       7\b  *  *  W  *  *  *  *  B  w  b\7
        8\B  .  *  *  *  *  *  *  w  w  w\8
         9\.  B  *  *  B  *  *  W  w  W  w\9
         10\.  .  W  *  .  .  .  w  w  w  w\10
          11\*  .  .  .  .  .  .  w  w  w  w\11
              a  b  c  d  e  f  g  h  i  j  k  
f7fe6 dfpn: i5
f7fe6 dfpn: i4
ffff6 info: Old: [black, a8] [white, swap-pieces] [white, j9] [black, e6] [white, c10] [black, h6] [white, d7] [black, h1] [white, f2] [black, d4] [white, a2] [black, c3] [white, a6] [black, k4] [white, d5] [black, c4] [white, f3] [black, j2] [white, k6] [black, b4] [white, b6] [black, i7] [white, i6] [black, b9] [white, h9] [black, k3] [white, h3] 
ffff6 info: New: [black, a8] [white, swap-pieces] [white, j9] [black, e6] [white, c10] [black, h6] [white, d7] [black, h1] [white, f2] [black, d4] [white, a2] [black, c3] [white, a6] [black, k4] [white, d5] [black, c4] [white, f3] [black, j2] [white, k6] [black, b4] [white, b6] [black, i7] [white, i6] [black, b9] [white, h9] [black, k3] [white, h3] [black, e9] [white, f5] 
ffff6 info: MovesPlayed: [black, e9] [white, f5] 
ffff6 info: No subtree to reuse.
ffff6 info: StartSearch()[0]
ffff6 info: 
Elapsed Time   0.264895s
Count          1
GamesPlayed    1
Nodes          1
Knowledge      0 (0.0%)
Expansions     0.0
Time           0.00
GameLen        53.0 dev=0.0 min=53.0 max=53.0
InTree         0.0 dev=0.0 min=0.0 max=0.0
KnowDepth      -
Aborted        0%
Games/s        3831.4
Score          1.00
Sequence      
ffff6 info: 
ffff6 warning: **** MoHexSearch returned empty sequence!
ffff6 warning: **** Returning random move!
ffff6 info: *** Player move: d6
f7fe6 info: DfpnSolver::CheckAbort(): Abort flag!
494d6 info: 
MID calls      79
VC builds      63
Terminal       1
Work           80
Wasted Work    9 (11.25%)
Elapsed Time   0.273237
MIDs/sec       289.126
VCs/sec        230.569
Cnt prune sib  7
Avg prune sib  1.85714 dev=1.72615 min=1 max=6
Consider Size  10.7903 dev=9.11245 min=1 max=33
Move Index     0.5 dev=0.5 min=0 max=1
Move Percent   0.0333333 dev=0.0333333 min=0 max=0.0666667
Delta Increase 2.46667 dev=4.86164 min=1 max=31
Winner         empty
PV             i4 f8 e8 f7

HashTableStatistics:
Stores         2088
LookupAttempt  116444
LookupSuccess  7054
Collisions     0

494d6 info: Search aborted.
bc237 info: PlayAndSolve: Building VCs to avoid race condition.
bc237 info: PlayAndSolve: Continuing on as usual.
494d6 info: *** PlayerThread ***
ffff6 info: *** SolverThread ***
f7fe6 config: VCS: reading captured set patterns from '/home/linus/MoHex2.0/nfbranchfix/benzene-vanilla-cmake/share/vc-captured-set.txt'.
f7fe6 config: VCS:: parsed 2 patterns.
f7fe6 config: VCS: reading captured set patterns from '/home/linus/MoHex2.0/nfbranchfix/benzene-vanilla-cmake/share/vc-captured-set.txt'.
f7fe6 config: VCS:: parsed 2 patterns.
f7fe6 dfpn: 
494d6 info: Best move cannot be determined, must search state.
494d6 info: --- MoHexPlayer::Search() ---
494d6 info: Color: black
494d6 info: MaxGames: 1
494d6 info: NumberThreads: 1
494d6 info: MaxNodes: 9090 (799920 bytes)
494d6 info: TimeForMove: 1
f7fe6 dfpn: i5
f7fe6 dfpn: i4
f7fe6 dfpn: j6
f7fe6 dfpn: g8
f7fe6 dfpn: h7
f7fe6 dfpn: f7
f7fe6 dfpn: g7
f7fe6 dfpn: d10
f7fe6 dfpn: g9
f7fe6 dfpn: i4
494d6 info: Time for PreSearch: 0.082023s
f7fe6 dfpn: g8
494d6 info: 
  f89839255d9f8149
  a  b  c  d  e  f  g  h  i  j  k  
 1\b  b  b  b  b  b  b  B  b  b  b\1
  2\W  b  b  b  b  W  b  b  b  B  .\2
   3\w  b  B  b  b  W  *  W  .  .  B\3
    4\w  B  B  B  .  .  .  *  *  .  B\4
     5\b  b  .  W  *  W  W  .  .  .  .\5
      6\W  W  *  B  B  *  *  B  W  *  W\6
       7\b  *  *  W  *  *  *  *  B  w  b\7
        8\B  .  *  *  *  *  *  *  w  w  w\8
         9\.  B  *  *  B  *  *  W  w  W  w\9
         10\.  .  W  *  .  .  .  w  w  w  w\10
          11\*  .  .  .  .  .  .  w  w  w  w\11
              a  b  c  d  e  f  g  h  i  j  k  
f7fe6 dfpn: f7
494d6 info: Old: [black, a8] [white, swap-pieces] [white, j9] [black, e6] [white, c10] [black, h6] [white, d7] [black, h1] [white, f2] [black, d4] [white, a2] [black, c3] [white, a6] [black, k4] [white, d5] [black, c4] [white, f3] [black, j2] [white, k6] [black, b4] [white, b6] [black, i7] [white, i6] [black, b9] [white, h9] [black, k3] [white, h3] [black, e9] [white, f5] 
494d6 info: New: [black, a8] [white, swap-pieces] [white, j9] [black, e6] [white, c10] [black, h6] [white, d7] [black, h1] [white, f2] [black, d4] [white, a2] [black, c3] [white, a6] [black, k4] [white, d5] [black, c4] [white, f3] [black, j2] [white, k6] [black, b4] [white, b6] [black, i7] [white, i6] [black, b9] [white, h9] [black, k3] [white, h3] [black, e9] [white, f5] [black, d6] [white, g5] 
494d6 info: MovesPlayed: [black, d6] [white, g5] 
494d6 info: No subtree to reuse.
f7fe6 dfpn: i4
494d6 info: StartSearch()[0]
494d6 info: 
Elapsed Time   0.25533s
Count          1
GamesPlayed    1
Nodes          1
Knowledge      0 (0.0%)
Expansions     0.0
Time           0.00
GameLen        51.0 dev=0.0 min=51.0 max=51.0
InTree         0.0 dev=0.0 min=0.0 max=0.0
KnowDepth      -
Aborted        0%
Games/s        2197.8
Score          1.00
Sequence      
494d6 info: 
494d6 warning: **** MoHexSearch returned empty sequence!
494d6 warning: **** Returning random move!
494d6 info: *** Player move: a9
f7fe6 info: DfpnSolver::CheckAbort(): Abort flag!
ffff6 info: 
MID calls      69
VC builds      54
Terminal       0
Work           69
Wasted Work    0 (0%)
Elapsed Time   0.265029
MIDs/sec       260.349
VCs/sec        203.751
Cnt prune sib  1
Avg prune sib  2 dev=0 min=2 max=2
Consider Size  11.2407 dev=7.23145 min=2 max=30
Move Index     -
Move Percent   -
Delta Increase 2.32353 dev=2.95277 min=1 max=14
Winner         empty
PV             i4 f8 h7 g9

HashTableStatistics:
Stores         2237
LookupAttempt  118687
LookupSuccess  7315
Collisions     0

ffff6 info: Search aborted.
bc237 info: PlayAndSolve: Building VCs to avoid race condition.
bc237 info: PlayAndSolve: Continuing on as usual.
ffff6 info: *** PlayerThread ***
494d6 info: *** SolverThread ***
f7fe6 config: VCS: reading captured set patterns from '/home/linus/MoHex2.0/nfbranchfix/benzene-vanilla-cmake/share/vc-captured-set.txt'.
f7fe6 config: VCS:: parsed 2 patterns.
f7fe6 config: VCS: reading captured set patterns from '/home/linus/MoHex2.0/nfbranchfix/benzene-vanilla-cmake/share/vc-captured-set.txt'.
f7fe6 config: VCS:: parsed 2 patterns.
f7fe6 dfpn: 
ffff6 info: Best move cannot be determined, must search state.
ffff6 info: --- MoHexPlayer::Search() ---
ffff6 info: Color: black
ffff6 info: MaxGames: 1
ffff6 info: NumberThreads: 1
ffff6 info: MaxNodes: 9090 (799920 bytes)
ffff6 info: TimeForMove: 1
f7fe6 dfpn: i5
f7fe6 dfpn: i4
f7fe6 dfpn: g8
f7fe6 dfpn: j6
f7fe6 dfpn: h7
f7fe6 dfpn: f7
f7fe6 dfpn: d10
f7fe6 dfpn: g9
f7fe6 dfpn: i4
f7fe6 dfpn: g8
ffff6 info: Time for PreSearch: 0.075726s
ffff6 info: 
  62d6bda63f38617f
  a  b  c  d  e  f  g  h  i  j  k  
 1\b  b  b  b  b  b  b  B  b  b  b\1
  2\W  b  b  b  b  W  b  b  b  B  .\2
   3\w  b  B  b  b  W  *  W  .  .  B\3
    4\w  B  B  B  .  .  .  *  *  .  B\4
     5\b  b  .  W  *  W  W  .  .  .  .\5
      6\W  W  *  B  B  *  *  B  W  *  W\6
       7\b  .  *  W  *  *  *  *  B  w  b\7
        8\B  .  W  .  *  *  *  *  w  w  w\8
         9\B  B  *  .  B  *  *  W  w  W  w\9
         10\.  .  W  *  .  .  .  w  w  w  w\10
          11\*  .  .  .  .  .  .  w  w  w  w\11
              a  b  c  d  e  f  g  h  i  j  k  
f7fe6 dfpn: f7
f7fe6 dfpn: i4
f7fe6 dfpn: j6
ffff6 info: Old: [black, a8] [white, swap-pieces] [white, j9] [black, e6] [white, c10] [black, h6] [white, d7] [black, h1] [white, f2] [black, d4] [white, a2] [black, c3] [white, a6] [black, k4] [white, d5] [black, c4] [white, f3] [black, j2] [white, k6] [black, b4] [white, b6] [black, i7] [white, i6] [black, b9] [white, h9] [black, k3] [white, h3] [black, e9] [white, f5] [black, d6] [white, g5] 
ffff6 info: New: [black, a8] [white, swap-pieces] [white, j9] [black, e6] [white, c10] [black, h6] [white, d7] [black, h1] [white, f2] [black, d4] [white, a2] [black, c3] [white, a6] [black, k4] [white, d5] [black, c4] [white, f3] [black, j2] [white, k6] [black, b4] [white, b6] [black, i7] [white, i6] [black, b9] [white, h9] [black, k3] [white, h3] [black, e9] [white, f5] [black, d6] [white, g5] [black, a9] [white, c8] 
ffff6 info: MovesPlayed: [black, a9] [white, c8] 
ffff6 info: No subtree to reuse.
f7fe6 dfpn: g8
ffff6 info: StartSearch()[0]
ffff6 info: 
Elapsed Time   0.236692s
Count          1
GamesPlayed    1
Nodes          1
Knowledge      0 (0.0%)
Expansions     0.0
Time           0.00
GameLen        49.0 dev=0.0 min=49.0 max=49.0
InTree         0.0 dev=0.0 min=0.0 max=0.0
KnowDepth      -
Aborted        0%
Games/s        3921.6
Score          1.00
Sequence      
ffff6 info: 
ffff6 warning: **** MoHexSearch returned empty sequence!
ffff6 warning: **** Returning random move!
ffff6 info: *** Player move: i5
f7fe6 info: DfpnSolver::CheckAbort(): Abort flag!
494d6 info: 
MID calls      65
VC builds      50
Terminal       0
Work           65
Wasted Work    0 (0%)
Elapsed Time   0.246362
MIDs/sec       263.839
VCs/sec        202.953
Cnt prune sib  1
Avg prune sib  2 dev=0 min=2 max=2
Consider Size  10.26 dev=5.38075 min=2 max=26
Move Index     -
Move Percent   -
Delta Increase 2.03125 dev=2.6039 min=1 max=13
Winner         empty
PV             g8 h7 e5 e4

HashTableStatistics:
Stores         2379
LookupAttempt  120711
LookupSuccess  7575
Collisions     0

494d6 info: Search aborted.
bc237 info: PlayAndSolve: Building VCs to avoid race condition.
bc237 info: PlayAndSolve: Continuing on as usual.
494d6 info: *** PlayerThread ***
ffff6 info: *** SolverThread ***
f7fe6 config: VCS: reading captured set patterns from '/home/linus/MoHex2.0/nfbranchfix/benzene-vanilla-cmake/share/vc-captured-set.txt'.
f7fe6 config: VCS:: parsed 2 patterns.
f7fe6 config: VCS: reading captured set patterns from '/home/linus/MoHex2.0/nfbranchfix/benzene-vanilla-cmake/share/vc-captured-set.txt'.
f7fe6 config: VCS:: parsed 2 patterns.
f7fe6 dfpn: 
494d6 info: Winning SC.
494d6 info: *** Player move: f7
ffff6 info: 
MID calls      0
VC builds      1
Terminal       1
Work           1
Wasted Work    0 (0%)
Elapsed Time   0.006021
MIDs/sec       0
VCs/sec        166.085
Cnt prune sib  0
Avg prune sib  -
Consider Size  -
Move Index     -
Move Percent   -
Delta Increase -
Winner         black
PV             

HashTableStatistics:
Stores         2380
LookupAttempt  120717
LookupSuccess  7578
Collisions     0

bc237 info: PlayAndSolve: Building VCs to avoid race condition.
bc237 info: PlayAndSolve: Continuing on as usual.
ffff6 info: *** PlayerThread ***
494d6 info: *** SolverThread ***
f7fe6 config: VCS: reading captured set patterns from '/home/linus/MoHex2.0/nfbranchfix/benzene-vanilla-cmake/share/vc-captured-set.txt'.
f7fe6 config: VCS:: parsed 2 patterns.
f7fe6 config: VCS: reading captured set patterns from '/home/linus/MoHex2.0/nfbranchfix/benzene-vanilla-cmake/share/vc-captured-set.txt'.
f7fe6 config: VCS:: parsed 2 patterns.
f7fe6 dfpn: 
ffff6 info: Winning SC.
ffff6 info: *** Player move: g7
494d6 info: 
MID calls      0
VC builds      1
Terminal       1
Work           1
Wasted Work    0 (0%)
Elapsed Time   0.005546
MIDs/sec       0
VCs/sec        180.31
Cnt prune sib  0
Avg prune sib  -
Consider Size  -
Move Index     -
Move Percent   -
Delta Increase -
Winner         black
PV             

HashTableStatistics:
Stores         2381
LookupAttempt  120723
LookupSuccess  7581
Collisions     0

bc237 info: PlayAndSolve: Building VCs to avoid race condition.
bc237 info: PlayAndSolve: Continuing on as usual.
494d6 info: *** PlayerThread ***
ffff6 info: *** SolverThread ***
f7fe6 config: VCS: reading captured set patterns from '/home/linus/MoHex2.0/nfbranchfix/benzene-vanilla-cmake/share/vc-captured-set.txt'.
f7fe6 config: VCS:: parsed 2 patterns.
f7fe6 config: VCS: reading captured set patterns from '/home/linus/MoHex2.0/nfbranchfix/benzene-vanilla-cmake/share/vc-captured-set.txt'.
f7fe6 config: VCS:: parsed 2 patterns.
f7fe6 dfpn: 
494d6 info: Winning SC.
494d6 info: *** Player move: f8
ffff6 info: 
MID calls      0
VC builds      1
Terminal       1
Work           1
Wasted Work    0 (0%)
Elapsed Time   0.005243
MIDs/sec       0
VCs/sec        190.73
Cnt prune sib  0
Avg prune sib  -
Consider Size  -
Move Index     -
Move Percent   -
Delta Increase -
Winner         black
PV             

HashTableStatistics:
Stores         2382
LookupAttempt  120729
LookupSuccess  7584
Collisions     0

bc237 info: PlayAndSolve: Building VCs to avoid race condition.
bc237 info: PlayAndSolve: Continuing on as usual.
ffff6 info: *** PlayerThread ***
494d6 info: *** SolverThread ***
f7fe6 config: VCS: reading captured set patterns from '/home/linus/MoHex2.0/nfbranchfix/benzene-vanilla-cmake/share/vc-captured-set.txt'.
f7fe6 config: VCS:: parsed 2 patterns.
f7fe6 config: VCS: reading captured set patterns from '/home/linus/MoHex2.0/nfbranchfix/benzene-vanilla-cmake/share/vc-captured-set.txt'.
f7fe6 config: VCS:: parsed 2 patterns.
f7fe6 dfpn: 
ffff6 info: Winning SC.
ffff6 info: *** Player move: k2
494d6 info: 
MID calls      0
VC builds      1
Terminal       1
Work           1
Wasted Work    0 (0%)
Elapsed Time   0.006122
MIDs/sec       0
VCs/sec        163.345
Cnt prune sib  0
Avg prune sib  -
Consider Size  -
Move Index     -
Move Percent   -
Delta Increase -
Winner         black
PV             

HashTableStatistics:
Stores         2383
LookupAttempt  120735
LookupSuccess  7587
Collisions     0

bc237 info: PlayAndSolve: Building VCs to avoid race condition.
bc237 info: PlayAndSolve: Continuing on as usual.
494d6 info: *** PlayerThread ***
ffff6 info: *** SolverThread ***
f7fe6 config: VCS: reading captured set patterns from '/home/linus/MoHex2.0/nfbranchfix/benzene-vanilla-cmake/share/vc-captured-set.txt'.
f7fe6 config: VCS:: parsed 2 patterns.
f7fe6 config: VCS: reading captured set patterns from '/home/linus/MoHex2.0/nfbranchfix/benzene-vanilla-cmake/share/vc-captured-set.txt'.
f7fe6 config: VCS:: parsed 2 patterns.
f7fe6 dfpn: 
494d6 info: Winning SC.
494d6 info: *** Player move: j4
ffff6 info: 
MID calls      0
VC builds      1
Terminal       1
Work           1
Wasted Work    0 (0%)
Elapsed Time   0.005787
MIDs/sec       0
VCs/sec        172.801
Cnt prune sib  0
Avg prune sib  -
Consider Size  -
Move Index     -
Move Percent   -
Delta Increase -
Winner         black
PV             

HashTableStatistics:
Stores         2384
LookupAttempt  120741
LookupSuccess  7590
Collisions     0

bc237 info: PlayAndSolve: Building VCs to avoid race condition.
bc237 info: PlayAndSolve: Continuing on as usual.
ffff6 info: *** PlayerThread ***
494d6 info: *** SolverThread ***
f7fe6 config: VCS: reading captured set patterns from '/home/linus/MoHex2.0/nfbranchfix/benzene-vanilla-cmake/share/vc-captured-set.txt'.
f7fe6 config: VCS:: parsed 2 patterns.
f7fe6 config: VCS: reading captured set patterns from '/home/linus/MoHex2.0/nfbranchfix/benzene-vanilla-cmake/share/vc-captured-set.txt'.
f7fe6 config: VCS:: parsed 2 patterns.
f7fe6 dfpn: 
ffff6 info: Winning SC.
ffff6 info: *** Player move: f10
494d6 info: 
MID calls      0
VC builds      1
Terminal       1
Work           1
Wasted Work    0 (0%)
Elapsed Time   0.004728
MIDs/sec       0
VCs/sec        211.506
Cnt prune sib  0
Avg prune sib  -
Consider Size  -
Move Index     -
Move Percent   -
Delta Increase -
Winner         black
PV             

HashTableStatistics:
Stores         2385
LookupAttempt  120747
LookupSuccess  7593
Collisions     0

bc237 info: PlayAndSolve: Building VCs to avoid race condition.
bc237 info: PlayAndSolve: Continuing on as usual.
494d6 info: *** PlayerThread ***
ffff6 info: *** SolverThread ***
f7fe6 config: VCS: reading captured set patterns from '/home/linus/MoHex2.0/nfbranchfix/benzene-vanilla-cmake/share/vc-captured-set.txt'.
f7fe6 config: VCS:: parsed 2 patterns.
f7fe6 config: VCS: reading captured set patterns from '/home/linus/MoHex2.0/nfbranchfix/benzene-vanilla-cmake/share/vc-captured-set.txt'.
f7fe6 config: VCS:: parsed 2 patterns.
f7fe6 dfpn: 
494d6 info: Winning SC.
494d6 info: *** Player move: e11
ffff6 info: 
MID calls      0
VC builds      1
Terminal       1
Work           1
Wasted Work    0 (0%)
Elapsed Time   0.003955
MIDs/sec       0
VCs/sec        252.845
Cnt prune sib  0
Avg prune sib  -
Consider Size  -
Move Index     -
Move Percent   -
Delta Increase -
Winner         black
PV             

HashTableStatistics:
Stores         2386
LookupAttempt  120753
LookupSuccess  7596
Collisions     0

bc237 info: PlayAndSolve: Building VCs to avoid race condition.
bc237 info: PlayAndSolve: Continuing on as usual.
ffff6 info: *** PlayerThread ***
494d6 info: *** SolverThread ***
f7fe6 config: VCS: reading captured set patterns from '/home/linus/MoHex2.0/nfbranchfix/benzene-vanilla-cmake/share/vc-captured-set.txt'.
f7fe6 config: VCS:: parsed 2 patterns.
f7fe6 config: VCS: reading captured set patterns from '/home/linus/MoHex2.0/nfbranchfix/benzene-vanilla-cmake/share/vc-captured-set.txt'.
f7fe6 config: VCS:: parsed 2 patterns.
f7fe6 dfpn: 
ffff6 info: Winning SC.
ffff6 info: *** Player move: e10
494d6 info: 
MID calls      0
VC builds      1
Terminal       1
Work           1
Wasted Work    0 (0%)
Elapsed Time   0.004124
MIDs/sec       0
VCs/sec        242.483
Cnt prune sib  0
Avg prune sib  -
Consider Size  -
Move Index     -
Move Percent   -
Delta Increase -
Winner         black
PV             

HashTableStatistics:
Stores         2387
LookupAttempt  120759
LookupSuccess  7599
Collisions     0

bc237 info: PlayAndSolve: Building VCs to avoid race condition.
bc237 info: PlayAndSolve: Continuing on as usual.
494d6 info: *** PlayerThread ***
ffff6 info: *** SolverThread ***
f7fe6 config: VCS: reading captured set patterns from '/home/linus/MoHex2.0/nfbranchfix/benzene-vanilla-cmake/share/vc-captured-set.txt'.
f7fe6 config: VCS:: parsed 2 patterns.
494d6 info: Captured cells caused win! Removing...
f7fe6 config: VCS: reading captured set patterns from '/home/linus/MoHex2.0/nfbranchfix/benzene-vanilla-cmake/share/vc-captured-set.txt'.
f7fe6 config: VCS:: parsed 2 patterns.
f7fe6 dfpn: 
ffff6 info: 
MID calls      0
VC builds      1
Terminal       1
Work           1
Wasted Work    0 (0%)
Elapsed Time   0.002887
MIDs/sec       0
VCs/sec        346.38
Cnt prune sib  0
Avg prune sib  -
Consider Size  -
Move Index     -
Move Percent   -
Delta Increase -
Winner         black
PV             

HashTableStatistics:
Stores         2388
LookupAttempt  120765
LookupSuccess  7602
Collisions     0

494d6 info: Winning SC.
494d6 info: *** Player move: k1
bc237 config: ============ BenzeneShutdown =============
bc237 config: MoHexProgram:: ShutdownSystem()
bc237 config: CommonProgram:: ShutdownSystem()
bc237 config: BenzeneProgram:: ShutdownSystem()
Flushing and closing this stream...
