f9347 config: MoHex v2.0.CMake Mar 21 2025.
f9347 config: ============ InitializeSystem ============
f9347 config: BenzeneProgram::InitRandom()
f9347 config: Seed = 868026
f9347 info: Prior Patterns:
f9347 info: Global:
f9347 info: Size            = 565 32648 
f9347 info: TableEntries    = 65932 65910
f9347 info: MirrorsAdded    = 0 0
f9347 info: PrunableCount   = 30593 30629
f9347 info: LargestGamma    = 5820.77
f9347 info: SmallestGamma   = 6.6e-05
f9347 info: Local:
f9347 info: Size            = 550 5318 
f9347 info: TableEntries    = 11602 11588
f9347 info: MirrorsAdded    = 0 0
f9347 info: PrunableCount   = 3659 3667
f9347 info: LargestGamma    = 11281.8
f9347 info: SmallestGamma   = 0.026235
f9347 info: Playout Patterns:
f9347 info: Global:
f9347 info: Size            = 565 32648 
f9347 info: TableEntries    = 70329 70329
f9347 info: MirrorsAdded    = 4397 4419
f9347 info: PrunableCount   = 30593 30629
f9347 info: LargestGamma    = 5820.77
f9347 info: SmallestGamma   = 6.6e-05
f9347 info: Local:
f9347 info: Size            = 550 5318 
f9347 info: TableEntries    = 11602 11588
f9347 info: MirrorsAdded    = 0 0
f9347 info: PrunableCount   = 3659 3667
f9347 info: LargestGamma    = 11281.8
f9347 info: SmallestGamma   = 0.026235
f9347 config: IcePatternSet: reading from '/home/linus/MoHex2.0/nfbranchfix/benzene-vanilla-cmake/share/ice-patterns.txt'.
f9347 config: IcePatternSet: parsed 708 patterns.
f9347 config: VCS: reading captured set patterns from '/home/linus/MoHex2.0/nfbranchfix/benzene-vanilla-cmake/share/vc-captured-set.txt'.
f9347 config: VCS:: parsed 2 patterns.
f9347 config: VCS: reading captured set patterns from '/home/linus/MoHex2.0/nfbranchfix/benzene-vanilla-cmake/share/vc-captured-set.txt'.
f9347 config: VCS:: parsed 2 patterns.
f9347 config: IcePatternSet: reading from '/home/linus/MoHex2.0/nfbranchfix/benzene-vanilla-cmake/share/ice-patterns.txt'.
f9347 config: IcePatternSet: parsed 708 patterns.
f9347 config: VCS: reading captured set patterns from '/home/linus/MoHex2.0/nfbranchfix/benzene-vanilla-cmake/share/vc-captured-set.txt'.
f9347 config: VCS:: parsed 2 patterns.
f9347 config: VCS: reading captured set patterns from '/home/linus/MoHex2.0/nfbranchfix/benzene-vanilla-cmake/share/vc-captured-set.txt'.
f9347 config: VCS:: parsed 2 patterns.
f9347 config: VCS: reading captured set patterns from '/home/linus/MoHex2.0/nfbranchfix/benzene-vanilla-cmake/share/vc-captured-set.txt'.
f9347 config: VCS:: parsed 2 patterns.
f9347 config: VCS: reading captured set patterns from '/home/linus/MoHex2.0/nfbranchfix/benzene-vanilla-cmake/share/vc-captured-set.txt'.
f9347 config: VCS:: parsed 2 patterns.
f9347 config: VCS: reading captured set patterns from '/home/linus/MoHex2.0/nfbranchfix/benzene-vanilla-cmake/share/vc-captured-set.txt'.
f9347 config: VCS:: parsed 2 patterns.
f9347 config: VCS: reading captured set patterns from '/home/linus/MoHex2.0/nfbranchfix/benzene-vanilla-cmake/share/vc-captured-set.txt'.
f9347 config: VCS:: parsed 2 patterns.
f9347 info: SwapCheck: reading from '/home/linus/MoHex2.0/nfbranchfix/benzene-vanilla-cmake/share/swap-moves.txt'.
f9347 info: SwapCheck: playing swap.
f9347 info: PlayAndSolve: Building VCs to avoid race condition.
f9347 config: VCPattern: loading pattern templates from '/home/linus/MoHex2.0/nfbranchfix/benzene-vanilla-cmake/share/vc-patterns.txt'.
f9347 info: PlayAndSolve: Continuing on as usual.
3fff6 info: *** PlayerThread ***
37fe6 info: *** SolverThread ***
2ffd6 config: VCS: reading captured set patterns from '/home/linus/MoHex2.0/nfbranchfix/benzene-vanilla-cmake/share/vc-captured-set.txt'.
2ffd6 config: VCS:: parsed 2 patterns.
2ffd6 config: VCS: reading captured set patterns from '/home/linus/MoHex2.0/nfbranchfix/benzene-vanilla-cmake/share/vc-captured-set.txt'.
2ffd6 config: VCS:: parsed 2 patterns.
2ffd6 dfpn: 
3fff6 info: Best move cannot be determined, must search state.
3fff6 info: --- MoHexPlayer::Search() ---
3fff6 info: Color: black
3fff6 info: MaxGames: 1
3fff6 info: NumberThreads: 1
3fff6 info: MaxNodes: 181818181 (15999999928 bytes)
3fff6 info: TimeForMove: 1
2ffd6 dfpn: b8
2ffd6 dfpn: c7
2ffd6 dfpn: h4
2ffd6 dfpn: d6
2ffd6 dfpn: g5
2ffd6 dfpn: d7
2ffd6 dfpn: e5
2ffd6 dfpn: f5
2ffd6 dfpn: e6
2ffd6 dfpn: i3
2ffd6 dfpn: g4
2ffd6 dfpn: f6
2ffd6 dfpn: e7
2ffd6 dfpn: d5
2ffd6 dfpn: f4
2ffd6 dfpn: g6
2ffd6 dfpn: b7
2ffd6 dfpn: c8
2ffd6 dfpn: d8
2ffd6 dfpn: h5
2ffd6 dfpn: c6
2ffd6 dfpn: j2
2ffd6 dfpn: f7
3fff6 info: PreSearch: max time reached (47/90).
3fff6 info: Time for PreSearch: 0.201564s
2ffd6 dfpn: i4
2ffd6 dfpn: j2
3fff6 info: 
  34c3b7bca876962f
  a  b  c  d  e  f  g  h  i  j  k  
 1\.  .  .  .  .  .  .  .  .  .  .\1
  2\.  .  *  *  *  *  *  *  *  *  *\2
   3\.  *  *  *  *  *  *  *  *  *  *\3
    4\*  *  *  *  *  *  *  *  *  *  *\4
     5\*  *  *  *  *  *  *  *  *  *  *\5
      6\*  *  *  *  *  *  *  *  *  *  *\6
       7\*  *  *  *  *  *  *  *  *  *  *\7
        8\*  *  *  *  *  *  *  *  *  *  .\8
         9\*  *  *  *  *  *  *  *  *  *  .\9
         10\B  .  *  *  *  *  *  *  W  .  .\10
          11\.  .  .  .  .  .  .  .  .  .  .\11
              a  b  c  d  e  f  g  h  i  j  k  
3fff6 info: No subtree to reuse.
3fff6 info: Creating thread 0
3fff6 info: StartSearch()[0]
3fff6 config: VCS: reading captured set patterns from '/home/linus/MoHex2.0/nfbranchfix/benzene-vanilla-cmake/share/vc-captured-set.txt'.
3fff6 config: VCS:: parsed 2 patterns.
3fff6 config: VCS: reading captured set patterns from '/home/linus/MoHex2.0/nfbranchfix/benzene-vanilla-cmake/share/vc-captured-set.txt'.
3fff6 config: VCS:: parsed 2 patterns.
3fff6 info: 
Elapsed Time   0.593245s
Count          1
GamesPlayed    1
Nodes          1
Knowledge      0 (0.0%)
Expansions     0.0
Time           0.00
GameLen        119.0 dev=0.0 min=119.0 max=119.0
InTree         0.0 dev=0.0 min=0.0 max=0.0
KnowDepth      -
Aborted        0%
Games/s        387.4
Score          0.00
Sequence      
3fff6 info: 
3fff6 warning: **** MoHexSearch returned empty sequence!
3fff6 warning: **** Returning random move!
3fff6 info: *** Player move: f5
2ffd6 info: DfpnSolver::CheckAbort(): Abort flag!
37fe6 info: 
MID calls      70
VC builds      68
Terminal       0
Work           70
Wasted Work    0 (0%)
Elapsed Time   0.606077
MIDs/sec       115.497
VCs/sec        112.197
Cnt prune sib  0
Avg prune sib  -
Consider Size  86.7059 dev=3.2409 min=80 max=91
Move Index     -
Move Percent   -
Delta Increase 3.44927 dev=13.9289 min=1 max=87
Winner         empty
PV             j2 b8 f8 g6

HashTableStatistics:
Stores         163
LookupAttempt  14636
LookupSuccess  749
Collisions     0

37fe6 info: Search aborted.
f9347 info: PlayAndSolve: Building VCs to avoid race condition.
f9347 info: PlayAndSolve: Continuing on as usual.
37fe6 info: *** PlayerThread ***
3fff6 info: *** SolverThread ***
2ffd6 config: VCS: reading captured set patterns from '/home/linus/MoHex2.0/nfbranchfix/benzene-vanilla-cmake/share/vc-captured-set.txt'.
2ffd6 config: VCS:: parsed 2 patterns.
2ffd6 config: VCS: reading captured set patterns from '/home/linus/MoHex2.0/nfbranchfix/benzene-vanilla-cmake/share/vc-captured-set.txt'.
2ffd6 config: VCS:: parsed 2 patterns.
2ffd6 dfpn: 
37fe6 info: Best move cannot be determined, must search state.
37fe6 info: --- MoHexPlayer::Search() ---
37fe6 info: Color: black
37fe6 info: MaxGames: 1
37fe6 info: NumberThreads: 1
37fe6 info: MaxNodes: 181818181 (15999999928 bytes)
37fe6 info: TimeForMove: 1
2ffd6 dfpn: e7
2ffd6 dfpn: b8
2ffd6 dfpn: f6
2ffd6 dfpn: f7
2ffd6 dfpn: f4
2ffd6 dfpn: d7
2ffd6 dfpn: g3
2ffd6 dfpn: e8
2ffd6 dfpn: e6
2ffd6 dfpn: d8
2ffd6 dfpn: g4
2ffd6 dfpn: g6
2ffd6 dfpn: c7
2ffd6 dfpn: h2
2ffd6 dfpn: c8
2ffd6 dfpn: f8
2ffd6 dfpn: g2
37fe6 info: PreSearch: max time reached (28/87).
37fe6 info: Time for PreSearch: 0.204062s
2ffd6 dfpn: d6
2ffd6 dfpn: h4
2ffd6 dfpn: g7
37fe6 info: 
  37b52f1c5aaaa573
  a  b  c  d  e  f  g  h  i  j  k  
 1\.  .  .  .  .  .  .  .  .  .  .\1
  2\.  .  *  *  *  *  *  *  *  *  *\2
   3\.  *  *  *  *  *  *  *  *  *  *\3
    4\*  *  *  *  *  *  *  *  *  *  *\4
     5\*  *  *  *  *  B  *  *  *  *  *\5
      6\*  *  *  *  *  *  *  *  *  *  .\6
       7\*  *  *  *  *  *  *  *  *  *  W\7
        8\*  *  *  *  *  *  *  *  *  *  .\8
         9\*  *  *  *  *  *  *  *  *  *  .\9
         10\B  .  *  *  *  *  *  *  W  .  .\10
          11\.  .  .  .  .  .  .  .  .  .  .\11
              a  b  c  d  e  f  g  h  i  j  k  
2ffd6 dfpn: e4
2ffd6 dfpn: c10
2ffd6 dfpn: i2
2ffd6 dfpn: g2
37fe6 info: Old: [black, a10] [white, swap-pieces] [white, i10] 
37fe6 info: New: [black, a10] [white, swap-pieces] [white, i10] [black, f5] [white, k7] 
37fe6 info: MovesPlayed: [black, f5] [white, k7] 
37fe6 info: No subtree to reuse.
37fe6 info: StartSearch()[0]
37fe6 info: 
Elapsed Time   0.388939s
Count          1
GamesPlayed    1
Nodes          1
Knowledge      0 (0.0%)
Expansions     0.0
Time           0.00
GameLen        117.0 dev=0.0 min=117.0 max=117.0
InTree         0.0 dev=0.0 min=0.0 max=0.0
KnowDepth      -
Aborted        0%
Games/s        2924.0
Score          0.00
Sequence      
37fe6 info: 
37fe6 warning: **** MoHexSearch returned empty sequence!
37fe6 warning: **** Returning random move!
37fe6 info: *** Player move: d5
2ffd6 info: DfpnSolver::CheckAbort(): Abort flag!
3fff6 info: 
MID calls      35
VC builds      34
Terminal       0
Work           35
Wasted Work    0 (0%)
Elapsed Time   0.404269
MIDs/sec       86.576
VCs/sec        84.1024
Cnt prune sib  1
Avg prune sib  1 dev=0 min=1 max=1
Consider Size  86.0294 dev=3.44247 min=78 max=89
Move Index     -
Move Percent   -
Delta Increase 3.38235 dev=13.5126 min=1 max=81
Winner         empty
PV             g2 g3 e4

HashTableStatistics:
Stores         256
LookupAttempt  25533
LookupSuccess  1411
Collisions     0

3fff6 info: Search aborted.
f9347 info: PlayAndSolve: Building VCs to avoid race condition.
f9347 info: PlayAndSolve: Continuing on as usual.
3fff6 info: *** PlayerThread ***
37fe6 info: *** SolverThread ***
2ffd6 config: VCS: reading captured set patterns from '/home/linus/MoHex2.0/nfbranchfix/benzene-vanilla-cmake/share/vc-captured-set.txt'.
2ffd6 config: VCS:: parsed 2 patterns.
2ffd6 config: VCS: reading captured set patterns from '/home/linus/MoHex2.0/nfbranchfix/benzene-vanilla-cmake/share/vc-captured-set.txt'.
2ffd6 config: VCS:: parsed 2 patterns.
2ffd6 dfpn: 
3fff6 info: Best move cannot be determined, must search state.
3fff6 info: --- MoHexPlayer::Search() ---
3fff6 info: Color: black
3fff6 info: MaxGames: 1
3fff6 info: NumberThreads: 1
3fff6 info: MaxNodes: 181818181 (15999999928 bytes)
3fff6 info: TimeForMove: 1
2ffd6 dfpn: a11
2ffd6 dfpn: d9
2ffd6 dfpn: e7
2ffd6 dfpn: e8
2ffd6 dfpn: f7
2ffd6 dfpn: d8
2ffd6 dfpn: c10
2ffd6 dfpn: f8
2ffd6 dfpn: e9
2ffd6 dfpn: d10
2ffd6 dfpn: g6
2ffd6 dfpn: f6
2ffd6 dfpn: e10
2ffd6 dfpn: g7
3fff6 info: PreSearch: max time reached (26/86).
3fff6 info: Time for PreSearch: 0.206371s
2ffd6 dfpn: f9
2ffd6 dfpn: b8
3fff6 info: 
  b78acd09d446d333
  a  b  c  d  e  f  g  h  i  j  k  
 1\.  .  .  .  .  .  .  .  .  .  .\1
  2\.  .  *  *  *  *  *  *  *  *  *\2
   3\.  *  *  *  *  *  *  *  *  *  *\3
    4\*  *  *  *  *  *  *  *  *  *  *\4
     5\*  *  *  B  *  B  *  *  *  *  *\5
      6\*  *  *  *  *  *  *  *  *  *  .\6
       7\*  *  *  *  *  *  *  *  *  *  W\7
        8\*  *  *  *  *  *  *  *  *  *  .\8
         9\*  *  *  *  *  *  *  *  *  *  .\9
         10\B  W  *  *  *  *  *  *  W  .  .\10
          11\*  .  .  .  .  .  .  .  .  .  .\11
              a  b  c  d  e  f  g  h  i  j  k  
2ffd6 dfpn: g8
2ffd6 dfpn: d7
2ffd6 dfpn: f10
2ffd6 dfpn: c7
3fff6 info: Old: [black, a10] [white, swap-pieces] [white, i10] [black, f5] [white, k7] 
3fff6 info: New: [black, a10] [white, swap-pieces] [white, i10] [black, f5] [white, k7] [black, d5] [white, b10] 
3fff6 info: MovesPlayed: [black, d5] [white, b10] 
3fff6 info: No subtree to reuse.
2ffd6 dfpn: c9
2ffd6 dfpn: h6
2ffd6 dfpn: g3
2ffd6 dfpn: e7
3fff6 info: StartSearch()[0]
3fff6 info: 
Elapsed Time   0.368202s
Count          1
GamesPlayed    1
Nodes          1
Knowledge      0 (0.0%)
Expansions     0.0
Time           0.00
GameLen        115.0 dev=0.0 min=115.0 max=115.0
InTree         0.0 dev=0.0 min=0.0 max=0.0
KnowDepth      -
Aborted        0%
Games/s        3076.9
Score          0.00
Sequence      
3fff6 info: 
3fff6 warning: **** MoHexSearch returned empty sequence!
3fff6 warning: **** Returning random move!
3fff6 info: *** Player move: k4
2ffd6 info: DfpnSolver::CheckAbort(): Abort flag!
37fe6 info: 
MID calls      27
VC builds      26
Terminal       0
Work           27
Wasted Work    0 (0%)
Elapsed Time   0.397042
MIDs/sec       68.0029
VCs/sec        65.4843
Cnt prune sib  0
Avg prune sib  -
Consider Size  80.7692 dev=10.8815 min=48 max=86
Move Index     -
Move Percent   -
Delta Increase 2.80769 dev=9.03846 min=1 max=48
Winner         empty
PV             e7 c10 e9

HashTableStatistics:
Stores         333
LookupAttempt  35470
LookupSuccess  2065
Collisions     0

37fe6 info: Search aborted.
f9347 info: PlayAndSolve: Building VCs to avoid race condition.
f9347 info: PlayAndSolve: Continuing on as usual.
37fe6 info: *** PlayerThread ***
3fff6 info: *** SolverThread ***
2ffd6 config: VCS: reading captured set patterns from '/home/linus/MoHex2.0/nfbranchfix/benzene-vanilla-cmake/share/vc-captured-set.txt'.
2ffd6 config: VCS:: parsed 2 patterns.
2ffd6 config: VCS: reading captured set patterns from '/home/linus/MoHex2.0/nfbranchfix/benzene-vanilla-cmake/share/vc-captured-set.txt'.
2ffd6 config: VCS:: parsed 2 patterns.
2ffd6 dfpn: 
37fe6 info: Best move cannot be determined, must search state.
37fe6 info: --- MoHexPlayer::Search() ---
37fe6 info: Color: black
37fe6 info: MaxGames: 1
37fe6 info: NumberThreads: 1
37fe6 info: MaxNodes: 181818181 (15999999928 bytes)
37fe6 info: TimeForMove: 1
2ffd6 dfpn: a11
2ffd6 dfpn: e10
2ffd6 dfpn: f10
2ffd6 dfpn: f9
2ffd6 dfpn: g9
2ffd6 dfpn: e9
2ffd6 dfpn: f8
2ffd6 dfpn: g8
2ffd6 dfpn: g10
2ffd6 dfpn: e7
2ffd6 dfpn: h8
2ffd6 dfpn: b8
2ffd6 dfpn: e8
2ffd6 dfpn: f7
2ffd6 dfpn: h9
2ffd6 dfpn: d10
2ffd6 dfpn: g7
2ffd6 dfpn: h7
2ffd6 dfpn: g6
37fe6 info: PreSearch: max time reached (33/85).
37fe6 info: Time for PreSearch: 0.203074s
2ffd6 dfpn: d9
2ffd6 dfpn: b9
37fe6 info: 
  4a577f920027f452
  a  b  c  d  e  f  g  h  i  j  k  
 1\.  .  .  .  .  .  .  .  .  .  .\1
  2\.  .  *  *  *  *  *  *  *  *  *\2
   3\.  *  *  *  *  *  *  *  *  *  *\3
    4\*  *  *  *  *  *  *  *  *  *  B\4
     5\*  *  *  B  *  B  *  *  *  *  *\5
      6\*  *  *  *  *  *  *  *  *  *  .\6
       7\*  *  *  *  *  *  *  *  *  *  W\7
        8\*  *  *  *  *  *  *  *  *  *  .\8
         9\*  *  *  *  *  *  *  *  *  *  .\9
         10\B  W  *  *  *  *  *  *  W  .  .\10
          11\*  .  W  .  .  .  .  .  .  .  .\11
              a  b  c  d  e  f  g  h  i  j  k  
2ffd6 dfpn: d8
2ffd6 dfpn: f6
2ffd6 dfpn: g10
37fe6 info: Old: [black, a10] [white, swap-pieces] [white, i10] [black, f5] [white, k7] [black, d5] [white, b10] 
37fe6 info: New: [black, a10] [white, swap-pieces] [white, i10] [black, f5] [white, k7] [black, d5] [white, b10] [black, k4] [white, c11] 
37fe6 info: MovesPlayed: [black, k4] [white, c11] 
37fe6 info: No subtree to reuse.
37fe6 info: StartSearch()[0]
37fe6 info: 
Elapsed Time   0.361475s
Count          1
GamesPlayed    1
Nodes          1
Knowledge      0 (0.0%)
Expansions     0.0
Time           0.00
GameLen        113.0 dev=0.0 min=113.0 max=113.0
InTree         0.0 dev=0.0 min=0.0 max=0.0
KnowDepth      -
Aborted        0%
Games/s        3322.3
Score          0.00
Sequence      
37fe6 info: 
37fe6 warning: **** MoHexSearch returned empty sequence!
37fe6 warning: **** Returning random move!
37fe6 info: *** Player move: i8
2ffd6 info: DfpnSolver::CheckAbort(): Abort flag!
3fff6 info: 
MID calls      35
VC builds      34
Terminal       0
Work           35
Wasted Work    0 (0%)
Elapsed Time   0.377175
MIDs/sec       92.7951
VCs/sec        90.1438
Cnt prune sib  0
Avg prune sib  -
Consider Size  82.2941 dev=2.1077 min=78 max=85
Move Index     -
Move Percent   -
Delta Increase 3.29412 dev=13.0057 min=1 max=78
Winner         empty
PV             g10 e7 g6

HashTableStatistics:
Stores         426
LookupAttempt  46055
LookupSuccess  2727
Collisions     0

3fff6 info: Search aborted.
f9347 info: PlayAndSolve: Building VCs to avoid race condition.
f9347 info: PlayAndSolve: Continuing on as usual.
3fff6 info: *** PlayerThread ***
37fe6 info: *** SolverThread ***
2ffd6 config: VCS: reading captured set patterns from '/home/linus/MoHex2.0/nfbranchfix/benzene-vanilla-cmake/share/vc-captured-set.txt'.
2ffd6 config: VCS:: parsed 2 patterns.
2ffd6 config: VCS: reading captured set patterns from '/home/linus/MoHex2.0/nfbranchfix/benzene-vanilla-cmake/share/vc-captured-set.txt'.
2ffd6 config: VCS:: parsed 2 patterns.
2ffd6 dfpn: 
3fff6 info: Best move cannot be determined, must search state.
3fff6 info: --- MoHexPlayer::Search() ---
3fff6 info: Color: black
3fff6 info: MaxGames: 1
3fff6 info: NumberThreads: 1
3fff6 info: MaxNodes: 181818181 (15999999928 bytes)
3fff6 info: TimeForMove: 1
2ffd6 dfpn: e10
2ffd6 dfpn: j6
2ffd6 dfpn: h10
2ffd6 dfpn: f10
2ffd6 dfpn: a11
2ffd6 dfpn: f9
2ffd6 dfpn: g10
2ffd6 dfpn: h9
2ffd6 dfpn: e7
2ffd6 dfpn: f8
2ffd6 dfpn: g6
2ffd6 dfpn: h7
2ffd6 dfpn: e9
2ffd6 dfpn: f7
2ffd6 dfpn: g9
2ffd6 dfpn: g7
2ffd6 dfpn: e8
2ffd6 dfpn: i7
2ffd6 dfpn: f6
3fff6 info: PreSearch: max time reached (35/71).
3fff6 info: Time for PreSearch: 0.202823s
2ffd6 dfpn: g10
3fff6 info: 
  1ff2f1fa66035775
  a  b  c  d  e  f  g  h  i  j  k  
 1\.  .  .  .  .  .  .  .  .  .  .\1
  2\.  .  *  *  *  *  *  *  *  *  *\2
   3\.  *  *  *  *  *  *  *  *  *  *\3
    4\.  *  *  *  *  *  *  *  *  *  B\4
     5\w  .  *  B  *  B  *  *  *  *  .\5
      6\w  W  *  *  *  *  *  *  *  *  w\6
       7\w  .  *  *  *  *  *  *  *  .  W\7
        8\w  *  *  *  *  *  *  *  B  .  w\8
         9\.  *  *  *  *  *  *  *  .  .  .\9
         10\B  W  *  *  *  *  *  *  W  *  .\10
          11\*  .  W  .  .  .  .  .  .  .  .\11
              a  b  c  d  e  f  g  h  i  j  k  
3fff6 info: Old: [black, a10] [white, swap-pieces] [white, i10] [black, f5] [white, k7] [black, d5] [white, b10] [black, k4] [white, c11] 
3fff6 info: New: [black, a10] [white, swap-pieces] [white, i10] [black, f5] [white, k7] [black, d5] [white, b10] [black, k4] [white, c11] [black, i8] [white, b6] 
3fff6 info: MovesPlayed: [black, i8] [white, b6] 
3fff6 info: No subtree to reuse.
3fff6 info: StartSearch()[0]
3fff6 info: 
Elapsed Time   0.36406s
Count          1
GamesPlayed    1
Nodes          1
Knowledge      0 (0.0%)
Expansions     0.0
Time           0.00
GameLen        105.0 dev=0.0 min=105.0 max=105.0
InTree         0.0 dev=0.0 min=0.0 max=0.0
KnowDepth      -
Aborted        0%
Games/s        3048.8
Score          1.00
Sequence      
3fff6 info: 
3fff6 warning: **** MoHexSearch returned empty sequence!
3fff6 warning: **** Returning random move!
3fff6 info: *** Player move: c4
2ffd6 info: DfpnSolver::CheckAbort(): Abort flag!
37fe6 info: 
MID calls      38
VC builds      37
Terminal       0
Work           38
Wasted Work    0 (0%)
Elapsed Time   0.376195
MIDs/sec       101.011
VCs/sec        98.3532
Cnt prune sib  1
Avg prune sib  2 dev=0 min=2 max=2
Consider Size  71.2703 dev=4.83593 min=65 max=77
Move Index     -
Move Percent   -
Delta Increase 2.91892 dev=11.348 min=1 max=71
Winner         empty
PV             g10 f6 j6

HashTableStatistics:
Stores         521
LookupAttempt  54166
LookupSuccess  3208
Collisions     0

37fe6 info: Search aborted.
f9347 info: PlayAndSolve: Building VCs to avoid race condition.
f9347 info: PlayAndSolve: Continuing on as usual.
37fe6 info: *** PlayerThread ***
3fff6 info: *** SolverThread ***
2ffd6 config: VCS: reading captured set patterns from '/home/linus/MoHex2.0/nfbranchfix/benzene-vanilla-cmake/share/vc-captured-set.txt'.
2ffd6 config: VCS:: parsed 2 patterns.
2ffd6 config: VCS: reading captured set patterns from '/home/linus/MoHex2.0/nfbranchfix/benzene-vanilla-cmake/share/vc-captured-set.txt'.
2ffd6 config: VCS:: parsed 2 patterns.
2ffd6 dfpn: 
37fe6 info: Best move cannot be determined, must search state.
37fe6 info: --- MoHexPlayer::Search() ---
37fe6 info: Color: black
37fe6 info: MaxGames: 1
37fe6 info: NumberThreads: 1
37fe6 info: MaxNodes: 181818181 (15999999928 bytes)
37fe6 info: TimeForMove: 1
2ffd6 dfpn: e10
2ffd6 dfpn: g10
2ffd6 dfpn: a11
2ffd6 dfpn: f10
2ffd6 dfpn: f9
2ffd6 dfpn: e7
2ffd6 dfpn: j6
2ffd6 dfpn: e9
2ffd6 dfpn: g9
2ffd6 dfpn: f8
2ffd6 dfpn: c8
2ffd6 dfpn: e8
2ffd6 dfpn: g6
2ffd6 dfpn: f7
2ffd6 dfpn: d8
37fe6 info: PreSearch: max time reached (33/67).
37fe6 info: Time for PreSearch: 0.203099s
2ffd6 dfpn: h7
2ffd6 dfpn: c7
37fe6 info: 
  b4831a59655974e2
  a  b  c  d  e  f  g  h  i  j  k  
 1\.  .  .  .  .  .  .  .  .  .  .\1
  2\.  .  *  *  *  *  *  *  *  *  *\2
   3\.  *  *  *  *  *  *  *  *  *  *\3
    4\w  .  B  .  *  *  *  *  *  *  B\4
     5\w  w  .  B  *  B  *  *  *  *  .\5
      6\w  W  *  *  *  *  *  *  *  *  w\6
       7\w  .  *  *  *  *  *  *  *  .  W\7
        8\w  *  *  *  *  *  *  *  B  .  w\8
         9\.  *  *  *  *  *  *  *  .  .  .\9
         10\B  W  *  *  *  *  *  *  W  *  .\10
          11\*  .  W  .  .  .  .  W  .  .  .\11
              a  b  c  d  e  f  g  h  i  j  k  
2ffd6 dfpn: d10
2ffd6 dfpn: e10
37fe6 info: Old: [black, a10] [white, swap-pieces] [white, i10] [black, f5] [white, k7] [black, d5] [white, b10] [black, k4] [white, c11] [black, i8] [white, b6] 
37fe6 info: New: [black, a10] [white, swap-pieces] [white, i10] [black, f5] [white, k7] [black, d5] [white, b10] [black, k4] [white, c11] [black, i8] [white, b6] [black, c4] [white, h11] 
37fe6 info: MovesPlayed: [black, c4] [white, h11] 
37fe6 info: No subtree to reuse.
37fe6 info: StartSearch()[0]
37fe6 info: 
Elapsed Time   0.362789s
Count          1
GamesPlayed    1
Nodes          1
Knowledge      0 (0.0%)
Expansions     0.0
Time           0.00
GameLen        101.0 dev=0.0 min=101.0 max=101.0
InTree         0.0 dev=0.0 min=0.0 max=0.0
KnowDepth      -
Aborted        0%
Games/s        2673.8
Score          1.00
Sequence      
37fe6 info: 
37fe6 warning: **** MoHexSearch returned empty sequence!
37fe6 warning: **** Returning random move!
37fe6 info: *** Player move: b2
2ffd6 info: DfpnSolver::CheckAbort(): Abort flag!
3fff6 info: 
MID calls      28
VC builds      27
Terminal       0
Work           28
Wasted Work    0 (0%)
Elapsed Time   0.379521
MIDs/sec       73.7772
VCs/sec        71.1423
Cnt prune sib  0
Avg prune sib  -
Consider Size  70.6667 dev=5.24223 min=61 max=75
Move Index     -
Move Percent   -
Delta Increase 3.59259 dev=13.2197 min=1 max=71
Winner         empty
PV             e10 d8 f7

HashTableStatistics:
Stores         595
LookupAttempt  60977
LookupSuccess  3638
Collisions     0

3fff6 info: Search aborted.
f9347 info: PlayAndSolve: Building VCs to avoid race condition.
f9347 info: PlayAndSolve: Continuing on as usual.
3fff6 info: *** PlayerThread ***
37fe6 info: *** SolverThread ***
2ffd6 config: VCS: reading captured set patterns from '/home/linus/MoHex2.0/nfbranchfix/benzene-vanilla-cmake/share/vc-captured-set.txt'.
2ffd6 config: VCS:: parsed 2 patterns.
2ffd6 config: VCS: reading captured set patterns from '/home/linus/MoHex2.0/nfbranchfix/benzene-vanilla-cmake/share/vc-captured-set.txt'.
2ffd6 config: VCS:: parsed 2 patterns.
2ffd6 dfpn: 
3fff6 info: Best move cannot be determined, must search state.
3fff6 info: --- MoHexPlayer::Search() ---
3fff6 info: Color: black
3fff6 info: MaxGames: 1
3fff6 info: NumberThreads: 1
3fff6 info: MaxNodes: 181818181 (15999999928 bytes)
3fff6 info: TimeForMove: 1
2ffd6 dfpn: e10
2ffd6 dfpn: e9
2ffd6 dfpn: a11
2ffd6 dfpn: j6
2ffd6 dfpn: f8
2ffd6 dfpn: e8
2ffd6 dfpn: f9
2ffd6 dfpn: h7
2ffd6 dfpn: f10
2ffd6 dfpn: e7
2ffd6 dfpn: c8
2ffd6 dfpn: d8
2ffd6 dfpn: d10
2ffd6 dfpn: g10
2ffd6 dfpn: b9
2ffd6 dfpn: h9
2ffd6 dfpn: d9
2ffd6 dfpn: e10
3fff6 info: PreSearch: max time reached (41/64).
3fff6 info: Time for PreSearch: 0.205967s
3fff6 info: 
  1dbeaa8dfc21f00d
  a  b  c  d  e  f  g  h  i  j  k  
 1\b  b  b  b  .  .  .  .  .  .  .\1
  2\b  B  .  *  *  *  *  *  *  *  *\2
   3\w  .  *  *  *  *  *  *  *  *  *\3
    4\w  .  B  .  *  *  *  *  *  *  B\4
     5\w  w  .  B  *  B  *  *  *  *  .\5
      6\w  W  *  *  *  *  *  *  *  *  w\6
       7\w  .  *  *  *  *  *  *  *  .  W\7
        8\w  *  *  *  *  *  W  *  B  .  w\8
         9\.  *  *  *  *  *  *  *  .  .  .\9
         10\B  W  *  *  *  *  *  *  W  *  .\10
          11\*  .  W  .  .  .  .  W  .  .  .\11
              a  b  c  d  e  f  g  h  i  j  k  
3fff6 info: Old: [black, a10] [white, swap-pieces] [white, i10] [black, f5] [white, k7] [black, d5] [white, b10] [black, k4] [white, c11] [black, i8] [white, b6] [black, c4] [white, h11] 
3fff6 info: New: [black, a10] [white, swap-pieces] [white, i10] [black, f5] [white, k7] [black, d5] [white, b10] [black, k4] [white, c11] [black, i8] [white, b6] [black, c4] [white, h11] [black, b2] [white, g8] 
3fff6 info: MovesPlayed: [black, b2] [white, g8] 
3fff6 info: No subtree to reuse.
3fff6 info: StartSearch()[0]
3fff6 info: 
Elapsed Time   0.362515s
Count          1
GamesPlayed    1
Nodes          1
Knowledge      0 (0.0%)
Expansions     0.0
Time           0.00
GameLen        93.0 dev=0.0 min=93.0 max=93.0
InTree         0.0 dev=0.0 min=0.0 max=0.0
KnowDepth      -
Aborted        0%
Games/s        3215.4
Score          1.00
Sequence      
3fff6 info: 
3fff6 warning: **** MoHexSearch returned empty sequence!
3fff6 warning: **** Returning random move!
3fff6 info: *** Player move: g6
2ffd6 info: DfpnSolver::CheckAbort(): Abort flag!
37fe6 info: 
MID calls      39
VC builds      37
Terminal       0
Work           39
Wasted Work    0 (0%)
Elapsed Time   0.376162
MIDs/sec       103.679
VCs/sec        98.3619
Cnt prune sib  1
Avg prune sib  3 dev=0 min=3 max=3
Consider Size  53.9459 dev=18.6735 min=14 max=68
Move Index     -
Move Percent   -
Delta Increase 3.07895 dev=10.2377 min=1 max=64
Winner         empty
PV             e10 e9 a11 b9

HashTableStatistics:
Stores         689
LookupAttempt  67456
LookupSuccess  4041
Collisions     0

37fe6 info: Search aborted.
f9347 info: PlayAndSolve: Building VCs to avoid race condition.
f9347 info: PlayAndSolve: Continuing on as usual.
37fe6 info: *** PlayerThread ***
3fff6 info: *** SolverThread ***
2ffd6 config: VCS: reading captured set patterns from '/home/linus/MoHex2.0/nfbranchfix/benzene-vanilla-cmake/share/vc-captured-set.txt'.
2ffd6 config: VCS:: parsed 2 patterns.
2ffd6 config: VCS: reading captured set patterns from '/home/linus/MoHex2.0/nfbranchfix/benzene-vanilla-cmake/share/vc-captured-set.txt'.
2ffd6 config: VCS:: parsed 2 patterns.
2ffd6 dfpn: 
37fe6 info: Best move cannot be determined, must search state.
37fe6 info: --- MoHexPlayer::Search() ---
37fe6 info: Color: black
37fe6 info: MaxGames: 1
37fe6 info: NumberThreads: 1
37fe6 info: MaxNodes: 181818181 (15999999928 bytes)
37fe6 info: TimeForMove: 1
2ffd6 dfpn: e9
2ffd6 dfpn: h7
2ffd6 dfpn: f8
2ffd6 dfpn: a11
2ffd6 dfpn: f9
2ffd6 dfpn: e8
2ffd6 dfpn: d10
2ffd6 dfpn: h9
2ffd6 dfpn: b9
2ffd6 dfpn: d9
2ffd6 dfpn: f8
37fe6 info: PreSearch: max time reached (30/34).
37fe6 info: Time for PreSearch: 0.200147s
37fe6 info: 
  37759fe37cf549f0
  a  b  c  d  e  f  g  h  i  j  k  
 1\b  b  b  b  .  .  .  .  .  .  .\1
  2\b  B  .  .  .  .  .  .  .  *  *\2
   3\w  .  .  .  .  .  .  .  *  *  *\3
    4\w  .  B  .  .  .  .  .  *  W  B\4
     5\w  w  .  B  .  B  .  *  *  *  .\5
      6\w  W  *  .  .  .  B  *  *  *  w\6
       7\w  .  *  .  .  .  *  *  .  .  W\7
        8\w  *  *  *  *  *  W  *  B  .  w\8
         9\.  *  *  *  *  *  *  *  .  .  .\9
         10\B  W  *  *  .  .  .  *  W  *  .\10
          11\*  .  W  .  .  .  .  W  .  .  .\11
              a  b  c  d  e  f  g  h  i  j  k  
37fe6 info: Old: [black, a10] [white, swap-pieces] [white, i10] [black, f5] [white, k7] [black, d5] [white, b10] [black, k4] [white, c11] [black, i8] [white, b6] [black, c4] [white, h11] [black, b2] [white, g8] 
37fe6 info: New: [black, a10] [white, swap-pieces] [white, i10] [black, f5] [white, k7] [black, d5] [white, b10] [black, k4] [white, c11] [black, i8] [white, b6] [black, c4] [white, h11] [black, b2] [white, g8] [black, g6] [white, j4] 
37fe6 info: MovesPlayed: [black, g6] [white, j4] 
37fe6 info: No subtree to reuse.
2ffd6 dfpn: f9
37fe6 info: StartSearch()[0]
37fe6 info: 
Elapsed Time   0.345476s
Count          1
GamesPlayed    1
Nodes          1
Knowledge      0 (0.0%)
Expansions     0.0
Time           0.00
GameLen        91.0 dev=0.0 min=91.0 max=91.0
InTree         0.0 dev=0.0 min=0.0 max=0.0
KnowDepth      -
Aborted        0%
Games/s        3436.4
Score          1.00
Sequence      
37fe6 info: 
37fe6 warning: **** MoHexSearch returned empty sequence!
37fe6 warning: **** Returning random move!
37fe6 info: *** Player move: j7
2ffd6 info: DfpnSolver::CheckAbort(): Abort flag!
3fff6 info: 
MID calls      27
VC builds      24
Terminal       0
Work           27
Wasted Work    0 (0%)
Elapsed Time   0.360787
MIDs/sec       74.8364
VCs/sec        66.5212
Cnt prune sib  0
Avg prune sib  -
Consider Size  43.9167 dev=20.4449 min=7 max=65
Move Index     -
Move Percent   -
Delta Increase 2.92308 dev=5.12102 min=1 max=21
Winner         empty
PV             f9 f7 h7

HashTableStatistics:
Stores         754
LookupAttempt  70138
LookupSuccess  4238
Collisions     0

3fff6 info: Search aborted.
f9347 info: PlayAndSolve: Building VCs to avoid race condition.
f9347 info: PlayAndSolve: Continuing on as usual.
3fff6 info: *** PlayerThread ***
37fe6 info: *** SolverThread ***
2ffd6 config: VCS: reading captured set patterns from '/home/linus/MoHex2.0/nfbranchfix/benzene-vanilla-cmake/share/vc-captured-set.txt'.
2ffd6 config: VCS:: parsed 2 patterns.
2ffd6 config: VCS: reading captured set patterns from '/home/linus/MoHex2.0/nfbranchfix/benzene-vanilla-cmake/share/vc-captured-set.txt'.
2ffd6 config: VCS:: parsed 2 patterns.
2ffd6 dfpn: 
3fff6 info: Best move cannot be determined, must search state.
3fff6 info: --- MoHexPlayer::Search() ---
3fff6 info: Color: black
3fff6 info: MaxGames: 1
3fff6 info: NumberThreads: 1
3fff6 info: MaxNodes: 181818181 (15999999928 bytes)
3fff6 info: TimeForMove: 1
2ffd6 dfpn: e8
2ffd6 dfpn: h6
2ffd6 dfpn: a11
2ffd6 dfpn: i6
2ffd6 dfpn: e9
2ffd6 dfpn: h9
2ffd6 dfpn: c8
2ffd6 dfpn: b9
2ffd6 dfpn: e8
3fff6 info: Time for PreSearch: 0.164412s
3fff6 info: 
  c91771b6b1b011d5
  a  b  c  d  e  f  g  h  i  j  k  
 1\b  b  b  b  .  .  .  .  .  .  .\1
  2\b  B  .  .  .  .  .  .  .  .  .\2
   3\w  .  .  .  .  .  .  .  .  .  *\3
    4\w  .  B  .  .  .  .  .  .  W  B\4
     5\w  w  .  B  .  B  .  .  *  *  *\5
      6\w  W  *  .  .  .  B  *  *  *  .\6
       7\w  .  *  .  .  .  W  *  .  B  W\7
        8\w  *  *  *  *  *  W  *  B  .  w\8
         9\.  *  *  *  *  .  *  *  .  .  .\9
         10\B  W  *  *  .  .  .  *  W  *  .\10
          11\*  .  W  .  .  .  .  W  .  .  .\11
              a  b  c  d  e  f  g  h  i  j  k  
2ffd6 dfpn: i6
3fff6 info: Old: [black, a10] [white, swap-pieces] [white, i10] [black, f5] [white, k7] [black, d5] [white, b10] [black, k4] [white, c11] [black, i8] [white, b6] [black, c4] [white, h11] [black, b2] [white, g8] [black, g6] [white, j4] 
3fff6 info: New: [black, a10] [white, swap-pieces] [white, i10] [black, f5] [white, k7] [black, d5] [white, b10] [black, k4] [white, c11] [black, i8] [white, b6] [black, c4] [white, h11] [black, b2] [white, g8] [black, g6] [white, j4] [black, j7] [white, g7] 
3fff6 info: MovesPlayed: [black, j7] [white, g7] 
3fff6 info: No subtree to reuse.
3fff6 info: StartSearch()[0]
3fff6 info: 
Elapsed Time   0.543955s
Count          1
GamesPlayed    1
Nodes          1
Knowledge      0 (0.0%)
Expansions     0.0
Time           0.00
GameLen        90.0 dev=0.0 min=90.0 max=90.0
InTree         0.0 dev=0.0 min=0.0 max=0.0
KnowDepth      -
Aborted        0%
Games/s        3257.3
Score          1.00
Sequence      
3fff6 info: 
3fff6 warning: **** MoHexSearch returned empty sequence!
3fff6 warning: **** Returning random move!
3fff6 info: *** Player move: d8
2ffd6 info: DfpnSolver::CheckAbort(): Abort flag!
37fe6 info: 
MID calls      43
VC builds      39
Terminal       0
Work           43
Wasted Work    0 (0%)
Elapsed Time   0.558142
MIDs/sec       77.0413
VCs/sec        69.8747
Cnt prune sib  0
Avg prune sib  -
Consider Size  39.2564 dev=19.7766 min=8 max=64
Move Index     -
Move Percent   -
Delta Increase 3.07143 dev=6.88474 min=1 max=41
Winner         empty
PV             i6 h9 a11 b9

HashTableStatistics:
Stores         848
LookupAttempt  72864
LookupSuccess  4405
Collisions     0

37fe6 info: Search aborted.
f9347 info: PlayAndSolve: Building VCs to avoid race condition.
f9347 info: PlayAndSolve: Continuing on as usual.
37fe6 info: *** PlayerThread ***
3fff6 info: *** SolverThread ***
2ffd6 config: VCS: reading captured set patterns from '/home/linus/MoHex2.0/nfbranchfix/benzene-vanilla-cmake/share/vc-captured-set.txt'.
2ffd6 config: VCS:: parsed 2 patterns.
2ffd6 config: VCS: reading captured set patterns from '/home/linus/MoHex2.0/nfbranchfix/benzene-vanilla-cmake/share/vc-captured-set.txt'.
2ffd6 config: VCS:: parsed 2 patterns.
2ffd6 dfpn: 
37fe6 info: Opponent has won; playing most blocking move.
37fe6 info: *** Player move: k5
3fff6 info: 
MID calls      0
VC builds      1
Terminal       1
Work           1
Wasted Work    0 (0%)
Elapsed Time   0.016851
MIDs/sec       0
VCs/sec        59.3437
Cnt prune sib  0
Avg prune sib  -
Consider Size  -
Move Index     -
Move Percent   -
Delta Increase -
Winner         white
PV             

HashTableStatistics:
Stores         849
LookupAttempt  72870
LookupSuccess  4408
Collisions     0

f9347 info: PlayAndSolve: Building VCs to avoid race condition.
f9347 info: PlayAndSolve: Continuing on as usual.
3fff6 info: *** PlayerThread ***
37fe6 info: *** SolverThread ***
2ffd6 config: VCS: reading captured set patterns from '/home/linus/MoHex2.0/nfbranchfix/benzene-vanilla-cmake/share/vc-captured-set.txt'.
2ffd6 config: VCS:: parsed 2 patterns.
2ffd6 config: VCS: reading captured set patterns from '/home/linus/MoHex2.0/nfbranchfix/benzene-vanilla-cmake/share/vc-captured-set.txt'.
2ffd6 config: VCS:: parsed 2 patterns.
2ffd6 dfpn: 
37fe6 info: 
MID calls      0
VC builds      1
Terminal       1
Work           1
Wasted Work    0 (0%)
Elapsed Time   0.024037
MIDs/sec       0
VCs/sec        41.6025
Cnt prune sib  0
Avg prune sib  -
Consider Size  -
Move Index     -
Move Percent   -
Delta Increase -
Winner         white
PV             

HashTableStatistics:
Stores         850
LookupAttempt  72876
LookupSuccess  4411
Collisions     0

3fff6 info: Opponent has won; playing most blocking move.
3fff6 info: *** Player move: j9
f9347 info: PlayAndSolve: Building VCs to avoid race condition.
f9347 info: PlayAndSolve: Continuing on as usual.
37fe6 info: *** PlayerThread ***
3fff6 info: *** SolverThread ***
2ffd6 config: VCS: reading captured set patterns from '/home/linus/MoHex2.0/nfbranchfix/benzene-vanilla-cmake/share/vc-captured-set.txt'.
2ffd6 config: VCS:: parsed 2 patterns.
2ffd6 config: VCS: reading captured set patterns from '/home/linus/MoHex2.0/nfbranchfix/benzene-vanilla-cmake/share/vc-captured-set.txt'.
2ffd6 config: VCS:: parsed 2 patterns.
2ffd6 dfpn: 
37fe6 info: Opponent has won; playing most blocking move.
37fe6 info: *** Player move: b8
3fff6 info: 
MID calls      0
VC builds      1
Terminal       1
Work           1
Wasted Work    0 (0%)
Elapsed Time   0.018917
MIDs/sec       0
VCs/sec        52.8625
Cnt prune sib  0
Avg prune sib  -
Consider Size  -
Move Index     -
Move Percent   -
Delta Increase -
Winner         white
PV             

HashTableStatistics:
Stores         851
LookupAttempt  72882
LookupSuccess  4414
Collisions     0

f9347 info: PlayAndSolve: Building VCs to avoid race condition.
f9347 info: PlayAndSolve: Continuing on as usual.
3fff6 info: *** PlayerThread ***
37fe6 info: *** SolverThread ***
2ffd6 config: VCS: reading captured set patterns from '/home/linus/MoHex2.0/nfbranchfix/benzene-vanilla-cmake/share/vc-captured-set.txt'.
2ffd6 config: VCS:: parsed 2 patterns.
2ffd6 config: VCS: reading captured set patterns from '/home/linus/MoHex2.0/nfbranchfix/benzene-vanilla-cmake/share/vc-captured-set.txt'.
2ffd6 config: VCS:: parsed 2 patterns.
2ffd6 dfpn: 
3fff6 info: Opponent has won; playing most blocking move.
3fff6 info: *** Player move: j8
37fe6 info: 
MID calls      0
VC builds      1
Terminal       1
Work           1
Wasted Work    0 (0%)
Elapsed Time   0.019458
MIDs/sec       0
VCs/sec        51.3927
Cnt prune sib  0
Avg prune sib  -
Consider Size  -
Move Index     -
Move Percent   -
Delta Increase -
Winner         white
PV             

HashTableStatistics:
Stores         852
LookupAttempt  72888
LookupSuccess  4417
Collisions     0

f9347 info: PlayAndSolve: Building VCs to avoid race condition.
f9347 info: PlayAndSolve: Continuing on as usual.
37fe6 info: *** PlayerThread ***
3fff6 info: *** SolverThread ***
2ffd6 config: VCS: reading captured set patterns from '/home/linus/MoHex2.0/nfbranchfix/benzene-vanilla-cmake/share/vc-captured-set.txt'.
2ffd6 config: VCS:: parsed 2 patterns.
2ffd6 config: VCS: reading captured set patterns from '/home/linus/MoHex2.0/nfbranchfix/benzene-vanilla-cmake/share/vc-captured-set.txt'.
2ffd6 config: VCS:: parsed 2 patterns.
2ffd6 dfpn: 
37fe6 info: Opponent has won; playing most blocking move.
37fe6 info: *** Player move: g9
3fff6 info: 
MID calls      0
VC builds      1
Terminal       1
Work           1
Wasted Work    0 (0%)
Elapsed Time   0.018347
MIDs/sec       0
VCs/sec        54.5048
Cnt prune sib  0
Avg prune sib  -
Consider Size  -
Move Index     -
Move Percent   -
Delta Increase -
Winner         white
PV             

HashTableStatistics:
Stores         853
LookupAttempt  72894
LookupSuccess  4420
Collisions     0

f9347 info: PlayAndSolve: Building VCs to avoid race condition.
f9347 info: PlayAndSolve: Continuing on as usual.
37fe6 info: *** SolverThread ***
3fff6 info: *** PlayerThread ***
2ffd6 config: VCS: reading captured set patterns from '/home/linus/MoHex2.0/nfbranchfix/benzene-vanilla-cmake/share/vc-captured-set.txt'.
2ffd6 config: VCS:: parsed 2 patterns.
2ffd6 config: VCS: reading captured set patterns from '/home/linus/MoHex2.0/nfbranchfix/benzene-vanilla-cmake/share/vc-captured-set.txt'.
2ffd6 config: VCS:: parsed 2 patterns.
2ffd6 dfpn: 
3fff6 info: Opponent has won; playing most blocking move.
3fff6 info: *** Player move: c10
37fe6 info: 
MID calls      0
VC builds      1
Terminal       1
Work           1
Wasted Work    0 (0%)
Elapsed Time   0.018607
MIDs/sec       0
VCs/sec        53.7432
Cnt prune sib  0
Avg prune sib  -
Consider Size  -
Move Index     -
Move Percent   -
Delta Increase -
Winner         white
PV             

HashTableStatistics:
Stores         854
LookupAttempt  72900
LookupSuccess  4423
Collisions     0

f9347 info: PlayAndSolve: Building VCs to avoid race condition.
f9347 info: PlayAndSolve: Continuing on as usual.
3fff6 info: *** SolverThread ***
37fe6 info: *** PlayerThread ***
2ffd6 config: VCS: reading captured set patterns from '/home/linus/MoHex2.0/nfbranchfix/benzene-vanilla-cmake/share/vc-captured-set.txt'.
2ffd6 config: VCS:: parsed 2 patterns.
2ffd6 config: VCS: reading captured set patterns from '/home/linus/MoHex2.0/nfbranchfix/benzene-vanilla-cmake/share/vc-captured-set.txt'.
2ffd6 config: VCS:: parsed 2 patterns.
2ffd6 dfpn: 
3fff6 info: 
MID calls      0
VC builds      1
Terminal       1
Work           1
Wasted Work    0 (0%)
Elapsed Time   0.01723
MIDs/sec       0
VCs/sec        58.0383
Cnt prune sib  0
Avg prune sib  -
Consider Size  -
Move Index     -
Move Percent   -
Delta Increase -
Winner         white
PV             

HashTableStatistics:
Stores         855
LookupAttempt  72906
LookupSuccess  4426
Collisions     0

37fe6 info: Opponent has won; playing most blocking move.
37fe6 info: *** Player move: c9
f9347 info: PlayAndSolve: Building VCs to avoid race condition.
f9347 info: PlayAndSolve: Continuing on as usual.
3fff6 info: *** PlayerThread ***
37fe6 info: *** SolverThread ***
2ffd6 config: VCS: reading captured set patterns from '/home/linus/MoHex2.0/nfbranchfix/benzene-vanilla-cmake/share/vc-captured-set.txt'.
2ffd6 config: VCS:: parsed 2 patterns.
2ffd6 config: VCS: reading captured set patterns from '/home/linus/MoHex2.0/nfbranchfix/benzene-vanilla-cmake/share/vc-captured-set.txt'.
2ffd6 config: VCS:: parsed 2 patterns.
2ffd6 dfpn: 
3fff6 info: Opponent has won; playing most blocking move.
3fff6 info: *** Player move: f8
37fe6 info: 
MID calls      0
VC builds      1
Terminal       1
Work           1
Wasted Work    0 (0%)
Elapsed Time   0.01682
MIDs/sec       0
VCs/sec        59.453
Cnt prune sib  0
Avg prune sib  -
Consider Size  -
Move Index     -
Move Percent   -
Delta Increase -
Winner         white
PV             

HashTableStatistics:
Stores         856
LookupAttempt  72912
LookupSuccess  4429
Collisions     0

f9347 info: PlayAndSolve: Building VCs to avoid race condition.
f9347 info: PlayAndSolve: Continuing on as usual.
37fe6 info: *** PlayerThread ***
3fff6 info: *** SolverThread ***
2ffd6 config: VCS: reading captured set patterns from '/home/linus/MoHex2.0/nfbranchfix/benzene-vanilla-cmake/share/vc-captured-set.txt'.
2ffd6 config: VCS:: parsed 2 patterns.
2ffd6 config: VCS: reading captured set patterns from '/home/linus/MoHex2.0/nfbranchfix/benzene-vanilla-cmake/share/vc-captured-set.txt'.
2ffd6 config: VCS:: parsed 2 patterns.
2ffd6 dfpn: 
37fe6 info: Captured cells caused win! Removing...
3fff6 info: 
MID calls      0
VC builds      1
Terminal       1
Work           1
Wasted Work    0 (0%)
Elapsed Time   0.002482
MIDs/sec       0
VCs/sec        402.901
Cnt prune sib  0
Avg prune sib  -
Consider Size  -
Move Index     -
Move Percent   -
Delta Increase -
Winner         white
PV             

HashTableStatistics:
Stores         857
LookupAttempt  72918
LookupSuccess  4432
Collisions     0

37fe6 info: Opponent has won; playing most blocking move.
37fe6 info: *** Player move: e10
f9347 info: PlayAndSolve: Building VCs to avoid race condition.
f9347 info: PlayAndSolve: Continuing on as usual.
3fff6 info: *** PlayerThread ***
37fe6 info: *** SolverThread ***
2ffd6 config: VCS: reading captured set patterns from '/home/linus/MoHex2.0/nfbranchfix/benzene-vanilla-cmake/share/vc-captured-set.txt'.
2ffd6 config: VCS:: parsed 2 patterns.
2ffd6 config: VCS: reading captured set patterns from '/home/linus/MoHex2.0/nfbranchfix/benzene-vanilla-cmake/share/vc-captured-set.txt'.
2ffd6 config: VCS:: parsed 2 patterns.
3fff6 info: Captured cells caused win! Removing...
2ffd6 dfpn: 
37fe6 info: 
MID calls      0
VC builds      1
Terminal       1
Work           1
Wasted Work    0 (0%)
Elapsed Time   0.002279
MIDs/sec       0
VCs/sec        438.789
Cnt prune sib  0
Avg prune sib  -
Consider Size  -
Move Index     -
Move Percent   -
Delta Increase -
Winner         white
PV             

HashTableStatistics:
Stores         858
LookupAttempt  72924
LookupSuccess  4435
Collisions     0

3fff6 info: Opponent has won; playing most blocking move.
3fff6 info: *** Player move: k10
f9347 config: ============ BenzeneShutdown =============
f9347 config: MoHexProgram:: ShutdownSystem()
f9347 config: CommonProgram:: ShutdownSystem()
f9347 config: BenzeneProgram:: ShutdownSystem()
Flushing and closing this stream...
