86a07 config: MoHex v2.0.CMake Mar 21 2025.
86a07 config: ============ InitializeSystem ============
86a07 config: BenzeneProgram::InitRandom()
86a07 config: Seed = 354035
86a07 info: Prior Patterns:
86a07 info: Global:
86a07 info: Size            = 565 32648 
86a07 info: TableEntries    = 65932 65910
86a07 info: MirrorsAdded    = 0 0
86a07 info: PrunableCount   = 30593 30629
86a07 info: LargestGamma    = 5820.77
86a07 info: SmallestGamma   = 6.6e-05
86a07 info: Local:
86a07 info: Size            = 550 5318 
86a07 info: TableEntries    = 11602 11588
86a07 info: MirrorsAdded    = 0 0
86a07 info: PrunableCount   = 3659 3667
86a07 info: LargestGamma    = 11281.8
86a07 info: SmallestGamma   = 0.026235
86a07 info: Playout Patterns:
86a07 info: Global:
86a07 info: Size            = 565 32648 
86a07 info: TableEntries    = 70329 70329
86a07 info: MirrorsAdded    = 4397 4419
86a07 info: PrunableCount   = 30593 30629
86a07 info: LargestGamma    = 5820.77
86a07 info: SmallestGamma   = 6.6e-05
86a07 info: Local:
86a07 info: Size            = 550 5318 
86a07 info: TableEntries    = 11602 11588
86a07 info: MirrorsAdded    = 0 0
86a07 info: PrunableCount   = 3659 3667
86a07 info: LargestGamma    = 11281.8
86a07 info: SmallestGamma   = 0.026235
86a07 config: IcePatternSet: reading from '/home/linus/MoHex2.0/nfbranchfix/benzene-vanilla-cmake/share/ice-patterns.txt'.
86a07 config: IcePatternSet: parsed 708 patterns.
86a07 config: VCS: reading captured set patterns from '/home/linus/MoHex2.0/nfbranchfix/benzene-vanilla-cmake/share/vc-captured-set.txt'.
86a07 config: VCS:: parsed 2 patterns.
86a07 config: VCS: reading captured set patterns from '/home/linus/MoHex2.0/nfbranchfix/benzene-vanilla-cmake/share/vc-captured-set.txt'.
86a07 config: VCS:: parsed 2 patterns.
86a07 config: IcePatternSet: reading from '/home/linus/MoHex2.0/nfbranchfix/benzene-vanilla-cmake/share/ice-patterns.txt'.
86a07 config: IcePatternSet: parsed 708 patterns.
86a07 config: VCS: reading captured set patterns from '/home/linus/MoHex2.0/nfbranchfix/benzene-vanilla-cmake/share/vc-captured-set.txt'.
86a07 config: VCS:: parsed 2 patterns.
86a07 config: VCS: reading captured set patterns from '/home/linus/MoHex2.0/nfbranchfix/benzene-vanilla-cmake/share/vc-captured-set.txt'.
86a07 config: VCS:: parsed 2 patterns.
86a07 config: VCS: reading captured set patterns from '/home/linus/MoHex2.0/nfbranchfix/benzene-vanilla-cmake/share/vc-captured-set.txt'.
86a07 config: VCS:: parsed 2 patterns.
86a07 config: VCS: reading captured set patterns from '/home/linus/MoHex2.0/nfbranchfix/benzene-vanilla-cmake/share/vc-captured-set.txt'.
86a07 config: VCS:: parsed 2 patterns.
86a07 config: VCS: reading captured set patterns from '/home/linus/MoHex2.0/nfbranchfix/benzene-vanilla-cmake/share/vc-captured-set.txt'.
86a07 config: VCS:: parsed 2 patterns.
86a07 config: VCS: reading captured set patterns from '/home/linus/MoHex2.0/nfbranchfix/benzene-vanilla-cmake/share/vc-captured-set.txt'.
86a07 config: VCS:: parsed 2 patterns.
86a07 info: SwapCheck: reading from '/home/linus/MoHex2.0/nfbranchfix/benzene-vanilla-cmake/share/swap-moves.txt'.
86a07 info: SwapCheck: playing swap.
86a07 info: PlayAndSolve: Building VCs to avoid race condition.
86a07 config: VCPattern: loading pattern templates from '/home/linus/MoHex2.0/nfbranchfix/benzene-vanilla-cmake/share/vc-patterns.txt'.
86a07 info: PlayAndSolve: Continuing on as usual.
13ca6 info: *** PlayerThread ***
0bc96 info: *** SolverThread ***
3fff6 config: VCS: reading captured set patterns from '/home/linus/MoHex2.0/nfbranchfix/benzene-vanilla-cmake/share/vc-captured-set.txt'.
3fff6 config: VCS:: parsed 2 patterns.
3fff6 config: VCS: reading captured set patterns from '/home/linus/MoHex2.0/nfbranchfix/benzene-vanilla-cmake/share/vc-captured-set.txt'.
3fff6 config: VCS:: parsed 2 patterns.
3fff6 dfpn: 
13ca6 info: Best move cannot be determined, must search state.
13ca6 info: --- MoHexPlayer::Search() ---
13ca6 info: Color: black
13ca6 info: MaxGames: 1
13ca6 info: NumberThreads: 1
13ca6 info: MaxNodes: 9090 (799920 bytes)
13ca6 info: TimeForMove: 1
3fff6 dfpn: h3
3fff6 dfpn: h4
3fff6 dfpn: i3
3fff6 dfpn: c6
3fff6 dfpn: b10
3fff6 dfpn: g5
3fff6 dfpn: b8
3fff6 dfpn: c9
3fff6 dfpn: d5
3fff6 dfpn: j2
3fff6 dfpn: d8
3fff6 dfpn: g4
3fff6 dfpn: c7
3fff6 dfpn: c8
3fff6 dfpn: b6
3fff6 dfpn: h5
3fff6 dfpn: b7
3fff6 dfpn: i4
3fff6 dfpn: b9
3fff6 dfpn: d7
3fff6 dfpn: d6
3fff6 dfpn: e8
3fff6 dfpn: g6
3fff6 dfpn: e7
3fff6 dfpn: b10
13ca6 info: PreSearch: max time reached (48/89).
13ca6 info: Time for PreSearch: 0.20205s
13ca6 info: 
  89b8b4a57675b7d2
  a  b  c  d  e  f  g  h  i  j  k  
 1\.  .  .  .  .  .  .  .  .  .  .\1
  2\.  .  *  *  *  *  *  *  *  *  *\2
   3\.  *  *  *  *  *  *  *  *  *  *\3
    4\*  *  *  *  *  W  *  *  *  *  *\4
     5\.  B  *  *  *  *  *  *  *  *  *\5
      6\.  *  *  *  *  *  *  *  *  *  *\6
       7\*  *  *  *  *  *  *  *  *  *  *\7
        8\*  *  *  *  *  *  *  *  *  *  *\8
         9\*  *  *  *  *  *  *  *  *  *  .\9
         10\*  *  *  *  *  *  *  *  *  .  .\10
          11\.  .  .  .  .  .  .  .  .  .  .\11
              a  b  c  d  e  f  g  h  i  j  k  
3fff6 dfpn: j2
13ca6 info: No subtree to reuse.
13ca6 info: Creating thread 0
13ca6 info: StartSearch()[0]
13ca6 config: VCS: reading captured set patterns from '/home/linus/MoHex2.0/nfbranchfix/benzene-vanilla-cmake/share/vc-captured-set.txt'.
13ca6 config: VCS:: parsed 2 patterns.
13ca6 config: VCS: reading captured set patterns from '/home/linus/MoHex2.0/nfbranchfix/benzene-vanilla-cmake/share/vc-captured-set.txt'.
13ca6 config: VCS:: parsed 2 patterns.
13ca6 info: 
Elapsed Time   0.592841s
Count          1
GamesPlayed    1
Nodes          1
Knowledge      0 (0.0%)
Expansions     0.0
Time           0.00
GameLen        119.0 dev=0.0 min=119.0 max=119.0
InTree         0.0 dev=0.0 min=0.0 max=0.0
KnowDepth      -
Aborted        0%
Games/s        431.0
Score          1.00
Sequence      
13ca6 info: 
13ca6 warning: **** MoHexSearch returned empty sequence!
13ca6 warning: **** Returning random move!
13ca6 info: *** Player move: c11
3fff6 info: DfpnSolver::CheckAbort(): Abort flag!
0bc96 info: 
MID calls      83
VC builds      80
Terminal       0
Work           83
Wasted Work    0 (0%)
Elapsed Time   0.603906
MIDs/sec       137.439
VCs/sec        132.471
Cnt prune sib  0
Avg prune sib  -
Consider Size  84.4875 dev=3.74772 min=77 max=90
Move Index     -
Move Percent   -
Delta Increase 3.02439 dev=12.6558 min=1 max=86
Winner         empty
PV             j2 i5 h4

HashTableStatistics:
Stores         191
LookupAttempt  15819
LookupSuccess  813
Collisions     0

0bc96 info: Search aborted.
86a07 info: PlayAndSolve: Building VCs to avoid race condition.
86a07 info: PlayAndSolve: Continuing on as usual.
0bc96 info: *** PlayerThread ***
13ca6 info: *** SolverThread ***
3fff6 config: VCS: reading captured set patterns from '/home/linus/MoHex2.0/nfbranchfix/benzene-vanilla-cmake/share/vc-captured-set.txt'.
3fff6 config: VCS:: parsed 2 patterns.
3fff6 config: VCS: reading captured set patterns from '/home/linus/MoHex2.0/nfbranchfix/benzene-vanilla-cmake/share/vc-captured-set.txt'.
3fff6 config: VCS:: parsed 2 patterns.
3fff6 dfpn: 
0bc96 info: Best move cannot be determined, must search state.
0bc96 info: --- MoHexPlayer::Search() ---
0bc96 info: Color: black
0bc96 info: MaxGames: 1
0bc96 info: NumberThreads: 1
0bc96 info: MaxNodes: 9090 (799920 bytes)
0bc96 info: TimeForMove: 1
3fff6 dfpn: h4
3fff6 dfpn: h3
3fff6 dfpn: i3
3fff6 dfpn: c6
3fff6 dfpn: d8
3fff6 dfpn: c9
3fff6 dfpn: g5
3fff6 dfpn: g4
3fff6 dfpn: d5
3fff6 dfpn: h5
3fff6 dfpn: c8
3fff6 dfpn: c7
3fff6 dfpn: b8
3fff6 dfpn: i4
3fff6 dfpn: b10
3fff6 dfpn: b6
3fff6 dfpn: b7
3fff6 dfpn: b9
3fff6 dfpn: d7
3fff6 dfpn: j2
3fff6 dfpn: d6
3fff6 dfpn: e8
3fff6 dfpn: d9
3fff6 dfpn: j2
0bc96 info: PreSearch: max time reached (51/86).
0bc96 info: Time for PreSearch: 0.203317s
0bc96 info: 
  5db9824abf1261c1
  a  b  c  d  e  f  g  h  i  j  k  
 1\.  .  .  .  .  .  .  .  .  .  .\1
  2\.  .  *  *  *  *  *  *  *  *  .\2
   3\.  *  *  *  *  *  *  *  *  *  W\3
    4\*  *  *  *  *  W  *  *  *  *  .\4
     5\.  B  *  *  *  *  *  *  *  *  *\5
      6\.  *  *  *  *  *  *  *  *  *  *\6
       7\*  *  *  *  *  *  *  *  *  *  *\7
        8\*  *  *  *  *  *  *  *  *  *  *\8
         9\*  *  *  *  *  *  *  *  *  *  .\9
         10\*  *  *  *  *  *  *  *  *  .  .\10
          11\.  .  B  .  .  .  .  .  .  .  .\11
              a  b  c  d  e  f  g  h  i  j  k  
0bc96 info: Old: [black, b5] [white, swap-pieces] [white, f4] 
0bc96 info: New: [black, b5] [white, swap-pieces] [white, f4] [black, c11] [white, k3] 
0bc96 info: MovesPlayed: [black, c11] [white, k3] 
0bc96 info: No subtree to reuse.
0bc96 info: StartSearch()[0]
0bc96 info: 
Elapsed Time   0.358437s
Count          1
GamesPlayed    1
Nodes          1
Knowledge      0 (0.0%)
Expansions     0.0
Time           0.00
GameLen        117.0 dev=0.0 min=117.0 max=117.0
InTree         0.0 dev=0.0 min=0.0 max=0.0
KnowDepth      -
Aborted        0%
Games/s        3030.3
Score          1.00
Sequence      
0bc96 info: 
0bc96 warning: **** MoHexSearch returned empty sequence!
0bc96 warning: **** Returning random move!
0bc96 info: *** Player move: b4
3fff6 info: DfpnSolver::CheckAbort(): Abort flag!
13ca6 info: 
MID calls      58
VC builds      56
Terminal       0
Work           58
Wasted Work    0 (0%)
Elapsed Time   0.369353
MIDs/sec       157.031
VCs/sec        151.616
Cnt prune sib  0
Avg prune sib  -
Consider Size  82.625 dev=4.00713 min=74 max=87
Move Index     -
Move Percent   -
Delta Increase 3.84211 dev=14.3634 min=1 max=83
Winner         empty
PV             j2 b8 i5 i4

HashTableStatistics:
Stores         329
LookupAttempt  28455
LookupSuccess  1499
Collisions     0

13ca6 info: Search aborted.
86a07 info: PlayAndSolve: Building VCs to avoid race condition.
86a07 info: PlayAndSolve: Continuing on as usual.
13ca6 info: *** PlayerThread ***
0bc96 info: *** SolverThread ***
3fff6 config: VCS: reading captured set patterns from '/home/linus/MoHex2.0/nfbranchfix/benzene-vanilla-cmake/share/vc-captured-set.txt'.
3fff6 config: VCS:: parsed 2 patterns.
3fff6 config: VCS: reading captured set patterns from '/home/linus/MoHex2.0/nfbranchfix/benzene-vanilla-cmake/share/vc-captured-set.txt'.
3fff6 config: VCS:: parsed 2 patterns.
3fff6 dfpn: 
13ca6 info: Best move cannot be determined, must search state.
13ca6 info: --- MoHexPlayer::Search() ---
13ca6 info: Color: black
13ca6 info: MaxGames: 1
13ca6 info: NumberThreads: 1
13ca6 info: MaxNodes: 9090 (799920 bytes)
13ca6 info: TimeForMove: 1
3fff6 dfpn: c6
3fff6 dfpn: h3
3fff6 dfpn: h4
3fff6 dfpn: c9
3fff6 dfpn: c7
3fff6 dfpn: d8
3fff6 dfpn: b8
3fff6 dfpn: c8
3fff6 dfpn: i3
3fff6 dfpn: b10
3fff6 dfpn: b7
3fff6 dfpn: d6
3fff6 dfpn: b6
3fff6 dfpn: b9
3fff6 dfpn: d5
3fff6 dfpn: g5
3fff6 dfpn: d7
3fff6 dfpn: h5
3fff6 dfpn: g4
3fff6 dfpn: d9
3fff6 dfpn: i4
3fff6 dfpn: e8
3fff6 dfpn: e7
3fff6 dfpn: c9
13ca6 info: PreSearch: max time reached (51/85).
13ca6 info: Time for PreSearch: 0.204849s
13ca6 info: 
  5db5baa6a178b004
  a  b  c  d  e  f  g  h  i  j  k  
 1\.  .  .  .  .  .  .  .  .  .  .\1
  2\.  .  *  *  *  *  *  *  *  *  .\2
   3\.  *  *  *  *  *  *  *  *  *  W\3
    4\.  B  *  *  *  W  *  *  *  *  .\4
     5\b  B  *  *  *  *  *  *  *  *  *\5
      6\.  *  *  *  *  *  *  *  *  *  *\6
       7\*  *  *  *  *  *  *  *  *  *  *\7
        8\*  *  *  *  *  *  *  *  *  *  *\8
         9\*  *  *  *  *  *  *  *  *  *  .\9
         10\*  *  *  *  *  *  *  *  *  *  w\10
          11\.  .  B  .  .  .  .  .  .  .  W\11
              a  b  c  d  e  f  g  h  i  j  k  
13ca6 info: Old: [black, b5] [white, swap-pieces] [white, f4] [black, c11] [white, k3] 
13ca6 info: New: [black, b5] [white, swap-pieces] [white, f4] [black, c11] [white, k3] [black, b4] [white, k11] 
13ca6 info: MovesPlayed: [black, b4] [white, k11] 
13ca6 info: No subtree to reuse.
13ca6 info: StartSearch()[0]
13ca6 info: 
Elapsed Time   0.359974s
Count          1
GamesPlayed    1
Nodes          1
Knowledge      0 (0.0%)
Expansions     0.0
Time           0.00
GameLen        113.0 dev=0.0 min=113.0 max=113.0
InTree         0.0 dev=0.0 min=0.0 max=0.0
KnowDepth      -
Aborted        0%
Games/s        2849.0
Score          0.00
Sequence      
13ca6 info: 
13ca6 warning: **** MoHexSearch returned empty sequence!
13ca6 warning: **** Returning random move!
13ca6 info: *** Player move: f8
3fff6 info: DfpnSolver::CheckAbort(): Abort flag!
0bc96 info: 
MID calls      44
VC builds      43
Terminal       0
Work           44
Wasted Work    0 (0%)
Elapsed Time   0.379272
MIDs/sec       116.012
VCs/sec        113.375
Cnt prune sib  0
Avg prune sib  -
Consider Size  84.3488 dev=3.89937 min=73 max=88
Move Index     -
Move Percent   -
Delta Increase 2.97674 dev=12.8108 min=1 max=86
Winner         empty
PV             c9 i4 c6

HashTableStatistics:
Stores         440
LookupAttempt  39895
LookupSuccess  2170
Collisions     0

0bc96 info: Search aborted.
86a07 info: PlayAndSolve: Building VCs to avoid race condition.
86a07 info: PlayAndSolve: Continuing on as usual.
0bc96 info: *** PlayerThread ***
13ca6 info: *** SolverThread ***
3fff6 config: VCS: reading captured set patterns from '/home/linus/MoHex2.0/nfbranchfix/benzene-vanilla-cmake/share/vc-captured-set.txt'.
3fff6 config: VCS:: parsed 2 patterns.
3fff6 config: VCS: reading captured set patterns from '/home/linus/MoHex2.0/nfbranchfix/benzene-vanilla-cmake/share/vc-captured-set.txt'.
3fff6 config: VCS:: parsed 2 patterns.
3fff6 dfpn: 
0bc96 info: Best move cannot be determined, must search state.
0bc96 info: --- MoHexPlayer::Search() ---
0bc96 info: Color: black
0bc96 info: MaxGames: 1
0bc96 info: NumberThreads: 1
0bc96 info: MaxNodes: 9090 (799920 bytes)
0bc96 info: TimeForMove: 1
3fff6 dfpn: h3
3fff6 dfpn: c6
3fff6 dfpn: h4
3fff6 dfpn: g6
3fff6 dfpn: g5
3fff6 dfpn: c7
3fff6 dfpn: i3
3fff6 dfpn: c8
3fff6 dfpn: d6
3fff6 dfpn: d5
3fff6 dfpn: h5
3fff6 dfpn: g4
3fff6 dfpn: e7
3fff6 dfpn: b8
3fff6 dfpn: d7
3fff6 dfpn: b6
3fff6 dfpn: b7
3fff6 dfpn: i4
3fff6 dfpn: e6
0bc96 info: PreSearch: max time reached (37/82).
0bc96 info: Time for PreSearch: 0.201657s
3fff6 dfpn: c9
3fff6 dfpn: j2
3fff6 dfpn: e5
3fff6 dfpn: h4
0bc96 info: 
  ed40036fd06663f4
  a  b  c  d  e  f  g  h  i  j  k  
 1\.  .  .  .  .  .  .  .  .  .  .\1
  2\.  .  *  *  *  *  *  *  *  *  .\2
   3\.  *  *  *  *  *  *  *  *  *  W\3
    4\.  B  *  *  *  W  *  *  *  *  .\4
     5\b  B  *  *  *  *  *  *  *  *  *\5
      6\.  *  *  *  *  *  *  *  *  *  *\6
       7\*  *  *  *  *  *  *  *  *  *  *\7
        8\*  *  *  *  *  B  *  *  *  *  .\8
         9\*  *  *  *  *  *  *  *  *  *  W\9
         10\*  *  *  *  *  *  *  *  *  .  b\10
          11\.  .  B  .  .  .  .  .  .  .  W\11
              a  b  c  d  e  f  g  h  i  j  k  
0bc96 info: Old: [black, b5] [white, swap-pieces] [white, f4] [black, c11] [white, k3] [black, b4] [white, k11] 
0bc96 info: New: [black, b5] [white, swap-pieces] [white, f4] [black, c11] [white, k3] [black, b4] [white, k11] [black, f8] [white, k9] 
0bc96 info: MovesPlayed: [black, f8] [white, k9] 
0bc96 info: No subtree to reuse.
0bc96 info: StartSearch()[0]
0bc96 info: 
Elapsed Time   0.563482s
Count          1
GamesPlayed    1
Nodes          1
Knowledge      0 (0.0%)
Expansions     0.0
Time           0.00
GameLen        111.0 dev=0.0 min=111.0 max=111.0
InTree         0.0 dev=0.0 min=0.0 max=0.0
KnowDepth      -
Aborted        0%
Games/s        3236.2
Score          1.00
Sequence      
0bc96 info: 
0bc96 warning: **** MoHexSearch returned empty sequence!
0bc96 warning: **** Returning random move!
0bc96 info: *** Player move: f10
3fff6 info: DfpnSolver::CheckAbort(): Abort flag!
13ca6 info: 
MID calls      53
VC builds      53
Terminal       2
Work           55
Wasted Work    0 (0%)
Elapsed Time   0.577389
MIDs/sec       91.7925
VCs/sec        91.7925
Cnt prune sib  0
Avg prune sib  -
Consider Size  75.3137 dev=16.2872 min=35 max=86
Move Index     -
Move Percent   -
Delta Increase 4.53704 dev=15.2458 min=1 max=78
Winner         empty
PV             h4 h3 c9 i3

HashTableStatistics:
Stores         571
LookupAttempt  51030
LookupSuccess  2804
Collisions     0

13ca6 info: Search aborted.
86a07 info: PlayAndSolve: Building VCs to avoid race condition.
86a07 info: PlayAndSolve: Continuing on as usual.
13ca6 info: *** PlayerThread ***
0bc96 info: *** SolverThread ***
3fff6 config: VCS: reading captured set patterns from '/home/linus/MoHex2.0/nfbranchfix/benzene-vanilla-cmake/share/vc-captured-set.txt'.
3fff6 config: VCS:: parsed 2 patterns.
3fff6 config: VCS: reading captured set patterns from '/home/linus/MoHex2.0/nfbranchfix/benzene-vanilla-cmake/share/vc-captured-set.txt'.
3fff6 config: VCS:: parsed 2 patterns.
3fff6 dfpn: 
13ca6 info: Best move cannot be determined, must search state.
13ca6 info: --- MoHexPlayer::Search() ---
13ca6 info: Color: black
13ca6 info: MaxGames: 1
13ca6 info: NumberThreads: 1
13ca6 info: MaxNodes: 9090 (799920 bytes)
13ca6 info: TimeForMove: 1
3fff6 dfpn: h4
3fff6 dfpn: h3
3fff6 dfpn: g6
3fff6 dfpn: g5
3fff6 dfpn: i3
3fff6 dfpn: g4
3fff6 dfpn: h5
3fff6 dfpn: d5
3fff6 dfpn: i4
3fff6 dfpn: c6
3fff6 dfpn: j2
3fff6 dfpn: b3
3fff6 dfpn: e7
3fff6 dfpn: c7
3fff6 dfpn: d6
3fff6 dfpn: d4
3fff6 dfpn: f7
3fff6 dfpn: c8
3fff6 dfpn: j3
3fff6 dfpn: e6
3fff6 dfpn: i3
13ca6 info: PreSearch: max time reached (56/75).
13ca6 info: Time for PreSearch: 0.203069s
13ca6 info: 
  d85537d5e44a6619
  a  b  c  d  e  f  g  h  i  j  k  
 1\.  .  .  .  .  .  .  .  .  .  .\1
  2\.  *  .  .  *  *  *  *  *  *  .\2
   3\.  *  W  *  *  *  *  *  *  *  W\3
    4\.  B  *  *  *  W  *  *  *  *  .\4
     5\b  B  *  *  *  *  *  *  *  *  *\5
      6\.  *  *  *  *  *  *  *  *  *  *\6
       7\*  *  *  *  *  *  *  *  *  *  *\7
        8\*  *  *  *  *  B  *  *  *  *  .\8
         9\*  *  *  .  .  .  *  *  *  *  W\9
         10\*  *  .  .  .  B  .  *  *  .  b\10
          11\.  .  B  b  b  b  b  .  .  .  W\11
              a  b  c  d  e  f  g  h  i  j  k  
13ca6 info: Old: [black, b5] [white, swap-pieces] [white, f4] [black, c11] [white, k3] [black, b4] [white, k11] [black, f8] [white, k9] 
13ca6 info: New: [black, b5] [white, swap-pieces] [white, f4] [black, c11] [white, k3] [black, b4] [white, k11] [black, f8] [white, k9] [black, f10] [white, c3] 
13ca6 info: MovesPlayed: [black, f10] [white, c3] 
13ca6 info: No subtree to reuse.
13ca6 info: StartSearch()[0]
13ca6 info: 
Elapsed Time   0.358509s
Count          1
GamesPlayed    1
Nodes          1
Knowledge      0 (0.0%)
Expansions     0.0
Time           0.00
GameLen        105.0 dev=0.0 min=105.0 max=105.0
InTree         0.0 dev=0.0 min=0.0 max=0.0
KnowDepth      -
Aborted        0%
Games/s        2570.7
Score          1.00
Sequence      
13ca6 info: 
13ca6 warning: **** MoHexSearch returned empty sequence!
13ca6 warning: **** Returning random move!
13ca6 info: *** Player move: d7
3fff6 info: DfpnSolver::CheckAbort(): Abort flag!
0bc96 info: 
MID calls      51
VC builds      49
Terminal       0
Work           51
Wasted Work    0 (0%)
Elapsed Time   0.37586
MIDs/sec       135.689
VCs/sec        130.368
Cnt prune sib  0
Avg prune sib  -
Consider Size  67.5714 dev=15.2731 min=17 max=76
Move Index     -
Move Percent   -
Delta Increase 3.1 dev=10.8042 min=1 max=71
Winner         empty
PV             i3 h5 f7 g5

HashTableStatistics:
Stores         692
LookupAttempt  60457
LookupSuccess  3342
Collisions     0

0bc96 info: Search aborted.
86a07 info: PlayAndSolve: Building VCs to avoid race condition.
86a07 info: PlayAndSolve: Continuing on as usual.
0bc96 info: *** PlayerThread ***
13ca6 info: *** SolverThread ***
3fff6 config: VCS: reading captured set patterns from '/home/linus/MoHex2.0/nfbranchfix/benzene-vanilla-cmake/share/vc-captured-set.txt'.
3fff6 config: VCS:: parsed 2 patterns.
3fff6 config: VCS: reading captured set patterns from '/home/linus/MoHex2.0/nfbranchfix/benzene-vanilla-cmake/share/vc-captured-set.txt'.
3fff6 config: VCS:: parsed 2 patterns.
3fff6 dfpn: 
0bc96 info: Best move cannot be determined, must search state.
0bc96 info: --- MoHexPlayer::Search() ---
0bc96 info: Color: black
0bc96 info: MaxGames: 1
0bc96 info: NumberThreads: 1
0bc96 info: MaxNodes: 9090 (799920 bytes)
0bc96 info: TimeForMove: 1
3fff6 dfpn: d6
3fff6 dfpn: d5
3fff6 dfpn: h3
3fff6 dfpn: e5
3fff6 dfpn: h4
3fff6 dfpn: g5
3fff6 dfpn: g4
3fff6 dfpn: i3
3fff6 dfpn: h5
3fff6 dfpn: g6
3fff6 dfpn: e4
3fff6 dfpn: j2
3fff6 dfpn: i4
3fff6 dfpn: d4
3fff6 dfpn: j3
3fff6 dfpn: i2
3fff6 dfpn: d8
3fff6 dfpn: b3
3fff6 dfpn: g3
3fff6 dfpn: e5
0bc96 info: PreSearch: max time reached (46/72).
0bc96 info: Time for PreSearch: 0.203979s
0bc96 info: 
  a028b05cc24613bc
  a  b  c  d  e  f  g  h  i  j  k  
 1\.  .  .  .  .  .  .  .  .  .  .\1
  2\.  *  .  .  *  *  *  *  *  *  .\2
   3\.  *  W  *  *  *  *  *  *  *  W\3
    4\.  B  *  *  *  W  *  *  *  *  .\4
     5\b  B  *  *  *  *  *  *  *  *  *\5
      6\.  *  *  *  *  *  *  *  *  *  *\6
       7\*  .  W  B  *  *  *  *  *  *  *\7
        8\*  *  *  *  *  B  *  *  *  *  .\8
         9\*  *  *  .  .  .  *  *  *  *  W\9
         10\*  *  .  .  .  B  .  *  *  .  b\10
          11\.  .  B  b  b  b  b  .  .  .  W\11
              a  b  c  d  e  f  g  h  i  j  k  
0bc96 info: Old: [black, b5] [white, swap-pieces] [white, f4] [black, c11] [white, k3] [black, b4] [white, k11] [black, f8] [white, k9] [black, f10] [white, c3] 
0bc96 info: New: [black, b5] [white, swap-pieces] [white, f4] [black, c11] [white, k3] [black, b4] [white, k11] [black, f8] [white, k9] [black, f10] [white, c3] [black, d7] [white, c7] 
0bc96 info: MovesPlayed: [black, d7] [white, c7] 
0bc96 info: No subtree to reuse.
0bc96 info: StartSearch()[0]
0bc96 info: 
Elapsed Time   0.362191s
Count          1
GamesPlayed    1
Nodes          1
Knowledge      0 (0.0%)
Expansions     0.0
Time           0.00
GameLen        103.0 dev=0.0 min=103.0 max=103.0
InTree         0.0 dev=0.0 min=0.0 max=0.0
KnowDepth      -
Aborted        0%
Games/s        3184.7
Score          1.00
Sequence      
0bc96 info: 
0bc96 warning: **** MoHexSearch returned empty sequence!
0bc96 warning: **** Returning random move!
0bc96 info: *** Player move: i3
3fff6 info: DfpnSolver::CheckAbort(): Abort flag!
13ca6 info: 
MID calls      43
VC builds      41
Terminal       0
Work           43
Wasted Work    0 (0%)
Elapsed Time   0.383012
MIDs/sec       112.268
VCs/sec        107.046
Cnt prune sib  1
Avg prune sib  1 dev=0 min=1 max=1
Consider Size  42.8537 dev=24.817 min=3 max=73
Move Index     -
Move Percent   -
Delta Increase 3.14286 dev=10.6694 min=1 max=68
Winner         empty
PV             e5 b3 h5 i3

HashTableStatistics:
Stores         796
LookupAttempt  67798
LookupSuccess  3829
Collisions     0

13ca6 info: Search aborted.
86a07 info: PlayAndSolve: Building VCs to avoid race condition.
86a07 info: PlayAndSolve: Continuing on as usual.
13ca6 info: *** PlayerThread ***
0bc96 info: *** SolverThread ***
3fff6 config: VCS: reading captured set patterns from '/home/linus/MoHex2.0/nfbranchfix/benzene-vanilla-cmake/share/vc-captured-set.txt'.
3fff6 config: VCS:: parsed 2 patterns.
3fff6 config: VCS: reading captured set patterns from '/home/linus/MoHex2.0/nfbranchfix/benzene-vanilla-cmake/share/vc-captured-set.txt'.
3fff6 config: VCS:: parsed 2 patterns.
3fff6 dfpn: 
13ca6 info: Winning SC.
13ca6 info: *** Player move: h5
0bc96 info: 
MID calls      0
VC builds      1
Terminal       1
Work           1
Wasted Work    0 (0%)
Elapsed Time   0.009374
MIDs/sec       0
VCs/sec        106.678
Cnt prune sib  0
Avg prune sib  -
Consider Size  -
Move Index     -
Move Percent   -
Delta Increase -
Winner         black
PV             

HashTableStatistics:
Stores         797
LookupAttempt  67804
LookupSuccess  3832
Collisions     0

86a07 info: PlayAndSolve: Building VCs to avoid race condition.
86a07 info: PlayAndSolve: Continuing on as usual.
0bc96 info: *** PlayerThread ***
13ca6 info: *** SolverThread ***
3fff6 config: VCS: reading captured set patterns from '/home/linus/MoHex2.0/nfbranchfix/benzene-vanilla-cmake/share/vc-captured-set.txt'.
3fff6 config: VCS:: parsed 2 patterns.
3fff6 config: VCS: reading captured set patterns from '/home/linus/MoHex2.0/nfbranchfix/benzene-vanilla-cmake/share/vc-captured-set.txt'.
3fff6 config: VCS:: parsed 2 patterns.
3fff6 dfpn: 
0bc96 info: Winning SC.
0bc96 info: *** Player move: i4
13ca6 info: 
MID calls      0
VC builds      1
Terminal       1
Work           1
Wasted Work    0 (0%)
Elapsed Time   0.011397
MIDs/sec       0
VCs/sec        87.7424
Cnt prune sib  0
Avg prune sib  -
Consider Size  -
Move Index     -
Move Percent   -
Delta Increase -
Winner         black
PV             

HashTableStatistics:
Stores         798
LookupAttempt  67810
LookupSuccess  3835
Collisions     0

86a07 info: PlayAndSolve: Building VCs to avoid race condition.
86a07 info: PlayAndSolve: Continuing on as usual.
0bc96 info: *** SolverThread ***
13ca6 info: *** PlayerThread ***
3fff6 config: VCS: reading captured set patterns from '/home/linus/MoHex2.0/nfbranchfix/benzene-vanilla-cmake/share/vc-captured-set.txt'.
3fff6 config: VCS:: parsed 2 patterns.
3fff6 config: VCS: reading captured set patterns from '/home/linus/MoHex2.0/nfbranchfix/benzene-vanilla-cmake/share/vc-captured-set.txt'.
3fff6 config: VCS:: parsed 2 patterns.
3fff6 dfpn: 
13ca6 info: Winning SC.
13ca6 info: *** Player move: h2
0bc96 info: 
MID calls      0
VC builds      1
Terminal       1
Work           1
Wasted Work    0 (0%)
Elapsed Time   0.012339
MIDs/sec       0
VCs/sec        81.0438
Cnt prune sib  0
Avg prune sib  -
Consider Size  -
Move Index     -
Move Percent   -
Delta Increase -
Winner         black
PV             

HashTableStatistics:
Stores         799
LookupAttempt  67816
LookupSuccess  3838
Collisions     0

86a07 info: PlayAndSolve: Building VCs to avoid race condition.
86a07 info: PlayAndSolve: Continuing on as usual.
13ca6 info: *** SolverThread ***
0bc96 info: *** PlayerThread ***
3fff6 config: VCS: reading captured set patterns from '/home/linus/MoHex2.0/nfbranchfix/benzene-vanilla-cmake/share/vc-captured-set.txt'.
3fff6 config: VCS:: parsed 2 patterns.
3fff6 config: VCS: reading captured set patterns from '/home/linus/MoHex2.0/nfbranchfix/benzene-vanilla-cmake/share/vc-captured-set.txt'.
3fff6 config: VCS:: parsed 2 patterns.
3fff6 dfpn: 
0bc96 info: Winning SC.
0bc96 info: *** Player move: h3
13ca6 info: 
MID calls      0
VC builds      1
Terminal       1
Work           1
Wasted Work    0 (0%)
Elapsed Time   0.012673
MIDs/sec       0
VCs/sec        78.9079
Cnt prune sib  0
Avg prune sib  -
Consider Size  -
Move Index     -
Move Percent   -
Delta Increase -
Winner         black
PV             

HashTableStatistics:
Stores         800
LookupAttempt  67822
LookupSuccess  3841
Collisions     0

86a07 info: PlayAndSolve: Building VCs to avoid race condition.
86a07 info: PlayAndSolve: Continuing on as usual.
0bc96 info: *** SolverThread ***
13ca6 info: *** PlayerThread ***
3fff6 config: VCS: reading captured set patterns from '/home/linus/MoHex2.0/nfbranchfix/benzene-vanilla-cmake/share/vc-captured-set.txt'.
3fff6 config: VCS:: parsed 2 patterns.
3fff6 config: VCS: reading captured set patterns from '/home/linus/MoHex2.0/nfbranchfix/benzene-vanilla-cmake/share/vc-captured-set.txt'.
3fff6 config: VCS:: parsed 2 patterns.
3fff6 dfpn: 
13ca6 info: Winning SC.
13ca6 info: *** Player move: h6
0bc96 info: 
MID calls      0
VC builds      1
Terminal       1
Work           1
Wasted Work    0 (0%)
Elapsed Time   0.007535
MIDs/sec       0
VCs/sec        132.714
Cnt prune sib  0
Avg prune sib  -
Consider Size  -
Move Index     -
Move Percent   -
Delta Increase -
Winner         black
PV             

HashTableStatistics:
Stores         801
LookupAttempt  67828
LookupSuccess  3844
Collisions     0

86a07 info: PlayAndSolve: Building VCs to avoid race condition.
86a07 info: PlayAndSolve: Continuing on as usual.
13ca6 info: *** SolverThread ***
0bc96 info: *** PlayerThread ***
3fff6 config: VCS: reading captured set patterns from '/home/linus/MoHex2.0/nfbranchfix/benzene-vanilla-cmake/share/vc-captured-set.txt'.
3fff6 config: VCS:: parsed 2 patterns.
3fff6 config: VCS: reading captured set patterns from '/home/linus/MoHex2.0/nfbranchfix/benzene-vanilla-cmake/share/vc-captured-set.txt'.
3fff6 config: VCS:: parsed 2 patterns.
3fff6 dfpn: 
0bc96 info: Winning SC.
0bc96 info: *** Player move: h7
13ca6 info: 
MID calls      0
VC builds      1
Terminal       1
Work           1
Wasted Work    0 (0%)
Elapsed Time   0.00678
MIDs/sec       0
VCs/sec        147.493
Cnt prune sib  0
Avg prune sib  -
Consider Size  -
Move Index     -
Move Percent   -
Delta Increase -
Winner         black
PV             

HashTableStatistics:
Stores         802
LookupAttempt  67834
LookupSuccess  3847
Collisions     0

86a07 info: PlayAndSolve: Building VCs to avoid race condition.
86a07 info: PlayAndSolve: Continuing on as usual.
0bc96 info: *** SolverThread ***
13ca6 info: *** PlayerThread ***
3fff6 config: VCS: reading captured set patterns from '/home/linus/MoHex2.0/nfbranchfix/benzene-vanilla-cmake/share/vc-captured-set.txt'.
3fff6 config: VCS:: parsed 2 patterns.
3fff6 config: VCS: reading captured set patterns from '/home/linus/MoHex2.0/nfbranchfix/benzene-vanilla-cmake/share/vc-captured-set.txt'.
3fff6 config: VCS:: parsed 2 patterns.
3fff6 dfpn: 
13ca6 info: Winning SC.
13ca6 info: *** Player move: h8
0bc96 info: 
MID calls      0
VC builds      1
Terminal       1
Work           1
Wasted Work    0 (0%)
Elapsed Time   0.005864
MIDs/sec       0
VCs/sec        170.532
Cnt prune sib  0
Avg prune sib  -
Consider Size  -
Move Index     -
Move Percent   -
Delta Increase -
Winner         black
PV             

HashTableStatistics:
Stores         803
LookupAttempt  67840
LookupSuccess  3850
Collisions     0

86a07 info: PlayAndSolve: Building VCs to avoid race condition.
86a07 info: PlayAndSolve: Continuing on as usual.
0bc96 info: *** PlayerThread ***
13ca6 info: *** SolverThread ***
3fff6 config: VCS: reading captured set patterns from '/home/linus/MoHex2.0/nfbranchfix/benzene-vanilla-cmake/share/vc-captured-set.txt'.
3fff6 config: VCS:: parsed 2 patterns.
3fff6 config: VCS: reading captured set patterns from '/home/linus/MoHex2.0/nfbranchfix/benzene-vanilla-cmake/share/vc-captured-set.txt'.
3fff6 config: VCS:: parsed 2 patterns.
3fff6 dfpn: 
0bc96 info: Winning SC.
0bc96 info: *** Player move: g9
13ca6 info: 
MID calls      0
VC builds      1
Terminal       1
Work           1
Wasted Work    0 (0%)
Elapsed Time   0.006843
MIDs/sec       0
VCs/sec        146.135
Cnt prune sib  0
Avg prune sib  -
Consider Size  -
Move Index     -
Move Percent   -
Delta Increase -
Winner         black
PV             

HashTableStatistics:
Stores         804
LookupAttempt  67846
LookupSuccess  3853
Collisions     0

86a07 info: PlayAndSolve: Building VCs to avoid race condition.
86a07 info: PlayAndSolve: Continuing on as usual.
13ca6 info: *** PlayerThread ***
0bc96 info: *** SolverThread ***
3fff6 config: VCS: reading captured set patterns from '/home/linus/MoHex2.0/nfbranchfix/benzene-vanilla-cmake/share/vc-captured-set.txt'.
3fff6 config: VCS:: parsed 2 patterns.
3fff6 config: VCS: reading captured set patterns from '/home/linus/MoHex2.0/nfbranchfix/benzene-vanilla-cmake/share/vc-captured-set.txt'.
3fff6 config: VCS:: parsed 2 patterns.
3fff6 dfpn: 
13ca6 info: Winning SC.
13ca6 info: *** Player move: i1
0bc96 info: 
MID calls      0
VC builds      1
Terminal       1
Work           1
Wasted Work    0 (0%)
Elapsed Time   0.005763
MIDs/sec       0
VCs/sec        173.521
Cnt prune sib  0
Avg prune sib  -
Consider Size  -
Move Index     -
Move Percent   -
Delta Increase -
Winner         black
PV             

HashTableStatistics:
Stores         805
LookupAttempt  67852
LookupSuccess  3856
Collisions     0

86a07 info: PlayAndSolve: Building VCs to avoid race condition.
86a07 info: PlayAndSolve: Continuing on as usual.
0bc96 info: *** PlayerThread ***
13ca6 info: *** SolverThread ***
3fff6 config: VCS: reading captured set patterns from '/home/linus/MoHex2.0/nfbranchfix/benzene-vanilla-cmake/share/vc-captured-set.txt'.
3fff6 config: VCS:: parsed 2 patterns.
3fff6 config: VCS: reading captured set patterns from '/home/linus/MoHex2.0/nfbranchfix/benzene-vanilla-cmake/share/vc-captured-set.txt'.
3fff6 config: VCS:: parsed 2 patterns.
3fff6 dfpn: 
0bc96 info: Winning SC.
0bc96 info: *** Player move: e11
13ca6 info: 
MID calls      0
VC builds      1
Terminal       1
Work           1
Wasted Work    0 (0%)
Elapsed Time   0.005279
MIDs/sec       0
VCs/sec        189.43
Cnt prune sib  0
Avg prune sib  -
Consider Size  -
Move Index     -
Move Percent   -
Delta Increase -
Winner         black
PV             

HashTableStatistics:
Stores         806
LookupAttempt  67858
LookupSuccess  3859
Collisions     0

86a07 config: ============ BenzeneShutdown =============
86a07 config: MoHexProgram:: ShutdownSystem()
86a07 config: CommonProgram:: ShutdownSystem()
86a07 config: BenzeneProgram:: ShutdownSystem()
Flushing and closing this stream...
