# nice ../build/src/mohex/mohex --config mohex-cg2010.htp --seed 196219 --logfile-name jobs/11x11-mohex-mohex-weak-vs-mohex-mohex-cg2010/mohex-mohex-cg2010-0.log
>boardsize 11 11
MoHex 2.0.CMake Mar 21 2025
Copyright (C) 2007-2012 by the authors of the Benzene project.
This program comes with ABSOLUTELY NO WARRANTY. This is
free software and you are welcome to redistribute it under
certain conditions. Type `benzene-license' for details.

SgRandom::SetSeed: 196219
SgUctSearch: system memory 33632358400, using 1000000000 (5681818 nodes)
SgRandom::SetSeed: 1
SgRandom::SetSeed: 196219
85f27 info: Prior Patterns:
85f27 info: Global:
85f27 info: Size            = 565 32648 
85f27 info: TableEntries    = 65932 65910
85f27 info: MirrorsAdded    = 0 0
85f27 info: PrunableCount   = 30593 30629
85f27 info: LargestGamma    = 5820.77
85f27 info: SmallestGamma   = 6.6e-05
85f27 info: Local:
85f27 info: Size            = 550 5318 
85f27 info: TableEntries    = 11602 11588
85f27 info: MirrorsAdded    = 0 0
85f27 info: PrunableCount   = 3659 3667
85f27 info: LargestGamma    = 11281.8
85f27 info: SmallestGamma   = 0.026235
85f27 info: Playout Patterns:
85f27 info: Global:
85f27 info: Size            = 565 32648 
85f27 info: TableEntries    = 70329 70329
85f27 info: MirrorsAdded    = 4397 4419
85f27 info: PrunableCount   = 30593 30629
85f27 info: LargestGamma    = 5820.77
85f27 info: SmallestGamma   = 6.6e-05
85f27 info: Local:
85f27 info: Size            = 550 5318 
85f27 info: TableEntries    = 11602 11588
85f27 info: MirrorsAdded    = 0 0
85f27 info: PrunableCount   = 3659 3667
85f27 info: LargestGamma    = 11281.8
85f27 info: SmallestGamma   = 0.026235
param_game allow_swap 1
= 

param_mohex max_memory 32000000000
= 

param_mohex num_threads 1
= 

param_mohex max_time 1
= 

param_mohex max_games 999999999
= 

param_mohex knowledge_threshold 400
= 

param_mohex reuse_subtree 1
= 

param_mohex use_parallel_solver 1
= 

<= 
<
>name
<= MoHex
<
>version
<= 2.0.CMake
<
>play b a1
<= 
<
>genmove w
<= f6
<
>play b e6
85f27 info: SwapCheck: reading from '/home/linus/MoHex2.0/nfbranchfix/benzene-vanilla-cmake/share/swap-moves.txt'.
85f27 info: SwapCheck: opting not to swap.
85f27 info: PlayAndSolve: Building VCs to avoid race condition.
85f27 info: PlayAndSolve: Continuing on as usual.
131c6 info: *** PlayerThread ***
0b1b6 info: *** SolverThread ***
131c6 info: Best move cannot be determined, must search state.
131c6 info: --- MoHexPlayer::Search() ---
131c6 info: Color: white
131c6 info: MaxGames: 999999999
131c6 info: NumberThreads: 1
131c6 info: MaxNodes: 181818181 (15999999928 bytes)
131c6 info: TimeForMove: 1
131c6 info: PreSearch: max time reached (56/94).
131c6 info: Time for PreSearch: 0.204645s
131c6 info: 
  0523bfb43e6bc35d
  a  b  c  d  e  f  g  h  i  j  k  
 1\B  b  .  *  *  *  *  *  *  *  .\1
  2\.  *  *  *  *  *  *  *  *  *  .\2
   3\.  *  *  *  *  *  *  *  *  *  .\3
    4\.  *  *  *  *  *  *  *  *  *  .\4
     5\.  *  *  *  *  *  *  *  *  *  .\5
      6\.  *  *  *  *  *  *  *  *  *  .\6
       7\.  *  *  *  *  *  *  *  *  *  .\7
        8\.  *  *  *  *  *  *  *  *  *  .\8
         9\.  *  *  *  *  *  *  *  *  *  .\9
         10\.  *  *  *  *  *  *  *  *  .  .\10
          11\.  *  *  *  *  *  *  *  .  .  .\11
              a  b  c  d  e  f  g  h  i  j  k  
131c6 info: No subtree to reuse.
131c6 info: Creating thread 0
131c6 info: StartSearch()[0]
SgUctSearch: max time reached
131c6 info: 
Elapsed Time   1.64053s
Count          12962
GamesPlayed    12962
Nodes          76819
Knowledge      45 (0.3%)
Expansions     898.0
Time           1.09
GameLen        117.1 dev=2.5 min=110.0 max=119.0
InTree         8.8 dev=5.7 min=0.0 max=32.0
KnowDepth      5.1 dev=4.0 min=0.0 max=16.0
Aborted        0%
Games/s        11911.7
Score          0.53
Sequence       f6 g6 g5 h5 h4 i4 i3 k2 j3 k3 j4 k4 j5 k5 j6 k6 k1 j2 j1 i2 i1 h2 h1 g2 g1 f2 f1 e2 e1 d2 d1
131c6 info: 
131c6 info: *** Player move: f6
3fff6 info: DfpnSolver::CheckAbort(): Abort flag!
0b1b6 info: 
MID calls      234
VC builds      226
Terminal       0
Work           234
Wasted Work    0 (0%)
Elapsed Time   1.65272
MIDs/sec       141.585
VCs/sec        136.744
Cnt prune sib  0
Avg prune sib  -
Consider Size  87.6814 dev=8.00403 min=40 max=94
Move Index     -
Move Percent   -
Delta Increase 2.87554 dev=12.2319 min=1 max=90
Winner         empty
PV             c9 h6 g8

HashTableStatistics:
Stores         497
LookupAttempt  31464
LookupSuccess  1182
Collisions     0

0b1b6 info: Search aborted.
<= 
<
>genmove w
<= e7
<
>play b g6
85f27 info: PlayAndSolve: Building VCs to avoid race condition.
85f27 info: PlayAndSolve: Continuing on as usual.
0b1b6 info: *** PlayerThread ***
131c6 info: *** SolverThread ***
0b1b6 info: Best move cannot be determined, must search state.
0b1b6 info: --- MoHexPlayer::Search() ---
0b1b6 info: Color: white
0b1b6 info: MaxGames: 999999999
0b1b6 info: NumberThreads: 1
0b1b6 info: MaxNodes: 181818181 (15999999928 bytes)
0b1b6 info: TimeForMove: 1
0b1b6 info: PreSearch: max time reached (48/92).
0b1b6 info: Time for PreSearch: 0.201863s
0b1b6 info: 
  9424d0ca98be5272
  a  b  c  d  e  f  g  h  i  j  k  
 1\B  b  .  *  *  *  *  *  *  *  .\1
  2\.  *  *  *  *  *  *  *  *  *  .\2
   3\.  *  *  *  *  *  *  *  *  *  .\3
    4\.  *  *  *  *  *  *  *  *  *  .\4
     5\.  *  *  *  *  *  *  *  *  *  .\5
      6\.  *  *  *  B  W  *  *  *  *  .\6
       7\.  *  *  *  *  *  *  *  *  *  .\7
        8\.  *  *  *  *  *  *  *  *  *  .\8
         9\.  *  *  *  *  *  *  *  *  *  .\9
         10\.  *  *  *  *  *  *  *  *  .  .\10
          11\.  *  *  *  *  *  *  *  .  .  .\11
              a  b  c  d  e  f  g  h  i  j  k  
0b1b6 info: Old: [black, a1] 
0b1b6 info: New: [black, a1] [white, f6] [black, e6] 
0b1b6 info: MovesPlayed: [white, f6] [black, e6] 
0b1b6 info: MoHexPlayer: Reusing 5783 nodes (7%)
0b1b6 info: MoHexPlayer: Reusing 7 knowledge states (15%)
0b1b6 info: StartSearch()[0]
SgUctSearch: extending unstable search!
SgUctSearch: move cannot change anymore
0b1b6 info: 
Elapsed Time   1.49308s
Count          12502
GamesPlayed    11654
Nodes          72308
Knowledge      60 (0.5%)
Expansions     791.0
Time           1.15
GameLen        117.0 dev=0.0 min=117.0 max=117.0
InTree         11.3 dev=5.0 min=1.0 max=27.0
KnowDepth      7.2 dev=3.5 min=1.0 max=15.0
Aborted        0%
Games/s        10145.3
Score          0.55
Sequence       e7 c8 d7 c7 d6 c6 d4 h4 h5 g5 g6 d5 e4 e5 f4 f5 c9 d8 d9 e8 e9
0b1b6 info: 
0b1b6 info: *** Player move: e7
3fff6 info: DfpnSolver::CheckAbort(): Abort flag!
131c6 info: 
MID calls      218
VC builds      211
Terminal       0
Work           218
Wasted Work    0 (0%)
Elapsed Time   1.50759
MIDs/sec       144.602
VCs/sec        139.959
Cnt prune sib  0
Avg prune sib  -
Consider Size  83.7583 dev=10.0133 min=30 max=92
Move Index     -
Move Percent   -
Delta Increase 2.95853 dev=12.2408 min=1 max=85
Winner         empty
PV             c9 h5 e8

HashTableStatistics:
Stores         961
LookupAttempt  60098
LookupSuccess  2284
Collisions     0

131c6 info: Search aborted.
<= 
<
>genmove w
<= f8
<
>play b h7
85f27 info: PlayAndSolve: Building VCs to avoid race condition.
85f27 info: PlayAndSolve: Continuing on as usual.
131c6 info: *** PlayerThread ***
0b1b6 info: *** SolverThread ***
131c6 info: Best move cannot be determined, must search state.
131c6 info: --- MoHexPlayer::Search() ---
131c6 info: Color: white
131c6 info: MaxGames: 999999999
131c6 info: NumberThreads: 1
131c6 info: MaxNodes: 181818181 (15999999928 bytes)
131c6 info: TimeForMove: 1
131c6 info: PreSearch: max time reached (47/90).
131c6 info: Time for PreSearch: 0.203174s
131c6 info: 
  41904d3361198cb5
  a  b  c  d  e  f  g  h  i  j  k  
 1\B  b  .  *  *  *  *  *  *  *  .\1
  2\.  *  *  *  *  *  *  *  *  *  .\2
   3\.  *  *  *  *  *  *  *  *  *  .\3
    4\.  *  *  *  *  *  *  *  *  *  .\4
     5\.  *  *  *  *  *  *  *  *  *  .\5
      6\.  *  *  *  B  W  B  *  *  *  .\6
       7\.  *  *  *  W  *  *  *  *  *  .\7
        8\.  *  *  *  *  *  *  *  *  *  .\8
         9\.  *  *  *  *  *  *  *  *  *  .\9
         10\.  *  *  *  *  *  *  *  *  .  .\10
          11\.  *  *  *  *  *  *  *  .  .  .\11
              a  b  c  d  e  f  g  h  i  j  k  
131c6 info: Old: [black, a1] [white, f6] [black, e6] 
131c6 info: New: [black, a1] [white, f6] [black, e6] [white, e7] [black, g6] 
131c6 info: MovesPlayed: [white, e7] [black, g6] 
131c6 info: MoHexPlayer: Reusing 8474 nodes (11%)
131c6 info: MoHexPlayer: Reusing 11 knowledge states (16%)
131c6 info: StartSearch()[0]
SgUctSearch: max time reached
131c6 info: 
Elapsed Time   1.4729s
Count          12567
GamesPlayed    11027
Nodes          65621
Knowledge      38 (0.3%)
Expansions     733.0
Time           1.03
GameLen        114.1 dev=2.0 min=103.0 max=115.0
InTree         10.5 dev=5.9 min=1.0 max=36.0
KnowDepth      9.2 dev=5.1 min=2.0 max=21.0
Aborted        0%
Games/s        10753.2
Score          0.57
Sequence       f8 h7 g9 i8 g5 h5 h4 j3 j2 i3 i2 h3 h2 g3 g2 f3 f2 e3 e2 d3 d2 b3 c3 b4 c4 b5 c5 b6 c6 b7 c7 b8 c8 b9 b10 c9
131c6 info: 
131c6 info: *** Player move: f8
3fff6 info: DfpnSolver::CheckAbort(): Abort flag!
0b1b6 info: 
MID calls      217
VC builds      207
Terminal       0
Work           217
Wasted Work    0 (0%)
Elapsed Time   1.48949
MIDs/sec       145.688
VCs/sec        138.974
Cnt prune sib  0
Avg prune sib  -
Consider Size  78.2898 dev=16.9728 min=16 max=90
Move Index     -
Move Percent   -
Delta Increase 2.75463 dev=10.4748 min=1 max=83
Winner         empty
PV             h3 j2 d8 i4

HashTableStatistics:
Stores         1422
LookupAttempt  87137
LookupSuccess  3394
Collisions     0

0b1b6 info: Search aborted.
<= 
<
>genmove w
<= g9
<
>play b i8
85f27 info: PlayAndSolve: Building VCs to avoid race condition.
85f27 info: PlayAndSolve: Continuing on as usual.
0b1b6 info: *** PlayerThread ***
131c6 info: *** SolverThread ***
0b1b6 info: Best move cannot be determined, must search state.
0b1b6 info: --- MoHexPlayer::Search() ---
0b1b6 info: Color: white
0b1b6 info: MaxGames: 999999999
0b1b6 info: NumberThreads: 1
0b1b6 info: MaxNodes: 181818181 (15999999928 bytes)
0b1b6 info: TimeForMove: 1
0b1b6 info: PreSearch: max time reached (44/85).
0b1b6 info: Time for PreSearch: 0.201789s
0b1b6 info: 
  11ce62a1a8aa7541
  a  b  c  d  e  f  g  h  i  j  k  
 1\B  b  .  *  *  *  *  *  *  *  .\1
  2\.  *  *  *  *  *  *  *  *  *  .\2
   3\.  *  *  *  *  *  *  *  *  *  .\3
    4\.  *  *  *  *  *  *  *  *  *  .\4
     5\.  *  *  *  *  *  *  *  *  *  .\5
      6\.  *  *  *  B  W  B  *  *  *  .\6
       7\.  *  *  *  W  .  .  B  *  *  .\7
        8\.  *  *  *  .  W  *  *  *  *  .\8
         9\.  *  *  *  *  *  *  *  *  *  .\9
         10\.  *  *  *  *  *  *  *  *  .  .\10
          11\.  *  *  *  *  *  *  *  .  .  .\11
              a  b  c  d  e  f  g  h  i  j  k  
0b1b6 info: Old: [black, a1] [white, f6] [black, e6] [white, e7] [black, g6] 
0b1b6 info: New: [black, a1] [white, f6] [black, e6] [white, e7] [black, g6] [white, f8] [black, h7] 
0b1b6 info: MovesPlayed: [white, f8] [black, h7] 
0b1b6 info: MoHexPlayer: Reusing 37499 nodes (57%)
0b1b6 info: MoHexPlayer: Reusing 35 knowledge states (71%)
0b1b6 info: StartSearch()[0]
SgUctSearch: extending unstable search!
SgUctSearch: move cannot change anymore
0b1b6 info: 
Elapsed Time   1.6832s
Count          20062
GamesPlayed    12500
Nodes          98163
Knowledge      62 (0.3%)
Expansions     842.0
Time           1.24
GameLen        109.5 dev=4.6 min=95.0 max=113.0
InTree         12.3 dev=8.0 min=1.0 max=44.0
KnowDepth      10.5 dev=6.1 min=1.0 max=24.0
Aborted        0%
Games/s        10098.1
Score          0.55
Sequence       g9 i8 i9 h9 g5 h5 h4 j3 j2 i3 i2 h3 h2 g3 g2 f3 f2 e3 e2 d3 d2 c3 c2 a3 b3 a4 b4 a5 b5 a6 b6 a7 b7 a8 b8 a9 b10 b9 c9 c8 d7 c7 d8 k8
0b1b6 info: 
0b1b6 info: *** Player move: g9
3fff6 info: DfpnSolver::CheckAbort(): Abort flag!
131c6 info: 
MID calls      222
VC builds      212
Terminal       0
Work           222
Wasted Work    0 (0%)
Elapsed Time   1.70066
MIDs/sec       130.537
VCs/sec        124.657
Cnt prune sib  0
Avg prune sib  -
Consider Size  67.8397 dev=20.5049 min=10 max=85
Move Index     -
Move Percent   -
Delta Increase 2.55656 dev=9.14601 min=1 max=78
Winner         empty
PV             g9 h10 b10 i8

HashTableStatistics:
Stores         1892
LookupAttempt  111366
LookupSuccess  4450
Collisions     0

131c6 info: Search aborted.
<= 
<
>genmove w
<= h10
<
>play b j9
85f27 info: PlayAndSolve: Building VCs to avoid race condition.
85f27 info: PlayAndSolve: Continuing on as usual.
131c6 info: *** PlayerThread ***
0b1b6 info: *** SolverThread ***
131c6 info: Best move cannot be determined, must search state.
131c6 info: --- MoHexPlayer::Search() ---
131c6 info: Color: white
131c6 info: MaxGames: 999999999
131c6 info: NumberThreads: 1
131c6 info: MaxNodes: 181818181 (15999999928 bytes)
131c6 info: TimeForMove: 1
131c6 info: PreSearch: max time reached (37/78).
131c6 info: Time for PreSearch: 0.201289s
131c6 info: 
  105672586f6415eb
  a  b  c  d  e  f  g  h  i  j  k  
 1\B  b  .  *  *  *  *  *  *  *  .\1
  2\.  *  *  *  *  *  *  *  *  *  .\2
   3\.  *  *  *  *  *  *  *  *  *  .\3
    4\.  *  *  *  *  *  *  *  *  *  .\4
     5\.  *  *  *  *  *  *  *  *  *  .\5
      6\.  *  *  *  B  W  B  *  *  *  .\6
       7\.  *  *  *  W  .  .  B  *  .  .\7
        8\.  *  *  *  .  W  .  .  B  .  .\8
         9\.  *  *  *  *  .  W  *  *  *  .\9
         10\.  *  *  *  *  *  *  *  *  .  .\10
          11\.  *  *  *  *  *  *  *  .  .  .\11
              a  b  c  d  e  f  g  h  i  j  k  
131c6 info: Old: [black, a1] [white, f6] [black, e6] [white, e7] [black, g6] [white, f8] [black, h7] 
131c6 info: New: [black, a1] [white, f6] [black, e6] [white, e7] [black, g6] [white, f8] [black, h7] [white, g9] [black, i8] 
131c6 info: MovesPlayed: [white, g9] [black, i8] 
131c6 info: MoHexPlayer: Reusing 56435 nodes (57%)
131c6 info: MoHexPlayer: Reusing 69 knowledge states (71%)
131c6 info: StartSearch()[0]
SgUctSearch: max time reached
131c6 info: 
Elapsed Time   1.37365s
Count          21999
GamesPlayed    9584
Nodes          96470
Knowledge      61 (0.3%)
Expansions     635.0
Time           1.02
GameLen        103.6 dev=7.4 min=84.0 max=111.0
InTree         14.8 dev=8.9 min=1.0 max=37.0
KnowDepth      14.1 dev=6.6 min=1.0 max=26.0
Aborted        0%
Games/s        9351.5
Score          0.53
Sequence       h10 j9 g5 h5 h4 j3 j2 i3 i4 j4 i5 j5 i2 h3 h2 g3 g2 f3 f2 e3 e2 d3 d2 c3 c2 a3 b3 a4 b4 a5 b5 a6 b6 a7 b7
131c6 info: 
131c6 info: *** Player move: h10
3fff6 info: DfpnSolver::CheckAbort(): Abort flag!
0b1b6 info: 
MID calls      162
VC builds      153
Terminal       0
Work           162
Wasted Work    0 (0%)
Elapsed Time   1.38848
MIDs/sec       116.674
VCs/sec        110.192
Cnt prune sib  0
Avg prune sib  -
Consider Size  62.9543 dev=18.3069 min=13 max=78
Move Index     -
Move Percent   -
Delta Increase 2.41975 dev=7.83844 min=1 max=71
Winner         empty
PV             b10 j4 h10

HashTableStatistics:
Stores         2241
LookupAttempt  129315
LookupSuccess  5331
Collisions     0

0b1b6 info: Search aborted.
<= 
<
>genmove w
<= g5
<
>play b i4
85f27 info: PlayAndSolve: Building VCs to avoid race condition.
85f27 info: PlayAndSolve: Continuing on as usual.
0b1b6 info: *** PlayerThread ***
131c6 info: *** SolverThread ***
0b1b6 info: Best move cannot be determined, must search state.
0b1b6 info: --- MoHexPlayer::Search() ---
0b1b6 info: Color: white
0b1b6 info: MaxGames: 999999999
0b1b6 info: NumberThreads: 1
0b1b6 info: MaxNodes: 181818181 (15999999928 bytes)
0b1b6 info: TimeForMove: 1
0b1b6 info: Time for PreSearch: 0.091653s
0b1b6 info: 
  333c3fa5e73bd816
  a  b  c  d  e  f  g  h  i  j  k  
 1\B  b  .  *  *  *  *  *  *  *  .\1
  2\.  *  *  *  *  *  *  *  *  *  .\2
   3\.  .  .  .  .  .  *  *  *  .  .\3
    4\.  .  .  .  .  .  *  *  .  .  .\4
     5\.  .  .  .  .  .  *  *  .  .  .\5
      6\.  .  .  .  B  W  B  *  .  .  .\6
       7\.  .  .  .  W  .  .  B  *  .  .\7
        8\.  .  .  .  .  W  .  .  B  *  .\8
         9\.  .  .  .  .  .  W  .  .  B  b\9
         10\.  .  .  .  .  .  .  W  b  b  b\10
          11\.  .  .  .  .  .  .  b  b  b  b\11
              a  b  c  d  e  f  g  h  i  j  k  
0b1b6 info: Old: [black, a1] [white, f6] [black, e6] [white, e7] [black, g6] [white, f8] [black, h7] [white, g9] [black, i8] 
0b1b6 info: New: [black, a1] [white, f6] [black, e6] [white, e7] [black, g6] [white, f8] [black, h7] [white, g9] [black, i8] [white, h10] [black, j9] 
0b1b6 info: MovesPlayed: [white, h10] [black, j9] 
0b1b6 info: MoHexPlayer: Reusing 24778 nodes (25%)
0b1b6 info: MoHexPlayer: Reusing 3 knowledge states (2%)
0b1b6 info: StartSearch()[0]
SgUctSearch: max time reached
0b1b6 info: 
Elapsed Time   1.25791s
Count          17683
GamesPlayed    11341
Nodes          61612
Knowledge      68 (0.4%)
Expansions     727.0
Time           1.02
GameLen        94.5 dev=6.6 min=41.0 max=101.0
InTree         19.2 dev=11.2 min=1.0 max=46.0
KnowDepth      19.0 dev=10.6 min=1.0 max=39.0
Aborted        0%
Games/s        11134.2
Score          0.50
Sequence       g5 h5 h4 j3 j2 i3 i4 j4 i5 j5 i2 h3 h2 g3 g2 f3 f2 e3 e2 d3 d2 c3 c2 a3 b3 a4 b4 a5 b5 a6 b6 a7 b7 a8 b8 a9 b10 b9 c9 c8 d8 g10 h9 f10 e10 f9
0b1b6 info: 
0b1b6 info: *** Player move: g5
3fff6 info: DfpnSolver::CheckAbort(): Abort flag!
131c6 info: 
MID calls      135
VC builds      125
Terminal       0
Work           135
Wasted Work    0 (0%)
Elapsed Time   1.27049
MIDs/sec       106.259
VCs/sec        98.3875
Cnt prune sib  1
Avg prune sib  1 dev=0 min=1 max=1
Consider Size  55.616 dev=21.1871 min=5 max=71
Move Index     -
Move Percent   -
Delta Increase 2.15672 dev=6.46328 min=1 max=67
Winner         empty
PV             h4 g5 g4 f5

HashTableStatistics:
Stores         2522
LookupAttempt  138202
LookupSuccess  5653
Collisions     0

131c6 info: Search aborted.
<= 
<
>genmove w
<= h6
<
>play b g7
85f27 info: PlayAndSolve: Building VCs to avoid race condition.
85f27 info: PlayAndSolve: Continuing on as usual.
131c6 info: *** PlayerThread ***
0b1b6 info: *** SolverThread ***
131c6 info: Best move cannot be determined, must search state.
131c6 info: --- MoHexPlayer::Search() ---
131c6 info: Color: white
131c6 info: MaxGames: 999999999
131c6 info: NumberThreads: 1
131c6 info: MaxNodes: 181818181 (15999999928 bytes)
131c6 info: TimeForMove: 1
131c6 info: Time for PreSearch: 0.102279s
131c6 info: 
  6d869ee2cee52552
  a  b  c  d  e  f  g  h  i  j  k  
 1\B  b  .  *  *  *  *  *  *  *  .\1
  2\.  *  *  *  *  *  *  *  *  *  .\2
   3\.  .  .  .  .  .  .  *  *  .  .\3
    4\.  .  .  .  .  .  .  *  B  .  .\4
     5\.  .  .  .  .  .  W  *  *  *  .\5
      6\.  .  .  .  B  W  B  *  *  .  .\6
       7\.  .  .  .  W  .  .  B  *  .  .\7
        8\.  .  .  .  .  W  .  .  B  *  .\8
         9\.  .  .  .  .  .  W  .  .  B  b\9
         10\.  .  .  .  .  .  .  W  b  b  b\10
          11\.  .  .  .  .  .  .  b  b  b  b\11
              a  b  c  d  e  f  g  h  i  j  k  
131c6 info: Old: [black, a1] [white, f6] [black, e6] [white, e7] [black, g6] [white, f8] [black, h7] [white, g9] [black, i8] [white, h10] [black, j9] 
131c6 info: New: [black, a1] [white, f6] [black, e6] [white, e7] [black, g6] [white, f8] [black, h7] [white, g9] [black, i8] [white, h10] [black, j9] [white, g5] [black, i4] 
131c6 info: MovesPlayed: [white, g5] [black, i4] 
131c6 info: MoHexPlayer: Reusing 1356 nodes (2%)
131c6 info: MoHexPlayer: Reusing 0 knowledge states (0%)
131c6 info: StartSearch()[0]
SgUctSearch: max time reached
131c6 info: 
Elapsed Time   1.30794s
Count          13501
GamesPlayed    13222
Nodes          56468
Knowledge      48 (0.4%)
Expansions     861.0
Time           1.06
GameLen        98.7 dev=1.0 min=91.0 max=99.0
InTree         9.3 dev=3.5 min=1.0 max=21.0
KnowDepth      5.4 dev=2.7 min=0.0 max=12.0
Aborted        0%
Games/s        12496.2
Score          0.51
Sequence       h6 j5 i3 h4 h3 g4 g3 f4 f3 e4 e3 c4 d4 c5 d5 c6 d6 c7 d7 c8 c9
131c6 info: 
131c6 info: *** Player move: h6
3fff6 info: DfpnSolver::CheckAbort(): Abort flag!
0b1b6 info: 
MID calls      125
VC builds      115
Terminal       0
Work           125
Wasted Work    0 (0%)
Elapsed Time   1.33189
MIDs/sec       93.8519
VCs/sec        86.3437
Cnt prune sib  2
Avg prune sib  2 dev=1 min=1 max=3
Consider Size  47.6 dev=23.7039 min=1 max=71
Move Index     -
Move Percent   -
Delta Increase 2.00813 dev=5.64318 min=1 max=59
Winner         empty
PV             h5 i5 i3 h4

HashTableStatistics:
Stores         2783
LookupAttempt  145532
LookupSuccess  5961
Collisions     0

0b1b6 info: Search aborted.
<= 
<
>genmove w
<= h5
<
>play b j5
85f27 info: PlayAndSolve: Building VCs to avoid race condition.
85f27 info: PlayAndSolve: Continuing on as usual.
0b1b6 info: *** PlayerThread ***
131c6 info: *** SolverThread ***
0b1b6 info: Best move cannot be determined, must search state.
0b1b6 info: --- MoHexPlayer::Search() ---
0b1b6 info: Color: white
0b1b6 info: MaxGames: 999999999
0b1b6 info: NumberThreads: 1
0b1b6 info: MaxNodes: 181818181 (15999999928 bytes)
0b1b6 info: TimeForMove: 1
0b1b6 info: Time for PreSearch: 0.105999s
0b1b6 info: 
  79431a1f34ce3d7d
  a  b  c  d  e  f  g  h  i  j  k  
 1\B  b  .  *  *  *  *  *  *  *  .\1
  2\.  *  *  *  *  *  *  *  *  *  .\2
   3\.  .  .  .  .  .  .  *  *  .  .\3
    4\.  .  .  .  .  .  .  *  B  .  .\4
     5\.  .  .  .  .  .  W  *  .  *  .\5
      6\.  .  .  .  B  W  B  W  .  .  .\6
       7\.  .  .  .  W  .  B  B  *  .  .\7
        8\.  .  .  .  .  W  .  .  B  *  .\8
         9\.  .  .  .  .  .  W  .  .  B  b\9
         10\.  .  .  .  .  .  .  W  b  b  b\10
          11\.  .  .  .  .  .  .  b  b  b  b\11
              a  b  c  d  e  f  g  h  i  j  k  
0b1b6 info: Old: [black, a1] [white, f6] [black, e6] [white, e7] [black, g6] [white, f8] [black, h7] [white, g9] [black, i8] [white, h10] [black, j9] [white, g5] [black, i4] 
0b1b6 info: New: [black, a1] [white, f6] [black, e6] [white, e7] [black, g6] [white, f8] [black, h7] [white, g9] [black, i8] [white, h10] [black, j9] [white, g5] [black, i4] [white, h6] [black, g7] 
0b1b6 info: MovesPlayed: [white, h6] [black, g7] 
0b1b6 info: MoHexPlayer: Reusing 19817 nodes (35%)
0b1b6 info: MoHexPlayer: Reusing 15 knowledge states (31%)
0b1b6 info: StartSearch()[0]
SgUctSearch: max time reached
0b1b6 info: 
Elapsed Time   1.29549s
Count          16103
GamesPlayed    11378
Nodes          64336
Knowledge      44 (0.3%)
Expansions     735.0
Time           1.01
GameLen        96.0 dev=2.1 min=6.0 max=97.0
InTree         10.7 dev=5.1 min=1.0 max=29.0
KnowDepth      7.9 dev=4.3 min=2.0 max=19.0
Aborted        0%
Games/s        11224.5
Score          0.54
Sequence       h5 j5 i7 i6 h8 f9 g8 c8 d7 c7 d6 c6 c9 d8 d9 e8 e9
0b1b6 info: 
0b1b6 info: *** Player move: h5
3fff6 info: DfpnSolver::CheckAbort(): Abort flag!
131c6 info: 
MID calls      131
VC builds      116
Terminal       0
Work           131
Wasted Work    0 (0%)
Elapsed Time   1.31279
MIDs/sec       99.7879
VCs/sec        88.3618
Cnt prune sib  6
Avg prune sib  3 dev=1.91485 min=1 max=7
Consider Size  45.0862 dev=24.3224 min=1 max=69
Move Index     -
Move Percent   -
Delta Increase 2.05469 dev=5.06105 min=1 max=53
Winner         empty
PV             h5 d7 d8

HashTableStatistics:
Stores         3059
LookupAttempt  152875
LookupSuccess  6321
Collisions     0

131c6 info: Search aborted.
<= 
<
>genmove w
<= i7
<
>play b h8
85f27 info: PlayAndSolve: Building VCs to avoid race condition.
85f27 info: PlayAndSolve: Continuing on as usual.
131c6 info: *** PlayerThread ***
0b1b6 info: *** SolverThread ***
131c6 info: Best move cannot be determined, must search state.
131c6 info: --- MoHexPlayer::Search() ---
131c6 info: Color: white
131c6 info: MaxGames: 999999999
131c6 info: NumberThreads: 1
131c6 info: MaxNodes: 181818181 (15999999928 bytes)
131c6 info: TimeForMove: 1
131c6 info: PreSearch: max time reached (30/64).
131c6 info: Time for PreSearch: 0.204658s
131c6 info: 
  d91caf6fe7bc74d1
  a  b  c  d  e  f  g  h  i  j  k  
 1\B  b  .  *  *  *  *  *  *  *  .\1
  2\.  *  *  *  *  *  *  *  *  *  .\2
   3\.  *  *  *  *  *  *  *  *  .  .\3
    4\.  *  *  *  *  *  *  *  B  *  .\4
     5\.  *  *  *  *  *  W  W  .  B  .\5
      6\.  *  *  *  B  W  B  W  *  *  .\6
       7\.  *  *  *  W  .  B  B  *  .  .\7
        8\.  *  *  *  .  W  .  .  B  *  .\8
         9\.  *  *  *  *  .  W  .  .  B  b\9
         10\.  *  *  *  *  *  .  W  b  b  b\10
          11\.  *  *  *  *  *  .  b  b  b  b\11
              a  b  c  d  e  f  g  h  i  j  k  
131c6 info: Old: [black, a1] [white, f6] [black, e6] [white, e7] [black, g6] [white, f8] [black, h7] [white, g9] [black, i8] [white, h10] [black, j9] [white, g5] [black, i4] [white, h6] [black, g7] 
131c6 info: New: [black, a1] [white, f6] [black, e6] [white, e7] [black, g6] [white, f8] [black, h7] [white, g9] [black, i8] [white, h10] [black, j9] [white, g5] [black, i4] [white, h6] [black, g7] [white, h5] [black, j5] 
131c6 info: MovesPlayed: [white, h5] [black, j5] 
131c6 info: MoHexPlayer: Reusing 24848 nodes (38%)
131c6 info: MoHexPlayer: Reusing 21 knowledge states (36%)
131c6 info: StartSearch()[0]
SgUctSearch: max time reached
131c6 info: 
Elapsed Time   1.49064s
Count          20154
GamesPlayed    13726
Nodes          73177
Knowledge      51 (0.3%)
Expansions     923.0
Time           1.03
GameLen        92.7 dev=4.0 min=63.0 max=95.0
InTree         15.3 dev=6.8 min=1.0 max=35.0
KnowDepth      13.0 dev=5.9 min=2.0 max=26.0
Aborted        0%
Games/s        13300.9
Score          0.51
Sequence       i7 h8 i6 d7 d8 c8 c9 a10 b9 a9 b8 a8 b7 a7 b6 a6 b5 a5 b3 b4 c3 c4 d3 d4 e3 e4 f3 f4 g3 g4
131c6 info: 
131c6 info: *** Player move: i7
3fff6 info: DfpnSolver::CheckAbort(): Abort flag!
0b1b6 info: 
MID calls      146
VC builds      129
Terminal       1
Work           147
Wasted Work    2 (1.36054%)
Elapsed Time   1.5092
MIDs/sec       96.7403
VCs/sec        85.476
Cnt prune sib  4
Avg prune sib  1.25 dev=0.433013 min=1 max=2
Consider Size  34.5469 dev=22.0251 min=1 max=64
Move Index     0 dev=0 min=0 max=0
Move Percent   0 dev=0 min=0 max=0
Delta Increase 2.91781 dev=7.45535 min=1 max=61
Winner         empty
PV             i7 c8 b10 c10 c9 d8 d9

HashTableStatistics:
Stores         3367
LookupAttempt  162541
LookupSuccess  6894
Collisions     0

0b1b6 info: Search aborted.
<= 
<
>genmove w
<= i6
<
>play b d7
85f27 info: PlayAndSolve: Building VCs to avoid race condition.
85f27 info: PlayAndSolve: Continuing on as usual.
131c6 info: *** SolverThread ***
0b1b6 info: *** PlayerThread ***
0b1b6 info: Best move cannot be determined, must search state.
0b1b6 info: --- MoHexPlayer::Search() ---
0b1b6 info: Color: white
0b1b6 info: MaxGames: 999999999
0b1b6 info: NumberThreads: 1
0b1b6 info: MaxNodes: 181818181 (15999999928 bytes)
0b1b6 info: TimeForMove: 1
0b1b6 info: PreSearch: max time reached (32/63).
0b1b6 info: Time for PreSearch: 0.206834s
0b1b6 info: 
  a007aaec89d55d03
  a  b  c  d  e  f  g  h  i  j  k  
 1\B  b  .  *  *  *  *  *  *  *  .\1
  2\.  *  *  *  *  *  *  *  *  *  .\2
   3\.  *  *  *  *  *  *  *  *  .  .\3
    4\.  *  *  *  *  *  *  *  B  *  .\4
     5\.  *  *  *  *  *  W  W  .  B  .\5
      6\.  *  *  *  B  W  B  W  *  .  .\6
       7\.  *  *  *  W  .  B  B  W  .  .\7
        8\.  *  *  *  .  W  .  B  B  *  .\8
         9\.  *  *  *  *  .  W  .  .  B  b\9
         10\.  *  *  *  *  *  .  W  b  b  b\10
          11\.  *  *  *  *  *  .  b  b  b  b\11
              a  b  c  d  e  f  g  h  i  j  k  
0b1b6 info: Old: [black, a1] [white, f6] [black, e6] [white, e7] [black, g6] [white, f8] [black, h7] [white, g9] [black, i8] [white, h10] [black, j9] [white, g5] [black, i4] [white, h6] [black, g7] [white, h5] [black, j5] 
0b1b6 info: New: [black, a1] [white, f6] [black, e6] [white, e7] [black, g6] [white, f8] [black, h7] [white, g9] [black, i8] [white, h10] [black, j9] [white, g5] [black, i4] [white, h6] [black, g7] [white, h5] [black, j5] [white, i7] [black, h8] 
0b1b6 info: MovesPlayed: [white, i7] [black, h8] 
0b1b6 info: MoHexPlayer: Reusing 53927 nodes (73%)
0b1b6 info: MoHexPlayer: Reusing 54 knowledge states (75%)
0b1b6 info: StartSearch()[0]
SgUctSearch: max time reached
0b1b6 info: 
Elapsed Time   1.49467s
Count          31271
GamesPlayed    15989
Nodes          106783
Knowledge      47 (0.2%)
Expansions     1040.0
Time           1.03
GameLen        89.5 dev=4.5 min=6.0 max=93.0
InTree         14.8 dev=6.3 min=1.0 max=38.0
KnowDepth      12.4 dev=5.7 min=1.0 max=24.0
Aborted        0%
Games/s        15581.5
Score          0.53
Sequence       i6 d7 d8 c8 c9 a10 b9 a9 b8 a8 i3 k6 a11 b10 b11 c10 c11 d10 d11 f9 h4 b7 c7 d5 e3
0b1b6 info: 
0b1b6 info: *** Player move: i6
3fff6 info: DfpnSolver::CheckAbort(): Abort flag!
131c6 info: 
MID calls      154
VC builds      131
Terminal       0
Work           154
Wasted Work    0 (0%)
Elapsed Time   1.52683
MIDs/sec       100.862
VCs/sec        85.7985
Cnt prune sib  10
Avg prune sib  1.7 dev=1.18743 min=1 max=4
Consider Size  24.542 dev=19.5637 min=1 max=63
Move Index     -
Move Percent   -
Delta Increase 2.43421 dev=6.87642 min=1 max=59
Winner         empty
PV             j8 i6 j4 i5

HashTableStatistics:
Stores         3697
LookupAttempt  172149
LookupSuccess  7707
Collisions     0

131c6 info: Search aborted.
<= 
<
>genmove w
<= d8
<
>play b c8
85f27 info: PlayAndSolve: Building VCs to avoid race condition.
85f27 info: PlayAndSolve: Continuing on as usual.
131c6 info: *** PlayerThread ***
0b1b6 info: *** SolverThread ***
131c6 info: Best move cannot be determined, must search state.
131c6 info: --- MoHexPlayer::Search() ---
131c6 info: Color: white
131c6 info: MaxGames: 999999999
131c6 info: NumberThreads: 1
131c6 info: MaxNodes: 181818181 (15999999928 bytes)
131c6 info: TimeForMove: 1
131c6 info: PreSearch: max time reached (45/61).
131c6 info: Time for PreSearch: 0.20304s
131c6 info: 
  3acfe167234a4d1f
  a  b  c  d  e  f  g  h  i  j  k  
 1\B  b  .  *  *  *  *  *  *  *  .\1
  2\.  .  *  *  *  *  *  *  *  *  .\2
   3\.  .  *  *  *  *  *  *  *  .  .\3
    4\.  *  *  *  *  *  *  *  B  .  .\4
     5\.  *  *  *  *  *  W  W  .  B  .\5
      6\.  *  *  *  B  W  B  W  W  .  .\6
       7\.  *  *  B  W  .  B  B  W  .  .\7
        8\.  *  *  *  .  W  .  B  B  *  .\8
         9\.  *  *  *  *  .  W  .  .  B  b\9
         10\.  *  *  *  *  *  .  W  b  b  b\10
          11\.  *  *  *  *  *  .  b  b  b  b\11
              a  b  c  d  e  f  g  h  i  j  k  
131c6 info: Old: [black, a1] [white, f6] [black, e6] [white, e7] [black, g6] [white, f8] [black, h7] [white, g9] [black, i8] [white, h10] [black, j9] [white, g5] [black, i4] [white, h6] [black, g7] [white, h5] [black, j5] [white, i7] [black, h8] 
131c6 info: New: [black, a1] [white, f6] [black, e6] [white, e7] [black, g6] [white, f8] [black, h7] [white, g9] [black, i8] [white, h10] [black, j9] [white, g5] [black, i4] [white, h6] [black, g7] [white, h5] [black, j5] [white, i7] [black, h8] [white, i6] [black, d7] 
131c6 info: MovesPlayed: [white, i6] [black, d7] 
131c6 info: MoHexPlayer: Reusing 89268 nodes (83%)
131c6 info: MoHexPlayer: Reusing 92 knowledge states (92%)
131c6 info: StartSearch()[0]
SgUctSearch: max time reached
131c6 info: 
Elapsed Time   4.47506s
Count          35447
GamesPlayed    8352
Nodes          113603
Knowledge      24 (0.1%)
Expansions     525.0
Time           4.11
GameLen        83.7 dev=7.1 min=5.0 max=91.0
InTree         17.3 dev=6.2 min=1.0 max=31.0
KnowDepth      12.1 dev=4.6 min=5.0 max=21.0
Aborted        0%
Games/s        2031.8
Score          0.52
Sequence       d8 c8 c9 a10 b9 a9 b8 a8 i3 k6 a11 b10 b11 c10 c11 d10 d11 f9 f10 g8 b7 a7 b6 a6 b4 b5 c4 c5 d4 e4 d5
131c6 info: 
131c6 info: *** Player move: d8
3fff6 info: DfpnSolver::CheckAbort(): Abort flag!
0b1b6 info: 
MID calls      114
VC builds      92
Terminal       0
Work           114
Wasted Work    0 (0%)
Elapsed Time   4.49276
MIDs/sec       25.3742
VCs/sec        20.4774
Cnt prune sib  2
Avg prune sib  2 dev=0 min=2 max=2
Consider Size  25.5109 dev=21.2815 min=1 max=60
Move Index     -
Move Percent   -
Delta Increase 3.92523 dev=9.61084 min=1 max=55
Winner         empty
PV             c9 k6 g2 j7

HashTableStatistics:
Stores         3929
LookupAttempt  176458
LookupSuccess  8075
Collisions     0

0b1b6 info: Search aborted.
<= 
<
>genmove w
<= c9
<
>play b a10
85f27 info: PlayAndSolve: Building VCs to avoid race condition.
85f27 info: PlayAndSolve: Continuing on as usual.
0b1b6 info: *** PlayerThread ***
131c6 info: *** SolverThread ***
0b1b6 info: Best move cannot be determined, must search state.
0b1b6 info: --- MoHexPlayer::Search() ---
0b1b6 info: Color: white
0b1b6 info: MaxGames: 999999999
0b1b6 info: NumberThreads: 1
0b1b6 info: MaxNodes: 181818181 (15999999928 bytes)
0b1b6 info: TimeForMove: 1
131c6 info: 
MID calls      13
VC builds      12
Terminal       1
Work           14
Wasted Work    51 (364.286%)
Elapsed Time   0.125002
MIDs/sec       103.998
VCs/sec        95.9985
Cnt prune sib  0
Avg prune sib  -
Consider Size  17.7273 dev=20.7368 min=1 max=54
Move Index     0.666667 dev=0.471404 min=0 max=1
Move Percent   0.0176267 dev=0.0154344 min=0 max=0.0454545
Delta Increase 1 dev=0 min=1 max=1
Winner         white
PV             c9 a10 b9 a9 b8 a8 b6 b7 c6 c7 e5

HashTableStatistics:
Stores         3957
LookupAttempt  176968
LookupSuccess  8112
Collisions     0

131c6 info: *** FOUND WIN!!! ***
131c6 info: PV: c9 a10 b9 a9 b8 a8 b6 b7 c6 c7 e5
0b1b6 info: PreSearch: max time reached (48/55).
0b1b6 info: Time for PreSearch: 0.204727s
0b1b6 info: 
  96ce01bcddd1a638
  a  b  c  d  e  f  g  h  i  j  k  
 1\B  b  .  *  *  *  *  *  *  *  .\1
  2\.  .  *  *  *  *  *  *  *  *  .\2
   3\.  .  *  *  *  *  *  *  *  .  .\3
    4\.  *  *  *  *  *  *  *  B  .  .\4
     5\.  *  *  *  *  *  W  W  .  B  .\5
      6\.  *  *  *  B  W  B  W  W  .  .\6
       7\.  *  *  B  W  w  B  B  W  .  .\7
        8\.  .  B  W  w  W  .  B  B  .  .\8
         9\.  .  *  .  .  .  W  .  .  B  b\9
         10\.  *  *  *  .  .  .  W  b  b  b\10
          11\.  *  *  .  .  *  .  b  b  b  b\11
              a  b  c  d  e  f  g  h  i  j  k  
0b1b6 info: Old: [black, a1] [white, f6] [black, e6] [white, e7] [black, g6] [white, f8] [black, h7] [white, g9] [black, i8] [white, h10] [black, j9] [white, g5] [black, i4] [white, h6] [black, g7] [white, h5] [black, j5] [white, i7] [black, h8] [white, i6] [black, d7] 
0b1b6 info: New: [black, a1] [white, f6] [black, e6] [white, e7] [black, g6] [white, f8] [black, h7] [white, g9] [black, i8] [white, h10] [black, j9] [white, g5] [black, i4] [white, h6] [black, g7] [white, h5] [black, j5] [white, i7] [black, h8] [white, i6] [black, d7] [white, d8] [black, c8] 
0b1b6 info: MovesPlayed: [white, d8] [black, c8] 
SgUctTree::CopySubtree: Truncated (aborted)
0b1b6 info: No subtree to reuse.
0b1b6 info: StartSearch()[0]
SgUctSearch: abort flag
0b1b6 info: 
Elapsed Time   0.358417s
Count          1
GamesPlayed    1
Nodes          1
Knowledge      0 (0.0%)
Expansions     0.0
Time           0.00
GameLen        87.0 dev=0.0 min=87.0 max=87.0
InTree         0.0 dev=0.0 min=0.0 max=0.0
KnowDepth      -
Aborted        0%
Games/s        3717.5
Score          0.00
Sequence      
0b1b6 info: 
0b1b6 warning: **** MoHexSearch returned empty sequence!
0b1b6 warning: **** Returning random move!
<= 
<
>genmove w
<= b9
<
>play b a9
85f27 info: PlayAndSolve: Building VCs to avoid race condition.
85f27 info: PlayAndSolve: Continuing on as usual.
131c6 info: *** PlayerThread ***
0b1b6 info: *** SolverThread ***
0b1b6 info: Already solved!
0b1b6 info: white wins!
0b1b6 info: PV: b9 a9 b8 a8 b6 b7 c6 c7 e5
0b1b6 info: *** FOUND WIN!!! ***
0b1b6 info: PV: b9 a9 b8 a8 b6 b7 c6 c7 e5
131c6 info: Best move cannot be determined, must search state.
131c6 info: --- MoHexPlayer::Search() ---
131c6 info: Color: white
131c6 info: MaxGames: 999999999
131c6 info: NumberThreads: 1
131c6 info: MaxNodes: 181818181 (15999999928 bytes)
131c6 info: TimeForMove: 1
131c6 info: Time for PreSearch: 0.202839s
131c6 info: 
  2f5738d7be625a88
  a  b  c  d  e  f  g  h  i  j  k  
 1\B  b  .  *  *  *  *  *  *  *  .\1
  2\.  .  *  *  *  *  *  *  *  *  .\2
   3\.  .  *  *  *  *  *  *  *  .  .\3
    4\.  *  *  *  *  *  *  *  B  .  .\4
     5\.  *  *  *  *  *  W  W  .  B  .\5
      6\.  *  *  *  B  W  B  W  W  .  .\6
       7\.  *  *  B  W  w  B  B  W  .  .\7
        8\.  .  B  W  w  W  .  B  B  .  .\8
         9\.  *  W  .  .  .  W  .  .  B  b\9
         10\B  .  *  .  .  .  .  W  b  b  b\10
          11\*  .  .  .  .  .  .  b  b  b  b\11
              a  b  c  d  e  f  g  h  i  j  k  
131c6 info: Old: [black, a1] [white, f6] [black, e6] [white, e7] [black, g6] [white, f8] [black, h7] [white, g9] [black, i8] [white, h10] [black, j9] [white, g5] [black, i4] [white, h6] [black, g7] [white, h5] [black, j5] [white, i7] [black, h8] [white, i6] [black, d7] [white, d8] [black, c8] 
131c6 info: New: [black, a1] [white, f6] [black, e6] [white, e7] [black, g6] [white, f8] [black, h7] [white, g9] [black, i8] [white, h10] [black, j9] [white, g5] [black, i4] [white, h6] [black, g7] [white, h5] [black, j5] [white, i7] [black, h8] [white, i6] [black, d7] [white, d8] [black, c8] [white, c9] [black, a10] 
131c6 info: MovesPlayed: [white, c9] [black, a10] 
131c6 info: No subtree to reuse.
131c6 info: StartSearch()[0]
SgUctSearch: abort flag
131c6 info: 
Elapsed Time   0.419387s
Count          1
GamesPlayed    1
Nodes          1
Knowledge      0 (0.0%)
Expansions     0.0
Time           0.00
GameLen        85.0 dev=0.0 min=85.0 max=85.0
InTree         0.0 dev=0.0 min=0.0 max=0.0
KnowDepth      -
Aborted        0%
Games/s        3937.0
Score          1.00
Sequence      
131c6 info: 
131c6 warning: **** MoHexSearch returned empty sequence!
131c6 warning: **** Returning random move!
<= 
<
>genmove w
<= b8
<
>play b a8
85f27 info: PlayAndSolve: Building VCs to avoid race condition.
85f27 info: PlayAndSolve: Continuing on as usual.
0b1b6 info: *** PlayerThread ***
131c6 info: *** SolverThread ***
131c6 info: Already solved!
131c6 info: white wins!
131c6 info: PV: b8 a8 b6 b7 c6 c7 e5
131c6 info: *** FOUND WIN!!! ***
131c6 info: PV: b8 a8 b6 b7 c6 c7 e5
0b1b6 info: Best move cannot be determined, must search state.
0b1b6 info: --- MoHexPlayer::Search() ---
0b1b6 info: Color: white
0b1b6 info: MaxGames: 999999999
0b1b6 info: NumberThreads: 1
0b1b6 info: MaxNodes: 181818181 (15999999928 bytes)
0b1b6 info: TimeForMove: 1
0b1b6 info: Time for PreSearch: 0.183739s
0b1b6 info: 
  c2d0a1f21d973050
  a  b  c  d  e  f  g  h  i  j  k  
 1\B  b  .  *  *  *  *  *  *  *  .\1
  2\.  .  *  *  *  *  *  *  *  *  .\2
   3\.  .  *  *  *  *  *  *  *  .  .\3
    4\.  *  *  *  *  *  *  *  B  .  .\4
     5\.  *  *  *  *  *  W  W  .  B  .\5
      6\.  *  *  *  B  W  B  W  W  .  .\6
       7\.  *  *  B  W  w  B  B  W  .  .\7
        8\.  *  B  W  w  W  .  B  B  .  .\8
         9\B  W  W  .  .  .  W  .  .  B  b\9
         10\B  .  *  .  .  .  .  W  b  b  b\10
          11\*  .  .  .  .  .  .  b  b  b  b\11
              a  b  c  d  e  f  g  h  i  j  k  
0b1b6 info: Old: [black, a1] [white, f6] [black, e6] [white, e7] [black, g6] [white, f8] [black, h7] [white, g9] [black, i8] [white, h10] [black, j9] [white, g5] [black, i4] [white, h6] [black, g7] [white, h5] [black, j5] [white, i7] [black, h8] [white, i6] [black, d7] [white, d8] [black, c8] [white, c9] [black, a10] 
0b1b6 info: New: [black, a1] [white, f6] [black, e6] [white, e7] [black, g6] [white, f8] [black, h7] [white, g9] [black, i8] [white, h10] [black, j9] [white, g5] [black, i4] [white, h6] [black, g7] [white, h5] [black, j5] [white, i7] [black, h8] [white, i6] [black, d7] [white, d8] [black, c8] [white, c9] [black, a10] [white, b9] [black, a9] 
0b1b6 info: MovesPlayed: [white, b9] [black, a9] 
0b1b6 info: No subtree to reuse.
0b1b6 info: StartSearch()[0]
SgUctSearch: abort flag
0b1b6 info: 
Elapsed Time   0.322089s
Count          1
GamesPlayed    1
Nodes          1
Knowledge      0 (0.0%)
Expansions     0.0
Time           0.00
GameLen        83.0 dev=0.0 min=83.0 max=83.0
InTree         0.0 dev=0.0 min=0.0 max=0.0
KnowDepth      -
Aborted        0%
Games/s        4000.0
Score          0.00
Sequence      
0b1b6 info: 
0b1b6 warning: **** MoHexSearch returned empty sequence!
0b1b6 warning: **** Returning random move!
<= 
<
>genmove w
<= b6
<
>play b b7
85f27 info: PlayAndSolve: Building VCs to avoid race condition.
85f27 info: PlayAndSolve: Continuing on as usual.
131c6 info: *** PlayerThread ***
0b1b6 info: *** SolverThread ***
0b1b6 info: Already solved!
0b1b6 info: white wins!
0b1b6 info: PV: b6 b7 c6 c7 e5
0b1b6 info: *** FOUND WIN!!! ***
0b1b6 info: PV: b6 b7 c6 c7 e5
131c6 info: Best move cannot be determined, must search state.
131c6 info: --- MoHexPlayer::Search() ---
131c6 info: Color: white
131c6 info: MaxGames: 999999999
131c6 info: NumberThreads: 1
131c6 info: MaxNodes: 181818181 (15999999928 bytes)
131c6 info: TimeForMove: 1
131c6 info: Winning sequence found before UCT search!
131c6 info: Sequence: c6
<= 
<
>genmove w
<= c6
<
>play b c7
85f27 info: PlayAndSolve: Building VCs to avoid race condition.
85f27 info: PlayAndSolve: Continuing on as usual.
0b1b6 info: *** PlayerThread ***
131c6 info: *** SolverThread ***
131c6 info: Already solved!
131c6 info: white wins!
131c6 info: PV: c6 c7 e5
131c6 info: *** FOUND WIN!!! ***
131c6 info: PV: c6 c7 e5
0b1b6 info: Best move cannot be determined, must search state.
0b1b6 info: --- MoHexPlayer::Search() ---
0b1b6 info: Color: white
0b1b6 info: MaxGames: 999999999
0b1b6 info: NumberThreads: 1
0b1b6 info: MaxNodes: 181818181 (15999999928 bytes)
0b1b6 info: TimeForMove: 1
0b1b6 info: Time for PreSearch: 0.118s
0b1b6 info: 
  f26b31fd4f9fe4a3
  a  b  c  d  e  f  g  h  i  j  k  
 1\B  b  .  *  *  *  *  *  *  *  .\1
  2\.  .  *  *  *  *  *  *  *  .  .\2
   3\.  *  *  *  *  *  *  *  .  .  .\3
    4\.  .  *  *  *  *  .  .  B  .  .\4
     5\w  .  *  *  *  .  W  W  .  B  .\5
      6\w  W  *  *  B  W  B  W  W  .  .\6
       7\w  B  *  B  W  w  B  B  W  .  .\7
        8\B  W  B  W  w  W  .  B  B  .  .\8
         9\B  W  W  .  .  .  W  .  .  B  b\9
         10\B  .  *  .  .  .  .  W  b  b  b\10
          11\*  .  .  .  .  .  .  b  b  b  b\11
              a  b  c  d  e  f  g  h  i  j  k  
0b1b6 info: Old: [black, a1] [white, f6] [black, e6] [white, e7] [black, g6] [white, f8] [black, h7] [white, g9] [black, i8] [white, h10] [black, j9] [white, g5] [black, i4] [white, h6] [black, g7] [white, h5] [black, j5] [white, i7] [black, h8] [white, i6] [black, d7] [white, d8] [black, c8] [white, c9] [black, a10] [white, b9] [black, a9] 
0b1b6 info: New: [black, a1] [white, f6] [black, e6] [white, e7] [black, g6] [white, f8] [black, h7] [white, g9] [black, i8] [white, h10] [black, j9] [white, g5] [black, i4] [white, h6] [black, g7] [white, h5] [black, j5] [white, i7] [black, h8] [white, i6] [black, d7] [white, d8] [black, c8] [white, c9] [black, a10] [white, b9] [black, a9] [white, b8] [black, a8] [white, b6] [black, b7] 
0b1b6 info: MovesPlayed: [white, b8] [black, a8] [white, b6] [black, b7] 
0b1b6 info: No subtree to reuse.
0b1b6 info: StartSearch()[0]
SgUctSearch: abort flag
0b1b6 info: 
Elapsed Time   0.264343s
Count          1
GamesPlayed    1
Nodes          1
Knowledge      0 (0.0%)
Expansions     0.0
Time           0.00
GameLen        76.0 dev=0.0 min=76.0 max=76.0
InTree         0.0 dev=0.0 min=0.0 max=0.0
KnowDepth      -
Aborted        0%
Games/s        3773.6
Score          1.00
Sequence      
0b1b6 info: 
0b1b6 warning: **** MoHexSearch returned empty sequence!
0b1b6 warning: **** Returning random move!
<= 
<
>genmove w
<= e5
<
>play b d5
85f27 info: PlayAndSolve: Building VCs to avoid race condition.
85f27 info: PlayAndSolve: Continuing on as usual.
131c6 info: *** PlayerThread ***
0b1b6 info: *** SolverThread ***
0b1b6 info: Already solved!
0b1b6 info: white wins!
0b1b6 info: PV: e5
0b1b6 info: *** FOUND WIN!!! ***
0b1b6 info: PV: e5
131c6 info: Best move cannot be determined, must search state.
131c6 info: --- MoHexPlayer::Search() ---
131c6 info: Color: white
131c6 info: MaxGames: 999999999
131c6 info: NumberThreads: 1
131c6 info: MaxNodes: 181818181 (15999999928 bytes)
131c6 info: TimeForMove: 1
131c6 info: Winning sequence found before UCT search!
131c6 info: Sequence: e5
<= 
<
>genmove w
<= e4
<
>play b b4
85f27 info: PlayAndSolve: Building VCs to avoid race condition.
85f27 info: PlayAndSolve: Continuing on as usual.
131c6 info: *** SolverThread ***
0b1b6 info: *** PlayerThread ***
0b1b6 info: Winning SC.
0b1b6 info: *** Player move: e4
131c6 info: 
MID calls      0
VC builds      1
Terminal       1
Work           1
Wasted Work    0 (0%)
Elapsed Time   0.009681
MIDs/sec       0
VCs/sec        103.295
Cnt prune sib  0
Avg prune sib  -
Consider Size  -
Move Index     -
Move Percent   -
Delta Increase -
Winner         white
PV             

HashTableStatistics:
Stores         3958
LookupAttempt  177009
LookupSuccess  8150
Collisions     0

<= 
<
>genmove w
<= d6
<
>play b f5
85f27 info: PlayAndSolve: Building VCs to avoid race condition.
85f27 info: PlayAndSolve: Continuing on as usual.
131c6 info: *** PlayerThread ***
0b1b6 info: *** SolverThread ***
131c6 info: Winning SC.
131c6 info: *** Player move: d6
0b1b6 info: 
MID calls      0
VC builds      1
Terminal       1
Work           1
Wasted Work    0 (0%)
Elapsed Time   0.010843
MIDs/sec       0
VCs/sec        92.2254
Cnt prune sib  0
Avg prune sib  -
Consider Size  -
Move Index     -
Move Percent   -
Delta Increase -
Winner         white
PV             

HashTableStatistics:
Stores         3959
LookupAttempt  177015
LookupSuccess  8153
Collisions     0

<= 
<
>genmove w
<= g3
<
>play b f3
85f27 info: PlayAndSolve: Building VCs to avoid race condition.
85f27 info: PlayAndSolve: Continuing on as usual.
0b1b6 info: *** PlayerThread ***
131c6 info: *** SolverThread ***
0b1b6 info: Winning SC.
0b1b6 info: *** Player move: g3
131c6 info: 
MID calls      0
VC builds      1
Terminal       1
Work           1
Wasted Work    0 (0%)
Elapsed Time   0.008674
MIDs/sec       0
VCs/sec        115.287
Cnt prune sib  0
Avg prune sib  -
Consider Size  -
Move Index     -
Move Percent   -
Delta Increase -
Winner         white
PV             

HashTableStatistics:
Stores         3960
LookupAttempt  177021
LookupSuccess  8156
Collisions     0

<= 
<
>genmove w
<= f4
<
>play b g4
85f27 info: PlayAndSolve: Building VCs to avoid race condition.
85f27 info: PlayAndSolve: Continuing on as usual.
131c6 info: *** PlayerThread ***
0b1b6 info: *** SolverThread ***
131c6 info: Winning SC.
131c6 info: *** Player move: f4
0b1b6 info: 
MID calls      0
VC builds      1
Terminal       1
Work           1
Wasted Work    0 (0%)
Elapsed Time   0.008268
MIDs/sec       0
VCs/sec        120.948
Cnt prune sib  0
Avg prune sib  -
Consider Size  -
Move Index     -
Move Percent   -
Delta Increase -
Winner         white
PV             

HashTableStatistics:
Stores         3961
LookupAttempt  177027
LookupSuccess  8159
Collisions     0

<= 
<
>genmove w
<= h3
<
>play b k6
85f27 info: PlayAndSolve: Building VCs to avoid race condition.
85f27 info: PlayAndSolve: Continuing on as usual.
0b1b6 info: *** PlayerThread ***
131c6 info: *** SolverThread ***
0b1b6 info: Winning SC.
0b1b6 info: *** Player move: h3
131c6 info: 
MID calls      0
VC builds      1
Terminal       1
Work           1
Wasted Work    0 (0%)
Elapsed Time   0.008523
MIDs/sec       0
VCs/sec        117.33
Cnt prune sib  0
Avg prune sib  -
Consider Size  -
Move Index     -
Move Percent   -
Delta Increase -
Winner         white
PV             

HashTableStatistics:
Stores         3962
LookupAttempt  177033
LookupSuccess  8162
Collisions     0

<= 
<
>genmove w
<= j2
<
>play b i3
85f27 info: PlayAndSolve: Building VCs to avoid race condition.
85f27 info: PlayAndSolve: Continuing on as usual.
131c6 info: *** PlayerThread ***
0b1b6 info: *** SolverThread ***
131c6 info: Winning SC.
131c6 info: *** Player move: j2
0b1b6 info: 
MID calls      0
VC builds      1
Terminal       1
Work           1
Wasted Work    0 (0%)
Elapsed Time   0.007421
MIDs/sec       0
VCs/sec        134.753
Cnt prune sib  0
Avg prune sib  -
Consider Size  -
Move Index     -
Move Percent   -
Delta Increase -
Winner         white
PV             

HashTableStatistics:
Stores         3963
LookupAttempt  177039
LookupSuccess  8165
Collisions     0

<= 
<
>genmove w
<= i2
<
>play b a6
85f27 info: PlayAndSolve: Building VCs to avoid race condition.
85f27 info: PlayAndSolve: Continuing on as usual.
0b1b6 info: *** PlayerThread ***
131c6 info: *** SolverThread ***
0b1b6 info: Winning SC.
0b1b6 info: *** Player move: i2
131c6 info: 
MID calls      0
VC builds      1
Terminal       1
Work           1
Wasted Work    0 (0%)
Elapsed Time   0.00726
MIDs/sec       0
VCs/sec        137.741
Cnt prune sib  0
Avg prune sib  -
Consider Size  -
Move Index     -
Move Percent   -
Delta Increase -
Winner         white
PV             

HashTableStatistics:
Stores         3964
LookupAttempt  177045
LookupSuccess  8168
Collisions     0

<= 
<
>genmove w
<= a7
<
>play b k1
85f27 info: PlayAndSolve: Building VCs to avoid race condition.
85f27 info: PlayAndSolve: Continuing on as usual.
131c6 info: *** PlayerThread ***
0b1b6 info: *** SolverThread ***
131c6 info: Winning SC.
131c6 info: *** Player move: a7
0b1b6 info: 
MID calls      0
VC builds      1
Terminal       1
Work           1
Wasted Work    0 (0%)
Elapsed Time   0.007609
MIDs/sec       0
VCs/sec        131.423
Cnt prune sib  0
Avg prune sib  -
Consider Size  -
Move Index     -
Move Percent   -
Delta Increase -
Winner         white
PV             

HashTableStatistics:
Stores         3965
LookupAttempt  177051
LookupSuccess  8171
Collisions     0

<= 
<
>genmove w
<= k2
<
>play b resign
85f27 info: PlayAndSolve: Building VCs to avoid race condition.
85f27 info: PlayAndSolve: Continuing on as usual.
0b1b6 info: *** PlayerThread ***
131c6 info: *** SolverThread ***
0b1b6 info: Winning SC.
0b1b6 info: *** Player move: k2
131c6 info: 
MID calls      0
VC builds      1
Terminal       1
Work           1
Wasted Work    0 (0%)
Elapsed Time   0.005085
MIDs/sec       0
VCs/sec        196.657
Cnt prune sib  0
Avg prune sib  -
Consider Size  -
Move Index     -
Move Percent   -
Delta Increase -
Winner         white
PV             

HashTableStatistics:
Stores         3966
LookupAttempt  177057
LookupSuccess  8174
Collisions     0

<= 
<
>final_score
<= W+
<
>quit
<= 
<
