# nice ../build/src/mohex/mohex --config mohex-weak.htp --seed 447533 --logfile-name jobs/11x11-mohex-mohex-weak-vs-mohex-mohex-cg2010/mohex-mohex-weak-10.log
>boardsize 11 11
<= 
<
>name
MoHex 2.0.CMake Mar 21 2025
Copyright (C) 2007-2012 by the authors of the Benzene project.
This program comes with ABSOLUTELY NO WARRANTY. This is
free software and you are welcome to redistribute it under
certain conditions. Type `benzene-license' for details.

SgRandom::SetSeed: 447533
SgUctSearch: system memory 33632358400, using 1000000000 (5681818 nodes)
SgRandom::SetSeed: 1
SgRandom::SetSeed: 447533
f9d07 info: Prior Patterns:
f9d07 info: Global:
f9d07 info: Size            = 565 32648 
f9d07 info: TableEntries    = 65932 65910
f9d07 info: MirrorsAdded    = 0 0
f9d07 info: PrunableCount   = 30593 30629
f9d07 info: LargestGamma    = 5820.77
f9d07 info: SmallestGamma   = 6.6e-05
f9d07 info: Local:
f9d07 info: Size            = 550 5318 
f9d07 info: TableEntries    = 11602 11588
f9d07 info: MirrorsAdded    = 0 0
f9d07 info: PrunableCount   = 3659 3667
f9d07 info: LargestGamma    = 11281.8
f9d07 info: SmallestGamma   = 0.026235
f9d07 info: Playout Patterns:
f9d07 info: Global:
f9d07 info: Size            = 565 32648 
f9d07 info: TableEntries    = 70329 70329
f9d07 info: MirrorsAdded    = 4397 4419
f9d07 info: PrunableCount   = 30593 30629
f9d07 info: LargestGamma    = 5820.77
f9d07 info: SmallestGamma   = 6.6e-05
f9d07 info: Local:
f9d07 info: Size            = 550 5318 
f9d07 info: TableEntries    = 11602 11588
f9d07 info: MirrorsAdded    = 0 0
f9d07 info: PrunableCount   = 3659 3667
f9d07 info: LargestGamma    = 11281.8
f9d07 info: SmallestGamma   = 0.026235
param_game allow_swap 1
= 

param_mohex max_memory 1600000
= 

param_mohex num_threads 1
= 

param_mohex max_time 1
= 

param_mohex max_games 1
= 

param_mohex knowledge_threshold 400
= 

param_mohex reuse_subtree 1
= 

param_mohex use_parallel_solver 1
= 

<= MoHex
<
>version
<= 2.0.CMake
<
>play b a6
<= 
<
>showboard
<= 
< 
<  2b24d8089d2643da
<  a  b  c  d  e  f  g  h  i  j  k  
< 1\.  .  .  .  .  .  .  .  .  .  .\1
<  2\.  .  .  .  .  .  .  .  .  .  .\2
<   3\.  .  .  .  .  .  .  .  .  .  .\3
<    4\.  .  .  .  .  .  .  .  .  .  .\4
<     5\.  .  .  .  .  .  .  .  .  .  .\5
<      6\B  .  .  .  .  .  .  .  .  .  .\6
<       7\.  .  .  .  .  .  .  .  .  .  .\7
<        8\.  .  .  .  .  .  .  .  .  .  .\8
<         9\.  .  .  .  .  .  .  .  .  .  .\9
<         10\.  .  .  .  .  .  .  .  .  .  .\10
<          11\.  .  .  .  .  .  .  .  .  .  .\11
<              a  b  c  d  e  f  g  h  i  j  k  
<
>play w swap-pieces
<= 
<
>genmove w
<= d9
<
>play b b9
f9d07 info: PlayAndSolve: Building VCs to avoid race condition.
f9d07 info: PlayAndSolve: Continuing on as usual.
3fff6 info: *** PlayerThread ***
37fe6 info: *** SolverThread ***
3fff6 info: Best move cannot be determined, must search state.
3fff6 info: --- MoHexPlayer::Search() ---
3fff6 info: Color: white
3fff6 info: MaxGames: 1
3fff6 info: NumberThreads: 1
3fff6 info: MaxNodes: 9090 (799920 bytes)
3fff6 info: TimeForMove: 1
3fff6 info: PreSearch: max time reached (52/91).
3fff6 info: Time for PreSearch: 0.202063s
3fff6 info: 
  2b24d8089d2643da
  a  b  c  d  e  f  g  h  i  j  k  
 1\.  .  .  *  *  .  *  *  *  *  .\1
  2\.  .  *  *  *  *  *  *  *  *  .\2
   3\.  *  *  *  *  *  *  *  *  *  .\3
    4\.  *  *  *  *  *  *  *  *  *  .\4
     5\.  *  *  *  *  *  *  *  *  *  .\5
      6\B  *  *  *  *  *  *  *  *  *  .\6
       7\.  *  *  *  *  *  *  *  *  *  .\7
        8\.  *  *  *  *  *  *  *  *  *  .\8
         9\.  *  *  *  *  *  *  *  *  *  .\9
         10\.  *  *  *  *  *  *  *  *  .  .\10
          11\.  *  *  *  *  .  *  *  .  .  .\11
              a  b  c  d  e  f  g  h  i  j  k  
3fff6 info: No subtree to reuse.
3fff6 info: Creating thread 0
3fff6 info: StartSearch()[0]
SgUctSearch: max games reached
3fff6 info: 
Elapsed Time   0.580087s
Count          1
GamesPlayed    1
Nodes          1
Knowledge      0 (0.0%)
Expansions     0.0
Time           0.00
GameLen        120.0 dev=0.0 min=120.0 max=120.0
InTree         0.0 dev=0.0 min=0.0 max=0.0
KnowDepth      -
Aborted        0%
Games/s        373.8
Score          1.00
Sequence      
3fff6 info: 
3fff6 warning: **** MoHexSearch returned empty sequence!
3fff6 warning: **** Returning random move!
3fff6 info: *** Player move: d9
2ffd6 info: DfpnSolver::CheckAbort(): Abort flag!
37fe6 info: 
MID calls      77
VC builds      74
Terminal       0
Work           77
Wasted Work    0 (0%)
Elapsed Time   0.594169
MIDs/sec       129.593
VCs/sec        124.544
Cnt prune sib  0
Avg prune sib  -
Consider Size  86.2027 dev=4.73347 min=76 max=91
Move Index     -
Move Percent   -
Delta Increase 3.27632 dev=13.359 min=1 max=85
Winner         empty
PV             b7 e7 f5

HashTableStatistics:
Stores         179
LookupAttempt  15638
LookupSuccess  807
Collisions     0

37fe6 info: Search aborted.
<= 
<
>genmove w
<= d8
<
>play b k1
f9d07 info: PlayAndSolve: Building VCs to avoid race condition.
f9d07 info: PlayAndSolve: Continuing on as usual.
37fe6 info: *** PlayerThread ***
3fff6 info: *** SolverThread ***
37fe6 info: Best move cannot be determined, must search state.
37fe6 info: --- MoHexPlayer::Search() ---
37fe6 info: Color: white
37fe6 info: MaxGames: 1
37fe6 info: NumberThreads: 1
37fe6 info: MaxNodes: 9090 (799920 bytes)
37fe6 info: TimeForMove: 1
37fe6 info: PreSearch: max time reached (48/91).
37fe6 info: Time for PreSearch: 0.203575s
37fe6 info: 
  c8bd1b059ae40f0a
  a  b  c  d  e  f  g  h  i  j  k  
 1\.  .  .  *  *  *  *  *  *  *  .\1
  2\.  .  *  *  *  *  *  *  *  *  .\2
   3\.  *  *  *  *  *  *  *  *  *  .\3
    4\.  *  *  *  *  *  *  *  *  *  .\4
     5\.  *  *  *  *  *  *  *  *  *  .\5
      6\B  *  *  *  *  *  *  *  *  *  .\6
       7\.  *  *  *  *  *  *  *  *  *  .\7
        8\.  *  *  *  *  *  *  *  *  *  .\8
         9\.  B  *  W  *  *  *  *  *  *  .\9
         10\.  *  *  *  *  *  *  *  *  .  .\10
          11\.  *  *  *  *  *  *  *  .  .  .\11
              a  b  c  d  e  f  g  h  i  j  k  
37fe6 info: Old: [black, a6] [white, swap-pieces] 
37fe6 info: New: [black, a6] [white, swap-pieces] [white, d9] [black, b9] 
37fe6 info: ReuseSubtree: Colors do not alternate.
37fe6 info: No subtree to reuse.
37fe6 info: StartSearch()[0]
SgUctSearch: max games reached
37fe6 info: 
Elapsed Time   0.364145s
Count          1
GamesPlayed    1
Nodes          1
Knowledge      0 (0.0%)
Expansions     0.0
Time           0.00
GameLen        118.0 dev=0.0 min=118.0 max=118.0
InTree         0.0 dev=0.0 min=0.0 max=0.0
KnowDepth      -
Aborted        0%
Games/s        2809.0
Score          1.00
Sequence      
37fe6 info: 
37fe6 warning: **** MoHexSearch returned empty sequence!
37fe6 warning: **** Returning random move!
37fe6 info: *** Player move: d8
2ffd6 info: DfpnSolver::CheckAbort(): Abort flag!
3fff6 info: 
MID calls      47
VC builds      46
Terminal       0
Work           47
Wasted Work    0 (0%)
Elapsed Time   0.377292
MIDs/sec       124.572
VCs/sec        121.921
Cnt prune sib  0
Avg prune sib  -
Consider Size  85.1522 dev=2.14672 min=80 max=91
Move Index     -
Move Percent   -
Delta Increase 2.73913 dev=11.6664 min=1 max=81
Winner         empty
PV             j2 c6 b10

HashTableStatistics:
Stores         297
LookupAttempt  28262
LookupSuccess  1532
Collisions     0

3fff6 info: Search aborted.
<= 
<
>genmove w
<= e1
<
>play b i10
f9d07 info: PlayAndSolve: Building VCs to avoid race condition.
f9d07 info: PlayAndSolve: Continuing on as usual.
3fff6 info: *** PlayerThread ***
37fe6 info: *** SolverThread ***
3fff6 info: Best move cannot be determined, must search state.
3fff6 info: --- MoHexPlayer::Search() ---
3fff6 info: Color: white
3fff6 info: MaxGames: 1
3fff6 info: NumberThreads: 1
3fff6 info: MaxNodes: 9090 (799920 bytes)
3fff6 info: TimeForMove: 1
3fff6 info: PreSearch: max time reached (41/88).
3fff6 info: Time for PreSearch: 0.202487s
3fff6 info: 
  f7be4a7e59eb1452
  a  b  c  d  e  f  g  h  i  j  k  
 1\.  .  .  *  *  *  *  *  *  .  B\1
  2\.  .  *  *  *  *  *  *  *  *  .\2
   3\.  *  *  *  *  *  *  *  *  *  .\3
    4\.  *  *  *  *  *  *  *  *  *  .\4
     5\.  *  *  *  *  *  *  *  *  *  .\5
      6\B  *  *  *  *  *  *  *  *  *  .\6
       7\.  *  *  *  *  *  *  *  *  *  .\7
        8\.  *  *  W  *  *  *  *  *  *  .\8
         9\.  B  .  W  *  *  *  *  *  *  .\9
         10\.  *  *  *  *  *  *  *  *  .  .\10
          11\.  *  *  *  *  *  *  *  .  .  .\11
              a  b  c  d  e  f  g  h  i  j  k  
3fff6 info: Old: [black, a6] [white, swap-pieces] [white, d9] [black, b9] 
3fff6 info: New: [black, a6] [white, swap-pieces] [white, d9] [black, b9] [white, d8] [black, k1] 
3fff6 info: MovesPlayed: [white, d8] [black, k1] 
3fff6 info: No subtree to reuse.
3fff6 info: StartSearch()[0]
SgUctSearch: max games reached
3fff6 info: 
Elapsed Time   0.596329s
Count          1
GamesPlayed    1
Nodes          1
Knowledge      0 (0.0%)
Expansions     0.0
Time           0.00
GameLen        116.0 dev=0.0 min=116.0 max=116.0
InTree         0.0 dev=0.0 min=0.0 max=0.0
KnowDepth      -
Aborted        0%
Games/s        2457.0
Score          0.00
Sequence      
3fff6 info: 
3fff6 warning: **** MoHexSearch returned empty sequence!
3fff6 warning: **** Returning random move!
3fff6 info: *** Player move: e1
2ffd6 info: DfpnSolver::CheckAbort(): Abort flag!
37fe6 info: 
MID calls      85
VC builds      83
Terminal       0
Work           85
Wasted Work    0 (0%)
Elapsed Time   0.611028
MIDs/sec       139.11
VCs/sec        135.837
Cnt prune sib  0
Avg prune sib  -
Consider Size  78.9638 dev=8.8855 min=25 max=88
Move Index     -
Move Percent   -
Delta Increase 2.85714 dev=11.5832 min=1 max=77
Winner         empty
PV             c7 h8 g7

HashTableStatistics:
Stores         491
LookupAttempt  43377
LookupSuccess  2294
Collisions     0

37fe6 info: Search aborted.
<= 
<
>genmove w
<= h8
<
>play b c4
f9d07 info: PlayAndSolve: Building VCs to avoid race condition.
f9d07 info: PlayAndSolve: Continuing on as usual.
37fe6 info: *** PlayerThread ***
3fff6 info: *** SolverThread ***
37fe6 info: Best move cannot be determined, must search state.
37fe6 info: --- MoHexPlayer::Search() ---
37fe6 info: Color: white
37fe6 info: MaxGames: 1
37fe6 info: NumberThreads: 1
37fe6 info: MaxNodes: 9090 (799920 bytes)
37fe6 info: TimeForMove: 1
37fe6 info: PreSearch: max time reached (65/80).
37fe6 info: Time for PreSearch: 0.200124s
37fe6 info: 
  c3fbbafb81f90523
  a  b  c  d  e  f  g  h  i  j  k  
 1\.  .  .  *  W  *  *  *  *  .  B\1
  2\.  .  *  *  *  *  *  *  *  *  .\2
   3\.  *  *  *  *  *  *  *  *  *  .\3
    4\.  *  *  *  *  *  *  *  *  *  .\4
     5\.  *  *  *  *  *  *  *  *  *  .\5
      6\B  *  *  *  *  *  *  *  *  *  .\6
       7\.  *  *  *  *  *  *  *  *  *  .\7
        8\.  *  *  W  *  *  *  *  *  .  .\8
         9\.  B  .  W  *  *  *  *  *  .  .\9
         10\.  *  *  *  *  *  *  .  B  b  b\10
          11\.  *  *  *  *  .  b  b  b  b  b\11
              a  b  c  d  e  f  g  h  i  j  k  
37fe6 info: Old: [black, a6] [white, swap-pieces] [white, d9] [black, b9] [white, d8] [black, k1] 
37fe6 info: New: [black, a6] [white, swap-pieces] [white, d9] [black, b9] [white, d8] [black, k1] [white, e1] [black, i10] 
37fe6 info: MovesPlayed: [white, e1] [black, i10] 
37fe6 info: No subtree to reuse.
37fe6 info: StartSearch()[0]
SgUctSearch: max games reached
37fe6 info: 
Elapsed Time   0.358082s
Count          1
GamesPlayed    1
Nodes          1
Knowledge      0 (0.0%)
Expansions     0.0
Time           0.00
GameLen        107.0 dev=0.0 min=107.0 max=107.0
InTree         0.0 dev=0.0 min=0.0 max=0.0
KnowDepth      -
Aborted        0%
Games/s        2907.0
Score          1.00
Sequence      
37fe6 info: 
37fe6 warning: **** MoHexSearch returned empty sequence!
37fe6 warning: **** Returning random move!
37fe6 info: *** Player move: h8
2ffd6 info: DfpnSolver::CheckAbort(): Abort flag!
3fff6 info: 
MID calls      81
VC builds      78
Terminal       0
Work           81
Wasted Work    0 (0%)
Elapsed Time   0.366446
MIDs/sec       221.042
VCs/sec        212.855
Cnt prune sib  0
Avg prune sib  -
Consider Size  73.782 dev=5.08569 min=63 max=81
Move Index     -
Move Percent   -
Delta Increase 2.85 dev=11.0024 min=1 max=72
Winner         empty
PV             j3 f2 b10

HashTableStatistics:
Stores         675
LookupAttempt  56398
LookupSuccess  2952
Collisions     0

3fff6 info: Search aborted.
<= 
<
>genmove w
<= h4
<
>play b c5
f9d07 info: PlayAndSolve: Building VCs to avoid race condition.
f9d07 info: PlayAndSolve: Continuing on as usual.
3fff6 info: *** PlayerThread ***
37fe6 info: *** SolverThread ***
3fff6 info: Best move cannot be determined, must search state.
3fff6 info: --- MoHexPlayer::Search() ---
3fff6 info: Color: white
3fff6 info: MaxGames: 1
3fff6 info: NumberThreads: 1
3fff6 info: MaxNodes: 9090 (799920 bytes)
3fff6 info: TimeForMove: 1
3fff6 info: PreSearch: max time reached (32/77).
3fff6 info: Time for PreSearch: 0.202914s
3fff6 info: 
  43cb0be86d265950
  a  b  c  d  e  f  g  h  i  j  k  
 1\.  .  .  *  W  *  *  *  *  .  B\1
  2\.  .  *  *  *  *  *  *  *  *  .\2
   3\.  *  *  *  *  *  *  *  *  *  .\3
    4\.  .  B  *  *  *  *  *  *  *  .\4
     5\.  *  *  *  *  *  *  *  *  *  .\5
      6\B  *  *  *  *  *  *  *  *  *  .\6
       7\.  *  *  *  *  *  *  *  *  *  .\7
        8\.  *  *  W  *  *  *  W  *  .  .\8
         9\.  B  .  W  *  *  *  *  *  .  .\9
         10\.  *  *  *  *  *  *  .  B  b  b\10
          11\.  *  *  *  *  .  b  b  b  b  b\11
              a  b  c  d  e  f  g  h  i  j  k  
3fff6 info: Old: [black, a6] [white, swap-pieces] [white, d9] [black, b9] [white, d8] [black, k1] [white, e1] [black, i10] 
3fff6 info: New: [black, a6] [white, swap-pieces] [white, d9] [black, b9] [white, d8] [black, k1] [white, e1] [black, i10] [white, h8] [black, c4] 
3fff6 info: MovesPlayed: [white, h8] [black, c4] 
3fff6 info: No subtree to reuse.
3fff6 info: StartSearch()[0]
SgUctSearch: max games reached
3fff6 info: 
Elapsed Time   0.367998s
Count          1
GamesPlayed    1
Nodes          1
Knowledge      0 (0.0%)
Expansions     0.0
Time           0.00
GameLen        105.0 dev=0.0 min=105.0 max=105.0
InTree         0.0 dev=0.0 min=0.0 max=0.0
KnowDepth      -
Aborted        0%
Games/s        2770.1
Score          0.00
Sequence      
3fff6 info: 
3fff6 warning: **** MoHexSearch returned empty sequence!
3fff6 warning: **** Returning random move!
3fff6 info: *** Player move: h4
2ffd6 info: DfpnSolver::CheckAbort(): Abort flag!
37fe6 info: 
MID calls      43
VC builds      41
Terminal       0
Work           43
Wasted Work    0 (0%)
Elapsed Time   0.383402
MIDs/sec       112.154
VCs/sec        106.937
Cnt prune sib  0
Avg prune sib  -
Consider Size  67.7317 dev=12.9352 min=28 max=77
Move Index     -
Move Percent   -
Delta Increase 3.42857 dev=10.817 min=1 max=66
Winner         empty
PV             d7 b10 f7 b8

HashTableStatistics:
Stores         781
LookupAttempt  65701
LookupSuccess  3527
Collisions     0

37fe6 info: Search aborted.
<= 
<
>genmove w
<= e8
<
>play b i9
f9d07 info: PlayAndSolve: Building VCs to avoid race condition.
f9d07 info: PlayAndSolve: Continuing on as usual.
37fe6 info: *** PlayerThread ***
3fff6 info: *** SolverThread ***
37fe6 info: Best move cannot be determined, must search state.
37fe6 info: --- MoHexPlayer::Search() ---
37fe6 info: Color: white
37fe6 info: MaxGames: 1
37fe6 info: NumberThreads: 1
37fe6 info: MaxNodes: 9090 (799920 bytes)
37fe6 info: TimeForMove: 1
37fe6 info: PreSearch: max time reached (24/74).
37fe6 info: Time for PreSearch: 0.212068s
37fe6 info: 
  42c8fce0d7137d0e
  a  b  c  d  e  f  g  h  i  j  k  
 1\.  .  .  *  W  *  *  *  *  .  B\1
  2\.  .  *  *  *  *  *  *  *  *  .\2
   3\.  *  *  *  *  *  *  *  *  *  .\3
    4\.  .  B  *  *  *  *  W  *  *  .\4
     5\.  .  B  *  *  *  *  *  *  *  .\5
      6\B  *  *  *  *  *  *  *  *  *  .\6
       7\.  *  *  *  *  *  *  *  *  *  .\7
        8\.  *  *  W  *  *  *  W  *  .  .\8
         9\.  B  .  W  *  *  *  *  *  .  .\9
         10\.  *  *  *  *  *  *  .  B  b  b\10
          11\.  *  *  *  *  .  b  b  b  b  b\11
              a  b  c  d  e  f  g  h  i  j  k  
37fe6 info: Old: [black, a6] [white, swap-pieces] [white, d9] [black, b9] [white, d8] [black, k1] [white, e1] [black, i10] [white, h8] [black, c4] 
37fe6 info: New: [black, a6] [white, swap-pieces] [white, d9] [black, b9] [white, d8] [black, k1] [white, e1] [black, i10] [white, h8] [black, c4] [white, h4] [black, c5] 
37fe6 info: MovesPlayed: [white, h4] [black, c5] 
37fe6 info: No subtree to reuse.
37fe6 info: StartSearch()[0]
SgUctSearch: max games reached
37fe6 info: 
Elapsed Time   0.359913s
Count          1
GamesPlayed    1
Nodes          1
Knowledge      0 (0.0%)
Expansions     0.0
Time           0.00
GameLen        103.0 dev=0.0 min=103.0 max=103.0
InTree         0.0 dev=0.0 min=0.0 max=0.0
KnowDepth      -
Aborted        0%
Games/s        3597.1
Score          1.00
Sequence      
37fe6 info: 
37fe6 warning: **** MoHexSearch returned empty sequence!
37fe6 warning: **** Returning random move!
37fe6 info: *** Player move: e8
2ffd6 info: DfpnSolver::CheckAbort(): Abort flag!
3fff6 info: 
MID calls      36
VC builds      34
Terminal       0
Work           36
Wasted Work    0 (0%)
Elapsed Time   0.381121
MIDs/sec       94.4582
VCs/sec        89.2105
Cnt prune sib  0
Avg prune sib  -
Consider Size  65.8823 dev=12.0386 min=27 max=74
Move Index     -
Move Percent   -
Delta Increase 3.91429 dev=11.2792 min=1 max=63
Winner         empty
PV             d7 b10 c7 a8

HashTableStatistics:
Stores         872
LookupAttempt  73930
LookupSuccess  4050
Collisions     0

3fff6 info: Search aborted.
<= 
<
>genmove w
<= d5
<
>play b e7
f9d07 info: PlayAndSolve: Building VCs to avoid race condition.
f9d07 info: PlayAndSolve: Continuing on as usual.
3fff6 info: *** PlayerThread ***
37fe6 info: *** SolverThread ***
3fff6 info: Best move cannot be determined, must search state.
3fff6 info: --- MoHexPlayer::Search() ---
3fff6 info: Color: white
3fff6 info: MaxGames: 1
3fff6 info: NumberThreads: 1
3fff6 info: MaxNodes: 9090 (799920 bytes)
3fff6 info: TimeForMove: 1
3fff6 info: PreSearch: max time reached (22/66).
3fff6 info: Time for PreSearch: 0.212098s
3fff6 info: 
  3664d893731e2eb0
  a  b  c  d  e  f  g  h  i  j  k  
 1\.  .  .  *  W  *  *  *  *  .  B\1
  2\.  .  *  *  *  *  *  *  *  *  .\2
   3\.  *  *  *  *  *  *  *  *  *  .\3
    4\.  .  B  *  *  *  *  W  *  *  .\4
     5\.  .  B  *  *  *  *  *  *  *  .\5
      6\B  *  *  *  *  *  *  *  *  *  .\6
       7\.  *  *  *  *  *  *  *  .  .  .\7
        8\.  *  *  W  W  *  *  W  .  .  .\8
         9\.  B  .  W  *  *  *  b  B  b  b\9
         10\.  *  *  *  *  .  b  b  B  b  b\10
          11\.  *  *  .  b  b  b  b  b  b  b\11
              a  b  c  d  e  f  g  h  i  j  k  
3fff6 info: Old: [black, a6] [white, swap-pieces] [white, d9] [black, b9] [white, d8] [black, k1] [white, e1] [black, i10] [white, h8] [black, c4] [white, h4] [black, c5] 
3fff6 info: New: [black, a6] [white, swap-pieces] [white, d9] [black, b9] [white, d8] [black, k1] [white, e1] [black, i10] [white, h8] [black, c4] [white, h4] [black, c5] [white, e8] [black, i9] 
3fff6 info: MovesPlayed: [white, e8] [black, i9] 
3fff6 info: No subtree to reuse.
3fff6 info: StartSearch()[0]
SgUctSearch: max games reached
3fff6 info: 
Elapsed Time   0.373079s
Count          1
GamesPlayed    1
Nodes          1
Knowledge      0 (0.0%)
Expansions     0.0
Time           0.00
GameLen        94.0 dev=0.0 min=94.0 max=94.0
InTree         0.0 dev=0.0 min=0.0 max=0.0
KnowDepth      -
Aborted        0%
Games/s        3378.4
Score          1.00
Sequence      
3fff6 info: 
3fff6 warning: **** MoHexSearch returned empty sequence!
3fff6 warning: **** Returning random move!
3fff6 info: *** Player move: d5
2ffd6 info: DfpnSolver::CheckAbort(): Abort flag!
37fe6 info: 
MID calls      33
VC builds      31
Terminal       0
Work           33
Wasted Work    0 (0%)
Elapsed Time   0.389055
MIDs/sec       84.8209
VCs/sec        79.6803
Cnt prune sib  1
Avg prune sib  2 dev=0 min=2 max=2
Consider Size  32.2258 dev=20.6737 min=3 max=66
Move Index     -
Move Percent   -
Delta Increase 3.09375 dev=9.43848 min=1 max=55
Winner         empty
PV             d7 b10 c2 b8

HashTableStatistics:
Stores         954
LookupAttempt  79475
LookupSuccess  4447
Collisions     0

37fe6 info: Search aborted.
<= 
<
>genmove w
<= c11
<
>play b j3
f9d07 info: PlayAndSolve: Building VCs to avoid race condition.
f9d07 info: PlayAndSolve: Continuing on as usual.
37fe6 info: *** PlayerThread ***
3fff6 info: *** SolverThread ***
37fe6 info: Best move cannot be determined, must search state.
37fe6 info: --- MoHexPlayer::Search() ---
37fe6 info: Color: white
37fe6 info: MaxGames: 1
37fe6 info: NumberThreads: 1
37fe6 info: MaxNodes: 9090 (799920 bytes)
37fe6 info: TimeForMove: 1
37fe6 info: PreSearch: max time reached (26/64).
37fe6 info: Time for PreSearch: 0.210594s
37fe6 info: 
  b53139f7306bda80
  a  b  c  d  e  f  g  h  i  j  k  
 1\.  .  .  *  W  *  *  *  *  .  B\1
  2\.  .  *  *  *  *  *  *  *  *  .\2
   3\.  *  *  *  *  *  *  *  *  *  .\3
    4\.  .  B  *  *  *  *  W  *  *  .\4
     5\.  .  B  W  *  *  *  *  *  *  .\5
      6\B  *  *  *  *  *  *  *  *  *  .\6
       7\.  *  *  *  B  *  *  *  .  .  .\7
        8\.  *  *  W  W  *  *  W  .  .  .\8
         9\.  B  .  W  *  *  *  b  B  b  b\9
         10\.  *  *  *  *  .  b  b  B  b  b\10
          11\.  *  *  .  b  b  b  b  b  b  b\11
              a  b  c  d  e  f  g  h  i  j  k  
37fe6 info: Old: [black, a6] [white, swap-pieces] [white, d9] [black, b9] [white, d8] [black, k1] [white, e1] [black, i10] [white, h8] [black, c4] [white, h4] [black, c5] [white, e8] [black, i9] 
37fe6 info: New: [black, a6] [white, swap-pieces] [white, d9] [black, b9] [white, d8] [black, k1] [white, e1] [black, i10] [white, h8] [black, c4] [white, h4] [black, c5] [white, e8] [black, i9] [white, d5] [black, e7] 
37fe6 info: MovesPlayed: [white, d5] [black, e7] 
37fe6 info: No subtree to reuse.
37fe6 info: StartSearch()[0]
SgUctSearch: max games reached
37fe6 info: 
Elapsed Time   0.559678s
Count          1
GamesPlayed    1
Nodes          1
Knowledge      0 (0.0%)
Expansions     0.0
Time           0.00
GameLen        92.0 dev=0.0 min=92.0 max=92.0
InTree         0.0 dev=0.0 min=0.0 max=0.0
KnowDepth      -
Aborted        0%
Games/s        4016.1
Score          1.00
Sequence      
37fe6 info: 
37fe6 warning: **** MoHexSearch returned empty sequence!
37fe6 warning: **** Returning random move!
37fe6 info: *** Player move: c11
2ffd6 info: DfpnSolver::CheckAbort(): Abort flag!
3fff6 info: 
MID calls      80
VC builds      73
Terminal       0
Work           80
Wasted Work    0 (0%)
Elapsed Time   4.1604
MIDs/sec       19.2289
VCs/sec        17.5464
Cnt prune sib  5
Avg prune sib  1.8 dev=0.4 min=1 max=2
Consider Size  36.9178 dev=19.2195 min=1 max=64
Move Index     -
Move Percent   -
Delta Increase 3.39744 dev=10.1506 min=1 max=55
Winner         empty
PV             b7 b10 f8 c7

HashTableStatistics:
Stores         1132
LookupAttempt  87292
LookupSuccess  4970
Collisions     0

3fff6 info: Search aborted.
<= 
<
>genmove w
<= g9
<
>play b e10
f9d07 info: PlayAndSolve: Building VCs to avoid race condition.
f9d07 info: PlayAndSolve: Continuing on as usual.
3fff6 info: *** PlayerThread ***
37fe6 info: *** SolverThread ***
3fff6 info: Best move cannot be determined, must search state.
3fff6 info: --- MoHexPlayer::Search() ---
3fff6 info: Color: white
3fff6 info: MaxGames: 1
3fff6 info: NumberThreads: 1
3fff6 info: MaxNodes: 9090 (799920 bytes)
3fff6 info: TimeForMove: 1
3fff6 info: PreSearch: max time reached (33/61).
3fff6 info: Time for PreSearch: 0.201101s
3fff6 info: 
  eb58555fe9e0329c
  a  b  c  d  e  f  g  h  i  j  k  
 1\.  .  .  *  W  *  *  *  *  .  B\1
  2\.  .  *  *  *  *  *  *  *  *  .\2
   3\.  *  *  *  *  *  *  *  *  B  .\3
    4\.  .  B  *  *  *  *  W  *  *  .\4
     5\.  .  B  W  *  *  *  *  *  *  .\5
      6\B  *  *  *  *  *  *  *  *  *  .\6
       7\.  *  *  *  B  *  *  *  .  .  .\7
        8\.  *  *  W  W  *  *  W  .  .  .\8
         9\.  B  .  W  .  *  *  b  B  b  b\9
         10\.  *  *  .  .  .  b  b  B  b  b\10
          11\.  *  W  .  b  b  b  b  b  b  b\11
              a  b  c  d  e  f  g  h  i  j  k  
3fff6 info: Old: [black, a6] [white, swap-pieces] [white, d9] [black, b9] [white, d8] [black, k1] [white, e1] [black, i10] [white, h8] [black, c4] [white, h4] [black, c5] [white, e8] [black, i9] [white, d5] [black, e7] 
3fff6 info: New: [black, a6] [white, swap-pieces] [white, d9] [black, b9] [white, d8] [black, k1] [white, e1] [black, i10] [white, h8] [black, c4] [white, h4] [black, c5] [white, e8] [black, i9] [white, d5] [black, e7] [white, c11] [black, j3] 
3fff6 info: MovesPlayed: [white, c11] [black, j3] 
3fff6 info: No subtree to reuse.
3fff6 info: StartSearch()[0]
SgUctSearch: max games reached
3fff6 info: 
Elapsed Time   0.354384s
Count          1
GamesPlayed    1
Nodes          1
Knowledge      0 (0.0%)
Expansions     0.0
Time           0.00
GameLen        90.0 dev=0.0 min=90.0 max=90.0
InTree         0.0 dev=0.0 min=0.0 max=0.0
KnowDepth      -
Aborted        0%
Games/s        3649.6
Score          0.00
Sequence      
3fff6 info: 
3fff6 warning: **** MoHexSearch returned empty sequence!
3fff6 warning: **** Returning random move!
3fff6 info: *** Player move: g9
2ffd6 info: DfpnSolver::CheckAbort(): Abort flag!
37fe6 info: 
MID calls      80
VC builds      70
Terminal       0
Work           80
Wasted Work    0 (0%)
Elapsed Time   0.365121
MIDs/sec       219.105
VCs/sec        191.717
Cnt prune sib  4
Avg prune sib  2 dev=1 min=1 max=3
Consider Size  25.1571 dev=19.3964 min=1 max=61
Move Index     -
Move Percent   -
Delta Increase 2.7013 dev=7.79455 min=1 max=53
Winner         empty
PV             b10 g8 j6 f7

HashTableStatistics:
Stores         1309
LookupAttempt  93707
LookupSuccess  5473
Collisions     0

37fe6 info: Search aborted.
<= 
<
>genmove w
<= d6
<
>play b a11
f9d07 info: PlayAndSolve: Building VCs to avoid race condition.
f9d07 info: PlayAndSolve: Continuing on as usual.
37fe6 info: *** PlayerThread ***
3fff6 info: *** SolverThread ***
37fe6 info: Best move cannot be determined, must search state.
37fe6 info: --- MoHexPlayer::Search() ---
37fe6 info: Color: white
37fe6 info: MaxGames: 1
37fe6 info: NumberThreads: 1
37fe6 info: MaxNodes: 9090 (799920 bytes)
37fe6 info: TimeForMove: 1
37fe6 info: PreSearch: max time reached (38/55).
37fe6 info: Time for PreSearch: 0.200528s
37fe6 info: 
  8d96e082b8623de6
  a  b  c  d  e  f  g  h  i  j  k  
 1\.  .  .  *  W  *  *  *  *  .  B\1
  2\.  .  *  *  *  *  *  *  *  *  .\2
   3\.  *  *  *  *  *  *  *  *  B  .\3
    4\.  .  B  *  *  *  *  W  *  *  .\4
     5\.  .  B  W  *  *  *  *  *  *  .\5
      6\B  *  *  *  *  *  *  *  *  *  .\6
       7\.  *  *  *  B  *  *  *  .  .  .\7
        8\.  *  .  W  W  *  .  W  .  .  .\8
         9\.  B  .  W  .  .  W  b  B  b  b\9
         10\.  .  .  .  B  b  b  b  B  b  b\10
          11\.  .  W  b  b  b  b  b  b  b  b\11
              a  b  c  d  e  f  g  h  i  j  k  
37fe6 info: Old: [black, a6] [white, swap-pieces] [white, d9] [black, b9] [white, d8] [black, k1] [white, e1] [black, i10] [white, h8] [black, c4] [white, h4] [black, c5] [white, e8] [black, i9] [white, d5] [black, e7] [white, c11] [black, j3] 
37fe6 info: New: [black, a6] [white, swap-pieces] [white, d9] [black, b9] [white, d8] [black, k1] [white, e1] [black, i10] [white, h8] [black, c4] [white, h4] [black, c5] [white, e8] [black, i9] [white, d5] [black, e7] [white, c11] [black, j3] [white, g9] [black, e10] 
37fe6 info: MovesPlayed: [white, g9] [black, e10] 
37fe6 info: No subtree to reuse.
37fe6 info: StartSearch()[0]
SgUctSearch: max games reached
37fe6 info: 
Elapsed Time   0.350801s
Count          1
GamesPlayed    1
Nodes          1
Knowledge      0 (0.0%)
Expansions     0.0
Time           0.00
GameLen        86.0 dev=0.0 min=86.0 max=86.0
InTree         0.0 dev=0.0 min=0.0 max=0.0
KnowDepth      -
Aborted        0%
Games/s        3921.6
Score          1.00
Sequence      
37fe6 info: 
37fe6 warning: **** MoHexSearch returned empty sequence!
37fe6 warning: **** Returning random move!
37fe6 info: *** Player move: d6
2ffd6 info: DfpnSolver::CheckAbort(): Abort flag!
3fff6 info: 
MID calls      75
VC builds      67
Terminal       0
Work           75
Wasted Work    0 (0%)
Elapsed Time   0.367626
MIDs/sec       204.012
VCs/sec        182.25
Cnt prune sib  6
Avg prune sib  1.66667 dev=0.745356 min=1 max=3
Consider Size  29.2537 dev=18.0805 min=1 max=55
Move Index     -
Move Percent   -
Delta Increase 3.27941 dev=9.36647 min=1 max=49
Winner         empty
PV             b8 i5 j6 f8 g7 f7 j2 g6

HashTableStatistics:
Stores         1471
LookupAttempt  99386
LookupSuccess  5892
Collisions     0

3fff6 info: Search aborted.
<= 
<
>genmove w
<= h3
<
>play b b7
f9d07 info: PlayAndSolve: Building VCs to avoid race condition.
f9d07 info: PlayAndSolve: Continuing on as usual.
3fff6 info: *** PlayerThread ***
37fe6 info: *** SolverThread ***
3fff6 info: Best move cannot be determined, must search state.
3fff6 info: --- MoHexPlayer::Search() ---
3fff6 info: Color: white
3fff6 info: MaxGames: 1
3fff6 info: NumberThreads: 1
3fff6 info: MaxNodes: 9090 (799920 bytes)
3fff6 info: TimeForMove: 1
3fff6 info: PreSearch: max time reached (34/48).
3fff6 info: Time for PreSearch: 0.202699s
3fff6 info: 
  8142c678f3e2897c
  a  b  c  d  e  f  g  h  i  j  k  
 1\.  .  .  *  W  *  *  *  *  .  B\1
  2\.  .  *  *  *  *  *  *  *  *  .\2
   3\.  *  *  *  *  *  *  *  *  B  .\3
    4\.  .  B  *  *  *  *  W  *  *  .\4
     5\.  .  B  W  .  *  *  *  *  *  .\5
      6\B  *  *  W  .  *  *  *  *  *  .\6
       7\.  *  *  .  B  *  *  *  .  .  .\7
        8\.  *  .  W  W  *  .  W  .  .  .\8
         9\.  B  b  W  .  .  W  b  B  b  b\9
         10\b  b  b  b  B  b  b  b  B  b  b\10
          11\B  b  W  b  b  b  b  b  b  b  b\11
              a  b  c  d  e  f  g  h  i  j  k  
3fff6 info: Old: [black, a6] [white, swap-pieces] [white, d9] [black, b9] [white, d8] [black, k1] [white, e1] [black, i10] [white, h8] [black, c4] [white, h4] [black, c5] [white, e8] [black, i9] [white, d5] [black, e7] [white, c11] [black, j3] [white, g9] [black, e10] 
3fff6 info: New: [black, a6] [white, swap-pieces] [white, d9] [black, b9] [white, d8] [black, k1] [white, e1] [black, i10] [white, h8] [black, c4] [white, h4] [black, c5] [white, e8] [black, i9] [white, d5] [black, e7] [white, c11] [black, j3] [white, g9] [black, e10] [white, d6] [black, a11] 
3fff6 info: MovesPlayed: [white, d6] [black, a11] 
3fff6 info: No subtree to reuse.
3fff6 info: StartSearch()[0]
SgUctSearch: max games reached
3fff6 info: 
Elapsed Time   0.384534s
Count          1
GamesPlayed    1
Nodes          1
Knowledge      0 (0.0%)
Expansions     0.0
Time           0.00
GameLen        78.0 dev=0.0 min=78.0 max=78.0
InTree         0.0 dev=0.0 min=0.0 max=0.0
KnowDepth      -
Aborted        0%
Games/s        3030.3
Score          1.00
Sequence      
3fff6 info: 
3fff6 warning: **** MoHexSearch returned empty sequence!
3fff6 warning: **** Returning random move!
3fff6 info: *** Player move: h3
2ffd6 info: DfpnSolver::CheckAbort(): Abort flag!
37fe6 info: 
MID calls      68
VC builds      62
Terminal       0
Work           68
Wasted Work    0 (0%)
Elapsed Time   0.393975
MIDs/sec       172.6
VCs/sec        157.37
Cnt prune sib  3
Avg prune sib  2 dev=0.816496 min=1 max=3
Consider Size  39.5806 dev=11.0651 min=8 max=53
Move Index     -
Move Percent   -
Delta Increase 2.79104 dev=6.43576 min=1 max=43
Winner         empty
PV             b7 c7 c6 d7

HashTableStatistics:
Stores         1621
LookupAttempt  104889
LookupSuccess  6248
Collisions     0

37fe6 info: Search aborted.
<= 
<
>genmove w
<= k8
<
>play b b8
f9d07 info: PlayAndSolve: Building VCs to avoid race condition.
f9d07 info: PlayAndSolve: Continuing on as usual.
37fe6 info: *** PlayerThread ***
3fff6 info: *** SolverThread ***
37fe6 info: Best move cannot be determined, must search state.
37fe6 info: --- MoHexPlayer::Search() ---
37fe6 info: Color: white
37fe6 info: MaxGames: 1
37fe6 info: NumberThreads: 1
37fe6 info: MaxNodes: 9090 (799920 bytes)
37fe6 info: TimeForMove: 1
37fe6 info: Time for PreSearch: 0.078331s
37fe6 info: 
  f9e977cce0b20d69
  a  b  c  d  e  f  g  h  i  j  k  
 1\.  .  .  *  W  *  *  *  *  .  B\1
  2\.  *  *  *  *  *  *  *  .  *  .\2
   3\.  .  *  *  .  .  .  W  .  B  .\3
    4\.  .  B  .  .  .  .  W  .  .  .\4
     5\.  b  B  W  .  .  .  .  .  .  .\5
      6\B  b  b  W  .  .  .  .  .  .  .\6
       7\b  B  .  .  B  .  .  .  .  .  .\7
        8\w  *  .  W  W  .  .  W  .  .  .\8
         9\w  B  b  W  .  .  W  b  B  b  b\9
         10\b  b  b  b  B  b  b  b  B  b  b\10
          11\B  b  W  b  b  b  b  b  b  b  b\11
              a  b  c  d  e  f  g  h  i  j  k  
37fe6 info: Old: [black, a6] [white, swap-pieces] [white, d9] [black, b9] [white, d8] [black, k1] [white, e1] [black, i10] [white, h8] [black, c4] [white, h4] [black, c5] [white, e8] [black, i9] [white, d5] [black, e7] [white, c11] [black, j3] [white, g9] [black, e10] [white, d6] [black, a11] 
37fe6 info: New: [black, a6] [white, swap-pieces] [white, d9] [black, b9] [white, d8] [black, k1] [white, e1] [black, i10] [white, h8] [black, c4] [white, h4] [black, c5] [white, e8] [black, i9] [white, d5] [black, e7] [white, c11] [black, j3] [white, g9] [black, e10] [white, d6] [black, a11] [white, h3] [black, b7] 
37fe6 info: MovesPlayed: [white, h3] [black, b7] 
37fe6 info: No subtree to reuse.
37fe6 info: StartSearch()[0]
SgUctSearch: max games reached
37fe6 info: 
Elapsed Time   0.243679s
Count          1
GamesPlayed    1
Nodes          1
Knowledge      0 (0.0%)
Expansions     0.0
Time           0.00
GameLen        70.0 dev=0.0 min=70.0 max=70.0
InTree         0.0 dev=0.0 min=0.0 max=0.0
KnowDepth      -
Aborted        0%
Games/s        3184.7
Score          1.00
Sequence      
37fe6 info: 
37fe6 warning: **** MoHexSearch returned empty sequence!
37fe6 warning: **** Returning random move!
37fe6 info: *** Player move: k8
2ffd6 info: DfpnSolver::CheckAbort(): Abort flag!
3fff6 info: 
MID calls      33
VC builds      29
Terminal       0
Work           33
Wasted Work    0 (0%)
Elapsed Time   0.256369
MIDs/sec       128.721
VCs/sec        113.118
Cnt prune sib  5
Avg prune sib  1.6 dev=0.489898 min=1 max=2
Consider Size  31.1034 dev=12.8931 min=1 max=44
Move Index     -
Move Percent   -
Delta Increase 2.83871 dev=6.90534 min=1 max=39
Winner         empty
PV             c3 f2 b8

HashTableStatistics:
Stores         1695
LookupAttempt  106554
LookupSuccess  6378
Collisions     0

3fff6 info: Search aborted.
<= 
<
>genmove w
<= c3
<
>play b d3
f9d07 info: PlayAndSolve: Building VCs to avoid race condition.
f9d07 info: PlayAndSolve: Continuing on as usual.
3fff6 info: *** PlayerThread ***
37fe6 info: *** SolverThread ***
3fff6 info: Mustplay is singleton!
3fff6 info: *** Player move: c3
2ffd6 info: DfpnSolver::CheckAbort(): Abort flag!
37fe6 info: 
MID calls      1
VC builds      1
Terminal       0
Work           1
Wasted Work    0 (0%)
Elapsed Time   0.007107
MIDs/sec       140.706
VCs/sec        140.706
Cnt prune sib  0
Avg prune sib  -
Consider Size  1 dev=0 min=1 max=1
Move Index     -
Move Percent   -
Delta Increase -
Winner         empty
PV             c3

HashTableStatistics:
Stores         1698
LookupAttempt  106566
LookupSuccess  6383
Collisions     0

37fe6 info: Search aborted.
<= 
<
>genmove w
<= c2
<
>play b f2
f9d07 info: PlayAndSolve: Building VCs to avoid race condition.
f9d07 info: PlayAndSolve: Continuing on as usual.
37fe6 info: *** PlayerThread ***
3fff6 info: *** SolverThread ***
37fe6 info: Opponent has won; playing most blocking move.
37fe6 info: *** Player move: c2
3fff6 info: 
MID calls      0
VC builds      1
Terminal       1
Work           1
Wasted Work    0 (0%)
Elapsed Time   0.007228
MIDs/sec       0
VCs/sec        138.351
Cnt prune sib  0
Avg prune sib  -
Consider Size  -
Move Index     -
Move Percent   -
Delta Increase -
Winner         black
PV             

HashTableStatistics:
Stores         1699
LookupAttempt  106572
LookupSuccess  6386
Collisions     0

<= 
<
>genmove w
<= e2
<
>play b e3
f9d07 info: PlayAndSolve: Building VCs to avoid race condition.
f9d07 info: PlayAndSolve: Continuing on as usual.
3fff6 info: *** PlayerThread ***
37fe6 info: *** SolverThread ***
3fff6 info: Opponent has won; playing most blocking move.
3fff6 info: *** Player move: e2
37fe6 info: 
MID calls      0
VC builds      1
Terminal       1
Work           1
Wasted Work    0 (0%)
Elapsed Time   0.006548
MIDs/sec       0
VCs/sec        152.718
Cnt prune sib  0
Avg prune sib  -
Consider Size  -
Move Index     -
Move Percent   -
Delta Increase -
Winner         black
PV             

HashTableStatistics:
Stores         1700
LookupAttempt  106578
LookupSuccess  6389
Collisions     0

<= 
<
>genmove w
<= c6
<
>play b b6
f9d07 info: PlayAndSolve: Building VCs to avoid race condition.
f9d07 info: PlayAndSolve: Continuing on as usual.
37fe6 info: *** PlayerThread ***
3fff6 info: *** SolverThread ***
37fe6 info: Captured cells caused win! Removing...
3fff6 info: 
MID calls      0
VC builds      1
Terminal       1
Work           1
Wasted Work    0 (0%)
Elapsed Time   0.003704
MIDs/sec       0
VCs/sec        269.978
Cnt prune sib  0
Avg prune sib  -
Consider Size  -
Move Index     -
Move Percent   -
Delta Increase -
Winner         black
PV             

HashTableStatistics:
Stores         1701
LookupAttempt  106584
LookupSuccess  6392
Collisions     0

37fe6 info: Opponent has won; playing most blocking move.
37fe6 info: *** Player move: c6
<= 
<
>genmove w
<= a10
<
>play b b10
f9d07 info: PlayAndSolve: Building VCs to avoid race condition.
f9d07 info: PlayAndSolve: Continuing on as usual.
3fff6 info: *** PlayerThread ***
37fe6 info: *** SolverThread ***
3fff6 info: Captured cells caused win! Removing...
37fe6 info: 
MID calls      0
VC builds      1
Terminal       1
Work           1
Wasted Work    0 (0%)
Elapsed Time   0.002711
MIDs/sec       0
VCs/sec        368.868
Cnt prune sib  0
Avg prune sib  -
Consider Size  -
Move Index     -
Move Percent   -
Delta Increase -
Winner         black
PV             

HashTableStatistics:
Stores         1702
LookupAttempt  106590
LookupSuccess  6395
Collisions     0

3fff6 info: Opponent has won; playing most blocking move.
3fff6 info: *** Player move: a10
<= 
<
>genmove w
<= g1
<
>play b f1
f9d07 info: PlayAndSolve: Building VCs to avoid race condition.
f9d07 info: PlayAndSolve: Continuing on as usual.
37fe6 info: *** PlayerThread ***
3fff6 info: *** SolverThread ***
37fe6 info: Captured cells caused win! Removing...
3fff6 info: 
MID calls      0
VC builds      1
Terminal       1
Work           1
Wasted Work    0 (0%)
Elapsed Time   0.002525
MIDs/sec       0
VCs/sec        396.04
Cnt prune sib  0
Avg prune sib  -
Consider Size  -
Move Index     -
Move Percent   -
Delta Increase -
Winner         black
PV             

HashTableStatistics:
Stores         1703
LookupAttempt  106596
LookupSuccess  6398
Collisions     0

37fe6 info: Opponent has won; playing most blocking move.
37fe6 info: *** Player move: g1
<= 
<
>genmove w
<= resign
<
>final_score
<= B+
<
>quit
<= 
<
