aa457 config: MoHex v2.0.CMake Mar 21 2025.
aa457 config: ============ InitializeSystem ============
aa457 config: BenzeneProgram::InitRandom()
aa457 config: Seed = 591049
aa457 info: Prior Patterns:
aa457 info: Global:
aa457 info: Size            = 565 32648 
aa457 info: TableEntries    = 65932 65910
aa457 info: MirrorsAdded    = 0 0
aa457 info: PrunableCount   = 30593 30629
aa457 info: LargestGamma    = 5820.77
aa457 info: SmallestGamma   = 6.6e-05
aa457 info: Local:
aa457 info: Size            = 550 5318 
aa457 info: TableEntries    = 11602 11588
aa457 info: MirrorsAdded    = 0 0
aa457 info: PrunableCount   = 3659 3667
aa457 info: LargestGamma    = 11281.8
aa457 info: SmallestGamma   = 0.026235
aa457 info: Playout Patterns:
aa457 info: Global:
aa457 info: Size            = 565 32648 
aa457 info: TableEntries    = 70329 70329
aa457 info: MirrorsAdded    = 4397 4419
aa457 info: PrunableCount   = 30593 30629
aa457 info: LargestGamma    = 5820.77
aa457 info: SmallestGamma   = 6.6e-05
aa457 info: Local:
aa457 info: Size            = 550 5318 
aa457 info: TableEntries    = 11602 11588
aa457 info: MirrorsAdded    = 0 0
aa457 info: PrunableCount   = 3659 3667
aa457 info: LargestGamma    = 11281.8
aa457 info: SmallestGamma   = 0.026235
aa457 config: IcePatternSet: reading from '/home/linus/MoHex2.0/nfbranchfix/benzene-vanilla-cmake/share/ice-patterns.txt'.
aa457 config: IcePatternSet: parsed 708 patterns.
aa457 config: VCS: reading captured set patterns from '/home/linus/MoHex2.0/nfbranchfix/benzene-vanilla-cmake/share/vc-captured-set.txt'.
aa457 config: VCS:: parsed 2 patterns.
aa457 config: VCS: reading captured set patterns from '/home/linus/MoHex2.0/nfbranchfix/benzene-vanilla-cmake/share/vc-captured-set.txt'.
aa457 config: VCS:: parsed 2 patterns.
aa457 config: IcePatternSet: reading from '/home/linus/MoHex2.0/nfbranchfix/benzene-vanilla-cmake/share/ice-patterns.txt'.
aa457 config: IcePatternSet: parsed 708 patterns.
aa457 config: VCS: reading captured set patterns from '/home/linus/MoHex2.0/nfbranchfix/benzene-vanilla-cmake/share/vc-captured-set.txt'.
aa457 config: VCS:: parsed 2 patterns.
aa457 config: VCS: reading captured set patterns from '/home/linus/MoHex2.0/nfbranchfix/benzene-vanilla-cmake/share/vc-captured-set.txt'.
aa457 config: VCS:: parsed 2 patterns.
aa457 config: VCS: reading captured set patterns from '/home/linus/MoHex2.0/nfbranchfix/benzene-vanilla-cmake/share/vc-captured-set.txt'.
aa457 config: VCS:: parsed 2 patterns.
aa457 config: VCS: reading captured set patterns from '/home/linus/MoHex2.0/nfbranchfix/benzene-vanilla-cmake/share/vc-captured-set.txt'.
aa457 config: VCS:: parsed 2 patterns.
aa457 config: VCS: reading captured set patterns from '/home/linus/MoHex2.0/nfbranchfix/benzene-vanilla-cmake/share/vc-captured-set.txt'.
aa457 config: VCS:: parsed 2 patterns.
aa457 config: VCS: reading captured set patterns from '/home/linus/MoHex2.0/nfbranchfix/benzene-vanilla-cmake/share/vc-captured-set.txt'.
aa457 config: VCS:: parsed 2 patterns.
aa457 info: SwapCheck: reading from '/home/linus/MoHex2.0/nfbranchfix/benzene-vanilla-cmake/share/swap-moves.txt'.
aa457 info: SwapCheck: playing swap.
aa457 info: PlayAndSolve: Building VCs to avoid race condition.
aa457 config: VCPattern: loading pattern templates from '/home/linus/MoHex2.0/nfbranchfix/benzene-vanilla-cmake/share/vc-patterns.txt'.
aa457 info: PlayAndSolve: Continuing on as usual.
376f6 info: *** PlayerThread ***
2f6e6 info: *** SolverThread ***
276d6 config: VCS: reading captured set patterns from '/home/linus/MoHex2.0/nfbranchfix/benzene-vanilla-cmake/share/vc-captured-set.txt'.
276d6 config: VCS:: parsed 2 patterns.
276d6 config: VCS: reading captured set patterns from '/home/linus/MoHex2.0/nfbranchfix/benzene-vanilla-cmake/share/vc-captured-set.txt'.
276d6 config: VCS:: parsed 2 patterns.
276d6 dfpn: 
376f6 info: Best move cannot be determined, must search state.
376f6 info: --- MoHexPlayer::Search() ---
376f6 info: Color: black
376f6 info: MaxGames: 1
376f6 info: NumberThreads: 1
376f6 info: MaxNodes: 181818181 (15999999928 bytes)
376f6 info: TimeForMove: 1
276d6 dfpn: c9
276d6 dfpn: d8
276d6 dfpn: h4
276d6 dfpn: b10
276d6 dfpn: d7
276d6 dfpn: g5
276d6 dfpn: e7
276d6 dfpn: e6
276d6 dfpn: i3
276d6 dfpn: f6
276d6 dfpn: f5
276d6 dfpn: e8
276d6 dfpn: g4
276d6 dfpn: c8
276d6 dfpn: g6
276d6 dfpn: f7
276d6 dfpn: h5
276d6 dfpn: e5
276d6 dfpn: j2
276d6 dfpn: b9
276d6 dfpn: g7
276d6 dfpn: f4
276d6 dfpn: d6
276d6 dfpn: i4
276d6 dfpn: j2
376f6 info: PreSearch: max time reached (48/91).
376f6 info: Time for PreSearch: 0.20299s
376f6 info: 
  07520292482c7912
  a  b  c  d  e  f  g  h  i  j  k  
 1\.  .  .  .  .  .  .  .  .  .  .\1
  2\.  .  *  *  *  *  *  *  *  *  *\2
   3\.  *  *  *  *  *  *  *  *  *  *\3
    4\*  *  *  *  *  *  *  *  *  *  *\4
     5\*  *  *  *  *  *  *  *  *  *  *\5
      6\*  *  *  *  *  *  *  *  *  *  *\6
       7\*  *  *  *  *  *  *  *  *  *  *\7
        8\*  *  *  *  *  *  *  *  *  *  *\8
         9\.  *  *  *  *  *  *  *  *  *  .\9
         10\W  *  *  *  *  *  *  *  *  .  .\10
          11\B  .  .  .  .  .  .  .  .  .  .\11
              a  b  c  d  e  f  g  h  i  j  k  
376f6 info: No subtree to reuse.
376f6 info: Creating thread 0
376f6 info: StartSearch()[0]
376f6 config: VCS: reading captured set patterns from '/home/linus/MoHex2.0/nfbranchfix/benzene-vanilla-cmake/share/vc-captured-set.txt'.
376f6 config: VCS:: parsed 2 patterns.
376f6 config: VCS: reading captured set patterns from '/home/linus/MoHex2.0/nfbranchfix/benzene-vanilla-cmake/share/vc-captured-set.txt'.
376f6 config: VCS:: parsed 2 patterns.
376f6 info: 
Elapsed Time   0.352678s
Count          1
GamesPlayed    1
Nodes          1
Knowledge      0 (0.0%)
Expansions     0.0
Time           0.00
GameLen        119.0 dev=0.0 min=119.0 max=119.0
InTree         0.0 dev=0.0 min=0.0 max=0.0
KnowDepth      -
Aborted        0%
Games/s        428.1
Score          0.00
Sequence      
376f6 info: 
376f6 warning: **** MoHexSearch returned empty sequence!
376f6 warning: **** Returning random move!
376f6 info: *** Player move: b1
276d6 info: DfpnSolver::CheckAbort(): Abort flag!
2f6e6 info: 
MID calls      45
VC builds      44
Terminal       0
Work           45
Wasted Work    0 (0%)
Elapsed Time   0.363814
MIDs/sec       123.69
VCs/sec        120.941
Cnt prune sib  0
Avg prune sib  -
Consider Size  88.6364 dev=2.3556 min=83 max=91
Move Index     -
Move Percent   -
Delta Increase 2.97727 dev=12.8142 min=1 max=87
Winner         empty
PV             j2 i5 g6

HashTableStatistics:
Stores         114
LookupAttempt  12609
LookupSuccess  723
Collisions     0

2f6e6 info: Search aborted.
aa457 info: PlayAndSolve: Building VCs to avoid race condition.
aa457 info: PlayAndSolve: Continuing on as usual.
2f6e6 info: *** PlayerThread ***
376f6 info: *** SolverThread ***
276d6 config: VCS: reading captured set patterns from '/home/linus/MoHex2.0/nfbranchfix/benzene-vanilla-cmake/share/vc-captured-set.txt'.
276d6 config: VCS:: parsed 2 patterns.
276d6 config: VCS: reading captured set patterns from '/home/linus/MoHex2.0/nfbranchfix/benzene-vanilla-cmake/share/vc-captured-set.txt'.
276d6 config: VCS:: parsed 2 patterns.
276d6 dfpn: 
2f6e6 info: Best move cannot be determined, must search state.
2f6e6 info: --- MoHexPlayer::Search() ---
2f6e6 info: Color: black
2f6e6 info: MaxGames: 1
2f6e6 info: NumberThreads: 1
2f6e6 info: MaxNodes: 181818181 (15999999928 bytes)
2f6e6 info: TimeForMove: 1
276d6 dfpn: c9
276d6 dfpn: d8
276d6 dfpn: b10
276d6 dfpn: h4
276d6 dfpn: d7
276d6 dfpn: j2
276d6 dfpn: g5
276d6 dfpn: e7
276d6 dfpn: e6
276d6 dfpn: i3
276d6 dfpn: f6
276d6 dfpn: e8
276d6 dfpn: f5
276d6 dfpn: c8
276d6 dfpn: f7
276d6 dfpn: g6
276d6 dfpn: g4
276d6 dfpn: h5
276d6 dfpn: b9
276d6 dfpn: e5
276d6 dfpn: g7
276d6 dfpn: d9
276d6 dfpn: d6
276d6 dfpn: f4
276d6 dfpn: j2
2f6e6 info: PreSearch: max time reached (53/91).
2f6e6 info: Time for PreSearch: 0.200593s
2f6e6 info: 
  d645629a4a245cb3
  a  b  c  d  e  f  g  h  i  j  k  
 1\b  B  .  .  .  .  .  .  .  .  .\1
  2\.  *  *  *  *  *  *  *  *  *  *\2
   3\*  *  *  *  *  *  *  *  *  *  *\3
    4\*  *  *  *  *  *  *  *  *  *  *\4
     5\*  *  *  *  *  *  *  *  *  *  *\5
      6\*  *  *  *  *  *  *  *  *  *  *\6
       7\*  *  *  *  *  *  *  *  *  *  *\7
        8\*  *  *  *  *  *  *  *  *  *  .\8
         9\.  *  *  *  *  *  *  *  *  *  W\9
         10\W  *  *  *  *  *  *  *  .  .  w\10
          11\B  .  .  .  .  .  .  .  .  .  w\11
              a  b  c  d  e  f  g  h  i  j  k  
2f6e6 info: Old: [black, a11] [white, swap-pieces] [white, a10] 
2f6e6 info: New: [black, a11] [white, swap-pieces] [white, a10] [black, b1] [white, k9] 
2f6e6 info: MovesPlayed: [black, b1] [white, k9] 
2f6e6 info: No subtree to reuse.
2f6e6 info: StartSearch()[0]
2f6e6 info: 
Elapsed Time   0.346986s
Count          1
GamesPlayed    1
Nodes          1
Knowledge      0 (0.0%)
Expansions     0.0
Time           0.00
GameLen        114.0 dev=0.0 min=114.0 max=114.0
InTree         0.0 dev=0.0 min=0.0 max=0.0
KnowDepth      -
Aborted        0%
Games/s        3012.0
Score          1.00
Sequence      
2f6e6 info: 
2f6e6 warning: **** MoHexSearch returned empty sequence!
2f6e6 warning: **** Returning random move!
2f6e6 info: *** Player move: f6
276d6 info: DfpnSolver::CheckAbort(): Abort flag!
376f6 info: 
MID calls      54
VC builds      53
Terminal       0
Work           54
Wasted Work    0 (0%)
Elapsed Time   0.361473
MIDs/sec       149.389
VCs/sec        146.622
Cnt prune sib  0
Avg prune sib  -
Consider Size  88.1321 dev=6.97722 min=45 max=93
Move Index     -
Move Percent   -
Delta Increase 4.22641 dev=16.2046 min=1 max=89
Winner         empty
PV             j2 j4 h4 g6

HashTableStatistics:
Stores         245
LookupAttempt  26009
LookupSuccess  1455
Collisions     0

376f6 info: Search aborted.
aa457 info: PlayAndSolve: Building VCs to avoid race condition.
aa457 info: PlayAndSolve: Continuing on as usual.
376f6 info: *** PlayerThread ***
2f6e6 info: *** SolverThread ***
276d6 config: VCS: reading captured set patterns from '/home/linus/MoHex2.0/nfbranchfix/benzene-vanilla-cmake/share/vc-captured-set.txt'.
276d6 config: VCS:: parsed 2 patterns.
276d6 config: VCS: reading captured set patterns from '/home/linus/MoHex2.0/nfbranchfix/benzene-vanilla-cmake/share/vc-captured-set.txt'.
276d6 config: VCS:: parsed 2 patterns.
276d6 dfpn: 
376f6 info: Best move cannot be determined, must search state.
376f6 info: --- MoHexPlayer::Search() ---
376f6 info: Color: black
376f6 info: MaxGames: 1
376f6 info: NumberThreads: 1
376f6 info: MaxNodes: 181818181 (15999999928 bytes)
376f6 info: TimeForMove: 1
276d6 dfpn: e8
276d6 dfpn: c9
276d6 dfpn: d8
276d6 dfpn: g4
276d6 dfpn: f7
276d6 dfpn: b10
276d6 dfpn: e7
276d6 dfpn: d9
276d6 dfpn: f5
276d6 dfpn: f8
276d6 dfpn: c8
276d6 dfpn: d7
276d6 dfpn: b9
276d6 dfpn: f4
276d6 dfpn: e5
276d6 dfpn: h4
276d6 dfpn: c10
276d6 dfpn: j2
276d6 dfpn: g5
276d6 dfpn: e9
276d6 dfpn: d10
276d6 dfpn: h3
276d6 dfpn: i3
376f6 info: PreSearch: max time reached (44/89).
376f6 info: Time for PreSearch: 0.203366s
276d6 dfpn: g3
276d6 dfpn: e8
376f6 info: 
  5c607bb677eb1ead
  a  b  c  d  e  f  g  h  i  j  k  
 1\b  B  .  .  .  .  .  .  .  .  .\1
  2\.  *  *  *  *  *  *  *  *  *  *\2
   3\*  *  *  *  *  *  *  *  *  *  *\3
    4\*  *  *  *  *  *  *  *  *  *  *\4
     5\*  *  *  *  *  *  *  *  *  *  *\5
      6\*  *  *  *  *  B  *  *  *  *  *\6
       7\*  *  *  *  *  *  W  *  *  *  *\7
        8\*  *  *  *  *  *  *  *  *  *  .\8
         9\.  *  *  *  *  *  *  *  *  *  W\9
         10\W  *  *  *  *  *  *  *  .  .  w\10
          11\B  .  .  .  .  .  .  .  .  .  w\11
              a  b  c  d  e  f  g  h  i  j  k  
376f6 info: Old: [black, a11] [white, swap-pieces] [white, a10] [black, b1] [white, k9] 
376f6 info: New: [black, a11] [white, swap-pieces] [white, a10] [black, b1] [white, k9] [black, f6] [white, g7] 
376f6 info: MovesPlayed: [black, f6] [white, g7] 
376f6 info: No subtree to reuse.
376f6 info: StartSearch()[0]
376f6 info: 
Elapsed Time   0.37809s
Count          1
GamesPlayed    1
Nodes          1
Knowledge      0 (0.0%)
Expansions     0.0
Time           0.00
GameLen        112.0 dev=0.0 min=112.0 max=112.0
InTree         0.0 dev=0.0 min=0.0 max=0.0
KnowDepth      -
Aborted        0%
Games/s        3472.2
Score          0.00
Sequence      
376f6 info: 
376f6 warning: **** MoHexSearch returned empty sequence!
376f6 warning: **** Returning random move!
376f6 info: *** Player move: j10
276d6 info: DfpnSolver::CheckAbort(): Abort flag!
2f6e6 info: 
MID calls      39
VC builds      38
Terminal       0
Work           39
Wasted Work    0 (0%)
Elapsed Time   0.397197
MIDs/sec       98.1881
VCs/sec        95.6704
Cnt prune sib  0
Avg prune sib  -
Consider Size  73.2895 dev=24.8987 min=15 max=91
Move Index     -
Move Percent   -
Delta Increase 3.97368 dev=13.7964 min=1 max=83
Winner         empty
PV             e8 g3 e5 e4

HashTableStatistics:
Stores         346
LookupAttempt  37234
LookupSuccess  2172
Collisions     0

2f6e6 info: Search aborted.
aa457 info: PlayAndSolve: Building VCs to avoid race condition.
aa457 info: PlayAndSolve: Continuing on as usual.
2f6e6 info: *** PlayerThread ***
376f6 info: *** SolverThread ***
276d6 config: VCS: reading captured set patterns from '/home/linus/MoHex2.0/nfbranchfix/benzene-vanilla-cmake/share/vc-captured-set.txt'.
276d6 config: VCS:: parsed 2 patterns.
276d6 config: VCS: reading captured set patterns from '/home/linus/MoHex2.0/nfbranchfix/benzene-vanilla-cmake/share/vc-captured-set.txt'.
276d6 config: VCS:: parsed 2 patterns.
276d6 dfpn: 
2f6e6 info: Best move cannot be determined, must search state.
2f6e6 info: --- MoHexPlayer::Search() ---
2f6e6 info: Color: black
2f6e6 info: MaxGames: 1
2f6e6 info: NumberThreads: 1
2f6e6 info: MaxNodes: 181818181 (15999999928 bytes)
2f6e6 info: TimeForMove: 1
276d6 dfpn: e8
276d6 dfpn: f8
276d6 dfpn: d8
276d6 dfpn: e5
276d6 dfpn: j2
276d6 dfpn: h7
276d6 dfpn: j4
276d6 dfpn: h5
276d6 dfpn: i6
276d6 dfpn: i3
276d6 dfpn: j5
276d6 dfpn: h6
276d6 dfpn: j6
276d6 dfpn: c8
276d6 dfpn: j3
276d6 dfpn: h8
276d6 dfpn: b9
276d6 dfpn: e8
2f6e6 info: PreSearch: max time reached (49/58).
2f6e6 info: Time for PreSearch: 0.203453s
2f6e6 info: 
  b8b0edd45d8d301f
  a  b  c  d  e  f  g  h  i  j  k  
 1\b  B  .  .  .  .  .  .  .  .  .\1
  2\.  *  *  .  .  .  .  .  .  *  *\2
   3\*  *  *  *  .  .  .  .  *  *  *\3
    4\*  *  *  *  *  .  .  .  *  *  *\4
     5\*  *  *  *  *  .  .  *  *  *  *\5
      6\*  *  *  *  *  B  .  *  *  *  *\6
       7\*  *  *  W  .  .  W  *  *  *  *\7
        8\*  *  *  *  *  *  *  *  *  *  .\8
         9\.  *  .  .  .  .  .  *  *  *  W\9
         10\W  .  .  .  .  .  .  .  .  B  b\10
          11\B  .  .  .  .  .  .  b  b  b  b\11
              a  b  c  d  e  f  g  h  i  j  k  
2f6e6 info: Old: [black, a11] [white, swap-pieces] [white, a10] [black, b1] [white, k9] [black, f6] [white, g7] 
2f6e6 info: New: [black, a11] [white, swap-pieces] [white, a10] [black, b1] [white, k9] [black, f6] [white, g7] [black, j10] [white, d7] 
2f6e6 info: MovesPlayed: [black, j10] [white, d7] 
2f6e6 info: No subtree to reuse.
2f6e6 info: StartSearch()[0]
2f6e6 info: 
Elapsed Time   0.361319s
Count          1
GamesPlayed    1
Nodes          1
Knowledge      0 (0.0%)
Expansions     0.0
Time           0.00
GameLen        107.0 dev=0.0 min=107.0 max=107.0
InTree         0.0 dev=0.0 min=0.0 max=0.0
KnowDepth      -
Aborted        0%
Games/s        2717.4
Score          1.00
Sequence      
2f6e6 info: 
2f6e6 warning: **** MoHexSearch returned empty sequence!
2f6e6 warning: **** Returning random move!
2f6e6 info: *** Player move: j3
276d6 info: DfpnSolver::CheckAbort(): Abort flag!
376f6 info: 
MID calls      42
VC builds      42
Terminal       2
Work           44
Wasted Work    0 (0%)
Elapsed Time   0.380039
MIDs/sec       110.515
VCs/sec        110.515
Cnt prune sib  0
Avg prune sib  -
Consider Size  67.275 dev=24.6617 min=16 max=86
Move Index     -
Move Percent   -
Delta Increase 4.25581 dev=10.0466 min=1 max=52
Winner         empty
PV             e8 f5 j5 g5

HashTableStatistics:
Stores         449
LookupAttempt  43992
LookupSuccess  2580
Collisions     0

376f6 info: Search aborted.
aa457 info: PlayAndSolve: Building VCs to avoid race condition.
aa457 info: PlayAndSolve: Continuing on as usual.
376f6 info: *** PlayerThread ***
2f6e6 info: *** SolverThread ***
276d6 config: VCS: reading captured set patterns from '/home/linus/MoHex2.0/nfbranchfix/benzene-vanilla-cmake/share/vc-captured-set.txt'.
276d6 config: VCS:: parsed 2 patterns.
276d6 config: VCS: reading captured set patterns from '/home/linus/MoHex2.0/nfbranchfix/benzene-vanilla-cmake/share/vc-captured-set.txt'.
276d6 config: VCS:: parsed 2 patterns.
276d6 dfpn: 
376f6 info: Best move cannot be determined, must search state.
376f6 info: --- MoHexPlayer::Search() ---
376f6 info: Color: black
376f6 info: MaxGames: 1
376f6 info: NumberThreads: 1
376f6 info: MaxNodes: 181818181 (15999999928 bytes)
376f6 info: TimeForMove: 1
276d6 dfpn: e8
276d6 dfpn: h6
276d6 dfpn: f8
276d6 dfpn: i6
276d6 dfpn: d8
276d6 dfpn: h7
276d6 dfpn: i5
276d6 dfpn: e5
276d6 dfpn: h8
276d6 dfpn: c8
276d6 dfpn: b9
276d6 dfpn: b8
276d6 dfpn: c7
276d6 dfpn: e8
376f6 info: Time for PreSearch: 0.170226s
376f6 info: 
  944b0846498be71f
  a  b  c  d  e  f  g  h  i  j  k  
 1\b  B  .  .  .  .  .  .  .  .  .\1
  2\.  .  *  .  .  .  .  .  .  .  .\2
   3\*  *  *  *  .  .  .  .  .  B  b\3
    4\*  *  *  *  *  .  .  .  .  .  w\4
     5\*  *  *  *  *  .  .  .  *  W  w\5
      6\*  *  *  *  *  B  .  *  *  .  w\6
       7\*  *  *  W  .  .  W  *  *  *  w\7
        8\*  *  *  *  *  *  *  *  *  *  w\8
         9\.  *  .  .  .  .  .  *  *  .  W\9
         10\W  .  .  .  .  .  .  .  .  B  b\10
          11\B  .  .  .  .  .  .  b  b  b  b\11
              a  b  c  d  e  f  g  h  i  j  k  
376f6 info: Old: [black, a11] [white, swap-pieces] [white, a10] [black, b1] [white, k9] [black, f6] [white, g7] [black, j10] [white, d7] 
376f6 info: New: [black, a11] [white, swap-pieces] [white, a10] [black, b1] [white, k9] [black, f6] [white, g7] [black, j10] [white, d7] [black, j3] [white, j5] 
376f6 info: MovesPlayed: [black, j3] [white, j5] 
376f6 info: No subtree to reuse.
376f6 info: StartSearch()[0]
376f6 info: 
Elapsed Time   0.339859s
Count          1
GamesPlayed    1
Nodes          1
Knowledge      0 (0.0%)
Expansions     0.0
Time           0.00
GameLen        99.0 dev=0.0 min=99.0 max=99.0
InTree         0.0 dev=0.0 min=0.0 max=0.0
KnowDepth      -
Aborted        0%
Games/s        3389.8
Score          0.00
Sequence      
376f6 info: 
376f6 warning: **** MoHexSearch returned empty sequence!
376f6 warning: **** Returning random move!
376f6 info: *** Player move: f11
276d6 info: DfpnSolver::CheckAbort(): Abort flag!
2f6e6 info: 
MID calls      42
VC builds      41
Terminal       3
Work           45
Wasted Work    0 (0%)
Elapsed Time   0.351597
MIDs/sec       119.455
VCs/sec        116.611
Cnt prune sib  0
Avg prune sib  -
Consider Size  55.6579 dev=25.0927 min=9 max=79
Move Index     -
Move Percent   -
Delta Increase 5.54545 dev=12.0217 min=1 max=58
Winner         empty
PV             e8 g4 e5 d9

HashTableStatistics:
Stores         550
LookupAttempt  48593
LookupSuccess  2855
Collisions     0

2f6e6 info: Search aborted.
aa457 info: PlayAndSolve: Building VCs to avoid race condition.
aa457 info: PlayAndSolve: Continuing on as usual.
2f6e6 info: *** PlayerThread ***
376f6 info: *** SolverThread ***
276d6 config: VCS: reading captured set patterns from '/home/linus/MoHex2.0/nfbranchfix/benzene-vanilla-cmake/share/vc-captured-set.txt'.
276d6 config: VCS:: parsed 2 patterns.
276d6 config: VCS: reading captured set patterns from '/home/linus/MoHex2.0/nfbranchfix/benzene-vanilla-cmake/share/vc-captured-set.txt'.
276d6 config: VCS:: parsed 2 patterns.
276d6 dfpn: 
2f6e6 info: Opponent has won; playing most blocking move.
2f6e6 info: *** Player move: f7
376f6 info: 
MID calls      0
VC builds      1
Terminal       1
Work           1
Wasted Work    0 (0%)
Elapsed Time   0.009042
MIDs/sec       0
VCs/sec        110.595
Cnt prune sib  0
Avg prune sib  -
Consider Size  -
Move Index     -
Move Percent   -
Delta Increase -
Winner         white
PV             

HashTableStatistics:
Stores         551
LookupAttempt  48599
LookupSuccess  2858
Collisions     0

aa457 info: PlayAndSolve: Building VCs to avoid race condition.
aa457 info: PlayAndSolve: Continuing on as usual.
2f6e6 info: *** SolverThread ***
376f6 info: *** PlayerThread ***
276d6 config: VCS: reading captured set patterns from '/home/linus/MoHex2.0/nfbranchfix/benzene-vanilla-cmake/share/vc-captured-set.txt'.
276d6 config: VCS:: parsed 2 patterns.
276d6 config: VCS: reading captured set patterns from '/home/linus/MoHex2.0/nfbranchfix/benzene-vanilla-cmake/share/vc-captured-set.txt'.
276d6 config: VCS:: parsed 2 patterns.
276d6 dfpn: 
376f6 info: Opponent has won; playing most blocking move.
376f6 info: *** Player move: c7
2f6e6 info: 
MID calls      0
VC builds      1
Terminal       1
Work           1
Wasted Work    0 (0%)
Elapsed Time   0.011617
MIDs/sec       0
VCs/sec        86.0807
Cnt prune sib  0
Avg prune sib  -
Consider Size  -
Move Index     -
Move Percent   -
Delta Increase -
Winner         white
PV             

HashTableStatistics:
Stores         552
LookupAttempt  48605
LookupSuccess  2861
Collisions     0

aa457 info: PlayAndSolve: Building VCs to avoid race condition.
aa457 info: PlayAndSolve: Continuing on as usual.
376f6 info: *** SolverThread ***
2f6e6 info: *** PlayerThread ***
276d6 config: VCS: reading captured set patterns from '/home/linus/MoHex2.0/nfbranchfix/benzene-vanilla-cmake/share/vc-captured-set.txt'.
276d6 config: VCS:: parsed 2 patterns.
276d6 config: VCS: reading captured set patterns from '/home/linus/MoHex2.0/nfbranchfix/benzene-vanilla-cmake/share/vc-captured-set.txt'.
276d6 config: VCS:: parsed 2 patterns.
276d6 dfpn: 
2f6e6 info: Opponent has won; playing most blocking move.
2f6e6 info: *** Player move: d9
376f6 info: 
MID calls      0
VC builds      1
Terminal       1
Work           1
Wasted Work    0 (0%)
Elapsed Time   0.010647
MIDs/sec       0
VCs/sec        93.9232
Cnt prune sib  0
Avg prune sib  -
Consider Size  -
Move Index     -
Move Percent   -
Delta Increase -
Winner         white
PV             

HashTableStatistics:
Stores         553
LookupAttempt  48611
LookupSuccess  2864
Collisions     0

aa457 info: PlayAndSolve: Building VCs to avoid race condition.
aa457 info: PlayAndSolve: Continuing on as usual.
376f6 info: *** PlayerThread ***
2f6e6 info: *** SolverThread ***
276d6 config: VCS: reading captured set patterns from '/home/linus/MoHex2.0/nfbranchfix/benzene-vanilla-cmake/share/vc-captured-set.txt'.
276d6 config: VCS:: parsed 2 patterns.
276d6 config: VCS: reading captured set patterns from '/home/linus/MoHex2.0/nfbranchfix/benzene-vanilla-cmake/share/vc-captured-set.txt'.
276d6 config: VCS:: parsed 2 patterns.
276d6 dfpn: 
376f6 info: Opponent has won; playing most blocking move.
376f6 info: *** Player move: b9
2f6e6 info: 
MID calls      0
VC builds      1
Terminal       1
Work           1
Wasted Work    0 (0%)
Elapsed Time   0.00913
MIDs/sec       0
VCs/sec        109.529
Cnt prune sib  0
Avg prune sib  -
Consider Size  -
Move Index     -
Move Percent   -
Delta Increase -
Winner         white
PV             

HashTableStatistics:
Stores         554
LookupAttempt  48617
LookupSuccess  2867
Collisions     0

aa457 info: PlayAndSolve: Building VCs to avoid race condition.
aa457 info: PlayAndSolve: Continuing on as usual.
376f6 info: *** SolverThread ***
2f6e6 info: *** PlayerThread ***
276d6 config: VCS: reading captured set patterns from '/home/linus/MoHex2.0/nfbranchfix/benzene-vanilla-cmake/share/vc-captured-set.txt'.
276d6 config: VCS:: parsed 2 patterns.
276d6 config: VCS: reading captured set patterns from '/home/linus/MoHex2.0/nfbranchfix/benzene-vanilla-cmake/share/vc-captured-set.txt'.
276d6 config: VCS:: parsed 2 patterns.
276d6 dfpn: 
2f6e6 info: Opponent has won; playing most blocking move.
2f6e6 info: *** Player move: i6
376f6 info: 
MID calls      0
VC builds      1
Terminal       1
Work           1
Wasted Work    0 (0%)
Elapsed Time   0.006767
MIDs/sec       0
VCs/sec        147.776
Cnt prune sib  0
Avg prune sib  -
Consider Size  -
Move Index     -
Move Percent   -
Delta Increase -
Winner         white
PV             

HashTableStatistics:
Stores         555
LookupAttempt  48623
LookupSuccess  2870
Collisions     0

aa457 info: PlayAndSolve: Building VCs to avoid race condition.
aa457 info: PlayAndSolve: Continuing on as usual.
376f6 info: *** PlayerThread ***
2f6e6 info: *** SolverThread ***
276d6 config: VCS: reading captured set patterns from '/home/linus/MoHex2.0/nfbranchfix/benzene-vanilla-cmake/share/vc-captured-set.txt'.
276d6 config: VCS:: parsed 2 patterns.
276d6 config: VCS: reading captured set patterns from '/home/linus/MoHex2.0/nfbranchfix/benzene-vanilla-cmake/share/vc-captured-set.txt'.
276d6 config: VCS:: parsed 2 patterns.
276d6 dfpn: 
376f6 info: Opponent has won; playing most blocking move.
376f6 info: *** Player move: j7
2f6e6 info: 
MID calls      0
VC builds      1
Terminal       1
Work           1
Wasted Work    0 (0%)
Elapsed Time   0.006446
MIDs/sec       0
VCs/sec        155.135
Cnt prune sib  0
Avg prune sib  -
Consider Size  -
Move Index     -
Move Percent   -
Delta Increase -
Winner         white
PV             

HashTableStatistics:
Stores         556
LookupAttempt  48629
LookupSuccess  2873
Collisions     0

aa457 info: PlayAndSolve: Building VCs to avoid race condition.
aa457 info: PlayAndSolve: Continuing on as usual.
2f6e6 info: *** PlayerThread ***
376f6 info: *** SolverThread ***
276d6 config: VCS: reading captured set patterns from '/home/linus/MoHex2.0/nfbranchfix/benzene-vanilla-cmake/share/vc-captured-set.txt'.
276d6 config: VCS:: parsed 2 patterns.
276d6 config: VCS: reading captured set patterns from '/home/linus/MoHex2.0/nfbranchfix/benzene-vanilla-cmake/share/vc-captured-set.txt'.
276d6 config: VCS:: parsed 2 patterns.
276d6 dfpn: 
2f6e6 info: Opponent has won; playing most blocking move.
2f6e6 info: *** Player move: h9
376f6 info: 
MID calls      0
VC builds      1
Terminal       1
Work           1
Wasted Work    0 (0%)
Elapsed Time   0.006503
MIDs/sec       0
VCs/sec        153.775
Cnt prune sib  0
Avg prune sib  -
Consider Size  -
Move Index     -
Move Percent   -
Delta Increase -
Winner         white
PV             

HashTableStatistics:
Stores         557
LookupAttempt  48635
LookupSuccess  2876
Collisions     0

aa457 info: PlayAndSolve: Building VCs to avoid race condition.
aa457 info: PlayAndSolve: Continuing on as usual.
376f6 info: *** PlayerThread ***
2f6e6 info: *** SolverThread ***
276d6 config: VCS: reading captured set patterns from '/home/linus/MoHex2.0/nfbranchfix/benzene-vanilla-cmake/share/vc-captured-set.txt'.
276d6 config: VCS:: parsed 2 patterns.
276d6 config: VCS: reading captured set patterns from '/home/linus/MoHex2.0/nfbranchfix/benzene-vanilla-cmake/share/vc-captured-set.txt'.
276d6 config: VCS:: parsed 2 patterns.
376f6 info: Captured cells caused win! Removing...
276d6 dfpn: 
2f6e6 info: 
MID calls      0
VC builds      1
Terminal       1
Work           1
Wasted Work    0 (0%)
Elapsed Time   0.003062
MIDs/sec       0
VCs/sec        326.584
Cnt prune sib  0
Avg prune sib  -
Consider Size  -
Move Index     -
Move Percent   -
Delta Increase -
Winner         white
PV             

HashTableStatistics:
Stores         558
LookupAttempt  48641
LookupSuccess  2879
Collisions     0

376f6 info: Opponent has won; playing most blocking move.
376f6 info: *** Player move: k7
aa457 info: PlayAndSolve: Building VCs to avoid race condition.
aa457 info: PlayAndSolve: Continuing on as usual.
2f6e6 info: *** PlayerThread ***
376f6 info: *** SolverThread ***
276d6 config: VCS: reading captured set patterns from '/home/linus/MoHex2.0/nfbranchfix/benzene-vanilla-cmake/share/vc-captured-set.txt'.
276d6 config: VCS:: parsed 2 patterns.
276d6 config: VCS: reading captured set patterns from '/home/linus/MoHex2.0/nfbranchfix/benzene-vanilla-cmake/share/vc-captured-set.txt'.
276d6 config: VCS:: parsed 2 patterns.
2f6e6 info: Captured cells caused win! Removing...
276d6 dfpn: 
376f6 info: 
MID calls      0
VC builds      1
Terminal       1
Work           1
Wasted Work    0 (0%)
Elapsed Time   0.003464
MIDs/sec       0
VCs/sec        288.684
Cnt prune sib  0
Avg prune sib  -
Consider Size  -
Move Index     -
Move Percent   -
Delta Increase -
Winner         white
PV             

HashTableStatistics:
Stores         559
LookupAttempt  48647
LookupSuccess  2882
Collisions     0

2f6e6 info: Opponent has won; playing most blocking move.
2f6e6 info: *** Player move: h7
aa457 config: ============ BenzeneShutdown =============
aa457 config: MoHexProgram:: ShutdownSystem()
aa457 config: CommonProgram:: ShutdownSystem()
aa457 config: BenzeneProgram:: ShutdownSystem()
Flushing and closing this stream...
