80fe7 config: MoHex v2.0.CMake Mar 21 2025.
80fe7 config: ============ InitializeSystem ============
80fe7 config: BenzeneProgram::InitRandom()
80fe7 config: Seed = 333848
80fe7 info: Prior Patterns:
80fe7 info: Global:
80fe7 info: Size            = 565 32648 
80fe7 info: TableEntries    = 65932 65910
80fe7 info: MirrorsAdded    = 0 0
80fe7 info: PrunableCount   = 30593 30629
80fe7 info: LargestGamma    = 5820.77
80fe7 info: SmallestGamma   = 6.6e-05
80fe7 info: Local:
80fe7 info: Size            = 550 5318 
80fe7 info: TableEntries    = 11602 11588
80fe7 info: MirrorsAdded    = 0 0
80fe7 info: PrunableCount   = 3659 3667
80fe7 info: LargestGamma    = 11281.8
80fe7 info: SmallestGamma   = 0.026235
80fe7 info: Playout Patterns:
80fe7 info: Global:
80fe7 info: Size            = 565 32648 
80fe7 info: TableEntries    = 70329 70329
80fe7 info: MirrorsAdded    = 4397 4419
80fe7 info: PrunableCount   = 30593 30629
80fe7 info: LargestGamma    = 5820.77
80fe7 info: SmallestGamma   = 6.6e-05
80fe7 info: Local:
80fe7 info: Size            = 550 5318 
80fe7 info: TableEntries    = 11602 11588
80fe7 info: MirrorsAdded    = 0 0
80fe7 info: PrunableCount   = 3659 3667
80fe7 info: LargestGamma    = 11281.8
80fe7 info: SmallestGamma   = 0.026235
80fe7 config: IcePatternSet: reading from '/home/linus/MoHex2.0/nfbranchfix/benzene-vanilla-cmake/share/ice-patterns.txt'.
80fe7 config: IcePatternSet: parsed 708 patterns.
80fe7 config: VCS: reading captured set patterns from '/home/linus/MoHex2.0/nfbranchfix/benzene-vanilla-cmake/share/vc-captured-set.txt'.
80fe7 config: VCS:: parsed 2 patterns.
80fe7 config: VCS: reading captured set patterns from '/home/linus/MoHex2.0/nfbranchfix/benzene-vanilla-cmake/share/vc-captured-set.txt'.
80fe7 config: VCS:: parsed 2 patterns.
80fe7 config: IcePatternSet: reading from '/home/linus/MoHex2.0/nfbranchfix/benzene-vanilla-cmake/share/ice-patterns.txt'.
80fe7 config: IcePatternSet: parsed 708 patterns.
80fe7 config: VCS: reading captured set patterns from '/home/linus/MoHex2.0/nfbranchfix/benzene-vanilla-cmake/share/vc-captured-set.txt'.
80fe7 config: VCS:: parsed 2 patterns.
80fe7 config: VCS: reading captured set patterns from '/home/linus/MoHex2.0/nfbranchfix/benzene-vanilla-cmake/share/vc-captured-set.txt'.
80fe7 config: VCS:: parsed 2 patterns.
80fe7 config: VCS: reading captured set patterns from '/home/linus/MoHex2.0/nfbranchfix/benzene-vanilla-cmake/share/vc-captured-set.txt'.
80fe7 config: VCS:: parsed 2 patterns.
80fe7 config: VCS: reading captured set patterns from '/home/linus/MoHex2.0/nfbranchfix/benzene-vanilla-cmake/share/vc-captured-set.txt'.
80fe7 config: VCS:: parsed 2 patterns.
80fe7 config: VCS: reading captured set patterns from '/home/linus/MoHex2.0/nfbranchfix/benzene-vanilla-cmake/share/vc-captured-set.txt'.
80fe7 config: VCS:: parsed 2 patterns.
80fe7 config: VCS: reading captured set patterns from '/home/linus/MoHex2.0/nfbranchfix/benzene-vanilla-cmake/share/vc-captured-set.txt'.
80fe7 config: VCS:: parsed 2 patterns.
80fe7 info: PlayAndSolve: Building VCs to avoid race condition.
80fe7 config: VCPattern: loading pattern templates from '/home/linus/MoHex2.0/nfbranchfix/benzene-vanilla-cmake/share/vc-patterns.txt'.
80fe7 info: PlayAndSolve: Continuing on as usual.
0e286 info: *** PlayerThread ***
bfff6 info: *** SolverThread ***
b7fe6 config: VCS: reading captured set patterns from '/home/linus/MoHex2.0/nfbranchfix/benzene-vanilla-cmake/share/vc-captured-set.txt'.
b7fe6 config: VCS:: parsed 2 patterns.
b7fe6 config: VCS: reading captured set patterns from '/home/linus/MoHex2.0/nfbranchfix/benzene-vanilla-cmake/share/vc-captured-set.txt'.
b7fe6 config: VCS:: parsed 2 patterns.
b7fe6 dfpn: 
0e286 info: Best move cannot be determined, must search state.
0e286 info: --- MoHexPlayer::Search() ---
0e286 info: Color: white
0e286 info: MaxGames: 1
0e286 info: NumberThreads: 1
0e286 info: MaxNodes: 9090 (799920 bytes)
0e286 info: TimeForMove: 1
b7fe6 dfpn: d8
b7fe6 dfpn: b10
b7fe6 dfpn: c9
b7fe6 dfpn: h4
b7fe6 dfpn: e7
b7fe6 dfpn: g5
b7fe6 dfpn: d7
b7fe6 dfpn: e8
b7fe6 dfpn: c8
b7fe6 dfpn: i3
b7fe6 dfpn: e6
b7fe6 dfpn: f6
b7fe6 dfpn: f7
b7fe6 dfpn: g6
b7fe6 dfpn: h5
b7fe6 dfpn: f5
b7fe6 dfpn: b8
b7fe6 dfpn: g7
b7fe6 dfpn: g4
b7fe6 dfpn: d9
b7fe6 dfpn: b9
b7fe6 dfpn: b7
b7fe6 dfpn: j2
b7fe6 dfpn: f8
b7fe6 dfpn: b8
0e286 info: PreSearch: max time reached (50/90).
0e286 info: Time for PreSearch: 0.20012s
0e286 info: 
  83644dcf10bea3e9
  a  b  c  d  e  f  g  h  i  j  k  
 1\.  .  .  *  *  *  *  *  *  *  .\1
  2\.  .  *  .  *  *  *  *  *  *  .\2
   3\.  *  *  *  *  *  *  *  *  *  .\3
    4\.  B  *  *  *  *  *  *  *  *  .\4
     5\.  *  *  *  *  *  *  *  *  *  .\5
      6\.  *  *  *  *  *  *  *  *  *  .\6
       7\.  *  *  *  *  *  *  *  *  *  .\7
        8\.  *  *  *  *  *  *  *  *  *  .\8
         9\.  *  *  *  *  *  *  *  *  *  .\9
         10\.  *  *  *  *  *  *  .  *  .  .\10
          11\.  *  *  *  *  *  *  *  .  .  .\11
              a  b  c  d  e  f  g  h  i  j  k  
0e286 info: No subtree to reuse.
b7fe6 dfpn: b9
0e286 info: Creating thread 0
0e286 info: StartSearch()[0]
0e286 config: VCS: reading captured set patterns from '/home/linus/MoHex2.0/nfbranchfix/benzene-vanilla-cmake/share/vc-captured-set.txt'.
0e286 config: VCS:: parsed 2 patterns.
0e286 config: VCS: reading captured set patterns from '/home/linus/MoHex2.0/nfbranchfix/benzene-vanilla-cmake/share/vc-captured-set.txt'.
0e286 config: VCS:: parsed 2 patterns.
0e286 info: 
Elapsed Time   0.599611s
Count          1
GamesPlayed    1
Nodes          1
Knowledge      0 (0.0%)
Expansions     0.0
Time           0.00
GameLen        120.0 dev=0.0 min=120.0 max=120.0
InTree         0.0 dev=0.0 min=0.0 max=0.0
KnowDepth      -
Aborted        0%
Games/s        372.3
Score          1.00
Sequence      
0e286 info: 
0e286 warning: **** MoHexSearch returned empty sequence!
0e286 warning: **** Returning random move!
0e286 info: *** Player move: d5
b7fe6 info: DfpnSolver::CheckAbort(): Abort flag!
bfff6 info: 
MID calls      75
VC builds      72
Terminal       0
Work           75
Wasted Work    0 (0%)
Elapsed Time   0.615624
MIDs/sec       121.828
VCs/sec        116.955
Cnt prune sib  0
Avg prune sib  -
Consider Size  83.7917 dev=4.7814 min=74 max=90
Move Index     -
Move Percent   -
Delta Increase 3.2027 dev=13.1334 min=1 max=82
Winner         empty
PV             b9 e8 f6

HashTableStatistics:
Stores         175
LookupAttempt  15175
LookupSuccess  805
Collisions     0

bfff6 info: Search aborted.
80fe7 info: PlayAndSolve: Building VCs to avoid race condition.
80fe7 info: PlayAndSolve: Continuing on as usual.
bfff6 info: *** PlayerThread ***
0e286 info: *** SolverThread ***
b7fe6 config: VCS: reading captured set patterns from '/home/linus/MoHex2.0/nfbranchfix/benzene-vanilla-cmake/share/vc-captured-set.txt'.
b7fe6 config: VCS:: parsed 2 patterns.
b7fe6 config: VCS: reading captured set patterns from '/home/linus/MoHex2.0/nfbranchfix/benzene-vanilla-cmake/share/vc-captured-set.txt'.
b7fe6 config: VCS:: parsed 2 patterns.
b7fe6 dfpn: 
bfff6 info: Best move cannot be determined, must search state.
bfff6 info: --- MoHexPlayer::Search() ---
bfff6 info: Color: white
bfff6 info: MaxGames: 1
bfff6 info: NumberThreads: 1
bfff6 info: MaxNodes: 9090 (799920 bytes)
bfff6 info: TimeForMove: 1
b7fe6 dfpn: b5
b7fe6 dfpn: c7
b7fe6 dfpn: b10
b7fe6 dfpn: b7
b7fe6 dfpn: b8
b7fe6 dfpn: c9
b7fe6 dfpn: c8
b7fe6 dfpn: h4
b7fe6 dfpn: b9
b7fe6 dfpn: g5
b7fe6 dfpn: d8
b7fe6 dfpn: f4
b7fe6 dfpn: i3
b7fe6 dfpn: f5
b7fe6 dfpn: g4
b7fe6 dfpn: g6
b7fe6 dfpn: e7
b7fe6 dfpn: h5
b7fe6 dfpn: e8
b7fe6 dfpn: f6
b7fe6 dfpn: f7
b7fe6 dfpn: e6
b7fe6 dfpn: h3
b7fe6 dfpn: j2
b7fe6 dfpn: b9
bfff6 info: PreSearch: max time reached (51/90).
bfff6 info: Time for PreSearch: 0.205131s
bfff6 info: 
  b958308bc292e12b
  a  b  c  d  e  f  g  h  i  j  k  
 1\.  .  .  *  *  *  *  *  *  *  .\1
  2\.  .  *  *  *  *  *  *  *  *  .\2
   3\.  *  *  *  *  *  *  *  *  *  .\3
    4\.  B  *  *  *  *  *  *  *  *  .\4
     5\w  *  *  W  *  *  *  *  *  *  .\5
      6\w  B  *  *  *  *  *  *  *  *  .\6
       7\.  *  *  *  *  *  *  *  *  *  .\7
        8\.  *  *  *  *  *  *  *  *  *  .\8
         9\.  *  *  *  *  *  *  *  *  *  .\9
         10\.  *  *  *  *  *  *  *  *  .  .\10
          11\.  *  *  *  *  *  *  *  .  .  .\11
              a  b  c  d  e  f  g  h  i  j  k  
bfff6 info: Old: [black, b4] [white, swap-pieces] 
bfff6 info: New: [black, b4] [white, swap-pieces] [white, d5] [black, b6] 
bfff6 info: ReuseSubtree: Colors do not alternate.
bfff6 info: No subtree to reuse.
b7fe6 dfpn: b10
bfff6 info: StartSearch()[0]
bfff6 info: 
Elapsed Time   0.575219s
Count          1
GamesPlayed    1
Nodes          1
Knowledge      0 (0.0%)
Expansions     0.0
Time           0.00
GameLen        116.0 dev=0.0 min=116.0 max=116.0
InTree         0.0 dev=0.0 min=0.0 max=0.0
KnowDepth      -
Aborted        0%
Games/s        3344.5
Score          1.00
Sequence      
bfff6 info: 
bfff6 warning: **** MoHexSearch returned empty sequence!
bfff6 warning: **** Returning random move!
bfff6 info: *** Player move: g2
b7fe6 info: DfpnSolver::CheckAbort(): Abort flag!
0e286 info: 
MID calls      73
VC builds      70
Terminal       0
Work           73
Wasted Work    0 (0%)
Elapsed Time   0.585757
MIDs/sec       124.625
VCs/sec        119.503
Cnt prune sib  0
Avg prune sib  -
Consider Size  79.4572 dev=5.62035 min=68 max=90
Move Index     -
Move Percent   -
Delta Increase 3.22222 dev=12.8303 min=1 max=83
Winner         empty
PV             b10 e8 f6

HashTableStatistics:
Stores         346
LookupAttempt  29864
LookupSuccess  1608
Collisions     0

0e286 info: Search aborted.
80fe7 info: PlayAndSolve: Building VCs to avoid race condition.
80fe7 info: PlayAndSolve: Continuing on as usual.
0e286 info: *** PlayerThread ***
bfff6 info: *** SolverThread ***
b7fe6 config: VCS: reading captured set patterns from '/home/linus/MoHex2.0/nfbranchfix/benzene-vanilla-cmake/share/vc-captured-set.txt'.
b7fe6 config: VCS:: parsed 2 patterns.
b7fe6 config: VCS: reading captured set patterns from '/home/linus/MoHex2.0/nfbranchfix/benzene-vanilla-cmake/share/vc-captured-set.txt'.
b7fe6 config: VCS:: parsed 2 patterns.
b7fe6 dfpn: 
b7fe6 dfpn: b7
0e286 info: Best move cannot be determined, must search state.
0e286 info: --- MoHexPlayer::Search() ---
0e286 info: Color: white
0e286 info: MaxGames: 1
0e286 info: NumberThreads: 1
0e286 info: MaxNodes: 9090 (799920 bytes)
0e286 info: TimeForMove: 1
b7fe6 dfpn: b5
b7fe6 dfpn: b10
b7fe6 dfpn: b9
b7fe6 dfpn: c9
b7fe6 dfpn: c6
b7fe6 dfpn: c5
b7fe6 dfpn: c10
b7fe6 dfpn: i3
b7fe6 dfpn: h3
b7fe6 dfpn: j2
b7fe6 dfpn: c7
b7fe6 dfpn: c4
b7fe6 dfpn: h4
b7fe6 dfpn: i2
b7fe6 dfpn: h2
b7fe6 dfpn: c2
b7fe6 dfpn: d9
b7fe6 dfpn: d10
b7fe6 dfpn: f4
b7fe6 dfpn: g5
b7fe6 dfpn: h5
b7fe6 dfpn: i4
b7fe6 dfpn: j2
0e286 info: PreSearch: max time reached (61/86).
0e286 info: Time for PreSearch: 0.201605s
0e286 info: 
  78aa48a8a21902ef
  a  b  c  d  e  f  g  h  i  j  k  
 1\.  .  .  *  *  *  .  .  *  *  .\1
  2\.  .  *  *  *  *  W  *  *  *  .\2
   3\.  .  *  *  *  *  *  *  *  *  .\3
    4\.  B  *  *  *  *  *  *  *  *  .\4
     5\w  *  *  W  *  *  *  *  *  *  .\5
      6\w  B  *  *  *  *  *  *  *  *  .\6
       7\w  *  *  *  *  *  *  *  *  *  .\7
        8\w  B  *  *  *  *  *  *  *  *  .\8
         9\.  *  *  *  *  *  *  *  *  *  .\9
         10\.  *  *  *  *  *  *  *  *  .  .\10
          11\.  *  *  *  *  *  *  *  .  .  .\11
              a  b  c  d  e  f  g  h  i  j  k  
0e286 info: Old: [black, b4] [white, swap-pieces] [white, d5] [black, b6] 
0e286 info: New: [black, b4] [white, swap-pieces] [white, d5] [black, b6] [white, g2] [black, b8] 
0e286 info: MovesPlayed: [white, g2] [black, b8] 
0e286 info: No subtree to reuse.
0e286 info: StartSearch()[0]
0e286 info: 
Elapsed Time   0.355425s
Count          1
GamesPlayed    1
Nodes          1
Knowledge      0 (0.0%)
Expansions     0.0
Time           0.00
GameLen        112.0 dev=0.0 min=112.0 max=112.0
InTree         0.0 dev=0.0 min=0.0 max=0.0
KnowDepth      -
Aborted        0%
Games/s        2924.0
Score          0.00
Sequence      
0e286 info: 
0e286 warning: **** MoHexSearch returned empty sequence!
0e286 warning: **** Returning random move!
0e286 info: *** Player move: k10
b7fe6 info: DfpnSolver::CheckAbort(): Abort flag!
bfff6 info: 
MID calls      63
VC builds      61
Terminal       0
Work           63
Wasted Work    0 (0%)
Elapsed Time   0.366983
MIDs/sec       171.67
VCs/sec        166.22
Cnt prune sib  2
Avg prune sib  1 dev=0 min=1 max=1
Consider Size  75.6721 dev=4.79995 min=65 max=86
Move Index     -
Move Percent   -
Delta Increase 3.3871 dev=12.8946 min=1 max=75
Winner         empty
PV             j2 d10 c8 b9

HashTableStatistics:
Stores         494
LookupAttempt  42459
LookupSuccess  2299
Collisions     0

bfff6 info: Search aborted.
80fe7 info: PlayAndSolve: Building VCs to avoid race condition.
80fe7 info: PlayAndSolve: Continuing on as usual.
bfff6 info: *** PlayerThread ***
0e286 info: *** SolverThread ***
b7fe6 config: VCS: reading captured set patterns from '/home/linus/MoHex2.0/nfbranchfix/benzene-vanilla-cmake/share/vc-captured-set.txt'.
b7fe6 config: VCS:: parsed 2 patterns.
b7fe6 config: VCS: reading captured set patterns from '/home/linus/MoHex2.0/nfbranchfix/benzene-vanilla-cmake/share/vc-captured-set.txt'.
b7fe6 config: VCS:: parsed 2 patterns.
b7fe6 dfpn: 
bfff6 info: Best move cannot be determined, must search state.
bfff6 info: --- MoHexPlayer::Search() ---
bfff6 info: Color: white
bfff6 info: MaxGames: 1
bfff6 info: NumberThreads: 1
bfff6 info: MaxNodes: 9090 (799920 bytes)
bfff6 info: TimeForMove: 1
b7fe6 dfpn: b7
b7fe6 dfpn: b10
b7fe6 dfpn: b9
b7fe6 dfpn: c7
b7fe6 dfpn: c9
b7fe6 dfpn: c6
b7fe6 dfpn: c10
b7fe6 dfpn: c2
b7fe6 dfpn: d2
b7fe6 dfpn: c8
b7fe6 dfpn: d9
b7fe6 dfpn: d10
b7fe6 dfpn: j2
b7fe6 dfpn: d8
b7fe6 dfpn: i3
b7fe6 dfpn: h3
b7fe6 dfpn: d3
b7fe6 dfpn: b11
b7fe6 dfpn: e8
b7fe6 dfpn: e2
b7fe6 dfpn: e10
b7fe6 dfpn: h4
b7fe6 dfpn: j2
bfff6 info: PreSearch: max time reached (62/85).
bfff6 info: Time for PreSearch: 0.201111s
bfff6 info: 
  98b9639ca99d4668
  a  b  c  d  e  f  g  h  i  j  k  
 1\.  .  .  *  *  *  .  .  *  *  .\1
  2\.  .  *  *  *  *  W  *  *  *  .\2
   3\.  .  *  *  *  *  *  *  *  *  .\3
    4\.  B  B  *  *  *  *  *  *  *  .\4
     5\b  b  b  W  *  *  *  *  *  *  .\5
      6\b  B  *  *  *  *  *  *  *  *  .\6
       7\w  *  *  *  *  *  *  *  *  *  .\7
        8\w  B  *  *  *  *  *  *  *  *  .\8
         9\.  *  *  *  *  *  *  *  *  *  .\9
         10\.  *  *  *  *  *  *  *  *  *  W\10
          11\.  *  *  *  *  *  *  *  *  .  b\11
              a  b  c  d  e  f  g  h  i  j  k  
b7fe6 dfpn: b9
bfff6 info: Old: [black, b4] [white, swap-pieces] [white, d5] [black, b6] [white, g2] [black, b8] 
bfff6 info: New: [black, b4] [white, swap-pieces] [white, d5] [black, b6] [white, g2] [black, b8] [white, k10] [black, c4] 
bfff6 info: MovesPlayed: [white, k10] [black, c4] 
bfff6 info: No subtree to reuse.
bfff6 info: StartSearch()[0]
bfff6 info: 
Elapsed Time   0.353116s
Count          1
GamesPlayed    1
Nodes          1
Knowledge      0 (0.0%)
Expansions     0.0
Time           0.00
GameLen        107.0 dev=0.0 min=107.0 max=107.0
InTree         0.0 dev=0.0 min=0.0 max=0.0
KnowDepth      -
Aborted        0%
Games/s        3436.4
Score          0.00
Sequence      
bfff6 info: 
bfff6 warning: **** MoHexSearch returned empty sequence!
bfff6 warning: **** Returning random move!
bfff6 info: *** Player move: e1
b7fe6 info: DfpnSolver::CheckAbort(): Abort flag!
0e286 info: 
MID calls      62
VC builds      59
Terminal       0
Work           62
Wasted Work    0 (0%)
Elapsed Time   0.36829
MIDs/sec       168.346
VCs/sec        160.2
Cnt prune sib  3
Avg prune sib  2.33333 dev=1.88562 min=1 max=5
Consider Size  65.0339 dev=23.2547 min=13 max=85
Move Index     -
Move Percent   -
Delta Increase 2.42623 dev=9.24078 min=1 max=73
Winner         empty
PV             b9 e9 c8

HashTableStatistics:
Stores         641
LookupAttempt  54156
LookupSuccess  2987
Collisions     0

0e286 info: Search aborted.
80fe7 info: PlayAndSolve: Building VCs to avoid race condition.
80fe7 info: PlayAndSolve: Continuing on as usual.
0e286 info: *** PlayerThread ***
bfff6 info: *** SolverThread ***
b7fe6 config: VCS: reading captured set patterns from '/home/linus/MoHex2.0/nfbranchfix/benzene-vanilla-cmake/share/vc-captured-set.txt'.
b7fe6 config: VCS:: parsed 2 patterns.
b7fe6 config: VCS: reading captured set patterns from '/home/linus/MoHex2.0/nfbranchfix/benzene-vanilla-cmake/share/vc-captured-set.txt'.
b7fe6 config: VCS:: parsed 2 patterns.
b7fe6 dfpn: 
0e286 info: Best move cannot be determined, must search state.
0e286 info: --- MoHexPlayer::Search() ---
0e286 info: Color: white
0e286 info: MaxGames: 1
0e286 info: NumberThreads: 1
0e286 info: MaxNodes: 9090 (799920 bytes)
0e286 info: TimeForMove: 1
b7fe6 dfpn: b7
b7fe6 dfpn: b10
b7fe6 dfpn: b9
b7fe6 dfpn: c2
b7fe6 dfpn: c9
b7fe6 dfpn: c7
b7fe6 dfpn: j2
b7fe6 dfpn: c6
b7fe6 dfpn: i3
b7fe6 dfpn: h3
b7fe6 dfpn: c10
b7fe6 dfpn: i2
b7fe6 dfpn: h2
b7fe6 dfpn: d1
b7fe6 dfpn: h4
b7fe6 dfpn: f2
b7fe6 dfpn: j3
b7fe6 dfpn: j4
b7fe6 dfpn: i4
b7fe6 dfpn: f1
b7fe6 dfpn: j5
0e286 info: PreSearch: max time reached (60/81).
0e286 info: Time for PreSearch: 0.202151s
b7fe6 dfpn: j3
0e286 info: 
  41dcf5f6f4d0b23c
  a  b  c  d  e  f  g  h  i  j  k  
 1\.  .  .  *  W  *  .  .  *  *  .\1
  2\.  .  *  *  *  *  W  *  *  *  .\2
   3\.  .  *  *  *  *  *  *  *  *  .\3
    4\.  B  B  *  *  *  *  *  *  *  .\4
     5\b  b  b  W  *  *  *  *  *  *  .\5
      6\b  B  *  *  *  *  *  *  *  .  .\6
       7\w  *  *  *  *  *  *  *  B  .  .\7
        8\w  B  *  *  *  *  *  *  *  *  .\8
         9\.  *  *  *  *  *  *  *  *  *  .\9
         10\.  *  *  *  *  *  *  *  *  *  W\10
          11\.  *  *  *  *  *  *  *  *  .  b\11
              a  b  c  d  e  f  g  h  i  j  k  
b7fe6 dfpn: j4
0e286 info: Old: [black, b4] [white, swap-pieces] [white, d5] [black, b6] [white, g2] [black, b8] [white, k10] [black, c4] 
0e286 info: New: [black, b4] [white, swap-pieces] [white, d5] [black, b6] [white, g2] [black, b8] [white, k10] [black, c4] [white, e1] [black, i7] 
0e286 info: MovesPlayed: [white, e1] [black, i7] 
0e286 info: No subtree to reuse.
b7fe6 dfpn: j2
0e286 info: StartSearch()[0]
0e286 info: 
Elapsed Time   0.578657s
Count          1
GamesPlayed    1
Nodes          1
Knowledge      0 (0.0%)
Expansions     0.0
Time           0.00
GameLen        105.0 dev=0.0 min=105.0 max=105.0
InTree         0.0 dev=0.0 min=0.0 max=0.0
KnowDepth      -
Aborted        0%
Games/s        3134.8
Score          1.00
Sequence      
0e286 info: 
0e286 warning: **** MoHexSearch returned empty sequence!
0e286 warning: **** Returning random move!
0e286 info: *** Player move: k4
b7fe6 info: DfpnSolver::CheckAbort(): Abort flag!
bfff6 info: 
MID calls      113
VC builds      107
Terminal       0
Work           113
Wasted Work    0 (0%)
Elapsed Time   0.590035
MIDs/sec       191.514
VCs/sec        181.345
Cnt prune sib  8
Avg prune sib  1.5 dev=0.5 min=1 max=2
Consider Size  70.1215 dev=8.95761 min=33 max=81
Move Index     -
Move Percent   -
Delta Increase 3.59821 dev=9.93412 min=1 max=69
Winner         empty
PV             j2 c9 b7

HashTableStatistics:
Stores         890
LookupAttempt  69375
LookupSuccess  3724
Collisions     0

bfff6 info: Search aborted.
80fe7 info: PlayAndSolve: Building VCs to avoid race condition.
80fe7 info: PlayAndSolve: Continuing on as usual.
bfff6 info: *** PlayerThread ***
0e286 info: *** SolverThread ***
b7fe6 config: VCS: reading captured set patterns from '/home/linus/MoHex2.0/nfbranchfix/benzene-vanilla-cmake/share/vc-captured-set.txt'.
b7fe6 config: VCS:: parsed 2 patterns.
b7fe6 config: VCS: reading captured set patterns from '/home/linus/MoHex2.0/nfbranchfix/benzene-vanilla-cmake/share/vc-captured-set.txt'.
b7fe6 config: VCS:: parsed 2 patterns.
b7fe6 dfpn: 
bfff6 info: Best move cannot be determined, must search state.
bfff6 info: --- MoHexPlayer::Search() ---
bfff6 info: Color: white
bfff6 info: MaxGames: 1
bfff6 info: NumberThreads: 1
bfff6 info: MaxNodes: 9090 (799920 bytes)
bfff6 info: TimeForMove: 1
b7fe6 dfpn: b7
b7fe6 dfpn: c7
b7fe6 dfpn: c2
b7fe6 dfpn: b10
b7fe6 dfpn: c6
b7fe6 dfpn: b9
b7fe6 dfpn: h3
b7fe6 dfpn: j2
b7fe6 dfpn: i3
b7fe6 dfpn: c9
b7fe6 dfpn: d1
b7fe6 dfpn: d8
b7fe6 dfpn: h4
b7fe6 dfpn: i2
b7fe6 dfpn: h2
b7fe6 dfpn: f2
b7fe6 dfpn: c8
b7fe6 dfpn: f1
b7fe6 dfpn: i4
b7fe6 dfpn: c10
b7fe6 dfpn: h5
b7fe6 dfpn: b9
bfff6 info: PreSearch: max time reached (62/80).
bfff6 info: Time for PreSearch: 0.202129s
bfff6 info: 
  e33bc60efb5392f6
  a  b  c  d  e  f  g  h  i  j  k  
 1\.  .  .  *  W  *  .  .  *  *  .\1
  2\.  .  *  *  *  *  W  *  *  *  .\2
   3\.  .  *  *  *  *  *  *  *  *  .\3
    4\.  B  B  *  *  *  *  *  *  *  W\4
     5\b  b  b  W  *  *  *  *  *  *  .\5
      6\b  B  *  *  *  *  *  *  *  .  .\6
       7\w  *  *  *  *  *  *  *  B  .  .\7
        8\w  B  *  *  *  *  *  *  *  *  .\8
         9\.  *  *  *  B  *  *  *  *  *  .\9
         10\.  *  *  *  *  *  *  *  *  *  W\10
          11\.  *  *  *  *  *  *  *  *  .  b\11
              a  b  c  d  e  f  g  h  i  j  k  
bfff6 info: Old: [black, b4] [white, swap-pieces] [white, d5] [black, b6] [white, g2] [black, b8] [white, k10] [black, c4] [white, e1] [black, i7] 
bfff6 info: New: [black, b4] [white, swap-pieces] [white, d5] [black, b6] [white, g2] [black, b8] [white, k10] [black, c4] [white, e1] [black, i7] [white, k4] [black, e9] 
bfff6 info: MovesPlayed: [white, k4] [black, e9] 
bfff6 info: No subtree to reuse.
bfff6 info: StartSearch()[0]
bfff6 info: 
Elapsed Time   0.353579s
Count          1
GamesPlayed    1
Nodes          1
Knowledge      0 (0.0%)
Expansions     0.0
Time           0.00
GameLen        103.0 dev=0.0 min=103.0 max=103.0
InTree         0.0 dev=0.0 min=0.0 max=0.0
KnowDepth      -
Aborted        0%
Games/s        3484.3
Score          0.00
Sequence      
bfff6 info: 
bfff6 warning: **** MoHexSearch returned empty sequence!
bfff6 warning: **** Returning random move!
bfff6 info: *** Player move: k3
b7fe6 info: DfpnSolver::CheckAbort(): Abort flag!
0e286 info: 
MID calls      58
VC builds      56
Terminal       0
Work           58
Wasted Work    0 (0%)
Elapsed Time   0.363282
MIDs/sec       159.656
VCs/sec        154.15
Cnt prune sib  2
Avg prune sib  1.5 dev=0.5 min=1 max=2
Consider Size  70 dev=5.40521 min=58 max=80
Move Index     -
Move Percent   -
Delta Increase 3.4386 dev=12.699 min=1 max=72
Winner         empty
PV             b9 j2 g6 c8

HashTableStatistics:
Stores         1026
LookupAttempt  80080
LookupSuccess  4314
Collisions     0

0e286 info: Search aborted.
80fe7 info: PlayAndSolve: Building VCs to avoid race condition.
80fe7 info: PlayAndSolve: Continuing on as usual.
0e286 info: *** PlayerThread ***
bfff6 info: *** SolverThread ***
b7fe6 config: VCS: reading captured set patterns from '/home/linus/MoHex2.0/nfbranchfix/benzene-vanilla-cmake/share/vc-captured-set.txt'.
b7fe6 config: VCS:: parsed 2 patterns.
b7fe6 config: VCS: reading captured set patterns from '/home/linus/MoHex2.0/nfbranchfix/benzene-vanilla-cmake/share/vc-captured-set.txt'.
b7fe6 config: VCS:: parsed 2 patterns.
b7fe6 dfpn: 
0e286 info: Best move cannot be determined, must search state.
0e286 info: --- MoHexPlayer::Search() ---
0e286 info: Color: white
0e286 info: MaxGames: 1
0e286 info: NumberThreads: 1
0e286 info: MaxNodes: 9090 (799920 bytes)
0e286 info: TimeForMove: 1
b7fe6 dfpn: b7
b7fe6 dfpn: c2
b7fe6 dfpn: b10
b7fe6 dfpn: d1
b7fe6 dfpn: h3
b7fe6 dfpn: c9
b7fe6 dfpn: f2
b7fe6 dfpn: i3
b7fe6 dfpn: f1
b7fe6 dfpn: j2
b7fe6 dfpn: c10
b7fe6 dfpn: h4
b7fe6 dfpn: d2
b7fe6 dfpn: h2
b7fe6 dfpn: i2
b7fe6 dfpn: d8
b7fe6 dfpn: d3
b7fe6 dfpn: d7
b7fe6 dfpn: e2
b7fe6 dfpn: h5
b7fe6 dfpn: d2
0e286 info: PreSearch: max time reached (60/76).
0e286 info: Time for PreSearch: 0.203037s
0e286 info: 
  6cc9a9b9abe16eeb
  a  b  c  d  e  f  g  h  i  j  k  
 1\.  .  .  *  W  *  .  .  *  *  .\1
  2\.  .  *  *  *  *  W  *  *  *  .\2
   3\.  .  *  *  *  *  *  *  *  *  W\3
    4\.  B  B  *  *  *  *  *  *  *  W\4
     5\b  b  b  W  *  *  *  *  *  *  .\5
      6\b  B  .  *  *  *  *  *  *  .  .\6
       7\w  *  .  *  *  *  *  *  B  .  .\7
        8\w  B  B  *  *  *  *  *  *  *  .\8
         9\.  .  *  *  B  *  *  *  *  *  .\9
         10\.  *  *  *  *  *  *  *  *  *  W\10
          11\.  *  *  *  *  *  *  *  *  .  b\11
              a  b  c  d  e  f  g  h  i  j  k  
0e286 info: Old: [black, b4] [white, swap-pieces] [white, d5] [black, b6] [white, g2] [black, b8] [white, k10] [black, c4] [white, e1] [black, i7] [white, k4] [black, e9] 
0e286 info: New: [black, b4] [white, swap-pieces] [white, d5] [black, b6] [white, g2] [black, b8] [white, k10] [black, c4] [white, e1] [black, i7] [white, k4] [black, e9] [white, k3] [black, c8] 
0e286 info: MovesPlayed: [white, k3] [black, c8] 
0e286 info: No subtree to reuse.
b7fe6 dfpn: i4
b7fe6 dfpn: c2
0e286 info: StartSearch()[0]
0e286 info: 
Elapsed Time   0.35062s
Count          1
GamesPlayed    1
Nodes          1
Knowledge      0 (0.0%)
Expansions     0.0
Time           0.00
GameLen        101.0 dev=0.0 min=101.0 max=101.0
InTree         0.0 dev=0.0 min=0.0 max=0.0
KnowDepth      -
Aborted        0%
Games/s        3278.7
Score          0.00
Sequence      
0e286 info: 
0e286 warning: **** MoHexSearch returned empty sequence!
0e286 warning: **** Returning random move!
0e286 info: *** Player move: j3
b7fe6 info: DfpnSolver::CheckAbort(): Abort flag!
bfff6 info: 
MID calls      35
VC builds      34
Terminal       1
Work           36
Wasted Work    22 (61.1111%)
Elapsed Time   0.367638
MIDs/sec       95.2023
VCs/sec        92.4823
Cnt prune sib  2
Avg prune sib  1 dev=0 min=1 max=1
Consider Size  60.3636 dev=19.0959 min=4 max=76
Move Index     10 dev=0 min=10 max=10
Move Percent   0.15625 dev=0 min=0.15625 max=0.15625
Delta Increase 4.71429 dev=14.9658 min=1 max=66
Winner         empty
PV             c2 f2 e3

HashTableStatistics:
Stores         1119
LookupAttempt  88710
LookupSuccess  4924
Collisions     0

bfff6 info: Search aborted.
80fe7 info: PlayAndSolve: Building VCs to avoid race condition.
80fe7 info: PlayAndSolve: Continuing on as usual.
bfff6 info: *** PlayerThread ***
0e286 info: *** SolverThread ***
b7fe6 config: VCS: reading captured set patterns from '/home/linus/MoHex2.0/nfbranchfix/benzene-vanilla-cmake/share/vc-captured-set.txt'.
b7fe6 config: VCS:: parsed 2 patterns.
b7fe6 config: VCS: reading captured set patterns from '/home/linus/MoHex2.0/nfbranchfix/benzene-vanilla-cmake/share/vc-captured-set.txt'.
b7fe6 config: VCS:: parsed 2 patterns.
b7fe6 dfpn: 
bfff6 info: Opponent has won; playing most blocking move.
bfff6 info: *** Player move: c2
0e286 info: 
MID calls      0
VC builds      1
Terminal       1
Work           1
Wasted Work    0 (0%)
Elapsed Time   0.017041
MIDs/sec       0
VCs/sec        58.682
Cnt prune sib  0
Avg prune sib  -
Consider Size  -
Move Index     -
Move Percent   -
Delta Increase -
Winner         black
PV             

HashTableStatistics:
Stores         1120
LookupAttempt  88716
LookupSuccess  4927
Collisions     0

80fe7 info: PlayAndSolve: Building VCs to avoid race condition.
80fe7 info: PlayAndSolve: Continuing on as usual.
0e286 info: *** PlayerThread ***
bfff6 info: *** SolverThread ***
b7fe6 config: VCS: reading captured set patterns from '/home/linus/MoHex2.0/nfbranchfix/benzene-vanilla-cmake/share/vc-captured-set.txt'.
b7fe6 config: VCS:: parsed 2 patterns.
b7fe6 config: VCS: reading captured set patterns from '/home/linus/MoHex2.0/nfbranchfix/benzene-vanilla-cmake/share/vc-captured-set.txt'.
b7fe6 config: VCS:: parsed 2 patterns.
b7fe6 dfpn: 
0e286 info: Opponent has won; playing most blocking move.
0e286 info: *** Player move: e3
bfff6 info: 
MID calls      0
VC builds      1
Terminal       1
Work           1
Wasted Work    0 (0%)
Elapsed Time   0.016978
MIDs/sec       0
VCs/sec        58.8998
Cnt prune sib  0
Avg prune sib  -
Consider Size  -
Move Index     -
Move Percent   -
Delta Increase -
Winner         black
PV             

HashTableStatistics:
Stores         1121
LookupAttempt  88722
LookupSuccess  4930
Collisions     0

80fe7 info: PlayAndSolve: Building VCs to avoid race condition.
80fe7 info: PlayAndSolve: Continuing on as usual.
bfff6 info: *** PlayerThread ***
0e286 info: *** SolverThread ***
b7fe6 config: VCS: reading captured set patterns from '/home/linus/MoHex2.0/nfbranchfix/benzene-vanilla-cmake/share/vc-captured-set.txt'.
b7fe6 config: VCS:: parsed 2 patterns.
b7fe6 config: VCS: reading captured set patterns from '/home/linus/MoHex2.0/nfbranchfix/benzene-vanilla-cmake/share/vc-captured-set.txt'.
b7fe6 config: VCS:: parsed 2 patterns.
b7fe6 dfpn: 
bfff6 info: Opponent has won; playing most blocking move.
bfff6 info: *** Player move: b11
0e286 info: 
MID calls      0
VC builds      1
Terminal       1
Work           1
Wasted Work    0 (0%)
Elapsed Time   0.006986
MIDs/sec       0
VCs/sec        143.143
Cnt prune sib  0
Avg prune sib  -
Consider Size  -
Move Index     -
Move Percent   -
Delta Increase -
Winner         black
PV             

HashTableStatistics:
Stores         1122
LookupAttempt  88728
LookupSuccess  4933
Collisions     0

80fe7 info: PlayAndSolve: Building VCs to avoid race condition.
80fe7 info: PlayAndSolve: Continuing on as usual.
0e286 info: *** PlayerThread ***
bfff6 info: *** SolverThread ***
b7fe6 config: VCS: reading captured set patterns from '/home/linus/MoHex2.0/nfbranchfix/benzene-vanilla-cmake/share/vc-captured-set.txt'.
b7fe6 config: VCS:: parsed 2 patterns.
b7fe6 config: VCS: reading captured set patterns from '/home/linus/MoHex2.0/nfbranchfix/benzene-vanilla-cmake/share/vc-captured-set.txt'.
b7fe6 config: VCS:: parsed 2 patterns.
b7fe6 dfpn: 
0e286 info: Opponent has won; playing most blocking move.
0e286 info: *** Player move: c9
bfff6 info: 
MID calls      0
VC builds      1
Terminal       1
Work           1
Wasted Work    0 (0%)
Elapsed Time   0.008969
MIDs/sec       0
VCs/sec        111.495
Cnt prune sib  0
Avg prune sib  -
Consider Size  -
Move Index     -
Move Percent   -
Delta Increase -
Winner         black
PV             

HashTableStatistics:
Stores         1123
LookupAttempt  88734
LookupSuccess  4936
Collisions     0

80fe7 info: PlayAndSolve: Building VCs to avoid race condition.
80fe7 info: PlayAndSolve: Continuing on as usual.
bfff6 info: *** PlayerThread ***
0e286 info: *** SolverThread ***
b7fe6 config: VCS: reading captured set patterns from '/home/linus/MoHex2.0/nfbranchfix/benzene-vanilla-cmake/share/vc-captured-set.txt'.
b7fe6 config: VCS:: parsed 2 patterns.
b7fe6 config: VCS: reading captured set patterns from '/home/linus/MoHex2.0/nfbranchfix/benzene-vanilla-cmake/share/vc-captured-set.txt'.
b7fe6 config: VCS:: parsed 2 patterns.
b7fe6 dfpn: 
bfff6 info: Opponent has won; playing most blocking move.
bfff6 info: *** Player move: e10
0e286 info: 
MID calls      0
VC builds      1
Terminal       1
Work           1
Wasted Work    0 (0%)
Elapsed Time   0.004559
MIDs/sec       0
VCs/sec        219.346
Cnt prune sib  0
Avg prune sib  -
Consider Size  -
Move Index     -
Move Percent   -
Delta Increase -
Winner         black
PV             

HashTableStatistics:
Stores         1124
LookupAttempt  88740
LookupSuccess  4939
Collisions     0

80fe7 info: PlayAndSolve: Building VCs to avoid race condition.
80fe7 info: PlayAndSolve: Continuing on as usual.
0e286 info: *** PlayerThread ***
bfff6 info: *** SolverThread ***
b7fe6 config: VCS: reading captured set patterns from '/home/linus/MoHex2.0/nfbranchfix/benzene-vanilla-cmake/share/vc-captured-set.txt'.
b7fe6 config: VCS:: parsed 2 patterns.
b7fe6 config: VCS: reading captured set patterns from '/home/linus/MoHex2.0/nfbranchfix/benzene-vanilla-cmake/share/vc-captured-set.txt'.
b7fe6 config: VCS:: parsed 2 patterns.
0e286 info: Captured cells caused win! Removing...
b7fe6 dfpn: 
bfff6 info: 
MID calls      0
VC builds      1
Terminal       1
Work           1
Wasted Work    0 (0%)
Elapsed Time   0.002221
MIDs/sec       0
VCs/sec        450.248
Cnt prune sib  0
Avg prune sib  -
Consider Size  -
Move Index     -
Move Percent   -
Delta Increase -
Winner         black
PV             

HashTableStatistics:
Stores         1125
LookupAttempt  88746
LookupSuccess  4942
Collisions     0

0e286 info: Opponent has won; playing most blocking move.
0e286 info: *** Player move: b5
80fe7 info: PlayAndSolve: Building VCs to avoid race condition.
80fe7 info: PlayAndSolve: Continuing on as usual.
bfff6 info: *** PlayerThread ***
0e286 info: *** SolverThread ***
b7fe6 config: VCS: reading captured set patterns from '/home/linus/MoHex2.0/nfbranchfix/benzene-vanilla-cmake/share/vc-captured-set.txt'.
b7fe6 config: VCS:: parsed 2 patterns.
b7fe6 config: VCS: reading captured set patterns from '/home/linus/MoHex2.0/nfbranchfix/benzene-vanilla-cmake/share/vc-captured-set.txt'.
b7fe6 config: VCS:: parsed 2 patterns.
bfff6 info: Captured cells caused win! Removing...
b7fe6 dfpn: 
0e286 info: 
MID calls      0
VC builds      1
Terminal       1
Work           1
Wasted Work    0 (0%)
Elapsed Time   0.002347
MIDs/sec       0
VCs/sec        426.076
Cnt prune sib  0
Avg prune sib  -
Consider Size  -
Move Index     -
Move Percent   -
Delta Increase -
Winner         black
PV             

HashTableStatistics:
Stores         1126
LookupAttempt  88752
LookupSuccess  4945
Collisions     0

bfff6 info: Opponent has won; playing most blocking move.
bfff6 info: *** Player move: b7
80fe7 info: PlayAndSolve: Building VCs to avoid race condition.
80fe7 info: PlayAndSolve: Continuing on as usual.
0e286 info: *** PlayerThread ***
bfff6 info: *** SolverThread ***
b7fe6 config: VCS: reading captured set patterns from '/home/linus/MoHex2.0/nfbranchfix/benzene-vanilla-cmake/share/vc-captured-set.txt'.
b7fe6 config: VCS:: parsed 2 patterns.
b7fe6 config: VCS: reading captured set patterns from '/home/linus/MoHex2.0/nfbranchfix/benzene-vanilla-cmake/share/vc-captured-set.txt'.
b7fe6 config: VCS:: parsed 2 patterns.
b7fe6 dfpn: 
0e286 info: Captured cells caused win! Removing...
bfff6 info: 
MID calls      0
VC builds      1
Terminal       1
Work           1
Wasted Work    0 (0%)
Elapsed Time   0.002502
MIDs/sec       0
VCs/sec        399.68
Cnt prune sib  0
Avg prune sib  -
Consider Size  -
Move Index     -
Move Percent   -
Delta Increase -
Winner         black
PV             

HashTableStatistics:
Stores         1127
LookupAttempt  88758
LookupSuccess  4948
Collisions     0

0e286 info: Opponent has won; playing most blocking move.
0e286 info: *** Player move: c3
80fe7 info: PlayAndSolve: Building VCs to avoid race condition.
80fe7 info: PlayAndSolve: Continuing on as usual.
bfff6 info: *** PlayerThread ***
0e286 info: *** SolverThread ***
b7fe6 config: VCS: reading captured set patterns from '/home/linus/MoHex2.0/nfbranchfix/benzene-vanilla-cmake/share/vc-captured-set.txt'.
b7fe6 config: VCS:: parsed 2 patterns.
b7fe6 config: VCS: reading captured set patterns from '/home/linus/MoHex2.0/nfbranchfix/benzene-vanilla-cmake/share/vc-captured-set.txt'.
b7fe6 config: VCS:: parsed 2 patterns.
bfff6 info: Captured cells caused win! Removing...
b7fe6 dfpn: 
0e286 info: 
MID calls      0
VC builds      1
Terminal       1
Work           1
Wasted Work    0 (0%)
Elapsed Time   0.00263
MIDs/sec       0
VCs/sec        380.228
Cnt prune sib  0
Avg prune sib  -
Consider Size  -
Move Index     -
Move Percent   -
Delta Increase -
Winner         black
PV             

HashTableStatistics:
Stores         1128
LookupAttempt  88764
LookupSuccess  4951
Collisions     0

bfff6 info: Opponent has won; playing most blocking move.
bfff6 info: *** Player move: d1
80fe7 info: PlayAndSolve: Building VCs to avoid race condition.
80fe7 info: PlayAndSolve: Continuing on as usual.
0e286 info: *** PlayerThread ***
bfff6 info: *** SolverThread ***
b7fe6 config: VCS: reading captured set patterns from '/home/linus/MoHex2.0/nfbranchfix/benzene-vanilla-cmake/share/vc-captured-set.txt'.
b7fe6 config: VCS:: parsed 2 patterns.
b7fe6 config: VCS: reading captured set patterns from '/home/linus/MoHex2.0/nfbranchfix/benzene-vanilla-cmake/share/vc-captured-set.txt'.
b7fe6 config: VCS:: parsed 2 patterns.
0e286 info: Captured cells caused win! Removing...
b7fe6 dfpn: 
bfff6 info: 
MID calls      0
VC builds      1
Terminal       1
Work           1
Wasted Work    0 (0%)
Elapsed Time   0.002516
MIDs/sec       0
VCs/sec        397.456
Cnt prune sib  0
Avg prune sib  -
Consider Size  -
Move Index     -
Move Percent   -
Delta Increase -
Winner         black
PV             

HashTableStatistics:
Stores         1129
LookupAttempt  88770
LookupSuccess  4954
Collisions     0

0e286 info: Opponent has won; playing most blocking move.
0e286 info: *** Player move: c11
80fe7 info: PlayAndSolve: Building VCs to avoid race condition.
80fe7 info: PlayAndSolve: Continuing on as usual.
bfff6 info: *** PlayerThread ***
0e286 info: *** SolverThread ***
b7fe6 config: VCS: reading captured set patterns from '/home/linus/MoHex2.0/nfbranchfix/benzene-vanilla-cmake/share/vc-captured-set.txt'.
b7fe6 config: VCS:: parsed 2 patterns.
bfff6 info: Captured cells caused win! Removing...
b7fe6 config: VCS: reading captured set patterns from '/home/linus/MoHex2.0/nfbranchfix/benzene-vanilla-cmake/share/vc-captured-set.txt'.
b7fe6 config: VCS:: parsed 2 patterns.
b7fe6 dfpn: 
0e286 info: 
MID calls      0
VC builds      1
Terminal       1
Work           1
Wasted Work    0 (0%)
Elapsed Time   0.002342
MIDs/sec       0
VCs/sec        426.985
Cnt prune sib  0
Avg prune sib  -
Consider Size  -
Move Index     -
Move Percent   -
Delta Increase -
Winner         black
PV             

HashTableStatistics:
Stores         1130
LookupAttempt  88776
LookupSuccess  4957
Collisions     0

bfff6 info: Opponent has won; playing most blocking move.
bfff6 info: *** Player move: g1
80fe7 config: ============ BenzeneShutdown =============
80fe7 config: MoHexProgram:: ShutdownSystem()
80fe7 config: CommonProgram:: ShutdownSystem()
80fe7 config: BenzeneProgram:: ShutdownSystem()
Flushing and closing this stream...
