# nice ../build/src/mohex/mohex --config mohex-cg2010.htp --seed 983574 --logfile-name jobs/11x11-mohex-mohex-weak-vs-mohex-mohex-cg2010/mohex-mohex-cg2010-26.log
>boardsize 11 11
MoHex 2.0.CMake Mar 21 2025
Copyright (C) 2007-2012 by the authors of the Benzene project.
This program comes with ABSOLUTELY NO WARRANTY. This is
free software and you are welcome to redistribute it under
certain conditions. Type `benzene-license' for details.

SgRandom::SetSeed: 983574
SgUctSearch: system memory 33632358400, using 1000000000 (5681818 nodes)
SgRandom::SetSeed: 1
SgRandom::SetSeed: 983574
89947 info: Prior Patterns:
89947 info: Global:
89947 info: Size            = 565 32648 
89947 info: TableEntries    = 65932 65910
89947 info: MirrorsAdded    = 0 0
89947 info: PrunableCount   = 30593 30629
89947 info: LargestGamma    = 5820.77
89947 info: SmallestGamma   = 6.6e-05
89947 info: Local:
89947 info: Size            = 550 5318 
89947 info: TableEntries    = 11602 11588
89947 info: MirrorsAdded    = 0 0
89947 info: PrunableCount   = 3659 3667
89947 info: LargestGamma    = 11281.8
89947 info: SmallestGamma   = 0.026235
89947 info: Playout Patterns:
89947 info: Global:
89947 info: Size            = 565 32648 
89947 info: TableEntries    = 70329 70329
89947 info: MirrorsAdded    = 4397 4419
89947 info: PrunableCount   = 30593 30629
89947 info: LargestGamma    = 5820.77
89947 info: SmallestGamma   = 6.6e-05
89947 info: Local:
89947 info: Size            = 550 5318 
89947 info: TableEntries    = 11602 11588
89947 info: MirrorsAdded    = 0 0
89947 info: PrunableCount   = 3659 3667
89947 info: LargestGamma    = 11281.8
89947 info: SmallestGamma   = 0.026235
<= 
<
>name
param_game allow_swap 1
= 

param_mohex max_memory 32000000000
= 

param_mohex num_threads 1
= 

param_mohex max_time 1
= 

param_mohex max_games 1
= 

param_mohex knowledge_threshold 400
= 

param_mohex reuse_subtree 1
= 

param_mohex use_parallel_solver 1
= 

<= MoHex
<
>version
<= 2.0.CMake
<
>play b b3
<= 
<
>genmove w
<= swap-pieces
<
>showboard
89947 info: SwapCheck: reading from '/home/linus/MoHex2.0/nfbranchfix/benzene-vanilla-cmake/share/swap-moves.txt'.
89947 info: SwapCheck: playing swap.
<= 
< 
<  c687275fe75d74e6
<  a  b  c  d  e  f  g  h  i  j  k  
< 1\.  .  .  .  .  .  .  .  .  .  .\1
<  2\.  .  .  .  .  .  .  .  .  .  .\2
<   3\.  B  .  .  .  .  .  .  .  .  .\3
<    4\.  .  .  .  .  .  .  .  .  .  .\4
<     5\.  .  .  .  .  .  .  .  .  .  .\5
<      6\.  .  .  .  .  .  .  .  .  .  .\6
<       7\.  .  .  .  .  .  .  .  .  .  .\7
<        8\.  .  .  .  .  .  .  .  .  .  .\8
<         9\.  .  .  .  .  .  .  .  .  .  .\9
<         10\.  .  .  .  .  .  .  .  .  .  .\10
<          11\.  .  .  .  .  .  .  .  .  .  .\11
<              a  b  c  d  e  f  g  h  i  j  k  
<
>play w a7
<= 
<
>showboard
<= 
< 
<  6ccf5e6bad4376da
<  a  b  c  d  e  f  g  h  i  j  k  
< 1\.  .  .  .  .  .  .  .  .  .  .\1
<  2\.  .  .  .  .  .  .  .  .  .  .\2
<   3\.  B  .  .  .  .  .  .  .  .  .\3
<    4\.  .  .  .  .  .  .  .  .  .  .\4
<     5\.  .  .  .  .  .  .  .  .  .  .\5
<      6\.  .  .  .  .  .  .  .  .  .  .\6
<       7\W  .  .  .  .  .  .  .  .  .  .\7
<        8\.  .  .  .  .  .  .  .  .  .  .\8
<         9\.  .  .  .  .  .  .  .  .  .  .\9
<         10\.  .  .  .  .  .  .  .  .  .  .\10
<          11\.  .  .  .  .  .  .  .  .  .  .\11
<              a  b  c  d  e  f  g  h  i  j  k  
<
>genmove b
<= b1
<
>showboard
89947 info: PlayAndSolve: Building VCs to avoid race condition.
89947 info: PlayAndSolve: Continuing on as usual.
16be6 info: *** PlayerThread ***
0ebd6 info: *** SolverThread ***
16be6 info: Best move cannot be determined, must search state.
16be6 info: --- MoHexPlayer::Search() ---
16be6 info: Color: black
16be6 info: MaxGames: 1
16be6 info: NumberThreads: 1
16be6 info: MaxNodes: 181818181 (15999999928 bytes)
16be6 info: TimeForMove: 1
16be6 info: PreSearch: max time reached (36/88).
16be6 info: Time for PreSearch: 0.204826s
16be6 info: 
  6ccf5e6bad4376da
  a  b  c  d  e  f  g  h  i  j  k  
 1\.  .  .  .  .  .  .  .  .  .  .\1
  2\.  *  .  *  *  *  *  *  *  *  *\2
   3\.  B  *  *  *  *  *  *  *  *  *\3
    4\.  *  *  *  *  *  *  *  *  *  *\4
     5\*  *  *  *  *  *  *  *  *  *  *\5
      6\.  *  *  *  *  *  *  *  *  *  *\6
       7\W  *  *  *  *  *  *  *  *  *  *\7
        8\.  *  *  *  *  *  *  *  *  *  *\8
         9\*  *  *  *  *  *  *  *  *  *  .\9
         10\*  *  *  *  *  *  *  *  *  .  .\10
          11\.  .  .  .  .  .  .  .  .  .  .\11
              a  b  c  d  e  f  g  h  i  j  k  
16be6 info: No subtree to reuse.
16be6 info: Creating thread 0
16be6 info: StartSearch()[0]
SgUctSearch: max games reached
16be6 info: 
Elapsed Time   0.416567s
Count          1
GamesPlayed    1
Nodes          1
Knowledge      0 (0.0%)
Expansions     0.0
Time           0.00
GameLen        119.0 dev=0.0 min=119.0 max=119.0
InTree         0.0 dev=0.0 min=0.0 max=0.0
KnowDepth      -
Aborted        0%
Games/s        397.5
Score          1.00
Sequence      
16be6 info: 
16be6 warning: **** MoHexSearch returned empty sequence!
16be6 warning: **** Returning random move!
16be6 info: *** Player move: b1
3fff6 info: DfpnSolver::CheckAbort(): Abort flag!
0ebd6 info: 
MID calls      39
VC builds      39
Terminal       0
Work           39
Wasted Work    0 (0%)
Elapsed Time   0.442877
MIDs/sec       88.0606
VCs/sec        88.0606
Cnt prune sib  0
Avg prune sib  -
Consider Size  87.1026 dev=3.16089 min=80 max=90
Move Index     -
Move Percent   -
Delta Increase 3.23684 dev=13.6062 min=1 max=86
Winner         empty
PV             j2 d7 f6

HashTableStatistics:
Stores         100
LookupAttempt  11094
LookupSuccess  617
Collisions     0

0ebd6 info: Search aborted.
<= 
< 
<  b4ee320815b12b85
<  a  b  c  d  e  f  g  h  i  j  k  
< 1\.  B  .  .  .  .  .  .  .  .  .\1
<  2\.  .  .  .  .  .  .  .  .  .  .\2
<   3\.  B  .  .  .  .  .  .  .  .  .\3
<    4\.  .  .  .  .  .  .  .  .  .  .\4
<     5\.  .  .  .  .  .  .  .  .  .  .\5
<      6\.  .  .  .  .  .  .  .  .  .  .\6
<       7\W  .  .  .  .  .  .  .  .  .  .\7
<        8\.  .  .  .  .  .  .  .  .  .  .\8
<         9\.  .  .  .  .  .  .  .  .  .  .\9
<         10\.  .  .  .  .  .  .  .  .  .  .\10
<          11\.  .  .  .  .  .  .  .  .  .  .\11
<              a  b  c  d  e  f  g  h  i  j  k  
<
>play w i4
<= 
<
>showboard
<= 
< 
<  263ad4354adb5ff7
<  a  b  c  d  e  f  g  h  i  j  k  
< 1\.  B  .  .  .  .  .  .  .  .  .\1
<  2\.  .  .  .  .  .  .  .  .  .  .\2
<   3\.  B  .  .  .  .  .  .  .  .  .\3
<    4\.  .  .  .  .  .  .  .  W  .  .\4
<     5\.  .  .  .  .  .  .  .  .  .  .\5
<      6\.  .  .  .  .  .  .  .  .  .  .\6
<       7\W  .  .  .  .  .  .  .  .  .  .\7
<        8\.  .  .  .  .  .  .  .  .  .  .\8
<         9\.  .  .  .  .  .  .  .  .  .  .\9
<         10\.  .  .  .  .  .  .  .  .  .  .\10
<          11\.  .  .  .  .  .  .  .  .  .  .\11
<              a  b  c  d  e  f  g  h  i  j  k  
<
>genmove b
<= c10
<
>showboard
89947 info: PlayAndSolve: Building VCs to avoid race condition.
89947 info: PlayAndSolve: Continuing on as usual.
0ebd6 info: *** PlayerThread ***
16be6 info: *** SolverThread ***
0ebd6 info: Best move cannot be determined, must search state.
0ebd6 info: --- MoHexPlayer::Search() ---
0ebd6 info: Color: black
0ebd6 info: MaxGames: 1
0ebd6 info: NumberThreads: 1
0ebd6 info: MaxNodes: 181818181 (15999999928 bytes)
0ebd6 info: TimeForMove: 1
0ebd6 info: PreSearch: max time reached (40/86).
0ebd6 info: Time for PreSearch: 0.202247s
0ebd6 info: 
  263ad4354adb5ff7
  a  b  c  d  e  f  g  h  i  j  k  
 1\b  B  b  .  .  .  .  .  .  .  .\1
  2\w  .  .  *  *  *  *  *  *  *  *\2
   3\w  B  *  *  *  *  *  *  *  *  *\3
    4\.  *  *  *  *  *  *  *  W  *  *\4
     5\*  *  *  *  *  *  *  *  *  *  *\5
      6\.  *  *  *  *  *  *  *  *  *  *\6
       7\W  *  *  *  *  *  *  *  *  *  *\7
        8\.  *  *  *  *  *  *  *  *  *  *\8
         9\*  *  *  *  *  *  *  *  *  *  .\9
         10\*  *  *  *  *  *  *  *  *  .  .\10
          11\.  .  .  .  .  .  .  .  .  .  .\11
              a  b  c  d  e  f  g  h  i  j  k  
0ebd6 info: Old: [black, b3] [white, swap-pieces] [white, a7] 
0ebd6 info: New: [black, b3] [white, swap-pieces] [white, a7] [black, b1] [white, i4] 
0ebd6 info: MovesPlayed: [black, b1] [white, i4] 
0ebd6 info: No subtree to reuse.
0ebd6 info: StartSearch()[0]
SgUctSearch: max games reached
0ebd6 info: 
Elapsed Time   0.411622s
Count          1
GamesPlayed    1
Nodes          1
Knowledge      0 (0.0%)
Expansions     0.0
Time           0.00
GameLen        113.0 dev=0.0 min=113.0 max=113.0
InTree         0.0 dev=0.0 min=0.0 max=0.0
KnowDepth      -
Aborted        0%
Games/s        2118.6
Score          1.00
Sequence      
0ebd6 info: 
0ebd6 warning: **** MoHexSearch returned empty sequence!
0ebd6 warning: **** Returning random move!
0ebd6 info: *** Player move: c10
3fff6 info: DfpnSolver::CheckAbort(): Abort flag!
16be6 info: 
MID calls      38
VC builds      37
Terminal       0
Work           38
Wasted Work    0 (0%)
Elapsed Time   0.434866
MIDs/sec       87.3832
VCs/sec        85.0837
Cnt prune sib  0
Avg prune sib  -
Consider Size  83.3784 dev=9.65167 min=45 max=88
Move Index     -
Move Percent   -
Delta Increase 3.2973 dev=13.4544 min=1 max=84
Winner         empty
PV             b10 g4 e5

HashTableStatistics:
Stores         199
LookupAttempt  22074
LookupSuccess  1282
Collisions     0

16be6 info: Search aborted.
<= 
< 
<  73a9f75cd0f5a777
<  a  b  c  d  e  f  g  h  i  j  k  
< 1\.  B  .  .  .  .  .  .  .  .  .\1
<  2\.  .  .  .  .  .  .  .  .  .  .\2
<   3\.  B  .  .  .  .  .  .  .  .  .\3
<    4\.  .  .  .  .  .  .  .  W  .  .\4
<     5\.  .  .  .  .  .  .  .  .  .  .\5
<      6\.  .  .  .  .  .  .  .  .  .  .\6
<       7\W  .  .  .  .  .  .  .  .  .  .\7
<        8\.  .  .  .  .  .  .  .  .  .  .\8
<         9\.  .  .  .  .  .  .  .  .  .  .\9
<         10\.  .  B  .  .  .  .  .  .  .  .\10
<          11\.  .  .  .  .  .  .  .  .  .  .\11
<              a  b  c  d  e  f  g  h  i  j  k  
<
>play w k8
<= 
<
>showboard
<= 
< 
<  e589ca50443ae36b
<  a  b  c  d  e  f  g  h  i  j  k  
< 1\.  B  .  .  .  .  .  .  .  .  .\1
<  2\.  .  .  .  .  .  .  .  .  .  .\2
<   3\.  B  .  .  .  .  .  .  .  .  .\3
<    4\.  .  .  .  .  .  .  .  W  .  .\4
<     5\.  .  .  .  .  .  .  .  .  .  .\5
<      6\.  .  .  .  .  .  .  .  .  .  .\6
<       7\W  .  .  .  .  .  .  .  .  .  .\7
<        8\.  .  .  .  .  .  .  .  .  .  W\8
<         9\.  .  .  .  .  .  .  .  .  .  .\9
<         10\.  .  B  .  .  .  .  .  .  .  .\10
<          11\.  .  .  .  .  .  .  .  .  .  .\11
<              a  b  c  d  e  f  g  h  i  j  k  
<
>genmove b
<= e3
<
>showboard
89947 info: PlayAndSolve: Building VCs to avoid race condition.
89947 info: PlayAndSolve: Continuing on as usual.
16be6 info: *** PlayerThread ***
0ebd6 info: *** SolverThread ***
16be6 info: Best move cannot be determined, must search state.
16be6 info: --- MoHexPlayer::Search() ---
16be6 info: Color: black
16be6 info: MaxGames: 1
16be6 info: NumberThreads: 1
16be6 info: MaxNodes: 181818181 (15999999928 bytes)
16be6 info: TimeForMove: 1
16be6 info: PreSearch: max time reached (53/81).
16be6 info: Time for PreSearch: 0.200241s
16be6 info: 
  e589ca50443ae36b
  a  b  c  d  e  f  g  h  i  j  k  
 1\b  B  b  .  .  .  .  .  .  .  .\1
  2\w  .  .  *  .  .  *  *  *  *  *\2
   3\w  B  *  *  *  *  *  *  *  *  *\3
    4\.  *  *  *  *  *  *  *  W  *  *\4
     5\*  *  *  *  *  *  *  *  *  *  *\5
      6\.  *  *  *  *  *  *  *  *  *  *\6
       7\W  *  *  *  *  *  *  *  *  *  .\7
        8\.  *  *  *  *  *  *  *  *  *  W\8
         9\*  *  *  *  *  *  *  *  *  *  .\9
         10\*  .  B  .  *  *  *  *  *  .  .\10
          11\.  b  b  b  .  .  .  .  .  .  .\11
              a  b  c  d  e  f  g  h  i  j  k  
16be6 info: Old: [black, b3] [white, swap-pieces] [white, a7] [black, b1] [white, i4] 
16be6 info: New: [black, b3] [white, swap-pieces] [white, a7] [black, b1] [white, i4] [black, c10] [white, k8] 
16be6 info: MovesPlayed: [black, c10] [white, k8] 
16be6 info: No subtree to reuse.
16be6 info: StartSearch()[0]
SgUctSearch: max games reached
16be6 info: 
Elapsed Time   0.361s
Count          1
GamesPlayed    1
Nodes          1
Knowledge      0 (0.0%)
Expansions     0.0
Time           0.00
GameLen        108.0 dev=0.0 min=108.0 max=108.0
InTree         0.0 dev=0.0 min=0.0 max=0.0
KnowDepth      -
Aborted        0%
Games/s        3246.8
Score          0.00
Sequence      
16be6 info: 
16be6 warning: **** MoHexSearch returned empty sequence!
16be6 warning: **** Returning random move!
16be6 info: *** Player move: e3
3fff6 info: DfpnSolver::CheckAbort(): Abort flag!
0ebd6 info: 
MID calls      49
VC builds      47
Terminal       0
Work           49
Wasted Work    0 (0%)
Elapsed Time   0.374575
MIDs/sec       130.815
VCs/sec        125.476
Cnt prune sib  0
Avg prune sib  -
Consider Size  74.2766 dev=14.8133 min=24 max=82
Move Index     -
Move Percent   -
Delta Increase 3.375 dev=11.9017 min=1 max=76
Winner         empty
PV             g5 h3 d4 f4

HashTableStatistics:
Stores         318
LookupAttempt  32754
LookupSuccess  1910
Collisions     0

0ebd6 info: Search aborted.
<= 
< 
<  5aad3bf7c492424e
<  a  b  c  d  e  f  g  h  i  j  k  
< 1\.  B  .  .  .  .  .  .  .  .  .\1
<  2\.  .  .  .  .  .  .  .  .  .  .\2
<   3\.  B  .  .  B  .  .  .  .  .  .\3
<    4\.  .  .  .  .  .  .  .  W  .  .\4
<     5\.  .  .  .  .  .  .  .  .  .  .\5
<      6\.  .  .  .  .  .  .  .  .  .  .\6
<       7\W  .  .  .  .  .  .  .  .  .  .\7
<        8\.  .  .  .  .  .  .  .  .  .  W\8
<         9\.  .  .  .  .  .  .  .  .  .  .\9
<         10\.  .  B  .  .  .  .  .  .  .  .\10
<          11\.  .  .  .  .  .  .  .  .  .  .\11
<              a  b  c  d  e  f  g  h  i  j  k  
<
>play w g2
<= 
<
>showboard
<= 
< 
<  c39fbd3eed18ca26
<  a  b  c  d  e  f  g  h  i  j  k  
< 1\.  B  .  .  .  .  .  .  .  .  .\1
<  2\.  .  .  .  .  .  W  .  .  .  .\2
<   3\.  B  .  .  B  .  .  .  .  .  .\3
<    4\.  .  .  .  .  .  .  .  W  .  .\4
<     5\.  .  .  .  .  .  .  .  .  .  .\5
<      6\.  .  .  .  .  .  .  .  .  .  .\6
<       7\W  .  .  .  .  .  .  .  .  .  .\7
<        8\.  .  .  .  .  .  .  .  .  .  W\8
<         9\.  .  .  .  .  .  .  .  .  .  .\9
<         10\.  .  B  .  .  .  .  .  .  .  .\10
<          11\.  .  .  .  .  .  .  .  .  .  .\11
<              a  b  c  d  e  f  g  h  i  j  k  
<
>genmove b
<= k3
<
>showboard
89947 info: PlayAndSolve: Building VCs to avoid race condition.
89947 info: PlayAndSolve: Continuing on as usual.
0ebd6 info: *** PlayerThread ***
16be6 info: *** SolverThread ***
0ebd6 info: Best move cannot be determined, must search state.
0ebd6 info: --- MoHexPlayer::Search() ---
0ebd6 info: Color: black
0ebd6 info: MaxGames: 1
0ebd6 info: NumberThreads: 1
0ebd6 info: MaxNodes: 181818181 (15999999928 bytes)
0ebd6 info: TimeForMove: 1
0ebd6 info: PreSearch: max time reached (52/78).
0ebd6 info: Time for PreSearch: 0.201711s
0ebd6 info: 
  c39fbd3eed18ca26
  a  b  c  d  e  f  g  h  i  j  k  
 1\b  B  b  .  .  .  .  .  .  .  .\1
  2\w  .  .  .  *  .  W  *  *  *  *\2
   3\w  B  .  .  B  *  *  *  *  *  *\3
    4\.  *  *  *  *  *  *  *  W  *  *\4
     5\*  *  *  *  *  *  *  *  *  *  *\5
      6\.  *  *  *  *  *  *  *  *  *  *\6
       7\W  *  *  *  *  *  *  *  *  *  .\7
        8\.  *  *  *  *  *  *  *  *  *  W\8
         9\*  *  *  *  *  *  *  *  *  *  .\9
         10\*  .  B  .  *  *  *  *  *  .  .\10
          11\.  b  b  b  .  .  .  .  .  .  .\11
              a  b  c  d  e  f  g  h  i  j  k  
0ebd6 info: Old: [black, b3] [white, swap-pieces] [white, a7] [black, b1] [white, i4] [black, c10] [white, k8] 
0ebd6 info: New: [black, b3] [white, swap-pieces] [white, a7] [black, b1] [white, i4] [black, c10] [white, k8] [black, e3] [white, g2] 
0ebd6 info: MovesPlayed: [black, e3] [white, g2] 
0ebd6 info: No subtree to reuse.
0ebd6 info: StartSearch()[0]
SgUctSearch: max games reached
0ebd6 info: 
Elapsed Time   0.348055s
Count          1
GamesPlayed    1
Nodes          1
Knowledge      0 (0.0%)
Expansions     0.0
Time           0.00
GameLen        106.0 dev=0.0 min=106.0 max=106.0
InTree         0.0 dev=0.0 min=0.0 max=0.0
KnowDepth      -
Aborted        0%
Games/s        3344.5
Score          0.00
Sequence      
0ebd6 info: 
0ebd6 warning: **** MoHexSearch returned empty sequence!
0ebd6 warning: **** Returning random move!
0ebd6 info: *** Player move: k3
3fff6 info: DfpnSolver::CheckAbort(): Abort flag!
16be6 info: 
MID calls      50
VC builds      47
Terminal       0
Work           50
Wasted Work    0 (0%)
Elapsed Time   0.357356
MIDs/sec       139.916
VCs/sec        131.522
Cnt prune sib  1
Avg prune sib  1 dev=0 min=1 max=1
Consider Size  62.6596 dev=20.9165 min=13 max=78
Move Index     -
Move Percent   -
Delta Increase 2.83674 dev=7.83073 min=1 max=45
Winner         empty
PV             e7 d6 f5

HashTableStatistics:
Stores         440
LookupAttempt  42626
LookupSuccess  2537
Collisions     0

16be6 info: Search aborted.
<= 
< 
<  80c2a9131d77a02e
<  a  b  c  d  e  f  g  h  i  j  k  
< 1\.  B  .  .  .  .  .  .  .  .  .\1
<  2\.  .  .  .  .  .  W  .  .  .  .\2
<   3\.  B  .  .  B  .  .  .  .  .  B\3
<    4\.  .  .  .  .  .  .  .  W  .  .\4
<     5\.  .  .  .  .  .  .  .  .  .  .\5
<      6\.  .  .  .  .  .  .  .  .  .  .\6
<       7\W  .  .  .  .  .  .  .  .  .  .\7
<        8\.  .  .  .  .  .  .  .  .  .  W\8
<         9\.  .  .  .  .  .  .  .  .  .  .\9
<         10\.  .  B  .  .  .  .  .  .  .  .\10
<          11\.  .  .  .  .  .  .  .  .  .  .\11
<              a  b  c  d  e  f  g  h  i  j  k  
<
>play w b8
<= 
<
>showboard
<= 
< 
<  043206cb0e91a083
<  a  b  c  d  e  f  g  h  i  j  k  
< 1\.  B  .  .  .  .  .  .  .  .  .\1
<  2\.  .  .  .  .  .  W  .  .  .  .\2
<   3\.  B  .  .  B  .  .  .  .  .  B\3
<    4\.  .  .  .  .  .  .  .  W  .  .\4
<     5\.  .  .  .  .  .  .  .  .  .  .\5
<      6\.  .  .  .  .  .  .  .  .  .  .\6
<       7\W  .  .  .  .  .  .  .  .  .  .\7
<        8\.  W  .  .  .  .  .  .  .  .  W\8
<         9\.  .  .  .  .  .  .  .  .  .  .\9
<         10\.  .  B  .  .  .  .  .  .  .  .\10
<          11\.  .  .  .  .  .  .  .  .  .  .\11
<              a  b  c  d  e  f  g  h  i  j  k  
<
>genmove b
<= g11
<
>showboard
89947 info: PlayAndSolve: Building VCs to avoid race condition.
89947 info: PlayAndSolve: Continuing on as usual.
16be6 info: *** PlayerThread ***
0ebd6 info: *** SolverThread ***
16be6 info: Best move cannot be determined, must search state.
16be6 info: --- MoHexPlayer::Search() ---
16be6 info: Color: black
16be6 info: MaxGames: 1
16be6 info: NumberThreads: 1
16be6 info: MaxNodes: 181818181 (15999999928 bytes)
16be6 info: TimeForMove: 1
16be6 info: PreSearch: max time reached (61/68).
16be6 info: Time for PreSearch: 0.202672s
16be6 info: 
  043206cb0e91a083
  a  b  c  d  e  f  g  h  i  j  k  
 1\b  B  b  .  .  .  .  .  .  .  .\1
  2\w  .  .  .  *  .  W  *  *  *  .\2
   3\w  B  .  .  B  *  *  *  *  .  B\3
    4\.  *  *  *  *  *  *  *  W  .  .\4
     5\*  *  *  *  *  *  *  *  *  *  *\5
      6\.  *  *  *  *  *  *  *  *  *  *\6
       7\W  .  *  *  *  *  *  *  *  *  .\7
        8\w  W  *  *  *  *  *  *  *  *  W\8
         9\w  w  *  *  *  *  *  *  *  *  .\9
         10\w  w  B  .  .  *  *  *  *  .  .\10
          11\w  b  b  b  .  .  .  .  .  .  .\11
              a  b  c  d  e  f  g  h  i  j  k  
16be6 info: Old: [black, b3] [white, swap-pieces] [white, a7] [black, b1] [white, i4] [black, c10] [white, k8] [black, e3] [white, g2] 
16be6 info: New: [black, b3] [white, swap-pieces] [white, a7] [black, b1] [white, i4] [black, c10] [white, k8] [black, e3] [white, g2] [black, k3] [white, b8] 
16be6 info: MovesPlayed: [black, k3] [white, b8] 
16be6 info: No subtree to reuse.
16be6 info: StartSearch()[0]
SgUctSearch: max games reached
16be6 info: 
Elapsed Time   0.351913s
Count          1
GamesPlayed    1
Nodes          1
Knowledge      0 (0.0%)
Expansions     0.0
Time           0.00
GameLen        98.0 dev=0.0 min=98.0 max=98.0
InTree         0.0 dev=0.0 min=0.0 max=0.0
KnowDepth      -
Aborted        0%
Games/s        3246.8
Score          1.00
Sequence      
16be6 info: 
16be6 warning: **** MoHexSearch returned empty sequence!
16be6 warning: **** Returning random move!
16be6 info: *** Player move: g11
3fff6 info: DfpnSolver::CheckAbort(): Abort flag!
0ebd6 info: 
MID calls      69
VC builds      65
Terminal       0
Work           69
Wasted Work    0 (0%)
Elapsed Time   0.36303
MIDs/sec       190.067
VCs/sec        179.049
Cnt prune sib  3
Avg prune sib  1 dev=0 min=1 max=1
Consider Size  60 dev=13.8119 min=26 max=74
Move Index     -
Move Percent   -
Delta Increase 3.29412 dev=9.78453 min=1 max=63
Winner         empty
PV             d6 d8 g5 f7

HashTableStatistics:
Stores         596
LookupAttempt  51879
LookupSuccess  3051
Collisions     0

0ebd6 info: Search aborted.
<= 
< 
<  5f11e3b4ec284e02
<  a  b  c  d  e  f  g  h  i  j  k  
< 1\.  B  .  .  .  .  .  .  .  .  .\1
<  2\.  .  .  .  .  .  W  .  .  .  .\2
<   3\.  B  .  .  B  .  .  .  .  .  B\3
<    4\.  .  .  .  .  .  .  .  W  .  .\4
<     5\.  .  .  .  .  .  .  .  .  .  .\5
<      6\.  .  .  .  .  .  .  .  .  .  .\6
<       7\W  .  .  .  .  .  .  .  .  .  .\7
<        8\.  W  .  .  .  .  .  .  .  .  W\8
<         9\.  .  .  .  .  .  .  .  .  .  .\9
<         10\.  .  B  .  .  .  .  .  .  .  .\10
<          11\.  .  .  .  .  .  B  .  .  .  .\11
<              a  b  c  d  e  f  g  h  i  j  k  
<
>play w f4
<= 
<
>showboard
<= 
< 
<  5322faf2d6eb62a1
<  a  b  c  d  e  f  g  h  i  j  k  
< 1\.  B  .  .  .  .  .  .  .  .  .\1
<  2\.  .  .  .  .  .  W  .  .  .  .\2
<   3\.  B  .  .  B  .  .  .  .  .  B\3
<    4\.  .  .  .  .  W  .  .  W  .  .\4
<     5\.  .  .  .  .  .  .  .  .  .  .\5
<      6\.  .  .  .  .  .  .  .  .  .  .\6
<       7\W  .  .  .  .  .  .  .  .  .  .\7
<        8\.  W  .  .  .  .  .  .  .  .  W\8
<         9\.  .  .  .  .  .  .  .  .  .  .\9
<         10\.  .  B  .  .  .  .  .  .  .  .\10
<          11\.  .  .  .  .  .  B  .  .  .  .\11
<              a  b  c  d  e  f  g  h  i  j  k  
<
>genmove b
<= k4
<
>showboard
89947 info: PlayAndSolve: Building VCs to avoid race condition.
89947 info: PlayAndSolve: Continuing on as usual.
0ebd6 info: *** PlayerThread ***
16be6 info: *** SolverThread ***
0ebd6 info: Best move cannot be determined, must search state.
0ebd6 info: --- MoHexPlayer::Search() ---
0ebd6 info: Color: black
0ebd6 info: MaxGames: 1
0ebd6 info: NumberThreads: 1
0ebd6 info: MaxNodes: 181818181 (15999999928 bytes)
0ebd6 info: TimeForMove: 1
0ebd6 info: Time for PreSearch: 0.19553s
0ebd6 info: 
  5322faf2d6eb62a1
  a  b  c  d  e  f  g  h  i  j  k  
 1\b  B  b  .  .  .  .  .  .  .  .\1
  2\w  .  .  *  .  .  W  *  *  *  .\2
   3\w  B  .  .  B  .  *  *  *  .  B\3
    4\.  *  *  *  *  W  *  *  W  .  .\4
     5\*  *  *  *  *  *  *  *  *  *  *\5
      6\.  *  *  *  *  *  *  *  *  *  *\6
       7\W  .  *  *  *  *  *  *  *  *  .\7
        8\w  W  *  *  *  *  *  *  *  *  W\8
         9\w  w  *  *  *  *  *  *  *  *  .\9
         10\w  w  B  .  .  .  .  *  .  .  .\10
          11\w  b  b  b  b  b  B  .  .  .  .\11
              a  b  c  d  e  f  g  h  i  j  k  
0ebd6 info: Old: [black, b3] [white, swap-pieces] [white, a7] [black, b1] [white, i4] [black, c10] [white, k8] [black, e3] [white, g2] [black, k3] [white, b8] 
0ebd6 info: New: [black, b3] [white, swap-pieces] [white, a7] [black, b1] [white, i4] [black, c10] [white, k8] [black, e3] [white, g2] [black, k3] [white, b8] [black, g11] [white, f4] 
0ebd6 info: MovesPlayed: [black, g11] [white, f4] 
0ebd6 info: No subtree to reuse.
0ebd6 info: StartSearch()[0]
SgUctSearch: max games reached
0ebd6 info: 
Elapsed Time   0.362931s
Count          1
GamesPlayed    1
Nodes          1
Knowledge      0 (0.0%)
Expansions     0.0
Time           0.00
GameLen        94.0 dev=0.0 min=94.0 max=94.0
InTree         0.0 dev=0.0 min=0.0 max=0.0
KnowDepth      -
Aborted        0%
Games/s        3125.0
Score          0.00
Sequence      
0ebd6 info: 
0ebd6 warning: **** MoHexSearch returned empty sequence!
0ebd6 warning: **** Returning random move!
0ebd6 info: *** Player move: k4
3fff6 info: DfpnSolver::CheckAbort(): Abort flag!
16be6 info: 
MID calls      67
VC builds      64
Terminal       0
Work           67
Wasted Work    0 (0%)
Elapsed Time   0.372272
MIDs/sec       179.976
VCs/sec        171.917
Cnt prune sib  2
Avg prune sib  1.5 dev=0.5 min=1 max=2
Consider Size  50.5781 dev=17.7172 min=7 max=66
Move Index     -
Move Percent   -
Delta Increase 2.75758 dev=9.6892 min=1 max=60
Winner         empty
PV             h3 h4 d5

HashTableStatistics:
Stores         748
LookupAttempt  59831
LookupSuccess  3519
Collisions     0

16be6 info: Search aborted.
<= 
< 
<  da4b5cf174c7056b
<  a  b  c  d  e  f  g  h  i  j  k  
< 1\.  B  .  .  .  .  .  .  .  .  .\1
<  2\.  .  .  .  .  .  W  .  .  .  .\2
<   3\.  B  .  .  B  .  .  .  .  .  B\3
<    4\.  .  .  .  .  W  .  .  W  .  B\4
<     5\.  .  .  .  .  .  .  .  .  .  .\5
<      6\.  .  .  .  .  .  .  .  .  .  .\6
<       7\W  .  .  .  .  .  .  .  .  .  .\7
<        8\.  W  .  .  .  .  .  .  .  .  W\8
<         9\.  .  .  .  .  .  .  .  .  .  .\9
<         10\.  .  B  .  .  .  .  .  .  .  .\10
<          11\.  .  .  .  .  .  B  .  .  .  .\11
<              a  b  c  d  e  f  g  h  i  j  k  
<
>play w j2
<= 
<
>showboard
<= 
< 
<  682dc2c8de75c02d
<  a  b  c  d  e  f  g  h  i  j  k  
< 1\.  B  .  .  .  .  .  .  .  .  .\1
<  2\.  .  .  .  .  .  W  .  .  W  .\2
<   3\.  B  .  .  B  .  .  .  .  .  B\3
<    4\.  .  .  .  .  W  .  .  W  .  B\4
<     5\.  .  .  .  .  .  .  .  .  .  .\5
<      6\.  .  .  .  .  .  .  .  .  .  .\6
<       7\W  .  .  .  .  .  .  .  .  .  .\7
<        8\.  W  .  .  .  .  .  .  .  .  W\8
<         9\.  .  .  .  .  .  .  .  .  .  .\9
<         10\.  .  B  .  .  .  .  .  .  .  .\10
<          11\.  .  .  .  .  .  B  .  .  .  .\11
<              a  b  c  d  e  f  g  h  i  j  k  
<
>genmove b
<= i3
<
>showboard
89947 info: PlayAndSolve: Building VCs to avoid race condition.
89947 info: PlayAndSolve: Continuing on as usual.
16be6 info: *** PlayerThread ***
0ebd6 info: *** SolverThread ***
16be6 info: Best move cannot be determined, must search state.
16be6 info: --- MoHexPlayer::Search() ---
16be6 info: Color: black
16be6 info: MaxGames: 1
16be6 info: NumberThreads: 1
16be6 info: MaxNodes: 181818181 (15999999928 bytes)
16be6 info: TimeForMove: 1
16be6 info: Time for PreSearch: 0.023836s
16be6 info: 
  682dc2c8de75c02d
  a  b  c  d  e  f  g  h  i  j  k  
 1\b  B  b  .  .  .  .  .  .  .  w\1
  2\w  .  .  .  .  .  W  *  *  W  w\2
   3\w  B  .  .  B  .  *  .  .  .  B\3
    4\.  .  .  .  .  W  *  *  W  .  B\4
     5\.  .  .  .  *  .  .  .  .  .  .\5
      6\.  *  *  .  .  .  .  .  .  .  .\6
       7\W  .  *  .  .  .  .  .  .  .  .\7
        8\w  W  .  .  .  .  .  .  .  .  W\8
         9\w  w  .  .  .  .  .  .  .  .  .\9
         10\w  w  B  .  .  .  .  .  .  .  .\10
          11\w  b  b  b  b  b  B  .  .  .  .\11
              a  b  c  d  e  f  g  h  i  j  k  
16be6 info: Old: [black, b3] [white, swap-pieces] [white, a7] [black, b1] [white, i4] [black, c10] [white, k8] [black, e3] [white, g2] [black, k3] [white, b8] [black, g11] [white, f4] 
16be6 info: New: [black, b3] [white, swap-pieces] [white, a7] [black, b1] [white, i4] [black, c10] [white, k8] [black, e3] [white, g2] [black, k3] [white, b8] [black, g11] [white, f4] [black, k4] [white, j2] 
16be6 info: MovesPlayed: [black, k4] [white, j2] 
16be6 info: No subtree to reuse.
16be6 info: StartSearch()[0]
SgUctSearch: max games reached
16be6 info: 
Elapsed Time   0.176294s
Count          1
GamesPlayed    1
Nodes          1
Knowledge      0 (0.0%)
Expansions     0.0
Time           0.00
GameLen        90.0 dev=0.0 min=90.0 max=90.0
InTree         0.0 dev=0.0 min=0.0 max=0.0
KnowDepth      -
Aborted        0%
Games/s        2915.5
Score          0.00
Sequence      
16be6 info: 
16be6 warning: **** MoHexSearch returned empty sequence!
16be6 warning: **** Returning random move!
16be6 info: *** Player move: i3
3fff6 info: DfpnSolver::CheckAbort(): Abort flag!
0ebd6 info: 
MID calls      39
VC builds      35
Terminal       3
Work           42
Wasted Work    14 (33.3333%)
Elapsed Time   0.189712
MIDs/sec       205.575
VCs/sec        184.49
Cnt prune sib  0
Avg prune sib  -
Consider Size  28.1562 dev=26.4092 min=1 max=61
Move Index     0.75 dev=1.29904 min=0 max=3
Move Percent   0.0122951 dev=0.0212957 min=0 max=0.0491803
Delta Increase 11.2353 dev=29.5247 min=1 max=117
Winner         empty
PV             h4 d8 f5 i2 f7

HashTableStatistics:
Stores         836
LookupAttempt  61520
LookupSuccess  3672
Collisions     0

0ebd6 info: Search aborted.
<= 
< 
<  b4f9b05501644357
<  a  b  c  d  e  f  g  h  i  j  k  
< 1\.  B  .  .  .  .  .  .  .  .  .\1
<  2\.  .  .  .  .  .  W  .  .  W  .\2
<   3\.  B  .  .  B  .  .  .  B  .  B\3
<    4\.  .  .  .  .  W  .  .  W  .  B\4
<     5\.  .  .  .  .  .  .  .  .  .  .\5
<      6\.  .  .  .  .  .  .  .  .  .  .\6
<       7\W  .  .  .  .  .  .  .  .  .  .\7
<        8\.  W  .  .  .  .  .  .  .  .  W\8
<         9\.  .  .  .  .  .  .  .  .  .  .\9
<         10\.  .  B  .  .  .  .  .  .  .  .\10
<          11\.  .  .  .  .  .  B  .  .  .  .\11
<              a  b  c  d  e  f  g  h  i  j  k  
<
>play w d5
<= 
<
>showboard
<= 
< 
<  c8335b0790a18b0e
<  a  b  c  d  e  f  g  h  i  j  k  
< 1\.  B  .  .  .  .  .  .  .  .  .\1
<  2\.  .  .  .  .  .  W  .  .  W  .\2
<   3\.  B  .  .  B  .  .  .  B  .  B\3
<    4\.  .  .  .  .  W  .  .  W  .  B\4
<     5\.  .  .  W  .  .  .  .  .  .  .\5
<      6\.  .  .  .  .  .  .  .  .  .  .\6
<       7\W  .  .  .  .  .  .  .  .  .  .\7
<        8\.  W  .  .  .  .  .  .  .  .  W\8
<         9\.  .  .  .  .  .  .  .  .  .  .\9
<         10\.  .  B  .  .  .  .  .  .  .  .\10
<          11\.  .  .  .  .  .  B  .  .  .  .\11
<              a  b  c  d  e  f  g  h  i  j  k  
<
>genmove b
<= b6
<
>showboard
89947 info: PlayAndSolve: Building VCs to avoid race condition.
89947 info: PlayAndSolve: Continuing on as usual.
0ebd6 info: *** PlayerThread ***
16be6 info: *** SolverThread ***
0ebd6 info: Opponent has won; playing most blocking move.
0ebd6 info: *** Player move: b6
16be6 info: 
MID calls      0
VC builds      1
Terminal       1
Work           1
Wasted Work    0 (0%)
Elapsed Time   0.008902
MIDs/sec       0
VCs/sec        112.334
Cnt prune sib  0
Avg prune sib  -
Consider Size  -
Move Index     -
Move Percent   -
Delta Increase -
Winner         white
PV             

HashTableStatistics:
Stores         837
LookupAttempt  61526
LookupSuccess  3675
Collisions     0

<= 
< 
<  8ec5cd11d3480195
<  a  b  c  d  e  f  g  h  i  j  k  
< 1\.  B  .  .  .  .  .  .  .  .  .\1
<  2\.  .  .  .  .  .  W  .  .  W  .\2
<   3\.  B  .  .  B  .  .  .  B  .  B\3
<    4\.  .  .  .  .  W  .  .  W  .  B\4
<     5\.  .  .  W  .  .  .  .  .  .  .\5
<      6\.  B  .  .  .  .  .  .  .  .  .\6
<       7\W  .  .  .  .  .  .  .  .  .  .\7
<        8\.  W  .  .  .  .  .  .  .  .  W\8
<         9\.  .  .  .  .  .  .  .  .  .  .\9
<         10\.  .  B  .  .  .  .  .  .  .  .\10
<          11\.  .  .  .  .  .  B  .  .  .  .\11
<              a  b  c  d  e  f  g  h  i  j  k  
<
>play w c6
<= 
<
>showboard
<= 
< 
<  cb8728283a9a5ad5
<  a  b  c  d  e  f  g  h  i  j  k  
< 1\.  B  .  .  .  .  .  .  .  .  .\1
<  2\.  .  .  .  .  .  W  .  .  W  .\2
<   3\.  B  .  .  B  .  .  .  B  .  B\3
<    4\.  .  .  .  .  W  .  .  W  .  B\4
<     5\.  .  .  W  .  .  .  .  .  .  .\5
<      6\.  B  W  .  .  .  .  .  .  .  .\6
<       7\W  .  .  .  .  .  .  .  .  .  .\7
<        8\.  W  .  .  .  .  .  .  .  .  W\8
<         9\.  .  .  .  .  .  .  .  .  .  .\9
<         10\.  .  B  .  .  .  .  .  .  .  .\10
<          11\.  .  .  .  .  .  B  .  .  .  .\11
<              a  b  c  d  e  f  g  h  i  j  k  
<
>genmove b
<= b7
<
>showboard
89947 info: PlayAndSolve: Building VCs to avoid race condition.
89947 info: PlayAndSolve: Continuing on as usual.
0ebd6 info: *** SolverThread ***
16be6 info: *** PlayerThread ***
16be6 info: Opponent has won; playing most blocking move.
16be6 info: *** Player move: b7
0ebd6 info: 
MID calls      0
VC builds      1
Terminal       1
Work           1
Wasted Work    0 (0%)
Elapsed Time   0.005642
MIDs/sec       0
VCs/sec        177.242
Cnt prune sib  0
Avg prune sib  -
Consider Size  -
Move Index     -
Move Percent   -
Delta Increase -
Winner         white
PV             

HashTableStatistics:
Stores         838
LookupAttempt  61532
LookupSuccess  3678
Collisions     0

<= 
< 
<  1eba4e48f98494f4
<  a  b  c  d  e  f  g  h  i  j  k  
< 1\.  B  .  .  .  .  .  .  .  .  .\1
<  2\.  .  .  .  .  .  W  .  .  W  .\2
<   3\.  B  .  .  B  .  .  .  B  .  B\3
<    4\.  .  .  .  .  W  .  .  W  .  B\4
<     5\.  .  .  W  .  .  .  .  .  .  .\5
<      6\.  B  W  .  .  .  .  .  .  .  .\6
<       7\W  B  .  .  .  .  .  .  .  .  .\7
<        8\.  W  .  .  .  .  .  .  .  .  W\8
<         9\.  .  .  .  .  .  .  .  .  .  .\9
<         10\.  .  B  .  .  .  .  .  .  .  .\10
<          11\.  .  .  .  .  .  B  .  .  .  .\11
<              a  b  c  d  e  f  g  h  i  j  k  
<
>play w c7
<= 
<
>showboard
<= 
< 
<  9fc3fab762c88e81
<  a  b  c  d  e  f  g  h  i  j  k  
< 1\.  B  .  .  .  .  .  .  .  .  .\1
<  2\.  .  .  .  .  .  W  .  .  W  .\2
<   3\.  B  .  .  B  .  .  .  B  .  B\3
<    4\.  .  .  .  .  W  .  .  W  .  B\4
<     5\.  .  .  W  .  .  .  .  .  .  .\5
<      6\.  B  W  .  .  .  .  .  .  .  .\6
<       7\W  B  W  .  .  .  .  .  .  .  .\7
<        8\.  W  .  .  .  .  .  .  .  .  W\8
<         9\.  .  .  .  .  .  .  .  .  .  .\9
<         10\.  .  B  .  .  .  .  .  .  .  .\10
<          11\.  .  .  .  .  .  B  .  .  .  .\11
<              a  b  c  d  e  f  g  h  i  j  k  
<
>genmove b
<= e5
<
>showboard
89947 info: PlayAndSolve: Building VCs to avoid race condition.
89947 info: PlayAndSolve: Continuing on as usual.
0ebd6 info: *** PlayerThread ***
16be6 info: *** SolverThread ***
0ebd6 info: Opponent has won; playing most blocking move.
0ebd6 info: *** Player move: e5
16be6 info: 
MID calls      0
VC builds      1
Terminal       1
Work           1
Wasted Work    0 (0%)
Elapsed Time   0.006181
MIDs/sec       0
VCs/sec        161.786
Cnt prune sib  0
Avg prune sib  -
Consider Size  -
Move Index     -
Move Percent   -
Delta Increase -
Winner         white
PV             

HashTableStatistics:
Stores         839
LookupAttempt  61538
LookupSuccess  3681
Collisions     0

<= 
< 
<  033714aecbafe323
<  a  b  c  d  e  f  g  h  i  j  k  
< 1\.  B  .  .  .  .  .  .  .  .  .\1
<  2\.  .  .  .  .  .  W  .  .  W  .\2
<   3\.  B  .  .  B  .  .  .  B  .  B\3
<    4\.  .  .  .  .  W  .  .  W  .  B\4
<     5\.  .  .  W  B  .  .  .  .  .  .\5
<      6\.  B  W  .  .  .  .  .  .  .  .\6
<       7\W  B  W  .  .  .  .  .  .  .  .\7
<        8\.  W  .  .  .  .  .  .  .  .  W\8
<         9\.  .  .  .  .  .  .  .  .  .  .\9
<         10\.  .  B  .  .  .  .  .  .  .  .\10
<          11\.  .  .  .  .  .  B  .  .  .  .\11
<              a  b  c  d  e  f  g  h  i  j  k  
<
>play w e4
<= 
<
>showboard
<= 
< 
<  4a13a3ea17cedee0
<  a  b  c  d  e  f  g  h  i  j  k  
< 1\.  B  .  .  .  .  .  .  .  .  .\1
<  2\.  .  .  .  .  .  W  .  .  W  .\2
<   3\.  B  .  .  B  .  .  .  B  .  B\3
<    4\.  .  .  .  W  W  .  .  W  .  B\4
<     5\.  .  .  W  B  .  .  .  .  .  .\5
<      6\.  B  W  .  .  .  .  .  .  .  .\6
<       7\W  B  W  .  .  .  .  .  .  .  .\7
<        8\.  W  .  .  .  .  .  .  .  .  W\8
<         9\.  .  .  .  .  .  .  .  .  .  .\9
<         10\.  .  B  .  .  .  .  .  .  .  .\10
<          11\.  .  .  .  .  .  B  .  .  .  .\11
<              a  b  c  d  e  f  g  h  i  j  k  
<
>genmove b
<= i2
<
>showboard
89947 info: PlayAndSolve: Building VCs to avoid race condition.
89947 info: PlayAndSolve: Continuing on as usual.
16be6 info: *** PlayerThread ***
0ebd6 info: *** SolverThread ***
16be6 info: Opponent has won; playing most blocking move.
16be6 info: *** Player move: i2
0ebd6 info: 
MID calls      0
VC builds      1
Terminal       1
Work           1
Wasted Work    0 (0%)
Elapsed Time   0.005433
MIDs/sec       0
VCs/sec        184.06
Cnt prune sib  0
Avg prune sib  -
Consider Size  -
Move Index     -
Move Percent   -
Delta Increase -
Winner         white
PV             

HashTableStatistics:
Stores         840
LookupAttempt  61544
LookupSuccess  3684
Collisions     0

<= 
< 
<  fa4cf856534fc9b2
<  a  b  c  d  e  f  g  h  i  j  k  
< 1\.  B  .  .  .  .  .  .  .  .  .\1
<  2\.  .  .  .  .  .  W  .  B  W  .\2
<   3\.  B  .  .  B  .  .  .  B  .  B\3
<    4\.  .  .  .  W  W  .  .  W  .  B\4
<     5\.  .  .  W  B  .  .  .  .  .  .\5
<      6\.  B  W  .  .  .  .  .  .  .  .\6
<       7\W  B  W  .  .  .  .  .  .  .  .\7
<        8\.  W  .  .  .  .  .  .  .  .  W\8
<         9\.  .  .  .  .  .  .  .  .  .  .\9
<         10\.  .  B  .  .  .  .  .  .  .  .\10
<          11\.  .  .  .  .  .  B  .  .  .  .\11
<              a  b  c  d  e  f  g  h  i  j  k  
<
>play w g5
<= 
<
>showboard
<= 
< 
<  f2204cea7f6aa06b
<  a  b  c  d  e  f  g  h  i  j  k  
< 1\.  B  .  .  .  .  .  .  .  .  .\1
<  2\.  .  .  .  .  .  W  .  B  W  .\2
<   3\.  B  .  .  B  .  .  .  B  .  B\3
<    4\.  .  .  .  W  W  .  .  W  .  B\4
<     5\.  .  .  W  B  .  W  .  .  .  .\5
<      6\.  B  W  .  .  .  .  .  .  .  .\6
<       7\W  B  W  .  .  .  .  .  .  .  .\7
<        8\.  W  .  .  .  .  .  .  .  .  W\8
<         9\.  .  .  .  .  .  .  .  .  .  .\9
<         10\.  .  B  .  .  .  .  .  .  .  .\10
<          11\.  .  .  .  .  .  B  .  .  .  .\11
<              a  b  c  d  e  f  g  h  i  j  k  
<
>genmove b
<= h4
<
>showboard
89947 info: PlayAndSolve: Building VCs to avoid race condition.
89947 info: PlayAndSolve: Continuing on as usual.
0ebd6 info: *** PlayerThread ***
16be6 info: *** SolverThread ***
0ebd6 info: Opponent has won; playing most blocking move.
0ebd6 info: *** Player move: h4
16be6 info: 
MID calls      0
VC builds      1
Terminal       1
Work           1
Wasted Work    0 (0%)
Elapsed Time   0.005345
MIDs/sec       0
VCs/sec        187.091
Cnt prune sib  0
Avg prune sib  -
Consider Size  -
Move Index     -
Move Percent   -
Delta Increase -
Winner         white
PV             

HashTableStatistics:
Stores         841
LookupAttempt  61550
LookupSuccess  3687
Collisions     0

<= 
< 
<  7b99dccc02589cba
<  a  b  c  d  e  f  g  h  i  j  k  
< 1\.  B  .  .  .  .  .  .  .  .  .\1
<  2\.  .  .  .  .  .  W  .  B  W  .\2
<   3\.  B  .  .  B  .  .  .  B  .  B\3
<    4\.  .  .  .  W  W  .  B  W  .  B\4
<     5\.  .  .  W  B  .  W  .  .  .  .\5
<      6\.  B  W  .  .  .  .  .  .  .  .\6
<       7\W  B  W  .  .  .  .  .  .  .  .\7
<        8\.  W  .  .  .  .  .  .  .  .  W\8
<         9\.  .  .  .  .  .  .  .  .  .  .\9
<         10\.  .  B  .  .  .  .  .  .  .  .\10
<          11\.  .  .  .  .  .  B  .  .  .  .\11
<              a  b  c  d  e  f  g  h  i  j  k  
<
>play w h5
<= 
<
>showboard
<= 
< 
<  66915c03e4b0e762
<  a  b  c  d  e  f  g  h  i  j  k  
< 1\.  B  .  .  .  .  .  .  .  .  .\1
<  2\.  .  .  .  .  .  W  .  B  W  .\2
<   3\.  B  .  .  B  .  .  .  B  .  B\3
<    4\.  .  .  .  W  W  .  B  W  .  B\4
<     5\.  .  .  W  B  .  W  W  .  .  .\5
<      6\.  B  W  .  .  .  .  .  .  .  .\6
<       7\W  B  W  .  .  .  .  .  .  .  .\7
<        8\.  W  .  .  .  .  .  .  .  .  W\8
<         9\.  .  .  .  .  .  .  .  .  .  .\9
<         10\.  .  B  .  .  .  .  .  .  .  .\10
<          11\.  .  .  .  .  .  B  .  .  .  .\11
<              a  b  c  d  e  f  g  h  i  j  k  
<
>genmove b
<= j3
<
>showboard
89947 info: PlayAndSolve: Building VCs to avoid race condition.
89947 info: PlayAndSolve: Continuing on as usual.
16be6 info: *** PlayerThread ***
0ebd6 info: *** SolverThread ***
16be6 info: Opponent has won; playing most blocking move.
16be6 info: *** Player move: j3
0ebd6 info: 
MID calls      0
VC builds      1
Terminal       1
Work           1
Wasted Work    0 (0%)
Elapsed Time   0.003824
MIDs/sec       0
VCs/sec        261.506
Cnt prune sib  0
Avg prune sib  -
Consider Size  -
Move Index     -
Move Percent   -
Delta Increase -
Winner         white
PV             

HashTableStatistics:
Stores         842
LookupAttempt  61556
LookupSuccess  3690
Collisions     0

<= 
< 
<  4c4c24334b764fd5
<  a  b  c  d  e  f  g  h  i  j  k  
< 1\.  B  .  .  .  .  .  .  .  .  .\1
<  2\.  .  .  .  .  .  W  .  B  W  .\2
<   3\.  B  .  .  B  .  .  .  B  B  B\3
<    4\.  .  .  .  W  W  .  B  W  .  B\4
<     5\.  .  .  W  B  .  W  W  .  .  .\5
<      6\.  B  W  .  .  .  .  .  .  .  .\6
<       7\W  B  W  .  .  .  .  .  .  .  .\7
<        8\.  W  .  .  .  .  .  .  .  .  W\8
<         9\.  .  .  .  .  .  .  .  .  .  .\9
<         10\.  .  B  .  .  .  .  .  .  .  .\10
<          11\.  .  .  .  .  .  B  .  .  .  .\11
<              a  b  c  d  e  f  g  h  i  j  k  
<
>play w j5
<= 
<
>showboard
<= 
< 
<  4a6ab991f0b63062
<  a  b  c  d  e  f  g  h  i  j  k  
< 1\.  B  .  .  .  .  .  .  .  .  .\1
<  2\.  .  .  .  .  .  W  .  B  W  .\2
<   3\.  B  .  .  B  .  .  .  B  B  B\3
<    4\.  .  .  .  W  W  .  B  W  .  B\4
<     5\.  .  .  W  B  .  W  W  .  W  .\5
<      6\.  B  W  .  .  .  .  .  .  .  .\6
<       7\W  B  W  .  .  .  .  .  .  .  .\7
<        8\.  W  .  .  .  .  .  .  .  .  W\8
<         9\.  .  .  .  .  .  .  .  .  .  .\9
<         10\.  .  B  .  .  .  .  .  .  .  .\10
<          11\.  .  .  .  .  .  B  .  .  .  .\11
<              a  b  c  d  e  f  g  h  i  j  k  
<
>genmove b
<= j6
<
>showboard
89947 info: PlayAndSolve: Building VCs to avoid race condition.
89947 info: PlayAndSolve: Continuing on as usual.
0ebd6 info: *** PlayerThread ***
16be6 info: *** SolverThread ***
0ebd6 info: Opponent has won; playing most blocking move.
0ebd6 info: *** Player move: j6
16be6 info: 
MID calls      0
VC builds      1
Terminal       1
Work           1
Wasted Work    0 (0%)
Elapsed Time   0.006198
MIDs/sec       0
VCs/sec        161.342
Cnt prune sib  0
Avg prune sib  -
Consider Size  -
Move Index     -
Move Percent   -
Delta Increase -
Winner         white
PV             

HashTableStatistics:
Stores         843
LookupAttempt  61562
LookupSuccess  3693
Collisions     0

<= 
< 
<  594b20143227ecc3
<  a  b  c  d  e  f  g  h  i  j  k  
< 1\.  B  .  .  .  .  .  .  .  .  .\1
<  2\.  .  .  .  .  .  W  .  B  W  .\2
<   3\.  B  .  .  B  .  .  .  B  B  B\3
<    4\.  .  .  .  W  W  .  B  W  .  B\4
<     5\.  .  .  W  B  .  W  W  .  W  .\5
<      6\.  B  W  .  .  .  .  .  .  B  .\6
<       7\W  B  W  .  .  .  .  .  .  .  .\7
<        8\.  W  .  .  .  .  .  .  .  .  W\8
<         9\.  .  .  .  .  .  .  .  .  .  .\9
<         10\.  .  B  .  .  .  .  .  .  .  .\10
<          11\.  .  .  .  .  .  B  .  .  .  .\11
<              a  b  c  d  e  f  g  h  i  j  k  
<
>play w k5
<= 
<
>showboard
<= 
< 
<  f9041a6d8afbae44
<  a  b  c  d  e  f  g  h  i  j  k  
< 1\.  B  .  .  .  .  .  .  .  .  .\1
<  2\.  .  .  .  .  .  W  .  B  W  .\2
<   3\.  B  .  .  B  .  .  .  B  B  B\3
<    4\.  .  .  .  W  W  .  B  W  .  B\4
<     5\.  .  .  W  B  .  W  W  .  W  W\5
<      6\.  B  W  .  .  .  .  .  .  B  .\6
<       7\W  B  W  .  .  .  .  .  .  .  .\7
<        8\.  W  .  .  .  .  .  .  .  .  W\8
<         9\.  .  .  .  .  .  .  .  .  .  .\9
<         10\.  .  B  .  .  .  .  .  .  .  .\10
<          11\.  .  .  .  .  .  B  .  .  .  .\11
<              a  b  c  d  e  f  g  h  i  j  k  
<
>genmove b
<= f5
<
>showboard
89947 info: PlayAndSolve: Building VCs to avoid race condition.
89947 info: PlayAndSolve: Continuing on as usual.
16be6 info: *** PlayerThread ***
0ebd6 info: *** SolverThread ***
16be6 info: Opponent has won; playing most blocking move.
16be6 info: *** Player move: f5
0ebd6 info: 
MID calls      0
VC builds      1
Terminal       1
Work           1
Wasted Work    0 (0%)
Elapsed Time   0.003698
MIDs/sec       0
VCs/sec        270.416
Cnt prune sib  0
Avg prune sib  -
Consider Size  -
Move Index     -
Move Percent   -
Delta Increase -
Winner         white
PV             

HashTableStatistics:
Stores         844
LookupAttempt  61568
LookupSuccess  3696
Collisions     0

<= 
< 
<  1688731b3ce0f7bd
<  a  b  c  d  e  f  g  h  i  j  k  
< 1\.  B  .  .  .  .  .  .  .  .  .\1
<  2\.  .  .  .  .  .  W  .  B  W  .\2
<   3\.  B  .  .  B  .  .  .  B  B  B\3
<    4\.  .  .  .  W  W  .  B  W  .  B\4
<     5\.  .  .  W  B  B  W  W  .  W  W\5
<      6\.  B  W  .  .  .  .  .  .  B  .\6
<       7\W  B  W  .  .  .  .  .  .  .  .\7
<        8\.  W  .  .  .  .  .  .  .  .  W\8
<         9\.  .  .  .  .  .  .  .  .  .  .\9
<         10\.  .  B  .  .  .  .  .  .  .  .\10
<          11\.  .  .  .  .  .  B  .  .  .  .\11
<              a  b  c  d  e  f  g  h  i  j  k  
<
>play w g4
<= 
<
>showboard
<= 
< 
<  641cf8f5ec6d524a
<  a  b  c  d  e  f  g  h  i  j  k  
< 1\.  B  .  .  .  .  .  .  .  .  .\1
<  2\.  .  .  .  .  .  W  .  B  W  .\2
<   3\.  B  .  .  B  .  .  .  B  B  B\3
<    4\.  .  .  .  W  W  W  B  W  .  B\4
<     5\.  .  .  W  B  B  W  W  .  W  W\5
<      6\.  B  W  .  .  .  .  .  .  B  .\6
<       7\W  B  W  .  .  .  .  .  .  .  .\7
<        8\.  W  .  .  .  .  .  .  .  .  W\8
<         9\.  .  .  .  .  .  .  .  .  .  .\9
<         10\.  .  B  .  .  .  .  .  .  .  .\10
<          11\.  .  .  .  .  .  B  .  .  .  .\11
<              a  b  c  d  e  f  g  h  i  j  k  
<
>genmove b
<= a8
<
>showboard
89947 info: PlayAndSolve: Building VCs to avoid race condition.
89947 info: PlayAndSolve: Continuing on as usual.
0ebd6 info: *** PlayerThread ***
16be6 info: *** SolverThread ***
0ebd6 info: Captured cells caused win! Removing...
16be6 info: 
MID calls      0
VC builds      1
Terminal       1
Work           1
Wasted Work    0 (0%)
Elapsed Time   0.002417
MIDs/sec       0
VCs/sec        413.736
Cnt prune sib  0
Avg prune sib  -
Consider Size  -
Move Index     -
Move Percent   -
Delta Increase -
Winner         white
PV             

HashTableStatistics:
Stores         845
LookupAttempt  61574
LookupSuccess  3699
Collisions     0

0ebd6 info: Opponent has won; playing most blocking move.
0ebd6 info: *** Player move: a8
<= 
< 
<  18cc730ba64aac0a
<  a  b  c  d  e  f  g  h  i  j  k  
< 1\.  B  .  .  .  .  .  .  .  .  .\1
<  2\.  .  .  .  .  .  W  .  B  W  .\2
<   3\.  B  .  .  B  .  .  .  B  B  B\3
<    4\.  .  .  .  W  W  W  B  W  .  B\4
<     5\.  .  .  W  B  B  W  W  .  W  W\5
<      6\.  B  W  .  .  .  .  .  .  B  .\6
<       7\W  B  W  .  .  .  .  .  .  .  .\7
<        8\B  W  .  .  .  .  .  .  .  .  W\8
<         9\.  .  .  .  .  .  .  .  .  .  .\9
<         10\.  .  B  .  .  .  .  .  .  .  .\10
<          11\.  .  .  .  .  .  B  .  .  .  .\11
<              a  b  c  d  e  f  g  h  i  j  k  
<
>play w a9
<= 
<
>showboard
<= 
< 
<  da2aae55499fe71c
<  a  b  c  d  e  f  g  h  i  j  k  
< 1\.  B  .  .  .  .  .  .  .  .  .\1
<  2\.  .  .  .  .  .  W  .  B  W  .\2
<   3\.  B  .  .  B  .  .  .  B  B  B\3
<    4\.  .  .  .  W  W  W  B  W  .  B\4
<     5\.  .  .  W  B  B  W  W  .  W  W\5
<      6\.  B  W  .  .  .  .  .  .  B  .\6
<       7\W  B  W  .  .  .  .  .  .  .  .\7
<        8\B  W  .  .  .  .  .  .  .  .  W\8
<         9\W  .  .  .  .  .  .  .  .  .  .\9
<         10\.  .  B  .  .  .  .  .  .  .  .\10
<          11\.  .  .  .  .  .  B  .  .  .  .\11
<              a  b  c  d  e  f  g  h  i  j  k  
<
>genmove b
<= i5
<
>showboard
89947 info: PlayAndSolve: Building VCs to avoid race condition.
89947 info: PlayAndSolve: Continuing on as usual.
16be6 info: *** PlayerThread ***
0ebd6 info: *** SolverThread ***
16be6 info: Captured cells caused win! Removing...
0ebd6 info: 
MID calls      0
VC builds      1
Terminal       1
Work           1
Wasted Work    0 (0%)
Elapsed Time   0.002513
MIDs/sec       0
VCs/sec        397.931
Cnt prune sib  0
Avg prune sib  -
Consider Size  -
Move Index     -
Move Percent   -
Delta Increase -
Winner         white
PV             

HashTableStatistics:
Stores         846
LookupAttempt  61580
LookupSuccess  3702
Collisions     0

16be6 info: Opponent has won; playing most blocking move.
16be6 info: *** Player move: i5
<= 
< 
<  aacf6113d651e619
<  a  b  c  d  e  f  g  h  i  j  k  
< 1\.  B  .  .  .  .  .  .  .  .  .\1
<  2\.  .  .  .  .  .  W  .  B  W  .\2
<   3\.  B  .  .  B  .  .  .  B  B  B\3
<    4\.  .  .  .  W  W  W  B  W  .  B\4
<     5\.  .  .  W  B  B  W  W  B  W  W\5
<      6\.  B  W  .  .  .  .  .  .  B  .\6
<       7\W  B  W  .  .  .  .  .  .  .  .\7
<        8\B  W  .  .  .  .  .  .  .  .  W\8
<         9\W  .  .  .  .  .  .  .  .  .  .\9
<         10\.  .  B  .  .  .  .  .  .  .  .\10
<          11\.  .  .  .  .  .  B  .  .  .  .\11
<              a  b  c  d  e  f  g  h  i  j  k  
<
>play w j4
<= 
<
>showboard
<= 
< 
<  4d09aec43de9dbd0
<  a  b  c  d  e  f  g  h  i  j  k  
< 1\.  B  .  .  .  .  .  .  .  .  .\1
<  2\.  .  .  .  .  .  W  .  B  W  .\2
<   3\.  B  .  .  B  .  .  .  B  B  B\3
<    4\.  .  .  .  W  W  W  B  W  W  B\4
<     5\.  .  .  W  B  B  W  W  B  W  W\5
<      6\.  B  W  .  .  .  .  .  .  B  .\6
<       7\W  B  W  .  .  .  .  .  .  .  .\7
<        8\B  W  .  .  .  .  .  .  .  .  W\8
<         9\W  .  .  .  .  .  .  .  .  .  .\9
<         10\.  .  B  .  .  .  .  .  .  .  .\10
<          11\.  .  .  .  .  .  B  .  .  .  .\11
<              a  b  c  d  e  f  g  h  i  j  k  
<
>genmove b
<= resign
<
>showboard
<= 
< 
<  4d09aec43de9dbd0
<  a  b  c  d  e  f  g  h  i  j  k  
< 1\.  B  .  .  .  .  .  .  .  .  .\1
<  2\.  .  .  .  .  .  W  .  B  W  .\2
<   3\.  B  .  .  B  .  .  .  B  B  B\3
<    4\.  .  .  .  W  W  W  B  W  W  B\4
<     5\.  .  .  W  B  B  W  W  B  W  W\5
<      6\.  B  W  .  .  .  .  .  .  B  .\6
<       7\W  B  W  .  .  .  .  .  .  .  .\7
<        8\B  W  .  .  .  .  .  .  .  .  W\8
<         9\W  .  .  .  .  .  .  .  .  .  .\9
<         10\.  .  B  .  .  .  .  .  .  .  .\10
<          11\.  .  .  .  .  .  B  .  .  .  .\11
<              a  b  c  d  e  f  g  h  i  j  k  
<
>final_score
<= W+
<
>quit
<= 
<
