9e877 config: MoHex v2.0.CMake Mar 21 2025.
9e877 config: ============ InitializeSystem ============
9e877 config: BenzeneProgram::InitRandom()
9e877 config: Seed = 823163
9e877 info: Prior Patterns:
9e877 info: Global:
9e877 info: Size            = 565 32648 
9e877 info: TableEntries    = 65932 65910
9e877 info: MirrorsAdded    = 0 0
9e877 info: PrunableCount   = 30593 30629
9e877 info: LargestGamma    = 5820.77
9e877 info: SmallestGamma   = 6.6e-05
9e877 info: Local:
9e877 info: Size            = 550 5318 
9e877 info: TableEntries    = 11602 11588
9e877 info: MirrorsAdded    = 0 0
9e877 info: PrunableCount   = 3659 3667
9e877 info: LargestGamma    = 11281.8
9e877 info: SmallestGamma   = 0.026235
9e877 info: Playout Patterns:
9e877 info: Global:
9e877 info: Size            = 565 32648 
9e877 info: TableEntries    = 70329 70329
9e877 info: MirrorsAdded    = 4397 4419
9e877 info: PrunableCount   = 30593 30629
9e877 info: LargestGamma    = 5820.77
9e877 info: SmallestGamma   = 6.6e-05
9e877 info: Local:
9e877 info: Size            = 550 5318 
9e877 info: TableEntries    = 11602 11588
9e877 info: MirrorsAdded    = 0 0
9e877 info: PrunableCount   = 3659 3667
9e877 info: LargestGamma    = 11281.8
9e877 info: SmallestGamma   = 0.026235
9e877 config: IcePatternSet: reading from '/home/linus/MoHex2.0/nfbranchfix/benzene-vanilla-cmake/share/ice-patterns.txt'.
9e877 config: IcePatternSet: parsed 708 patterns.
9e877 config: VCS: reading captured set patterns from '/home/linus/MoHex2.0/nfbranchfix/benzene-vanilla-cmake/share/vc-captured-set.txt'.
9e877 config: VCS:: parsed 2 patterns.
9e877 config: VCS: reading captured set patterns from '/home/linus/MoHex2.0/nfbranchfix/benzene-vanilla-cmake/share/vc-captured-set.txt'.
9e877 config: VCS:: parsed 2 patterns.
9e877 config: IcePatternSet: reading from '/home/linus/MoHex2.0/nfbranchfix/benzene-vanilla-cmake/share/ice-patterns.txt'.
9e877 config: IcePatternSet: parsed 708 patterns.
9e877 config: VCS: reading captured set patterns from '/home/linus/MoHex2.0/nfbranchfix/benzene-vanilla-cmake/share/vc-captured-set.txt'.
9e877 config: VCS:: parsed 2 patterns.
9e877 config: VCS: reading captured set patterns from '/home/linus/MoHex2.0/nfbranchfix/benzene-vanilla-cmake/share/vc-captured-set.txt'.
9e877 config: VCS:: parsed 2 patterns.
9e877 config: VCS: reading captured set patterns from '/home/linus/MoHex2.0/nfbranchfix/benzene-vanilla-cmake/share/vc-captured-set.txt'.
9e877 config: VCS:: parsed 2 patterns.
9e877 config: VCS: reading captured set patterns from '/home/linus/MoHex2.0/nfbranchfix/benzene-vanilla-cmake/share/vc-captured-set.txt'.
9e877 config: VCS:: parsed 2 patterns.
9e877 config: VCS: reading captured set patterns from '/home/linus/MoHex2.0/nfbranchfix/benzene-vanilla-cmake/share/vc-captured-set.txt'.
9e877 config: VCS:: parsed 2 patterns.
9e877 config: VCS: reading captured set patterns from '/home/linus/MoHex2.0/nfbranchfix/benzene-vanilla-cmake/share/vc-captured-set.txt'.
9e877 config: VCS:: parsed 2 patterns.
9e877 info: PlayAndSolve: Building VCs to avoid race condition.
9e877 config: VCPattern: loading pattern templates from '/home/linus/MoHex2.0/nfbranchfix/benzene-vanilla-cmake/share/vc-patterns.txt'.
9e877 info: PlayAndSolve: Continuing on as usual.
2bb16 info: *** PlayerThread ***
23b06 info: *** SolverThread ***
1baf6 config: VCS: reading captured set patterns from '/home/linus/MoHex2.0/nfbranchfix/benzene-vanilla-cmake/share/vc-captured-set.txt'.
1baf6 config: VCS:: parsed 2 patterns.
1baf6 config: VCS: reading captured set patterns from '/home/linus/MoHex2.0/nfbranchfix/benzene-vanilla-cmake/share/vc-captured-set.txt'.
1baf6 config: VCS:: parsed 2 patterns.
1baf6 dfpn: 
2bb16 info: Best move cannot be determined, must search state.
2bb16 info: --- MoHexPlayer::Search() ---
2bb16 info: Color: white
2bb16 info: MaxGames: 1
2bb16 info: NumberThreads: 1
2bb16 info: MaxNodes: 9090 (799920 bytes)
2bb16 info: TimeForMove: 1
1baf6 dfpn: d8
1baf6 dfpn: h4
1baf6 dfpn: e7
1baf6 dfpn: b10
1baf6 dfpn: g5
1baf6 dfpn: c9
1baf6 dfpn: i3
1baf6 dfpn: j2
1baf6 dfpn: e8
1baf6 dfpn: d7
1baf6 dfpn: f6
1baf6 dfpn: e6
1baf6 dfpn: f7
1baf6 dfpn: g6
1baf6 dfpn: f5
1baf6 dfpn: h5
1baf6 dfpn: g4
1baf6 dfpn: g7
1baf6 dfpn: c8
1baf6 dfpn: e5
1baf6 dfpn: d6
1baf6 dfpn: f8
1baf6 dfpn: d9
1baf6 dfpn: b8
1baf6 dfpn: h6
1baf6 dfpn: b8
2bb16 info: PreSearch: max time reached (55/94).
2bb16 info: Time for PreSearch: 0.201754s
2bb16 info: 
  1db47b41f5f612d3
  a  b  c  d  e  f  g  h  i  j  k  
 1\.  *  .  *  *  *  *  *  *  *  .\1
  2\.  .  *  *  *  *  *  *  *  *  .\2
   3\B  *  *  *  *  *  *  *  *  *  .\3
    4\.  *  *  *  *  *  *  *  *  *  .\4
     5\.  *  *  *  *  *  *  *  *  *  .\5
      6\.  *  *  *  *  *  *  *  *  *  .\6
       7\.  *  *  *  *  *  *  *  *  *  .\7
        8\.  *  *  *  *  *  *  *  *  *  .\8
         9\.  *  *  *  *  *  *  *  *  *  .\9
         10\.  *  *  *  *  *  *  *  *  .  .\10
          11\.  *  *  *  *  *  *  *  .  .  .\11
              a  b  c  d  e  f  g  h  i  j  k  
2bb16 info: No subtree to reuse.
2bb16 info: Creating thread 0
2bb16 info: StartSearch()[0]
2bb16 config: VCS: reading captured set patterns from '/home/linus/MoHex2.0/nfbranchfix/benzene-vanilla-cmake/share/vc-captured-set.txt'.
2bb16 config: VCS:: parsed 2 patterns.
2bb16 config: VCS: reading captured set patterns from '/home/linus/MoHex2.0/nfbranchfix/benzene-vanilla-cmake/share/vc-captured-set.txt'.
2bb16 config: VCS:: parsed 2 patterns.
2bb16 info: 
Elapsed Time   0.584324s
Count          1
GamesPlayed    1
Nodes          1
Knowledge      0 (0.0%)
Expansions     0.0
Time           0.00
GameLen        120.0 dev=0.0 min=120.0 max=120.0
InTree         0.0 dev=0.0 min=0.0 max=0.0
KnowDepth      -
Aborted        0%
Games/s        290.6
Score          1.00
Sequence      
2bb16 info: 
2bb16 warning: **** MoHexSearch returned empty sequence!
2bb16 warning: **** Returning random move!
1baf6 dfpn: b10
2bb16 info: *** Player move: b8
1baf6 info: DfpnSolver::CheckAbort(): Abort flag!
23b06 info: 
MID calls      76
VC builds      73
Terminal       0
Work           76
Wasted Work    0 (0%)
Elapsed Time   0.600966
MIDs/sec       126.463
VCs/sec        121.471
Cnt prune sib  0
Avg prune sib  -
Consider Size  87.863 dev=4.80397 min=78 max=94
Move Index     -
Move Percent   -
Delta Increase 3.36 dev=13.6876 min=1 max=86
Winner         empty
PV             b10 d9 e7

HashTableStatistics:
Stores         178
LookupAttempt  16314
LookupSuccess  861
Collisions     0

23b06 info: Search aborted.
9e877 info: PlayAndSolve: Building VCs to avoid race condition.
9e877 info: PlayAndSolve: Continuing on as usual.
23b06 info: *** PlayerThread ***
2bb16 info: *** SolverThread ***
1baf6 config: VCS: reading captured set patterns from '/home/linus/MoHex2.0/nfbranchfix/benzene-vanilla-cmake/share/vc-captured-set.txt'.
1baf6 config: VCS:: parsed 2 patterns.
1baf6 config: VCS: reading captured set patterns from '/home/linus/MoHex2.0/nfbranchfix/benzene-vanilla-cmake/share/vc-captured-set.txt'.
1baf6 config: VCS:: parsed 2 patterns.
1baf6 dfpn: 
23b06 info: Best move cannot be determined, must search state.
23b06 info: --- MoHexPlayer::Search() ---
1baf6 dfpn: f7
23b06 info: Color: white
23b06 info: MaxGames: 1
23b06 info: NumberThreads: 1
23b06 info: MaxNodes: 9090 (799920 bytes)
23b06 info: TimeForMove: 1
1baf6 dfpn: e7
1baf6 dfpn: d7
1baf6 dfpn: f6
1baf6 dfpn: e6
1baf6 dfpn: h4
1baf6 dfpn: g5
1baf6 dfpn: d8
1baf6 dfpn: g6
1baf6 dfpn: f5
1baf6 dfpn: i3
1baf6 dfpn: h5
1baf6 dfpn: g4
1baf6 dfpn: j2
1baf6 dfpn: e5
1baf6 dfpn: e8
1baf6 dfpn: d6
1baf6 dfpn: h6
1baf6 dfpn: f4
1baf6 dfpn: i4
1baf6 dfpn: g7
1baf6 dfpn: c8
1baf6 dfpn: h3
1baf6 dfpn: c7
1baf6 dfpn: j2
23b06 info: PreSearch: max time reached (54/90).
23b06 info: Time for PreSearch: 0.204144s
23b06 info: 
  6353f9f555fe0f78
  a  b  c  d  e  f  g  h  i  j  k  
 1\.  *  .  *  *  *  *  *  *  *  .\1
  2\.  .  *  *  *  *  *  *  *  *  .\2
   3\B  *  *  *  *  *  *  *  *  *  .\3
    4\.  *  *  *  *  *  *  *  *  *  .\4
     5\.  *  *  *  *  *  *  *  *  *  .\5
      6\.  *  *  *  *  *  *  *  *  *  .\6
       7\w  .  *  *  *  *  *  *  *  *  .\7
        8\w  W  *  *  *  *  *  *  *  *  .\8
         9\w  .  *  *  B  *  *  *  *  *  .\9
         10\w  *  *  *  *  *  *  *  *  .  .\10
          11\.  *  *  *  *  *  *  *  .  .  .\11
              a  b  c  d  e  f  g  h  i  j  k  
23b06 info: Old: [black, a3] [white, swap-pieces] 
23b06 info: New: [black, a3] [white, swap-pieces] [white, b8] [black, e9] 
23b06 info: ReuseSubtree: Colors do not alternate.
23b06 info: No subtree to reuse.
23b06 info: StartSearch()[0]
23b06 info: 
Elapsed Time   0.354277s
Count          1
GamesPlayed    1
Nodes          1
Knowledge      0 (0.0%)
Expansions     0.0
Time           0.00
GameLen        114.0 dev=0.0 min=114.0 max=114.0
InTree         0.0 dev=0.0 min=0.0 max=0.0
KnowDepth      -
Aborted        0%
Games/s        3484.3
Score          0.00
Sequence      
23b06 info: 
23b06 warning: **** MoHexSearch returned empty sequence!
23b06 warning: **** Returning random move!
23b06 info: *** Player move: i11
1baf6 info: DfpnSolver::CheckAbort(): Abort flag!
2bb16 info: 
MID calls      46
VC builds      45
Terminal       0
Work           46
Wasted Work    0 (0%)
Elapsed Time   0.368754
MIDs/sec       124.744
VCs/sec        122.033
Cnt prune sib  0
Avg prune sib  -
Consider Size  82.1555 dev=8.03055 min=46 max=90
Move Index     -
Move Percent   -
Delta Increase 2.77778 dev=11.4947 min=1 max=79
Winner         empty
PV             j2 c8 d6

HashTableStatistics:
Stores         294
LookupAttempt  28614
LookupSuccess  1585
Collisions     0

2bb16 info: Search aborted.
9e877 info: PlayAndSolve: Building VCs to avoid race condition.
9e877 info: PlayAndSolve: Continuing on as usual.
2bb16 info: *** PlayerThread ***
23b06 info: *** SolverThread ***
1baf6 config: VCS: reading captured set patterns from '/home/linus/MoHex2.0/nfbranchfix/benzene-vanilla-cmake/share/vc-captured-set.txt'.
1baf6 config: VCS:: parsed 2 patterns.
1baf6 config: VCS: reading captured set patterns from '/home/linus/MoHex2.0/nfbranchfix/benzene-vanilla-cmake/share/vc-captured-set.txt'.
1baf6 config: VCS:: parsed 2 patterns.
1baf6 dfpn: 
2bb16 info: Best move cannot be determined, must search state.
2bb16 info: --- MoHexPlayer::Search() ---
2bb16 info: Color: white
2bb16 info: MaxGames: 1
2bb16 info: NumberThreads: 1
2bb16 info: MaxNodes: 9090 (799920 bytes)
2bb16 info: TimeForMove: 1
1baf6 dfpn: f6
1baf6 dfpn: d7
1baf6 dfpn: e6
1baf6 dfpn: e7
1baf6 dfpn: f5
1baf6 dfpn: g5
1baf6 dfpn: h4
1baf6 dfpn: e5
1baf6 dfpn: g4
1baf6 dfpn: j2
1baf6 dfpn: d6
1baf6 dfpn: g6
1baf6 dfpn: f7
1baf6 dfpn: i3
1baf6 dfpn: h5
1baf6 dfpn: f4
1baf6 dfpn: h3
1baf6 dfpn: i4
1baf6 dfpn: e4
1baf6 dfpn: h2
1baf6 dfpn: i2
1baf6 dfpn: d5
1baf6 dfpn: g3
1baf6 dfpn: c7
1baf6 dfpn: j2
2bb16 info: PreSearch: max time reached (56/90).
2bb16 info: Time for PreSearch: 0.2026s
2bb16 info: 
  fc0f394d3781c9ed
  a  b  c  d  e  f  g  h  i  j  k  
 1\.  *  .  *  *  *  *  *  *  *  .\1
  2\.  .  *  *  *  *  *  *  *  *  .\2
   3\B  *  *  *  *  *  *  *  *  *  .\3
    4\.  *  *  *  *  *  *  *  *  *  .\4
     5\.  *  *  *  *  *  *  *  *  *  .\5
      6\.  *  *  *  *  *  *  *  *  *  .\6
       7\w  .  *  *  *  *  *  *  *  *  .\7
        8\w  W  *  *  B  *  *  *  *  *  .\8
         9\w  .  *  *  B  *  *  *  *  *  .\9
         10\w  *  *  *  *  *  *  *  *  *  .\10
          11\.  *  *  *  *  *  *  *  W  .  .\11
              a  b  c  d  e  f  g  h  i  j  k  
2bb16 info: Old: [black, a3] [white, swap-pieces] [white, b8] [black, e9] 
2bb16 info: New: [black, a3] [white, swap-pieces] [white, b8] [black, e9] [white, i11] [black, e8] 
2bb16 info: MovesPlayed: [white, i11] [black, e8] 
2bb16 info: No subtree to reuse.
2bb16 info: StartSearch()[0]
2bb16 info: 
Elapsed Time   0.350365s
Count          1
GamesPlayed    1
Nodes          1
Knowledge      0 (0.0%)
Expansions     0.0
Time           0.00
GameLen        112.0 dev=0.0 min=112.0 max=112.0
InTree         0.0 dev=0.0 min=0.0 max=0.0
KnowDepth      -
Aborted        0%
Games/s        3745.3
Score          1.00
Sequence      
2bb16 info: 
2bb16 warning: **** MoHexSearch returned empty sequence!
2bb16 warning: **** Returning random move!
2bb16 info: *** Player move: g1
1baf6 info: DfpnSolver::CheckAbort(): Abort flag!
23b06 info: 
MID calls      41
VC builds      40
Terminal       0
Work           41
Wasted Work    0 (0%)
Elapsed Time   0.362778
MIDs/sec       113.017
VCs/sec        110.26
Cnt prune sib  0
Avg prune sib  -
Consider Size  77.75 dev=15.2099 min=27 max=90
Move Index     -
Move Percent   -
Delta Increase 3 dev=12.1737 min=1 max=79
Winner         empty
PV             j2 f7 g5

HashTableStatistics:
Stores         400
LookupAttempt  40317
LookupSuccess  2304
Collisions     0

23b06 info: Search aborted.
9e877 info: PlayAndSolve: Building VCs to avoid race condition.
9e877 info: PlayAndSolve: Continuing on as usual.
23b06 info: *** PlayerThread ***
2bb16 info: *** SolverThread ***
1baf6 config: VCS: reading captured set patterns from '/home/linus/MoHex2.0/nfbranchfix/benzene-vanilla-cmake/share/vc-captured-set.txt'.
1baf6 config: VCS:: parsed 2 patterns.
1baf6 config: VCS: reading captured set patterns from '/home/linus/MoHex2.0/nfbranchfix/benzene-vanilla-cmake/share/vc-captured-set.txt'.
1baf6 config: VCS:: parsed 2 patterns.
1baf6 dfpn: 
23b06 info: Best move cannot be determined, must search state.
23b06 info: --- MoHexPlayer::Search() ---
23b06 info: Color: white
23b06 info: MaxGames: 1
23b06 info: NumberThreads: 1
23b06 info: MaxNodes: 9090 (799920 bytes)
23b06 info: TimeForMove: 1
1baf6 dfpn: f6
1baf6 dfpn: d7
1baf6 dfpn: e6
1baf6 dfpn: e7
1baf6 dfpn: f5
1baf6 dfpn: i3
1baf6 dfpn: g5
1baf6 dfpn: j2
1baf6 dfpn: d6
1baf6 dfpn: e5
1baf6 dfpn: h4
1baf6 dfpn: h3
1baf6 dfpn: f7
1baf6 dfpn: g6
1baf6 dfpn: g4
1baf6 dfpn: h5
1baf6 dfpn: h2
1baf6 dfpn: f4
1baf6 dfpn: i2
1baf6 dfpn: e4
1baf6 dfpn: d5
1baf6 dfpn: c7
1baf6 dfpn: i4
1baf6 dfpn: j2
23b06 info: PreSearch: max time reached (56/86).
23b06 info: Time for PreSearch: 0.201454s
23b06 info: 
  04bb06652c3201a3
  a  b  c  d  e  f  g  h  i  j  k  
 1\.  *  .  .  B  .  W  *  *  *  .\1
  2\.  .  *  *  *  *  *  *  *  *  .\2
   3\B  *  *  *  *  *  *  *  *  *  .\3
    4\.  *  *  *  *  *  *  *  *  *  .\4
     5\.  *  *  *  *  *  *  *  *  *  .\5
      6\.  .  *  *  *  *  *  *  *  *  .\6
       7\w  .  *  *  *  *  *  *  *  *  .\7
        8\w  W  *  *  B  *  *  *  *  *  .\8
         9\w  .  *  *  B  *  *  *  *  *  .\9
         10\w  *  *  *  *  *  *  *  *  *  .\10
          11\.  *  *  *  *  *  *  *  W  .  .\11
              a  b  c  d  e  f  g  h  i  j  k  
23b06 info: Old: [black, a3] [white, swap-pieces] [white, b8] [black, e9] [white, i11] [black, e8] 
23b06 info: New: [black, a3] [white, swap-pieces] [white, b8] [black, e9] [white, i11] [black, e8] [white, g1] [black, e1] 
23b06 info: MovesPlayed: [white, g1] [black, e1] 
23b06 info: No subtree to reuse.
23b06 info: StartSearch()[0]
23b06 info: 
Elapsed Time   0.356393s
Count          1
GamesPlayed    1
Nodes          1
Knowledge      0 (0.0%)
Expansions     0.0
Time           0.00
GameLen        110.0 dev=0.0 min=110.0 max=110.0
InTree         0.0 dev=0.0 min=0.0 max=0.0
KnowDepth      -
Aborted        0%
Games/s        3460.2
Score          0.00
Sequence      
23b06 info: 
23b06 warning: **** MoHexSearch returned empty sequence!
23b06 warning: **** Returning random move!
23b06 info: *** Player move: e11
1baf6 info: DfpnSolver::CheckAbort(): Abort flag!
2bb16 info: 
MID calls      51
VC builds      49
Terminal       0
Work           51
Wasted Work    0 (0%)
Elapsed Time   0.371251
MIDs/sec       137.373
VCs/sec        131.986
Cnt prune sib  0
Avg prune sib  -
Consider Size  79.6939 dev=9.84603 min=33 max=86
Move Index     -
Move Percent   -
Delta Increase 4.16 dev=15.1781 min=1 max=79
Winner         empty
PV             j2 h3 d7 f6

HashTableStatistics:
Stores         524
LookupAttempt  52216
LookupSuccess  2983
Collisions     0

2bb16 info: Search aborted.
9e877 info: PlayAndSolve: Building VCs to avoid race condition.
9e877 info: PlayAndSolve: Continuing on as usual.
2bb16 info: *** PlayerThread ***
23b06 info: *** SolverThread ***
1baf6 config: VCS: reading captured set patterns from '/home/linus/MoHex2.0/nfbranchfix/benzene-vanilla-cmake/share/vc-captured-set.txt'.
1baf6 config: VCS:: parsed 2 patterns.
1baf6 config: VCS: reading captured set patterns from '/home/linus/MoHex2.0/nfbranchfix/benzene-vanilla-cmake/share/vc-captured-set.txt'.
1baf6 config: VCS:: parsed 2 patterns.
1baf6 dfpn: 
2bb16 info: Best move cannot be determined, must search state.
2bb16 info: --- MoHexPlayer::Search() ---
2bb16 info: Color: white
2bb16 info: MaxGames: 1
2bb16 info: NumberThreads: 1
2bb16 info: MaxNodes: 9090 (799920 bytes)
2bb16 info: TimeForMove: 1
1baf6 dfpn: f6
1baf6 dfpn: d7
1baf6 dfpn: e6
1baf6 dfpn: e7
1baf6 dfpn: f5
1baf6 dfpn: d6
1baf6 dfpn: i3
1baf6 dfpn: e5
1baf6 dfpn: j2
1baf6 dfpn: g5
1baf6 dfpn: h4
1baf6 dfpn: h3
1baf6 dfpn: f7
1baf6 dfpn: g4
1baf6 dfpn: g6
1baf6 dfpn: h2
1baf6 dfpn: h5
1baf6 dfpn: c7
1baf6 dfpn: d5
1baf6 dfpn: f4
1baf6 dfpn: e4
1baf6 dfpn: i2
1baf6 dfpn: f6
2bb16 info: PreSearch: max time reached (62/82).
2bb16 info: Time for PreSearch: 0.202419s
2bb16 info: 
  c583c76bf343b906
  a  b  c  d  e  f  g  h  i  j  k  
 1\.  *  .  .  B  .  W  *  *  *  .\1
  2\.  .  *  *  *  *  *  *  *  *  .\2
   3\B  *  *  *  *  *  *  *  *  *  .\3
    4\.  *  *  *  *  *  *  *  *  *  .\4
     5\.  *  *  *  *  *  *  *  *  *  .\5
      6\.  .  *  *  *  *  *  *  *  *  .\6
       7\w  .  *  *  *  *  *  *  *  *  .\7
        8\w  W  *  *  B  *  *  *  *  *  .\8
         9\w  .  *  B  B  *  *  *  *  *  .\9
         10\w  *  .  .  *  *  *  *  *  *  .\10
          11\.  *  *  *  W  *  *  *  W  .  .\11
              a  b  c  d  e  f  g  h  i  j  k  
2bb16 info: Old: [black, a3] [white, swap-pieces] [white, b8] [black, e9] [white, i11] [black, e8] [white, g1] [black, e1] 
2bb16 info: New: [black, a3] [white, swap-pieces] [white, b8] [black, e9] [white, i11] [black, e8] [white, g1] [black, e1] [white, e11] [black, d9] 
2bb16 info: MovesPlayed: [white, e11] [black, d9] 
2bb16 info: No subtree to reuse.
2bb16 info: StartSearch()[0]
2bb16 info: 
Elapsed Time   0.367547s
Count          1
GamesPlayed    1
Nodes          1
Knowledge      0 (0.0%)
Expansions     0.0
Time           0.00
GameLen        108.0 dev=0.0 min=108.0 max=108.0
InTree         0.0 dev=0.0 min=0.0 max=0.0
KnowDepth      -
Aborted        0%
Games/s        3401.4
Score          0.00
Sequence      
2bb16 info: 
2bb16 warning: **** MoHexSearch returned empty sequence!
2bb16 warning: **** Returning random move!
2bb16 info: *** Player move: i3
1baf6 info: DfpnSolver::CheckAbort(): Abort flag!
23b06 info: 
MID calls      61
VC builds      59
Terminal       0
Work           61
Wasted Work    0 (0%)
Elapsed Time   0.384293
MIDs/sec       158.733
VCs/sec        153.529
Cnt prune sib  1
Avg prune sib  1 dev=0 min=1 max=1
Consider Size  78 dev=4.16189 min=66 max=82
Move Index     -
Move Percent   -
Delta Increase 3.53333 dev=13.3772 min=1 max=78
Winner         empty
PV             f6 d7 i3 e5

HashTableStatistics:
Stores         667
LookupAttempt  64159
LookupSuccess  3623
Collisions     0

23b06 info: Search aborted.
9e877 info: PlayAndSolve: Building VCs to avoid race condition.
9e877 info: PlayAndSolve: Continuing on as usual.
23b06 info: *** PlayerThread ***
2bb16 info: *** SolverThread ***
1baf6 config: VCS: reading captured set patterns from '/home/linus/MoHex2.0/nfbranchfix/benzene-vanilla-cmake/share/vc-captured-set.txt'.
1baf6 config: VCS:: parsed 2 patterns.
1baf6 config: VCS: reading captured set patterns from '/home/linus/MoHex2.0/nfbranchfix/benzene-vanilla-cmake/share/vc-captured-set.txt'.
1baf6 config: VCS:: parsed 2 patterns.
1baf6 dfpn: 
23b06 info: Best move cannot be determined, must search state.
23b06 info: --- MoHexPlayer::Search() ---
23b06 info: Color: white
23b06 info: MaxGames: 1
23b06 info: NumberThreads: 1
23b06 info: MaxNodes: 9090 (799920 bytes)
23b06 info: TimeForMove: 1
1baf6 dfpn: f6
1baf6 dfpn: g4
1baf6 dfpn: d7
1baf6 dfpn: e6
1baf6 dfpn: e7
1baf6 dfpn: d6
1baf6 dfpn: e5
1baf6 dfpn: f5
1baf6 dfpn: h2
1baf6 dfpn: h3
1baf6 dfpn: j2
1baf6 dfpn: f4
1baf6 dfpn: e4
1baf6 dfpn: d5
1baf6 dfpn: g5
1baf6 dfpn: g3
1baf6 dfpn: c7
1baf6 dfpn: d4
1baf6 dfpn: e2
1baf6 dfpn: h4
1baf6 dfpn: f7
1baf6 dfpn: g4
23b06 info: PreSearch: max time reached (71/79).
23b06 info: Time for PreSearch: 0.201287s
1baf6 dfpn: e5
23b06 info: 
  13da5d941f81c044
  a  b  c  d  e  f  g  h  i  j  k  
 1\.  *  .  .  B  .  W  *  *  *  .\1
  2\.  .  *  *  *  *  *  *  *  *  .\2
   3\B  *  *  *  *  *  *  *  W  .  .\3
    4\.  *  *  *  *  *  *  *  *  *  .\4
     5\.  *  *  *  *  *  *  *  *  *  .\5
      6\.  .  *  *  *  *  *  *  *  B  .\6
       7\w  .  *  *  *  *  *  *  *  *  .\7
        8\w  W  *  *  B  *  *  *  *  *  .\8
         9\w  .  *  B  B  *  *  *  *  .  .\9
         10\w  *  .  .  *  *  *  *  *  .  .\10
          11\.  *  *  *  W  *  *  *  W  .  .\11
              a  b  c  d  e  f  g  h  i  j  k  
1baf6 dfpn: g4
23b06 info: Old: [black, a3] [white, swap-pieces] [white, b8] [black, e9] [white, i11] [black, e8] [white, g1] [black, e1] [white, e11] [black, d9] 
23b06 info: New: [black, a3] [white, swap-pieces] [white, b8] [black, e9] [white, i11] [black, e8] [white, g1] [black, e1] [white, e11] [black, d9] [white, i3] [black, j6] 
23b06 info: MovesPlayed: [white, i3] [black, j6] 
23b06 info: No subtree to reuse.
1baf6 dfpn: d4
23b06 info: StartSearch()[0]
23b06 info: 
Elapsed Time   0.579959s
Count          1
GamesPlayed    1
Nodes          1
Knowledge      0 (0.0%)
Expansions     0.0
Time           0.00
GameLen        106.0 dev=0.0 min=106.0 max=106.0
InTree         0.0 dev=0.0 min=0.0 max=0.0
KnowDepth      -
Aborted        0%
Games/s        3215.4
Score          0.00
Sequence      
23b06 info: 
23b06 warning: **** MoHexSearch returned empty sequence!
23b06 warning: **** Returning random move!
23b06 info: *** Player move: d11
1baf6 info: DfpnSolver::CheckAbort(): Abort flag!
2bb16 info: 
MID calls      111
VC builds      102
Terminal       0
Work           111
Wasted Work    0 (0%)
Elapsed Time   0.587971
MIDs/sec       188.785
VCs/sec        173.478
Cnt prune sib  6
Avg prune sib  1 dev=0 min=1 max=1
Consider Size  59.5686 dev=24.4827 min=10 max=79
Move Index     -
Move Percent   -
Delta Increase 2.85454 dev=9.92228 min=1 max=74
Winner         empty
PV             d4 j2 j3

HashTableStatistics:
Stores         913
LookupAttempt  78153
LookupSuccess  4434
Collisions     0

2bb16 info: Search aborted.
9e877 info: PlayAndSolve: Building VCs to avoid race condition.
9e877 info: PlayAndSolve: Continuing on as usual.
2bb16 info: *** PlayerThread ***
23b06 info: *** SolverThread ***
1baf6 config: VCS: reading captured set patterns from '/home/linus/MoHex2.0/nfbranchfix/benzene-vanilla-cmake/share/vc-captured-set.txt'.
1baf6 config: VCS:: parsed 2 patterns.
1baf6 config: VCS: reading captured set patterns from '/home/linus/MoHex2.0/nfbranchfix/benzene-vanilla-cmake/share/vc-captured-set.txt'.
1baf6 config: VCS:: parsed 2 patterns.
1baf6 dfpn: 
2bb16 info: Best move cannot be determined, must search state.
2bb16 info: --- MoHexPlayer::Search() ---
2bb16 info: Color: white
2bb16 info: MaxGames: 1
2bb16 info: NumberThreads: 1
2bb16 info: MaxNodes: 9090 (799920 bytes)
2bb16 info: TimeForMove: 1
1baf6 dfpn: c10
1baf6 dfpn: c7
1baf6 dfpn: d7
1baf6 dfpn: f6
1baf6 dfpn: g4
1baf6 dfpn: e7
1baf6 dfpn: e6
1baf6 dfpn: b10
1baf6 dfpn: d6
1baf6 dfpn: b11
1baf6 dfpn: g10
1baf6 dfpn: h2
1baf6 dfpn: j2
1baf6 dfpn: f10
1baf6 dfpn: f5
1baf6 dfpn: h3
1baf6 dfpn: e5
1baf6 dfpn: c8
1baf6 dfpn: g5
1baf6 dfpn: c6
1baf6 dfpn: j2
2bb16 info: PreSearch: max time reached (59/76).
2bb16 info: Time for PreSearch: 0.202477s
2bb16 info: 
  f217bc1b7cda7845
  a  b  c  d  e  f  g  h  i  j  k  
 1\.  *  .  .  B  .  W  *  *  *  .\1
  2\.  .  *  *  *  *  *  *  *  *  .\2
   3\B  *  *  *  *  *  *  *  W  .  .\3
    4\.  *  *  *  *  *  *  *  *  *  .\4
     5\.  *  *  *  *  *  *  *  *  *  .\5
      6\.  B  *  *  *  *  *  *  *  B  .\6
       7\b  .  *  *  *  *  *  *  *  *  .\7
        8\w  W  *  *  B  *  *  *  *  *  .\8
         9\w  .  *  B  B  *  *  *  *  .  .\9
         10\w  *  *  .  .  *  *  *  *  .  .\10
          11\.  *  .  W  W  *  *  *  W  .  .\11
              a  b  c  d  e  f  g  h  i  j  k  
1baf6 dfpn: f6
2bb16 info: Old: [black, a3] [white, swap-pieces] [white, b8] [black, e9] [white, i11] [black, e8] [white, g1] [black, e1] [white, e11] [black, d9] [white, i3] [black, j6] 
2bb16 info: New: [black, a3] [white, swap-pieces] [white, b8] [black, e9] [white, i11] [black, e8] [white, g1] [black, e1] [white, e11] [black, d9] [white, i3] [black, j6] [white, d11] [black, b6] 
2bb16 info: MovesPlayed: [white, d11] [black, b6] 
2bb16 info: No subtree to reuse.
2bb16 info: StartSearch()[0]
2bb16 info: 
Elapsed Time   0.364103s
Count          1
GamesPlayed    1
Nodes          1
Knowledge      0 (0.0%)
Expansions     0.0
Time           0.00
GameLen        104.0 dev=0.0 min=104.0 max=104.0
InTree         0.0 dev=0.0 min=0.0 max=0.0
KnowDepth      -
Aborted        0%
Games/s        2590.7
Score          0.00
Sequence      
2bb16 info: 
2bb16 warning: **** MoHexSearch returned empty sequence!
2bb16 warning: **** Returning random move!
2bb16 info: *** Player move: f8
1baf6 info: DfpnSolver::CheckAbort(): Abort flag!
23b06 info: 
MID calls      79
VC builds      76
Terminal       0
Work           79
Wasted Work    0 (0%)
Elapsed Time   0.372071
MIDs/sec       212.325
VCs/sec        204.262
Cnt prune sib  2
Avg prune sib  1.5 dev=0.5 min=1 max=2
Consider Size  68.5921 dev=8.32744 min=26 max=76
Move Index     -
Move Percent   -
Delta Increase 3.62821 dev=12.6198 min=1 max=68
Winner         empty
PV             f6 c9 c7

HashTableStatistics:
Stores         1092
LookupAttempt  89948
LookupSuccess  5044
Collisions     0

23b06 info: Search aborted.
9e877 info: PlayAndSolve: Building VCs to avoid race condition.
9e877 info: PlayAndSolve: Continuing on as usual.
23b06 info: *** PlayerThread ***
2bb16 info: *** SolverThread ***
1baf6 config: VCS: reading captured set patterns from '/home/linus/MoHex2.0/nfbranchfix/benzene-vanilla-cmake/share/vc-captured-set.txt'.
1baf6 config: VCS:: parsed 2 patterns.
1baf6 config: VCS: reading captured set patterns from '/home/linus/MoHex2.0/nfbranchfix/benzene-vanilla-cmake/share/vc-captured-set.txt'.
1baf6 config: VCS:: parsed 2 patterns.
1baf6 dfpn: 
23b06 info: Best move cannot be determined, must search state.
23b06 info: --- MoHexPlayer::Search() ---
23b06 info: Color: white
23b06 info: MaxGames: 1
23b06 info: NumberThreads: 1
23b06 info: MaxNodes: 9090 (799920 bytes)
23b06 info: TimeForMove: 1
1baf6 dfpn: c10
1baf6 dfpn: f6
1baf6 dfpn: g5
1baf6 dfpn: d7
1baf6 dfpn: c7
1baf6 dfpn: h4
1baf6 dfpn: e7
1baf6 dfpn: b10
1baf6 dfpn: b11
1baf6 dfpn: e6
1baf6 dfpn: f7
1baf6 dfpn: g10
1baf6 dfpn: f10
1baf6 dfpn: f5
1baf6 dfpn: i2
1baf6 dfpn: d6
1baf6 dfpn: j2
1baf6 dfpn: g4
1baf6 dfpn: h5
1baf6 dfpn: c8
1baf6 dfpn: j2
23b06 info: PreSearch: max time reached (66/74).
23b06 info: Time for PreSearch: 0.200993s
1baf6 dfpn: c8
23b06 info: 
  5ebe0d736ecd3eac
  a  b  c  d  e  f  g  h  i  j  k  
 1\.  *  .  .  B  .  W  *  *  *  .\1
  2\.  .  *  *  *  *  *  *  *  *  .\2
   3\B  *  *  *  *  *  *  B  W  .  .\3
    4\.  *  *  *  *  *  *  *  *  *  .\4
     5\.  *  *  *  *  *  *  *  *  *  .\5
      6\.  B  *  *  *  *  *  *  *  B  .\6
       7\b  .  *  *  *  *  *  *  *  *  .\7
        8\w  W  *  *  B  W  *  *  *  *  .\8
         9\w  .  *  B  B  *  *  *  *  .  .\9
         10\w  *  *  .  .  *  *  *  *  .  .\10
          11\.  *  .  W  W  *  *  *  W  .  .\11
              a  b  c  d  e  f  g  h  i  j  k  
23b06 info: Old: [black, a3] [white, swap-pieces] [white, b8] [black, e9] [white, i11] [black, e8] [white, g1] [black, e1] [white, e11] [black, d9] [white, i3] [black, j6] [white, d11] [black, b6] 
23b06 info: New: [black, a3] [white, swap-pieces] [white, b8] [black, e9] [white, i11] [black, e8] [white, g1] [black, e1] [white, e11] [black, d9] [white, i3] [black, j6] [white, d11] [black, b6] [white, f8] [black, h3] 
23b06 info: MovesPlayed: [white, f8] [black, h3] 
23b06 info: No subtree to reuse.
23b06 info: StartSearch()[0]
23b06 info: 
Elapsed Time   0.377382s
Count          1
GamesPlayed    1
Nodes          1
Knowledge      0 (0.0%)
Expansions     0.0
Time           0.00
GameLen        102.0 dev=0.0 min=102.0 max=102.0
InTree         0.0 dev=0.0 min=0.0 max=0.0
KnowDepth      -
Aborted        0%
Games/s        2341.9
Score          0.00
Sequence      
23b06 info: 
23b06 warning: **** MoHexSearch returned empty sequence!
23b06 warning: **** Returning random move!
23b06 info: *** Player move: d3
1baf6 info: DfpnSolver::CheckAbort(): Abort flag!
2bb16 info: 
MID calls      86
VC builds      82
Terminal       0
Work           86
Wasted Work    0 (0%)
Elapsed Time   0.386288
MIDs/sec       222.632
VCs/sec        212.277
Cnt prune sib  1
Avg prune sib  1 dev=0 min=1 max=1
Consider Size  66.2073 dev=4.23325 min=60 max=74
Move Index     -
Move Percent   -
Delta Increase 3.31765 dev=11.5026 min=1 max=66
Winner         empty
PV             c8 g10 e6 g5

HashTableStatistics:
Stores         1284
LookupAttempt  101869
LookupSuccess  5661
Collisions     0

2bb16 info: Search aborted.
9e877 info: PlayAndSolve: Building VCs to avoid race condition.
9e877 info: PlayAndSolve: Continuing on as usual.
2bb16 info: *** PlayerThread ***
23b06 info: *** SolverThread ***
1baf6 config: VCS: reading captured set patterns from '/home/linus/MoHex2.0/nfbranchfix/benzene-vanilla-cmake/share/vc-captured-set.txt'.
1baf6 config: VCS:: parsed 2 patterns.
1baf6 config: VCS: reading captured set patterns from '/home/linus/MoHex2.0/nfbranchfix/benzene-vanilla-cmake/share/vc-captured-set.txt'.
1baf6 config: VCS:: parsed 2 patterns.
1baf6 dfpn: 
1baf6 dfpn: c11
2bb16 info: Best move cannot be determined, must search state.
2bb16 info: --- MoHexPlayer::Search() ---
2bb16 info: Color: white
2bb16 info: MaxGames: 1
2bb16 info: NumberThreads: 1
2bb16 info: MaxNodes: 9090 (799920 bytes)
2bb16 info: TimeForMove: 1
1baf6 dfpn: f6
1baf6 dfpn: g5
1baf6 dfpn: h4
1baf6 dfpn: d7
1baf6 dfpn: e7
1baf6 dfpn: c7
1baf6 dfpn: e6
1baf6 dfpn: f7
1baf6 dfpn: i2
1baf6 dfpn: f5
1baf6 dfpn: g4
1baf6 dfpn: j2
1baf6 dfpn: h2
1baf6 dfpn: h5
1baf6 dfpn: b10
1baf6 dfpn: d6
1baf6 dfpn: b4
1baf6 dfpn: g6
1baf6 dfpn: j2
1baf6 dfpn: b4
2bb16 info: PreSearch: max time reached (63/71).
2bb16 info: Time for PreSearch: 0.202498s
2bb16 info: 
  e8779eb5726b6ca1
  a  b  c  d  e  f  g  h  i  j  k  
 1\.  *  .  b  B  .  W  *  *  *  .\1
  2\.  .  .  .  *  *  *  *  *  *  .\2
   3\B  *  *  W  *  *  *  B  W  .  .\3
    4\.  *  *  *  *  *  *  *  *  *  .\4
     5\.  *  *  *  *  *  *  *  *  *  .\5
      6\.  B  *  *  *  *  *  *  *  B  .\6
       7\b  .  *  *  *  *  *  *  *  *  .\7
        8\w  W  *  *  B  W  *  *  *  *  .\8
         9\w  .  *  B  B  *  *  *  *  .  .\9
         10\w  *  .  B  .  *  *  *  *  .  .\10
          11\.  .  *  W  W  *  *  *  W  .  .\11
              a  b  c  d  e  f  g  h  i  j  k  
1baf6 dfpn: f6
2bb16 info: Old: [black, a3] [white, swap-pieces] [white, b8] [black, e9] [white, i11] [black, e8] [white, g1] [black, e1] [white, e11] [black, d9] [white, i3] [black, j6] [white, d11] [black, b6] [white, f8] [black, h3] 
2bb16 info: New: [black, a3] [white, swap-pieces] [white, b8] [black, e9] [white, i11] [black, e8] [white, g1] [black, e1] [white, e11] [black, d9] [white, i3] [black, j6] [white, d11] [black, b6] [white, f8] [black, h3] [white, d3] [black, d10] 
2bb16 info: MovesPlayed: [white, d3] [black, d10] 
2bb16 info: No subtree to reuse.
2bb16 info: StartSearch()[0]
2bb16 info: 
Elapsed Time   0.358022s
Count          1
GamesPlayed    1
Nodes          1
Knowledge      0 (0.0%)
Expansions     0.0
Time           0.00
GameLen        99.0 dev=0.0 min=99.0 max=99.0
InTree         0.0 dev=0.0 min=0.0 max=0.0
KnowDepth      -
Aborted        0%
Games/s        3636.4
Score          1.00
Sequence      
2bb16 info: 
2bb16 warning: **** MoHexSearch returned empty sequence!
2bb16 warning: **** Returning random move!
2bb16 info: *** Player move: a5
1baf6 info: DfpnSolver::CheckAbort(): Abort flag!
23b06 info: 
MID calls      88
VC builds      82
Terminal       0
Work           88
Wasted Work    0 (0%)
Elapsed Time   0.36713
MIDs/sec       239.697
VCs/sec        223.354
Cnt prune sib  5
Avg prune sib  2.6 dev=1.2 min=1 max=4
Consider Size  60.4634 dev=15.544 min=11 max=71
Move Index     -
Move Percent   -
Delta Increase 2.90805 dev=9.33001 min=1 max=62
Winner         empty
PV             f6 d7 e5 c6

HashTableStatistics:
Stores         1480
LookupAttempt  113072
LookupSuccess  6279
Collisions     0

23b06 info: Search aborted.
9e877 info: PlayAndSolve: Building VCs to avoid race condition.
9e877 info: PlayAndSolve: Continuing on as usual.
23b06 info: *** PlayerThread ***
2bb16 info: *** SolverThread ***
1baf6 config: VCS: reading captured set patterns from '/home/linus/MoHex2.0/nfbranchfix/benzene-vanilla-cmake/share/vc-captured-set.txt'.
1baf6 config: VCS:: parsed 2 patterns.
1baf6 config: VCS: reading captured set patterns from '/home/linus/MoHex2.0/nfbranchfix/benzene-vanilla-cmake/share/vc-captured-set.txt'.
1baf6 config: VCS:: parsed 2 patterns.
1baf6 dfpn: 
23b06 info: Best move cannot be determined, must search state.
23b06 info: --- MoHexPlayer::Search() ---
23b06 info: Color: white
23b06 info: MaxGames: 1
23b06 info: NumberThreads: 1
23b06 info: MaxNodes: 9090 (799920 bytes)
23b06 info: TimeForMove: 1
1baf6 dfpn: g5
1baf6 dfpn: h4
1baf6 dfpn: c11
1baf6 dfpn: f6
1baf6 dfpn: i2
1baf6 dfpn: h5
1baf6 dfpn: e7
1baf6 dfpn: e6
1baf6 dfpn: d7
1baf6 dfpn: j2
1baf6 dfpn: g4
1baf6 dfpn: f7
1baf6 dfpn: f5
1baf6 dfpn: h2
1baf6 dfpn: c7
1baf6 dfpn: f2
1baf6 dfpn: i1
1baf6 dfpn: e5
1baf6 dfpn: j2
1baf6 dfpn: f6
23b06 info: PreSearch: max time reached (57/69).
23b06 info: Time for PreSearch: 0.201077s
23b06 info: 
  95afc4a2eea8a147
  a  b  c  d  e  f  g  h  i  j  k  
 1\.  *  .  b  B  .  W  *  *  *  .\1
  2\.  .  .  .  *  *  *  *  *  *  .\2
   3\B  .  .  W  *  *  *  B  W  .  .\3
    4\.  .  *  *  *  *  *  *  *  .  .\4
     5\W  .  *  *  *  *  *  *  *  .  .\5
      6\b  B  *  *  *  *  *  *  B  B  .\6
       7\b  .  *  *  *  *  *  *  *  *  .\7
        8\w  W  *  *  B  W  *  *  *  *  .\8
         9\w  .  *  B  B  *  *  *  *  .  .\9
         10\w  *  .  B  .  *  *  *  *  .  .\10
          11\.  .  *  W  W  *  *  *  W  .  .\11
              a  b  c  d  e  f  g  h  i  j  k  
23b06 info: Old: [black, a3] [white, swap-pieces] [white, b8] [black, e9] [white, i11] [black, e8] [white, g1] [black, e1] [white, e11] [black, d9] [white, i3] [black, j6] [white, d11] [black, b6] [white, f8] [black, h3] [white, d3] [black, d10] 
23b06 info: New: [black, a3] [white, swap-pieces] [white, b8] [black, e9] [white, i11] [black, e8] [white, g1] [black, e1] [white, e11] [black, d9] [white, i3] [black, j6] [white, d11] [black, b6] [white, f8] [black, h3] [white, d3] [black, d10] [white, a5] [black, i6] 
23b06 info: MovesPlayed: [white, a5] [black, i6] 
23b06 info: No subtree to reuse.
23b06 info: StartSearch()[0]
23b06 info: 
Elapsed Time   0.365724s
Count          1
GamesPlayed    1
Nodes          1
Knowledge      0 (0.0%)
Expansions     0.0
Time           0.00
GameLen        96.0 dev=0.0 min=96.0 max=96.0
InTree         0.0 dev=0.0 min=0.0 max=0.0
KnowDepth      -
Aborted        0%
Games/s        3105.6
Score          1.00
Sequence      
23b06 info: 
23b06 warning: **** MoHexSearch returned empty sequence!
23b06 warning: **** Returning random move!
23b06 info: *** Player move: f10
1baf6 info: DfpnSolver::CheckAbort(): Abort flag!
2bb16 info: 
MID calls      75
VC builds      71
Terminal       0
Work           75
Wasted Work    0 (0%)
Elapsed Time   0.372617
MIDs/sec       201.279
VCs/sec        190.544
Cnt prune sib  3
Avg prune sib  2.33333 dev=1.24722 min=1 max=4
Consider Size  58.4225 dev=12.7674 min=12 max=69
Move Index     -
Move Percent   -
Delta Increase 2.87838 dev=9.54782 min=1 max=60
Winner         empty
PV             f6 d7 c4 e5

HashTableStatistics:
Stores         1648
LookupAttempt  122692
LookupSuccess  6798
Collisions     0

2bb16 info: Search aborted.
9e877 info: PlayAndSolve: Building VCs to avoid race condition.
9e877 info: PlayAndSolve: Continuing on as usual.
2bb16 info: *** PlayerThread ***
23b06 info: *** SolverThread ***
1baf6 config: VCS: reading captured set patterns from '/home/linus/MoHex2.0/nfbranchfix/benzene-vanilla-cmake/share/vc-captured-set.txt'.
1baf6 config: VCS:: parsed 2 patterns.
1baf6 config: VCS: reading captured set patterns from '/home/linus/MoHex2.0/nfbranchfix/benzene-vanilla-cmake/share/vc-captured-set.txt'.
1baf6 config: VCS:: parsed 2 patterns.
1baf6 dfpn: 
2bb16 info: Best move cannot be determined, must search state.
2bb16 info: --- MoHexPlayer::Search() ---
2bb16 info: Color: white
2bb16 info: MaxGames: 1
2bb16 info: NumberThreads: 1
2bb16 info: MaxNodes: 9090 (799920 bytes)
2bb16 info: TimeForMove: 1
1baf6 dfpn: c11
1baf6 dfpn: d7
1baf6 dfpn: c7
1baf6 dfpn: f6
1baf6 dfpn: g5
1baf6 dfpn: e7
1baf6 dfpn: h4
1baf6 dfpn: b10
1baf6 dfpn: e6
1baf6 dfpn: f7
1baf6 dfpn: d6
1baf6 dfpn: h5
1baf6 dfpn: c8
1baf6 dfpn: f5
1baf6 dfpn: b5
1baf6 dfpn: i2
1baf6 dfpn: c5
1baf6 dfpn: c8
2bb16 info: Time for PreSearch: 0.188347s
1baf6 dfpn: c7
2bb16 info: 
  826bc77eb4e89a34
  a  b  c  d  e  f  g  h  i  j  k  
 1\b  b  b  b  B  .  W  *  *  *  .\1
  2\b  b  b  b  *  *  *  *  *  *  .\2
   3\B  b  b  W  *  *  *  B  W  .  .\3
    4\b  B  *  *  *  *  *  *  *  .  .\4
     5\W  *  *  *  *  *  *  *  *  .  .\5
      6\b  B  *  *  *  *  *  *  B  B  .\6
       7\b  .  *  *  *  *  *  *  *  *  .\7
        8\w  W  *  *  B  W  *  *  *  *  .\8
         9\w  .  *  B  B  *  *  *  *  .  .\9
         10\w  *  .  B  b  W  *  *  *  .  .\10
          11\.  .  *  W  W  .  *  *  W  .  .\11
              a  b  c  d  e  f  g  h  i  j  k  
1baf6 dfpn: f6
2bb16 info: Old: [black, a3] [white, swap-pieces] [white, b8] [black, e9] [white, i11] [black, e8] [white, g1] [black, e1] [white, e11] [black, d9] [white, i3] [black, j6] [white, d11] [black, b6] [white, f8] [black, h3] [white, d3] [black, d10] [white, a5] [black, i6] 
2bb16 info: New: [black, a3] [white, swap-pieces] [white, b8] [black, e9] [white, i11] [black, e8] [white, g1] [black, e1] [white, e11] [black, d9] [white, i3] [black, j6] [white, d11] [black, b6] [white, f8] [black, h3] [white, d3] [black, d10] [white, a5] [black, i6] [white, f10] [black, b4] 
2bb16 info: MovesPlayed: [white, f10] [black, b4] 
2bb16 info: No subtree to reuse.
1baf6 dfpn: b10
2bb16 info: StartSearch()[0]
2bb16 info: 
Elapsed Time   0.544069s
Count          1
GamesPlayed    1
Nodes          1
Knowledge      0 (0.0%)
Expansions     0.0
Time           0.00
GameLen        83.0 dev=0.0 min=83.0 max=83.0
InTree         0.0 dev=0.0 min=0.0 max=0.0
KnowDepth      -
Aborted        0%
Games/s        3802.3
Score          0.00
Sequence      
2bb16 info: 
2bb16 warning: **** MoHexSearch returned empty sequence!
2bb16 warning: **** Returning random move!
2bb16 info: *** Player move: h2
1baf6 info: DfpnSolver::CheckAbort(): Abort flag!
23b06 info: 
MID calls      92
VC builds      85
Terminal       0
Work           92
Wasted Work    0 (0%)
Elapsed Time   0.554924
MIDs/sec       165.788
VCs/sec        153.174
Cnt prune sib  2
Avg prune sib  2 dev=0 min=2 max=2
Consider Size  43.6353 dev=17.5646 min=10 max=62
Move Index     -
Move Percent   -
Delta Increase 2.08791 dev=5.81519 min=1 max=54
Winner         empty
PV             b10 f6 c11

HashTableStatistics:
Stores         1852
LookupAttempt  131673
LookupSuccess  7368
Collisions     0

23b06 info: Search aborted.
9e877 info: PlayAndSolve: Building VCs to avoid race condition.
9e877 info: PlayAndSolve: Continuing on as usual.
23b06 info: *** PlayerThread ***
2bb16 info: *** SolverThread ***
1baf6 config: VCS: reading captured set patterns from '/home/linus/MoHex2.0/nfbranchfix/benzene-vanilla-cmake/share/vc-captured-set.txt'.
1baf6 config: VCS:: parsed 2 patterns.
1baf6 config: VCS: reading captured set patterns from '/home/linus/MoHex2.0/nfbranchfix/benzene-vanilla-cmake/share/vc-captured-set.txt'.
1baf6 config: VCS:: parsed 2 patterns.
1baf6 dfpn: 
23b06 info: Best move cannot be determined, must search state.
23b06 info: --- MoHexPlayer::Search() ---
23b06 info: Color: white
23b06 info: MaxGames: 1
23b06 info: NumberThreads: 1
23b06 info: MaxNodes: 9090 (799920 bytes)
23b06 info: TimeForMove: 1
1baf6 dfpn: i2
1baf6 dfpn: c7
1baf6 dfpn: d7
1baf6 dfpn: b5
1baf6 dfpn: d6
1baf6 dfpn: e6
1baf6 dfpn: e7
1baf6 dfpn: c5
1baf6 dfpn: c6
1baf6 dfpn: c8
1baf6 dfpn: f7
1baf6 dfpn: f6
1baf6 dfpn: c4
1baf6 dfpn: h4
1baf6 dfpn: j1
1baf6 dfpn: c7
23b06 info: Time for PreSearch: 0.130983s
23b06 info: 
  aeefea7d542449d9
  a  b  c  d  e  f  g  h  i  j  k  
 1\b  b  b  b  B  .  W  .  .  *  .\1
  2\b  b  b  b  *  *  .  W  *  *  .\2
   3\B  b  b  W  *  *  *  B  W  .  .\3
    4\b  B  *  *  *  *  *  *  *  .  .\4
     5\W  *  *  *  *  *  *  *  *  .  .\5
      6\b  B  *  *  *  *  *  *  B  B  .\6
       7\b  .  *  *  *  *  *  *  *  *  .\7
        8\w  W  *  .  B  W  *  *  *  *  .\8
         9\w  w  B  B  B  *  *  *  *  .  .\9
         10\w  b  b  B  b  W  *  *  *  .  .\10
          11\b  b  b  W  W  .  *  *  W  .  .\11
              a  b  c  d  e  f  g  h  i  j  k  
1baf6 dfpn: i2
23b06 info: Old: [black, a3] [white, swap-pieces] [white, b8] [black, e9] [white, i11] [black, e8] [white, g1] [black, e1] [white, e11] [black, d9] [white, i3] [black, j6] [white, d11] [black, b6] [white, f8] [black, h3] [white, d3] [black, d10] [white, a5] [black, i6] [white, f10] [black, b4] 
23b06 info: New: [black, a3] [white, swap-pieces] [white, b8] [black, e9] [white, i11] [black, e8] [white, g1] [black, e1] [white, e11] [black, d9] [white, i3] [black, j6] [white, d11] [black, b6] [white, f8] [black, h3] [white, d3] [black, d10] [white, a5] [black, i6] [white, f10] [black, b4] [white, h2] [black, c9] 
23b06 info: MovesPlayed: [white, h2] [black, c9] 
23b06 info: No subtree to reuse.
23b06 info: StartSearch()[0]
23b06 info: 
Elapsed Time   0.29064s
Count          1
GamesPlayed    1
Nodes          1
Knowledge      0 (0.0%)
Expansions     0.0
Time           0.00
GameLen        75.0 dev=0.0 min=75.0 max=75.0
InTree         0.0 dev=0.0 min=0.0 max=0.0
KnowDepth      -
Aborted        0%
Games/s        3610.1
Score          0.00
Sequence      
23b06 info: 
23b06 warning: **** MoHexSearch returned empty sequence!
23b06 warning: **** Returning random move!
23b06 info: *** Player move: k3
1baf6 info: DfpnSolver::CheckAbort(): Abort flag!
2bb16 info: 
MID calls      55
VC builds      51
Terminal       0
Work           55
Wasted Work    0 (0%)
Elapsed Time   0.300223
MIDs/sec       183.197
VCs/sec        169.874
Cnt prune sib  0
Avg prune sib  -
Consider Size  41.9412 dev=16.2679 min=3 max=55
Move Index     -
Move Percent   -
Delta Increase 2.33333 dev=6.99206 min=1 max=51
Winner         empty
PV             i2 c5 c7 d6

HashTableStatistics:
Stores         1977
LookupAttempt  137471
LookupSuccess  7749
Collisions     0

2bb16 info: Search aborted.
9e877 info: PlayAndSolve: Building VCs to avoid race condition.
9e877 info: PlayAndSolve: Continuing on as usual.
2bb16 info: *** PlayerThread ***
23b06 info: *** SolverThread ***
1baf6 config: VCS: reading captured set patterns from '/home/linus/MoHex2.0/nfbranchfix/benzene-vanilla-cmake/share/vc-captured-set.txt'.
1baf6 config: VCS:: parsed 2 patterns.
1baf6 config: VCS: reading captured set patterns from '/home/linus/MoHex2.0/nfbranchfix/benzene-vanilla-cmake/share/vc-captured-set.txt'.
1baf6 config: VCS:: parsed 2 patterns.
1baf6 dfpn: 
2bb16 info: Mustplay is singleton!
2bb16 info: *** Player move: d7
1baf6 info: DfpnSolver::CheckAbort(): Abort flag!
23b06 info: 
MID calls      1
VC builds      1
Terminal       0
Work           1
Wasted Work    0 (0%)
Elapsed Time   0.006918
MIDs/sec       144.55
VCs/sec        144.55
Cnt prune sib  0
Avg prune sib  -
Consider Size  1 dev=0 min=1 max=1
Move Index     -
Move Percent   -
Delta Increase -
Winner         empty
PV             d7

HashTableStatistics:
Stores         1980
LookupAttempt  137483
LookupSuccess  7754
Collisions     0

23b06 info: Search aborted.
9e877 info: PlayAndSolve: Building VCs to avoid race condition.
9e877 info: PlayAndSolve: Continuing on as usual.
23b06 info: *** PlayerThread ***
2bb16 info: *** SolverThread ***
1baf6 config: VCS: reading captured set patterns from '/home/linus/MoHex2.0/nfbranchfix/benzene-vanilla-cmake/share/vc-captured-set.txt'.
1baf6 config: VCS:: parsed 2 patterns.
1baf6 config: VCS: reading captured set patterns from '/home/linus/MoHex2.0/nfbranchfix/benzene-vanilla-cmake/share/vc-captured-set.txt'.
1baf6 config: VCS:: parsed 2 patterns.
1baf6 dfpn: 
23b06 info: Mustplay is singleton!
23b06 info: *** Player move: f7
1baf6 info: DfpnSolver::CheckAbort(): Abort flag!
2bb16 info: 
MID calls      1
VC builds      1
Terminal       0
Work           1
Wasted Work    0 (0%)
Elapsed Time   0.007233
MIDs/sec       138.255
VCs/sec        138.255
Cnt prune sib  0
Avg prune sib  -
Consider Size  1 dev=0 min=1 max=1
Move Index     -
Move Percent   -
Delta Increase -
Winner         empty
PV             f7

HashTableStatistics:
Stores         1983
LookupAttempt  137495
LookupSuccess  7759
Collisions     0

2bb16 info: Search aborted.
9e877 info: PlayAndSolve: Building VCs to avoid race condition.
9e877 info: PlayAndSolve: Continuing on as usual.
2bb16 info: *** PlayerThread ***
23b06 info: *** SolverThread ***
1baf6 config: VCS: reading captured set patterns from '/home/linus/MoHex2.0/nfbranchfix/benzene-vanilla-cmake/share/vc-captured-set.txt'.
1baf6 config: VCS:: parsed 2 patterns.
1baf6 config: VCS: reading captured set patterns from '/home/linus/MoHex2.0/nfbranchfix/benzene-vanilla-cmake/share/vc-captured-set.txt'.
1baf6 config: VCS:: parsed 2 patterns.
1baf6 dfpn: 
2bb16 info: Opponent has won; playing most blocking move.
2bb16 info: *** Player move: d5
23b06 info: 
MID calls      0
VC builds      1
Terminal       1
Work           1
Wasted Work    0 (0%)
Elapsed Time   0.006416
MIDs/sec       0
VCs/sec        155.86
Cnt prune sib  0
Avg prune sib  -
Consider Size  -
Move Index     -
Move Percent   -
Delta Increase -
Winner         black
PV             

HashTableStatistics:
Stores         1984
LookupAttempt  137501
LookupSuccess  7762
Collisions     0

9e877 info: PlayAndSolve: Building VCs to avoid race condition.
9e877 info: PlayAndSolve: Continuing on as usual.
23b06 info: *** PlayerThread ***
2bb16 info: *** SolverThread ***
1baf6 config: VCS: reading captured set patterns from '/home/linus/MoHex2.0/nfbranchfix/benzene-vanilla-cmake/share/vc-captured-set.txt'.
1baf6 config: VCS:: parsed 2 patterns.
1baf6 config: VCS: reading captured set patterns from '/home/linus/MoHex2.0/nfbranchfix/benzene-vanilla-cmake/share/vc-captured-set.txt'.
1baf6 config: VCS:: parsed 2 patterns.
1baf6 dfpn: 
23b06 info: Opponent has won; playing most blocking move.
23b06 info: *** Player move: f5
2bb16 info: 
MID calls      0
VC builds      1
Terminal       1
Work           1
Wasted Work    0 (0%)
Elapsed Time   0.004714
MIDs/sec       0
VCs/sec        212.134
Cnt prune sib  0
Avg prune sib  -
Consider Size  -
Move Index     -
Move Percent   -
Delta Increase -
Winner         black
PV             

HashTableStatistics:
Stores         1985
LookupAttempt  137507
LookupSuccess  7765
Collisions     0

9e877 info: PlayAndSolve: Building VCs to avoid race condition.
9e877 info: PlayAndSolve: Continuing on as usual.
2bb16 info: *** PlayerThread ***
23b06 info: *** SolverThread ***
1baf6 config: VCS: reading captured set patterns from '/home/linus/MoHex2.0/nfbranchfix/benzene-vanilla-cmake/share/vc-captured-set.txt'.
1baf6 config: VCS:: parsed 2 patterns.
1baf6 config: VCS: reading captured set patterns from '/home/linus/MoHex2.0/nfbranchfix/benzene-vanilla-cmake/share/vc-captured-set.txt'.
1baf6 config: VCS:: parsed 2 patterns.
1baf6 dfpn: 
2bb16 info: Opponent has won; playing most blocking move.
2bb16 info: *** Player move: j1
23b06 info: 
MID calls      0
VC builds      1
Terminal       1
Work           1
Wasted Work    0 (0%)
Elapsed Time   0.00489
MIDs/sec       0
VCs/sec        204.499
Cnt prune sib  0
Avg prune sib  -
Consider Size  -
Move Index     -
Move Percent   -
Delta Increase -
Winner         black
PV             

HashTableStatistics:
Stores         1986
LookupAttempt  137513
LookupSuccess  7768
Collisions     0

9e877 info: PlayAndSolve: Building VCs to avoid race condition.
9e877 info: PlayAndSolve: Continuing on as usual.
23b06 info: *** PlayerThread ***
2bb16 info: *** SolverThread ***
1baf6 config: VCS: reading captured set patterns from '/home/linus/MoHex2.0/nfbranchfix/benzene-vanilla-cmake/share/vc-captured-set.txt'.
1baf6 config: VCS:: parsed 2 patterns.
1baf6 config: VCS: reading captured set patterns from '/home/linus/MoHex2.0/nfbranchfix/benzene-vanilla-cmake/share/vc-captured-set.txt'.
1baf6 config: VCS:: parsed 2 patterns.
1baf6 dfpn: 
23b06 info: Opponent has won; playing most blocking move.
23b06 info: *** Player move: g3
2bb16 info: 
MID calls      0
VC builds      1
Terminal       1
Work           1
Wasted Work    0 (0%)
Elapsed Time   0.005609
MIDs/sec       0
VCs/sec        178.285
Cnt prune sib  0
Avg prune sib  -
Consider Size  -
Move Index     -
Move Percent   -
Delta Increase -
Winner         black
PV             

HashTableStatistics:
Stores         1987
LookupAttempt  137519
LookupSuccess  7771
Collisions     0

9e877 info: PlayAndSolve: Building VCs to avoid race condition.
9e877 info: PlayAndSolve: Continuing on as usual.
2bb16 info: *** PlayerThread ***
23b06 info: *** SolverThread ***
1baf6 config: VCS: reading captured set patterns from '/home/linus/MoHex2.0/nfbranchfix/benzene-vanilla-cmake/share/vc-captured-set.txt'.
1baf6 config: VCS:: parsed 2 patterns.
1baf6 config: VCS: reading captured set patterns from '/home/linus/MoHex2.0/nfbranchfix/benzene-vanilla-cmake/share/vc-captured-set.txt'.
1baf6 config: VCS:: parsed 2 patterns.
1baf6 dfpn: 
2bb16 info: Opponent has won; playing most blocking move.
2bb16 info: *** Player move: e2
23b06 info: 
MID calls      0
VC builds      1
Terminal       1
Work           1
Wasted Work    0 (0%)
Elapsed Time   0.00558
MIDs/sec       0
VCs/sec        179.211
Cnt prune sib  0
Avg prune sib  -
Consider Size  -
Move Index     -
Move Percent   -
Delta Increase -
Winner         black
PV             

HashTableStatistics:
Stores         1988
LookupAttempt  137525
LookupSuccess  7774
Collisions     0

9e877 info: PlayAndSolve: Building VCs to avoid race condition.
9e877 info: PlayAndSolve: Continuing on as usual.
23b06 info: *** PlayerThread ***
2bb16 info: *** SolverThread ***
1baf6 config: VCS: reading captured set patterns from '/home/linus/MoHex2.0/nfbranchfix/benzene-vanilla-cmake/share/vc-captured-set.txt'.
1baf6 config: VCS:: parsed 2 patterns.
1baf6 config: VCS: reading captured set patterns from '/home/linus/MoHex2.0/nfbranchfix/benzene-vanilla-cmake/share/vc-captured-set.txt'.
1baf6 config: VCS:: parsed 2 patterns.
1baf6 dfpn: 
23b06 info: Opponent has won; playing most blocking move.
23b06 info: *** Player move: d4
2bb16 info: 
MID calls      0
VC builds      1
Terminal       1
Work           1
Wasted Work    0 (0%)
Elapsed Time   0.004974
MIDs/sec       0
VCs/sec        201.045
Cnt prune sib  0
Avg prune sib  -
Consider Size  -
Move Index     -
Move Percent   -
Delta Increase -
Winner         black
PV             

HashTableStatistics:
Stores         1989
LookupAttempt  137531
LookupSuccess  7777
Collisions     0

9e877 info: PlayAndSolve: Building VCs to avoid race condition.
9e877 info: PlayAndSolve: Continuing on as usual.
2bb16 info: *** PlayerThread ***
23b06 info: *** SolverThread ***
1baf6 config: VCS: reading captured set patterns from '/home/linus/MoHex2.0/nfbranchfix/benzene-vanilla-cmake/share/vc-captured-set.txt'.
1baf6 config: VCS:: parsed 2 patterns.
1baf6 config: VCS: reading captured set patterns from '/home/linus/MoHex2.0/nfbranchfix/benzene-vanilla-cmake/share/vc-captured-set.txt'.
1baf6 config: VCS:: parsed 2 patterns.
2bb16 info: Captured cells caused win! Removing...
1baf6 dfpn: 
23b06 info: 
MID calls      0
VC builds      1
Terminal       1
Work           1
Wasted Work    0 (0%)
Elapsed Time   0.002926
MIDs/sec       0
VCs/sec        341.763
Cnt prune sib  0
Avg prune sib  -
Consider Size  -
Move Index     -
Move Percent   -
Delta Increase -
Winner         black
PV             

HashTableStatistics:
Stores         1990
LookupAttempt  137537
LookupSuccess  7780
Collisions     0

2bb16 info: Opponent has won; playing most blocking move.
2bb16 info: *** Player move: c4
9e877 info: PlayAndSolve: Building VCs to avoid race condition.
9e877 info: PlayAndSolve: Continuing on as usual.
23b06 info: *** PlayerThread ***
2bb16 info: *** SolverThread ***
1baf6 config: VCS: reading captured set patterns from '/home/linus/MoHex2.0/nfbranchfix/benzene-vanilla-cmake/share/vc-captured-set.txt'.
1baf6 config: VCS:: parsed 2 patterns.
1baf6 config: VCS: reading captured set patterns from '/home/linus/MoHex2.0/nfbranchfix/benzene-vanilla-cmake/share/vc-captured-set.txt'.
1baf6 config: VCS:: parsed 2 patterns.
23b06 info: Captured cells caused win! Removing...
1baf6 dfpn: 
2bb16 info: 
MID calls      0
VC builds      1
Terminal       1
Work           1
Wasted Work    0 (0%)
Elapsed Time   0.003818
MIDs/sec       0
VCs/sec        261.917
Cnt prune sib  0
Avg prune sib  -
Consider Size  -
Move Index     -
Move Percent   -
Delta Increase -
Winner         black
PV             

HashTableStatistics:
Stores         1991
LookupAttempt  137543
LookupSuccess  7783
Collisions     0

23b06 info: Opponent has won; playing most blocking move.
23b06 info: *** Player move: e5
9e877 info: PlayAndSolve: Building VCs to avoid race condition.
9e877 info: PlayAndSolve: Continuing on as usual.
2bb16 info: *** PlayerThread ***
23b06 info: *** SolverThread ***
1baf6 config: VCS: reading captured set patterns from '/home/linus/MoHex2.0/nfbranchfix/benzene-vanilla-cmake/share/vc-captured-set.txt'.
1baf6 config: VCS:: parsed 2 patterns.
2bb16 info: Captured cells caused win! Removing...
1baf6 config: VCS: reading captured set patterns from '/home/linus/MoHex2.0/nfbranchfix/benzene-vanilla-cmake/share/vc-captured-set.txt'.
1baf6 config: VCS:: parsed 2 patterns.
1baf6 dfpn: 
23b06 info: 
MID calls      0
VC builds      1
Terminal       1
Work           1
Wasted Work    0 (0%)
Elapsed Time   0.002352
MIDs/sec       0
VCs/sec        425.17
Cnt prune sib  0
Avg prune sib  -
Consider Size  -
Move Index     -
Move Percent   -
Delta Increase -
Winner         black
PV             

HashTableStatistics:
Stores         1992
LookupAttempt  137549
LookupSuccess  7786
Collisions     0

2bb16 info: Opponent has won; playing most blocking move.
2bb16 info: *** Player move: c6
9e877 info: PlayAndSolve: Building VCs to avoid race condition.
9e877 info: PlayAndSolve: Continuing on as usual.
23b06 info: *** PlayerThread ***
2bb16 info: *** SolverThread ***
1baf6 config: VCS: reading captured set patterns from '/home/linus/MoHex2.0/nfbranchfix/benzene-vanilla-cmake/share/vc-captured-set.txt'.
1baf6 config: VCS:: parsed 2 patterns.
1baf6 config: VCS: reading captured set patterns from '/home/linus/MoHex2.0/nfbranchfix/benzene-vanilla-cmake/share/vc-captured-set.txt'.
1baf6 config: VCS:: parsed 2 patterns.
1baf6 dfpn: 
23b06 info: Captured cells caused win! Removing...
2bb16 info: 
MID calls      0
VC builds      1
Terminal       1
Work           1
Wasted Work    0 (0%)
Elapsed Time   0.002308
MIDs/sec       0
VCs/sec        433.276
Cnt prune sib  0
Avg prune sib  -
Consider Size  -
Move Index     -
Move Percent   -
Delta Increase -
Winner         black
PV             

HashTableStatistics:
Stores         1993
LookupAttempt  137555
LookupSuccess  7789
Collisions     0

23b06 info: Opponent has won; playing most blocking move.
23b06 info: *** Player move: c11
9e877 info: PlayAndSolve: Building VCs to avoid race condition.
9e877 info: PlayAndSolve: Continuing on as usual.
2bb16 info: *** PlayerThread ***
23b06 info: *** SolverThread ***
1baf6 config: VCS: reading captured set patterns from '/home/linus/MoHex2.0/nfbranchfix/benzene-vanilla-cmake/share/vc-captured-set.txt'.
1baf6 config: VCS:: parsed 2 patterns.
2bb16 info: Captured cells caused win! Removing...
1baf6 config: VCS: reading captured set patterns from '/home/linus/MoHex2.0/nfbranchfix/benzene-vanilla-cmake/share/vc-captured-set.txt'.
1baf6 config: VCS:: parsed 2 patterns.
1baf6 dfpn: 
23b06 info: 
MID calls      0
VC builds      1
Terminal       1
Work           1
Wasted Work    0 (0%)
Elapsed Time   0.002396
MIDs/sec       0
VCs/sec        417.362
Cnt prune sib  0
Avg prune sib  -
Consider Size  -
Move Index     -
Move Percent   -
Delta Increase -
Winner         black
PV             

HashTableStatistics:
Stores         1994
LookupAttempt  137561
LookupSuccess  7792
Collisions     0

2bb16 info: Opponent has won; playing most blocking move.
2bb16 info: *** Player move: a11
9e877 info: PlayAndSolve: Building VCs to avoid race condition.
9e877 info: PlayAndSolve: Continuing on as usual.
23b06 info: *** PlayerThread ***
2bb16 info: *** SolverThread ***
1baf6 config: VCS: reading captured set patterns from '/home/linus/MoHex2.0/nfbranchfix/benzene-vanilla-cmake/share/vc-captured-set.txt'.
1baf6 config: VCS:: parsed 2 patterns.
1baf6 config: VCS: reading captured set patterns from '/home/linus/MoHex2.0/nfbranchfix/benzene-vanilla-cmake/share/vc-captured-set.txt'.
1baf6 config: VCS:: parsed 2 patterns.
23b06 info: Captured cells caused win! Removing...
1baf6 dfpn: 
2bb16 info: 
MID calls      0
VC builds      1
Terminal       1
Work           1
Wasted Work    0 (0%)
Elapsed Time   0.002333
MIDs/sec       0
VCs/sec        428.633
Cnt prune sib  0
Avg prune sib  -
Consider Size  -
Move Index     -
Move Percent   -
Delta Increase -
Winner         black
PV             

HashTableStatistics:
Stores         1995
LookupAttempt  137567
LookupSuccess  7795
Collisions     0

23b06 info: Opponent has won; playing most blocking move.
23b06 info: *** Player move: b1
9e877 config: ============ BenzeneShutdown =============
9e877 config: MoHexProgram:: ShutdownSystem()
9e877 config: CommonProgram:: ShutdownSystem()
9e877 config: BenzeneProgram:: ShutdownSystem()
Flushing and closing this stream...
