d4a67 config: MoHex v2.0.CMake Mar 21 2025.
d4a67 config: ============ InitializeSystem ============
d4a67 config: BenzeneProgram::InitRandom()
d4a67 config: Seed = 5508
d4a67 info: Prior Patterns:
d4a67 info: Global:
d4a67 info: Size            = 565 32648 
d4a67 info: TableEntries    = 65932 65910
d4a67 info: MirrorsAdded    = 0 0
d4a67 info: PrunableCount   = 30593 30629
d4a67 info: LargestGamma    = 5820.77
d4a67 info: SmallestGamma   = 6.6e-05
d4a67 info: Local:
d4a67 info: Size            = 550 5318 
d4a67 info: TableEntries    = 11602 11588
d4a67 info: MirrorsAdded    = 0 0
d4a67 info: PrunableCount   = 3659 3667
d4a67 info: LargestGamma    = 11281.8
d4a67 info: SmallestGamma   = 0.026235
d4a67 info: Playout Patterns:
d4a67 info: Global:
d4a67 info: Size            = 565 32648 
d4a67 info: TableEntries    = 70329 70329
d4a67 info: MirrorsAdded    = 4397 4419
d4a67 info: PrunableCount   = 30593 30629
d4a67 info: LargestGamma    = 5820.77
d4a67 info: SmallestGamma   = 6.6e-05
d4a67 info: Local:
d4a67 info: Size            = 550 5318 
d4a67 info: TableEntries    = 11602 11588
d4a67 info: MirrorsAdded    = 0 0
d4a67 info: PrunableCount   = 3659 3667
d4a67 info: LargestGamma    = 11281.8
d4a67 info: SmallestGamma   = 0.026235
d4a67 config: IcePatternSet: reading from '/home/linus/MoHex2.0/nfbranchfix/benzene-vanilla-cmake/share/ice-patterns.txt'.
d4a67 config: IcePatternSet: parsed 708 patterns.
d4a67 config: VCS: reading captured set patterns from '/home/linus/MoHex2.0/nfbranchfix/benzene-vanilla-cmake/share/vc-captured-set.txt'.
d4a67 config: VCS:: parsed 2 patterns.
d4a67 config: VCS: reading captured set patterns from '/home/linus/MoHex2.0/nfbranchfix/benzene-vanilla-cmake/share/vc-captured-set.txt'.
d4a67 config: VCS:: parsed 2 patterns.
d4a67 config: IcePatternSet: reading from '/home/linus/MoHex2.0/nfbranchfix/benzene-vanilla-cmake/share/ice-patterns.txt'.
d4a67 config: IcePatternSet: parsed 708 patterns.
d4a67 config: VCS: reading captured set patterns from '/home/linus/MoHex2.0/nfbranchfix/benzene-vanilla-cmake/share/vc-captured-set.txt'.
d4a67 config: VCS:: parsed 2 patterns.
d4a67 config: VCS: reading captured set patterns from '/home/linus/MoHex2.0/nfbranchfix/benzene-vanilla-cmake/share/vc-captured-set.txt'.
d4a67 config: VCS:: parsed 2 patterns.
d4a67 config: VCS: reading captured set patterns from '/home/linus/MoHex2.0/nfbranchfix/benzene-vanilla-cmake/share/vc-captured-set.txt'.
d4a67 config: VCS:: parsed 2 patterns.
d4a67 config: VCS: reading captured set patterns from '/home/linus/MoHex2.0/nfbranchfix/benzene-vanilla-cmake/share/vc-captured-set.txt'.
d4a67 config: VCS:: parsed 2 patterns.
d4a67 config: VCS: reading captured set patterns from '/home/linus/MoHex2.0/nfbranchfix/benzene-vanilla-cmake/share/vc-captured-set.txt'.
d4a67 config: VCS:: parsed 2 patterns.
d4a67 config: VCS: reading captured set patterns from '/home/linus/MoHex2.0/nfbranchfix/benzene-vanilla-cmake/share/vc-captured-set.txt'.
d4a67 config: VCS:: parsed 2 patterns.
d4a67 info: SwapCheck: reading from '/home/linus/MoHex2.0/nfbranchfix/benzene-vanilla-cmake/share/swap-moves.txt'.
d4a67 info: SwapCheck: playing swap.
d4a67 info: PlayAndSolve: Building VCs to avoid race condition.
d4a67 config: VCPattern: loading pattern templates from '/home/linus/MoHex2.0/nfbranchfix/benzene-vanilla-cmake/share/vc-patterns.txt'.
d4a67 info: PlayAndSolve: Continuing on as usual.
61d06 info: *** PlayerThread ***
59cf6 info: *** SolverThread ***
51ce6 config: VCS: reading captured set patterns from '/home/linus/MoHex2.0/nfbranchfix/benzene-vanilla-cmake/share/vc-captured-set.txt'.
51ce6 config: VCS:: parsed 2 patterns.
51ce6 config: VCS: reading captured set patterns from '/home/linus/MoHex2.0/nfbranchfix/benzene-vanilla-cmake/share/vc-captured-set.txt'.
51ce6 config: VCS:: parsed 2 patterns.
51ce6 dfpn: 
61d06 info: Best move cannot be determined, must search state.
61d06 info: --- MoHexPlayer::Search() ---
61d06 info: Color: black
61d06 info: MaxGames: 1
61d06 info: NumberThreads: 1
61d06 info: MaxNodes: 181818181 (15999999928 bytes)
61d06 info: TimeForMove: 1
51ce6 dfpn: f8
51ce6 dfpn: d8
51ce6 dfpn: c9
51ce6 dfpn: b10
51ce6 dfpn: e7
51ce6 dfpn: e8
51ce6 dfpn: c8
51ce6 dfpn: f7
51ce6 dfpn: b8
51ce6 dfpn: d7
51ce6 dfpn: b9
51ce6 dfpn: d9
51ce6 dfpn: f6
51ce6 dfpn: g6
51ce6 dfpn: c7
51ce6 dfpn: e6
51ce6 dfpn: b7
51ce6 dfpn: c10
61d06 info: PreSearch: max time reached (43/89).
61d06 info: Time for PreSearch: 0.200391s
51ce6 dfpn: g7
51ce6 dfpn: g5
61d06 info: 
  84467d990ec1a0b9
  a  b  c  d  e  f  g  h  i  j  k  
 1\.  .  .  .  .  .  .  .  .  .  .\1
  2\.  .  *  *  *  *  *  *  *  *  *\2
   3\.  *  *  *  *  *  *  *  *  *  *\3
    4\*  *  *  *  *  *  *  *  *  *  *\4
     5\.  B  *  *  *  *  *  *  *  *  *\5
      6\.  *  *  *  *  *  *  *  *  *  *\6
       7\*  *  *  *  *  *  *  W  *  *  *\7
        8\*  *  *  *  *  *  *  *  *  *  *\8
         9\*  *  *  *  *  *  *  *  *  *  .\9
         10\*  *  *  *  *  *  *  *  *  .  .\10
          11\.  .  .  .  .  .  .  .  .  .  .\11
              a  b  c  d  e  f  g  h  i  j  k  
51ce6 dfpn: b6
51ce6 dfpn: c6
51ce6 dfpn: h4
51ce6 dfpn: d6
51ce6 dfpn: c10
61d06 info: No subtree to reuse.
61d06 info: Creating thread 0
61d06 info: StartSearch()[0]
61d06 config: VCS: reading captured set patterns from '/home/linus/MoHex2.0/nfbranchfix/benzene-vanilla-cmake/share/vc-captured-set.txt'.
61d06 config: VCS:: parsed 2 patterns.
61d06 config: VCS: reading captured set patterns from '/home/linus/MoHex2.0/nfbranchfix/benzene-vanilla-cmake/share/vc-captured-set.txt'.
61d06 config: VCS:: parsed 2 patterns.
61d06 info: 
Elapsed Time   0.383182s
Count          1
GamesPlayed    1
Nodes          1
Knowledge      0 (0.0%)
Expansions     0.0
Time           0.00
GameLen        119.0 dev=0.0 min=119.0 max=119.0
InTree         0.0 dev=0.0 min=0.0 max=0.0
KnowDepth      -
Aborted        0%
Games/s        397.0
Score          1.00
Sequence      
61d06 info: 
61d06 warning: **** MoHexSearch returned empty sequence!
61d06 warning: **** Returning random move!
61d06 info: *** Player move: i11
51ce6 info: DfpnSolver::CheckAbort(): Abort flag!
59cf6 info: 
MID calls      33
VC builds      32
Terminal       0
Work           33
Wasted Work    0 (0%)
Elapsed Time   0.403217
MIDs/sec       81.8418
VCs/sec        79.3617
Cnt prune sib  0
Avg prune sib  -
Consider Size  88.125 dev=2.63095 min=83 max=90
Move Index     -
Move Percent   -
Delta Increase 3.65625 dev=14.2601 min=1 max=83
Winner         empty
PV             c10 f7 d8

HashTableStatistics:
Stores         90
LookupAttempt  11301
LookupSuccess  711
Collisions     0

59cf6 info: Search aborted.
d4a67 info: PlayAndSolve: Building VCs to avoid race condition.
d4a67 info: PlayAndSolve: Continuing on as usual.
59cf6 info: *** PlayerThread ***
61d06 info: *** SolverThread ***
51ce6 config: VCS: reading captured set patterns from '/home/linus/MoHex2.0/nfbranchfix/benzene-vanilla-cmake/share/vc-captured-set.txt'.
51ce6 config: VCS:: parsed 2 patterns.
51ce6 config: VCS: reading captured set patterns from '/home/linus/MoHex2.0/nfbranchfix/benzene-vanilla-cmake/share/vc-captured-set.txt'.
51ce6 config: VCS:: parsed 2 patterns.
51ce6 dfpn: 
59cf6 info: Best move cannot be determined, must search state.
59cf6 info: --- MoHexPlayer::Search() ---
59cf6 info: Color: black
59cf6 info: MaxGames: 1
59cf6 info: NumberThreads: 1
59cf6 info: MaxNodes: 181818181 (15999999928 bytes)
59cf6 info: TimeForMove: 1
51ce6 dfpn: d7
51ce6 dfpn: b10
51ce6 dfpn: c8
51ce6 dfpn: d8
51ce6 dfpn: b8
51ce6 dfpn: c7
51ce6 dfpn: e6
51ce6 dfpn: c9
51ce6 dfpn: e7
51ce6 dfpn: g6
51ce6 dfpn: b9
51ce6 dfpn: d6
51ce6 dfpn: b7
51ce6 dfpn: c6
51ce6 dfpn: h5
51ce6 dfpn: g7
51ce6 dfpn: b6
51ce6 dfpn: e8
51ce6 dfpn: e5
51ce6 dfpn: f8
59cf6 info: PreSearch: max time reached (49/89).
59cf6 info: Time for PreSearch: 0.201674s
51ce6 dfpn: d9
51ce6 dfpn: c10
59cf6 info: 
  62cf1fb70e17720a
  a  b  c  d  e  f  g  h  i  j  k  
 1\.  .  .  .  .  .  .  .  .  .  .\1
  2\.  .  *  *  *  *  *  *  *  *  *\2
   3\.  *  *  *  *  *  *  *  *  *  *\3
    4\*  *  *  *  *  *  *  *  *  *  *\4
     5\.  B  *  *  *  *  *  *  *  *  *\5
      6\.  *  *  *  *  W  *  *  *  *  *\6
       7\*  *  *  *  *  *  *  W  *  *  *\7
        8\*  *  *  *  *  *  *  *  *  *  *\8
         9\*  *  *  *  *  *  *  *  *  *  *\9
         10\*  *  *  *  *  *  *  *  *  .  .\10
          11\.  .  .  .  .  .  .  .  B  b  b\11
              a  b  c  d  e  f  g  h  i  j  k  
51ce6 dfpn: j4
51ce6 dfpn: a10
51ce6 dfpn: c10
59cf6 info: Old: [black, b5] [white, swap-pieces] [white, h7] 
59cf6 info: New: [black, b5] [white, swap-pieces] [white, h7] [black, i11] [white, f6] 
59cf6 info: MovesPlayed: [black, i11] [white, f6] 
59cf6 info: No subtree to reuse.
59cf6 info: StartSearch()[0]
59cf6 info: 
Elapsed Time   3.95554s
Count          1
GamesPlayed    1
Nodes          1
Knowledge      0 (0.0%)
Expansions     0.0
Time           0.00
GameLen        115.0 dev=0.0 min=115.0 max=115.0
InTree         0.0 dev=0.0 min=0.0 max=0.0
KnowDepth      -
Aborted        0%
Games/s        2109.7
Score          1.00
Sequence      
59cf6 info: 
59cf6 warning: **** MoHexSearch returned empty sequence!
59cf6 warning: **** Returning random move!
59cf6 info: *** Player move: e7
51ce6 info: DfpnSolver::CheckAbort(): Abort flag!
61d06 info: 
MID calls      34
VC builds      33
Terminal       0
Work           34
Wasted Work    0 (0%)
Elapsed Time   3.97425
MIDs/sec       8.55508
VCs/sec        8.30346
Cnt prune sib  0
Avg prune sib  -
Consider Size  77.4546 dev=17.4339 min=40 max=89
Move Index     -
Move Percent   -
Delta Increase 3.48485 dev=13.5359 min=1 max=80
Winner         empty
PV             c10 e7 c8

HashTableStatistics:
Stores         182
LookupAttempt  22337
LookupSuccess  1423
Collisions     0

61d06 info: Search aborted.
d4a67 info: PlayAndSolve: Building VCs to avoid race condition.
d4a67 info: PlayAndSolve: Continuing on as usual.
61d06 info: *** PlayerThread ***
59cf6 info: *** SolverThread ***
51ce6 config: VCS: reading captured set patterns from '/home/linus/MoHex2.0/nfbranchfix/benzene-vanilla-cmake/share/vc-captured-set.txt'.
51ce6 config: VCS:: parsed 2 patterns.
51ce6 config: VCS: reading captured set patterns from '/home/linus/MoHex2.0/nfbranchfix/benzene-vanilla-cmake/share/vc-captured-set.txt'.
51ce6 config: VCS:: parsed 2 patterns.
51ce6 dfpn: 
51ce6 dfpn: f8
61d06 info: Best move cannot be determined, must search state.
61d06 info: --- MoHexPlayer::Search() ---
61d06 info: Color: black
61d06 info: MaxGames: 1
61d06 info: NumberThreads: 1
61d06 info: MaxNodes: 181818181 (15999999928 bytes)
61d06 info: TimeForMove: 1
51ce6 dfpn: b10
51ce6 dfpn: e6
51ce6 dfpn: c8
51ce6 dfpn: d6
51ce6 dfpn: c9
51ce6 dfpn: b8
51ce6 dfpn: e9
51ce6 dfpn: e5
51ce6 dfpn: c7
51ce6 dfpn: b7
51ce6 dfpn: c6
51ce6 dfpn: b6
51ce6 dfpn: e8
51ce6 dfpn: b9
51ce6 dfpn: g7
51ce6 dfpn: g8
51ce6 dfpn: e10
51ce6 dfpn: g6
61d06 info: PreSearch: max time reached (45/85).
61d06 info: Time for PreSearch: 0.202759s
51ce6 dfpn: a10
51ce6 dfpn: f7
51ce6 dfpn: h5
61d06 info: 
  2dd2a9d7dc7a15e8
  a  b  c  d  e  f  g  h  i  j  k  
 1\.  .  .  .  .  .  .  .  .  .  .\1
  2\.  .  *  *  *  *  *  *  *  *  *\2
   3\.  *  *  *  *  *  *  *  *  *  *\3
    4\*  *  *  *  *  *  *  *  *  *  *\4
     5\.  B  *  *  *  *  *  *  *  *  *\5
      6\.  *  *  *  *  W  *  *  *  *  *\6
       7\*  *  *  *  B  *  *  W  *  *  *\7
        8\*  *  *  *  *  *  *  *  *  *  *\8
         9\*  *  *  W  *  *  *  *  *  *  *\9
         10\*  *  .  .  *  *  *  *  *  .  .\10
          11\.  .  .  .  .  .  .  .  B  b  b\11
              a  b  c  d  e  f  g  h  i  j  k  
51ce6 dfpn: f9
51ce6 dfpn: e10
61d06 info: Old: [black, b5] [white, swap-pieces] [white, h7] [black, i11] [white, f6] 
61d06 info: New: [black, b5] [white, swap-pieces] [white, h7] [black, i11] [white, f6] [black, e7] [white, d9] 
61d06 info: MovesPlayed: [black, e7] [white, d9] 
61d06 info: No subtree to reuse.
61d06 info: StartSearch()[0]
61d06 info: 
Elapsed Time   0.364229s
Count          1
GamesPlayed    1
Nodes          1
Knowledge      0 (0.0%)
Expansions     0.0
Time           0.00
GameLen        113.0 dev=0.0 min=113.0 max=113.0
InTree         0.0 dev=0.0 min=0.0 max=0.0
KnowDepth      -
Aborted        0%
Games/s        3389.8
Score          1.00
Sequence      
61d06 info: 
61d06 warning: **** MoHexSearch returned empty sequence!
61d06 warning: **** Returning random move!
61d06 info: *** Player move: j6
51ce6 info: DfpnSolver::CheckAbort(): Abort flag!
59cf6 info: 
MID calls      33
VC builds      32
Terminal       0
Work           33
Wasted Work    0 (0%)
Elapsed Time   0.379744
MIDs/sec       86.9006
VCs/sec        84.2673
Cnt prune sib  0
Avg prune sib  -
Consider Size  73.5625 dev=22.4332 min=14 max=87
Move Index     -
Move Percent   -
Delta Increase 3.375 dev=12.6953 min=1 max=74
Winner         empty
PV             e10 c9 f8

HashTableStatistics:
Stores         271
LookupAttempt  32470
LookupSuccess  2083
Collisions     0

59cf6 info: Search aborted.
d4a67 info: PlayAndSolve: Building VCs to avoid race condition.
d4a67 info: PlayAndSolve: Continuing on as usual.
59cf6 info: *** PlayerThread ***
61d06 info: *** SolverThread ***
51ce6 config: VCS: reading captured set patterns from '/home/linus/MoHex2.0/nfbranchfix/benzene-vanilla-cmake/share/vc-captured-set.txt'.
51ce6 config: VCS:: parsed 2 patterns.
51ce6 config: VCS: reading captured set patterns from '/home/linus/MoHex2.0/nfbranchfix/benzene-vanilla-cmake/share/vc-captured-set.txt'.
51ce6 config: VCS:: parsed 2 patterns.
51ce6 dfpn: 
59cf6 info: Best move cannot be determined, must search state.
59cf6 info: --- MoHexPlayer::Search() ---
59cf6 info: Color: black
59cf6 info: MaxGames: 1
59cf6 info: NumberThreads: 1
59cf6 info: MaxNodes: 181818181 (15999999928 bytes)
59cf6 info: TimeForMove: 1
51ce6 dfpn: f8
51ce6 dfpn: e6
51ce6 dfpn: b10
51ce6 dfpn: d6
51ce6 dfpn: c8
51ce6 dfpn: j3
51ce6 dfpn: e5
51ce6 dfpn: b8
51ce6 dfpn: c7
51ce6 dfpn: c9
51ce6 dfpn: c6
51ce6 dfpn: b7
51ce6 dfpn: j5
51ce6 dfpn: b6
51ce6 dfpn: i8
51ce6 dfpn: e9
51ce6 dfpn: i5
51ce6 dfpn: b9
51ce6 dfpn: j2
51ce6 dfpn: e8
51ce6 dfpn: f5
51ce6 dfpn: j4
59cf6 info: PreSearch: max time reached (46/81).
59cf6 info: Time for PreSearch: 0.200322s
51ce6 dfpn: b10
59cf6 info: 
  b04d2370a89d1b51
  a  b  c  d  e  f  g  h  i  j  k  
 1\.  .  .  .  .  .  .  .  .  .  .\1
  2\.  .  *  *  *  *  *  *  *  *  *\2
   3\.  *  *  *  *  *  *  *  *  *  *\3
    4\*  *  *  *  *  *  *  W  *  *  *\4
     5\.  B  *  *  *  *  *  *  *  *  .\5
      6\.  *  *  *  *  W  *  *  *  B  .\6
       7\*  *  *  *  B  *  *  W  *  *  *\7
        8\*  *  *  *  *  *  *  *  *  *  *\8
         9\*  *  *  W  *  *  *  *  *  *  *\9
         10\*  *  .  .  *  *  *  *  *  .  .\10
          11\.  .  .  .  .  .  .  .  B  b  b\11
              a  b  c  d  e  f  g  h  i  j  k  
59cf6 info: Old: [black, b5] [white, swap-pieces] [white, h7] [black, i11] [white, f6] [black, e7] [white, d9] 
59cf6 info: New: [black, b5] [white, swap-pieces] [white, h7] [black, i11] [white, f6] [black, e7] [white, d9] [black, j6] [white, h4] 
59cf6 info: MovesPlayed: [black, j6] [white, h4] 
59cf6 info: No subtree to reuse.
59cf6 info: StartSearch()[0]
59cf6 info: 
Elapsed Time   0.376519s
Count          1
GamesPlayed    1
Nodes          1
Knowledge      0 (0.0%)
Expansions     0.0
Time           0.00
GameLen        111.0 dev=0.0 min=111.0 max=111.0
InTree         0.0 dev=0.0 min=0.0 max=0.0
KnowDepth      -
Aborted        0%
Games/s        3003.0
Score          1.00
Sequence      
59cf6 info: 
59cf6 warning: **** MoHexSearch returned empty sequence!
59cf6 warning: **** Returning random move!
59cf6 info: *** Player move: k3
51ce6 info: DfpnSolver::CheckAbort(): Abort flag!
61d06 info: 
MID calls      37
VC builds      36
Terminal       0
Work           37
Wasted Work    0 (0%)
Elapsed Time   0.387708
MIDs/sec       95.4326
VCs/sec        92.8534
Cnt prune sib  0
Avg prune sib  -
Consider Size  76.6389 dev=12.0765 min=29 max=83
Move Index     -
Move Percent   -
Delta Increase 3.16667 dev=12.1598 min=1 max=75
Winner         empty
PV             b10 d5 e6

HashTableStatistics:
Stores         367
LookupAttempt  42354
LookupSuccess  2698
Collisions     0

61d06 info: Search aborted.
d4a67 info: PlayAndSolve: Building VCs to avoid race condition.
d4a67 info: PlayAndSolve: Continuing on as usual.
61d06 info: *** PlayerThread ***
59cf6 info: *** SolverThread ***
51ce6 config: VCS: reading captured set patterns from '/home/linus/MoHex2.0/nfbranchfix/benzene-vanilla-cmake/share/vc-captured-set.txt'.
51ce6 config: VCS:: parsed 2 patterns.
51ce6 config: VCS: reading captured set patterns from '/home/linus/MoHex2.0/nfbranchfix/benzene-vanilla-cmake/share/vc-captured-set.txt'.
51ce6 config: VCS:: parsed 2 patterns.
51ce6 dfpn: 
61d06 info: Best move cannot be determined, must search state.
61d06 info: --- MoHexPlayer::Search() ---
61d06 info: Color: black
61d06 info: MaxGames: 1
61d06 info: NumberThreads: 1
61d06 info: MaxNodes: 181818181 (15999999928 bytes)
61d06 info: TimeForMove: 1
51ce6 dfpn: f8
51ce6 dfpn: b10
51ce6 dfpn: j7
51ce6 dfpn: e6
51ce6 dfpn: c8
51ce6 dfpn: d6
51ce6 dfpn: c9
51ce6 dfpn: g8
51ce6 dfpn: b8
51ce6 dfpn: e9
51ce6 dfpn: e5
51ce6 dfpn: c7
51ce6 dfpn: b7
51ce6 dfpn: c6
51ce6 dfpn: j8
51ce6 dfpn: b6
51ce6 dfpn: j2
51ce6 dfpn: b9
51ce6 dfpn: e8
51ce6 dfpn: g7
51ce6 dfpn: e10
61d06 info: PreSearch: max time reached (52/79).
61d06 info: Time for PreSearch: 0.203128s
61d06 info: 
  fc2d73063e4cfa61
  a  b  c  d  e  f  g  h  i  j  k  
 1\.  .  .  .  .  .  .  .  .  .  .\1
  2\.  .  *  *  *  *  *  *  *  *  *\2
   3\.  *  *  *  *  *  *  *  *  *  B\3
    4\*  *  *  *  *  *  *  W  *  *  *\4
     5\.  B  *  *  *  *  *  *  *  *  .\5
      6\.  *  *  *  *  W  *  *  *  B  .\6
       7\*  *  *  *  B  *  *  W  W  *  *\7
        8\*  *  *  *  *  *  *  *  *  *  *\8
         9\*  *  *  W  *  *  *  *  *  *  *\9
         10\*  *  .  .  *  *  *  *  *  .  .\10
          11\.  .  .  .  .  .  .  .  B  b  b\11
              a  b  c  d  e  f  g  h  i  j  k  
61d06 info: Old: [black, b5] [white, swap-pieces] [white, h7] [black, i11] [white, f6] [black, e7] [white, d9] [black, j6] [white, h4] 
61d06 info: New: [black, b5] [white, swap-pieces] [white, h7] [black, i11] [white, f6] [black, e7] [white, d9] [black, j6] [white, h4] [black, k3] [white, i7] 
61d06 info: MovesPlayed: [black, k3] [white, i7] 
61d06 info: No subtree to reuse.
61d06 info: StartSearch()[0]
61d06 info: 
Elapsed Time   0.350683s
Count          1
GamesPlayed    1
Nodes          1
Knowledge      0 (0.0%)
Expansions     0.0
Time           0.00
GameLen        109.0 dev=0.0 min=109.0 max=109.0
InTree         0.0 dev=0.0 min=0.0 max=0.0
KnowDepth      -
Aborted        0%
Games/s        2898.6
Score          0.00
Sequence      
61d06 info: 
61d06 warning: **** MoHexSearch returned empty sequence!
61d06 warning: **** Returning random move!
61d06 info: *** Player move: j9
51ce6 info: DfpnSolver::CheckAbort(): Abort flag!
59cf6 info: 
MID calls      45
VC builds      44
Terminal       0
Work           45
Wasted Work    0 (0%)
Elapsed Time   0.361564
MIDs/sec       124.459
VCs/sec        121.694
Cnt prune sib  1
Avg prune sib  4 dev=0 min=4 max=4
Consider Size  72.7727 dev=10.4858 min=20 max=82
Move Index     -
Move Percent   -
Delta Increase 4.09091 dev=12.797 min=1 max=74
Winner         empty
PV             e10 f8 a10 b8

HashTableStatistics:
Stores         476
LookupAttempt  51909
LookupSuccess  3230
Collisions     0

59cf6 info: Search aborted.
d4a67 info: PlayAndSolve: Building VCs to avoid race condition.
d4a67 info: PlayAndSolve: Continuing on as usual.
59cf6 info: *** PlayerThread ***
61d06 info: *** SolverThread ***
51ce6 config: VCS: reading captured set patterns from '/home/linus/MoHex2.0/nfbranchfix/benzene-vanilla-cmake/share/vc-captured-set.txt'.
51ce6 config: VCS:: parsed 2 patterns.
51ce6 config: VCS: reading captured set patterns from '/home/linus/MoHex2.0/nfbranchfix/benzene-vanilla-cmake/share/vc-captured-set.txt'.
51ce6 config: VCS:: parsed 2 patterns.
51ce6 dfpn: 
51ce6 dfpn: j7
59cf6 info: Best move cannot be determined, must search state.
59cf6 info: --- MoHexPlayer::Search() ---
59cf6 info: Color: black
59cf6 info: MaxGames: 1
59cf6 info: NumberThreads: 1
59cf6 info: MaxNodes: 181818181 (15999999928 bytes)
59cf6 info: TimeForMove: 1
51ce6 dfpn: f8
51ce6 dfpn: b10
51ce6 dfpn: e6
51ce6 dfpn: k7
51ce6 dfpn: j2
51ce6 dfpn: c9
51ce6 dfpn: j5
51ce6 dfpn: j8
51ce6 dfpn: d6
51ce6 dfpn: b8
51ce6 dfpn: b9
51ce6 dfpn: e9
51ce6 dfpn: e10
51ce6 dfpn: c8
51ce6 dfpn: k4
51ce6 dfpn: e8
51ce6 dfpn: e5
51ce6 dfpn: k2
51ce6 dfpn: b7
51ce6 dfpn: b10
59cf6 info: PreSearch: max time reached (50/75).
59cf6 info: Time for PreSearch: 0.202054s
59cf6 info: 
  89ef4dcc60d2ff21
  a  b  c  d  e  f  g  h  i  j  k  
 1\.  .  .  .  .  .  .  .  .  .  .\1
  2\.  .  *  *  *  *  *  *  *  *  *\2
   3\.  *  *  *  *  *  *  *  *  *  B\3
    4\*  *  *  *  *  *  *  W  *  *  *\4
     5\.  B  *  *  *  *  *  *  *  *  .\5
      6\.  *  *  *  *  W  *  *  *  B  .\6
       7\*  *  *  *  B  *  *  W  W  *  *\7
        8\*  *  *  *  *  *  *  *  *  *  .\8
         9\*  *  *  W  *  *  *  *  *  B  w\9
         10\*  *  .  .  *  *  *  *  .  .  w\10
          11\.  .  .  .  .  W  .  .  B  b  b\11
              a  b  c  d  e  f  g  h  i  j  k  
59cf6 info: Old: [black, b5] [white, swap-pieces] [white, h7] [black, i11] [white, f6] [black, e7] [white, d9] [black, j6] [white, h4] [black, k3] [white, i7] 
59cf6 info: New: [black, b5] [white, swap-pieces] [white, h7] [black, i11] [white, f6] [black, e7] [white, d9] [black, j6] [white, h4] [black, k3] [white, i7] [black, j9] [white, f11] 
59cf6 info: MovesPlayed: [black, j9] [white, f11] 
59cf6 info: No subtree to reuse.
59cf6 info: StartSearch()[0]
59cf6 info: 
Elapsed Time   0.351603s
Count          1
GamesPlayed    1
Nodes          1
Knowledge      0 (0.0%)
Expansions     0.0
Time           0.00
GameLen        105.0 dev=0.0 min=105.0 max=105.0
InTree         0.0 dev=0.0 min=0.0 max=0.0
KnowDepth      -
Aborted        0%
Games/s        3745.3
Score          0.00
Sequence      
59cf6 info: 
59cf6 warning: **** MoHexSearch returned empty sequence!
59cf6 warning: **** Returning random move!
59cf6 info: *** Player move: d3
51ce6 info: DfpnSolver::CheckAbort(): Abort flag!
61d06 info: 
MID calls      52
VC builds      50
Terminal       0
Work           52
Wasted Work    0 (0%)
Elapsed Time   0.366929
MIDs/sec       141.717
VCs/sec        136.266
Cnt prune sib  0
Avg prune sib  -
Consider Size  72.82 dev=8.25994 min=29 max=83
Move Index     -
Move Percent   -
Delta Increase 3.66667 dev=11.6327 min=1 max=73
Winner         empty
PV             b10 f8 c7 b9

HashTableStatistics:
Stores         599
LookupAttempt  61664
LookupSuccess  3769
Collisions     0

61d06 info: Search aborted.
d4a67 info: PlayAndSolve: Building VCs to avoid race condition.
d4a67 info: PlayAndSolve: Continuing on as usual.
61d06 info: *** PlayerThread ***
59cf6 info: *** SolverThread ***
51ce6 config: VCS: reading captured set patterns from '/home/linus/MoHex2.0/nfbranchfix/benzene-vanilla-cmake/share/vc-captured-set.txt'.
51ce6 config: VCS:: parsed 2 patterns.
51ce6 config: VCS: reading captured set patterns from '/home/linus/MoHex2.0/nfbranchfix/benzene-vanilla-cmake/share/vc-captured-set.txt'.
51ce6 config: VCS:: parsed 2 patterns.
51ce6 dfpn: 
61d06 info: Best move cannot be determined, must search state.
61d06 info: --- MoHexPlayer::Search() ---
61d06 info: Color: black
61d06 info: MaxGames: 1
61d06 info: NumberThreads: 1
61d06 info: MaxNodes: 181818181 (15999999928 bytes)
61d06 info: TimeForMove: 1
51ce6 dfpn: f8
51ce6 dfpn: j7
51ce6 dfpn: k7
51ce6 dfpn: e6
51ce6 dfpn: e9
51ce6 dfpn: e8
51ce6 dfpn: d6
51ce6 dfpn: j2
51ce6 dfpn: j5
51ce6 dfpn: j8
51ce6 dfpn: e10
51ce6 dfpn: k4
51ce6 dfpn: c10
51ce6 dfpn: c9
51ce6 dfpn: g8
51ce6 dfpn: f9
51ce6 dfpn: k2
51ce6 dfpn: f7
51ce6 dfpn: i5
51ce6 dfpn: e10
51ce6 dfpn: j2
61d06 info: PreSearch: max time reached (41/69).
61d06 info: Time for PreSearch: 0.20134s
51ce6 dfpn: e5
51ce6 dfpn: f8
61d06 info: 
  cb37dcaf05718029
  a  b  c  d  e  f  g  h  i  j  k  
 1\.  .  .  .  .  .  .  .  .  .  .\1
  2\.  .  *  *  .  *  *  *  *  *  *\2
   3\.  *  *  B  *  *  *  *  *  *  B\3
    4\*  *  *  *  *  *  *  W  *  *  *\4
     5\.  B  *  *  *  *  *  *  *  *  .\5
      6\.  *  *  *  *  W  *  *  *  B  .\6
       7\*  *  *  *  B  *  *  W  W  *  *\7
        8\.  *  *  *  *  *  *  *  *  *  .\8
         9\w  .  *  W  *  *  *  *  *  B  w\9
         10\w  W  *  .  *  *  *  *  .  .  w\10
          11\w  .  .  .  .  W  .  .  B  b  b\11
              a  b  c  d  e  f  g  h  i  j  k  
51ce6 dfpn: c10
61d06 info: Old: [black, b5] [white, swap-pieces] [white, h7] [black, i11] [white, f6] [black, e7] [white, d9] [black, j6] [white, h4] [black, k3] [white, i7] [black, j9] [white, f11] 
61d06 info: New: [black, b5] [white, swap-pieces] [white, h7] [black, i11] [white, f6] [black, e7] [white, d9] [black, j6] [white, h4] [black, k3] [white, i7] [black, j9] [white, f11] [black, d3] [white, b10] 
61d06 info: MovesPlayed: [black, d3] [white, b10] 
61d06 info: No subtree to reuse.
61d06 info: StartSearch()[0]
61d06 info: 
Elapsed Time   0.579017s
Count          1
GamesPlayed    1
Nodes          1
Knowledge      0 (0.0%)
Expansions     0.0
Time           0.00
GameLen        100.0 dev=0.0 min=100.0 max=100.0
InTree         0.0 dev=0.0 min=0.0 max=0.0
KnowDepth      -
Aborted        0%
Games/s        3378.4
Score          0.00
Sequence      
61d06 info: 
61d06 warning: **** MoHexSearch returned empty sequence!
61d06 warning: **** Returning random move!
61d06 info: *** Player move: e3
51ce6 info: DfpnSolver::CheckAbort(): Abort flag!
59cf6 info: 
MID calls      65
VC builds      62
Terminal       2
Work           67
Wasted Work    6 (8.95522%)
Elapsed Time   0.59443
MIDs/sec       109.348
VCs/sec        104.302
Cnt prune sib  1
Avg prune sib  4 dev=0 min=4 max=4
Consider Size  60.2833 dev=18.6718 min=7 max=78
Move Index     0.5 dev=0.5 min=0 max=1
Move Percent   0.00694444 dev=0.00694444 min=0 max=0.0138889
Delta Increase 3.5303 dev=12.2106 min=1 max=73
Winner         empty
PV             c10 e5 j7

HashTableStatistics:
Stores         754
LookupAttempt  71846
LookupSuccess  4448
Collisions     0

59cf6 info: Search aborted.
d4a67 info: PlayAndSolve: Building VCs to avoid race condition.
d4a67 info: PlayAndSolve: Continuing on as usual.
59cf6 info: *** PlayerThread ***
61d06 info: *** SolverThread ***
51ce6 config: VCS: reading captured set patterns from '/home/linus/MoHex2.0/nfbranchfix/benzene-vanilla-cmake/share/vc-captured-set.txt'.
51ce6 config: VCS:: parsed 2 patterns.
51ce6 config: VCS: reading captured set patterns from '/home/linus/MoHex2.0/nfbranchfix/benzene-vanilla-cmake/share/vc-captured-set.txt'.
51ce6 config: VCS:: parsed 2 patterns.
51ce6 dfpn: 
59cf6 info: Opponent has won; playing most blocking move.
59cf6 info: *** Player move: c9
61d06 info: 
MID calls      0
VC builds      1
Terminal       1
Work           1
Wasted Work    0 (0%)
Elapsed Time   0.012678
MIDs/sec       0
VCs/sec        78.8768
Cnt prune sib  0
Avg prune sib  -
Consider Size  -
Move Index     -
Move Percent   -
Delta Increase -
Winner         white
PV             

HashTableStatistics:
Stores         755
LookupAttempt  71852
LookupSuccess  4451
Collisions     0

d4a67 info: PlayAndSolve: Building VCs to avoid race condition.
d4a67 info: PlayAndSolve: Continuing on as usual.
59cf6 info: *** SolverThread ***
61d06 info: *** PlayerThread ***
51ce6 config: VCS: reading captured set patterns from '/home/linus/MoHex2.0/nfbranchfix/benzene-vanilla-cmake/share/vc-captured-set.txt'.
51ce6 config: VCS:: parsed 2 patterns.
51ce6 config: VCS: reading captured set patterns from '/home/linus/MoHex2.0/nfbranchfix/benzene-vanilla-cmake/share/vc-captured-set.txt'.
51ce6 config: VCS:: parsed 2 patterns.
51ce6 dfpn: 
61d06 info: Opponent has won; playing most blocking move.
61d06 info: *** Player move: e9
59cf6 info: 
MID calls      0
VC builds      1
Terminal       1
Work           1
Wasted Work    0 (0%)
Elapsed Time   0.016774
MIDs/sec       0
VCs/sec        59.6161
Cnt prune sib  0
Avg prune sib  -
Consider Size  -
Move Index     -
Move Percent   -
Delta Increase -
Winner         white
PV             

HashTableStatistics:
Stores         756
LookupAttempt  71858
LookupSuccess  4454
Collisions     0

d4a67 info: PlayAndSolve: Building VCs to avoid race condition.
d4a67 info: PlayAndSolve: Continuing on as usual.
61d06 info: *** SolverThread ***
59cf6 info: *** PlayerThread ***
51ce6 config: VCS: reading captured set patterns from '/home/linus/MoHex2.0/nfbranchfix/benzene-vanilla-cmake/share/vc-captured-set.txt'.
51ce6 config: VCS:: parsed 2 patterns.
51ce6 config: VCS: reading captured set patterns from '/home/linus/MoHex2.0/nfbranchfix/benzene-vanilla-cmake/share/vc-captured-set.txt'.
51ce6 config: VCS:: parsed 2 patterns.
51ce6 dfpn: 
59cf6 info: Opponent has won; playing most blocking move.
59cf6 info: *** Player move: g8
61d06 info: 
MID calls      0
VC builds      1
Terminal       1
Work           1
Wasted Work    0 (0%)
Elapsed Time   0.010228
MIDs/sec       0
VCs/sec        97.7708
Cnt prune sib  0
Avg prune sib  -
Consider Size  -
Move Index     -
Move Percent   -
Delta Increase -
Winner         white
PV             

HashTableStatistics:
Stores         757
LookupAttempt  71864
LookupSuccess  4457
Collisions     0

d4a67 info: PlayAndSolve: Building VCs to avoid race condition.
d4a67 info: PlayAndSolve: Continuing on as usual.
59cf6 info: *** SolverThread ***
61d06 info: *** PlayerThread ***
51ce6 config: VCS: reading captured set patterns from '/home/linus/MoHex2.0/nfbranchfix/benzene-vanilla-cmake/share/vc-captured-set.txt'.
51ce6 config: VCS:: parsed 2 patterns.
51ce6 config: VCS: reading captured set patterns from '/home/linus/MoHex2.0/nfbranchfix/benzene-vanilla-cmake/share/vc-captured-set.txt'.
51ce6 config: VCS:: parsed 2 patterns.
51ce6 dfpn: 
61d06 info: Opponent has won; playing most blocking move.
61d06 info: *** Player move: j7
59cf6 info: 
MID calls      0
VC builds      1
Terminal       1
Work           1
Wasted Work    0 (0%)
Elapsed Time   0.011674
MIDs/sec       0
VCs/sec        85.6604
Cnt prune sib  0
Avg prune sib  -
Consider Size  -
Move Index     -
Move Percent   -
Delta Increase -
Winner         white
PV             

HashTableStatistics:
Stores         758
LookupAttempt  71870
LookupSuccess  4460
Collisions     0

d4a67 info: PlayAndSolve: Building VCs to avoid race condition.
d4a67 info: PlayAndSolve: Continuing on as usual.
61d06 info: *** SolverThread ***
59cf6 info: *** PlayerThread ***
51ce6 config: VCS: reading captured set patterns from '/home/linus/MoHex2.0/nfbranchfix/benzene-vanilla-cmake/share/vc-captured-set.txt'.
51ce6 config: VCS:: parsed 2 patterns.
51ce6 config: VCS: reading captured set patterns from '/home/linus/MoHex2.0/nfbranchfix/benzene-vanilla-cmake/share/vc-captured-set.txt'.
51ce6 config: VCS:: parsed 2 patterns.
51ce6 dfpn: 
59cf6 info: Opponent has won; playing most blocking move.
59cf6 info: *** Player move: i6
61d06 info: 
MID calls      0
VC builds      1
Terminal       1
Work           1
Wasted Work    0 (0%)
Elapsed Time   0.013978
MIDs/sec       0
VCs/sec        71.541
Cnt prune sib  0
Avg prune sib  -
Consider Size  -
Move Index     -
Move Percent   -
Delta Increase -
Winner         white
PV             

HashTableStatistics:
Stores         759
LookupAttempt  71876
LookupSuccess  4463
Collisions     0

d4a67 info: PlayAndSolve: Building VCs to avoid race condition.
d4a67 info: PlayAndSolve: Continuing on as usual.
61d06 info: *** PlayerThread ***
59cf6 info: *** SolverThread ***
51ce6 config: VCS: reading captured set patterns from '/home/linus/MoHex2.0/nfbranchfix/benzene-vanilla-cmake/share/vc-captured-set.txt'.
51ce6 config: VCS:: parsed 2 patterns.
51ce6 config: VCS: reading captured set patterns from '/home/linus/MoHex2.0/nfbranchfix/benzene-vanilla-cmake/share/vc-captured-set.txt'.
51ce6 config: VCS:: parsed 2 patterns.
51ce6 dfpn: 
61d06 info: Opponent has won; playing most blocking move.
61d06 info: *** Player move: g5
59cf6 info: 
MID calls      0
VC builds      1
Terminal       1
Work           1
Wasted Work    0 (0%)
Elapsed Time   0.011413
MIDs/sec       0
VCs/sec        87.6194
Cnt prune sib  0
Avg prune sib  -
Consider Size  -
Move Index     -
Move Percent   -
Delta Increase -
Winner         white
PV             

HashTableStatistics:
Stores         760
LookupAttempt  71882
LookupSuccess  4466
Collisions     0

d4a67 info: PlayAndSolve: Building VCs to avoid race condition.
d4a67 info: PlayAndSolve: Continuing on as usual.
59cf6 info: *** PlayerThread ***
61d06 info: *** SolverThread ***
51ce6 config: VCS: reading captured set patterns from '/home/linus/MoHex2.0/nfbranchfix/benzene-vanilla-cmake/share/vc-captured-set.txt'.
51ce6 config: VCS:: parsed 2 patterns.
51ce6 config: VCS: reading captured set patterns from '/home/linus/MoHex2.0/nfbranchfix/benzene-vanilla-cmake/share/vc-captured-set.txt'.
51ce6 config: VCS:: parsed 2 patterns.
59cf6 info: Captured cells caused win! Removing...
51ce6 dfpn: 
61d06 info: 
MID calls      0
VC builds      1
Terminal       1
Work           1
Wasted Work    0 (0%)
Elapsed Time   0.002517
MIDs/sec       0
VCs/sec        397.298
Cnt prune sib  0
Avg prune sib  -
Consider Size  -
Move Index     -
Move Percent   -
Delta Increase -
Winner         white
PV             

HashTableStatistics:
Stores         761
LookupAttempt  71888
LookupSuccess  4469
Collisions     0

59cf6 info: Opponent has won; playing most blocking move.
59cf6 info: *** Player move: a10
d4a67 info: PlayAndSolve: Building VCs to avoid race condition.
d4a67 info: PlayAndSolve: Continuing on as usual.
61d06 info: *** PlayerThread ***
59cf6 info: *** SolverThread ***
51ce6 config: VCS: reading captured set patterns from '/home/linus/MoHex2.0/nfbranchfix/benzene-vanilla-cmake/share/vc-captured-set.txt'.
51ce6 config: VCS:: parsed 2 patterns.
61d06 info: Captured cells caused win! Removing...
51ce6 config: VCS: reading captured set patterns from '/home/linus/MoHex2.0/nfbranchfix/benzene-vanilla-cmake/share/vc-captured-set.txt'.
51ce6 config: VCS:: parsed 2 patterns.
51ce6 dfpn: 
59cf6 info: 
MID calls      0
VC builds      1
Terminal       1
Work           1
Wasted Work    0 (0%)
Elapsed Time   0.003063
MIDs/sec       0
VCs/sec        326.477
Cnt prune sib  0
Avg prune sib  -
Consider Size  -
Move Index     -
Move Percent   -
Delta Increase -
Winner         white
PV             

HashTableStatistics:
Stores         762
LookupAttempt  71894
LookupSuccess  4472
Collisions     0

61d06 info: Opponent has won; playing most blocking move.
61d06 info: *** Player move: k4
d4a67 config: ============ BenzeneShutdown =============
d4a67 config: MoHexProgram:: ShutdownSystem()
d4a67 config: CommonProgram:: ShutdownSystem()
d4a67 config: BenzeneProgram:: ShutdownSystem()
Flushing and closing this stream...
