5fac7 config: MoHex v2.0.CMake Mar 21 2025.
5fac7 config: ============ InitializeSystem ============
5fac7 config: BenzeneProgram::InitRandom()
5fac7 config: Seed = 384014
5fac7 info: Prior Patterns:
5fac7 info: Global:
5fac7 info: Size            = 565 32648 
5fac7 info: TableEntries    = 65932 65910
5fac7 info: MirrorsAdded    = 0 0
5fac7 info: PrunableCount   = 30593 30629
5fac7 info: LargestGamma    = 5820.77
5fac7 info: SmallestGamma   = 6.6e-05
5fac7 info: Local:
5fac7 info: Size            = 550 5318 
5fac7 info: TableEntries    = 11602 11588
5fac7 info: MirrorsAdded    = 0 0
5fac7 info: PrunableCount   = 3659 3667
5fac7 info: LargestGamma    = 11281.8
5fac7 info: SmallestGamma   = 0.026235
5fac7 info: Playout Patterns:
5fac7 info: Global:
5fac7 info: Size            = 565 32648 
5fac7 info: TableEntries    = 70329 70329
5fac7 info: MirrorsAdded    = 4397 4419
5fac7 info: PrunableCount   = 30593 30629
5fac7 info: LargestGamma    = 5820.77
5fac7 info: SmallestGamma   = 6.6e-05
5fac7 info: Local:
5fac7 info: Size            = 550 5318 
5fac7 info: TableEntries    = 11602 11588
5fac7 info: MirrorsAdded    = 0 0
5fac7 info: PrunableCount   = 3659 3667
5fac7 info: LargestGamma    = 11281.8
5fac7 info: SmallestGamma   = 0.026235
5fac7 config: IcePatternSet: reading from '/home/linus/MoHex2.0/nfbranchfix/benzene-vanilla-cmake/share/ice-patterns.txt'.
5fac7 config: IcePatternSet: parsed 708 patterns.
5fac7 config: VCS: reading captured set patterns from '/home/linus/MoHex2.0/nfbranchfix/benzene-vanilla-cmake/share/vc-captured-set.txt'.
5fac7 config: VCS:: parsed 2 patterns.
5fac7 config: VCS: reading captured set patterns from '/home/linus/MoHex2.0/nfbranchfix/benzene-vanilla-cmake/share/vc-captured-set.txt'.
5fac7 config: VCS:: parsed 2 patterns.
5fac7 config: IcePatternSet: reading from '/home/linus/MoHex2.0/nfbranchfix/benzene-vanilla-cmake/share/ice-patterns.txt'.
5fac7 config: IcePatternSet: parsed 708 patterns.
5fac7 config: VCS: reading captured set patterns from '/home/linus/MoHex2.0/nfbranchfix/benzene-vanilla-cmake/share/vc-captured-set.txt'.
5fac7 config: VCS:: parsed 2 patterns.
5fac7 config: VCS: reading captured set patterns from '/home/linus/MoHex2.0/nfbranchfix/benzene-vanilla-cmake/share/vc-captured-set.txt'.
5fac7 config: VCS:: parsed 2 patterns.
5fac7 config: VCS: reading captured set patterns from '/home/linus/MoHex2.0/nfbranchfix/benzene-vanilla-cmake/share/vc-captured-set.txt'.
5fac7 config: VCS:: parsed 2 patterns.
5fac7 config: VCS: reading captured set patterns from '/home/linus/MoHex2.0/nfbranchfix/benzene-vanilla-cmake/share/vc-captured-set.txt'.
5fac7 config: VCS:: parsed 2 patterns.
5fac7 config: VCS: reading captured set patterns from '/home/linus/MoHex2.0/nfbranchfix/benzene-vanilla-cmake/share/vc-captured-set.txt'.
5fac7 config: VCS:: parsed 2 patterns.
5fac7 config: VCS: reading captured set patterns from '/home/linus/MoHex2.0/nfbranchfix/benzene-vanilla-cmake/share/vc-captured-set.txt'.
5fac7 config: VCS:: parsed 2 patterns.
5fac7 info: SwapCheck: reading from '/home/linus/MoHex2.0/nfbranchfix/benzene-vanilla-cmake/share/swap-moves.txt'.
5fac7 info: SwapCheck: playing swap.
5fac7 info: PlayAndSolve: Building VCs to avoid race condition.
5fac7 config: VCPattern: loading pattern templates from '/home/linus/MoHex2.0/nfbranchfix/benzene-vanilla-cmake/share/vc-patterns.txt'.
5fac7 info: PlayAndSolve: Continuing on as usual.
ecd66 info: *** PlayerThread ***
e4d56 info: *** SolverThread ***
dcd46 config: VCS: reading captured set patterns from '/home/linus/MoHex2.0/nfbranchfix/benzene-vanilla-cmake/share/vc-captured-set.txt'.
dcd46 config: VCS:: parsed 2 patterns.
dcd46 config: VCS: reading captured set patterns from '/home/linus/MoHex2.0/nfbranchfix/benzene-vanilla-cmake/share/vc-captured-set.txt'.
dcd46 config: VCS:: parsed 2 patterns.
dcd46 dfpn: 
ecd66 info: Best move cannot be determined, must search state.
ecd66 info: --- MoHexPlayer::Search() ---
ecd66 info: Color: black
ecd66 info: MaxGames: 1
ecd66 info: NumberThreads: 1
ecd66 info: MaxNodes: 181818181 (15999999928 bytes)
ecd66 info: TimeForMove: 1
dcd46 dfpn: f3
dcd46 dfpn: b10
dcd46 dfpn: j2
dcd46 dfpn: b9
dcd46 dfpn: i3
dcd46 dfpn: b6
dcd46 dfpn: i2
dcd46 dfpn: e4
dcd46 dfpn: d4
dcd46 dfpn: c9
dcd46 dfpn: g2
dcd46 dfpn: e3
dcd46 dfpn: c5
dcd46 dfpn: d8
dcd46 dfpn: d5
dcd46 dfpn: j3
dcd46 dfpn: e5
dcd46 dfpn: j4
dcd46 dfpn: c10
dcd46 dfpn: f2
dcd46 dfpn: f4
dcd46 dfpn: e8
dcd46 dfpn: e7
dcd46 dfpn: c4
dcd46 dfpn: c10
ecd66 info: PreSearch: max time reached (64/91).
ecd66 info: Time for PreSearch: 0.200804s
ecd66 info: 
  34fd7027d7f0ae53
  a  b  c  d  e  f  g  h  i  j  k  
 1\.  .  .  .  .  .  .  .  .  .  .\1
  2\.  .  *  *  *  *  *  W  *  *  *\2
   3\.  *  *  *  *  *  *  *  *  *  *\3
    4\*  *  *  *  *  *  *  *  *  *  *\4
     5\*  *  *  *  *  *  *  *  *  *  *\5
      6\*  *  *  *  *  *  *  *  *  *  *\6
       7\*  *  *  *  *  *  *  *  *  *  *\7
        8\B  *  *  *  *  *  *  *  *  *  *\8
         9\*  *  *  *  *  *  *  *  *  *  .\9
         10\*  *  *  *  *  *  *  *  *  .  .\10
          11\.  .  .  .  .  .  .  .  .  .  .\11
              a  b  c  d  e  f  g  h  i  j  k  
dcd46 dfpn: f2
ecd66 info: No subtree to reuse.
ecd66 info: Creating thread 0
ecd66 info: StartSearch()[0]
ecd66 config: VCS: reading captured set patterns from '/home/linus/MoHex2.0/nfbranchfix/benzene-vanilla-cmake/share/vc-captured-set.txt'.
ecd66 config: VCS:: parsed 2 patterns.
ecd66 config: VCS: reading captured set patterns from '/home/linus/MoHex2.0/nfbranchfix/benzene-vanilla-cmake/share/vc-captured-set.txt'.
ecd66 config: VCS:: parsed 2 patterns.
ecd66 info: 
Elapsed Time   0.550526s
Count          1
GamesPlayed    1
Nodes          1
Knowledge      0 (0.0%)
Expansions     0.0
Time           0.00
GameLen        119.0 dev=0.0 min=119.0 max=119.0
InTree         0.0 dev=0.0 min=0.0 max=0.0
KnowDepth      -
Aborted        0%
Games/s        431.8
Score          1.00
Sequence      
ecd66 info: 
ecd66 warning: **** MoHexSearch returned empty sequence!
ecd66 warning: **** Returning random move!
ecd66 info: *** Player move: k10
dcd46 info: DfpnSolver::CheckAbort(): Abort flag!
e4d56 info: 
MID calls      99
VC builds      95
Terminal       0
Work           99
Wasted Work    0 (0%)
Elapsed Time   0.560181
MIDs/sec       176.729
VCs/sec        169.588
Cnt prune sib  0
Avg prune sib  -
Consider Size  84.3684 dev=4.14466 min=73 max=91
Move Index     -
Move Percent   -
Delta Increase 3.52041 dev=13.9491 min=1 max=83
Winner         empty
PV             f2 b6 d5 c7

HashTableStatistics:
Stores         222
LookupAttempt  17392
LookupSuccess  830
Collisions     0

e4d56 info: Search aborted.
5fac7 info: PlayAndSolve: Building VCs to avoid race condition.
5fac7 info: PlayAndSolve: Continuing on as usual.
e4d56 info: *** PlayerThread ***
ecd66 info: *** SolverThread ***
dcd46 config: VCS: reading captured set patterns from '/home/linus/MoHex2.0/nfbranchfix/benzene-vanilla-cmake/share/vc-captured-set.txt'.
dcd46 config: VCS:: parsed 2 patterns.
dcd46 config: VCS: reading captured set patterns from '/home/linus/MoHex2.0/nfbranchfix/benzene-vanilla-cmake/share/vc-captured-set.txt'.
dcd46 config: VCS:: parsed 2 patterns.
dcd46 dfpn: 
e4d56 info: Best move cannot be determined, must search state.
e4d56 info: --- MoHexPlayer::Search() ---
e4d56 info: Color: black
e4d56 info: MaxGames: 1
e4d56 info: NumberThreads: 1
e4d56 info: MaxNodes: 181818181 (15999999928 bytes)
e4d56 info: TimeForMove: 1
dcd46 dfpn: f3
dcd46 dfpn: e4
dcd46 dfpn: b9
dcd46 dfpn: k1
dcd46 dfpn: b6
dcd46 dfpn: e3
dcd46 dfpn: d4
dcd46 dfpn: b10
dcd46 dfpn: g2
dcd46 dfpn: f4
dcd46 dfpn: c5
dcd46 dfpn: d5
dcd46 dfpn: g3
dcd46 dfpn: f2
dcd46 dfpn: e5
dcd46 dfpn: c9
dcd46 dfpn: e2
dcd46 dfpn: c4
dcd46 dfpn: d3
dcd46 dfpn: d8
dcd46 dfpn: b5
dcd46 dfpn: d6
dcd46 dfpn: f5
dcd46 dfpn: c6
dcd46 dfpn: f2
e4d56 info: PreSearch: max time reached (59/92).
e4d56 info: Time for PreSearch: 0.20009s
e4d56 info: 
  e432e69b80709ea4
  a  b  c  d  e  f  g  h  i  j  k  
 1\.  .  .  .  .  .  .  .  .  W  *\1
  2\.  .  *  *  *  *  *  W  *  *  *\2
   3\.  *  *  *  *  *  *  *  *  *  *\3
    4\*  *  *  *  *  *  *  *  *  *  *\4
     5\*  *  *  *  *  *  *  *  *  *  *\5
      6\*  *  *  *  *  *  *  *  *  *  *\6
       7\*  *  *  *  *  *  *  *  *  *  *\7
        8\B  *  *  *  *  *  *  *  *  *  *\8
         9\*  *  *  *  *  *  *  *  *  *  .\9
         10\*  *  *  *  *  *  *  *  *  .  B\10
          11\.  .  .  .  .  .  .  .  b  b  b\11
              a  b  c  d  e  f  g  h  i  j  k  
e4d56 info: Old: [black, a8] [white, swap-pieces] [white, h2] 
e4d56 info: New: [black, a8] [white, swap-pieces] [white, h2] [black, k10] [white, j1] 
e4d56 info: MovesPlayed: [black, k10] [white, j1] 
e4d56 info: No subtree to reuse.
e4d56 info: StartSearch()[0]
e4d56 info: 
Elapsed Time   0.356031s
Count          1
GamesPlayed    1
Nodes          1
Knowledge      0 (0.0%)
Expansions     0.0
Time           0.00
GameLen        114.0 dev=0.0 min=114.0 max=114.0
InTree         0.0 dev=0.0 min=0.0 max=0.0
KnowDepth      -
Aborted        0%
Games/s        3021.1
Score          1.00
Sequence      
e4d56 info: 
e4d56 warning: **** MoHexSearch returned empty sequence!
e4d56 warning: **** Returning random move!
e4d56 info: *** Player move: f8
dcd46 info: DfpnSolver::CheckAbort(): Abort flag!
ecd66 info: 
MID calls      56
VC builds      54
Terminal       0
Work           56
Wasted Work    0 (0%)
Elapsed Time   0.369863
MIDs/sec       151.407
VCs/sec        146
Cnt prune sib  0
Avg prune sib  -
Consider Size  84.6852 dev=4.04516 min=74 max=92
Move Index     -
Move Percent   -
Delta Increase 3.94545 dev=15.0688 min=1 max=83
Winner         empty
PV             f2 b6 d6 e4

HashTableStatistics:
Stores         357
LookupAttempt  30872
LookupSuccess  1565
Collisions     0

ecd66 info: Search aborted.
5fac7 info: PlayAndSolve: Building VCs to avoid race condition.
5fac7 info: PlayAndSolve: Continuing on as usual.
ecd66 info: *** PlayerThread ***
e4d56 info: *** SolverThread ***
dcd46 config: VCS: reading captured set patterns from '/home/linus/MoHex2.0/nfbranchfix/benzene-vanilla-cmake/share/vc-captured-set.txt'.
dcd46 config: VCS:: parsed 2 patterns.
dcd46 config: VCS: reading captured set patterns from '/home/linus/MoHex2.0/nfbranchfix/benzene-vanilla-cmake/share/vc-captured-set.txt'.
dcd46 config: VCS:: parsed 2 patterns.
dcd46 dfpn: 
ecd66 info: Best move cannot be determined, must search state.
ecd66 info: --- MoHexPlayer::Search() ---
ecd66 info: Color: black
ecd66 info: MaxGames: 1
ecd66 info: NumberThreads: 1
ecd66 info: MaxNodes: 181818181 (15999999928 bytes)
ecd66 info: TimeForMove: 1
dcd46 dfpn: f3
dcd46 dfpn: e4
dcd46 dfpn: d4
dcd46 dfpn: k1
dcd46 dfpn: e3
dcd46 dfpn: d5
dcd46 dfpn: g2
dcd46 dfpn: f4
dcd46 dfpn: c5
dcd46 dfpn: b6
dcd46 dfpn: g3
dcd46 dfpn: e5
dcd46 dfpn: f2
dcd46 dfpn: e2
dcd46 dfpn: e7
dcd46 dfpn: f5
dcd46 dfpn: d3
dcd46 dfpn: g6
dcd46 dfpn: d6
dcd46 dfpn: e6
dcd46 dfpn: f6
dcd46 dfpn: c4
dcd46 dfpn: g4
dcd46 dfpn: f2
ecd66 info: PreSearch: max time reached (53/88).
ecd66 info: Time for PreSearch: 0.201877s
ecd66 info: 
  30dff77278fee4d4
  a  b  c  d  e  f  g  h  i  j  k  
 1\.  .  .  .  .  .  .  .  .  W  *\1
  2\.  .  *  *  *  *  *  W  *  *  *\2
   3\.  *  *  *  *  *  *  *  *  *  *\3
    4\*  *  *  *  *  *  *  *  *  *  *\4
     5\.  *  *  *  *  *  *  *  *  *  *\5
      6\W  *  *  *  *  *  *  *  *  *  *\6
       7\.  *  *  *  *  *  *  *  *  *  *\7
        8\B  *  *  *  *  B  *  *  *  *  *\8
         9\*  *  *  *  *  *  *  *  *  *  .\9
         10\*  *  *  *  *  *  *  *  *  .  B\10
          11\.  .  .  .  .  .  .  .  b  b  b\11
              a  b  c  d  e  f  g  h  i  j  k  
ecd66 info: Old: [black, a8] [white, swap-pieces] [white, h2] [black, k10] [white, j1] 
ecd66 info: New: [black, a8] [white, swap-pieces] [white, h2] [black, k10] [white, j1] [black, f8] [white, a6] 
ecd66 info: MovesPlayed: [black, f8] [white, a6] 
ecd66 info: No subtree to reuse.
ecd66 info: StartSearch()[0]
ecd66 info: 
Elapsed Time   0.346577s
Count          1
GamesPlayed    1
Nodes          1
Knowledge      0 (0.0%)
Expansions     0.0
Time           0.00
GameLen        112.0 dev=0.0 min=112.0 max=112.0
InTree         0.0 dev=0.0 min=0.0 max=0.0
KnowDepth      -
Aborted        0%
Games/s        3597.1
Score          1.00
Sequence      
ecd66 info: 
ecd66 warning: **** MoHexSearch returned empty sequence!
ecd66 warning: **** Returning random move!
ecd66 info: *** Player move: e11
dcd46 info: DfpnSolver::CheckAbort(): Abort flag!
e4d56 info: 
MID calls      46
VC builds      45
Terminal       0
Work           46
Wasted Work    0 (0%)
Elapsed Time   0.358732
MIDs/sec       128.229
VCs/sec        125.442
Cnt prune sib  0
Avg prune sib  -
Consider Size  83.9555 dev=1.57805 min=79 max=88
Move Index     -
Move Percent   -
Delta Increase 4.53333 dev=16.3864 min=1 max=82
Winner         empty
PV             f2 f7 f3

HashTableStatistics:
Stores         472
LookupAttempt  42748
LookupSuccess  2238
Collisions     0

e4d56 info: Search aborted.
5fac7 info: PlayAndSolve: Building VCs to avoid race condition.
5fac7 info: PlayAndSolve: Continuing on as usual.
e4d56 info: *** PlayerThread ***
ecd66 info: *** SolverThread ***
dcd46 config: VCS: reading captured set patterns from '/home/linus/MoHex2.0/nfbranchfix/benzene-vanilla-cmake/share/vc-captured-set.txt'.
dcd46 config: VCS:: parsed 2 patterns.
dcd46 config: VCS: reading captured set patterns from '/home/linus/MoHex2.0/nfbranchfix/benzene-vanilla-cmake/share/vc-captured-set.txt'.
dcd46 config: VCS:: parsed 2 patterns.
dcd46 dfpn: 
e4d56 info: Best move cannot be determined, must search state.
e4d56 info: --- MoHexPlayer::Search() ---
e4d56 info: Color: black
e4d56 info: MaxGames: 1
e4d56 info: NumberThreads: 1
e4d56 info: MaxNodes: 181818181 (15999999928 bytes)
e4d56 info: TimeForMove: 1
dcd46 dfpn: f3
dcd46 dfpn: e4
dcd46 dfpn: k1
dcd46 dfpn: d4
dcd46 dfpn: d5
dcd46 dfpn: f4
dcd46 dfpn: e3
dcd46 dfpn: g2
dcd46 dfpn: e5
dcd46 dfpn: g3
dcd46 dfpn: d6
dcd46 dfpn: f2
dcd46 dfpn: e7
dcd46 dfpn: c6
dcd46 dfpn: f5
dcd46 dfpn: c5
dcd46 dfpn: g6
dcd46 dfpn: e6
dcd46 dfpn: e2
dcd46 dfpn: f6
dcd46 dfpn: g4
dcd46 dfpn: g5
dcd46 dfpn: b7
dcd46 dfpn: f2
e4d56 info: PreSearch: max time reached (54/88).
e4d56 info: Time for PreSearch: 0.200672s
e4d56 info: 
  94d5ce165aade79f
  a  b  c  d  e  f  g  h  i  j  k  
 1\.  .  .  .  .  .  .  .  .  W  *\1
  2\.  .  *  *  *  *  *  W  *  *  *\2
   3\.  *  *  *  *  *  *  *  *  *  *\3
    4\*  *  *  *  *  *  *  *  *  *  *\4
     5\.  *  *  *  *  *  *  *  *  *  *\5
      6\W  *  *  *  *  *  *  *  *  *  *\6
       7\W  *  *  *  *  *  *  *  *  *  *\7
        8\B  *  *  *  *  B  *  *  *  *  *\8
         9\*  *  *  *  *  *  *  *  *  *  .\9
         10\*  *  *  *  *  *  *  *  *  .  B\10
          11\.  .  .  .  B  .  .  .  b  b  b\11
              a  b  c  d  e  f  g  h  i  j  k  
e4d56 info: Old: [black, a8] [white, swap-pieces] [white, h2] [black, k10] [white, j1] [black, f8] [white, a6] 
e4d56 info: New: [black, a8] [white, swap-pieces] [white, h2] [black, k10] [white, j1] [black, f8] [white, a6] [black, e11] [white, a7] 
e4d56 info: MovesPlayed: [black, e11] [white, a7] 
e4d56 info: No subtree to reuse.
e4d56 info: StartSearch()[0]
e4d56 info: 
Elapsed Time   3.93016s
Count          1
GamesPlayed    1
Nodes          1
Knowledge      0 (0.0%)
Expansions     0.0
Time           0.00
GameLen        110.0 dev=0.0 min=110.0 max=110.0
InTree         0.0 dev=0.0 min=0.0 max=0.0
KnowDepth      -
Aborted        0%
Games/s        3096.0
Score          1.00
Sequence      
e4d56 info: 
e4d56 warning: **** MoHexSearch returned empty sequence!
e4d56 warning: **** Returning random move!
e4d56 info: *** Player move: f2
dcd46 info: DfpnSolver::CheckAbort(): Abort flag!
ecd66 info: 
MID calls      49
VC builds      47
Terminal       0
Work           49
Wasted Work    0 (0%)
Elapsed Time   3.94779
MIDs/sec       12.412
VCs/sec        11.9054
Cnt prune sib  0
Avg prune sib  -
Consider Size  79.7659 dev=9.78983 min=35 max=88
Move Index     -
Move Percent   -
Delta Increase 3.3125 dev=11.6622 min=1 max=76
Winner         empty
PV             f2 e4 c5 d3

HashTableStatistics:
Stores         592
LookupAttempt  54633
LookupSuccess  2915
Collisions     0

ecd66 info: Search aborted.
5fac7 info: PlayAndSolve: Building VCs to avoid race condition.
5fac7 info: PlayAndSolve: Continuing on as usual.
ecd66 info: *** PlayerThread ***
e4d56 info: *** SolverThread ***
dcd46 config: VCS: reading captured set patterns from '/home/linus/MoHex2.0/nfbranchfix/benzene-vanilla-cmake/share/vc-captured-set.txt'.
dcd46 config: VCS:: parsed 2 patterns.
dcd46 config: VCS: reading captured set patterns from '/home/linus/MoHex2.0/nfbranchfix/benzene-vanilla-cmake/share/vc-captured-set.txt'.
dcd46 config: VCS:: parsed 2 patterns.
dcd46 dfpn: d7
ecd66 info: Best move cannot be determined, must search state.
ecd66 info: --- MoHexPlayer::Search() ---
ecd66 info: Color: black
ecd66 info: MaxGames: 1
ecd66 info: NumberThreads: 1
ecd66 info: MaxNodes: 181818181 (15999999928 bytes)
ecd66 info: TimeForMove: 1
dcd46 dfpn: e4
dcd46 dfpn: f3
dcd46 dfpn: d6
dcd46 dfpn: e5
dcd46 dfpn: d5
dcd46 dfpn: e6
dcd46 dfpn: c6
dcd46 dfpn: g6
dcd46 dfpn: e7
dcd46 dfpn: d4
dcd46 dfpn: c7
dcd46 dfpn: c5
dcd46 dfpn: b7
dcd46 dfpn: g5
dcd46 dfpn: h5
dcd46 dfpn: c8
dcd46 dfpn: f4
dcd46 dfpn: g3
dcd46 dfpn: e3
dcd46 dfpn: k1
dcd46 dfpn: g4
dcd46 dfpn: c5
ecd66 info: PreSearch: max time reached (54/84).
ecd66 info: Time for PreSearch: 0.204428s
ecd66 info: 
  c222f70086b2539e
  a  b  c  d  e  f  g  h  i  j  k  
 1\.  .  .  .  b  b  b  b  .  W  *\1
  2\.  .  *  *  .  B  .  W  *  *  *\2
   3\.  *  *  *  *  *  *  *  *  *  *\3
    4\*  *  *  *  *  *  *  *  *  *  *\4
     5\.  *  *  *  *  *  *  *  *  *  *\5
      6\W  *  *  *  *  W  *  *  *  *  *\6
       7\W  *  *  *  *  *  *  *  *  *  *\7
        8\B  *  *  *  *  B  *  *  *  *  *\8
         9\*  *  *  *  *  *  *  *  *  *  .\9
         10\*  *  *  *  *  *  *  *  *  .  B\10
          11\.  .  .  .  B  .  .  .  b  b  b\11
              a  b  c  d  e  f  g  h  i  j  k  
ecd66 info: Old: [black, a8] [white, swap-pieces] [white, h2] [black, k10] [white, j1] [black, f8] [white, a6] [black, e11] [white, a7] 
ecd66 info: New: [black, a8] [white, swap-pieces] [white, h2] [black, k10] [white, j1] [black, f8] [white, a6] [black, e11] [white, a7] [black, f2] [white, f6] 
ecd66 info: MovesPlayed: [black, f2] [white, f6] 
ecd66 info: No subtree to reuse.
ecd66 info: StartSearch()[0]
ecd66 info: 
Elapsed Time   0.373724s
Count          1
GamesPlayed    1
Nodes          1
Knowledge      0 (0.0%)
Expansions     0.0
Time           0.00
GameLen        104.0 dev=0.0 min=104.0 max=104.0
InTree         0.0 dev=0.0 min=0.0 max=0.0
KnowDepth      -
Aborted        0%
Games/s        3115.3
Score          0.00
Sequence      
ecd66 info: 
ecd66 warning: **** MoHexSearch returned empty sequence!
ecd66 warning: **** Returning random move!
ecd66 info: *** Player move: h4
dcd46 info: DfpnSolver::CheckAbort(): Abort flag!
e4d56 info: 
MID calls      43
VC builds      42
Terminal       0
Work           43
Wasted Work    0 (0%)
Elapsed Time   0.39008
MIDs/sec       110.234
VCs/sec        107.67
Cnt prune sib  1
Avg prune sib  4 dev=0 min=4 max=4
Consider Size  75.2619 dev=3.15563 min=62 max=79
Move Index     -
Move Percent   -
Delta Increase 4.34884 dev=15.164 min=1 max=74
Winner         empty
PV             c5 d3 e4 d7

HashTableStatistics:
Stores         699
LookupAttempt  65203
LookupSuccess  3537
Collisions     0

e4d56 info: Search aborted.
5fac7 info: PlayAndSolve: Building VCs to avoid race condition.
5fac7 info: PlayAndSolve: Continuing on as usual.
e4d56 info: *** PlayerThread ***
ecd66 info: *** SolverThread ***
dcd46 config: VCS: reading captured set patterns from '/home/linus/MoHex2.0/nfbranchfix/benzene-vanilla-cmake/share/vc-captured-set.txt'.
dcd46 config: VCS:: parsed 2 patterns.
dcd46 config: VCS: reading captured set patterns from '/home/linus/MoHex2.0/nfbranchfix/benzene-vanilla-cmake/share/vc-captured-set.txt'.
dcd46 config: VCS:: parsed 2 patterns.
dcd46 dfpn: 
e4d56 info: Best move cannot be determined, must search state.
e4d56 info: --- MoHexPlayer::Search() ---
e4d56 info: Color: black
e4d56 info: MaxGames: 1
e4d56 info: NumberThreads: 1
e4d56 info: MaxNodes: 181818181 (15999999928 bytes)
e4d56 info: TimeForMove: 1
dcd46 dfpn: g6
dcd46 dfpn: g3
dcd46 dfpn: f3
dcd46 dfpn: e7
dcd46 dfpn: d7
dcd46 dfpn: h5
dcd46 dfpn: g4
dcd46 dfpn: e4
dcd46 dfpn: e5
dcd46 dfpn: e6
dcd46 dfpn: k1
dcd46 dfpn: d6
dcd46 dfpn: f4
dcd46 dfpn: g7
dcd46 dfpn: d5
dcd46 dfpn: b9
dcd46 dfpn: h6
dcd46 dfpn: e3
dcd46 dfpn: d4
dcd46 dfpn: i5
dcd46 dfpn: b7
dcd46 dfpn: f5
dcd46 dfpn: g6
e4d56 info: PreSearch: max time reached (56/82).
e4d56 info: Time for PreSearch: 0.202764s
dcd46 dfpn: g3
dcd46 dfpn: k1
e4d56 info: 
  1a3ea0cc4fac0919
  a  b  c  d  e  f  g  h  i  j  k  
 1\.  .  .  .  b  b  b  b  .  W  *\1
  2\.  .  *  *  .  B  .  W  *  *  *\2
   3\.  *  *  *  *  *  *  *  *  *  *\3
    4\*  *  *  *  *  *  *  B  *  *  *\4
     5\.  *  *  *  *  *  *  *  *  *  *\5
      6\W  *  *  *  *  W  *  *  *  *  *\6
       7\W  *  *  *  *  *  *  *  *  *  *\7
        8\B  *  W  *  *  B  *  *  *  *  *\8
         9\*  *  *  *  *  *  *  *  *  *  .\9
         10\*  *  *  *  *  *  *  *  *  .  B\10
          11\.  .  .  .  B  .  .  .  b  b  b\11
              a  b  c  d  e  f  g  h  i  j  k  
dcd46 dfpn: g6
e4d56 info: Old: [black, a8] [white, swap-pieces] [white, h2] [black, k10] [white, j1] [black, f8] [white, a6] [black, e11] [white, a7] [black, f2] [white, f6] 
e4d56 info: New: [black, a8] [white, swap-pieces] [white, h2] [black, k10] [white, j1] [black, f8] [white, a6] [black, e11] [white, a7] [black, f2] [white, f6] [black, h4] [white, c8] 
e4d56 info: MovesPlayed: [black, h4] [white, c8] 
e4d56 info: No subtree to reuse.
dcd46 dfpn: g3
e4d56 info: StartSearch()[0]
e4d56 info: 
Elapsed Time   0.630397s
Count          1
GamesPlayed    1
Nodes          1
Knowledge      0 (0.0%)
Expansions     0.0
Time           0.00
GameLen        102.0 dev=0.0 min=102.0 max=102.0
InTree         0.0 dev=0.0 min=0.0 max=0.0
KnowDepth      -
Aborted        0%
Games/s        2958.6
Score          0.00
Sequence      
e4d56 info: 
e4d56 warning: **** MoHexSearch returned empty sequence!
e4d56 warning: **** Returning random move!
e4d56 info: *** Player move: c6
dcd46 info: DfpnSolver::CheckAbort(): Abort flag!
ecd66 info: 
MID calls      96
VC builds      84
Terminal       1
Work           97
Wasted Work    0 (0%)
Elapsed Time   0.647641
MIDs/sec       148.23
VCs/sec        129.701
Cnt prune sib  0
Avg prune sib  -
Consider Size  56.9639 dev=23.2215 min=13 max=82
Move Index     -
Move Percent   -
Delta Increase 3 dev=6.20484 min=1 max=39
Winner         empty
PV             g3 h5 i5 i4

HashTableStatistics:
Stores         917
LookupAttempt  78626
LookupSuccess  4434
Collisions     0

ecd66 info: Search aborted.
5fac7 info: PlayAndSolve: Building VCs to avoid race condition.
5fac7 info: PlayAndSolve: Continuing on as usual.
ecd66 info: *** PlayerThread ***
e4d56 info: *** SolverThread ***
dcd46 config: VCS: reading captured set patterns from '/home/linus/MoHex2.0/nfbranchfix/benzene-vanilla-cmake/share/vc-captured-set.txt'.
dcd46 config: VCS:: parsed 2 patterns.
dcd46 config: VCS: reading captured set patterns from '/home/linus/MoHex2.0/nfbranchfix/benzene-vanilla-cmake/share/vc-captured-set.txt'.
dcd46 config: VCS:: parsed 2 patterns.
dcd46 dfpn: 
ecd66 info: Best move cannot be determined, must search state.
ecd66 info: --- MoHexPlayer::Search() ---
ecd66 info: Color: black
ecd66 info: MaxGames: 1
ecd66 info: NumberThreads: 1
ecd66 info: MaxNodes: 181818181 (15999999928 bytes)
ecd66 info: TimeForMove: 1
dcd46 dfpn: g6
dcd46 dfpn: d7
dcd46 dfpn: h5
dcd46 dfpn: d4
dcd46 dfpn: k1
dcd46 dfpn: b9
dcd46 dfpn: d5
dcd46 dfpn: c5
dcd46 dfpn: j4
dcd46 dfpn: e4
dcd46 dfpn: j3
dcd46 dfpn: h6
dcd46 dfpn: g6
ecd66 info: Time for PreSearch: 0.161158s
ecd66 info: 
  0c22df6cfbb484b5
  a  b  c  d  e  f  g  h  i  j  k  
 1\.  .  .  .  b  b  b  b  .  W  *\1
  2\.  .  *  .  .  B  .  W  .  *  *\2
   3\.  *  *  *  .  .  .  .  *  *  *\3
    4\*  *  *  *  *  .  .  B  *  *  *\4
     5\.  *  *  *  W  *  *  *  *  *  *\5
      6\W  .  B  .  *  W  *  *  *  *  *\6
       7\W  .  .  *  .  .  .  .  *  *  *\7
        8\B  *  W  .  .  B  .  .  .  .  .\8
         9\.  *  .  .  .  .  .  .  .  .  .\9
         10\.  .  .  .  .  .  .  .  .  .  B\10
          11\.  .  .  .  B  .  .  .  b  b  b\11
              a  b  c  d  e  f  g  h  i  j  k  
dcd46 dfpn: j3
ecd66 info: Old: [black, a8] [white, swap-pieces] [white, h2] [black, k10] [white, j1] [black, f8] [white, a6] [black, e11] [white, a7] [black, f2] [white, f6] [black, h4] [white, c8] 
ecd66 info: New: [black, a8] [white, swap-pieces] [white, h2] [black, k10] [white, j1] [black, f8] [white, a6] [black, e11] [white, a7] [black, f2] [white, f6] [black, h4] [white, c8] [black, c6] [white, e5] 
ecd66 info: MovesPlayed: [black, c6] [white, e5] 
ecd66 info: No subtree to reuse.
dcd46 dfpn: k1
ecd66 info: StartSearch()[0]
ecd66 info: 
Elapsed Time   0.319383s
Count          1
GamesPlayed    1
Nodes          1
Knowledge      0 (0.0%)
Expansions     0.0
Time           0.00
GameLen        100.0 dev=0.0 min=100.0 max=100.0
InTree         0.0 dev=0.0 min=0.0 max=0.0
KnowDepth      -
Aborted        0%
Games/s        3378.4
Score          0.00
Sequence      
ecd66 info: 
ecd66 warning: **** MoHexSearch returned empty sequence!
ecd66 warning: **** Returning random move!
ecd66 info: *** Player move: a5
dcd46 info: DfpnSolver::CheckAbort(): Abort flag!
e4d56 info: 
MID calls      35
VC builds      33
Terminal       2
Work           37
Wasted Work    0 (0%)
Elapsed Time   0.330611
MIDs/sec       105.865
VCs/sec        99.8152
Cnt prune sib  0
Avg prune sib  -
Consider Size  38.8387 dev=24.7778 min=5 max=76
Move Index     -
Move Percent   -
Delta Increase 2.77778 dev=4.14401 min=1 max=16
Winner         empty
PV             k1 j3 g6

HashTableStatistics:
Stores         1004
LookupAttempt  82126
LookupSuccess  4724
Collisions     0

e4d56 info: Search aborted.
5fac7 info: PlayAndSolve: Building VCs to avoid race condition.
5fac7 info: PlayAndSolve: Continuing on as usual.
e4d56 info: *** PlayerThread ***
ecd66 info: *** SolverThread ***
dcd46 config: VCS: reading captured set patterns from '/home/linus/MoHex2.0/nfbranchfix/benzene-vanilla-cmake/share/vc-captured-set.txt'.
dcd46 config: VCS:: parsed 2 patterns.
dcd46 config: VCS: reading captured set patterns from '/home/linus/MoHex2.0/nfbranchfix/benzene-vanilla-cmake/share/vc-captured-set.txt'.
dcd46 config: VCS:: parsed 2 patterns.
dcd46 dfpn: 
e4d56 info: Best move cannot be determined, must search state.
e4d56 info: --- MoHexPlayer::Search() ---
e4d56 info: Color: black
e4d56 info: MaxGames: 1
e4d56 info: NumberThreads: 1
e4d56 info: MaxNodes: 181818181 (15999999928 bytes)
e4d56 info: TimeForMove: 1
dcd46 dfpn: g6
dcd46 dfpn: d7
dcd46 dfpn: f3
dcd46 dfpn: g3
dcd46 dfpn: h5
dcd46 dfpn: b9
dcd46 dfpn: e7
dcd46 dfpn: b8
dcd46 dfpn: g4
dcd46 dfpn: d6
dcd46 dfpn: k1
dcd46 dfpn: d8
dcd46 dfpn: b7
dcd46 dfpn: c7
dcd46 dfpn: f4
dcd46 dfpn: b10
dcd46 dfpn: g7
dcd46 dfpn: g6
e4d56 info: PreSearch: max time reached (47/78).
e4d56 info: Time for PreSearch: 0.202261s
e4d56 info: 
  42a3985bcaffa4ea
  a  b  c  d  e  f  g  h  i  j  k  
 1\.  .  .  .  b  b  b  b  .  W  *\1
  2\.  .  .  .  .  B  .  W  *  *  *\2
   3\.  .  .  .  .  *  *  *  *  *  *\3
    4\.  .  .  .  .  *  *  B  *  *  *\4
     5\B  .  .  .  W  *  *  *  *  *  *\5
      6\W  .  B  *  *  W  *  *  *  *  *\6
       7\W  *  *  *  *  *  *  *  *  *  *\7
        8\B  *  W  *  *  B  *  *  *  *  *\8
         9\*  *  *  *  *  *  *  *  *  *  .\9
         10\*  *  *  *  *  *  *  *  W  .  B\10
          11\.  .  .  .  B  .  .  .  b  b  b\11
              a  b  c  d  e  f  g  h  i  j  k  
dcd46 dfpn: g3
e4d56 info: Old: [black, a8] [white, swap-pieces] [white, h2] [black, k10] [white, j1] [black, f8] [white, a6] [black, e11] [white, a7] [black, f2] [white, f6] [black, h4] [white, c8] [black, c6] [white, e5] 
e4d56 info: New: [black, a8] [white, swap-pieces] [white, h2] [black, k10] [white, j1] [black, f8] [white, a6] [black, e11] [white, a7] [black, f2] [white, f6] [black, h4] [white, c8] [black, c6] [white, e5] [black, a5] [white, i10] 
e4d56 info: MovesPlayed: [black, a5] [white, i10] 
e4d56 info: No subtree to reuse.
dcd46 dfpn: k1
e4d56 info: StartSearch()[0]
e4d56 info: 
Elapsed Time   0.362961s
Count          1
GamesPlayed    1
Nodes          1
Knowledge      0 (0.0%)
Expansions     0.0
Time           0.00
GameLen        98.0 dev=0.0 min=98.0 max=98.0
InTree         0.0 dev=0.0 min=0.0 max=0.0
KnowDepth      -
Aborted        0%
Games/s        3194.9
Score          1.00
Sequence      
e4d56 info: 
e4d56 warning: **** MoHexSearch returned empty sequence!
e4d56 warning: **** Returning random move!
e4d56 info: *** Player move: f11
dcd46 info: DfpnSolver::CheckAbort(): Abort flag!
ecd66 info: 
MID calls      45
VC builds      42
Terminal       1
Work           46
Wasted Work    0 (0%)
Elapsed Time   0.380891
MIDs/sec       118.144
VCs/sec        110.268
Cnt prune sib  3
Avg prune sib  5.33333 dev=6.12826 min=1 max=14
Consider Size  51.1951 dev=24.3493 min=8 max=78
Move Index     -
Move Percent   -
Delta Increase 3.84444 dev=11.3215 min=1 max=75
Winner         empty
PV             k1 h5 d7

HashTableStatistics:
Stores         1115
LookupAttempt  89276
LookupSuccess  5208
Collisions     0

ecd66 info: Search aborted.
5fac7 info: PlayAndSolve: Building VCs to avoid race condition.
5fac7 info: PlayAndSolve: Continuing on as usual.
ecd66 info: *** PlayerThread ***
e4d56 info: *** SolverThread ***
dcd46 config: VCS: reading captured set patterns from '/home/linus/MoHex2.0/nfbranchfix/benzene-vanilla-cmake/share/vc-captured-set.txt'.
dcd46 config: VCS:: parsed 2 patterns.
dcd46 config: VCS: reading captured set patterns from '/home/linus/MoHex2.0/nfbranchfix/benzene-vanilla-cmake/share/vc-captured-set.txt'.
dcd46 config: VCS:: parsed 2 patterns.
dcd46 dfpn: 
ecd66 info: Best move cannot be determined, must search state.
ecd66 info: --- MoHexPlayer::Search() ---
ecd66 info: Color: black
ecd66 info: MaxGames: 1
ecd66 info: NumberThreads: 1
ecd66 info: MaxNodes: 181818181 (15999999928 bytes)
ecd66 info: TimeForMove: 1
dcd46 dfpn: g6
dcd46 dfpn: d7
dcd46 dfpn: f3
dcd46 dfpn: g3
dcd46 dfpn: h5
dcd46 dfpn: b9
dcd46 dfpn: e7
dcd46 dfpn: b8
dcd46 dfpn: g4
dcd46 dfpn: b10
dcd46 dfpn: k1
dcd46 dfpn: b7
dcd46 dfpn: d6
dcd46 dfpn: c7
dcd46 dfpn: g7
dcd46 dfpn: d8
dcd46 dfpn: f4
dcd46 dfpn: g6
dcd46 dfpn: g3
ecd66 info: PreSearch: max time reached (62/75).
ecd66 info: Time for PreSearch: 0.20139s
dcd46 dfpn: k1
ecd66 info: 
  aea27dbdcebdb101
  a  b  c  d  e  f  g  h  i  j  k  
 1\.  .  .  .  b  b  b  b  .  W  *\1
  2\.  .  .  .  .  B  .  W  *  *  *\2
   3\.  .  .  .  .  *  *  *  *  *  *\3
    4\.  .  .  .  .  *  *  B  *  *  *\4
     5\B  .  .  .  W  *  *  *  *  *  *\5
      6\W  .  B  *  *  W  *  *  *  *  *\6
       7\W  *  *  *  *  *  *  *  *  *  *\7
        8\B  *  W  *  *  B  *  *  *  *  *\8
         9\*  *  *  *  *  *  *  *  *  *  .\9
         10\*  *  *  *  *  .  .  .  W  .  B\10
          11\.  .  .  W  B  B  b  b  b  b  b\11
              a  b  c  d  e  f  g  h  i  j  k  
dcd46 dfpn: g6
ecd66 info: Old: [black, a8] [white, swap-pieces] [white, h2] [black, k10] [white, j1] [black, f8] [white, a6] [black, e11] [white, a7] [black, f2] [white, f6] [black, h4] [white, c8] [black, c6] [white, e5] [black, a5] [white, i10] 
ecd66 info: New: [black, a8] [white, swap-pieces] [white, h2] [black, k10] [white, j1] [black, f8] [white, a6] [black, e11] [white, a7] [black, f2] [white, f6] [black, h4] [white, c8] [black, c6] [white, e5] [black, a5] [white, i10] [black, f11] [white, d11] 
ecd66 info: MovesPlayed: [black, f11] [white, d11] 
ecd66 info: No subtree to reuse.
dcd46 dfpn: g3
ecd66 info: StartSearch()[0]
ecd66 info: 
Elapsed Time   0.56976s
Count          1
GamesPlayed    1
Nodes          1
Knowledge      0 (0.0%)
Expansions     0.0
Time           0.00
GameLen        94.0 dev=0.0 min=94.0 max=94.0
InTree         0.0 dev=0.0 min=0.0 max=0.0
KnowDepth      -
Aborted        0%
Games/s        3436.4
Score          1.00
Sequence      
ecd66 info: 
ecd66 warning: **** MoHexSearch returned empty sequence!
ecd66 warning: **** Returning random move!
ecd66 info: *** Player move: e10
dcd46 info: DfpnSolver::CheckAbort(): Abort flag!
e4d56 info: 
MID calls      98
VC builds      84
Terminal       2
Work           100
Wasted Work    0 (0%)
Elapsed Time   0.581146
MIDs/sec       168.632
VCs/sec        144.542
Cnt prune sib  2
Avg prune sib  7.5 dev=6.5 min=1 max=14
Consider Size  50.9024 dev=22.5511 min=6 max=75
Move Index     -
Move Percent   -
Delta Increase 4.64646 dev=10.4023 min=1 max=58
Winner         empty
PV             g3 h5 g6 g5

HashTableStatistics:
Stores         1333
LookupAttempt  99030
LookupSuccess  5852
Collisions     0

e4d56 info: Search aborted.
5fac7 info: PlayAndSolve: Building VCs to avoid race condition.
5fac7 info: PlayAndSolve: Continuing on as usual.
e4d56 info: *** PlayerThread ***
ecd66 info: *** SolverThread ***
dcd46 config: VCS: reading captured set patterns from '/home/linus/MoHex2.0/nfbranchfix/benzene-vanilla-cmake/share/vc-captured-set.txt'.
dcd46 config: VCS:: parsed 2 patterns.
dcd46 config: VCS: reading captured set patterns from '/home/linus/MoHex2.0/nfbranchfix/benzene-vanilla-cmake/share/vc-captured-set.txt'.
dcd46 config: VCS:: parsed 2 patterns.
dcd46 dfpn: 
e4d56 info: Best move cannot be determined, must search state.
e4d56 info: --- MoHexPlayer::Search() ---
e4d56 info: Color: black
e4d56 info: MaxGames: 1
e4d56 info: NumberThreads: 1
e4d56 info: MaxNodes: 181818181 (15999999928 bytes)
e4d56 info: TimeForMove: 1
dcd46 dfpn: g6
dcd46 dfpn: d7
dcd46 dfpn: f3
dcd46 dfpn: g3
dcd46 dfpn: h5
dcd46 dfpn: b9
dcd46 dfpn: e7
dcd46 dfpn: b8
dcd46 dfpn: g4
dcd46 dfpn: g7
dcd46 dfpn: d6
dcd46 dfpn: d8
dcd46 dfpn: b7
dcd46 dfpn: c7
dcd46 dfpn: f4
dcd46 dfpn: a9
dcd46 dfpn: g6
dcd46 dfpn: g3
e4d56 info: PreSearch: max time reached (63/71).
e4d56 info: Time for PreSearch: 0.202737s
e4d56 info: 
  a2d804aa0377ab8e
  a  b  c  d  e  f  g  h  i  j  k  
 1\.  .  .  .  b  b  b  b  .  W  *\1
  2\.  .  .  .  .  B  .  W  *  *  *\2
   3\.  .  .  .  .  *  *  *  *  *  *\3
    4\.  .  .  .  .  *  *  B  *  *  *\4
     5\B  .  .  .  W  *  *  *  *  *  *\5
      6\W  .  B  *  *  W  *  *  *  *  *\6
       7\W  *  *  *  *  *  *  *  *  *  *\7
        8\B  *  W  *  *  B  *  *  *  *  .\8
         9\*  *  *  *  *  .  *  *  *  .  *\9
         10\*  *  .  .  B  .  .  .  W  W  B\10
          11\.  .  .  W  B  B  b  b  b  b  b\11
              a  b  c  d  e  f  g  h  i  j  k  
e4d56 info: Old: [black, a8] [white, swap-pieces] [white, h2] [black, k10] [white, j1] [black, f8] [white, a6] [black, e11] [white, a7] [black, f2] [white, f6] [black, h4] [white, c8] [black, c6] [white, e5] [black, a5] [white, i10] [black, f11] [white, d11] 
e4d56 info: New: [black, a8] [white, swap-pieces] [white, h2] [black, k10] [white, j1] [black, f8] [white, a6] [black, e11] [white, a7] [black, f2] [white, f6] [black, h4] [white, c8] [black, c6] [white, e5] [black, a5] [white, i10] [black, f11] [white, d11] [black, e10] [white, j10] 
e4d56 info: MovesPlayed: [black, e10] [white, j10] 
e4d56 info: No subtree to reuse.
e4d56 info: StartSearch()[0]
e4d56 info: 
Elapsed Time   0.35884s
Count          1
GamesPlayed    1
Nodes          1
Knowledge      0 (0.0%)
Expansions     0.0
Time           0.00
GameLen        92.0 dev=0.0 min=92.0 max=92.0
InTree         0.0 dev=0.0 min=0.0 max=0.0
KnowDepth      -
Aborted        0%
Games/s        3533.6
Score          0.00
Sequence      
e4d56 info: 
e4d56 warning: **** MoHexSearch returned empty sequence!
e4d56 warning: **** Returning random move!
e4d56 info: *** Player move: e2
dcd46 info: DfpnSolver::CheckAbort(): Abort flag!
ecd66 info: 
MID calls      49
VC builds      48
Terminal       5
Work           54
Wasted Work    0 (0%)
Elapsed Time   0.369885
MIDs/sec       132.474
VCs/sec        129.77
Cnt prune sib  1
Avg prune sib  14 dev=0 min=14 max=14
Consider Size  43.7907 dev=22.5415 min=7 max=71
Move Index     -
Move Percent   -
Delta Increase 2.86792 dev=4.96796 min=1 max=22
Winner         empty
PV             g3 h5 g6 g5

HashTableStatistics:
Stores         1455
LookupAttempt  105066
LookupSuccess  6269
Collisions     0

ecd66 info: Search aborted.
5fac7 info: PlayAndSolve: Building VCs to avoid race condition.
5fac7 info: PlayAndSolve: Continuing on as usual.
ecd66 info: *** PlayerThread ***
e4d56 info: *** SolverThread ***
dcd46 config: VCS: reading captured set patterns from '/home/linus/MoHex2.0/nfbranchfix/benzene-vanilla-cmake/share/vc-captured-set.txt'.
dcd46 config: VCS:: parsed 2 patterns.
dcd46 config: VCS: reading captured set patterns from '/home/linus/MoHex2.0/nfbranchfix/benzene-vanilla-cmake/share/vc-captured-set.txt'.
dcd46 config: VCS:: parsed 2 patterns.
dcd46 dfpn: 
ecd66 info: Best move cannot be determined, must search state.
ecd66 info: --- MoHexPlayer::Search() ---
ecd66 info: Color: black
ecd66 info: MaxGames: 1
ecd66 info: NumberThreads: 1
ecd66 info: MaxNodes: 181818181 (15999999928 bytes)
ecd66 info: TimeForMove: 1
dcd46 dfpn: g6
dcd46 dfpn: d7
dcd46 dfpn: b9
dcd46 dfpn: g3
dcd46 dfpn: b8
dcd46 dfpn: f3
dcd46 dfpn: d6
dcd46 dfpn: b7
dcd46 dfpn: g4
dcd46 dfpn: f4
dcd46 dfpn: k1
dcd46 dfpn: g6
ecd66 info: Time for PreSearch: 0.109454s
ecd66 info: 
  c78c3416b3f6f90e
  a  b  c  d  e  f  g  h  i  j  k  
 1\.  .  .  b  b  b  b  b  .  W  *\1
  2\.  .  .  .  B  B  .  W  *  *  *\2
   3\.  .  .  .  .  *  *  *  *  *  *\3
    4\.  .  .  .  .  *  *  B  .  *  *\4
     5\B  .  .  .  W  *  .  .  *  *  *\5
      6\W  .  B  *  *  W  *  .  *  *  *\6
       7\W  *  .  *  .  .  .  W  *  *  *\7
        8\B  *  W  .  .  B  .  *  *  *  .\8
         9\.  *  .  .  .  .  .  .  *  .  *\9
         10\*  .  .  .  B  .  .  .  W  W  B\10
          11\.  .  .  W  B  B  b  b  b  b  b\11
              a  b  c  d  e  f  g  h  i  j  k  
dcd46 dfpn: g3
ecd66 info: Old: [black, a8] [white, swap-pieces] [white, h2] [black, k10] [white, j1] [black, f8] [white, a6] [black, e11] [white, a7] [black, f2] [white, f6] [black, h4] [white, c8] [black, c6] [white, e5] [black, a5] [white, i10] [black, f11] [white, d11] [black, e10] [white, j10] 
ecd66 info: New: [black, a8] [white, swap-pieces] [white, h2] [black, k10] [white, j1] [black, f8] [white, a6] [black, e11] [white, a7] [black, f2] [white, f6] [black, h4] [white, c8] [black, c6] [white, e5] [black, a5] [white, i10] [black, f11] [white, d11] [black, e10] [white, j10] [black, e2] [white, h7] 
ecd66 info: MovesPlayed: [black, e2] [white, h7] 
ecd66 info: No subtree to reuse.
ecd66 info: StartSearch()[0]
ecd66 info: 
Elapsed Time   0.258392s
Count          1
GamesPlayed    1
Nodes          1
Knowledge      0 (0.0%)
Expansions     0.0
Time           0.00
GameLen        89.0 dev=0.0 min=89.0 max=89.0
InTree         0.0 dev=0.0 min=0.0 max=0.0
KnowDepth      -
Aborted        0%
Games/s        3048.8
Score          0.00
Sequence      
ecd66 info: 
ecd66 warning: **** MoHexSearch returned empty sequence!
ecd66 warning: **** Returning random move!
ecd66 info: *** Player move: f3
dcd46 info: DfpnSolver::CheckAbort(): Abort flag!
e4d56 info: 
MID calls      32
VC builds      30
Terminal       2
Work           34
Wasted Work    0 (0%)
Elapsed Time   0.275025
MIDs/sec       116.353
VCs/sec        109.081
Cnt prune sib  1
Avg prune sib  1 dev=0 min=1 max=1
Consider Size  32.9286 dev=21.9918 min=2 max=61
Move Index     -
Move Percent   -
Delta Increase 2.48485 dev=3.97813 min=1 max=22
Winner         empty
PV             g3 h5 d7 e8

HashTableStatistics:
Stores         1534
LookupAttempt  107912
LookupSuccess  6501
Collisions     0

e4d56 info: Search aborted.
5fac7 info: PlayAndSolve: Building VCs to avoid race condition.
5fac7 info: PlayAndSolve: Continuing on as usual.
e4d56 info: *** PlayerThread ***
ecd66 info: *** SolverThread ***
dcd46 config: VCS: reading captured set patterns from '/home/linus/MoHex2.0/nfbranchfix/benzene-vanilla-cmake/share/vc-captured-set.txt'.
dcd46 config: VCS:: parsed 2 patterns.
dcd46 config: VCS: reading captured set patterns from '/home/linus/MoHex2.0/nfbranchfix/benzene-vanilla-cmake/share/vc-captured-set.txt'.
dcd46 config: VCS:: parsed 2 patterns.
dcd46 dfpn: 
dcd46 dfpn: g6
e4d56 info: Best move cannot be determined, must search state.
e4d56 info: --- MoHexPlayer::Search() ---
e4d56 info: Color: black
e4d56 info: MaxGames: 1
e4d56 info: NumberThreads: 1
e4d56 info: MaxNodes: 181818181 (15999999928 bytes)
e4d56 info: TimeForMove: 1
dcd46 dfpn: b9
dcd46 dfpn: d7
dcd46 dfpn: e7
dcd46 dfpn: d6
dcd46 dfpn: g7
dcd46 dfpn: c7
dcd46 dfpn: b8
dcd46 dfpn: g4
dcd46 dfpn: b10
dcd46 dfpn: b7
dcd46 dfpn: e8
dcd46 dfpn: f7
dcd46 dfpn: d8
e4d56 info: Time for PreSearch: 0.173192s
dcd46 dfpn: d7
e4d56 info: 
  3986bd0848c5c98e
  a  b  c  d  e  f  g  h  i  j  k  
 1\b  b  b  b  b  b  b  b  .  W  *\1
  2\b  b  b  b  B  B  b  W  *  *  *\2
   3\b  b  b  b  b  B  .  .  *  *  *\3
    4\b  b  b  b  b  .  *  B  *  *  *\4
     5\B  b  b  b  W  *  *  *  *  *  *\5
      6\W  b  B  *  *  W  *  *  *  *  *\6
       7\W  *  *  *  *  *  *  W  *  *  *\7
        8\B  *  W  *  *  B  .  *  *  *  .\8
         9\*  *  *  *  *  .  .  *  *  .  *\9
         10\*  *  .  .  B  .  .  .  W  W  B\10
          11\.  .  W  W  B  B  b  b  b  b  b\11
              a  b  c  d  e  f  g  h  i  j  k  
e4d56 info: Old: [black, a8] [white, swap-pieces] [white, h2] [black, k10] [white, j1] [black, f8] [white, a6] [black, e11] [white, a7] [black, f2] [white, f6] [black, h4] [white, c8] [black, c6] [white, e5] [black, a5] [white, i10] [black, f11] [white, d11] [black, e10] [white, j10] [black, e2] [white, h7] 
e4d56 info: New: [black, a8] [white, swap-pieces] [white, h2] [black, k10] [white, j1] [black, f8] [white, a6] [black, e11] [white, a7] [black, f2] [white, f6] [black, h4] [white, c8] [black, c6] [white, e5] [black, a5] [white, i10] [black, f11] [white, d11] [black, e10] [white, j10] [black, e2] [white, h7] [black, f3] [white, c11] 
e4d56 info: MovesPlayed: [black, f3] [white, c11] 
e4d56 info: No subtree to reuse.
e4d56 info: StartSearch()[0]
e4d56 info: 
Elapsed Time   0.563151s
Count          1
GamesPlayed    1
Nodes          1
Knowledge      0 (0.0%)
Expansions     0.0
Time           0.00
GameLen        65.0 dev=0.0 min=65.0 max=65.0
InTree         0.0 dev=0.0 min=0.0 max=0.0
KnowDepth      -
Aborted        0%
Games/s        3067.5
Score          1.00
Sequence      
e4d56 info: 
e4d56 warning: **** MoHexSearch returned empty sequence!
e4d56 warning: **** Returning random move!
e4d56 info: *** Player move: a11
dcd46 info: DfpnSolver::CheckAbort(): Abort flag!
ecd66 info: 
MID calls      50
VC builds      58
Terminal       16
Work           66
Wasted Work    15 (22.7273%)
Elapsed Time   0.582013
MIDs/sec       85.9087
VCs/sec        99.6541
Cnt prune sib  3
Avg prune sib  2.33333 dev=1.24722 min=1 max=4
Consider Size  11.881 dev=14.0343 min=1 max=54
Move Index     0 dev=0 min=0 max=0
Move Percent   0 dev=0 min=0 max=0
Delta Increase 2.19643 dev=6.12495 min=1 max=47
Winner         empty
PV             d7 c7 c9 d6

HashTableStatistics:
Stores         1674
LookupAttempt  111551
LookupSuccess  6839
Collisions     0

ecd66 info: Search aborted.
5fac7 info: PlayAndSolve: Building VCs to avoid race condition.
5fac7 info: PlayAndSolve: Continuing on as usual.
ecd66 info: *** PlayerThread ***
e4d56 info: *** SolverThread ***
dcd46 config: VCS: reading captured set patterns from '/home/linus/MoHex2.0/nfbranchfix/benzene-vanilla-cmake/share/vc-captured-set.txt'.
dcd46 config: VCS:: parsed 2 patterns.
dcd46 config: VCS: reading captured set patterns from '/home/linus/MoHex2.0/nfbranchfix/benzene-vanilla-cmake/share/vc-captured-set.txt'.
dcd46 config: VCS:: parsed 2 patterns.
dcd46 dfpn: 
ecd66 info: Best move cannot be determined, must search state.
ecd66 info: --- MoHexPlayer::Search() ---
ecd66 info: Color: black
ecd66 info: MaxGames: 1
ecd66 info: NumberThreads: 1
ecd66 info: MaxNodes: 181818181 (15999999928 bytes)
ecd66 info: TimeForMove: 1
dcd46 dfpn: g6
dcd46 dfpn: b9
dcd46 dfpn: d7
dcd46 dfpn: e7
dcd46 dfpn: b7
dcd46 dfpn: d6
dcd46 dfpn: a9
dcd46 dfpn: g7
dcd46 dfpn: c7
dcd46 dfpn: g4
dcd46 dfpn: a10
dcd46 dfpn: b8
dcd46 dfpn: f7
dcd46 dfpn: d8
ecd66 info: Time for PreSearch: 0.117979s
dcd46 dfpn: h5
dcd46 dfpn: d7
ecd66 info: 
  fe4bbde0e6c76564
  a  b  c  d  e  f  g  h  i  j  k  
 1\b  b  b  b  b  b  b  b  .  W  *\1
  2\b  b  b  b  B  B  b  W  *  *  *\2
   3\b  b  b  b  b  B  .  .  *  *  *\3
    4\b  b  b  b  b  .  *  B  *  *  *\4
     5\B  b  b  b  W  *  *  *  *  *  *\5
      6\W  b  B  *  *  W  *  *  *  *  *\6
       7\W  *  *  *  *  *  *  W  *  *  *\7
        8\B  *  W  *  *  B  .  *  *  *  .\8
         9\*  *  *  *  *  .  .  *  *  .  *\9
         10\*  *  .  .  B  .  .  .  W  W  B\10
          11\B  W  W  W  B  B  b  b  b  b  b\11
              a  b  c  d  e  f  g  h  i  j  k  
e4d56 info: 
MID calls      22
VC builds      21
Terminal       2
Work           24
Wasted Work    21 (87.5%)
Elapsed Time   0.187764
MIDs/sec       117.168
VCs/sec        111.843
Cnt prune sib  1
Avg prune sib  1 dev=0 min=1 max=1
Consider Size  20.2632 dev=20.1281 min=2 max=54
Move Index     1 dev=0.816497 min=0 max=2
Move Percent   0.0196708 dev=0.0154474 min=0 max=0.0377358
Delta Increase 3.22727 dev=9.56286 min=1 max=47
Winner         black
PV             d7 e8 b9

HashTableStatistics:
Stores         1737
LookupAttempt  115296
LookupSuccess  7158
Collisions     0

e4d56 info: *** FOUND WIN!!! ***
e4d56 info: PV: d7 e8 b9
ecd66 info: Old: [black, a8] [white, swap-pieces] [white, h2] [black, k10] [white, j1] [black, f8] [white, a6] [black, e11] [white, a7] [black, f2] [white, f6] [black, h4] [white, c8] [black, c6] [white, e5] [black, a5] [white, i10] [black, f11] [white, d11] [black, e10] [white, j10] [black, e2] [white, h7] [black, f3] [white, c11] 
ecd66 info: New: [black, a8] [white, swap-pieces] [white, h2] [black, k10] [white, j1] [black, f8] [white, a6] [black, e11] [white, a7] [black, f2] [white, f6] [black, h4] [white, c8] [black, c6] [white, e5] [black, a5] [white, i10] [black, f11] [white, d11] [black, e10] [white, j10] [black, e2] [white, h7] [black, f3] [white, c11] [black, a11] [white, b11] 
ecd66 info: MovesPlayed: [black, a11] [white, b11] 
ecd66 info: No subtree to reuse.
ecd66 info: StartSearch()[0]
ecd66 info: 
Elapsed Time   0.265036s
Count          1
GamesPlayed    1
Nodes          1
Knowledge      0 (0.0%)
Expansions     0.0
Time           0.00
GameLen        63.0 dev=0.0 min=63.0 max=63.0
InTree         0.0 dev=0.0 min=0.0 max=0.0
KnowDepth      -
Aborted        0%
Games/s        2994.0
Score          1.00
Sequence      
ecd66 info: 
ecd66 warning: **** MoHexSearch returned empty sequence!
ecd66 warning: **** Returning random move!
5fac7 info: PlayAndSolve: Building VCs to avoid race condition.
5fac7 info: PlayAndSolve: Continuing on as usual.
e4d56 info: *** PlayerThread ***
ecd66 info: *** SolverThread ***
ecd66 info: Already solved!
ecd66 info: black wins!
ecd66 info: PV: b9
ecd66 info: *** FOUND WIN!!! ***
ecd66 info: PV: b9
e4d56 info: Best move cannot be determined, must search state.
e4d56 info: --- MoHexPlayer::Search() ---
e4d56 info: Color: black
e4d56 info: MaxGames: 1
e4d56 info: NumberThreads: 1
e4d56 info: MaxNodes: 181818181 (15999999928 bytes)
e4d56 info: TimeForMove: 1
e4d56 info: Winning sequence found before UCT search!
e4d56 info: Sequence: b9
5fac7 info: PlayAndSolve: Building VCs to avoid race condition.
5fac7 info: PlayAndSolve: Continuing on as usual.
ecd66 info: *** PlayerThread ***
e4d56 info: *** SolverThread ***
dcd46 config: VCS: reading captured set patterns from '/home/linus/MoHex2.0/nfbranchfix/benzene-vanilla-cmake/share/vc-captured-set.txt'.
dcd46 config: VCS:: parsed 2 patterns.
dcd46 config: VCS: reading captured set patterns from '/home/linus/MoHex2.0/nfbranchfix/benzene-vanilla-cmake/share/vc-captured-set.txt'.
dcd46 config: VCS:: parsed 2 patterns.
dcd46 dfpn: 
ecd66 info: Winning SC.
ecd66 info: *** Player move: b5
e4d56 info: 
MID calls      0
VC builds      1
Terminal       1
Work           1
Wasted Work    0 (0%)
Elapsed Time   0.008267
MIDs/sec       0
VCs/sec        120.963
Cnt prune sib  0
Avg prune sib  -
Consider Size  -
Move Index     -
Move Percent   -
Delta Increase -
Winner         black
PV             

HashTableStatistics:
Stores         1738
LookupAttempt  115305
LookupSuccess  7164
Collisions     0

5fac7 info: PlayAndSolve: Building VCs to avoid race condition.
5fac7 info: PlayAndSolve: Continuing on as usual.
e4d56 info: *** PlayerThread ***
ecd66 info: *** SolverThread ***
dcd46 config: VCS: reading captured set patterns from '/home/linus/MoHex2.0/nfbranchfix/benzene-vanilla-cmake/share/vc-captured-set.txt'.
dcd46 config: VCS:: parsed 2 patterns.
dcd46 config: VCS: reading captured set patterns from '/home/linus/MoHex2.0/nfbranchfix/benzene-vanilla-cmake/share/vc-captured-set.txt'.
dcd46 config: VCS:: parsed 2 patterns.
dcd46 dfpn: 
e4d56 info: Winning SC.
e4d56 info: *** Player move: b3
ecd66 info: 
MID calls      0
VC builds      1
Terminal       1
Work           1
Wasted Work    0 (0%)
Elapsed Time   0.008816
MIDs/sec       0
VCs/sec        113.43
Cnt prune sib  0
Avg prune sib  -
Consider Size  -
Move Index     -
Move Percent   -
Delta Increase -
Winner         black
PV             

HashTableStatistics:
Stores         1739
LookupAttempt  115311
LookupSuccess  7167
Collisions     0

5fac7 info: PlayAndSolve: Building VCs to avoid race condition.
5fac7 info: PlayAndSolve: Continuing on as usual.
ecd66 info: *** PlayerThread ***
e4d56 info: *** SolverThread ***
dcd46 config: VCS: reading captured set patterns from '/home/linus/MoHex2.0/nfbranchfix/benzene-vanilla-cmake/share/vc-captured-set.txt'.
dcd46 config: VCS:: parsed 2 patterns.
dcd46 config: VCS: reading captured set patterns from '/home/linus/MoHex2.0/nfbranchfix/benzene-vanilla-cmake/share/vc-captured-set.txt'.
dcd46 config: VCS:: parsed 2 patterns.
dcd46 dfpn: 
ecd66 info: Winning SC.
ecd66 info: *** Player move: d8
e4d56 info: 
MID calls      0
VC builds      1
Terminal       1
Work           1
Wasted Work    0 (0%)
Elapsed Time   0.007187
MIDs/sec       0
VCs/sec        139.14
Cnt prune sib  0
Avg prune sib  -
Consider Size  -
Move Index     -
Move Percent   -
Delta Increase -
Winner         black
PV             

HashTableStatistics:
Stores         1740
LookupAttempt  115317
LookupSuccess  7170
Collisions     0

5fac7 info: PlayAndSolve: Building VCs to avoid race condition.
5fac7 info: PlayAndSolve: Continuing on as usual.
e4d56 info: *** PlayerThread ***
ecd66 info: *** SolverThread ***
dcd46 config: VCS: reading captured set patterns from '/home/linus/MoHex2.0/nfbranchfix/benzene-vanilla-cmake/share/vc-captured-set.txt'.
dcd46 config: VCS:: parsed 2 patterns.
dcd46 config: VCS: reading captured set patterns from '/home/linus/MoHex2.0/nfbranchfix/benzene-vanilla-cmake/share/vc-captured-set.txt'.
dcd46 config: VCS:: parsed 2 patterns.
dcd46 dfpn: 
e4d56 info: Winning SC.
e4d56 info: *** Player move: c9
ecd66 info: 
MID calls      0
VC builds      1
Terminal       1
Work           1
Wasted Work    0 (0%)
Elapsed Time   0.007293
MIDs/sec       0
VCs/sec        137.118
Cnt prune sib  0
Avg prune sib  -
Consider Size  -
Move Index     -
Move Percent   -
Delta Increase -
Winner         black
PV             

HashTableStatistics:
Stores         1741
LookupAttempt  115323
LookupSuccess  7173
Collisions     0

5fac7 info: PlayAndSolve: Building VCs to avoid race condition.
5fac7 info: PlayAndSolve: Continuing on as usual.
ecd66 info: *** PlayerThread ***
e4d56 info: *** SolverThread ***
dcd46 config: VCS: reading captured set patterns from '/home/linus/MoHex2.0/nfbranchfix/benzene-vanilla-cmake/share/vc-captured-set.txt'.
dcd46 config: VCS:: parsed 2 patterns.
dcd46 config: VCS: reading captured set patterns from '/home/linus/MoHex2.0/nfbranchfix/benzene-vanilla-cmake/share/vc-captured-set.txt'.
dcd46 config: VCS:: parsed 2 patterns.
dcd46 dfpn: 
ecd66 info: Winning SC.
ecd66 info: *** Player move: c7
e4d56 info: 
MID calls      0
VC builds      1
Terminal       1
Work           1
Wasted Work    0 (0%)
Elapsed Time   0.00704
MIDs/sec       0
VCs/sec        142.045
Cnt prune sib  0
Avg prune sib  -
Consider Size  -
Move Index     -
Move Percent   -
Delta Increase -
Winner         black
PV             

HashTableStatistics:
Stores         1742
LookupAttempt  115329
LookupSuccess  7176
Collisions     0

5fac7 info: PlayAndSolve: Building VCs to avoid race condition.
5fac7 info: PlayAndSolve: Continuing on as usual.
e4d56 info: *** PlayerThread ***
ecd66 info: *** SolverThread ***
dcd46 config: VCS: reading captured set patterns from '/home/linus/MoHex2.0/nfbranchfix/benzene-vanilla-cmake/share/vc-captured-set.txt'.
dcd46 config: VCS:: parsed 2 patterns.
dcd46 config: VCS: reading captured set patterns from '/home/linus/MoHex2.0/nfbranchfix/benzene-vanilla-cmake/share/vc-captured-set.txt'.
dcd46 config: VCS:: parsed 2 patterns.
dcd46 dfpn: 
e4d56 info: Winning SC.
e4d56 info: *** Player move: b10
ecd66 info: 
MID calls      0
VC builds      1
Terminal       1
Work           1
Wasted Work    0 (0%)
Elapsed Time   0.006804
MIDs/sec       0
VCs/sec        146.972
Cnt prune sib  0
Avg prune sib  -
Consider Size  -
Move Index     -
Move Percent   -
Delta Increase -
Winner         black
PV             

HashTableStatistics:
Stores         1743
LookupAttempt  115335
LookupSuccess  7179
Collisions     0

5fac7 info: PlayAndSolve: Building VCs to avoid race condition.
5fac7 info: PlayAndSolve: Continuing on as usual.
ecd66 info: *** PlayerThread ***
e4d56 info: *** SolverThread ***
dcd46 config: VCS: reading captured set patterns from '/home/linus/MoHex2.0/nfbranchfix/benzene-vanilla-cmake/share/vc-captured-set.txt'.
dcd46 config: VCS:: parsed 2 patterns.
dcd46 config: VCS: reading captured set patterns from '/home/linus/MoHex2.0/nfbranchfix/benzene-vanilla-cmake/share/vc-captured-set.txt'.
dcd46 config: VCS:: parsed 2 patterns.
dcd46 dfpn: 
ecd66 info: Winning SC.
ecd66 info: *** Player move: b6
e4d56 info: 
MID calls      0
VC builds      1
Terminal       1
Work           1
Wasted Work    0 (0%)
Elapsed Time   0.007464
MIDs/sec       0
VCs/sec        133.976
Cnt prune sib  0
Avg prune sib  -
Consider Size  -
Move Index     -
Move Percent   -
Delta Increase -
Winner         black
PV             

HashTableStatistics:
Stores         1744
LookupAttempt  115341
LookupSuccess  7182
Collisions     0

5fac7 info: PlayAndSolve: Building VCs to avoid race condition.
5fac7 info: PlayAndSolve: Continuing on as usual.
e4d56 info: *** PlayerThread ***
ecd66 info: *** SolverThread ***
dcd46 config: VCS: reading captured set patterns from '/home/linus/MoHex2.0/nfbranchfix/benzene-vanilla-cmake/share/vc-captured-set.txt'.
dcd46 config: VCS:: parsed 2 patterns.
dcd46 config: VCS: reading captured set patterns from '/home/linus/MoHex2.0/nfbranchfix/benzene-vanilla-cmake/share/vc-captured-set.txt'.
dcd46 config: VCS:: parsed 2 patterns.
dcd46 dfpn: 
e4d56 info: Winning SC.
e4d56 info: *** Player move: b2
ecd66 info: 
MID calls      0
VC builds      1
Terminal       1
Work           1
Wasted Work    0 (0%)
Elapsed Time   0.008086
MIDs/sec       0
VCs/sec        123.671
Cnt prune sib  0
Avg prune sib  -
Consider Size  -
Move Index     -
Move Percent   -
Delta Increase -
Winner         black
PV             

HashTableStatistics:
Stores         1745
LookupAttempt  115347
LookupSuccess  7185
Collisions     0

5fac7 info: PlayAndSolve: Building VCs to avoid race condition.
5fac7 info: PlayAndSolve: Continuing on as usual.
ecd66 info: *** PlayerThread ***
e4d56 info: *** SolverThread ***
dcd46 config: VCS: reading captured set patterns from '/home/linus/MoHex2.0/nfbranchfix/benzene-vanilla-cmake/share/vc-captured-set.txt'.
dcd46 config: VCS:: parsed 2 patterns.
dcd46 config: VCS: reading captured set patterns from '/home/linus/MoHex2.0/nfbranchfix/benzene-vanilla-cmake/share/vc-captured-set.txt'.
dcd46 config: VCS:: parsed 2 patterns.
dcd46 dfpn: 
ecd66 info: Winning SC.
ecd66 info: *** Player move: a4
e4d56 info: 
MID calls      0
VC builds      1
Terminal       1
Work           1
Wasted Work    0 (0%)
Elapsed Time   0.008843
MIDs/sec       0
VCs/sec        113.084
Cnt prune sib  0
Avg prune sib  -
Consider Size  -
Move Index     -
Move Percent   -
Delta Increase -
Winner         black
PV             

HashTableStatistics:
Stores         1746
LookupAttempt  115353
LookupSuccess  7188
Collisions     0

5fac7 info: PlayAndSolve: Building VCs to avoid race condition.
5fac7 info: PlayAndSolve: Continuing on as usual.
e4d56 info: *** PlayerThread ***
ecd66 info: *** SolverThread ***
dcd46 config: VCS: reading captured set patterns from '/home/linus/MoHex2.0/nfbranchfix/benzene-vanilla-cmake/share/vc-captured-set.txt'.
dcd46 config: VCS:: parsed 2 patterns.
dcd46 config: VCS: reading captured set patterns from '/home/linus/MoHex2.0/nfbranchfix/benzene-vanilla-cmake/share/vc-captured-set.txt'.
dcd46 config: VCS:: parsed 2 patterns.
dcd46 dfpn: 
e4d56 info: Winning SC.
e4d56 info: *** Player move: c1
ecd66 info: 
MID calls      0
VC builds      1
Terminal       1
Work           1
Wasted Work    0 (0%)
Elapsed Time   0.006855
MIDs/sec       0
VCs/sec        145.879
Cnt prune sib  0
Avg prune sib  -
Consider Size  -
Move Index     -
Move Percent   -
Delta Increase -
Winner         black
PV             

HashTableStatistics:
Stores         1747
LookupAttempt  115359
LookupSuccess  7191
Collisions     0

5fac7 config: ============ BenzeneShutdown =============
5fac7 config: MoHexProgram:: ShutdownSystem()
5fac7 config: CommonProgram:: ShutdownSystem()
5fac7 config: BenzeneProgram:: ShutdownSystem()
Flushing and closing this stream...
