22e27 config: MoHex v2.0.CMake Mar 21 2025.
22e27 config: ============ InitializeSystem ============
22e27 config: BenzeneProgram::InitRandom()
22e27 config: Seed = 109477
22e27 info: Prior Patterns:
22e27 info: Global:
22e27 info: Size            = 565 32648 
22e27 info: TableEntries    = 65932 65910
22e27 info: MirrorsAdded    = 0 0
22e27 info: PrunableCount   = 30593 30629
22e27 info: LargestGamma    = 5820.77
22e27 info: SmallestGamma   = 6.6e-05
22e27 info: Local:
22e27 info: Size            = 550 5318 
22e27 info: TableEntries    = 11602 11588
22e27 info: MirrorsAdded    = 0 0
22e27 info: PrunableCount   = 3659 3667
22e27 info: LargestGamma    = 11281.8
22e27 info: SmallestGamma   = 0.026235
22e27 info: Playout Patterns:
22e27 info: Global:
22e27 info: Size            = 565 32648 
22e27 info: TableEntries    = 70329 70329
22e27 info: MirrorsAdded    = 4397 4419
22e27 info: PrunableCount   = 30593 30629
22e27 info: LargestGamma    = 5820.77
22e27 info: SmallestGamma   = 6.6e-05
22e27 info: Local:
22e27 info: Size            = 550 5318 
22e27 info: TableEntries    = 11602 11588
22e27 info: MirrorsAdded    = 0 0
22e27 info: PrunableCount   = 3659 3667
22e27 info: LargestGamma    = 11281.8
22e27 info: SmallestGamma   = 0.026235
22e27 config: IcePatternSet: reading from '/home/linus/MoHex2.0/nfbranchfix/benzene-vanilla-cmake/share/ice-patterns.txt'.
22e27 config: IcePatternSet: parsed 708 patterns.
22e27 config: VCS: reading captured set patterns from '/home/linus/MoHex2.0/nfbranchfix/benzene-vanilla-cmake/share/vc-captured-set.txt'.
22e27 config: VCS:: parsed 2 patterns.
22e27 config: VCS: reading captured set patterns from '/home/linus/MoHex2.0/nfbranchfix/benzene-vanilla-cmake/share/vc-captured-set.txt'.
22e27 config: VCS:: parsed 2 patterns.
22e27 config: IcePatternSet: reading from '/home/linus/MoHex2.0/nfbranchfix/benzene-vanilla-cmake/share/ice-patterns.txt'.
22e27 config: IcePatternSet: parsed 708 patterns.
22e27 config: VCS: reading captured set patterns from '/home/linus/MoHex2.0/nfbranchfix/benzene-vanilla-cmake/share/vc-captured-set.txt'.
22e27 config: VCS:: parsed 2 patterns.
22e27 config: VCS: reading captured set patterns from '/home/linus/MoHex2.0/nfbranchfix/benzene-vanilla-cmake/share/vc-captured-set.txt'.
22e27 config: VCS:: parsed 2 patterns.
22e27 config: VCS: reading captured set patterns from '/home/linus/MoHex2.0/nfbranchfix/benzene-vanilla-cmake/share/vc-captured-set.txt'.
22e27 config: VCS:: parsed 2 patterns.
22e27 config: VCS: reading captured set patterns from '/home/linus/MoHex2.0/nfbranchfix/benzene-vanilla-cmake/share/vc-captured-set.txt'.
22e27 config: VCS:: parsed 2 patterns.
22e27 config: VCS: reading captured set patterns from '/home/linus/MoHex2.0/nfbranchfix/benzene-vanilla-cmake/share/vc-captured-set.txt'.
22e27 config: VCS:: parsed 2 patterns.
22e27 config: VCS: reading captured set patterns from '/home/linus/MoHex2.0/nfbranchfix/benzene-vanilla-cmake/share/vc-captured-set.txt'.
22e27 config: VCS:: parsed 2 patterns.
22e27 info: PlayAndSolve: Building VCs to avoid race condition.
22e27 config: VCPattern: loading pattern templates from '/home/linus/MoHex2.0/nfbranchfix/benzene-vanilla-cmake/share/vc-patterns.txt'.
22e27 info: PlayAndSolve: Continuing on as usual.
b00c6 info: *** PlayerThread ***
a80b6 info: *** SolverThread ***
a00a6 config: VCS: reading captured set patterns from '/home/linus/MoHex2.0/nfbranchfix/benzene-vanilla-cmake/share/vc-captured-set.txt'.
a00a6 config: VCS:: parsed 2 patterns.
a00a6 config: VCS: reading captured set patterns from '/home/linus/MoHex2.0/nfbranchfix/benzene-vanilla-cmake/share/vc-captured-set.txt'.
a00a6 config: VCS:: parsed 2 patterns.
a00a6 dfpn: 
b00c6 info: Best move cannot be determined, must search state.
b00c6 info: --- MoHexPlayer::Search() ---
b00c6 info: Color: white
b00c6 info: MaxGames: 1
b00c6 info: NumberThreads: 1
b00c6 info: MaxNodes: 9090 (799920 bytes)
b00c6 info: TimeForMove: 1
a00a6 dfpn: d8
a00a6 dfpn: h4
a00a6 dfpn: g5
a00a6 dfpn: e7
a00a6 dfpn: b10
a00a6 dfpn: c9
a00a6 dfpn: i3
a00a6 dfpn: f6
a00a6 dfpn: e8
a00a6 dfpn: e6
a00a6 dfpn: f5
a00a6 dfpn: g6
a00a6 dfpn: f7
a00a6 dfpn: d7
a00a6 dfpn: h5
a00a6 dfpn: g4
a00a6 dfpn: g7
a00a6 dfpn: c8
a00a6 dfpn: j2
a00a6 dfpn: e5
a00a6 dfpn: h3
a00a6 dfpn: f8
a00a6 dfpn: d6
a00a6 dfpn: d9
a00a6 dfpn: b10
b00c6 info: PreSearch: max time reached (53/90).
b00c6 info: Time for PreSearch: 0.201233s
b00c6 info: 
  b0cb6ee2f6c372da
  a  b  c  d  e  f  g  h  i  j  k  
 1\b  b  b  b  .  *  *  *  *  *  .\1
  2\b  B  .  *  *  *  *  *  *  *  .\2
   3\.  *  *  *  *  *  *  *  *  *  .\3
    4\.  *  *  *  *  *  *  *  *  *  .\4
     5\.  *  *  *  *  *  *  *  *  *  .\5
      6\.  *  *  *  *  *  *  *  *  *  .\6
       7\.  *  *  *  *  *  *  *  *  *  .\7
        8\.  *  *  *  *  *  *  *  *  *  .\8
         9\.  *  *  *  *  *  *  *  *  *  .\9
         10\.  *  *  *  *  *  *  *  *  .  .\10
          11\.  *  *  *  *  *  *  *  .  .  .\11
              a  b  c  d  e  f  g  h  i  j  k  
b00c6 info: No subtree to reuse.
a00a6 dfpn: j2
b00c6 info: Creating thread 0
b00c6 info: StartSearch()[0]
b00c6 config: VCS: reading captured set patterns from '/home/linus/MoHex2.0/nfbranchfix/benzene-vanilla-cmake/share/vc-captured-set.txt'.
b00c6 config: VCS:: parsed 2 patterns.
b00c6 config: VCS: reading captured set patterns from '/home/linus/MoHex2.0/nfbranchfix/benzene-vanilla-cmake/share/vc-captured-set.txt'.
b00c6 config: VCS:: parsed 2 patterns.
b00c6 info: 
Elapsed Time   0.490509s
Count          1
GamesPlayed    1
Nodes          1
Knowledge      0 (0.0%)
Expansions     0.0
Time           0.00
GameLen        115.0 dev=0.0 min=115.0 max=115.0
InTree         0.0 dev=0.0 min=0.0 max=0.0
KnowDepth      -
Aborted        0%
Games/s        408.7
Score          0.00
Sequence      
b00c6 info: 
b00c6 warning: **** MoHexSearch returned empty sequence!
b00c6 warning: **** Returning random move!
b00c6 info: *** Player move: e3
a00a6 info: DfpnSolver::CheckAbort(): Abort flag!
a80b6 info: 
MID calls      79
VC builds      76
Terminal       0
Work           79
Wasted Work    0 (0%)
Elapsed Time   0.502889
MIDs/sec       157.092
VCs/sec        151.127
Cnt prune sib  0
Avg prune sib  -
Consider Size  85.25 dev=6.7942 min=49 max=91
Move Index     -
Move Percent   -
Delta Increase 3.16667 dev=13.0477 min=1 max=87
Winner         empty
PV             j2 e7 f5

HashTableStatistics:
Stores         183
LookupAttempt  15637
LookupSuccess  809
Collisions     0

a80b6 info: Search aborted.
22e27 info: PlayAndSolve: Building VCs to avoid race condition.
22e27 info: PlayAndSolve: Continuing on as usual.
a80b6 info: *** PlayerThread ***
b00c6 info: *** SolverThread ***
a00a6 config: VCS: reading captured set patterns from '/home/linus/MoHex2.0/nfbranchfix/benzene-vanilla-cmake/share/vc-captured-set.txt'.
a00a6 config: VCS:: parsed 2 patterns.
a00a6 config: VCS: reading captured set patterns from '/home/linus/MoHex2.0/nfbranchfix/benzene-vanilla-cmake/share/vc-captured-set.txt'.
a00a6 config: VCS:: parsed 2 patterns.
a00a6 dfpn: 
a80b6 info: Best move cannot be determined, must search state.
a80b6 info: --- MoHexPlayer::Search() ---
a80b6 info: Color: white
a80b6 info: MaxGames: 1
a80b6 info: NumberThreads: 1
a80b6 info: MaxNodes: 9090 (799920 bytes)
a80b6 info: TimeForMove: 1
a00a6 dfpn: h4
a00a6 dfpn: i3
a00a6 dfpn: j2
a00a6 dfpn: g5
a00a6 dfpn: d8
a00a6 dfpn: g4
a00a6 dfpn: f4
a00a6 dfpn: h3
a00a6 dfpn: g2
a00a6 dfpn: h5
a00a6 dfpn: e7
a00a6 dfpn: e8
a00a6 dfpn: g6
a00a6 dfpn: h2
a00a6 dfpn: c9
a00a6 dfpn: f6
a00a6 dfpn: g3
a00a6 dfpn: f7
a00a6 dfpn: f5
a00a6 dfpn: i2
a00a6 dfpn: i4
a00a6 dfpn: g7
a00a6 dfpn: d9
a00a6 dfpn: j2
a80b6 info: PreSearch: max time reached (48/86).
a80b6 info: Time for PreSearch: 0.203688s
a80b6 info: 
  5ff43f585011997a
  a  b  c  d  e  f  g  h  i  j  k  
 1\b  b  b  b  .  *  *  *  *  *  .\1
  2\b  B  .  *  *  *  *  *  *  *  .\2
   3\.  *  *  *  W  *  *  *  *  *  .\3
    4\.  *  *  *  *  *  *  *  *  *  .\4
     5\.  *  *  *  *  *  *  *  *  *  .\5
      6\.  *  *  *  *  *  *  *  *  *  .\6
       7\.  *  *  *  *  *  *  *  *  *  .\7
        8\.  *  *  *  *  *  *  *  *  *  .\8
         9\.  *  *  *  *  *  *  *  *  *  .\9
         10\.  *  *  *  *  *  *  *  *  .  .\10
          11\.  .  B  .  *  *  *  *  .  .  .\11
              a  b  c  d  e  f  g  h  i  j  k  
a80b6 info: Old: [black, b2] [white, swap-pieces] 
a80b6 info: New: [black, b2] [white, swap-pieces] [white, e3] [black, c11] 
a80b6 info: ReuseSubtree: Colors do not alternate.
a80b6 info: No subtree to reuse.
a80b6 info: StartSearch()[0]
a80b6 info: 
Elapsed Time   0.354435s
Count          1
GamesPlayed    1
Nodes          1
Knowledge      0 (0.0%)
Expansions     0.0
Time           0.00
GameLen        113.0 dev=0.0 min=113.0 max=113.0
InTree         0.0 dev=0.0 min=0.0 max=0.0
KnowDepth      -
Aborted        0%
Games/s        3344.5
Score          1.00
Sequence      
a80b6 info: 
a80b6 warning: **** MoHexSearch returned empty sequence!
a80b6 warning: **** Returning random move!
a80b6 info: *** Player move: g4
a00a6 info: DfpnSolver::CheckAbort(): Abort flag!
b00c6 info: 
MID calls      50
VC builds      48
Terminal       0
Work           50
Wasted Work    0 (0%)
Elapsed Time   0.367309
MIDs/sec       136.125
VCs/sec        130.68
Cnt prune sib  1
Avg prune sib  1 dev=0 min=1 max=1
Consider Size  84.0208 dev=3.94481 min=74 max=89
Move Index     -
Move Percent   -
Delta Increase 4.30612 dev=15.454 min=1 max=84
Winner         empty
PV             j2 h2 g4 f4

HashTableStatistics:
Stores         305
LookupAttempt  27663
LookupSuccess  1487
Collisions     0

b00c6 info: Search aborted.
22e27 info: PlayAndSolve: Building VCs to avoid race condition.
22e27 info: PlayAndSolve: Continuing on as usual.
b00c6 info: *** PlayerThread ***
a80b6 info: *** SolverThread ***
a00a6 config: VCS: reading captured set patterns from '/home/linus/MoHex2.0/nfbranchfix/benzene-vanilla-cmake/share/vc-captured-set.txt'.
a00a6 config: VCS:: parsed 2 patterns.
a00a6 config: VCS: reading captured set patterns from '/home/linus/MoHex2.0/nfbranchfix/benzene-vanilla-cmake/share/vc-captured-set.txt'.
a00a6 config: VCS:: parsed 2 patterns.
a00a6 dfpn: 
b00c6 info: Best move cannot be determined, must search state.
b00c6 info: --- MoHexPlayer::Search() ---
b00c6 info: Color: white
b00c6 info: MaxGames: 1
b00c6 info: NumberThreads: 1
b00c6 info: MaxNodes: 9090 (799920 bytes)
b00c6 info: TimeForMove: 1
a00a6 dfpn: i3
a00a6 dfpn: j2
a00a6 dfpn: h4
a00a6 dfpn: f4
a00a6 dfpn: f3
a00a6 dfpn: j3
a00a6 dfpn: h5
a00a6 dfpn: i4
a00a6 dfpn: h3
a00a6 dfpn: j4
a00a6 dfpn: e5
a00a6 dfpn: c4
a00a6 dfpn: d5
a00a6 dfpn: c9
a00a6 dfpn: i5
a00a6 dfpn: d8
a00a6 dfpn: j5
a00a6 dfpn: h2
a00a6 dfpn: b5
a00a6 dfpn: f5
a00a6 dfpn: b6
a00a6 dfpn: h3
b00c6 info: PreSearch: max time reached (34/78).
b00c6 info: Time for PreSearch: 0.207346s
b00c6 info: 
  c386ed9e181c3356
  a  b  c  d  e  f  g  h  i  j  k  
 1\b  b  b  b  .  *  *  *  *  *  .\1
  2\b  B  .  *  *  *  *  *  *  *  .\2
   3\.  *  *  *  W  *  *  *  *  *  .\3
    4\.  *  *  *  *  *  W  *  *  *  .\4
     5\.  *  *  *  *  *  *  *  *  *  .\5
      6\.  *  *  *  *  *  *  *  *  *  .\6
       7\.  *  *  *  *  *  *  *  *  *  .\7
        8\.  *  *  *  *  *  *  *  *  .  .\8
         9\.  *  *  *  *  *  *  *  *  .  .\9
         10\.  *  *  *  *  *  *  .  B  b  b\10
          11\.  .  B  .  *  .  b  b  b  b  b\11
              a  b  c  d  e  f  g  h  i  j  k  
b00c6 info: Old: [black, b2] [white, swap-pieces] [white, e3] [black, c11] 
b00c6 info: New: [black, b2] [white, swap-pieces] [white, e3] [black, c11] [white, g4] [black, i10] 
b00c6 info: MovesPlayed: [white, g4] [black, i10] 
b00c6 info: No subtree to reuse.
b00c6 info: StartSearch()[0]
b00c6 info: 
Elapsed Time   0.366899s
Count          1
GamesPlayed    1
Nodes          1
Knowledge      0 (0.0%)
Expansions     0.0
Time           0.00
GameLen        104.0 dev=0.0 min=104.0 max=104.0
InTree         0.0 dev=0.0 min=0.0 max=0.0
KnowDepth      -
Aborted        0%
Games/s        2659.6
Score          1.00
Sequence      
b00c6 info: 
b00c6 warning: **** MoHexSearch returned empty sequence!
b00c6 warning: **** Returning random move!
b00c6 info: *** Player move: d2
a00a6 info: DfpnSolver::CheckAbort(): Abort flag!
a80b6 info: 
MID calls      45
VC builds      43
Terminal       0
Work           45
Wasted Work    0 (0%)
Elapsed Time   0.378323
MIDs/sec       118.946
VCs/sec        113.659
Cnt prune sib  0
Avg prune sib  -
Consider Size  69.8372 dev=16.5036 min=28 max=84
Move Index     -
Move Percent   -
Delta Increase 3.68182 dev=11.6926 min=1 max=67
Winner         empty
PV             h3 j2 j5 i4

HashTableStatistics:
Stores         415
LookupAttempt  37299
LookupSuccess  2064
Collisions     0

a80b6 info: Search aborted.
22e27 info: PlayAndSolve: Building VCs to avoid race condition.
22e27 info: PlayAndSolve: Continuing on as usual.
a80b6 info: *** PlayerThread ***
b00c6 info: *** SolverThread ***
a00a6 config: VCS: reading captured set patterns from '/home/linus/MoHex2.0/nfbranchfix/benzene-vanilla-cmake/share/vc-captured-set.txt'.
a00a6 config: VCS:: parsed 2 patterns.
a00a6 config: VCS: reading captured set patterns from '/home/linus/MoHex2.0/nfbranchfix/benzene-vanilla-cmake/share/vc-captured-set.txt'.
a00a6 config: VCS:: parsed 2 patterns.
a00a6 dfpn: 
a80b6 info: Best move cannot be determined, must search state.
a80b6 info: --- MoHexPlayer::Search() ---
a80b6 info: Color: white
a80b6 info: MaxGames: 1
a80b6 info: NumberThreads: 1
a80b6 info: MaxNodes: 9090 (799920 bytes)
a80b6 info: TimeForMove: 1
a00a6 dfpn: i3
a00a6 dfpn: j2
a00a6 dfpn: b3
a00a6 dfpn: f4
a00a6 dfpn: h4
a00a6 dfpn: c3
a00a6 dfpn: e5
a00a6 dfpn: j3
a00a6 dfpn: h5
a00a6 dfpn: i4
a00a6 dfpn: h3
a00a6 dfpn: j4
a00a6 dfpn: f3
a00a6 dfpn: c9
a00a6 dfpn: d6
a00a6 dfpn: d8
a00a6 dfpn: d3
a00a6 dfpn: i5
a00a6 dfpn: e4
a00a6 dfpn: d7
a00a6 dfpn: e5
a80b6 info: PreSearch: max time reached (36/75).
a80b6 info: Time for PreSearch: 0.201779s
a80b6 info: 
  7ab66de8272dfd5e
  a  b  c  d  e  f  g  h  i  j  k  
 1\b  b  b  b  .  *  *  *  *  *  .\1
  2\b  B  .  W  .  *  *  *  *  *  .\2
   3\.  *  *  *  W  *  *  *  *  *  .\3
    4\.  *  *  B  *  *  W  *  *  *  .\4
     5\.  *  *  *  *  *  *  *  *  *  .\5
      6\.  *  *  *  *  *  *  *  *  *  .\6
       7\.  *  *  *  *  *  *  *  *  *  .\7
        8\.  *  *  *  *  *  *  *  *  .  .\8
         9\.  *  *  *  *  *  *  *  *  .  .\9
         10\.  *  *  *  *  *  *  .  B  b  b\10
          11\.  .  B  .  *  .  b  b  b  b  b\11
              a  b  c  d  e  f  g  h  i  j  k  
a80b6 info: Old: [black, b2] [white, swap-pieces] [white, e3] [black, c11] [white, g4] [black, i10] 
a80b6 info: New: [black, b2] [white, swap-pieces] [white, e3] [black, c11] [white, g4] [black, i10] [white, d2] [black, d4] 
a80b6 info: MovesPlayed: [white, d2] [black, d4] 
a80b6 info: No subtree to reuse.
a80b6 info: StartSearch()[0]
a80b6 info: 
Elapsed Time   0.359043s
Count          1
GamesPlayed    1
Nodes          1
Knowledge      0 (0.0%)
Expansions     0.0
Time           0.00
GameLen        102.0 dev=0.0 min=102.0 max=102.0
InTree         0.0 dev=0.0 min=0.0 max=0.0
KnowDepth      -
Aborted        0%
Games/s        3268.0
Score          1.00
Sequence      
a80b6 info: 
a80b6 warning: **** MoHexSearch returned empty sequence!
a80b6 warning: **** Returning random move!
a80b6 info: *** Player move: h2
a00a6 info: DfpnSolver::CheckAbort(): Abort flag!
b00c6 info: 
MID calls      42
VC builds      41
Terminal       1
Work           43
Wasted Work    0 (0%)
Elapsed Time   0.376112
MIDs/sec       111.669
VCs/sec        109.01
Cnt prune sib  0
Avg prune sib  -
Consider Size  64.325 dev=21.0326 min=15 max=83
Move Index     -
Move Percent   -
Delta Increase 3.7619 dev=11.906 min=1 max=69
Winner         empty
PV             e5 j2 j4 h5

HashTableStatistics:
Stores         520
LookupAttempt  45976
LookupSuccess  2594
Collisions     0

b00c6 info: Search aborted.
22e27 info: PlayAndSolve: Building VCs to avoid race condition.
22e27 info: PlayAndSolve: Continuing on as usual.
b00c6 info: *** PlayerThread ***
a80b6 info: *** SolverThread ***
a00a6 config: VCS: reading captured set patterns from '/home/linus/MoHex2.0/nfbranchfix/benzene-vanilla-cmake/share/vc-captured-set.txt'.
a00a6 config: VCS:: parsed 2 patterns.
a00a6 config: VCS: reading captured set patterns from '/home/linus/MoHex2.0/nfbranchfix/benzene-vanilla-cmake/share/vc-captured-set.txt'.
a00a6 config: VCS:: parsed 2 patterns.
a00a6 dfpn: 
b00c6 info: Best move cannot be determined, must search state.
b00c6 info: --- MoHexPlayer::Search() ---
b00c6 info: Color: white
b00c6 info: MaxGames: 1
b00c6 info: NumberThreads: 1
b00c6 info: MaxNodes: 9090 (799920 bytes)
b00c6 info: TimeForMove: 1
a00a6 dfpn: b3
a00a6 dfpn: j2
a00a6 dfpn: j3
a00a6 dfpn: c3
a00a6 dfpn: j4
a00a6 dfpn: e5
a00a6 dfpn: i2
a00a6 dfpn: d3
a00a6 dfpn: i3
a00a6 dfpn: c6
a00a6 dfpn: h4
a00a6 dfpn: d6
a00a6 dfpn: g2
b00c6 info: PreSearch: max time reached (15/69).
b00c6 info: Time for PreSearch: 0.202314s
a00a6 dfpn: i4
b00c6 info: 
  72241be738824033
  a  b  c  d  e  f  g  h  i  j  k  
 1\b  b  b  b  .  *  *  .  .  *  .\1
  2\b  B  .  W  .  *  *  W  *  *  .\2
   3\.  *  *  *  W  *  *  *  *  *  .\3
    4\.  *  *  B  *  *  W  *  *  *  .\4
     5\.  *  *  *  *  *  *  *  *  *  .\5
      6\.  *  *  *  *  *  *  *  *  *  .\6
       7\.  *  *  *  *  *  *  *  *  *  .\7
        8\.  *  *  *  *  *  *  *  *  .  .\8
         9\.  *  *  *  *  *  *  *  *  .  .\9
         10\.  *  *  *  *  .  B  b  B  b  b\10
          11\.  .  B  b  b  b  b  b  b  b  b\11
              a  b  c  d  e  f  g  h  i  j  k  
a00a6 dfpn: h5
a00a6 dfpn: j5
a00a6 dfpn: j1
a00a6 dfpn: f4
b00c6 info: Old: [black, b2] [white, swap-pieces] [white, e3] [black, c11] [white, g4] [black, i10] [white, d2] [black, d4] 
b00c6 info: New: [black, b2] [white, swap-pieces] [white, e3] [black, c11] [white, g4] [black, i10] [white, d2] [black, d4] [white, h2] [black, g10] 
b00c6 info: MovesPlayed: [white, h2] [black, g10] 
b00c6 info: No subtree to reuse.
a00a6 dfpn: d5
a00a6 dfpn: b3
b00c6 info: StartSearch()[0]
b00c6 info: 
Elapsed Time   0.353s
Count          1
GamesPlayed    1
Nodes          1
Knowledge      0 (0.0%)
Expansions     0.0
Time           0.00
GameLen        96.0 dev=0.0 min=96.0 max=96.0
InTree         0.0 dev=0.0 min=0.0 max=0.0
KnowDepth      -
Aborted        0%
Games/s        3610.1
Score          0.00
Sequence      
b00c6 info: 
b00c6 warning: **** MoHexSearch returned empty sequence!
b00c6 warning: **** Returning random move!
b00c6 info: *** Player move: c4
a00a6 info: DfpnSolver::CheckAbort(): Abort flag!
a80b6 info: 
MID calls      28
VC builds      26
Terminal       0
Work           28
Wasted Work    0 (0%)
Elapsed Time   0.371898
MIDs/sec       75.2895
VCs/sec        69.9116
Cnt prune sib  0
Avg prune sib  -
Consider Size  35.8077 dev=19.2634 min=12 max=76
Move Index     -
Move Percent   -
Delta Increase 3.74074 dev=11.2335 min=1 max=60
Winner         empty
PV             b3 f3 e5 j2

HashTableStatistics:
Stores         594
LookupAttempt  52202
LookupSuccess  3066
Collisions     0

a80b6 info: Search aborted.
22e27 info: PlayAndSolve: Building VCs to avoid race condition.
22e27 info: PlayAndSolve: Continuing on as usual.
a80b6 info: *** PlayerThread ***
b00c6 info: *** SolverThread ***
a00a6 config: VCS: reading captured set patterns from '/home/linus/MoHex2.0/nfbranchfix/benzene-vanilla-cmake/share/vc-captured-set.txt'.
a00a6 config: VCS:: parsed 2 patterns.
a00a6 config: VCS: reading captured set patterns from '/home/linus/MoHex2.0/nfbranchfix/benzene-vanilla-cmake/share/vc-captured-set.txt'.
a00a6 config: VCS:: parsed 2 patterns.
a00a6 dfpn: 
a80b6 info: Best move cannot be determined, must search state.
a80b6 info: --- MoHexPlayer::Search() ---
a80b6 info: Color: white
a80b6 info: MaxGames: 1
a80b6 info: NumberThreads: 1
a80b6 info: MaxNodes: 9090 (799920 bytes)
a80b6 info: TimeForMove: 1
a00a6 dfpn: d3
a80b6 info: Winning sequence found before UCT search!
a80b6 info: Sequence: d3
a80b6 info: *** Player move: d3
b00c6 info: 
MID calls      1
VC builds      2
Terminal       1
Work           2
Wasted Work    1 (50%)
Elapsed Time   0.03461
MIDs/sec       28.8934
VCs/sec        57.7868
Cnt prune sib  0
Avg prune sib  -
Consider Size  66 dev=0 min=66 max=66
Move Index     0 dev=0 min=0 max=0
Move Percent   0 dev=0 min=0 max=0
Delta Increase 1 dev=0 min=1 max=1
Winner         white
PV             d3

HashTableStatistics:
Stores         598
LookupAttempt  52542
LookupSuccess  3074
Collisions     0

b00c6 info: *** FOUND WIN!!! ***
b00c6 info: PV: d3
22e27 info: PlayAndSolve: Building VCs to avoid race condition.
22e27 info: PlayAndSolve: Continuing on as usual.
b00c6 info: *** PlayerThread ***
a80b6 info: *** SolverThread ***
a00a6 config: VCS: reading captured set patterns from '/home/linus/MoHex2.0/nfbranchfix/benzene-vanilla-cmake/share/vc-captured-set.txt'.
a00a6 config: VCS:: parsed 2 patterns.
a00a6 config: VCS: reading captured set patterns from '/home/linus/MoHex2.0/nfbranchfix/benzene-vanilla-cmake/share/vc-captured-set.txt'.
a00a6 config: VCS:: parsed 2 patterns.
a00a6 dfpn: 
b00c6 info: Winning SC.
b00c6 info: *** Player move: g3
a80b6 info: 
MID calls      0
VC builds      1
Terminal       1
Work           1
Wasted Work    0 (0%)
Elapsed Time   0.016286
MIDs/sec       0
VCs/sec        61.4024
Cnt prune sib  0
Avg prune sib  -
Consider Size  -
Move Index     -
Move Percent   -
Delta Increase -
Winner         white
PV             

HashTableStatistics:
Stores         599
LookupAttempt  52548
LookupSuccess  3077
Collisions     0

22e27 info: PlayAndSolve: Building VCs to avoid race condition.
22e27 info: PlayAndSolve: Continuing on as usual.
a80b6 info: *** PlayerThread ***
b00c6 info: *** SolverThread ***
a00a6 config: VCS: reading captured set patterns from '/home/linus/MoHex2.0/nfbranchfix/benzene-vanilla-cmake/share/vc-captured-set.txt'.
a00a6 config: VCS:: parsed 2 patterns.
a00a6 config: VCS: reading captured set patterns from '/home/linus/MoHex2.0/nfbranchfix/benzene-vanilla-cmake/share/vc-captured-set.txt'.
a00a6 config: VCS:: parsed 2 patterns.
a00a6 dfpn: 
b00c6 info: 
MID calls      0
VC builds      1
Terminal       1
Work           1
Wasted Work    0 (0%)
Elapsed Time   0.01103
MIDs/sec       0
VCs/sec        90.6618
Cnt prune sib  0
Avg prune sib  -
Consider Size  -
Move Index     -
Move Percent   -
Delta Increase -
Winner         white
PV             

HashTableStatistics:
Stores         600
LookupAttempt  52554
LookupSuccess  3080
Collisions     0

a80b6 info: Winning SC.
a80b6 info: *** Player move: j4
22e27 info: PlayAndSolve: Building VCs to avoid race condition.
22e27 info: PlayAndSolve: Continuing on as usual.
a80b6 info: *** SolverThread ***
b00c6 info: *** PlayerThread ***
a00a6 config: VCS: reading captured set patterns from '/home/linus/MoHex2.0/nfbranchfix/benzene-vanilla-cmake/share/vc-captured-set.txt'.
a00a6 config: VCS:: parsed 2 patterns.
a00a6 config: VCS: reading captured set patterns from '/home/linus/MoHex2.0/nfbranchfix/benzene-vanilla-cmake/share/vc-captured-set.txt'.
a00a6 config: VCS:: parsed 2 patterns.
a00a6 dfpn: 
b00c6 info: Winning SC.
b00c6 info: *** Player move: h5
a80b6 info: 
MID calls      0
VC builds      1
Terminal       1
Work           1
Wasted Work    0 (0%)
Elapsed Time   0.009391
MIDs/sec       0
VCs/sec        106.485
Cnt prune sib  0
Avg prune sib  -
Consider Size  -
Move Index     -
Move Percent   -
Delta Increase -
Winner         white
PV             

HashTableStatistics:
Stores         601
LookupAttempt  52560
LookupSuccess  3083
Collisions     0

22e27 info: PlayAndSolve: Building VCs to avoid race condition.
22e27 info: PlayAndSolve: Continuing on as usual.
b00c6 info: *** SolverThread ***
a80b6 info: *** PlayerThread ***
a00a6 config: VCS: reading captured set patterns from '/home/linus/MoHex2.0/nfbranchfix/benzene-vanilla-cmake/share/vc-captured-set.txt'.
a00a6 config: VCS:: parsed 2 patterns.
a00a6 config: VCS: reading captured set patterns from '/home/linus/MoHex2.0/nfbranchfix/benzene-vanilla-cmake/share/vc-captured-set.txt'.
a00a6 config: VCS:: parsed 2 patterns.
a00a6 dfpn: 
a80b6 info: Winning SC.
a80b6 info: *** Player move: g5
b00c6 info: 
MID calls      0
VC builds      1
Terminal       1
Work           1
Wasted Work    0 (0%)
Elapsed Time   0.008876
MIDs/sec       0
VCs/sec        112.663
Cnt prune sib  0
Avg prune sib  -
Consider Size  -
Move Index     -
Move Percent   -
Delta Increase -
Winner         white
PV             

HashTableStatistics:
Stores         602
LookupAttempt  52566
LookupSuccess  3086
Collisions     0

22e27 info: PlayAndSolve: Building VCs to avoid race condition.
22e27 info: PlayAndSolve: Continuing on as usual.
a80b6 info: *** SolverThread ***
b00c6 info: *** PlayerThread ***
a00a6 config: VCS: reading captured set patterns from '/home/linus/MoHex2.0/nfbranchfix/benzene-vanilla-cmake/share/vc-captured-set.txt'.
a00a6 config: VCS:: parsed 2 patterns.
a00a6 config: VCS: reading captured set patterns from '/home/linus/MoHex2.0/nfbranchfix/benzene-vanilla-cmake/share/vc-captured-set.txt'.
a00a6 config: VCS:: parsed 2 patterns.
a00a6 dfpn: 
b00c6 info: Winning SC.
b00c6 info: *** Player move: b5
a80b6 info: 
MID calls      0
VC builds      1
Terminal       1
Work           1
Wasted Work    0 (0%)
Elapsed Time   0.008852
MIDs/sec       0
VCs/sec        112.969
Cnt prune sib  0
Avg prune sib  -
Consider Size  -
Move Index     -
Move Percent   -
Delta Increase -
Winner         white
PV             

HashTableStatistics:
Stores         603
LookupAttempt  52572
LookupSuccess  3089
Collisions     0

22e27 info: PlayAndSolve: Building VCs to avoid race condition.
22e27 info: PlayAndSolve: Continuing on as usual.
b00c6 info: *** SolverThread ***
a80b6 info: *** PlayerThread ***
a00a6 config: VCS: reading captured set patterns from '/home/linus/MoHex2.0/nfbranchfix/benzene-vanilla-cmake/share/vc-captured-set.txt'.
a00a6 config: VCS:: parsed 2 patterns.
a00a6 config: VCS: reading captured set patterns from '/home/linus/MoHex2.0/nfbranchfix/benzene-vanilla-cmake/share/vc-captured-set.txt'.
a00a6 config: VCS:: parsed 2 patterns.
a00a6 dfpn: 
a80b6 info: Winning SC.
a80b6 info: *** Player move: i4
b00c6 info: 
MID calls      0
VC builds      1
Terminal       1
Work           1
Wasted Work    0 (0%)
Elapsed Time   0.004963
MIDs/sec       0
VCs/sec        201.491
Cnt prune sib  0
Avg prune sib  -
Consider Size  -
Move Index     -
Move Percent   -
Delta Increase -
Winner         white
PV             

HashTableStatistics:
Stores         604
LookupAttempt  52578
LookupSuccess  3092
Collisions     0

22e27 info: PlayAndSolve: Building VCs to avoid race condition.
22e27 info: PlayAndSolve: Continuing on as usual.
a80b6 info: *** SolverThread ***
b00c6 info: *** PlayerThread ***
a00a6 config: VCS: reading captured set patterns from '/home/linus/MoHex2.0/nfbranchfix/benzene-vanilla-cmake/share/vc-captured-set.txt'.
a00a6 config: VCS:: parsed 2 patterns.
a00a6 config: VCS: reading captured set patterns from '/home/linus/MoHex2.0/nfbranchfix/benzene-vanilla-cmake/share/vc-captured-set.txt'.
a00a6 config: VCS:: parsed 2 patterns.
a00a6 dfpn: 
b00c6 info: Winning SC.
b00c6 info: *** Player move: g1
a80b6 info: 
MID calls      0
VC builds      1
Terminal       1
Work           1
Wasted Work    0 (0%)
Elapsed Time   0.00366
MIDs/sec       0
VCs/sec        273.224
Cnt prune sib  0
Avg prune sib  -
Consider Size  -
Move Index     -
Move Percent   -
Delta Increase -
Winner         white
PV             

HashTableStatistics:
Stores         605
LookupAttempt  52584
LookupSuccess  3095
Collisions     0

22e27 info: PlayAndSolve: Building VCs to avoid race condition.
22e27 info: PlayAndSolve: Continuing on as usual.
a80b6 info: *** PlayerThread ***
b00c6 info: *** SolverThread ***
a00a6 config: VCS: reading captured set patterns from '/home/linus/MoHex2.0/nfbranchfix/benzene-vanilla-cmake/share/vc-captured-set.txt'.
a00a6 config: VCS:: parsed 2 patterns.
a00a6 config: VCS: reading captured set patterns from '/home/linus/MoHex2.0/nfbranchfix/benzene-vanilla-cmake/share/vc-captured-set.txt'.
a00a6 config: VCS:: parsed 2 patterns.
a00a6 dfpn: 
a80b6 info: Winning SC.
a80b6 info: *** Player move: k4
b00c6 info: 
MID calls      0
VC builds      1
Terminal       1
Work           1
Wasted Work    0 (0%)
Elapsed Time   0.005396
MIDs/sec       0
VCs/sec        185.322
Cnt prune sib  0
Avg prune sib  -
Consider Size  -
Move Index     -
Move Percent   -
Delta Increase -
Winner         white
PV             

HashTableStatistics:
Stores         606
LookupAttempt  52590
LookupSuccess  3098
Collisions     0

22e27 info: PlayAndSolve: Building VCs to avoid race condition.
22e27 info: PlayAndSolve: Continuing on as usual.
b00c6 info: *** PlayerThread ***
a80b6 info: *** SolverThread ***
a00a6 config: VCS: reading captured set patterns from '/home/linus/MoHex2.0/nfbranchfix/benzene-vanilla-cmake/share/vc-captured-set.txt'.
a00a6 config: VCS:: parsed 2 patterns.
a00a6 config: VCS: reading captured set patterns from '/home/linus/MoHex2.0/nfbranchfix/benzene-vanilla-cmake/share/vc-captured-set.txt'.
a00a6 config: VCS:: parsed 2 patterns.
a00a6 dfpn: 
b00c6 info: Winning SC.
b00c6 info: *** Player move: a5
a80b6 info: 
MID calls      0
VC builds      1
Terminal       1
Work           1
Wasted Work    0 (0%)
Elapsed Time   0.004169
MIDs/sec       0
VCs/sec        239.866
Cnt prune sib  0
Avg prune sib  -
Consider Size  -
Move Index     -
Move Percent   -
Delta Increase -
Winner         white
PV             

HashTableStatistics:
Stores         607
LookupAttempt  52596
LookupSuccess  3101
Collisions     0

22e27 info: PlayAndSolve: Building VCs to avoid race condition.
22e27 info: PlayAndSolve: Continuing on as usual.
a80b6 info: *** PlayerThread ***
b00c6 info: *** SolverThread ***
a00a6 config: VCS: reading captured set patterns from '/home/linus/MoHex2.0/nfbranchfix/benzene-vanilla-cmake/share/vc-captured-set.txt'.
a00a6 config: VCS:: parsed 2 patterns.
a00a6 config: VCS: reading captured set patterns from '/home/linus/MoHex2.0/nfbranchfix/benzene-vanilla-cmake/share/vc-captured-set.txt'.
a00a6 config: VCS:: parsed 2 patterns.
a00a6 dfpn: 
a80b6 info: Winning SC.
a80b6 info: *** Player move: g2
b00c6 info: 
MID calls      0
VC builds      1
Terminal       1
Work           1
Wasted Work    0 (0%)
Elapsed Time   0.004448
MIDs/sec       0
VCs/sec        224.82
Cnt prune sib  0
Avg prune sib  -
Consider Size  -
Move Index     -
Move Percent   -
Delta Increase -
Winner         white
PV             

HashTableStatistics:
Stores         608
LookupAttempt  52602
LookupSuccess  3104
Collisions     0

22e27 info: PlayAndSolve: Building VCs to avoid race condition.
22e27 info: PlayAndSolve: Continuing on as usual.
b00c6 info: *** PlayerThread ***
a80b6 info: *** SolverThread ***
a00a6 config: VCS: reading captured set patterns from '/home/linus/MoHex2.0/nfbranchfix/benzene-vanilla-cmake/share/vc-captured-set.txt'.
a00a6 config: VCS:: parsed 2 patterns.
a00a6 config: VCS: reading captured set patterns from '/home/linus/MoHex2.0/nfbranchfix/benzene-vanilla-cmake/share/vc-captured-set.txt'.
a00a6 config: VCS:: parsed 2 patterns.
a00a6 dfpn: 
b00c6 info: Winning SC.
b00c6 info: *** Player move: f1
a80b6 info: 
MID calls      0
VC builds      1
Terminal       1
Work           1
Wasted Work    0 (0%)
Elapsed Time   0.004054
MIDs/sec       0
VCs/sec        246.67
Cnt prune sib  0
Avg prune sib  -
Consider Size  -
Move Index     -
Move Percent   -
Delta Increase -
Winner         white
PV             

HashTableStatistics:
Stores         609
LookupAttempt  52608
LookupSuccess  3107
Collisions     0

22e27 info: PlayAndSolve: Building VCs to avoid race condition.
22e27 info: PlayAndSolve: Continuing on as usual.
a80b6 info: *** PlayerThread ***
b00c6 info: *** SolverThread ***
a00a6 config: VCS: reading captured set patterns from '/home/linus/MoHex2.0/nfbranchfix/benzene-vanilla-cmake/share/vc-captured-set.txt'.
a00a6 config: VCS:: parsed 2 patterns.
a00a6 config: VCS: reading captured set patterns from '/home/linus/MoHex2.0/nfbranchfix/benzene-vanilla-cmake/share/vc-captured-set.txt'.
a00a6 config: VCS:: parsed 2 patterns.
a00a6 dfpn: 
a80b6 info: Winning SC.
a80b6 info: *** Player move: e2
b00c6 info: 
MID calls      0
VC builds      1
Terminal       1
Work           1
Wasted Work    0 (0%)
Elapsed Time   0.003898
MIDs/sec       0
VCs/sec        256.542
Cnt prune sib  0
Avg prune sib  -
Consider Size  -
Move Index     -
Move Percent   -
Delta Increase -
Winner         white
PV             

HashTableStatistics:
Stores         610
LookupAttempt  52614
LookupSuccess  3110
Collisions     0

22e27 config: ============ BenzeneShutdown =============
22e27 config: MoHexProgram:: ShutdownSystem()
22e27 config: CommonProgram:: ShutdownSystem()
22e27 config: BenzeneProgram:: ShutdownSystem()
Flushing and closing this stream...
