0e1e7 config: MoHex v2.0.CMake Mar 21 2025.
0e1e7 config: ============ InitializeSystem ============
0e1e7 config: BenzeneProgram::InitRandom()
0e1e7 config: Seed = 644808
0e1e7 info: Prior Patterns:
0e1e7 info: Global:
0e1e7 info: Size            = 565 32648 
0e1e7 info: TableEntries    = 65932 65910
0e1e7 info: MirrorsAdded    = 0 0
0e1e7 info: PrunableCount   = 30593 30629
0e1e7 info: LargestGamma    = 5820.77
0e1e7 info: SmallestGamma   = 6.6e-05
0e1e7 info: Local:
0e1e7 info: Size            = 550 5318 
0e1e7 info: TableEntries    = 11602 11588
0e1e7 info: MirrorsAdded    = 0 0
0e1e7 info: PrunableCount   = 3659 3667
0e1e7 info: LargestGamma    = 11281.8
0e1e7 info: SmallestGamma   = 0.026235
0e1e7 info: Playout Patterns:
0e1e7 info: Global:
0e1e7 info: Size            = 565 32648 
0e1e7 info: TableEntries    = 70329 70329
0e1e7 info: MirrorsAdded    = 4397 4419
0e1e7 info: PrunableCount   = 30593 30629
0e1e7 info: LargestGamma    = 5820.77
0e1e7 info: SmallestGamma   = 6.6e-05
0e1e7 info: Local:
0e1e7 info: Size            = 550 5318 
0e1e7 info: TableEntries    = 11602 11588
0e1e7 info: MirrorsAdded    = 0 0
0e1e7 info: PrunableCount   = 3659 3667
0e1e7 info: LargestGamma    = 11281.8
0e1e7 info: SmallestGamma   = 0.026235
0e1e7 config: IcePatternSet: reading from '/home/linus/MoHex2.0/nfbranchfix/benzene-vanilla-cmake/share/ice-patterns.txt'.
0e1e7 config: IcePatternSet: parsed 708 patterns.
0e1e7 config: VCS: reading captured set patterns from '/home/linus/MoHex2.0/nfbranchfix/benzene-vanilla-cmake/share/vc-captured-set.txt'.
0e1e7 config: VCS:: parsed 2 patterns.
0e1e7 config: VCS: reading captured set patterns from '/home/linus/MoHex2.0/nfbranchfix/benzene-vanilla-cmake/share/vc-captured-set.txt'.
0e1e7 config: VCS:: parsed 2 patterns.
0e1e7 config: IcePatternSet: reading from '/home/linus/MoHex2.0/nfbranchfix/benzene-vanilla-cmake/share/ice-patterns.txt'.
0e1e7 config: IcePatternSet: parsed 708 patterns.
0e1e7 config: VCS: reading captured set patterns from '/home/linus/MoHex2.0/nfbranchfix/benzene-vanilla-cmake/share/vc-captured-set.txt'.
0e1e7 config: VCS:: parsed 2 patterns.
0e1e7 config: VCS: reading captured set patterns from '/home/linus/MoHex2.0/nfbranchfix/benzene-vanilla-cmake/share/vc-captured-set.txt'.
0e1e7 config: VCS:: parsed 2 patterns.
0e1e7 config: VCS: reading captured set patterns from '/home/linus/MoHex2.0/nfbranchfix/benzene-vanilla-cmake/share/vc-captured-set.txt'.
0e1e7 config: VCS:: parsed 2 patterns.
0e1e7 config: VCS: reading captured set patterns from '/home/linus/MoHex2.0/nfbranchfix/benzene-vanilla-cmake/share/vc-captured-set.txt'.
0e1e7 config: VCS:: parsed 2 patterns.
0e1e7 config: VCS: reading captured set patterns from '/home/linus/MoHex2.0/nfbranchfix/benzene-vanilla-cmake/share/vc-captured-set.txt'.
0e1e7 config: VCS:: parsed 2 patterns.
0e1e7 config: VCS: reading captured set patterns from '/home/linus/MoHex2.0/nfbranchfix/benzene-vanilla-cmake/share/vc-captured-set.txt'.
0e1e7 config: VCS:: parsed 2 patterns.
0e1e7 info: SwapCheck: reading from '/home/linus/MoHex2.0/nfbranchfix/benzene-vanilla-cmake/share/swap-moves.txt'.
0e1e7 info: SwapCheck: playing swap.
0e1e7 info: PlayAndSolve: Building VCs to avoid race condition.
0e1e7 config: VCPattern: loading pattern templates from '/home/linus/MoHex2.0/nfbranchfix/benzene-vanilla-cmake/share/vc-patterns.txt'.
0e1e7 info: PlayAndSolve: Continuing on as usual.
9b486 info: *** PlayerThread ***
93476 info: *** SolverThread ***
8b466 config: VCS: reading captured set patterns from '/home/linus/MoHex2.0/nfbranchfix/benzene-vanilla-cmake/share/vc-captured-set.txt'.
8b466 config: VCS:: parsed 2 patterns.
8b466 config: VCS: reading captured set patterns from '/home/linus/MoHex2.0/nfbranchfix/benzene-vanilla-cmake/share/vc-captured-set.txt'.
8b466 config: VCS:: parsed 2 patterns.
8b466 dfpn: 
9b486 info: Best move cannot be determined, must search state.
9b486 info: --- MoHexPlayer::Search() ---
9b486 info: Color: black
9b486 info: MaxGames: 1
9b486 info: NumberThreads: 1
9b486 info: MaxNodes: 181818181 (15999999928 bytes)
9b486 info: TimeForMove: 1
8b466 dfpn: b10
8b466 dfpn: f8
8b466 dfpn: c9
8b466 dfpn: b9
8b466 dfpn: b8
8b466 dfpn: g7
8b466 dfpn: g8
8b466 dfpn: h4
8b466 dfpn: e9
8b466 dfpn: b7
8b466 dfpn: c8
8b466 dfpn: g6
8b466 dfpn: f7
8b466 dfpn: i3
8b466 dfpn: h5
8b466 dfpn: g5
8b466 dfpn: e10
8b466 dfpn: f9
8b466 dfpn: h6
8b466 dfpn: a10
8b466 dfpn: e8
8b466 dfpn: j2
8b466 dfpn: h7
8b466 dfpn: g4
8b466 dfpn: e10
9b486 info: PreSearch: max time reached (50/89).
9b486 info: Time for PreSearch: 0.202351s
9b486 info: 
  9ba6645e9dfb1851
  a  b  c  d  e  f  g  h  i  j  k  
 1\.  .  .  .  .  .  .  .  .  .  .\1
  2\.  .  *  *  *  *  *  *  *  *  *\2
   3\.  *  *  *  *  *  *  *  *  *  *\3
    4\*  *  *  *  *  *  *  *  *  *  *\4
     5\*  *  *  *  *  *  *  *  *  *  *\5
      6\B  *  *  *  *  *  *  *  *  *  *\6
       7\*  *  *  *  *  *  *  *  *  *  *\7
        8\*  *  *  *  *  *  *  *  *  *  *\8
         9\*  *  *  W  *  *  *  *  *  *  .\9
         10\*  *  .  .  *  *  *  *  *  .  .\10
          11\.  .  .  .  .  .  .  .  .  .  .\11
              a  b  c  d  e  f  g  h  i  j  k  
9b486 info: No subtree to reuse.
9b486 info: Creating thread 0
9b486 info: StartSearch()[0]
9b486 config: VCS: reading captured set patterns from '/home/linus/MoHex2.0/nfbranchfix/benzene-vanilla-cmake/share/vc-captured-set.txt'.
9b486 config: VCS:: parsed 2 patterns.
9b486 config: VCS: reading captured set patterns from '/home/linus/MoHex2.0/nfbranchfix/benzene-vanilla-cmake/share/vc-captured-set.txt'.
9b486 config: VCS:: parsed 2 patterns.
9b486 info: 
Elapsed Time   0.380413s
Count          1
GamesPlayed    1
Nodes          1
Knowledge      0 (0.0%)
Expansions     0.0
Time           0.00
GameLen        119.0 dev=0.0 min=119.0 max=119.0
InTree         0.0 dev=0.0 min=0.0 max=0.0
KnowDepth      -
Aborted        0%
Games/s        380.4
Score          0.00
Sequence      
9b486 info: 
9b486 warning: **** MoHexSearch returned empty sequence!
9b486 warning: **** Returning random move!
9b486 info: *** Player move: b9
8b466 info: DfpnSolver::CheckAbort(): Abort flag!
93476 info: 
MID calls      47
VC builds      46
Terminal       0
Work           47
Wasted Work    0 (0%)
Elapsed Time   0.392507
MIDs/sec       119.743
VCs/sec        117.195
Cnt prune sib  0
Avg prune sib  -
Consider Size  87.4348 dev=3.60948 min=80 max=93
Move Index     -
Move Percent   -
Delta Increase 2.82609 dev=11.8107 min=1 max=82
Winner         empty
PV             e10 f6 h5

HashTableStatistics:
Stores         118
LookupAttempt  12530
LookupSuccess  725
Collisions     0

93476 info: Search aborted.
0e1e7 info: PlayAndSolve: Building VCs to avoid race condition.
0e1e7 info: PlayAndSolve: Continuing on as usual.
93476 info: *** PlayerThread ***
9b486 info: *** SolverThread ***
8b466 config: VCS: reading captured set patterns from '/home/linus/MoHex2.0/nfbranchfix/benzene-vanilla-cmake/share/vc-captured-set.txt'.
8b466 config: VCS:: parsed 2 patterns.
8b466 config: VCS: reading captured set patterns from '/home/linus/MoHex2.0/nfbranchfix/benzene-vanilla-cmake/share/vc-captured-set.txt'.
8b466 config: VCS:: parsed 2 patterns.
8b466 dfpn: 
93476 info: Best move cannot be determined, must search state.
93476 info: --- MoHexPlayer::Search() ---
93476 info: Color: black
93476 info: MaxGames: 1
93476 info: NumberThreads: 1
93476 info: MaxNodes: 181818181 (15999999928 bytes)
93476 info: TimeForMove: 1
8b466 dfpn: c7
8b466 dfpn: b10
8b466 dfpn: f8
8b466 dfpn: c8
8b466 dfpn: b8
8b466 dfpn: b7
8b466 dfpn: g7
8b466 dfpn: f7
8b466 dfpn: h4
8b466 dfpn: g8
8b466 dfpn: a8
8b466 dfpn: i3
8b466 dfpn: g6
8b466 dfpn: h5
8b466 dfpn: h6
8b466 dfpn: j2
8b466 dfpn: g5
8b466 dfpn: e9
8b466 dfpn: h7
8b466 dfpn: e10
8b466 dfpn: g4
8b466 dfpn: i4
8b466 dfpn: e10
93476 info: PreSearch: max time reached (44/84).
93476 info: Time for PreSearch: 0.200593s
93476 info: 
  3e34529b1a748659
  a  b  c  d  e  f  g  h  i  j  k  
 1\.  .  .  .  .  .  .  .  .  .  .\1
  2\.  .  *  *  *  *  *  *  *  *  *\2
   3\.  *  *  *  *  *  *  *  *  *  *\3
    4\*  *  *  *  *  *  *  *  *  *  *\4
     5\*  *  *  *  *  *  *  *  *  *  *\5
      6\B  *  *  *  *  *  *  *  *  *  *\6
       7\*  *  *  *  *  *  *  *  *  *  *\7
        8\*  *  *  W  *  *  *  *  *  *  *\8
         9\.  B  .  W  *  *  *  *  *  *  .\9
         10\.  *  .  .  *  *  *  *  *  .  .\10
          11\.  .  .  .  .  .  .  .  .  .  .\11
              a  b  c  d  e  f  g  h  i  j  k  
93476 info: Old: [black, a6] [white, swap-pieces] [white, d9] 
93476 info: New: [black, a6] [white, swap-pieces] [white, d9] [black, b9] [white, d8] 
93476 info: MovesPlayed: [black, b9] [white, d8] 
93476 info: No subtree to reuse.
93476 info: StartSearch()[0]
93476 info: 
Elapsed Time   0.383076s
Count          1
GamesPlayed    1
Nodes          1
Knowledge      0 (0.0%)
Expansions     0.0
Time           0.00
GameLen        117.0 dev=0.0 min=117.0 max=117.0
InTree         0.0 dev=0.0 min=0.0 max=0.0
KnowDepth      -
Aborted        0%
Games/s        3164.6
Score          1.00
Sequence      
93476 info: 
93476 warning: **** MoHexSearch returned empty sequence!
93476 warning: **** Returning random move!
93476 info: *** Player move: k1
8b466 info: DfpnSolver::CheckAbort(): Abort flag!
9b486 info: 
MID calls      51
VC builds      50
Terminal       0
Work           51
Wasted Work    0 (0%)
Elapsed Time   0.396485
MIDs/sec       128.63
VCs/sec        126.108
Cnt prune sib  0
Avg prune sib  -
Consider Size  82.16 dev=5.18218 min=71 max=90
Move Index     -
Move Percent   -
Delta Increase 4.14 dev=14.8889 min=1 max=77
Winner         empty
PV             e10 j4 h5 b10

HashTableStatistics:
Stores         241
LookupAttempt  24069
LookupSuccess  1354
Collisions     0

9b486 info: Search aborted.
0e1e7 info: PlayAndSolve: Building VCs to avoid race condition.
0e1e7 info: PlayAndSolve: Continuing on as usual.
9b486 info: *** PlayerThread ***
93476 info: *** SolverThread ***
8b466 config: VCS: reading captured set patterns from '/home/linus/MoHex2.0/nfbranchfix/benzene-vanilla-cmake/share/vc-captured-set.txt'.
8b466 config: VCS:: parsed 2 patterns.
8b466 config: VCS: reading captured set patterns from '/home/linus/MoHex2.0/nfbranchfix/benzene-vanilla-cmake/share/vc-captured-set.txt'.
8b466 config: VCS:: parsed 2 patterns.
8b466 dfpn: 
9b486 info: Best move cannot be determined, must search state.
9b486 info: --- MoHexPlayer::Search() ---
9b486 info: Color: black
9b486 info: MaxGames: 1
9b486 info: NumberThreads: 1
9b486 info: MaxNodes: 181818181 (15999999928 bytes)
9b486 info: TimeForMove: 1
8b466 dfpn: c7
8b466 dfpn: b10
8b466 dfpn: f8
8b466 dfpn: c8
8b466 dfpn: g7
8b466 dfpn: j3
8b466 dfpn: b8
8b466 dfpn: i4
8b466 dfpn: f7
8b466 dfpn: b7
8b466 dfpn: g8
8b466 dfpn: h5
8b466 dfpn: h4
8b466 dfpn: h6
8b466 dfpn: h7
8b466 dfpn: g6
8b466 dfpn: i3
8b466 dfpn: i5
8b466 dfpn: e9
8b466 dfpn: j2
8b466 dfpn: j4
8b466 dfpn: e10
9b486 info: PreSearch: max time reached (57/84).
9b486 info: Time for PreSearch: 0.203825s
9b486 info: 
  2d1de3d319790af8
  a  b  c  d  e  f  g  h  i  j  k  
 1\.  .  .  .  W  .  .  .  .  .  B\1
  2\.  .  *  *  *  *  *  *  *  *  *\2
   3\.  *  *  *  *  *  *  *  *  *  *\3
    4\*  *  *  *  *  *  *  *  *  *  *\4
     5\*  *  *  *  *  *  *  *  *  *  *\5
      6\B  *  *  *  *  *  *  *  *  *  *\6
       7\*  *  *  *  *  *  *  *  *  *  *\7
        8\*  *  *  W  *  *  *  *  *  *  *\8
         9\.  B  .  W  *  *  *  *  *  *  .\9
         10\.  *  .  .  *  *  *  *  *  .  .\10
          11\.  .  .  .  .  .  .  .  .  .  .\11
              a  b  c  d  e  f  g  h  i  j  k  
9b486 info: Old: [black, a6] [white, swap-pieces] [white, d9] [black, b9] [white, d8] 
9b486 info: New: [black, a6] [white, swap-pieces] [white, d9] [black, b9] [white, d8] [black, k1] [white, e1] 
9b486 info: MovesPlayed: [black, k1] [white, e1] 
9b486 info: No subtree to reuse.
9b486 info: StartSearch()[0]
9b486 info: 
Elapsed Time   0.401074s
Count          1
GamesPlayed    1
Nodes          1
Knowledge      0 (0.0%)
Expansions     0.0
Time           0.00
GameLen        115.0 dev=0.0 min=115.0 max=115.0
InTree         0.0 dev=0.0 min=0.0 max=0.0
KnowDepth      -
Aborted        0%
Games/s        3115.3
Score          1.00
Sequence      
9b486 info: 
9b486 warning: **** MoHexSearch returned empty sequence!
9b486 warning: **** Returning random move!
9b486 info: *** Player move: i10
8b466 info: DfpnSolver::CheckAbort(): Abort flag!
93476 info: 
MID calls      64
VC builds      63
Terminal       0
Work           64
Wasted Work    0 (0%)
Elapsed Time   0.411211
MIDs/sec       155.638
VCs/sec        153.206
Cnt prune sib  0
Avg prune sib  -
Consider Size  78.3016 dev=6.55058 min=67 max=86
Move Index     -
Move Percent   -
Delta Increase 3.50794 dev=13.4198 min=1 max=80
Winner         empty
PV             e10 j3 h7 b10

HashTableStatistics:
Stores         389
LookupAttempt  36163
LookupSuccess  1950
Collisions     0

93476 info: Search aborted.
0e1e7 info: PlayAndSolve: Building VCs to avoid race condition.
0e1e7 info: PlayAndSolve: Continuing on as usual.
93476 info: *** PlayerThread ***
9b486 info: *** SolverThread ***
8b466 config: VCS: reading captured set patterns from '/home/linus/MoHex2.0/nfbranchfix/benzene-vanilla-cmake/share/vc-captured-set.txt'.
8b466 config: VCS:: parsed 2 patterns.
8b466 config: VCS: reading captured set patterns from '/home/linus/MoHex2.0/nfbranchfix/benzene-vanilla-cmake/share/vc-captured-set.txt'.
8b466 config: VCS:: parsed 2 patterns.
8b466 dfpn: 
93476 info: Best move cannot be determined, must search state.
93476 info: --- MoHexPlayer::Search() ---
93476 info: Color: black
93476 info: MaxGames: 1
93476 info: NumberThreads: 1
93476 info: MaxNodes: 181818181 (15999999928 bytes)
93476 info: TimeForMove: 1
8b466 dfpn: b10
8b466 dfpn: c7
8b466 dfpn: f9
8b466 dfpn: f7
8b466 dfpn: f8
8b466 dfpn: c8
8b466 dfpn: b8
8b466 dfpn: g7
8b466 dfpn: b7
8b466 dfpn: g8
8b466 dfpn: e9
8b466 dfpn: j3
8b466 dfpn: a8
8b466 dfpn: j4
8b466 dfpn: i5
8b466 dfpn: d7
8b466 dfpn: i8
8b466 dfpn: i4
8b466 dfpn: h6
8b466 dfpn: j7
8b466 dfpn: h4
8b466 dfpn: b10
93476 info: PreSearch: max time reached (59/80).
93476 info: Time for PreSearch: 0.200687s
93476 info: 
  55390269a9c520d8
  a  b  c  d  e  f  g  h  i  j  k  
 1\.  .  .  .  W  .  .  .  .  .  B\1
  2\.  .  *  *  *  *  *  *  *  *  *\2
   3\.  *  *  *  *  *  *  *  *  *  *\3
    4\*  *  *  *  *  *  *  *  *  *  *\4
     5\*  *  *  *  *  *  *  *  *  *  *\5
      6\B  *  *  *  *  *  *  *  *  *  *\6
       7\*  *  *  *  *  *  *  *  *  *  *\7
        8\*  *  *  W  *  *  *  W  *  *  *\8
         9\.  B  .  W  *  *  *  *  *  .  .\9
         10\.  *  .  .  *  *  *  .  B  b  b\10
          11\.  .  .  .  .  .  b  b  b  b  b\11
              a  b  c  d  e  f  g  h  i  j  k  
93476 info: Old: [black, a6] [white, swap-pieces] [white, d9] [black, b9] [white, d8] [black, k1] [white, e1] 
93476 info: New: [black, a6] [white, swap-pieces] [white, d9] [black, b9] [white, d8] [black, k1] [white, e1] [black, i10] [white, h8] 
93476 info: MovesPlayed: [black, i10] [white, h8] 
93476 info: No subtree to reuse.
8b466 dfpn: i5
93476 info: StartSearch()[0]
93476 info: 
Elapsed Time   0.372512s
Count          1
GamesPlayed    1
Nodes          1
Knowledge      0 (0.0%)
Expansions     0.0
Time           0.00
GameLen        106.0 dev=0.0 min=106.0 max=106.0
InTree         0.0 dev=0.0 min=0.0 max=0.0
KnowDepth      -
Aborted        0%
Games/s        2049.2
Score          1.00
Sequence      
93476 info: 
93476 warning: **** MoHexSearch returned empty sequence!
93476 warning: **** Returning random move!
93476 info: *** Player move: c4
8b466 info: DfpnSolver::CheckAbort(): Abort flag!
9b486 info: 
MID calls      64
VC builds      61
Terminal       0
Work           64
Wasted Work    0 (0%)
Elapsed Time   0.38193
MIDs/sec       167.57
VCs/sec        159.715
Cnt prune sib  1
Avg prune sib  1 dev=0 min=1 max=1
Consider Size  72.0328 dev=5.34695 min=60 max=80
Move Index     -
Move Percent   -
Delta Increase 3.4127 dev=12.0075 min=1 max=72
Winner         empty
PV             i5 b10 f8

HashTableStatistics:
Stores         539
LookupAttempt  47787
LookupSuccess  2591
Collisions     0

9b486 info: Search aborted.
0e1e7 info: PlayAndSolve: Building VCs to avoid race condition.
0e1e7 info: PlayAndSolve: Continuing on as usual.
9b486 info: *** PlayerThread ***
93476 info: *** SolverThread ***
8b466 config: VCS: reading captured set patterns from '/home/linus/MoHex2.0/nfbranchfix/benzene-vanilla-cmake/share/vc-captured-set.txt'.
8b466 config: VCS:: parsed 2 patterns.
8b466 config: VCS: reading captured set patterns from '/home/linus/MoHex2.0/nfbranchfix/benzene-vanilla-cmake/share/vc-captured-set.txt'.
8b466 config: VCS:: parsed 2 patterns.
8b466 dfpn: 
8b466 dfpn: b10
9b486 info: Best move cannot be determined, must search state.
9b486 info: --- MoHexPlayer::Search() ---
9b486 info: Color: black
9b486 info: MaxGames: 1
9b486 info: NumberThreads: 1
9b486 info: MaxNodes: 181818181 (15999999928 bytes)
9b486 info: TimeForMove: 1
8b466 dfpn: c7
8b466 dfpn: c8
8b466 dfpn: b8
8b466 dfpn: b7
8b466 dfpn: j3
8b466 dfpn: f7
8b466 dfpn: f8
8b466 dfpn: a8
8b466 dfpn: f9
8b466 dfpn: j4
8b466 dfpn: e9
8b466 dfpn: e7
8b466 dfpn: i5
8b466 dfpn: f2
8b466 dfpn: c6
8b466 dfpn: a7
8b466 dfpn: f5
8b466 dfpn: d7
8b466 dfpn: h7
8b466 dfpn: b10
9b486 info: PreSearch: max time reached (61/76).
9b486 info: Time for PreSearch: 0.203426s
9b486 info: 
  cd7518cadb508b48
  a  b  c  d  e  f  g  h  i  j  k  
 1\.  .  .  .  W  .  .  .  .  .  B\1
  2\.  .  *  *  *  *  *  *  *  *  *\2
   3\.  *  *  *  *  *  *  *  *  *  *\3
    4\*  *  B  *  *  *  *  W  *  *  *\4
     5\.  .  *  *  *  *  *  *  *  *  *\5
      6\B  *  *  *  *  *  *  *  *  *  *\6
       7\*  *  *  *  *  *  *  *  *  *  *\7
        8\*  *  *  W  *  *  *  W  *  *  *\8
         9\.  B  .  W  *  *  *  *  *  .  .\9
         10\.  *  .  .  *  *  *  .  B  b  b\10
          11\.  .  .  .  .  .  b  b  b  b  b\11
              a  b  c  d  e  f  g  h  i  j  k  
9b486 info: Old: [black, a6] [white, swap-pieces] [white, d9] [black, b9] [white, d8] [black, k1] [white, e1] [black, i10] [white, h8] 
9b486 info: New: [black, a6] [white, swap-pieces] [white, d9] [black, b9] [white, d8] [black, k1] [white, e1] [black, i10] [white, h8] [black, c4] [white, h4] 
9b486 info: MovesPlayed: [black, c4] [white, h4] 
9b486 info: No subtree to reuse.
9b486 info: StartSearch()[0]
9b486 info: 
Elapsed Time   0.356314s
Count          1
GamesPlayed    1
Nodes          1
Knowledge      0 (0.0%)
Expansions     0.0
Time           0.00
GameLen        104.0 dev=0.0 min=104.0 max=104.0
InTree         0.0 dev=0.0 min=0.0 max=0.0
KnowDepth      -
Aborted        0%
Games/s        3472.2
Score          1.00
Sequence      
9b486 info: 
9b486 warning: **** MoHexSearch returned empty sequence!
9b486 warning: **** Returning random move!
9b486 info: *** Player move: c5
8b466 info: DfpnSolver::CheckAbort(): Abort flag!
93476 info: 
MID calls      43
VC builds      41
Terminal       0
Work           43
Wasted Work    0 (0%)
Elapsed Time   0.368304
MIDs/sec       116.751
VCs/sec        111.321
Cnt prune sib  0
Avg prune sib  -
Consider Size  69.7317 dev=9.18636 min=17 max=77
Move Index     -
Move Percent   -
Delta Increase 4.11905 dev=13.8533 min=1 max=69
Winner         empty
PV             b10 j3 c7 b8

HashTableStatistics:
Stores         644
LookupAttempt  56856
LookupSuccess  3121
Collisions     0

93476 info: Search aborted.
0e1e7 info: PlayAndSolve: Building VCs to avoid race condition.
0e1e7 info: PlayAndSolve: Continuing on as usual.
93476 info: *** PlayerThread ***
9b486 info: *** SolverThread ***
8b466 config: VCS: reading captured set patterns from '/home/linus/MoHex2.0/nfbranchfix/benzene-vanilla-cmake/share/vc-captured-set.txt'.
8b466 config: VCS:: parsed 2 patterns.
8b466 config: VCS: reading captured set patterns from '/home/linus/MoHex2.0/nfbranchfix/benzene-vanilla-cmake/share/vc-captured-set.txt'.
8b466 config: VCS:: parsed 2 patterns.
8b466 dfpn: 
93476 info: Best move cannot be determined, must search state.
93476 info: --- MoHexPlayer::Search() ---
93476 info: Color: black
93476 info: MaxGames: 1
93476 info: NumberThreads: 1
93476 info: MaxNodes: 181818181 (15999999928 bytes)
93476 info: TimeForMove: 1
8b466 dfpn: b10
8b466 dfpn: c7
8b466 dfpn: c8
8b466 dfpn: b8
8b466 dfpn: b7
8b466 dfpn: a8
8b466 dfpn: c6
8b466 dfpn: j3
8b466 dfpn: f7
8b466 dfpn: g7
8b466 dfpn: d7
8b466 dfpn: j4
8b466 dfpn: d6
8b466 dfpn: a7
8b466 dfpn: h7
8b466 dfpn: f9
8b466 dfpn: f8
8b466 dfpn: i5
8b466 dfpn: i6
8b466 dfpn: i8
8b466 dfpn: b10
93476 info: PreSearch: max time reached (48/73).
93476 info: Time for PreSearch: 0.20108s
93476 info: 
  b2f910ad016333c9
  a  b  c  d  e  f  g  h  i  j  k  
 1\.  .  .  .  W  .  .  .  .  .  B\1
  2\.  .  *  *  *  *  *  *  *  *  *\2
   3\.  *  *  *  *  *  *  *  *  *  *\3
    4\*  *  B  *  *  *  *  W  *  *  *\4
     5\.  .  B  *  *  *  *  *  *  *  *\5
      6\B  .  *  *  *  *  *  *  *  *  *\6
       7\*  *  *  *  *  *  *  *  *  *  *\7
        8\*  *  *  W  W  *  *  W  *  *  *\8
         9\.  B  .  W  *  *  *  *  *  .  .\9
         10\.  *  .  .  *  *  *  .  B  b  b\10
          11\.  .  .  .  .  .  b  b  b  b  b\11
              a  b  c  d  e  f  g  h  i  j  k  
93476 info: Old: [black, a6] [white, swap-pieces] [white, d9] [black, b9] [white, d8] [black, k1] [white, e1] [black, i10] [white, h8] [black, c4] [white, h4] 
93476 info: New: [black, a6] [white, swap-pieces] [white, d9] [black, b9] [white, d8] [black, k1] [white, e1] [black, i10] [white, h8] [black, c4] [white, h4] [black, c5] [white, e8] 
93476 info: MovesPlayed: [black, c5] [white, e8] 
93476 info: No subtree to reuse.
93476 info: StartSearch()[0]
93476 info: 
Elapsed Time   0.353285s
Count          1
GamesPlayed    1
Nodes          1
Knowledge      0 (0.0%)
Expansions     0.0
Time           0.00
GameLen        102.0 dev=0.0 min=102.0 max=102.0
InTree         0.0 dev=0.0 min=0.0 max=0.0
KnowDepth      -
Aborted        0%
Games/s        3322.3
Score          1.00
Sequence      
93476 info: 
93476 warning: **** MoHexSearch returned empty sequence!
93476 warning: **** Returning random move!
93476 info: *** Player move: i9
8b466 info: DfpnSolver::CheckAbort(): Abort flag!
9b486 info: 
MID calls      35
VC builds      34
Terminal       0
Work           35
Wasted Work    0 (0%)
Elapsed Time   0.36901
MIDs/sec       94.8484
VCs/sec        92.1384
Cnt prune sib  0
Avg prune sib  -
Consider Size  68.0294 dev=4.20432 min=59 max=74
Move Index     -
Move Percent   -
Delta Increase 2.97059 dev=10.8098 min=1 max=65
Winner         empty
PV             b10 f7 b8

HashTableStatistics:
Stores         734
LookupAttempt  65044
LookupSuccess  3642
Collisions     0

9b486 info: Search aborted.
0e1e7 info: PlayAndSolve: Building VCs to avoid race condition.
0e1e7 info: PlayAndSolve: Continuing on as usual.
9b486 info: *** PlayerThread ***
93476 info: *** SolverThread ***
8b466 config: VCS: reading captured set patterns from '/home/linus/MoHex2.0/nfbranchfix/benzene-vanilla-cmake/share/vc-captured-set.txt'.
8b466 config: VCS:: parsed 2 patterns.
8b466 config: VCS: reading captured set patterns from '/home/linus/MoHex2.0/nfbranchfix/benzene-vanilla-cmake/share/vc-captured-set.txt'.
8b466 config: VCS:: parsed 2 patterns.
8b466 dfpn: 
9b486 info: Best move cannot be determined, must search state.
9b486 info: --- MoHexPlayer::Search() ---
9b486 info: Color: black
9b486 info: MaxGames: 1
9b486 info: NumberThreads: 1
9b486 info: MaxNodes: 181818181 (15999999928 bytes)
9b486 info: TimeForMove: 1
8b466 dfpn: b10
8b466 dfpn: c7
8b466 dfpn: b7
8b466 dfpn: b8
8b466 dfpn: c6
8b466 dfpn: a8
8b466 dfpn: c8
8b466 dfpn: j3
8b466 dfpn: i5
8b466 dfpn: g7
8b466 dfpn: f7
8b466 dfpn: j7
8b466 dfpn: a7
8b466 dfpn: j6
8b466 dfpn: j4
8b466 dfpn: j5
8b466 dfpn: f9
9b486 info: PreSearch: max time reached (61/63).
9b486 info: Time for PreSearch: 0.203168s
9b486 info: 
  4aae33c1e2dbe6e9
  a  b  c  d  e  f  g  h  i  j  k  
 1\.  .  .  .  W  .  .  .  .  .  B\1
  2\.  .  *  *  *  *  *  *  *  *  *\2
   3\.  *  *  *  *  *  *  *  *  *  *\3
    4\*  *  B  *  *  *  *  W  *  *  *\4
     5\.  .  B  W  *  *  *  *  *  *  *\5
      6\B  .  *  *  *  *  *  *  *  *  *\6
       7\*  *  *  *  *  *  *  *  *  *  .\7
        8\*  *  *  W  W  *  *  W  .  .  .\8
         9\.  B  .  W  .  *  .  b  B  b  b\9
         10\.  *  .  .  .  .  b  b  B  b  b\10
          11\.  .  .  .  b  b  b  b  b  b  b\11
              a  b  c  d  e  f  g  h  i  j  k  
8b466 dfpn: b10
9b486 info: Old: [black, a6] [white, swap-pieces] [white, d9] [black, b9] [white, d8] [black, k1] [white, e1] [black, i10] [white, h8] [black, c4] [white, h4] [black, c5] [white, e8] 
9b486 info: New: [black, a6] [white, swap-pieces] [white, d9] [black, b9] [white, d8] [black, k1] [white, e1] [black, i10] [white, h8] [black, c4] [white, h4] [black, c5] [white, e8] [black, i9] [white, d5] 
9b486 info: MovesPlayed: [black, i9] [white, d5] 
9b486 info: No subtree to reuse.
9b486 info: StartSearch()[0]
9b486 info: 
Elapsed Time   0.350819s
Count          1
GamesPlayed    1
Nodes          1
Knowledge      0 (0.0%)
Expansions     0.0
Time           0.00
GameLen        93.0 dev=0.0 min=93.0 max=93.0
InTree         0.0 dev=0.0 min=0.0 max=0.0
KnowDepth      -
Aborted        0%
Games/s        3367.0
Score          0.00
Sequence      
9b486 info: 
9b486 warning: **** MoHexSearch returned empty sequence!
9b486 warning: **** Returning random move!
9b486 info: *** Player move: e7
8b466 info: DfpnSolver::CheckAbort(): Abort flag!
93476 info: 
MID calls      46
VC builds      44
Terminal       0
Work           46
Wasted Work    0 (0%)
Elapsed Time   0.36477
MIDs/sec       126.107
VCs/sec        120.624
Cnt prune sib  4
Avg prune sib  1.25 dev=0.433013 min=1 max=2
Consider Size  46.9091 dev=20.086 min=4 max=66
Move Index     -
Move Percent   -
Delta Increase 2.4 dev=8.25537 min=1 max=57
Winner         empty
PV             b10 d2 b8

HashTableStatistics:
Stores         843
LookupAttempt  71440
LookupSuccess  4052
Collisions     0

93476 info: Search aborted.
0e1e7 info: PlayAndSolve: Building VCs to avoid race condition.
0e1e7 info: PlayAndSolve: Continuing on as usual.
93476 info: *** PlayerThread ***
9b486 info: *** SolverThread ***
8b466 config: VCS: reading captured set patterns from '/home/linus/MoHex2.0/nfbranchfix/benzene-vanilla-cmake/share/vc-captured-set.txt'.
8b466 config: VCS:: parsed 2 patterns.
8b466 config: VCS: reading captured set patterns from '/home/linus/MoHex2.0/nfbranchfix/benzene-vanilla-cmake/share/vc-captured-set.txt'.
8b466 config: VCS:: parsed 2 patterns.
8b466 dfpn: 
93476 info: Best move cannot be determined, must search state.
93476 info: --- MoHexPlayer::Search() ---
93476 info: Color: black
93476 info: MaxGames: 1
93476 info: NumberThreads: 1
93476 info: MaxNodes: 181818181 (15999999928 bytes)
93476 info: TimeForMove: 1
8b466 dfpn: b10
8b466 dfpn: c7
8b466 dfpn: b7
8b466 dfpn: c6
8b466 dfpn: b8
8b466 dfpn: j3
8b466 dfpn: g7
8b466 dfpn: f7
8b466 dfpn: j7
8b466 dfpn: a8
8b466 dfpn: j6
8b466 dfpn: c8
8b466 dfpn: f9
8b466 dfpn: j5
8b466 dfpn: g8
8b466 dfpn: j4
8b466 dfpn: b10
93476 info: Time for PreSearch: 0.178394s
93476 info: 
  c1852d6f46269a2b
  a  b  c  d  e  f  g  h  i  j  k  
 1\.  .  .  .  W  .  .  .  .  .  B\1
  2\.  .  *  *  *  *  *  *  *  *  *\2
   3\.  *  *  *  *  *  *  *  *  *  *\3
    4\*  *  B  *  *  *  *  W  *  *  *\4
     5\.  .  B  W  *  *  *  *  *  *  *\5
      6\B  .  *  *  *  *  *  *  *  *  *\6
       7\*  *  *  *  B  *  *  *  *  *  .\7
        8\*  *  *  W  W  *  *  W  .  .  .\8
         9\.  B  .  W  .  *  .  b  B  b  b\9
         10\.  *  .  .  .  .  b  b  B  b  b\10
          11\.  .  W  .  b  b  b  b  b  b  b\11
              a  b  c  d  e  f  g  h  i  j  k  
8b466 dfpn: g7
93476 info: Old: [black, a6] [white, swap-pieces] [white, d9] [black, b9] [white, d8] [black, k1] [white, e1] [black, i10] [white, h8] [black, c4] [white, h4] [black, c5] [white, e8] [black, i9] [white, d5] 
93476 info: New: [black, a6] [white, swap-pieces] [white, d9] [black, b9] [white, d8] [black, k1] [white, e1] [black, i10] [white, h8] [black, c4] [white, h4] [black, c5] [white, e8] [black, i9] [white, d5] [black, e7] [white, c11] 
93476 info: MovesPlayed: [black, e7] [white, c11] 
93476 info: No subtree to reuse.
93476 info: StartSearch()[0]
93476 info: 
Elapsed Time   0.327739s
Count          1
GamesPlayed    1
Nodes          1
Knowledge      0 (0.0%)
Expansions     0.0
Time           0.00
GameLen        91.0 dev=0.0 min=91.0 max=91.0
InTree         0.0 dev=0.0 min=0.0 max=0.0
KnowDepth      -
Aborted        0%
Games/s        3649.6
Score          0.00
Sequence      
93476 info: 
93476 warning: **** MoHexSearch returned empty sequence!
93476 warning: **** Returning random move!
93476 info: *** Player move: j3
8b466 info: DfpnSolver::CheckAbort(): Abort flag!
9b486 info: 
MID calls      59
VC builds      57
Terminal       0
Work           59
Wasted Work    0 (0%)
Elapsed Time   0.342008
MIDs/sec       172.511
VCs/sec        166.663
Cnt prune sib  3
Avg prune sib  2 dev=0.816496 min=1 max=3
Consider Size  52.3509 dev=12.1055 min=11 max=64
Move Index     -
Move Percent   -
Delta Increase 2.86207 dev=9.50036 min=1 max=56
Winner         empty
PV             g7 g4 c7

HashTableStatistics:
Stores         978
LookupAttempt  78753
LookupSuccess  4472
Collisions     0

9b486 info: Search aborted.
0e1e7 info: PlayAndSolve: Building VCs to avoid race condition.
0e1e7 info: PlayAndSolve: Continuing on as usual.
9b486 info: *** PlayerThread ***
93476 info: *** SolverThread ***
8b466 config: VCS: reading captured set patterns from '/home/linus/MoHex2.0/nfbranchfix/benzene-vanilla-cmake/share/vc-captured-set.txt'.
8b466 config: VCS:: parsed 2 patterns.
8b466 config: VCS: reading captured set patterns from '/home/linus/MoHex2.0/nfbranchfix/benzene-vanilla-cmake/share/vc-captured-set.txt'.
8b466 config: VCS:: parsed 2 patterns.
8b466 dfpn: 
9b486 info: Best move cannot be determined, must search state.
9b486 info: --- MoHexPlayer::Search() ---
9b486 info: Color: black
9b486 info: MaxGames: 1
9b486 info: NumberThreads: 1
9b486 info: MaxNodes: 181818181 (15999999928 bytes)
9b486 info: TimeForMove: 1
8b466 dfpn: b10
8b466 dfpn: c7
8b466 dfpn: j7
8b466 dfpn: b7
8b466 dfpn: j6
8b466 dfpn: j4
8b466 dfpn: b8
8b466 dfpn: j5
8b466 dfpn: c8
8b466 dfpn: a8
8b466 dfpn: c6
8b466 dfpn: i5
8b466 dfpn: i7
8b466 dfpn: e10
8b466 dfpn: g7
8b466 dfpn: i6
9b486 info: Time for PreSearch: 0.180877s
9b486 info: 
  a2c3198780dd152e
  a  b  c  d  e  f  g  h  i  j  k  
 1\.  .  .  .  W  .  .  .  .  .  B\1
  2\.  .  *  *  *  *  .  .  .  .  .\2
   3\.  *  *  *  *  *  *  *  .  B  .\3
    4\*  *  B  *  *  *  *  W  *  *  *\4
     5\.  .  B  W  *  *  *  *  *  *  *\5
      6\B  .  *  *  *  *  *  *  *  *  *\6
       7\*  *  *  *  B  *  *  *  *  *  .\7
        8\*  *  *  W  W  *  *  W  .  .  .\8
         9\.  B  .  W  *  *  W  b  B  b  b\9
         10\.  *  .  *  *  .  b  b  B  b  b\10
          11\.  .  W  .  b  b  b  b  b  b  b\11
              a  b  c  d  e  f  g  h  i  j  k  
8b466 dfpn: e10
9b486 info: Old: [black, a6] [white, swap-pieces] [white, d9] [black, b9] [white, d8] [black, k1] [white, e1] [black, i10] [white, h8] [black, c4] [white, h4] [black, c5] [white, e8] [black, i9] [white, d5] [black, e7] [white, c11] 
9b486 info: New: [black, a6] [white, swap-pieces] [white, d9] [black, b9] [white, d8] [black, k1] [white, e1] [black, i10] [white, h8] [black, c4] [white, h4] [black, c5] [white, e8] [black, i9] [white, d5] [black, e7] [white, c11] [black, j3] [white, g9] 
9b486 info: MovesPlayed: [black, j3] [white, g9] 
9b486 info: No subtree to reuse.
9b486 info: StartSearch()[0]
9b486 info: 
Elapsed Time   0.347454s
Count          1
GamesPlayed    1
Nodes          1
Knowledge      0 (0.0%)
Expansions     0.0
Time           0.00
GameLen        89.0 dev=0.0 min=89.0 max=89.0
InTree         0.0 dev=0.0 min=0.0 max=0.0
KnowDepth      -
Aborted        0%
Games/s        2985.1
Score          0.00
Sequence      
9b486 info: 
9b486 warning: **** MoHexSearch returned empty sequence!
9b486 warning: **** Returning random move!
9b486 info: *** Player move: e10
8b466 info: DfpnSolver::CheckAbort(): Abort flag!
93476 info: 
MID calls      56
VC builds      53
Terminal       0
Work           56
Wasted Work    0 (0%)
Elapsed Time   0.36156
MIDs/sec       154.884
VCs/sec        146.587
Cnt prune sib  5
Avg prune sib  1.6 dev=0.8 min=1 max=3
Consider Size  41.717 dev=18.6632 min=10 max=61
Move Index     -
Move Percent   -
Delta Increase 2.45455 dev=7.40226 min=1 max=55
Winner         empty
PV             e10 j6 b10 b8

HashTableStatistics:
Stores         1105
LookupAttempt  84919
LookupSuccess  4856
Collisions     0

93476 info: Search aborted.
0e1e7 info: PlayAndSolve: Building VCs to avoid race condition.
0e1e7 info: PlayAndSolve: Continuing on as usual.
93476 info: *** PlayerThread ***
9b486 info: *** SolverThread ***
8b466 config: VCS: reading captured set patterns from '/home/linus/MoHex2.0/nfbranchfix/benzene-vanilla-cmake/share/vc-captured-set.txt'.
8b466 config: VCS:: parsed 2 patterns.
8b466 config: VCS: reading captured set patterns from '/home/linus/MoHex2.0/nfbranchfix/benzene-vanilla-cmake/share/vc-captured-set.txt'.
8b466 config: VCS:: parsed 2 patterns.
8b466 dfpn: 
93476 info: Best move cannot be determined, must search state.
93476 info: --- MoHexPlayer::Search() ---
93476 info: Color: black
93476 info: MaxGames: 1
93476 info: NumberThreads: 1
93476 info: MaxNodes: 181818181 (15999999928 bytes)
93476 info: TimeForMove: 1
8b466 dfpn: b10
8b466 dfpn: b7
8b466 dfpn: c7
8b466 dfpn: f8
8b466 dfpn: j7
8b466 dfpn: j6
8b466 dfpn: i5
8b466 dfpn: j4
8b466 dfpn: f7
8b466 dfpn: j5
8b466 dfpn: b8
8b466 dfpn: a8
8b466 dfpn: c8
8b466 dfpn: i6
8b466 dfpn: i7
8b466 dfpn: i6
93476 info: Time for PreSearch: 0.180799s
8b466 dfpn: b7
8b466 dfpn: i5
93476 info: 
  88f39aa573e0e395
  a  b  c  d  e  f  g  h  i  j  k  
 1\.  .  .  .  W  .  .  .  .  .  B\1
  2\.  .  *  *  *  *  .  .  .  .  .\2
   3\.  *  *  *  *  *  *  *  .  B  .\3
    4\*  *  B  *  *  *  *  W  *  *  *\4
     5\.  .  B  W  *  *  *  *  *  *  *\5
      6\B  .  .  W  *  *  *  *  *  *  *\6
       7\.  *  *  *  B  *  *  *  *  *  .\7
        8\*  *  *  W  W  *  *  W  .  .  .\8
         9\.  B  .  W  .  .  W  b  B  b  b\9
         10\.  .  *  .  B  b  b  b  B  b  b\10
          11\.  .  W  b  b  b  b  b  b  b  b\11
              a  b  c  d  e  f  g  h  i  j  k  
93476 info: Old: [black, a6] [white, swap-pieces] [white, d9] [black, b9] [white, d8] [black, k1] [white, e1] [black, i10] [white, h8] [black, c4] [white, h4] [black, c5] [white, e8] [black, i9] [white, d5] [black, e7] [white, c11] [black, j3] [white, g9] 
93476 info: New: [black, a6] [white, swap-pieces] [white, d9] [black, b9] [white, d8] [black, k1] [white, e1] [black, i10] [white, h8] [black, c4] [white, h4] [black, c5] [white, e8] [black, i9] [white, d5] [black, e7] [white, c11] [black, j3] [white, g9] [black, e10] [white, d6] 
93476 info: MovesPlayed: [black, e10] [white, d6] 
93476 info: No subtree to reuse.
8b466 dfpn: b10
93476 info: StartSearch()[0]
93476 info: 
Elapsed Time   0.592068s
Count          1
GamesPlayed    1
Nodes          1
Knowledge      0 (0.0%)
Expansions     0.0
Time           0.00
GameLen        85.0 dev=0.0 min=85.0 max=85.0
InTree         0.0 dev=0.0 min=0.0 max=0.0
KnowDepth      -
Aborted        0%
Games/s        4000.0
Score          0.00
Sequence      
93476 info: 
93476 warning: **** MoHexSearch returned empty sequence!
93476 warning: **** Returning random move!
93476 info: *** Player move: a11
8b466 info: DfpnSolver::CheckAbort(): Abort flag!
9b486 info: 
MID calls      110
VC builds      98
Terminal       0
Work           110
Wasted Work    0 (0%)
Elapsed Time   0.604509
MIDs/sec       181.966
VCs/sec        162.115
Cnt prune sib  9
Avg prune sib  2.33333 dev=1.1547 min=1 max=4
Consider Size  31.6939 dev=18.1313 min=1 max=55
Move Index     -
Move Percent   -
Delta Increase 2.16667 dev=4.88857 min=1 max=45
Winner         empty
PV             b10 b7 c7

HashTableStatistics:
Stores         1343
LookupAttempt  92283
LookupSuccess  5364
Collisions     0

9b486 info: Search aborted.
0e1e7 info: PlayAndSolve: Building VCs to avoid race condition.
0e1e7 info: PlayAndSolve: Continuing on as usual.
9b486 info: *** PlayerThread ***
93476 info: *** SolverThread ***
8b466 config: VCS: reading captured set patterns from '/home/linus/MoHex2.0/nfbranchfix/benzene-vanilla-cmake/share/vc-captured-set.txt'.
8b466 config: VCS:: parsed 2 patterns.
8b466 config: VCS: reading captured set patterns from '/home/linus/MoHex2.0/nfbranchfix/benzene-vanilla-cmake/share/vc-captured-set.txt'.
8b466 config: VCS:: parsed 2 patterns.
8b466 dfpn: 
9b486 info: Best move cannot be determined, must search state.
9b486 info: --- MoHexPlayer::Search() ---
9b486 info: Color: black
9b486 info: MaxGames: 1
9b486 info: NumberThreads: 1
9b486 info: MaxNodes: 181818181 (15999999928 bytes)
9b486 info: TimeForMove: 1
8b466 dfpn: b7
8b466 dfpn: b8
8b466 dfpn: c7
8b466 dfpn: a8
8b466 dfpn: i5
8b466 dfpn: j7
8b466 dfpn: c8
8b466 dfpn: j6
8b466 dfpn: j4
8b466 dfpn: j5
8b466 dfpn: f8
8b466 dfpn: c2
8b466 dfpn: d2
8b466 dfpn: b7
9b486 info: Time for PreSearch: 0.162578s
9b486 info: 
  2cd411ac23acc348
  a  b  c  d  e  f  g  h  i  j  k  
 1\.  .  .  .  W  .  .  .  .  .  B\1
  2\.  .  *  *  *  *  .  .  .  .  .\2
   3\.  *  *  *  *  *  *  W  .  B  .\3
    4\*  *  B  *  *  *  *  W  *  *  *\4
     5\.  .  B  W  *  *  *  *  *  *  *\5
      6\B  .  .  W  *  *  *  *  *  *  *\6
       7\.  *  *  *  B  *  *  *  *  *  .\7
        8\*  *  *  W  W  *  *  W  .  .  .\8
         9\.  B  w  W  .  .  W  b  B  b  b\9
         10\b  b  w  b  B  b  b  b  B  b  b\10
          11\B  b  W  b  b  b  b  b  b  b  b\11
              a  b  c  d  e  f  g  h  i  j  k  
8b466 dfpn: b8
9b486 info: Old: [black, a6] [white, swap-pieces] [white, d9] [black, b9] [white, d8] [black, k1] [white, e1] [black, i10] [white, h8] [black, c4] [white, h4] [black, c5] [white, e8] [black, i9] [white, d5] [black, e7] [white, c11] [black, j3] [white, g9] [black, e10] [white, d6] 
9b486 info: New: [black, a6] [white, swap-pieces] [white, d9] [black, b9] [white, d8] [black, k1] [white, e1] [black, i10] [white, h8] [black, c4] [white, h4] [black, c5] [white, e8] [black, i9] [white, d5] [black, e7] [white, c11] [black, j3] [white, g9] [black, e10] [white, d6] [black, a11] [white, h3] 
9b486 info: MovesPlayed: [black, a11] [white, h3] 
9b486 info: No subtree to reuse.
9b486 info: StartSearch()[0]
9b486 info: 
Elapsed Time   0.325229s
Count          1
GamesPlayed    1
Nodes          1
Knowledge      0 (0.0%)
Expansions     0.0
Time           0.00
GameLen        77.0 dev=0.0 min=77.0 max=77.0
InTree         0.0 dev=0.0 min=0.0 max=0.0
KnowDepth      -
Aborted        0%
Games/s        3257.3
Score          1.00
Sequence      
9b486 info: 
9b486 warning: **** MoHexSearch returned empty sequence!
9b486 warning: **** Returning random move!
9b486 info: *** Player move: b7
8b466 info: DfpnSolver::CheckAbort(): Abort flag!
93476 info: 
MID calls      47
VC builds      42
Terminal       0
Work           47
Wasted Work    0 (0%)
Elapsed Time   0.337373
MIDs/sec       139.312
VCs/sec        124.491
Cnt prune sib  4
Avg prune sib  1.75 dev=0.433013 min=1 max=2
Consider Size  36.1905 dev=11.9288 min=1 max=50
Move Index     -
Move Percent   -
Delta Increase 3.26667 dev=8.38358 min=1 max=42
Winner         empty
PV             b8 b7 i5 d7

HashTableStatistics:
Stores         1450
LookupAttempt  96754
LookupSuccess  5670
Collisions     0

93476 info: Search aborted.
0e1e7 info: PlayAndSolve: Building VCs to avoid race condition.
0e1e7 info: PlayAndSolve: Continuing on as usual.
93476 info: *** PlayerThread ***
9b486 info: *** SolverThread ***
8b466 config: VCS: reading captured set patterns from '/home/linus/MoHex2.0/nfbranchfix/benzene-vanilla-cmake/share/vc-captured-set.txt'.
8b466 config: VCS:: parsed 2 patterns.
8b466 config: VCS: reading captured set patterns from '/home/linus/MoHex2.0/nfbranchfix/benzene-vanilla-cmake/share/vc-captured-set.txt'.
8b466 config: VCS:: parsed 2 patterns.
8b466 dfpn: 
93476 info: Winning SC.
93476 info: *** Player move: b8
9b486 info: 
MID calls      0
VC builds      1
Terminal       1
Work           1
Wasted Work    0 (0%)
Elapsed Time   0.0079
MIDs/sec       0
VCs/sec        126.582
Cnt prune sib  0
Avg prune sib  -
Consider Size  -
Move Index     -
Move Percent   -
Delta Increase -
Winner         black
PV             

HashTableStatistics:
Stores         1451
LookupAttempt  96760
LookupSuccess  5673
Collisions     0

0e1e7 info: PlayAndSolve: Building VCs to avoid race condition.
0e1e7 info: PlayAndSolve: Continuing on as usual.
9b486 info: *** PlayerThread ***
93476 info: *** SolverThread ***
8b466 config: VCS: reading captured set patterns from '/home/linus/MoHex2.0/nfbranchfix/benzene-vanilla-cmake/share/vc-captured-set.txt'.
8b466 config: VCS:: parsed 2 patterns.
8b466 config: VCS: reading captured set patterns from '/home/linus/MoHex2.0/nfbranchfix/benzene-vanilla-cmake/share/vc-captured-set.txt'.
8b466 config: VCS:: parsed 2 patterns.
8b466 dfpn: 
9b486 info: Best move cannot be determined, must search state.
9b486 info: --- MoHexPlayer::Search() ---
9b486 info: Color: black
9b486 info: MaxGames: 1
9b486 info: NumberThreads: 1
9b486 info: MaxNodes: 181818181 (15999999928 bytes)
9b486 info: TimeForMove: 1
8b466 dfpn: d3
9b486 info: Winning sequence found before UCT search!
9b486 info: Sequence: d3
9b486 info: *** Player move: d3
93476 info: 
MID calls      1
VC builds      2
Terminal       1
Work           2
Wasted Work    1 (50%)
Elapsed Time   0.013193
MIDs/sec       75.7978
VCs/sec        151.596
Cnt prune sib  0
Avg prune sib  -
Consider Size  39 dev=0 min=39 max=39
Move Index     0 dev=0 min=0 max=0
Move Percent   0 dev=0 min=0 max=0
Delta Increase 1 dev=0 min=1 max=1
Winner         black
PV             d3

HashTableStatistics:
Stores         1455
LookupAttempt  96965
LookupSuccess  5681
Collisions     0

93476 info: *** FOUND WIN!!! ***
93476 info: PV: d3
0e1e7 info: PlayAndSolve: Building VCs to avoid race condition.
0e1e7 info: PlayAndSolve: Continuing on as usual.
93476 info: *** PlayerThread ***
9b486 info: *** SolverThread ***
8b466 config: VCS: reading captured set patterns from '/home/linus/MoHex2.0/nfbranchfix/benzene-vanilla-cmake/share/vc-captured-set.txt'.
8b466 config: VCS:: parsed 2 patterns.
8b466 config: VCS: reading captured set patterns from '/home/linus/MoHex2.0/nfbranchfix/benzene-vanilla-cmake/share/vc-captured-set.txt'.
8b466 config: VCS:: parsed 2 patterns.
8b466 dfpn: 
9b486 info: 
MID calls      0
VC builds      1
Terminal       1
Work           1
Wasted Work    0 (0%)
Elapsed Time   0.007783
MIDs/sec       0
VCs/sec        128.485
Cnt prune sib  0
Avg prune sib  -
Consider Size  -
Move Index     -
Move Percent   -
Delta Increase -
Winner         black
PV             

HashTableStatistics:
Stores         1456
LookupAttempt  96971
LookupSuccess  5684
Collisions     0

93476 info: Winning SC.
93476 info: *** Player move: f2
0e1e7 info: PlayAndSolve: Building VCs to avoid race condition.
0e1e7 info: PlayAndSolve: Continuing on as usual.
9b486 info: *** PlayerThread ***
93476 info: *** SolverThread ***
8b466 config: VCS: reading captured set patterns from '/home/linus/MoHex2.0/nfbranchfix/benzene-vanilla-cmake/share/vc-captured-set.txt'.
8b466 config: VCS:: parsed 2 patterns.
8b466 config: VCS: reading captured set patterns from '/home/linus/MoHex2.0/nfbranchfix/benzene-vanilla-cmake/share/vc-captured-set.txt'.
8b466 config: VCS:: parsed 2 patterns.
8b466 dfpn: 
9b486 info: Winning SC.
9b486 info: *** Player move: e3
93476 info: 
MID calls      0
VC builds      1
Terminal       1
Work           1
Wasted Work    0 (0%)
Elapsed Time   0.007378
MIDs/sec       0
VCs/sec        135.538
Cnt prune sib  0
Avg prune sib  -
Consider Size  -
Move Index     -
Move Percent   -
Delta Increase -
Winner         black
PV             

HashTableStatistics:
Stores         1457
LookupAttempt  96977
LookupSuccess  5687
Collisions     0

0e1e7 info: PlayAndSolve: Building VCs to avoid race condition.
0e1e7 info: PlayAndSolve: Continuing on as usual.
93476 info: *** PlayerThread ***
9b486 info: *** SolverThread ***
8b466 config: VCS: reading captured set patterns from '/home/linus/MoHex2.0/nfbranchfix/benzene-vanilla-cmake/share/vc-captured-set.txt'.
8b466 config: VCS:: parsed 2 patterns.
8b466 config: VCS: reading captured set patterns from '/home/linus/MoHex2.0/nfbranchfix/benzene-vanilla-cmake/share/vc-captured-set.txt'.
8b466 config: VCS:: parsed 2 patterns.
8b466 dfpn: 
93476 info: Winning SC.
93476 info: *** Player move: b6
9b486 info: 
MID calls      0
VC builds      1
Terminal       1
Work           1
Wasted Work    0 (0%)
Elapsed Time   0.005684
MIDs/sec       0
VCs/sec        175.932
Cnt prune sib  0
Avg prune sib  -
Consider Size  -
Move Index     -
Move Percent   -
Delta Increase -
Winner         black
PV             

HashTableStatistics:
Stores         1458
LookupAttempt  96983
LookupSuccess  5690
Collisions     0

0e1e7 info: PlayAndSolve: Building VCs to avoid race condition.
0e1e7 info: PlayAndSolve: Continuing on as usual.
9b486 info: *** PlayerThread ***
93476 info: *** SolverThread ***
8b466 config: VCS: reading captured set patterns from '/home/linus/MoHex2.0/nfbranchfix/benzene-vanilla-cmake/share/vc-captured-set.txt'.
8b466 config: VCS:: parsed 2 patterns.
8b466 config: VCS: reading captured set patterns from '/home/linus/MoHex2.0/nfbranchfix/benzene-vanilla-cmake/share/vc-captured-set.txt'.
8b466 config: VCS:: parsed 2 patterns.
8b466 dfpn: 
9b486 info: Winning SC.
9b486 info: *** Player move: b10
93476 info: 
MID calls      0
VC builds      1
Terminal       1
Work           1
Wasted Work    0 (0%)
Elapsed Time   0.005883
MIDs/sec       0
VCs/sec        169.981
Cnt prune sib  0
Avg prune sib  -
Consider Size  -
Move Index     -
Move Percent   -
Delta Increase -
Winner         black
PV             

HashTableStatistics:
Stores         1459
LookupAttempt  96989
LookupSuccess  5693
Collisions     0

0e1e7 info: PlayAndSolve: Building VCs to avoid race condition.
0e1e7 info: PlayAndSolve: Continuing on as usual.
93476 info: *** PlayerThread ***
9b486 info: *** SolverThread ***
8b466 config: VCS: reading captured set patterns from '/home/linus/MoHex2.0/nfbranchfix/benzene-vanilla-cmake/share/vc-captured-set.txt'.
8b466 config: VCS:: parsed 2 patterns.
8b466 config: VCS: reading captured set patterns from '/home/linus/MoHex2.0/nfbranchfix/benzene-vanilla-cmake/share/vc-captured-set.txt'.
8b466 config: VCS:: parsed 2 patterns.
8b466 dfpn: 
93476 info: Winning SC.
93476 info: *** Player move: f1
9b486 info: 
MID calls      0
VC builds      1
Terminal       1
Work           1
Wasted Work    0 (0%)
Elapsed Time   0.007855
MIDs/sec       0
VCs/sec        127.307
Cnt prune sib  0
Avg prune sib  -
Consider Size  -
Move Index     -
Move Percent   -
Delta Increase -
Winner         black
PV             

HashTableStatistics:
Stores         1460
LookupAttempt  96995
LookupSuccess  5696
Collisions     0

0e1e7 config: ============ BenzeneShutdown =============
0e1e7 config: MoHexProgram:: ShutdownSystem()
0e1e7 config: CommonProgram:: ShutdownSystem()
0e1e7 config: BenzeneProgram:: ShutdownSystem()
Flushing and closing this stream...
