# nice ../build/src/mohex/mohex --config mohex-cg2010.htp --seed 733310 --logfile-name jobs/11x11-mohex-mohex-weak-vs-mohex-mohex-cg2010/mohex-mohex-cg2010-13.log
>boardsize 11 11
<= 
<
>name
MoHex 2.0.CMake Mar 21 2025
Copyright (C) 2007-2012 by the authors of the Benzene project.
This program comes with ABSOLUTELY NO WARRANTY. This is
free software and you are welcome to redistribute it under
certain conditions. Type `benzene-license' for details.

SgRandom::SetSeed: 733310
SgUctSearch: system memory 33632358400, using 1000000000 (5681818 nodes)
SgRandom::SetSeed: 1
SgRandom::SetSeed: 733310
f3637 info: Prior Patterns:
f3637 info: Global:
f3637 info: Size            = 565 32648 
f3637 info: TableEntries    = 65932 65910
f3637 info: MirrorsAdded    = 0 0
f3637 info: PrunableCount   = 30593 30629
f3637 info: LargestGamma    = 5820.77
f3637 info: SmallestGamma   = 6.6e-05
f3637 info: Local:
f3637 info: Size            = 550 5318 
f3637 info: TableEntries    = 11602 11588
f3637 info: MirrorsAdded    = 0 0
f3637 info: PrunableCount   = 3659 3667
f3637 info: LargestGamma    = 11281.8
f3637 info: SmallestGamma   = 0.026235
f3637 info: Playout Patterns:
f3637 info: Global:
f3637 info: Size            = 565 32648 
f3637 info: TableEntries    = 70329 70329
f3637 info: MirrorsAdded    = 4397 4419
f3637 info: PrunableCount   = 30593 30629
f3637 info: LargestGamma    = 5820.77
f3637 info: SmallestGamma   = 6.6e-05
f3637 info: Local:
f3637 info: Size            = 550 5318 
f3637 info: TableEntries    = 11602 11588
f3637 info: MirrorsAdded    = 0 0
f3637 info: PrunableCount   = 3659 3667
f3637 info: LargestGamma    = 11281.8
f3637 info: SmallestGamma   = 0.026235
param_game allow_swap 1
= 

param_mohex max_memory 32000000000
= 

param_mohex num_threads 1
= 

param_mohex max_time 1
= 

param_mohex max_games 1
= 

param_mohex knowledge_threshold 400
= 

param_mohex reuse_subtree 1
= 

param_mohex use_parallel_solver 1
= 

<= MoHex
<
>version
<= 2.0.CMake
<
>play b a7
<= 
<
>showboard
<= 
< 
<  b3f021d8087c9a69
<  a  b  c  d  e  f  g  h  i  j  k  
< 1\.  .  .  .  .  .  .  .  .  .  .\1
<  2\.  .  .  .  .  .  .  .  .  .  .\2
<   3\.  .  .  .  .  .  .  .  .  .  .\3
<    4\.  .  .  .  .  .  .  .  .  .  .\4
<     5\.  .  .  .  .  .  .  .  .  .  .\5
<      6\.  .  .  .  .  .  .  .  .  .  .\6
<       7\B  .  .  .  .  .  .  .  .  .  .\7
<        8\.  .  .  .  .  .  .  .  .  .  .\8
<         9\.  .  .  .  .  .  .  .  .  .  .\9
<         10\.  .  .  .  .  .  .  .  .  .  .\10
<          11\.  .  .  .  .  .  .  .  .  .  .\11
<              a  b  c  d  e  f  g  h  i  j  k  
<
>play w swap-pieces
<= 
<
>genmove w
<= h8
<
>play b h7
f3637 info: PlayAndSolve: Building VCs to avoid race condition.
f3637 info: PlayAndSolve: Continuing on as usual.
3fff6 info: *** PlayerThread ***
37fe6 info: *** SolverThread ***
3fff6 info: Best move cannot be determined, must search state.
3fff6 info: --- MoHexPlayer::Search() ---
3fff6 info: Color: white
3fff6 info: MaxGames: 1
3fff6 info: NumberThreads: 1
3fff6 info: MaxNodes: 181818181 (15999999928 bytes)
3fff6 info: TimeForMove: 1
3fff6 info: PreSearch: max time reached (52/91).
3fff6 info: Time for PreSearch: 0.200887s
3fff6 info: 
  b3f021d8087c9a69
  a  b  c  d  e  f  g  h  i  j  k  
 1\.  .  .  *  *  *  .  *  *  *  .\1
  2\.  .  *  *  *  *  *  *  *  *  .\2
   3\.  *  *  *  *  *  *  *  *  *  .\3
    4\.  *  *  *  *  *  *  *  *  *  .\4
     5\.  *  *  *  *  *  *  *  *  *  .\5
      6\.  *  *  *  *  *  *  *  *  *  .\6
       7\B  *  *  *  *  *  *  *  *  *  .\7
        8\.  *  *  *  *  *  *  *  *  *  .\8
         9\.  *  *  *  *  *  *  *  *  *  .\9
         10\.  *  *  *  *  *  *  *  *  .  .\10
          11\.  *  *  *  .  *  *  *  .  .  .\11
              a  b  c  d  e  f  g  h  i  j  k  
3fff6 info: No subtree to reuse.
3fff6 info: Creating thread 0
3fff6 info: StartSearch()[0]
SgUctSearch: max games reached
3fff6 info: 
Elapsed Time   0.575253s
Count          1
GamesPlayed    1
Nodes          1
Knowledge      0 (0.0%)
Expansions     0.0
Time           0.00
GameLen        120.0 dev=0.0 min=120.0 max=120.0
InTree         0.0 dev=0.0 min=0.0 max=0.0
KnowDepth      -
Aborted        0%
Games/s        418.1
Score          1.00
Sequence      
3fff6 info: 
3fff6 warning: **** MoHexSearch returned empty sequence!
3fff6 warning: **** Returning random move!
3fff6 info: *** Player move: h8
2ffd6 info: DfpnSolver::CheckAbort(): Abort flag!
37fe6 info: 
MID calls      84
VC builds      82
Terminal       0
Work           84
Wasted Work    0 (0%)
Elapsed Time   0.589023
MIDs/sec       142.609
VCs/sec        139.214
Cnt prune sib  0
Avg prune sib  -
Consider Size  86.6707 dev=4.08133 min=77 max=91
Move Index     -
Move Percent   -
Delta Increase 3.06024 dev=12.9553 min=1 max=86
Winner         empty
PV             b10 g5 f7

HashTableStatistics:
Stores         193
LookupAttempt  16298
LookupSuccess  813
Collisions     0

37fe6 info: Search aborted.
<= 
<
>genmove w
<= f9
<
>play b j1
f3637 info: PlayAndSolve: Building VCs to avoid race condition.
f3637 info: PlayAndSolve: Continuing on as usual.
37fe6 info: *** PlayerThread ***
3fff6 info: *** SolverThread ***
37fe6 info: Best move cannot be determined, must search state.
37fe6 info: --- MoHexPlayer::Search() ---
37fe6 info: Color: white
37fe6 info: MaxGames: 1
37fe6 info: NumberThreads: 1
37fe6 info: MaxNodes: 181818181 (15999999928 bytes)
37fe6 info: TimeForMove: 1
37fe6 info: PreSearch: max time reached (48/91).
37fe6 info: Time for PreSearch: 0.201351s
37fe6 info: 
  37fc2cb14ed6b3dc
  a  b  c  d  e  f  g  h  i  j  k  
 1\.  .  .  *  *  *  *  *  *  *  .\1
  2\.  .  *  *  *  *  *  *  *  *  .\2
   3\.  *  *  *  *  *  *  *  *  *  .\3
    4\.  *  *  *  *  *  *  *  *  *  .\4
     5\.  *  *  *  *  *  *  *  *  *  .\5
      6\.  *  *  *  *  *  *  *  *  *  .\6
       7\B  *  *  *  *  *  *  B  *  *  .\7
        8\.  *  *  *  *  *  *  W  *  *  .\8
         9\.  *  *  *  *  *  *  *  *  *  .\9
         10\.  *  *  *  *  *  *  *  *  .  .\10
          11\.  *  *  *  *  *  *  *  .  .  .\11
              a  b  c  d  e  f  g  h  i  j  k  
37fe6 info: Old: [black, a7] [white, swap-pieces] 
37fe6 info: New: [black, a7] [white, swap-pieces] [white, h8] [black, h7] 
37fe6 info: ReuseSubtree: Colors do not alternate.
37fe6 info: No subtree to reuse.
37fe6 info: StartSearch()[0]
SgUctSearch: max games reached
37fe6 info: 
Elapsed Time   0.367864s
Count          1
GamesPlayed    1
Nodes          1
Knowledge      0 (0.0%)
Expansions     0.0
Time           0.00
GameLen        118.0 dev=0.0 min=118.0 max=118.0
InTree         0.0 dev=0.0 min=0.0 max=0.0
KnowDepth      -
Aborted        0%
Games/s        3105.6
Score          1.00
Sequence      
37fe6 info: 
37fe6 warning: **** MoHexSearch returned empty sequence!
37fe6 warning: **** Returning random move!
37fe6 info: *** Player move: f9
2ffd6 info: DfpnSolver::CheckAbort(): Abort flag!
3fff6 info: 
MID calls      51
VC builds      49
Terminal       0
Work           51
Wasted Work    0 (0%)
Elapsed Time   0.378955
MIDs/sec       134.581
VCs/sec        129.303
Cnt prune sib  0
Avg prune sib  -
Consider Size  86.7755 dev=2.51761 min=79 max=91
Move Index     -
Move Percent   -
Delta Increase 4.32 dev=15.8675 min=1 max=84
Winner         empty
PV             b9 d10 d8 g8

HashTableStatistics:
Stores         318
LookupAttempt  29348
LookupSuccess  1543
Collisions     0

3fff6 info: Search aborted.
<= 
<
>genmove w
<= h9
<
>play b k3
f3637 info: PlayAndSolve: Building VCs to avoid race condition.
f3637 info: PlayAndSolve: Continuing on as usual.
3fff6 info: *** PlayerThread ***
37fe6 info: *** SolverThread ***
3fff6 info: Best move cannot be determined, must search state.
3fff6 info: --- MoHexPlayer::Search() ---
3fff6 info: Color: white
3fff6 info: MaxGames: 1
3fff6 info: NumberThreads: 1
3fff6 info: MaxNodes: 181818181 (15999999928 bytes)
3fff6 info: TimeForMove: 1
3fff6 info: PreSearch: max time reached (47/88).
3fff6 info: Time for PreSearch: 0.202976s
3fff6 info: 
  a8c6c482106d26ae
  a  b  c  d  e  f  g  h  i  j  k  
 1\.  .  .  *  *  *  *  *  .  B  .\1
  2\.  .  *  *  *  *  *  *  *  *  .\2
   3\.  *  *  *  *  *  *  *  *  *  .\3
    4\.  *  *  *  *  *  *  *  *  *  .\4
     5\.  *  *  *  *  *  *  *  *  *  .\5
      6\.  *  *  *  *  *  *  *  *  *  .\6
       7\B  *  *  *  *  *  *  B  *  *  .\7
        8\.  *  *  *  *  *  *  W  *  *  .\8
         9\.  *  *  *  *  W  *  *  *  *  .\9
         10\.  *  *  *  *  *  *  *  *  .  .\10
          11\.  *  *  *  *  *  *  *  .  .  .\11
              a  b  c  d  e  f  g  h  i  j  k  
3fff6 info: Old: [black, a7] [white, swap-pieces] [white, h8] [black, h7] 
3fff6 info: New: [black, a7] [white, swap-pieces] [white, h8] [black, h7] [white, f9] [black, j1] 
3fff6 info: MovesPlayed: [white, f9] [black, j1] 
3fff6 info: No subtree to reuse.
3fff6 info: StartSearch()[0]
SgUctSearch: max games reached
3fff6 info: 
Elapsed Time   0.353902s
Count          1
GamesPlayed    1
Nodes          1
Knowledge      0 (0.0%)
Expansions     0.0
Time           0.00
GameLen        116.0 dev=0.0 min=116.0 max=116.0
InTree         0.0 dev=0.0 min=0.0 max=0.0
KnowDepth      -
Aborted        0%
Games/s        3268.0
Score          0.00
Sequence      
3fff6 info: 
3fff6 warning: **** MoHexSearch returned empty sequence!
3fff6 warning: **** Returning random move!
3fff6 info: *** Player move: h9
2ffd6 info: DfpnSolver::CheckAbort(): Abort flag!
37fe6 info: 
MID calls      45
VC builds      43
Terminal       0
Work           45
Wasted Work    0 (0%)
Elapsed Time   0.366172
MIDs/sec       122.893
VCs/sec        117.431
Cnt prune sib  0
Avg prune sib  -
Consider Size  74.4186 dev=21.9516 min=20 max=88
Move Index     -
Move Percent   -
Delta Increase 3.52273 dev=12.5833 min=1 max=82
Winner         empty
PV             c9 b10 i7 b9

HashTableStatistics:
Stores         430
LookupAttempt  40674
LookupSuccess  2216
Collisions     0

37fe6 info: Search aborted.
<= 
<
>genmove w
<= j8
<
>play b d8
f3637 info: PlayAndSolve: Building VCs to avoid race condition.
f3637 info: PlayAndSolve: Continuing on as usual.
37fe6 info: *** PlayerThread ***
3fff6 info: *** SolverThread ***
37fe6 info: Best move cannot be determined, must search state.
37fe6 info: --- MoHexPlayer::Search() ---
37fe6 info: Color: white
37fe6 info: MaxGames: 1
37fe6 info: NumberThreads: 1
37fe6 info: MaxNodes: 181818181 (15999999928 bytes)
37fe6 info: TimeForMove: 1
37fe6 info: PreSearch: max time reached (48/85).
37fe6 info: Time for PreSearch: 0.205824s
37fe6 info: 
  bdb73f659b03fe7d
  a  b  c  d  e  f  g  h  i  j  k  
 1\.  .  .  *  *  *  *  *  .  B  .\1
  2\.  .  *  *  *  *  *  *  *  *  .\2
   3\.  *  *  *  *  *  *  *  *  *  B\3
    4\.  *  *  *  *  *  *  *  *  *  .\4
     5\.  *  *  *  *  *  *  *  *  *  .\5
      6\.  *  *  *  *  *  *  *  *  *  .\6
       7\B  *  *  *  *  *  *  B  *  *  .\7
        8\.  *  *  *  *  *  .  W  *  *  .\8
         9\.  *  *  *  *  W  .  W  *  *  .\9
         10\.  *  *  *  *  *  *  *  *  .  .\10
          11\.  *  *  *  *  *  *  *  .  .  .\11
              a  b  c  d  e  f  g  h  i  j  k  
37fe6 info: Old: [black, a7] [white, swap-pieces] [white, h8] [black, h7] [white, f9] [black, j1] 
37fe6 info: New: [black, a7] [white, swap-pieces] [white, h8] [black, h7] [white, f9] [black, j1] [white, h9] [black, k3] 
37fe6 info: MovesPlayed: [white, h9] [black, k3] 
37fe6 info: No subtree to reuse.
37fe6 info: StartSearch()[0]
SgUctSearch: max games reached
37fe6 info: 
Elapsed Time   0.561483s
Count          1
GamesPlayed    1
Nodes          1
Knowledge      0 (0.0%)
Expansions     0.0
Time           0.00
GameLen        114.0 dev=0.0 min=114.0 max=114.0
InTree         0.0 dev=0.0 min=0.0 max=0.0
KnowDepth      -
Aborted        0%
Games/s        3030.3
Score          1.00
Sequence      
37fe6 info: 
37fe6 warning: **** MoHexSearch returned empty sequence!
37fe6 warning: **** Returning random move!
37fe6 info: *** Player move: j8
2ffd6 info: DfpnSolver::CheckAbort(): Abort flag!
3fff6 info: 
MID calls      61
VC builds      57
Terminal       0
Work           61
Wasted Work    0 (0%)
Elapsed Time   0.58144
MIDs/sec       104.912
VCs/sec        98.0325
Cnt prune sib  0
Avg prune sib  -
Consider Size  71.4386 dev=21.7433 min=9 max=85
Move Index     -
Move Percent   -
Delta Increase 4.05 dev=14.0658 min=1 max=79
Winner         empty
PV             e8 b10 c8 d8

HashTableStatistics:
Stores         575
LookupAttempt  52996
LookupSuccess  2957
Collisions     0

3fff6 info: Search aborted.
<= 
<
>genmove w
<= c3
<
>play b g4
f3637 info: PlayAndSolve: Building VCs to avoid race condition.
f3637 info: PlayAndSolve: Continuing on as usual.
3fff6 info: *** PlayerThread ***
37fe6 info: *** SolverThread ***
3fff6 info: Best move cannot be determined, must search state.
3fff6 info: --- MoHexPlayer::Search() ---
3fff6 info: Color: white
3fff6 info: MaxGames: 1
3fff6 info: NumberThreads: 1
3fff6 info: MaxNodes: 181818181 (15999999928 bytes)
3fff6 info: TimeForMove: 1
3fff6 info: PreSearch: max time reached (59/78).
3fff6 info: Time for PreSearch: 0.202635s
3fff6 info: 
  ab7ff0d528b015d9
  a  b  c  d  e  f  g  h  i  j  k  
 1\.  .  .  *  *  *  *  *  .  B  .\1
  2\.  .  *  *  *  *  *  *  *  *  .\2
   3\.  *  *  *  *  *  *  *  *  *  B\3
    4\.  *  *  *  *  *  *  *  *  *  .\4
     5\.  *  *  *  *  *  *  *  *  *  .\5
      6\.  *  *  *  *  *  *  *  *  .  w\6
       7\B  *  *  *  *  *  *  B  .  .  w\7
        8\.  *  *  B  *  *  .  W  .  W  w\8
         9\.  *  *  *  *  W  .  W  .  .  w\9
         10\.  *  *  *  *  *  *  .  .  .  w\10
          11\.  *  *  *  *  *  *  .  .  .  w\11
              a  b  c  d  e  f  g  h  i  j  k  
3fff6 info: Old: [black, a7] [white, swap-pieces] [white, h8] [black, h7] [white, f9] [black, j1] [white, h9] [black, k3] 
3fff6 info: New: [black, a7] [white, swap-pieces] [white, h8] [black, h7] [white, f9] [black, j1] [white, h9] [black, k3] [white, j8] [black, d8] 
3fff6 info: MovesPlayed: [white, j8] [black, d8] 
3fff6 info: No subtree to reuse.
3fff6 info: StartSearch()[0]
SgUctSearch: max games reached
3fff6 info: 
Elapsed Time   0.350719s
Count          1
GamesPlayed    1
Nodes          1
Knowledge      0 (0.0%)
Expansions     0.0
Time           0.00
GameLen        106.0 dev=0.0 min=106.0 max=106.0
InTree         0.0 dev=0.0 min=0.0 max=0.0
KnowDepth      -
Aborted        0%
Games/s        3623.2
Score          0.00
Sequence      
3fff6 info: 
3fff6 warning: **** MoHexSearch returned empty sequence!
3fff6 warning: **** Returning random move!
3fff6 info: *** Player move: c3
2ffd6 info: DfpnSolver::CheckAbort(): Abort flag!
37fe6 info: 
MID calls      59
VC builds      55
Terminal       0
Work           59
Wasted Work    0 (0%)
Elapsed Time   0.363545
MIDs/sec       162.291
VCs/sec        151.288
Cnt prune sib  1
Avg prune sib  1 dev=0 min=1 max=1
Consider Size  59.2545 dev=23.0858 min=5 max=78
Move Index     -
Move Percent   -
Delta Increase 3.68966 dev=12.2576 min=1 max=70
Winner         empty
PV             d10 c10 d7 e7

HashTableStatistics:
Stores         714
LookupAttempt  63236
LookupSuccess  3594
Collisions     0

37fe6 info: Search aborted.
<= 
<
>genmove w
<= c11
<
>play b i1
f3637 info: PlayAndSolve: Building VCs to avoid race condition.
f3637 info: PlayAndSolve: Continuing on as usual.
37fe6 info: *** PlayerThread ***
3fff6 info: *** SolverThread ***
37fe6 info: Best move cannot be determined, must search state.
37fe6 info: --- MoHexPlayer::Search() ---
37fe6 info: Color: white
37fe6 info: MaxGames: 1
37fe6 info: NumberThreads: 1
37fe6 info: MaxNodes: 181818181 (15999999928 bytes)
37fe6 info: TimeForMove: 1
37fe6 info: PreSearch: max time reached (46/75).
37fe6 info: Time for PreSearch: 0.202188s
37fe6 info: 
  7b3832dc4c1414c9
  a  b  c  d  e  f  g  h  i  j  k  
 1\.  .  .  *  *  *  *  *  .  B  .\1
  2\.  .  *  *  *  *  *  *  *  *  .\2
   3\.  *  W  *  *  *  *  *  *  *  B\3
    4\.  .  *  *  *  *  B  *  *  *  .\4
     5\.  *  *  *  *  *  *  *  *  *  .\5
      6\.  *  *  *  *  *  *  *  *  *  w\6
       7\B  *  *  *  *  *  *  B  .  .  w\7
        8\.  *  *  B  *  *  .  W  .  W  w\8
         9\.  *  *  *  *  W  .  W  .  .  w\9
         10\.  *  *  *  *  *  *  *  *  .  w\10
          11\.  *  *  *  *  *  *  *  .  .  w\11
              a  b  c  d  e  f  g  h  i  j  k  
37fe6 info: Old: [black, a7] [white, swap-pieces] [white, h8] [black, h7] [white, f9] [black, j1] [white, h9] [black, k3] [white, j8] [black, d8] 
37fe6 info: New: [black, a7] [white, swap-pieces] [white, h8] [black, h7] [white, f9] [black, j1] [white, h9] [black, k3] [white, j8] [black, d8] [white, c3] [black, g4] 
37fe6 info: MovesPlayed: [white, c3] [black, g4] 
37fe6 info: No subtree to reuse.
37fe6 info: StartSearch()[0]
SgUctSearch: max games reached
37fe6 info: 
Elapsed Time   0.346932s
Count          1
GamesPlayed    1
Nodes          1
Knowledge      0 (0.0%)
Expansions     0.0
Time           0.00
GameLen        104.0 dev=0.0 min=104.0 max=104.0
InTree         0.0 dev=0.0 min=0.0 max=0.0
KnowDepth      -
Aborted        0%
Games/s        3731.3
Score          1.00
Sequence      
37fe6 info: 
37fe6 warning: **** MoHexSearch returned empty sequence!
37fe6 warning: **** Returning random move!
37fe6 info: *** Player move: c11
2ffd6 info: DfpnSolver::CheckAbort(): Abort flag!
3fff6 info: 
MID calls      45
VC builds      41
Terminal       0
Work           45
Wasted Work    0 (0%)
Elapsed Time   0.366005
MIDs/sec       122.949
VCs/sec        112.02
Cnt prune sib  0
Avg prune sib  -
Consider Size  57.0244 dev=23.2153 min=4 max=75
Move Index     -
Move Percent   -
Delta Increase 4.18182 dev=9.28898 min=1 max=37
Winner         empty
PV             c9 d9 e7 d7

HashTableStatistics:
Stores         824
LookupAttempt  71918
LookupSuccess  4170
Collisions     0

3fff6 info: Search aborted.
<= 
<
>genmove w
<= h6
<
>play b h2
f3637 info: PlayAndSolve: Building VCs to avoid race condition.
f3637 info: PlayAndSolve: Continuing on as usual.
3fff6 info: *** PlayerThread ***
37fe6 info: *** SolverThread ***
3fff6 info: Best move cannot be determined, must search state.
3fff6 info: --- MoHexPlayer::Search() ---
3fff6 info: Color: white
3fff6 info: MaxGames: 1
3fff6 info: NumberThreads: 1
3fff6 info: MaxNodes: 181818181 (15999999928 bytes)
3fff6 info: TimeForMove: 1
3fff6 info: PreSearch: max time reached (54/73).
3fff6 info: Time for PreSearch: 0.203006s
3fff6 info: 
  7459a1ca663ffb0a
  a  b  c  d  e  f  g  h  i  j  k  
 1\.  .  .  *  *  *  *  .  B  B  .\1
  2\.  .  *  *  *  *  *  *  *  *  .\2
   3\.  *  W  *  *  *  *  *  *  *  B\3
    4\.  .  *  *  *  *  B  *  *  *  .\4
     5\.  *  *  *  *  *  *  *  *  *  .\5
      6\.  *  *  *  *  *  *  *  *  *  w\6
       7\B  *  *  *  *  *  *  B  .  .  w\7
        8\.  *  *  B  *  *  .  W  .  W  w\8
         9\.  *  *  *  *  W  .  W  .  .  w\9
         10\.  *  *  *  *  *  *  *  .  .  w\10
          11\.  *  W  *  *  *  *  .  .  .  w\11
              a  b  c  d  e  f  g  h  i  j  k  
3fff6 info: Old: [black, a7] [white, swap-pieces] [white, h8] [black, h7] [white, f9] [black, j1] [white, h9] [black, k3] [white, j8] [black, d8] [white, c3] [black, g4] 
3fff6 info: New: [black, a7] [white, swap-pieces] [white, h8] [black, h7] [white, f9] [black, j1] [white, h9] [black, k3] [white, j8] [black, d8] [white, c3] [black, g4] [white, c11] [black, i1] 
3fff6 info: MovesPlayed: [white, c11] [black, i1] 
3fff6 info: No subtree to reuse.
3fff6 info: StartSearch()[0]
SgUctSearch: max games reached
3fff6 info: 
Elapsed Time   0.554877s
Count          1
GamesPlayed    1
Nodes          1
Knowledge      0 (0.0%)
Expansions     0.0
Time           0.00
GameLen        102.0 dev=0.0 min=102.0 max=102.0
InTree         0.0 dev=0.0 min=0.0 max=0.0
KnowDepth      -
Aborted        0%
Games/s        3717.5
Score          1.00
Sequence      
3fff6 info: 
3fff6 warning: **** MoHexSearch returned empty sequence!
3fff6 warning: **** Returning random move!
3fff6 info: *** Player move: h6
2ffd6 info: DfpnSolver::CheckAbort(): Abort flag!
37fe6 info: 
MID calls      100
VC builds      86
Terminal       0
Work           100
Wasted Work    0 (0%)
Elapsed Time   0.564701
MIDs/sec       177.085
VCs/sec        152.293
Cnt prune sib  1
Avg prune sib  2 dev=0 min=2 max=2
Consider Size  41.6395 dev=26.104 min=1 max=73
Move Index     -
Move Percent   -
Delta Increase 4.64286 dev=12.6 min=1 max=69
Winner         empty
PV             e10 b10 c9 b9

HashTableStatistics:
Stores         1046
LookupAttempt  82595
LookupSuccess  4933
Collisions     0

37fe6 info: Search aborted.
<= 
<
>genmove w
<= b11
<
>play b d10
f3637 info: PlayAndSolve: Building VCs to avoid race condition.
f3637 info: PlayAndSolve: Continuing on as usual.
37fe6 info: *** PlayerThread ***
3fff6 info: *** SolverThread ***
37fe6 info: Winning SC.
37fe6 info: *** Player move: b11
3fff6 info: 
MID calls      0
VC builds      1
Terminal       1
Work           1
Wasted Work    0 (0%)
Elapsed Time   0.007705
MIDs/sec       0
VCs/sec        129.786
Cnt prune sib  0
Avg prune sib  -
Consider Size  -
Move Index     -
Move Percent   -
Delta Increase -
Winner         white
PV             

HashTableStatistics:
Stores         1047
LookupAttempt  82601
LookupSuccess  4936
Collisions     0

<= 
<
>genmove w
<= d11
<
>play b e10
f3637 info: PlayAndSolve: Building VCs to avoid race condition.
f3637 info: PlayAndSolve: Continuing on as usual.
37fe6 info: *** SolverThread ***
3fff6 info: *** PlayerThread ***
3fff6 info: Winning SC.
3fff6 info: *** Player move: d11
37fe6 info: 
MID calls      0
VC builds      1
Terminal       1
Work           1
Wasted Work    0 (0%)
Elapsed Time   0.0106
MIDs/sec       0
VCs/sec        94.3396
Cnt prune sib  0
Avg prune sib  -
Consider Size  -
Move Index     -
Move Percent   -
Delta Increase -
Winner         white
PV             

HashTableStatistics:
Stores         1048
LookupAttempt  82607
LookupSuccess  4939
Collisions     0

<= 
<
>genmove w
<= e11
<
>play b f10
f3637 info: PlayAndSolve: Building VCs to avoid race condition.
f3637 info: PlayAndSolve: Continuing on as usual.
37fe6 info: *** PlayerThread ***
3fff6 info: *** SolverThread ***
37fe6 info: Winning SC.
37fe6 info: *** Player move: e11
3fff6 info: 
MID calls      0
VC builds      1
Terminal       1
Work           1
Wasted Work    0 (0%)
Elapsed Time   0.009031
MIDs/sec       0
VCs/sec        110.73
Cnt prune sib  0
Avg prune sib  -
Consider Size  -
Move Index     -
Move Percent   -
Delta Increase -
Winner         white
PV             

HashTableStatistics:
Stores         1049
LookupAttempt  82613
LookupSuccess  4942
Collisions     0

<= 
<
>genmove w
<= f11
<
>play b g10
f3637 info: PlayAndSolve: Building VCs to avoid race condition.
f3637 info: PlayAndSolve: Continuing on as usual.
3fff6 info: *** PlayerThread ***
37fe6 info: *** SolverThread ***
3fff6 info: Winning SC.
3fff6 info: *** Player move: f11
37fe6 info: 
MID calls      0
VC builds      1
Terminal       1
Work           1
Wasted Work    0 (0%)
Elapsed Time   0.007065
MIDs/sec       0
VCs/sec        141.543
Cnt prune sib  0
Avg prune sib  -
Consider Size  -
Move Index     -
Move Percent   -
Delta Increase -
Winner         white
PV             

HashTableStatistics:
Stores         1050
LookupAttempt  82619
LookupSuccess  4945
Collisions     0

<= 
<
>genmove w
<= g11
<
>play b h10
f3637 info: PlayAndSolve: Building VCs to avoid race condition.
f3637 info: PlayAndSolve: Continuing on as usual.
3fff6 info: *** SolverThread ***
37fe6 info: *** PlayerThread ***
37fe6 info: Winning SC.
37fe6 info: *** Player move: g11
3fff6 info: 
MID calls      0
VC builds      1
Terminal       1
Work           1
Wasted Work    0 (0%)
Elapsed Time   0.007668
MIDs/sec       0
VCs/sec        130.412
Cnt prune sib  0
Avg prune sib  -
Consider Size  -
Move Index     -
Move Percent   -
Delta Increase -
Winner         white
PV             

HashTableStatistics:
Stores         1051
LookupAttempt  82625
LookupSuccess  4948
Collisions     0

<= 
<
>genmove w
<= h11
<
>play b a11
f3637 info: PlayAndSolve: Building VCs to avoid race condition.
f3637 info: PlayAndSolve: Continuing on as usual.
37fe6 info: *** SolverThread ***
3fff6 info: *** PlayerThread ***
3fff6 info: Winning SC.
3fff6 info: *** Player move: h11
37fe6 info: 
MID calls      0
VC builds      1
Terminal       1
Work           1
Wasted Work    0 (0%)
Elapsed Time   0.006251
MIDs/sec       0
VCs/sec        159.974
Cnt prune sib  0
Avg prune sib  -
Consider Size  -
Move Index     -
Move Percent   -
Delta Increase -
Winner         white
PV             

HashTableStatistics:
Stores         1052
LookupAttempt  82631
LookupSuccess  4951
Collisions     0

<= 
<
>genmove w
<= b10
<
>play b i10
f3637 info: PlayAndSolve: Building VCs to avoid race condition.
f3637 info: PlayAndSolve: Continuing on as usual.
37fe6 info: *** PlayerThread ***
3fff6 info: *** SolverThread ***
37fe6 info: Winning SC.
37fe6 info: *** Player move: b10
3fff6 info: 
MID calls      0
VC builds      1
Terminal       1
Work           1
Wasted Work    0 (0%)
Elapsed Time   0.00598
MIDs/sec       0
VCs/sec        167.224
Cnt prune sib  0
Avg prune sib  -
Consider Size  -
Move Index     -
Move Percent   -
Delta Increase -
Winner         white
PV             

HashTableStatistics:
Stores         1053
LookupAttempt  82637
LookupSuccess  4954
Collisions     0

<= 
<
>genmove w
<= i11
<
>play b a10
f3637 info: PlayAndSolve: Building VCs to avoid race condition.
f3637 info: PlayAndSolve: Continuing on as usual.
3fff6 info: *** PlayerThread ***
37fe6 info: *** SolverThread ***
3fff6 info: Winning SC.
3fff6 info: *** Player move: i11
37fe6 info: 
MID calls      0
VC builds      1
Terminal       1
Work           1
Wasted Work    0 (0%)
Elapsed Time   0.004844
MIDs/sec       0
VCs/sec        206.441
Cnt prune sib  0
Avg prune sib  -
Consider Size  -
Move Index     -
Move Percent   -
Delta Increase -
Winner         white
PV             

HashTableStatistics:
Stores         1054
LookupAttempt  82643
LookupSuccess  4957
Collisions     0

<= 
<
>genmove w
<= b9
<
>play b b3
f3637 info: PlayAndSolve: Building VCs to avoid race condition.
f3637 info: PlayAndSolve: Continuing on as usual.
37fe6 info: *** PlayerThread ***
3fff6 info: *** SolverThread ***
37fe6 info: Winning SC.
37fe6 info: *** Player move: b9
3fff6 info: 
MID calls      0
VC builds      1
Terminal       1
Work           1
Wasted Work    0 (0%)
Elapsed Time   0.005322
MIDs/sec       0
VCs/sec        187.899
Cnt prune sib  0
Avg prune sib  -
Consider Size  -
Move Index     -
Move Percent   -
Delta Increase -
Winner         white
PV             

HashTableStatistics:
Stores         1055
LookupAttempt  82649
LookupSuccess  4960
Collisions     0

<= 
<
>genmove w
<= a9
<
>play b j10
f3637 info: PlayAndSolve: Building VCs to avoid race condition.
f3637 info: PlayAndSolve: Continuing on as usual.
37fe6 info: *** SolverThread ***
3fff6 info: *** PlayerThread ***
3fff6 info: Winning SC.
3fff6 info: *** Player move: a9
37fe6 info: 
MID calls      0
VC builds      1
Terminal       1
Work           1
Wasted Work    0 (0%)
Elapsed Time   0.005023
MIDs/sec       0
VCs/sec        199.084
Cnt prune sib  0
Avg prune sib  -
Consider Size  -
Move Index     -
Move Percent   -
Delta Increase -
Winner         white
PV             

HashTableStatistics:
Stores         1056
LookupAttempt  82655
LookupSuccess  4963
Collisions     0

<= 
<
>genmove w
<= j11
<
>play b k10
f3637 info: PlayAndSolve: Building VCs to avoid race condition.
f3637 info: PlayAndSolve: Continuing on as usual.
37fe6 info: *** PlayerThread ***
3fff6 info: *** SolverThread ***
37fe6 info: Winning SC.
37fe6 info: *** Player move: j11
3fff6 info: 
MID calls      0
VC builds      1
Terminal       1
Work           1
Wasted Work    0 (0%)
Elapsed Time   0.004713
MIDs/sec       0
VCs/sec        212.179
Cnt prune sib  0
Avg prune sib  -
Consider Size  -
Move Index     -
Move Percent   -
Delta Increase -
Winner         white
PV             

HashTableStatistics:
Stores         1057
LookupAttempt  82661
LookupSuccess  4966
Collisions     0

<= 
<
>genmove w
<= k11
<
>play b resign
f3637 info: PlayAndSolve: Building VCs to avoid race condition.
f3637 info: PlayAndSolve: Continuing on as usual.
37fe6 info: *** SolverThread ***
3fff6 info: *** PlayerThread ***
3fff6 info: Winning SC.
3fff6 info: *** Player move: k11
37fe6 info: 
MID calls      0
VC builds      1
Terminal       1
Work           1
Wasted Work    0 (0%)
Elapsed Time   0.004651
MIDs/sec       0
VCs/sec        215.008
Cnt prune sib  0
Avg prune sib  -
Consider Size  -
Move Index     -
Move Percent   -
Delta Increase -
Winner         white
PV             

HashTableStatistics:
Stores         1058
LookupAttempt  82667
LookupSuccess  4969
Collisions     0

<= 
<
>final_score
<= W+
<
>quit
<= 
<
