# nice ../build/src/mohex/mohex --config mohex-cg2010.htp --seed 73119 --logfile-name jobs/11x11-mohex-mohex-weak-vs-mohex-mohex-cg2010/mohex-mohex-cg2010-2.log
>boardsize 11 11
MoHex 2.0.CMake Mar 21 2025
Copyright (C) 2007-2012 by the authors of the Benzene project.
This program comes with ABSOLUTELY NO WARRANTY. This is
free software and you are welcome to redistribute it under
certain conditions. Type `benzene-license' for details.

SgRandom::SetSeed: 73119
SgUctSearch: system memory 33632358400, using 1000000000 (5681818 nodes)
SgRandom::SetSeed: 1
SgRandom::SetSeed: 73119
fbca7 info: Prior Patterns:
fbca7 info: Global:
fbca7 info: Size            = 565 32648 
fbca7 info: TableEntries    = 65932 65910
fbca7 info: MirrorsAdded    = 0 0
fbca7 info: PrunableCount   = 30593 30629
fbca7 info: LargestGamma    = 5820.77
fbca7 info: SmallestGamma   = 6.6e-05
fbca7 info: Local:
fbca7 info: Size            = 550 5318 
fbca7 info: TableEntries    = 11602 11588
fbca7 info: MirrorsAdded    = 0 0
fbca7 info: PrunableCount   = 3659 3667
fbca7 info: LargestGamma    = 11281.8
fbca7 info: SmallestGamma   = 0.026235
fbca7 info: Playout Patterns:
fbca7 info: Global:
fbca7 info: Size            = 565 32648 
fbca7 info: TableEntries    = 70329 70329
fbca7 info: MirrorsAdded    = 4397 4419
fbca7 info: PrunableCount   = 30593 30629
fbca7 info: LargestGamma    = 5820.77
fbca7 info: SmallestGamma   = 6.6e-05
fbca7 info: Local:
fbca7 info: Size            = 550 5318 
fbca7 info: TableEntries    = 11602 11588
fbca7 info: MirrorsAdded    = 0 0
fbca7 info: PrunableCount   = 3659 3667
fbca7 info: LargestGamma    = 11281.8
fbca7 info: SmallestGamma   = 0.026235
param_game allow_swap 1
= 

param_mohex max_memory 32000000000
= 

param_mohex num_threads 1
= 

param_mohex max_time 1
= 

param_mohex max_games 1
= 

param_mohex knowledge_threshold 400
= 

param_mohex reuse_subtree 1
= 

param_mohex use_parallel_solver 1
= 

<= 
<
>name
<= MoHex
<
>version
<= 2.0.CMake
<
>play b a2
<= 
<
>genmove w
<= swap-pieces
<
>showboard
fbca7 info: SwapCheck: reading from '/home/linus/MoHex2.0/nfbranchfix/benzene-vanilla-cmake/share/swap-moves.txt'.
fbca7 info: SwapCheck: playing swap.
<= 
< 
<  77c9a12a222a7b19
<  a  b  c  d  e  f  g  h  i  j  k  
< 1\.  .  .  .  .  .  .  .  .  .  .\1
<  2\B  .  .  .  .  .  .  .  .  .  .\2
<   3\.  .  .  .  .  .  .  .  .  .  .\3
<    4\.  .  .  .  .  .  .  .  .  .  .\4
<     5\.  .  .  .  .  .  .  .  .  .  .\5
<      6\.  .  .  .  .  .  .  .  .  .  .\6
<       7\.  .  .  .  .  .  .  .  .  .  .\7
<        8\.  .  .  .  .  .  .  .  .  .  .\8
<         9\.  .  .  .  .  .  .  .  .  .  .\9
<         10\.  .  .  .  .  .  .  .  .  .  .\10
<          11\.  .  .  .  .  .  .  .  .  .  .\11
<              a  b  c  d  e  f  g  h  i  j  k  
<
>play w f9
<= 
<
>showboard
<= 
< 
<  7ff445549ffc01e7
<  a  b  c  d  e  f  g  h  i  j  k  
< 1\.  .  .  .  .  .  .  .  .  .  .\1
<  2\B  .  .  .  .  .  .  .  .  .  .\2
<   3\.  .  .  .  .  .  .  .  .  .  .\3
<    4\.  .  .  .  .  .  .  .  .  .  .\4
<     5\.  .  .  .  .  .  .  .  .  .  .\5
<      6\.  .  .  .  .  .  .  .  .  .  .\6
<       7\.  .  .  .  .  .  .  .  .  .  .\7
<        8\.  .  .  .  .  .  .  .  .  .  .\8
<         9\.  .  .  .  .  W  .  .  .  .  .\9
<         10\.  .  .  .  .  .  .  .  .  .  .\10
<          11\.  .  .  .  .  .  .  .  .  .  .\11
<              a  b  c  d  e  f  g  h  i  j  k  
<
>genmove b
<= e2
<
>showboard
fbca7 info: PlayAndSolve: Building VCs to avoid race condition.
fbca7 info: PlayAndSolve: Continuing on as usual.
88f46 info: *** PlayerThread ***
3fff6 info: *** SolverThread ***
88f46 info: Best move cannot be determined, must search state.
88f46 info: --- MoHexPlayer::Search() ---
88f46 info: Color: black
88f46 info: MaxGames: 1
88f46 info: NumberThreads: 1
88f46 info: MaxNodes: 181818181 (15999999928 bytes)
88f46 info: TimeForMove: 1
88f46 info: PreSearch: max time reached (58/90).
88f46 info: Time for PreSearch: 0.202917s
88f46 info: 
  7ff445549ffc01e7
  a  b  c  d  e  f  g  h  i  j  k  
 1\b  b  b  .  .  .  .  .  .  .  .\1
  2\B  .  *  *  *  *  *  *  *  *  *\2
   3\.  *  *  *  *  *  *  *  *  *  *\3
    4\*  *  *  *  *  *  *  *  *  *  *\4
     5\*  *  *  *  *  *  *  *  *  *  *\5
      6\*  *  *  *  *  *  *  *  *  *  *\6
       7\*  *  *  *  *  *  *  *  *  *  *\7
        8\*  *  *  *  *  *  *  *  *  *  *\8
         9\*  *  *  *  *  W  *  *  *  *  .\9
         10\*  *  *  *  .  .  *  *  *  .  .\10
          11\.  .  .  .  .  .  .  .  .  .  .\11
              a  b  c  d  e  f  g  h  i  j  k  
88f46 info: No subtree to reuse.
88f46 info: Creating thread 0
88f46 info: StartSearch()[0]
SgUctSearch: max games reached
88f46 info: 
Elapsed Time   0.508422s
Count          1
GamesPlayed    1
Nodes          1
Knowledge      0 (0.0%)
Expansions     0.0
Time           0.00
GameLen        116.0 dev=0.0 min=116.0 max=116.0
InTree         0.0 dev=0.0 min=0.0 max=0.0
KnowDepth      -
Aborted        0%
Games/s        422.8
Score          1.00
Sequence      
88f46 info: 
88f46 warning: **** MoHexSearch returned empty sequence!
88f46 warning: **** Returning random move!
88f46 info: *** Player move: e2
37fe6 info: DfpnSolver::CheckAbort(): Abort flag!
3fff6 info: 
MID calls      76
VC builds      73
Terminal       0
Work           76
Wasted Work    0 (0%)
Elapsed Time   0.521978
MIDs/sec       145.6
VCs/sec        139.853
Cnt prune sib  0
Avg prune sib  -
Consider Size  84.0685 dev=5.5129 min=73 max=90
Move Index     -
Move Percent   -
Delta Increase 3.2 dev=12.6407 min=1 max=81
Winner         empty
PV             c10 d7 e8

HashTableStatistics:
Stores         177
LookupAttempt  15277
LookupSuccess  806
Collisions     0

3fff6 info: Search aborted.
<= 
< 
<  1b6da5926d0a68af
<  a  b  c  d  e  f  g  h  i  j  k  
< 1\.  .  .  .  .  .  .  .  .  .  .\1
<  2\B  .  .  .  B  .  .  .  .  .  .\2
<   3\.  .  .  .  .  .  .  .  .  .  .\3
<    4\.  .  .  .  .  .  .  .  .  .  .\4
<     5\.  .  .  .  .  .  .  .  .  .  .\5
<      6\.  .  .  .  .  .  .  .  .  .  .\6
<       7\.  .  .  .  .  .  .  .  .  .  .\7
<        8\.  .  .  .  .  .  .  .  .  .  .\8
<         9\.  .  .  .  .  W  .  .  .  .  .\9
<         10\.  .  .  .  .  .  .  .  .  .  .\10
<          11\.  .  .  .  .  .  .  .  .  .  .\11
<              a  b  c  d  e  f  g  h  i  j  k  
<
>play w e5
<= 
<
>showboard
<= 
< 
<  859b19d5c53595e6
<  a  b  c  d  e  f  g  h  i  j  k  
< 1\.  .  .  .  .  .  .  .  .  .  .\1
<  2\B  .  .  .  B  .  .  .  .  .  .\2
<   3\.  .  .  .  .  .  .  .  .  .  .\3
<    4\.  .  .  .  .  .  .  .  .  .  .\4
<     5\.  .  .  .  W  .  .  .  .  .  .\5
<      6\.  .  .  .  .  .  .  .  .  .  .\6
<       7\.  .  .  .  .  .  .  .  .  .  .\7
<        8\.  .  .  .  .  .  .  .  .  .  .\8
<         9\.  .  .  .  .  W  .  .  .  .  .\9
<         10\.  .  .  .  .  .  .  .  .  .  .\10
<          11\.  .  .  .  .  .  .  .  .  .  .\11
<              a  b  c  d  e  f  g  h  i  j  k  
<
>genmove b
<= k4
<
>showboard
fbca7 info: PlayAndSolve: Building VCs to avoid race condition.
fbca7 info: PlayAndSolve: Continuing on as usual.
3fff6 info: *** PlayerThread ***
88f46 info: *** SolverThread ***
3fff6 info: Best move cannot be determined, must search state.
3fff6 info: --- MoHexPlayer::Search() ---
3fff6 info: Color: black
3fff6 info: MaxGames: 1
3fff6 info: NumberThreads: 1
3fff6 info: MaxNodes: 181818181 (15999999928 bytes)
3fff6 info: TimeForMove: 1
3fff6 info: PreSearch: max time reached (68/80).
3fff6 info: Time for PreSearch: 0.201818s
3fff6 info: 
  859b19d5c53595e6
  a  b  c  d  e  f  g  h  i  j  k  
 1\b  b  b  b  b  b  b  .  .  .  .\1
  2\B  b  b  b  B  .  .  *  *  *  *\2
   3\.  .  .  .  *  *  *  *  *  *  *\3
    4\.  .  *  *  *  *  *  *  *  *  *\4
     5\*  *  *  *  W  *  *  *  *  *  *\5
      6\*  *  *  *  *  *  *  *  *  *  *\6
       7\*  *  *  *  *  *  *  *  *  *  *\7
        8\*  *  *  *  *  *  *  *  *  *  *\8
         9\*  *  *  *  *  W  *  *  *  *  .\9
         10\*  *  *  *  .  .  *  *  *  .  .\10
          11\.  .  .  .  .  .  .  .  .  .  .\11
              a  b  c  d  e  f  g  h  i  j  k  
3fff6 info: Old: [black, a2] [white, swap-pieces] [white, f9] 
3fff6 info: New: [black, a2] [white, swap-pieces] [white, f9] [black, e2] [white, e5] 
3fff6 info: MovesPlayed: [black, e2] [white, e5] 
3fff6 info: No subtree to reuse.
3fff6 info: StartSearch()[0]
SgUctSearch: max games reached
3fff6 info: 
Elapsed Time   0.34898s
Count          1
GamesPlayed    1
Nodes          1
Knowledge      0 (0.0%)
Expansions     0.0
Time           0.00
GameLen        107.0 dev=0.0 min=107.0 max=107.0
InTree         0.0 dev=0.0 min=0.0 max=0.0
KnowDepth      -
Aborted        0%
Games/s        3311.3
Score          0.00
Sequence      
3fff6 info: 
3fff6 warning: **** MoHexSearch returned empty sequence!
3fff6 warning: **** Returning random move!
3fff6 info: *** Player move: k4
37fe6 info: DfpnSolver::CheckAbort(): Abort flag!
88f46 info: 
MID calls      56
VC builds      54
Terminal       0
Work           56
Wasted Work    0 (0%)
Elapsed Time   0.364097
MIDs/sec       153.805
VCs/sec        148.312
Cnt prune sib  0
Avg prune sib  -
Consider Size  74.037 dev=5.90972 min=62 max=80
Move Index     -
Move Percent   -
Delta Increase 3.63636 dev=12.8181 min=1 max=70
Winner         empty
PV             d10 b8 e7 f5

HashTableStatistics:
Stores         309
LookupAttempt  26133
LookupSuccess  1394
Collisions     0

88f46 info: Search aborted.
<= 
< 
<  0cf2bfd66719f22c
<  a  b  c  d  e  f  g  h  i  j  k  
< 1\.  .  .  .  .  .  .  .  .  .  .\1
<  2\B  .  .  .  B  .  .  .  .  .  .\2
<   3\.  .  .  .  .  .  .  .  .  .  .\3
<    4\.  .  .  .  .  .  .  .  .  .  B\4
<     5\.  .  .  .  W  .  .  .  .  .  .\5
<      6\.  .  .  .  .  .  .  .  .  .  .\6
<       7\.  .  .  .  .  .  .  .  .  .  .\7
<        8\.  .  .  .  .  .  .  .  .  .  .\8
<         9\.  .  .  .  .  W  .  .  .  .  .\9
<         10\.  .  .  .  .  .  .  .  .  .  .\10
<          11\.  .  .  .  .  .  .  .  .  .  .\11
<              a  b  c  d  e  f  g  h  i  j  k  
<
>play w j1
<= 
<
>showboard
<= 
< 
<  00107c81dac88266
<  a  b  c  d  e  f  g  h  i  j  k  
< 1\.  .  .  .  .  .  .  .  .  W  .\1
<  2\B  .  .  .  B  .  .  .  .  .  .\2
<   3\.  .  .  .  .  .  .  .  .  .  .\3
<    4\.  .  .  .  .  .  .  .  .  .  B\4
<     5\.  .  .  .  W  .  .  .  .  .  .\5
<      6\.  .  .  .  .  .  .  .  .  .  .\6
<       7\.  .  .  .  .  .  .  .  .  .  .\7
<        8\.  .  .  .  .  .  .  .  .  .  .\8
<         9\.  .  .  .  .  W  .  .  .  .  .\9
<         10\.  .  .  .  .  .  .  .  .  .  .\10
<          11\.  .  .  .  .  .  .  .  .  .  .\11
<              a  b  c  d  e  f  g  h  i  j  k  
<
>genmove b
<= j4
<
>showboard
fbca7 info: PlayAndSolve: Building VCs to avoid race condition.
fbca7 info: PlayAndSolve: Continuing on as usual.
88f46 info: *** PlayerThread ***
3fff6 info: *** SolverThread ***
88f46 info: Best move cannot be determined, must search state.
88f46 info: --- MoHexPlayer::Search() ---
88f46 info: Color: black
88f46 info: MaxGames: 1
88f46 info: NumberThreads: 1
88f46 info: MaxNodes: 181818181 (15999999928 bytes)
88f46 info: TimeForMove: 1
88f46 info: PreSearch: max time reached (73/80).
88f46 info: Time for PreSearch: 0.201903s
88f46 info: 
  00107c81dac88266
  a  b  c  d  e  f  g  h  i  j  k  
 1\b  b  b  b  b  b  b  .  .  W  *\1
  2\B  b  b  b  B  .  .  *  *  *  *\2
   3\.  .  .  .  *  *  *  *  *  *  *\3
    4\.  .  *  *  *  *  *  *  *  *  B\4
     5\*  *  *  *  W  *  *  *  *  *  *\5
      6\*  *  *  *  *  *  *  *  *  *  *\6
       7\*  *  *  *  *  *  *  *  *  *  *\7
        8\*  *  *  *  *  *  *  *  *  *  *\8
         9\*  *  *  *  *  W  *  *  *  *  .\9
         10\*  *  *  *  .  .  *  *  *  .  .\10
          11\.  .  .  .  .  .  .  .  .  .  .\11
              a  b  c  d  e  f  g  h  i  j  k  
88f46 info: Old: [black, a2] [white, swap-pieces] [white, f9] [black, e2] [white, e5] 
88f46 info: New: [black, a2] [white, swap-pieces] [white, f9] [black, e2] [white, e5] [black, k4] [white, j1] 
88f46 info: MovesPlayed: [black, k4] [white, j1] 
88f46 info: No subtree to reuse.
88f46 info: StartSearch()[0]
SgUctSearch: max games reached
88f46 info: 
Elapsed Time   0.349674s
Count          1
GamesPlayed    1
Nodes          1
Knowledge      0 (0.0%)
Expansions     0.0
Time           0.00
GameLen        105.0 dev=0.0 min=105.0 max=105.0
InTree         0.0 dev=0.0 min=0.0 max=0.0
KnowDepth      -
Aborted        0%
Games/s        3623.2
Score          0.00
Sequence      
88f46 info: 
88f46 warning: **** MoHexSearch returned empty sequence!
88f46 warning: **** Returning random move!
88f46 info: *** Player move: j4
37fe6 info: DfpnSolver::CheckAbort(): Abort flag!
3fff6 info: 
MID calls      73
VC builds      70
Terminal       0
Work           73
Wasted Work    0 (0%)
Elapsed Time   0.362736
MIDs/sec       201.248
VCs/sec        192.978
Cnt prune sib  2
Avg prune sib  1 dev=0 min=1 max=1
Consider Size  71.9857 dev=6.21404 min=61 max=80
Move Index     -
Move Percent   -
Delta Increase 3.04167 dev=11.0132 min=1 max=68
Winner         empty
PV             b10 d8 b9

HashTableStatistics:
Stores         477
LookupAttempt  38364
LookupSuccess  2044
Collisions     0

3fff6 info: Search aborted.
<= 
< 
<  8e5f05738fceee80
<  a  b  c  d  e  f  g  h  i  j  k  
< 1\.  .  .  .  .  .  .  .  .  W  .\1
<  2\B  .  .  .  B  .  .  .  .  .  .\2
<   3\.  .  .  .  .  .  .  .  .  .  .\3
<    4\.  .  .  .  .  .  .  .  .  B  B\4
<     5\.  .  .  .  W  .  .  .  .  .  .\5
<      6\.  .  .  .  .  .  .  .  .  .  .\6
<       7\.  .  .  .  .  .  .  .  .  .  .\7
<        8\.  .  .  .  .  .  .  .  .  .  .\8
<         9\.  .  .  .  .  W  .  .  .  .  .\9
<         10\.  .  .  .  .  .  .  .  .  .  .\10
<          11\.  .  .  .  .  .  .  .  .  .  .\11
<              a  b  c  d  e  f  g  h  i  j  k  
<
>play w h7
<= 
<
>showboard
<= 
< 
<  8f92d509cdb9d548
<  a  b  c  d  e  f  g  h  i  j  k  
< 1\.  .  .  .  .  .  .  .  .  W  .\1
<  2\B  .  .  .  B  .  .  .  .  .  .\2
<   3\.  .  .  .  .  .  .  .  .  .  .\3
<    4\.  .  .  .  .  .  .  .  .  B  B\4
<     5\.  .  .  .  W  .  .  .  .  .  .\5
<      6\.  .  .  .  .  .  .  .  .  .  .\6
<       7\.  .  .  .  .  .  .  W  .  .  .\7
<        8\.  .  .  .  .  .  .  .  .  .  .\8
<         9\.  .  .  .  .  W  .  .  .  .  .\9
<         10\.  .  .  .  .  .  .  .  .  .  .\10
<          11\.  .  .  .  .  .  .  .  .  .  .\11
<              a  b  c  d  e  f  g  h  i  j  k  
<
>genmove b
<= h3
<
>showboard
fbca7 info: PlayAndSolve: Building VCs to avoid race condition.
fbca7 info: PlayAndSolve: Continuing on as usual.
3fff6 info: *** PlayerThread ***
88f46 info: *** SolverThread ***
3fff6 info: Best move cannot be determined, must search state.
3fff6 info: --- MoHexPlayer::Search() ---
3fff6 info: Color: black
3fff6 info: MaxGames: 1
3fff6 info: NumberThreads: 1
3fff6 info: MaxNodes: 181818181 (15999999928 bytes)
3fff6 info: TimeForMove: 1
3fff6 info: PreSearch: max time reached (72/75).
3fff6 info: Time for PreSearch: 0.200746s
3fff6 info: 
  8f92d509cdb9d548
  a  b  c  d  e  f  g  h  i  j  k  
 1\b  b  b  b  b  b  b  .  .  W  *\1
  2\B  b  b  b  B  .  .  *  *  *  *\2
   3\.  .  .  .  *  *  *  *  *  *  .\3
    4\.  .  *  *  *  *  *  *  *  B  B\4
     5\*  *  *  *  W  *  *  *  *  .  .\5
      6\*  *  *  *  *  *  *  *  *  *  *\6
       7\*  *  *  *  *  *  *  W  *  *  *\7
        8\*  *  *  *  *  *  *  *  *  *  *\8
         9\*  *  *  *  *  W  *  *  *  *  .\9
         10\*  *  *  *  .  .  *  *  *  .  .\10
          11\.  .  .  .  .  .  .  .  .  .  .\11
              a  b  c  d  e  f  g  h  i  j  k  
3fff6 info: Old: [black, a2] [white, swap-pieces] [white, f9] [black, e2] [white, e5] [black, k4] [white, j1] 
3fff6 info: New: [black, a2] [white, swap-pieces] [white, f9] [black, e2] [white, e5] [black, k4] [white, j1] [black, j4] [white, h7] 
3fff6 info: MovesPlayed: [black, j4] [white, h7] 
3fff6 info: No subtree to reuse.
3fff6 info: StartSearch()[0]
SgUctSearch: max games reached
3fff6 info: 
Elapsed Time   0.357638s
Count          1
GamesPlayed    1
Nodes          1
Knowledge      0 (0.0%)
Expansions     0.0
Time           0.00
GameLen        103.0 dev=0.0 min=103.0 max=103.0
InTree         0.0 dev=0.0 min=0.0 max=0.0
KnowDepth      -
Aborted        0%
Games/s        2762.4
Score          0.00
Sequence      
3fff6 info: 
3fff6 warning: **** MoHexSearch returned empty sequence!
3fff6 warning: **** Returning random move!
3fff6 info: *** Player move: h3
37fe6 info: DfpnSolver::CheckAbort(): Abort flag!
88f46 info: 
MID calls      63
VC builds      60
Terminal       0
Work           63
Wasted Work    0 (0%)
Elapsed Time   0.37118
MIDs/sec       169.729
VCs/sec        161.647
Cnt prune sib  1
Avg prune sib  1 dev=0 min=1 max=1
Consider Size  68.4667 dev=6.0565 min=58 max=75
Move Index     -
Move Percent   -
Delta Increase 3.25806 dev=11.222 min=1 max=66
Winner         empty
PV             b10 d5 g4

HashTableStatistics:
Stores         624
LookupAttempt  48968
LookupSuccess  2637
Collisions     0

88f46 info: Search aborted.
<= 
< 
<  61abfe08788b661b
<  a  b  c  d  e  f  g  h  i  j  k  
< 1\.  .  .  .  .  .  .  .  .  W  .\1
<  2\B  .  .  .  B  .  .  .  .  .  .\2
<   3\.  .  .  .  .  .  .  B  .  .  .\3
<    4\.  .  .  .  .  .  .  .  .  B  B\4
<     5\.  .  .  .  W  .  .  .  .  .  .\5
<      6\.  .  .  .  .  .  .  .  .  .  .\6
<       7\.  .  .  .  .  .  .  W  .  .  .\7
<        8\.  .  .  .  .  .  .  .  .  .  .\8
<         9\.  .  .  .  .  W  .  .  .  .  .\9
<         10\.  .  .  .  .  .  .  .  .  .  .\10
<          11\.  .  .  .  .  .  .  .  .  .  .\11
<              a  b  c  d  e  f  g  h  i  j  k  
<
>play w f11
<= 
<
>showboard
<= 
< 
<  4b05b7ed731b76e5
<  a  b  c  d  e  f  g  h  i  j  k  
< 1\.  .  .  .  .  .  .  .  .  W  .\1
<  2\B  .  .  .  B  .  .  .  .  .  .\2
<   3\.  .  .  .  .  .  .  B  .  .  .\3
<    4\.  .  .  .  .  .  .  .  .  B  B\4
<     5\.  .  .  .  W  .  .  .  .  .  .\5
<      6\.  .  .  .  .  .  .  .  .  .  .\6
<       7\.  .  .  .  .  .  .  W  .  .  .\7
<        8\.  .  .  .  .  .  .  .  .  .  .\8
<         9\.  .  .  .  .  W  .  .  .  .  .\9
<         10\.  .  .  .  .  .  .  .  .  .  .\10
<          11\.  .  .  .  .  W  .  .  .  .  .\11
<              a  b  c  d  e  f  g  h  i  j  k  
<
>genmove b
<= f6
<
>showboard
fbca7 info: PlayAndSolve: Building VCs to avoid race condition.
fbca7 info: PlayAndSolve: Continuing on as usual.
88f46 info: *** PlayerThread ***
3fff6 info: *** SolverThread ***
88f46 info: Best move cannot be determined, must search state.
88f46 info: --- MoHexPlayer::Search() ---
88f46 info: Color: black
88f46 info: MaxGames: 1
88f46 info: NumberThreads: 1
88f46 info: MaxNodes: 181818181 (15999999928 bytes)
88f46 info: TimeForMove: 1
88f46 info: PreSearch: max time reached (69/73).
88f46 info: Time for PreSearch: 0.200272s
88f46 info: 
  4b05b7ed731b76e5
  a  b  c  d  e  f  g  h  i  j  k  
 1\b  b  b  b  b  b  b  .  .  W  *\1
  2\B  b  b  b  B  .  .  .  *  *  *\2
   3\.  .  .  .  *  *  *  B  *  *  .\3
    4\.  .  *  *  *  *  *  *  *  B  B\4
     5\*  *  *  *  W  *  *  *  *  .  .\5
      6\*  *  *  *  *  *  *  *  *  *  *\6
       7\*  *  *  *  *  *  *  W  *  *  *\7
        8\*  *  *  *  *  *  *  *  *  *  *\8
         9\*  *  *  *  *  W  *  *  *  *  .\9
         10\*  *  *  *  .  *  *  *  *  .  .\10
          11\.  .  .  .  .  W  .  .  .  .  .\11
              a  b  c  d  e  f  g  h  i  j  k  
88f46 info: Old: [black, a2] [white, swap-pieces] [white, f9] [black, e2] [white, e5] [black, k4] [white, j1] [black, j4] [white, h7] 
88f46 info: New: [black, a2] [white, swap-pieces] [white, f9] [black, e2] [white, e5] [black, k4] [white, j1] [black, j4] [white, h7] [black, h3] [white, f11] 
88f46 info: MovesPlayed: [black, h3] [white, f11] 
88f46 info: No subtree to reuse.
88f46 info: StartSearch()[0]
SgUctSearch: max games reached
88f46 info: 
Elapsed Time   0.352689s
Count          1
GamesPlayed    1
Nodes          1
Knowledge      0 (0.0%)
Expansions     0.0
Time           0.00
GameLen        101.0 dev=0.0 min=101.0 max=101.0
InTree         0.0 dev=0.0 min=0.0 max=0.0
KnowDepth      -
Aborted        0%
Games/s        3521.1
Score          0.00
Sequence      
88f46 info: 
88f46 warning: **** MoHexSearch returned empty sequence!
88f46 warning: **** Returning random move!
88f46 info: *** Player move: f6
37fe6 info: DfpnSolver::CheckAbort(): Abort flag!
3fff6 info: 
MID calls      50
VC builds      48
Terminal       0
Work           50
Wasted Work    0 (0%)
Elapsed Time   0.363487
MIDs/sec       137.557
VCs/sec        132.054
Cnt prune sib  0
Avg prune sib  -
Consider Size  67.2708 dev=4.31912 min=57 max=73
Move Index     -
Move Percent   -
Delta Increase 3.65306 dev=12.3595 min=1 max=65
Winner         empty
PV             c10 b8 f7 e8

HashTableStatistics:
Stores         743
LookupAttempt  58164
LookupSuccess  3174
Collisions     0

3fff6 info: Search aborted.
<= 
< 
<  c78b73c0bbdba2c3
<  a  b  c  d  e  f  g  h  i  j  k  
< 1\.  .  .  .  .  .  .  .  .  W  .\1
<  2\B  .  .  .  B  .  .  .  .  .  .\2
<   3\.  .  .  .  .  .  .  B  .  .  .\3
<    4\.  .  .  .  .  .  .  .  .  B  B\4
<     5\.  .  .  .  W  .  .  .  .  .  .\5
<      6\.  .  .  .  .  B  .  .  .  .  .\6
<       7\.  .  .  .  .  .  .  W  .  .  .\7
<        8\.  .  .  .  .  .  .  .  .  .  .\8
<         9\.  .  .  .  .  W  .  .  .  .  .\9
<         10\.  .  .  .  .  .  .  .  .  .  .\10
<          11\.  .  .  .  .  W  .  .  .  .  .\11
<              a  b  c  d  e  f  g  h  i  j  k  
<
>play w i6
<= 
<
>showboard
<= 
< 
<  a4470b3dac04dd0f
<  a  b  c  d  e  f  g  h  i  j  k  
< 1\.  .  .  .  .  .  .  .  .  W  .\1
<  2\B  .  .  .  B  .  .  .  .  .  .\2
<   3\.  .  .  .  .  .  .  B  .  .  .\3
<    4\.  .  .  .  .  .  .  .  .  B  B\4
<     5\.  .  .  .  W  .  .  .  .  .  .\5
<      6\.  .  .  .  .  B  .  .  W  .  .\6
<       7\.  .  .  .  .  .  .  W  .  .  .\7
<        8\.  .  .  .  .  .  .  .  .  .  .\8
<         9\.  .  .  .  .  W  .  .  .  .  .\9
<         10\.  .  .  .  .  .  .  .  .  .  .\10
<          11\.  .  .  .  .  W  .  .  .  .  .\11
<              a  b  c  d  e  f  g  h  i  j  k  
<
>genmove b
<= i4
<
>showboard
fbca7 info: PlayAndSolve: Building VCs to avoid race condition.
fbca7 info: PlayAndSolve: Continuing on as usual.
3fff6 info: *** PlayerThread ***
88f46 info: *** SolverThread ***
3fff6 info: Best move cannot be determined, must search state.
3fff6 info: --- MoHexPlayer::Search() ---
3fff6 info: Color: black
3fff6 info: MaxGames: 1
3fff6 info: NumberThreads: 1
3fff6 info: MaxNodes: 181818181 (15999999928 bytes)
3fff6 info: TimeForMove: 1
3fff6 info: PreSearch: max time reached (55/71).
3fff6 info: Time for PreSearch: 0.202708s
3fff6 info: 
  a4470b3dac04dd0f
  a  b  c  d  e  f  g  h  i  j  k  
 1\b  b  b  b  b  b  b  .  .  W  *\1
  2\B  b  b  b  B  .  .  .  *  *  *\2
   3\.  .  .  .  *  *  *  B  *  *  .\3
    4\.  .  *  *  *  *  *  *  *  B  B\4
     5\*  *  *  *  W  *  *  *  *  .  .\5
      6\*  *  *  *  *  B  *  *  W  *  *\6
       7\*  *  *  *  *  *  *  W  *  *  *\7
        8\*  *  *  *  *  *  *  *  *  *  *\8
         9\*  *  *  *  *  W  *  *  *  *  .\9
         10\*  *  *  *  .  *  *  *  *  .  .\10
          11\.  .  .  .  .  W  .  .  .  .  .\11
              a  b  c  d  e  f  g  h  i  j  k  
3fff6 info: Old: [black, a2] [white, swap-pieces] [white, f9] [black, e2] [white, e5] [black, k4] [white, j1] [black, j4] [white, h7] [black, h3] [white, f11] 
3fff6 info: New: [black, a2] [white, swap-pieces] [white, f9] [black, e2] [white, e5] [black, k4] [white, j1] [black, j4] [white, h7] [black, h3] [white, f11] [black, f6] [white, i6] 
3fff6 info: MovesPlayed: [black, f6] [white, i6] 
3fff6 info: No subtree to reuse.
3fff6 info: StartSearch()[0]
SgUctSearch: max games reached
3fff6 info: 
Elapsed Time   0.572422s
Count          1
GamesPlayed    1
Nodes          1
Knowledge      0 (0.0%)
Expansions     0.0
Time           0.00
GameLen        99.0 dev=0.0 min=99.0 max=99.0
InTree         0.0 dev=0.0 min=0.0 max=0.0
KnowDepth      -
Aborted        0%
Games/s        3802.3
Score          1.00
Sequence      
3fff6 info: 
3fff6 warning: **** MoHexSearch returned empty sequence!
3fff6 warning: **** Returning random move!
3fff6 info: *** Player move: i4
37fe6 info: DfpnSolver::CheckAbort(): Abort flag!
88f46 info: 
MID calls      77
VC builds      73
Terminal       0
Work           77
Wasted Work    0 (0%)
Elapsed Time   0.588149
MIDs/sec       130.919
VCs/sec        124.118
Cnt prune sib  2
Avg prune sib  2 dev=0 min=2 max=2
Consider Size  56.8082 dev=17.719 min=8 max=71
Move Index     -
Move Percent   -
Delta Increase 3.46053 dev=11.6104 min=1 max=62
Winner         empty
PV             d10 j6 g5 e8

HashTableStatistics:
Stores         916
LookupAttempt  68284
LookupSuccess  3737
Collisions     0

88f46 info: Search aborted.
<= 
< 
<  f2911ec6a9ff4992
<  a  b  c  d  e  f  g  h  i  j  k  
< 1\.  .  .  .  .  .  .  .  .  W  .\1
<  2\B  .  .  .  B  .  .  .  .  .  .\2
<   3\.  .  .  .  .  .  .  B  .  .  .\3
<    4\.  .  .  .  .  .  .  .  B  B  B\4
<     5\.  .  .  .  W  .  .  .  .  .  .\5
<      6\.  .  .  .  .  B  .  .  W  .  .\6
<       7\.  .  .  .  .  .  .  W  .  .  .\7
<        8\.  .  .  .  .  .  .  .  .  .  .\8
<         9\.  .  .  .  .  W  .  .  .  .  .\9
<         10\.  .  .  .  .  .  .  .  .  .  .\10
<          11\.  .  .  .  .  W  .  .  .  .  .\11
<              a  b  c  d  e  f  g  h  i  j  k  
<
>play w i8
<= 
<
>showboard
<= 
< 
<  253e5b3c4591caa8
<  a  b  c  d  e  f  g  h  i  j  k  
< 1\.  .  .  .  .  .  .  .  .  W  .\1
<  2\B  .  .  .  B  .  .  .  .  .  .\2
<   3\.  .  .  .  .  .  .  B  .  .  .\3
<    4\.  .  .  .  .  .  .  .  B  B  B\4
<     5\.  .  .  .  W  .  .  .  .  .  .\5
<      6\.  .  .  .  .  B  .  .  W  .  .\6
<       7\.  .  .  .  .  .  .  W  .  .  .\7
<        8\.  .  .  .  .  .  .  .  W  .  .\8
<         9\.  .  .  .  .  W  .  .  .  .  .\9
<         10\.  .  .  .  .  .  .  .  .  .  .\10
<          11\.  .  .  .  .  W  .  .  .  .  .\11
<              a  b  c  d  e  f  g  h  i  j  k  
<
>genmove b
<= c6
<
>showboard
fbca7 info: PlayAndSolve: Building VCs to avoid race condition.
fbca7 info: PlayAndSolve: Continuing on as usual.
88f46 info: *** PlayerThread ***
3fff6 info: *** SolverThread ***
88f46 info: Best move cannot be determined, must search state.
88f46 info: --- MoHexPlayer::Search() ---
88f46 info: Color: black
88f46 info: MaxGames: 1
88f46 info: NumberThreads: 1
88f46 info: MaxNodes: 181818181 (15999999928 bytes)
88f46 info: TimeForMove: 1
88f46 info: PreSearch: max time reached (46/66).
88f46 info: Time for PreSearch: 0.200251s
88f46 info: 
  253e5b3c4591caa8
  a  b  c  d  e  f  g  h  i  j  k  
 1\b  b  b  b  b  b  b  .  .  W  *\1
  2\B  b  b  b  B  .  .  .  *  *  *\2
   3\.  .  .  .  *  *  *  B  *  .  .\3
    4\.  .  *  *  *  *  *  *  B  B  B\4
     5\*  *  *  *  W  *  *  *  .  .  .\5
      6\*  *  *  *  *  B  *  *  W  *  *\6
       7\*  *  *  *  *  *  *  W  .  *  *\7
        8\*  *  *  *  *  *  *  *  W  *  *\8
         9\*  *  *  *  *  W  *  *  *  *  .\9
         10\*  *  *  *  .  *  *  *  *  .  .\10
          11\.  .  .  .  .  W  .  .  .  .  .\11
              a  b  c  d  e  f  g  h  i  j  k  
88f46 info: Old: [black, a2] [white, swap-pieces] [white, f9] [black, e2] [white, e5] [black, k4] [white, j1] [black, j4] [white, h7] [black, h3] [white, f11] [black, f6] [white, i6] 
88f46 info: New: [black, a2] [white, swap-pieces] [white, f9] [black, e2] [white, e5] [black, k4] [white, j1] [black, j4] [white, h7] [black, h3] [white, f11] [black, f6] [white, i6] [black, i4] [white, i8] 
88f46 info: MovesPlayed: [black, i4] [white, i8] 
88f46 info: No subtree to reuse.
88f46 info: StartSearch()[0]
SgUctSearch: max games reached
88f46 info: 
Elapsed Time   0.350562s
Count          1
GamesPlayed    1
Nodes          1
Knowledge      0 (0.0%)
Expansions     0.0
Time           0.00
GameLen        97.0 dev=0.0 min=97.0 max=97.0
InTree         0.0 dev=0.0 min=0.0 max=0.0
KnowDepth      -
Aborted        0%
Games/s        3831.4
Score          1.00
Sequence      
88f46 info: 
88f46 warning: **** MoHexSearch returned empty sequence!
88f46 warning: **** Returning random move!
88f46 info: *** Player move: c6
37fe6 info: DfpnSolver::CheckAbort(): Abort flag!
3fff6 info: 
MID calls      33
VC builds      31
Terminal       0
Work           33
Wasted Work    0 (0%)
Elapsed Time   0.375331
MIDs/sec       87.9224
VCs/sec        82.5938
Cnt prune sib  0
Avg prune sib  -
Consider Size  37.5484 dev=18.2666 min=19 max=66
Move Index     -
Move Percent   -
Delta Increase 2.53125 dev=5.17798 min=1 max=23
Winner         empty
PV             e8 d10 d9 c10

HashTableStatistics:
Stores         999
LookupAttempt  74258
LookupSuccess  4173
Collisions     0

3fff6 info: Search aborted.
<= 
< 
<  add498db59b6ba4d
<  a  b  c  d  e  f  g  h  i  j  k  
< 1\.  .  .  .  .  .  .  .  .  W  .\1
<  2\B  .  .  .  B  .  .  .  .  .  .\2
<   3\.  .  .  .  .  .  .  B  .  .  .\3
<    4\.  .  .  .  .  .  .  .  B  B  B\4
<     5\.  .  .  .  W  .  .  .  .  .  .\5
<      6\.  .  B  .  .  B  .  .  W  .  .\6
<       7\.  .  .  .  .  .  .  W  .  .  .\7
<        8\.  .  .  .  .  .  .  .  W  .  .\8
<         9\.  .  .  .  .  W  .  .  .  .  .\9
<         10\.  .  .  .  .  .  .  .  .  .  .\10
<          11\.  .  .  .  .  W  .  .  .  .  .\11
<              a  b  c  d  e  f  g  h  i  j  k  
<
>play w a10
<= 
<
>showboard
<= 
< 
<  894f721cf52f95a9
<  a  b  c  d  e  f  g  h  i  j  k  
< 1\.  .  .  .  .  .  .  .  .  W  .\1
<  2\B  .  .  .  B  .  .  .  .  .  .\2
<   3\.  .  .  .  .  .  .  B  .  .  .\3
<    4\.  .  .  .  .  .  .  .  B  B  B\4
<     5\.  .  .  .  W  .  .  .  .  .  .\5
<      6\.  .  B  .  .  B  .  .  W  .  .\6
<       7\.  .  .  .  .  .  .  W  .  .  .\7
<        8\.  .  .  .  .  .  .  .  W  .  .\8
<         9\.  .  .  .  .  W  .  .  .  .  .\9
<         10\W  .  .  .  .  .  .  .  .  .  .\10
<          11\.  .  .  .  .  W  .  .  .  .  .\11
<              a  b  c  d  e  f  g  h  i  j  k  
<
>genmove b
<= e9
<
>showboard
fbca7 info: PlayAndSolve: Building VCs to avoid race condition.
fbca7 info: PlayAndSolve: Continuing on as usual.
3fff6 info: *** PlayerThread ***
88f46 info: *** SolverThread ***
3fff6 info: Best move cannot be determined, must search state.
3fff6 info: --- MoHexPlayer::Search() ---
3fff6 info: Color: black
3fff6 info: MaxGames: 1
3fff6 info: NumberThreads: 1
3fff6 info: MaxNodes: 181818181 (15999999928 bytes)
3fff6 info: TimeForMove: 1
3fff6 info: PreSearch: max time reached (37/63).
3fff6 info: Time for PreSearch: 0.201827s
3fff6 info: 
  894f721cf52f95a9
  a  b  c  d  e  f  g  h  i  j  k  
 1\b  b  b  b  b  b  b  .  .  W  *\1
  2\B  b  b  b  B  .  .  .  *  *  *\2
   3\.  .  .  .  *  *  *  B  *  .  .\3
    4\.  .  *  *  *  *  *  *  B  B  B\4
     5\*  *  *  *  W  *  *  *  .  .  .\5
      6\*  *  B  *  *  B  *  *  W  *  *\6
       7\*  *  *  *  *  *  *  W  .  *  *\7
        8\*  *  *  *  *  *  *  *  W  *  *\8
         9\.  *  *  *  *  W  *  *  *  *  .\9
         10\W  *  *  *  .  *  *  *  *  .  .\10
          11\.  .  .  .  .  W  .  .  .  .  .\11
              a  b  c  d  e  f  g  h  i  j  k  
3fff6 info: Old: [black, a2] [white, swap-pieces] [white, f9] [black, e2] [white, e5] [black, k4] [white, j1] [black, j4] [white, h7] [black, h3] [white, f11] [black, f6] [white, i6] [black, i4] [white, i8] 
3fff6 info: New: [black, a2] [white, swap-pieces] [white, f9] [black, e2] [white, e5] [black, k4] [white, j1] [black, j4] [white, h7] [black, h3] [white, f11] [black, f6] [white, i6] [black, i4] [white, i8] [black, c6] [white, a10] 
3fff6 info: MovesPlayed: [black, c6] [white, a10] 
3fff6 info: No subtree to reuse.
3fff6 info: StartSearch()[0]
SgUctSearch: max games reached
3fff6 info: 
Elapsed Time   0.350729s
Count          1
GamesPlayed    1
Nodes          1
Knowledge      0 (0.0%)
Expansions     0.0
Time           0.00
GameLen        95.0 dev=0.0 min=95.0 max=95.0
InTree         0.0 dev=0.0 min=0.0 max=0.0
KnowDepth      -
Aborted        0%
Games/s        3484.3
Score          0.00
Sequence      
3fff6 info: 
3fff6 warning: **** MoHexSearch returned empty sequence!
3fff6 warning: **** Returning random move!
3fff6 info: *** Player move: e9
37fe6 info: DfpnSolver::CheckAbort(): Abort flag!
88f46 info: 
MID calls      30
VC builds      27
Terminal       0
Work           30
Wasted Work    0 (0%)
Elapsed Time   0.371895
MIDs/sec       80.6679
VCs/sec        72.6011
Cnt prune sib  0
Avg prune sib  -
Consider Size  25.6667 dev=17.1053 min=1 max=63
Move Index     -
Move Percent   -
Delta Increase 2.92308 dev=5.06058 min=1 max=22
Winner         empty
PV             c9 b11 d10 d9 c10 d8 c8

HashTableStatistics:
Stores         1072
LookupAttempt  79302
LookupSuccess  4568
Collisions     0

88f46 info: Search aborted.
<= 
< 
<  73585f7046c188af
<  a  b  c  d  e  f  g  h  i  j  k  
< 1\.  .  .  .  .  .  .  .  .  W  .\1
<  2\B  .  .  .  B  .  .  .  .  .  .\2
<   3\.  .  .  .  .  .  .  B  .  .  .\3
<    4\.  .  .  .  .  .  .  .  B  B  B\4
<     5\.  .  .  .  W  .  .  .  .  .  .\5
<      6\.  .  B  .  .  B  .  .  W  .  .\6
<       7\.  .  .  .  .  .  .  W  .  .  .\7
<        8\.  .  .  .  .  .  .  .  W  .  .\8
<         9\.  .  .  .  B  W  .  .  .  .  .\9
<         10\W  .  .  .  .  .  .  .  .  .  .\10
<          11\.  .  .  .  .  W  .  .  .  .  .\11
<              a  b  c  d  e  f  g  h  i  j  k  
<
>play w g7
<= 
<
>showboard
<= 
< 
<  75f38271b3ce1e97
<  a  b  c  d  e  f  g  h  i  j  k  
< 1\.  .  .  .  .  .  .  .  .  W  .\1
<  2\B  .  .  .  B  .  .  .  .  .  .\2
<   3\.  .  .  .  .  .  .  B  .  .  .\3
<    4\.  .  .  .  .  .  .  .  B  B  B\4
<     5\.  .  .  .  W  .  .  .  .  .  .\5
<      6\.  .  B  .  .  B  .  .  W  .  .\6
<       7\.  .  .  .  .  .  W  W  .  .  .\7
<        8\.  .  .  .  .  .  .  .  W  .  .\8
<         9\.  .  .  .  B  W  .  .  .  .  .\9
<         10\W  .  .  .  .  .  .  .  .  .  .\10
<          11\.  .  .  .  .  W  .  .  .  .  .\11
<              a  b  c  d  e  f  g  h  i  j  k  
<
>genmove b
<= f7
<
>showboard
fbca7 info: PlayAndSolve: Building VCs to avoid race condition.
fbca7 info: PlayAndSolve: Continuing on as usual.
88f46 info: *** PlayerThread ***
3fff6 info: *** SolverThread ***
88f46 info: Winning SC.
88f46 info: *** Player move: f7
3fff6 info: 
MID calls      0
VC builds      1
Terminal       1
Work           1
Wasted Work    0 (0%)
Elapsed Time   0.011447
MIDs/sec       0
VCs/sec        87.3591
Cnt prune sib  0
Avg prune sib  -
Consider Size  -
Move Index     -
Move Percent   -
Delta Increase -
Winner         black
PV             

HashTableStatistics:
Stores         1073
LookupAttempt  79308
LookupSuccess  4571
Collisions     0

<= 
< 
<  56338d7dfb68a3c2
<  a  b  c  d  e  f  g  h  i  j  k  
< 1\.  .  .  .  .  .  .  .  .  W  .\1
<  2\B  .  .  .  B  .  .  .  .  .  .\2
<   3\.  .  .  .  .  .  .  B  .  .  .\3
<    4\.  .  .  .  .  .  .  .  B  B  B\4
<     5\.  .  .  .  W  .  .  .  .  .  .\5
<      6\.  .  B  .  .  B  .  .  W  .  .\6
<       7\.  .  .  .  .  B  W  W  .  .  .\7
<        8\.  .  .  .  .  .  .  .  W  .  .\8
<         9\.  .  .  .  B  W  .  .  .  .  .\9
<         10\W  .  .  .  .  .  .  .  .  .  .\10
<          11\.  .  .  .  .  W  .  .  .  .  .\11
<              a  b  c  d  e  f  g  h  i  j  k  
<
>play w d10
<= 
<
>showboard
<= 
< 
<  4bb053c26463f0cf
<  a  b  c  d  e  f  g  h  i  j  k  
< 1\.  .  .  .  .  .  .  .  .  W  .\1
<  2\B  .  .  .  B  .  .  .  .  .  .\2
<   3\.  .  .  .  .  .  .  B  .  .  .\3
<    4\.  .  .  .  .  .  .  .  B  B  B\4
<     5\.  .  .  .  W  .  .  .  .  .  .\5
<      6\.  .  B  .  .  B  .  .  W  .  .\6
<       7\.  .  .  .  .  B  W  W  .  .  .\7
<        8\.  .  .  .  .  .  .  .  W  .  .\8
<         9\.  .  .  .  B  W  .  .  .  .  .\9
<         10\W  .  .  W  .  .  .  .  .  .  .\10
<          11\.  .  .  .  .  W  .  .  .  .  .\11
<              a  b  c  d  e  f  g  h  i  j  k  
<
>genmove b
<= e10
<
>showboard
fbca7 info: PlayAndSolve: Building VCs to avoid race condition.
fbca7 info: PlayAndSolve: Continuing on as usual.
3fff6 info: *** PlayerThread ***
88f46 info: *** SolverThread ***
3fff6 info: Winning SC.
3fff6 info: *** Player move: e10
88f46 info: 
MID calls      0
VC builds      1
Terminal       1
Work           1
Wasted Work    0 (0%)
Elapsed Time   0.011424
MIDs/sec       0
VCs/sec        87.535
Cnt prune sib  0
Avg prune sib  -
Consider Size  -
Move Index     -
Move Percent   -
Delta Increase -
Winner         black
PV             

HashTableStatistics:
Stores         1074
LookupAttempt  79314
LookupSuccess  4574
Collisions     0

<= 
< 
<  64e5aac75cdcd807
<  a  b  c  d  e  f  g  h  i  j  k  
< 1\.  .  .  .  .  .  .  .  .  W  .\1
<  2\B  .  .  .  B  .  .  .  .  .  .\2
<   3\.  .  .  .  .  .  .  B  .  .  .\3
<    4\.  .  .  .  .  .  .  .  B  B  B\4
<     5\.  .  .  .  W  .  .  .  .  .  .\5
<      6\.  .  B  .  .  B  .  .  W  .  .\6
<       7\.  .  .  .  .  B  W  W  .  .  .\7
<        8\.  .  .  .  .  .  .  .  W  .  .\8
<         9\.  .  .  .  B  W  .  .  .  .  .\9
<         10\W  .  .  W  B  .  .  .  .  .  .\10
<          11\.  .  .  .  .  W  .  .  .  .  .\11
<              a  b  c  d  e  f  g  h  i  j  k  
<
>play w e8
<= 
<
>showboard
<= 
< 
<  94d4468a8aac96c0
<  a  b  c  d  e  f  g  h  i  j  k  
< 1\.  .  .  .  .  .  .  .  .  W  .\1
<  2\B  .  .  .  B  .  .  .  .  .  .\2
<   3\.  .  .  .  .  .  .  B  .  .  .\3
<    4\.  .  .  .  .  .  .  .  B  B  B\4
<     5\.  .  .  .  W  .  .  .  .  .  .\5
<      6\.  .  B  .  .  B  .  .  W  .  .\6
<       7\.  .  .  .  .  B  W  W  .  .  .\7
<        8\.  .  .  .  W  .  .  .  W  .  .\8
<         9\.  .  .  .  B  W  .  .  .  .  .\9
<         10\W  .  .  W  B  .  .  .  .  .  .\10
<          11\.  .  .  .  .  W  .  .  .  .  .\11
<              a  b  c  d  e  f  g  h  i  j  k  
<
>genmove b
<= f8
<
>showboard
fbca7 info: PlayAndSolve: Building VCs to avoid race condition.
fbca7 info: PlayAndSolve: Continuing on as usual.
88f46 info: *** PlayerThread ***
3fff6 info: *** SolverThread ***
88f46 info: Winning SC.
88f46 info: *** Player move: f8
3fff6 info: 
MID calls      0
VC builds      1
Terminal       1
Work           1
Wasted Work    0 (0%)
Elapsed Time   0.009837
MIDs/sec       0
VCs/sec        101.657
Cnt prune sib  0
Avg prune sib  -
Consider Size  -
Move Index     -
Move Percent   -
Delta Increase -
Winner         black
PV             

HashTableStatistics:
Stores         1075
LookupAttempt  79320
LookupSuccess  4577
Collisions     0

<= 
< 
<  2d17f32841483dce
<  a  b  c  d  e  f  g  h  i  j  k  
< 1\.  .  .  .  .  .  .  .  .  W  .\1
<  2\B  .  .  .  B  .  .  .  .  .  .\2
<   3\.  .  .  .  .  .  .  B  .  .  .\3
<    4\.  .  .  .  .  .  .  .  B  B  B\4
<     5\.  .  .  .  W  .  .  .  .  .  .\5
<      6\.  .  B  .  .  B  .  .  W  .  .\6
<       7\.  .  .  .  .  B  W  W  .  .  .\7
<        8\.  .  .  .  W  B  .  .  W  .  .\8
<         9\.  .  .  .  B  W  .  .  .  .  .\9
<         10\W  .  .  W  B  .  .  .  .  .  .\10
<          11\.  .  .  .  .  W  .  .  .  .  .\11
<              a  b  c  d  e  f  g  h  i  j  k  
<
>play w g5
<= 
<
>showboard
<= 
< 
<  257b47946d6d5417
<  a  b  c  d  e  f  g  h  i  j  k  
< 1\.  .  .  .  .  .  .  .  .  W  .\1
<  2\B  .  .  .  B  .  .  .  .  .  .\2
<   3\.  .  .  .  .  .  .  B  .  .  .\3
<    4\.  .  .  .  .  .  .  .  B  B  B\4
<     5\.  .  .  .  W  .  W  .  .  .  .\5
<      6\.  .  B  .  .  B  .  .  W  .  .\6
<       7\.  .  .  .  .  B  W  W  .  .  .\7
<        8\.  .  .  .  W  B  .  .  W  .  .\8
<         9\.  .  .  .  B  W  .  .  .  .  .\9
<         10\W  .  .  W  B  .  .  .  .  .  .\10
<          11\.  .  .  .  .  W  .  .  .  .  .\11
<              a  b  c  d  e  f  g  h  i  j  k  
<
>genmove b
<= f5
<
>showboard
fbca7 info: PlayAndSolve: Building VCs to avoid race condition.
fbca7 info: PlayAndSolve: Continuing on as usual.
3fff6 info: *** PlayerThread ***
88f46 info: *** SolverThread ***
3fff6 info: Winning SC.
3fff6 info: *** Player move: f5
88f46 info: 
MID calls      0
VC builds      1
Terminal       1
Work           1
Wasted Work    0 (0%)
Elapsed Time   0.008504
MIDs/sec       0
VCs/sec        117.592
Cnt prune sib  0
Avg prune sib  -
Consider Size  -
Move Index     -
Move Percent   -
Delta Increase -
Winner         black
PV             

HashTableStatistics:
Stores         1076
LookupAttempt  79326
LookupSuccess  4580
Collisions     0

<= 
< 
<  caf72ee2db760dee
<  a  b  c  d  e  f  g  h  i  j  k  
< 1\.  .  .  .  .  .  .  .  .  W  .\1
<  2\B  .  .  .  B  .  .  .  .  .  .\2
<   3\.  .  .  .  .  .  .  B  .  .  .\3
<    4\.  .  .  .  .  .  .  .  B  B  B\4
<     5\.  .  .  .  W  B  W  .  .  .  .\5
<      6\.  .  B  .  .  B  .  .  W  .  .\6
<       7\.  .  .  .  .  B  W  W  .  .  .\7
<        8\.  .  .  .  W  B  .  .  W  .  .\8
<         9\.  .  .  .  B  W  .  .  .  .  .\9
<         10\W  .  .  W  B  .  .  .  .  .  .\10
<          11\.  .  .  .  .  W  .  .  .  .  .\11
<              a  b  c  d  e  f  g  h  i  j  k  
<
>play w g4
<= 
<
>showboard
<= 
< 
<  b863a50c0bfba819
<  a  b  c  d  e  f  g  h  i  j  k  
< 1\.  .  .  .  .  .  .  .  .  W  .\1
<  2\B  .  .  .  B  .  .  .  .  .  .\2
<   3\.  .  .  .  .  .  .  B  .  .  .\3
<    4\.  .  .  .  .  .  W  .  B  B  B\4
<     5\.  .  .  .  W  B  W  .  .  .  .\5
<      6\.  .  B  .  .  B  .  .  W  .  .\6
<       7\.  .  .  .  .  B  W  W  .  .  .\7
<        8\.  .  .  .  W  B  .  .  W  .  .\8
<         9\.  .  .  .  B  W  .  .  .  .  .\9
<         10\W  .  .  W  B  .  .  .  .  .  .\10
<          11\.  .  .  .  .  W  .  .  .  .  .\11
<              a  b  c  d  e  f  g  h  i  j  k  
<
>genmove b
<= f4
<
>showboard
fbca7 info: PlayAndSolve: Building VCs to avoid race condition.
fbca7 info: PlayAndSolve: Continuing on as usual.
88f46 info: *** PlayerThread ***
3fff6 info: *** SolverThread ***
88f46 info: Winning SC.
88f46 info: *** Player move: f4
3fff6 info: 
MID calls      0
VC builds      1
Terminal       1
Work           1
Wasted Work    0 (0%)
Elapsed Time   0.008815
MIDs/sec       0
VCs/sec        113.443
Cnt prune sib  0
Avg prune sib  -
Consider Size  -
Move Index     -
Move Percent   -
Delta Increase -
Winner         black
PV             

HashTableStatistics:
Stores         1077
LookupAttempt  79332
LookupSuccess  4583
Collisions     0

<= 
< 
<  a2bd9b4ae36fab79
<  a  b  c  d  e  f  g  h  i  j  k  
< 1\.  .  .  .  .  .  .  .  .  W  .\1
<  2\B  .  .  .  B  .  .  .  .  .  .\2
<   3\.  .  .  .  .  .  .  B  .  .  .\3
<    4\.  .  .  .  .  B  W  .  B  B  B\4
<     5\.  .  .  .  W  B  W  .  .  .  .\5
<      6\.  .  B  .  .  B  .  .  W  .  .\6
<       7\.  .  .  .  .  B  W  W  .  .  .\7
<        8\.  .  .  .  W  B  .  .  W  .  .\8
<         9\.  .  .  .  B  W  .  .  .  .  .\9
<         10\W  .  .  W  B  .  .  .  .  .  .\10
<          11\.  .  .  .  .  W  .  .  .  .  .\11
<              a  b  c  d  e  f  g  h  i  j  k  
<
>play w f3
<= 
<
>showboard
<= 
< 
<  e6626d70108f63d4
<  a  b  c  d  e  f  g  h  i  j  k  
< 1\.  .  .  .  .  .  .  .  .  W  .\1
<  2\B  .  .  .  B  .  .  .  .  .  .\2
<   3\.  .  .  .  .  W  .  B  .  .  .\3
<    4\.  .  .  .  .  B  W  .  B  B  B\4
<     5\.  .  .  .  W  B  W  .  .  .  .\5
<      6\.  .  B  .  .  B  .  .  W  .  .\6
<       7\.  .  .  .  .  B  W  W  .  .  .\7
<        8\.  .  .  .  W  B  .  .  W  .  .\8
<         9\.  .  .  .  B  W  .  .  .  .  .\9
<         10\W  .  .  W  B  .  .  .  .  .  .\10
<          11\.  .  .  .  .  W  .  .  .  .  .\11
<              a  b  c  d  e  f  g  h  i  j  k  
<
>genmove b
<= g3
<
>showboard
fbca7 info: PlayAndSolve: Building VCs to avoid race condition.
fbca7 info: PlayAndSolve: Continuing on as usual.
3fff6 info: *** PlayerThread ***
88f46 info: *** SolverThread ***
3fff6 info: Winning SC.
3fff6 info: *** Player move: g3
88f46 info: 
MID calls      0
VC builds      1
Terminal       1
Work           1
Wasted Work    0 (0%)
Elapsed Time   0.007708
MIDs/sec       0
VCs/sec        129.735
Cnt prune sib  0
Avg prune sib  -
Consider Size  -
Move Index     -
Move Percent   -
Delta Increase -
Winner         black
PV             

HashTableStatistics:
Stores         1078
LookupAttempt  79338
LookupSuccess  4586
Collisions     0

<= 
< 
<  55344fca75d935a2
<  a  b  c  d  e  f  g  h  i  j  k  
< 1\.  .  .  .  .  .  .  .  .  W  .\1
<  2\B  .  .  .  B  .  .  .  .  .  .\2
<   3\.  .  .  .  .  W  B  B  .  .  .\3
<    4\.  .  .  .  .  B  W  .  B  B  B\4
<     5\.  .  .  .  W  B  W  .  .  .  .\5
<      6\.  .  B  .  .  B  .  .  W  .  .\6
<       7\.  .  .  .  .  B  W  W  .  .  .\7
<        8\.  .  .  .  W  B  .  .  W  .  .\8
<         9\.  .  .  .  B  W  .  .  .  .  .\9
<         10\W  .  .  W  B  .  .  .  .  .  .\10
<          11\.  .  .  .  .  W  .  .  .  .  .\11
<              a  b  c  d  e  f  g  h  i  j  k  
<
>play w d11
<= 
<
>showboard
<= 
< 
<  f20f3853556b0738
<  a  b  c  d  e  f  g  h  i  j  k  
< 1\.  .  .  .  .  .  .  .  .  W  .\1
<  2\B  .  .  .  B  .  .  .  .  .  .\2
<   3\.  .  .  .  .  W  B  B  .  .  .\3
<    4\.  .  .  .  .  B  W  .  B  B  B\4
<     5\.  .  .  .  W  B  W  .  .  .  .\5
<      6\.  .  B  .  .  B  .  .  W  .  .\6
<       7\.  .  .  .  .  B  W  W  .  .  .\7
<        8\.  .  .  .  W  B  .  .  W  .  .\8
<         9\.  .  .  .  B  W  .  .  .  .  .\9
<         10\W  .  .  W  B  .  .  .  .  .  .\10
<          11\.  .  .  W  .  W  .  .  .  .  .\11
<              a  b  c  d  e  f  g  h  i  j  k  
<
>genmove b
<= e11
<
>showboard
fbca7 info: PlayAndSolve: Building VCs to avoid race condition.
fbca7 info: PlayAndSolve: Continuing on as usual.
88f46 info: *** PlayerThread ***
3fff6 info: *** SolverThread ***
3fff6 info: 
MID calls      0
VC builds      1
Terminal       1
Work           1
Wasted Work    0 (0%)
Elapsed Time   0.008727
MIDs/sec       0
VCs/sec        114.587
Cnt prune sib  0
Avg prune sib  -
Consider Size  -
Move Index     -
Move Percent   -
Delta Increase -
Winner         black
PV             

HashTableStatistics:
Stores         1079
LookupAttempt  79344
LookupSuccess  4589
Collisions     0

88f46 info: Winning SC.
88f46 info: *** Player move: e11
<= 
< 
<  fc4d78033d26064f
<  a  b  c  d  e  f  g  h  i  j  k  
< 1\.  .  .  .  .  .  .  .  .  W  .\1
<  2\B  .  .  .  B  .  .  .  .  .  .\2
<   3\.  .  .  .  .  W  B  B  .  .  .\3
<    4\.  .  .  .  .  B  W  .  B  B  B\4
<     5\.  .  .  .  W  B  W  .  .  .  .\5
<      6\.  .  B  .  .  B  .  .  W  .  .\6
<       7\.  .  .  .  .  B  W  W  .  .  .\7
<        8\.  .  .  .  W  B  .  .  W  .  .\8
<         9\.  .  .  .  B  W  .  .  .  .  .\9
<         10\W  .  .  W  B  .  .  .  .  .  .\10
<          11\.  .  .  W  B  W  .  .  .  .  .\11
<              a  b  c  d  e  f  g  h  i  j  k  
<
>play w h1
<= 
<
>showboard
<= 
< 
<  63ec6f483bf41755
<  a  b  c  d  e  f  g  h  i  j  k  
< 1\.  .  .  .  .  .  .  W  .  W  .\1
<  2\B  .  .  .  B  .  .  .  .  .  .\2
<   3\.  .  .  .  .  W  B  B  .  .  .\3
<    4\.  .  .  .  .  B  W  .  B  B  B\4
<     5\.  .  .  .  W  B  W  .  .  .  .\5
<      6\.  .  B  .  .  B  .  .  W  .  .\6
<       7\.  .  .  .  .  B  W  W  .  .  .\7
<        8\.  .  .  .  W  B  .  .  W  .  .\8
<         9\.  .  .  .  B  W  .  .  .  .  .\9
<         10\W  .  .  W  B  .  .  .  .  .  .\10
<          11\.  .  .  W  B  W  .  .  .  .  .\11
<              a  b  c  d  e  f  g  h  i  j  k  
<
>genmove b
<= g2
<
>showboard
fbca7 info: PlayAndSolve: Building VCs to avoid race condition.
fbca7 info: PlayAndSolve: Continuing on as usual.
3fff6 info: *** PlayerThread ***
88f46 info: *** SolverThread ***
3fff6 info: Winning SC.
3fff6 info: *** Player move: g2
88f46 info: 
MID calls      0
VC builds      1
Terminal       1
Work           1
Wasted Work    0 (0%)
Elapsed Time   0.006831
MIDs/sec       0
VCs/sec        146.391
Cnt prune sib  0
Avg prune sib  -
Consider Size  -
Move Index     -
Move Percent   -
Delta Increase -
Winner         black
PV             

HashTableStatistics:
Stores         1080
LookupAttempt  79350
LookupSuccess  4592
Collisions     0

<= 
< 
<  c6cfb4e620987a07
<  a  b  c  d  e  f  g  h  i  j  k  
< 1\.  .  .  .  .  .  .  W  .  W  .\1
<  2\B  .  .  .  B  .  B  .  .  .  .\2
<   3\.  .  .  .  .  W  B  B  .  .  .\3
<    4\.  .  .  .  .  B  W  .  B  B  B\4
<     5\.  .  .  .  W  B  W  .  .  .  .\5
<      6\.  .  B  .  .  B  .  .  W  .  .\6
<       7\.  .  .  .  .  B  W  W  .  .  .\7
<        8\.  .  .  .  W  B  .  .  W  .  .\8
<         9\.  .  .  .  B  W  .  .  .  .  .\9
<         10\W  .  .  W  B  .  .  .  .  .  .\10
<          11\.  .  .  W  B  W  .  .  .  .  .\11
<              a  b  c  d  e  f  g  h  i  j  k  
<
>play w f2
<= 
<
>showboard
<= 
< 
<  3d67c5bdc76df85c
<  a  b  c  d  e  f  g  h  i  j  k  
< 1\.  .  .  .  .  .  .  W  .  W  .\1
<  2\B  .  .  .  B  W  B  .  .  .  .\2
<   3\.  .  .  .  .  W  B  B  .  .  .\3
<    4\.  .  .  .  .  B  W  .  B  B  B\4
<     5\.  .  .  .  W  B  W  .  .  .  .\5
<      6\.  .  B  .  .  B  .  .  W  .  .\6
<       7\.  .  .  .  .  B  W  W  .  .  .\7
<        8\.  .  .  .  W  B  .  .  W  .  .\8
<         9\.  .  .  .  B  W  .  .  .  .  .\9
<         10\W  .  .  W  B  .  .  .  .  .  .\10
<          11\.  .  .  W  B  W  .  .  .  .  .\11
<              a  b  c  d  e  f  g  h  i  j  k  
<
>genmove b
<= g1
<
>showboard
fbca7 info: PlayAndSolve: Building VCs to avoid race condition.
fbca7 info: PlayAndSolve: Continuing on as usual.
88f46 info: *** PlayerThread ***
3fff6 info: *** SolverThread ***
88f46 info: Winning SC.
88f46 info: *** Player move: g1
3fff6 info: 
MID calls      0
VC builds      1
Terminal       1
Work           1
Wasted Work    0 (0%)
Elapsed Time   0.007098
MIDs/sec       0
VCs/sec        140.885
Cnt prune sib  0
Avg prune sib  -
Consider Size  -
Move Index     -
Move Percent   -
Delta Increase -
Winner         black
PV             

HashTableStatistics:
Stores         1081
LookupAttempt  79356
LookupSuccess  4595
Collisions     0

<= 
< 
<  b683b70f59139a66
<  a  b  c  d  e  f  g  h  i  j  k  
< 1\.  .  .  .  .  .  B  W  .  W  .\1
<  2\B  .  .  .  B  W  B  .  .  .  .\2
<   3\.  .  .  .  .  W  B  B  .  .  .\3
<    4\.  .  .  .  .  B  W  .  B  B  B\4
<     5\.  .  .  .  W  B  W  .  .  .  .\5
<      6\.  .  B  .  .  B  .  .  W  .  .\6
<       7\.  .  .  .  .  B  W  W  .  .  .\7
<        8\.  .  .  .  W  B  .  .  W  .  .\8
<         9\.  .  .  .  B  W  .  .  .  .  .\9
<         10\W  .  .  W  B  .  .  .  .  .  .\10
<          11\.  .  .  W  B  W  .  .  .  .  .\11
<              a  b  c  d  e  f  g  h  i  j  k  
<
>play w resign
<= 
<
>showboard
<= 
< 
<  b683b70f59139a66
<  a  b  c  d  e  f  g  h  i  j  k  
< 1\.  .  .  .  .  .  B  W  .  W  .\1
<  2\B  .  .  .  B  W  B  .  .  .  .\2
<   3\.  .  .  .  .  W  B  B  .  .  .\3
<    4\.  .  .  .  .  B  W  .  B  B  B\4
<     5\.  .  .  .  W  B  W  .  .  .  .\5
<      6\.  .  B  .  .  B  .  .  W  .  .\6
<       7\.  .  .  .  .  B  W  W  .  .  .\7
<        8\.  .  .  .  W  B  .  .  W  .  .\8
<         9\.  .  .  .  B  W  .  .  .  .  .\9
<         10\W  .  .  W  B  .  .  .  .  .  .\10
<          11\.  .  .  W  B  W  .  .  .  .  .\11
<              a  b  c  d  e  f  g  h  i  j  k  
<
>final_score
<= B+
<
>quit
<= 
<
