3f937 config: MoHex v2.0.CMake Mar 21 2025.
3f937 config: ============ InitializeSystem ============
3f937 config: BenzeneProgram::InitRandom()
3f937 config: Seed = 512055
3f937 info: Prior Patterns:
3f937 info: Global:
3f937 info: Size            = 565 32648 
3f937 info: TableEntries    = 65932 65910
3f937 info: MirrorsAdded    = 0 0
3f937 info: PrunableCount   = 30593 30629
3f937 info: LargestGamma    = 5820.77
3f937 info: SmallestGamma   = 6.6e-05
3f937 info: Local:
3f937 info: Size            = 550 5318 
3f937 info: TableEntries    = 11602 11588
3f937 info: MirrorsAdded    = 0 0
3f937 info: PrunableCount   = 3659 3667
3f937 info: LargestGamma    = 11281.8
3f937 info: SmallestGamma   = 0.026235
3f937 info: Playout Patterns:
3f937 info: Global:
3f937 info: Size            = 565 32648 
3f937 info: TableEntries    = 70329 70329
3f937 info: MirrorsAdded    = 4397 4419
3f937 info: PrunableCount   = 30593 30629
3f937 info: LargestGamma    = 5820.77
3f937 info: SmallestGamma   = 6.6e-05
3f937 info: Local:
3f937 info: Size            = 550 5318 
3f937 info: TableEntries    = 11602 11588
3f937 info: MirrorsAdded    = 0 0
3f937 info: PrunableCount   = 3659 3667
3f937 info: LargestGamma    = 11281.8
3f937 info: SmallestGamma   = 0.026235
3f937 config: IcePatternSet: reading from '/home/linus/MoHex2.0/nfbranchfix/benzene-vanilla-cmake/share/ice-patterns.txt'.
3f937 config: IcePatternSet: parsed 708 patterns.
3f937 config: VCS: reading captured set patterns from '/home/linus/MoHex2.0/nfbranchfix/benzene-vanilla-cmake/share/vc-captured-set.txt'.
3f937 config: VCS:: parsed 2 patterns.
3f937 config: VCS: reading captured set patterns from '/home/linus/MoHex2.0/nfbranchfix/benzene-vanilla-cmake/share/vc-captured-set.txt'.
3f937 config: VCS:: parsed 2 patterns.
3f937 config: IcePatternSet: reading from '/home/linus/MoHex2.0/nfbranchfix/benzene-vanilla-cmake/share/ice-patterns.txt'.
3f937 config: IcePatternSet: parsed 708 patterns.
3f937 config: VCS: reading captured set patterns from '/home/linus/MoHex2.0/nfbranchfix/benzene-vanilla-cmake/share/vc-captured-set.txt'.
3f937 config: VCS:: parsed 2 patterns.
3f937 config: VCS: reading captured set patterns from '/home/linus/MoHex2.0/nfbranchfix/benzene-vanilla-cmake/share/vc-captured-set.txt'.
3f937 config: VCS:: parsed 2 patterns.
3f937 config: VCS: reading captured set patterns from '/home/linus/MoHex2.0/nfbranchfix/benzene-vanilla-cmake/share/vc-captured-set.txt'.
3f937 config: VCS:: parsed 2 patterns.
3f937 config: VCS: reading captured set patterns from '/home/linus/MoHex2.0/nfbranchfix/benzene-vanilla-cmake/share/vc-captured-set.txt'.
3f937 config: VCS:: parsed 2 patterns.
3f937 config: VCS: reading captured set patterns from '/home/linus/MoHex2.0/nfbranchfix/benzene-vanilla-cmake/share/vc-captured-set.txt'.
3f937 config: VCS:: parsed 2 patterns.
3f937 config: VCS: reading captured set patterns from '/home/linus/MoHex2.0/nfbranchfix/benzene-vanilla-cmake/share/vc-captured-set.txt'.
3f937 config: VCS:: parsed 2 patterns.
3f937 info: PlayAndSolve: Building VCs to avoid race condition.
3f937 config: VCPattern: loading pattern templates from '/home/linus/MoHex2.0/nfbranchfix/benzene-vanilla-cmake/share/vc-patterns.txt'.
3f937 info: PlayAndSolve: Continuing on as usual.
ccbd6 info: *** PlayerThread ***
7fff6 info: *** SolverThread ***
77fe6 config: VCS: reading captured set patterns from '/home/linus/MoHex2.0/nfbranchfix/benzene-vanilla-cmake/share/vc-captured-set.txt'.
77fe6 config: VCS:: parsed 2 patterns.
77fe6 config: VCS: reading captured set patterns from '/home/linus/MoHex2.0/nfbranchfix/benzene-vanilla-cmake/share/vc-captured-set.txt'.
77fe6 config: VCS:: parsed 2 patterns.
77fe6 dfpn: 
ccbd6 info: Best move cannot be determined, must search state.
ccbd6 info: --- MoHexPlayer::Search() ---
ccbd6 info: Color: white
ccbd6 info: MaxGames: 1
ccbd6 info: NumberThreads: 1
ccbd6 info: MaxNodes: 181818181 (15999999928 bytes)
ccbd6 info: TimeForMove: 1
77fe6 dfpn: b10
77fe6 dfpn: c9
77fe6 dfpn: d8
77fe6 dfpn: c8
77fe6 dfpn: h4
77fe6 dfpn: c7
77fe6 dfpn: b8
77fe6 dfpn: b9
77fe6 dfpn: b7
77fe6 dfpn: e7
77fe6 dfpn: g5
77fe6 dfpn: e8
77fe6 dfpn: i3
77fe6 dfpn: d7
77fe6 dfpn: f7
77fe6 dfpn: g6
77fe6 dfpn: h5
77fe6 dfpn: d9
77fe6 dfpn: c10
77fe6 dfpn: f6
77fe6 dfpn: c4
77fe6 dfpn: j2
77fe6 dfpn: g4
77fe6 dfpn: g7
77fe6 dfpn: b9
ccbd6 info: PreSearch: max time reached (51/90).
ccbd6 info: Time for PreSearch: 0.202334s
ccbd6 info: 
  6c8e229e275eb684
  a  b  c  d  e  f  g  h  i  j  k  
 1\.  .  .  *  *  *  *  *  *  *  .\1
  2\.  .  *  *  *  .  *  *  *  *  .\2
   3\.  *  *  *  *  *  *  *  *  *  .\3
    4\.  *  *  *  *  *  *  *  *  *  .\4
     5\.  *  *  *  *  *  *  *  *  *  .\5
      6\.  B  *  *  *  *  *  *  *  *  .\6
       7\.  *  *  *  *  *  *  *  *  *  .\7
        8\.  *  *  *  *  *  *  *  *  *  .\8
         9\.  *  *  *  *  *  *  *  *  *  .\9
         10\.  *  *  *  *  .  *  *  *  .  .\10
          11\.  *  *  *  *  *  *  *  .  .  .\11
              a  b  c  d  e  f  g  h  i  j  k  
ccbd6 info: No subtree to reuse.
ccbd6 info: Creating thread 0
ccbd6 info: StartSearch()[0]
ccbd6 config: VCS: reading captured set patterns from '/home/linus/MoHex2.0/nfbranchfix/benzene-vanilla-cmake/share/vc-captured-set.txt'.
ccbd6 config: VCS:: parsed 2 patterns.
ccbd6 config: VCS: reading captured set patterns from '/home/linus/MoHex2.0/nfbranchfix/benzene-vanilla-cmake/share/vc-captured-set.txt'.
ccbd6 config: VCS:: parsed 2 patterns.
ccbd6 info: 
Elapsed Time   0.372926s
Count          1
GamesPlayed    1
Nodes          1
Knowledge      0 (0.0%)
Expansions     0.0
Time           0.00
GameLen        120.0 dev=0.0 min=120.0 max=120.0
InTree         0.0 dev=0.0 min=0.0 max=0.0
KnowDepth      -
Aborted        0%
Games/s        404.0
Score          1.00
Sequence      
ccbd6 info: 
ccbd6 warning: **** MoHexSearch returned empty sequence!
ccbd6 warning: **** Returning random move!
ccbd6 info: *** Player move: g6
77fe6 info: DfpnSolver::CheckAbort(): Abort flag!
7fff6 info: 
MID calls      50
VC builds      48
Terminal       0
Work           50
Wasted Work    0 (0%)
Elapsed Time   0.383865
MIDs/sec       130.254
VCs/sec        125.044
Cnt prune sib  0
Avg prune sib  -
Consider Size  86.9583 dev=2.04036 min=79 max=90
Move Index     -
Move Percent   -
Delta Increase 4.40816 dev=16.2153 min=1 max=83
Winner         empty
PV             b9 j2 d8 f7

HashTableStatistics:
Stores         123
LookupAttempt  12872
LookupSuccess  729
Collisions     0

7fff6 info: Search aborted.
3f937 info: PlayAndSolve: Building VCs to avoid race condition.
3f937 info: PlayAndSolve: Continuing on as usual.
7fff6 info: *** PlayerThread ***
ccbd6 info: *** SolverThread ***
77fe6 config: VCS: reading captured set patterns from '/home/linus/MoHex2.0/nfbranchfix/benzene-vanilla-cmake/share/vc-captured-set.txt'.
77fe6 config: VCS:: parsed 2 patterns.
77fe6 config: VCS: reading captured set patterns from '/home/linus/MoHex2.0/nfbranchfix/benzene-vanilla-cmake/share/vc-captured-set.txt'.
77fe6 config: VCS:: parsed 2 patterns.
77fe6 dfpn: 
7fff6 info: Best move cannot be determined, must search state.
7fff6 info: --- MoHexPlayer::Search() ---
7fff6 info: Color: white
7fff6 info: MaxGames: 1
7fff6 info: NumberThreads: 1
7fff6 info: MaxNodes: 181818181 (15999999928 bytes)
7fff6 info: TimeForMove: 1
77fe6 dfpn: e7
77fe6 dfpn: b10
77fe6 dfpn: d8
77fe6 dfpn: c8
77fe6 dfpn: c9
77fe6 dfpn: c7
77fe6 dfpn: d7
77fe6 dfpn: b8
77fe6 dfpn: b9
77fe6 dfpn: f6
77fe6 dfpn: b7
77fe6 dfpn: e6
77fe6 dfpn: f5
77fe6 dfpn: i5
77fe6 dfpn: h6
77fe6 dfpn: c4
77fe6 dfpn: e8
77fe6 dfpn: j4
77fe6 dfpn: c10
77fe6 dfpn: h5
77fe6 dfpn: d9
77fe6 dfpn: f7
77fe6 dfpn: j5
77fe6 dfpn: h4
77fe6 dfpn: j5
7fff6 info: PreSearch: max time reached (44/92).
7fff6 info: Time for PreSearch: 0.202765s
7fff6 info: 
  4b6f4ce01232a795
  a  b  c  d  e  f  g  h  i  j  k  
 1\.  .  .  *  *  *  *  *  *  *  .\1
  2\.  .  *  *  *  *  *  *  *  *  .\2
   3\.  *  *  *  *  *  *  *  *  *  .\3
    4\.  *  *  *  *  *  *  *  *  *  .\4
     5\.  *  *  *  *  *  *  *  *  *  .\5
      6\.  B  *  *  *  *  W  *  *  *  .\6
       7\.  *  *  *  *  *  *  *  *  *  .\7
        8\.  *  *  *  *  *  *  *  *  *  .\8
         9\.  *  *  *  *  *  *  *  *  *  .\9
         10\.  *  *  *  *  *  *  *  *  *  .\10
          11\.  *  *  *  *  *  *  *  .  B  b\11
              a  b  c  d  e  f  g  h  i  j  k  
7fff6 info: Old: [black, b6] [white, swap-pieces] 
7fff6 info: New: [black, b6] [white, swap-pieces] [white, g6] [black, j11] 
7fff6 info: ReuseSubtree: Colors do not alternate.
7fff6 info: No subtree to reuse.
7fff6 info: StartSearch()[0]
7fff6 info: 
Elapsed Time   0.375152s
Count          1
GamesPlayed    1
Nodes          1
Knowledge      0 (0.0%)
Expansions     0.0
Time           0.00
GameLen        117.0 dev=0.0 min=117.0 max=117.0
InTree         0.0 dev=0.0 min=0.0 max=0.0
KnowDepth      -
Aborted        0%
Games/s        2381.0
Score          1.00
Sequence      
7fff6 info: 
7fff6 warning: **** MoHexSearch returned empty sequence!
7fff6 warning: **** Returning random move!
7fff6 info: *** Player move: j5
77fe6 info: DfpnSolver::CheckAbort(): Abort flag!
ccbd6 info: 
MID calls      47
VC builds      46
Terminal       0
Work           47
Wasted Work    0 (0%)
Elapsed Time   0.39007
MIDs/sec       120.491
VCs/sec        117.928
Cnt prune sib  0
Avg prune sib  -
Consider Size  87.7826 dev=2.30234 min=81 max=92
Move Index     -
Move Percent   -
Delta Increase 2.78261 dev=11.8099 min=1 max=82
Winner         empty
PV             j5 d9 e7

HashTableStatistics:
Stores         241
LookupAttempt  25718
LookupSuccess  1454
Collisions     0

ccbd6 info: Search aborted.
3f937 info: PlayAndSolve: Building VCs to avoid race condition.
3f937 info: PlayAndSolve: Continuing on as usual.
ccbd6 info: *** PlayerThread ***
7fff6 info: *** SolverThread ***
77fe6 config: VCS: reading captured set patterns from '/home/linus/MoHex2.0/nfbranchfix/benzene-vanilla-cmake/share/vc-captured-set.txt'.
77fe6 config: VCS:: parsed 2 patterns.
77fe6 config: VCS: reading captured set patterns from '/home/linus/MoHex2.0/nfbranchfix/benzene-vanilla-cmake/share/vc-captured-set.txt'.
77fe6 config: VCS:: parsed 2 patterns.
77fe6 dfpn: 
ccbd6 info: Best move cannot be determined, must search state.
ccbd6 info: --- MoHexPlayer::Search() ---
ccbd6 info: Color: white
ccbd6 info: MaxGames: 1
ccbd6 info: NumberThreads: 1
ccbd6 info: MaxNodes: 181818181 (15999999928 bytes)
ccbd6 info: TimeForMove: 1
77fe6 dfpn: h6
77fe6 dfpn: e7
77fe6 dfpn: i5
77fe6 dfpn: d8
77fe6 dfpn: c8
77fe6 dfpn: f6
77fe6 dfpn: b10
77fe6 dfpn: c7
77fe6 dfpn: h5
77fe6 dfpn: f7
77fe6 dfpn: d7
77fe6 dfpn: c9
77fe6 dfpn: b8
77fe6 dfpn: e6
77fe6 dfpn: b7
77fe6 dfpn: b9
77fe6 dfpn: h4
77fe6 dfpn: f5
77fe6 dfpn: c4
77fe6 dfpn: e8
77fe6 dfpn: e5
77fe6 dfpn: i3
77fe6 dfpn: c10
77fe6 dfpn: b9
ccbd6 info: PreSearch: max time reached (64/88).
ccbd6 info: Time for PreSearch: 0.200807s
ccbd6 info: 
  5f46da4850a48e73
  a  b  c  d  e  f  g  h  i  j  k  
 1\.  .  .  *  *  *  *  *  *  *  .\1
  2\.  .  *  *  *  *  *  *  *  *  .\2
   3\.  *  *  *  *  *  *  *  *  .  w\3
    4\.  *  *  *  *  *  *  *  *  .  w\4
     5\.  *  *  *  *  *  *  *  *  W  w\5
      6\.  B  *  *  *  *  W  *  *  .  w\6
       7\.  *  *  *  *  *  B  *  *  *  .\7
        8\.  *  *  *  *  *  *  *  *  *  .\8
         9\.  *  *  *  *  *  *  *  *  *  .\9
         10\.  *  *  *  *  *  *  *  *  *  .\10
          11\.  *  *  *  *  *  *  *  .  B  b\11
              a  b  c  d  e  f  g  h  i  j  k  
ccbd6 info: Old: [black, b6] [white, swap-pieces] [white, g6] [black, j11] 
ccbd6 info: New: [black, b6] [white, swap-pieces] [white, g6] [black, j11] [white, j5] [black, g7] 
ccbd6 info: MovesPlayed: [white, j5] [black, g7] 
ccbd6 info: No subtree to reuse.
ccbd6 info: StartSearch()[0]
ccbd6 info: 
Elapsed Time   0.34994s
Count          1
GamesPlayed    1
Nodes          1
Knowledge      0 (0.0%)
Expansions     0.0
Time           0.00
GameLen        111.0 dev=0.0 min=111.0 max=111.0
InTree         0.0 dev=0.0 min=0.0 max=0.0
KnowDepth      -
Aborted        0%
Games/s        3508.8
Score          1.00
Sequence      
ccbd6 info: 
ccbd6 warning: **** MoHexSearch returned empty sequence!
ccbd6 warning: **** Returning random move!
ccbd6 info: *** Player move: h6
77fe6 info: DfpnSolver::CheckAbort(): Abort flag!
7fff6 info: 
MID calls      56
VC builds      54
Terminal       0
Work           56
Wasted Work    0 (0%)
Elapsed Time   0.359219
MIDs/sec       155.894
VCs/sec        150.326
Cnt prune sib  0
Avg prune sib  -
Consider Size  76.7407 dev=10.5903 min=28 max=88
Move Index     -
Move Percent   -
Delta Increase 3.8 dev=13.8491 min=1 max=76
Winner         empty
PV             b9 d10 i5 d8

HashTableStatistics:
Stores         375
LookupAttempt  38051
LookupSuccess  2138
Collisions     0

7fff6 info: Search aborted.
3f937 info: PlayAndSolve: Building VCs to avoid race condition.
3f937 info: PlayAndSolve: Continuing on as usual.
7fff6 info: *** PlayerThread ***
ccbd6 info: *** SolverThread ***
77fe6 config: VCS: reading captured set patterns from '/home/linus/MoHex2.0/nfbranchfix/benzene-vanilla-cmake/share/vc-captured-set.txt'.
77fe6 config: VCS:: parsed 2 patterns.
77fe6 config: VCS: reading captured set patterns from '/home/linus/MoHex2.0/nfbranchfix/benzene-vanilla-cmake/share/vc-captured-set.txt'.
77fe6 config: VCS:: parsed 2 patterns.
77fe6 dfpn: 
7fff6 info: Best move cannot be determined, must search state.
7fff6 info: --- MoHexPlayer::Search() ---
7fff6 info: Color: white
7fff6 info: MaxGames: 1
7fff6 info: NumberThreads: 1
7fff6 info: MaxNodes: 181818181 (15999999928 bytes)
7fff6 info: TimeForMove: 1
77fe6 dfpn: e7
77fe6 dfpn: c7
77fe6 dfpn: c8
77fe6 dfpn: d8
77fe6 dfpn: f7
77fe6 dfpn: d7
77fe6 dfpn: f6
77fe6 dfpn: b8
77fe6 dfpn: b10
77fe6 dfpn: c9
77fe6 dfpn: b7
77fe6 dfpn: b9
77fe6 dfpn: e6
77fe6 dfpn: e8
77fe6 dfpn: f5
77fe6 dfpn: d6
77fe6 dfpn: e5
77fe6 dfpn: c10
77fe6 dfpn: d9
77fe6 dfpn: c4
7fff6 info: PreSearch: max time reached (45/84).
7fff6 info: Time for PreSearch: 0.203687s
77fe6 dfpn: c5
77fe6 dfpn: d10
77fe6 dfpn: e7
7fff6 info: 
  b573c668d03388f4
  a  b  c  d  e  f  g  h  i  j  k  
 1\.  .  .  .  *  *  *  *  *  *  .\1
  2\.  .  *  *  *  *  *  *  *  *  .\2
   3\.  B  *  *  *  *  *  *  *  *  w\3
    4\.  *  *  *  *  *  *  *  *  .  w\4
     5\.  *  *  *  *  *  *  *  *  W  w\5
      6\.  B  *  *  *  *  W  W  .  .  w\6
       7\.  *  *  *  *  *  B  *  *  *  .\7
        8\.  *  *  *  *  *  *  *  *  *  .\8
         9\.  *  *  *  *  *  *  *  *  *  .\9
         10\.  *  *  *  *  *  *  *  *  *  .\10
          11\.  *  *  *  *  *  *  *  .  B  b\11
              a  b  c  d  e  f  g  h  i  j  k  
7fff6 info: Old: [black, b6] [white, swap-pieces] [white, g6] [black, j11] [white, j5] [black, g7] 
7fff6 info: New: [black, b6] [white, swap-pieces] [white, g6] [black, j11] [white, j5] [black, g7] [white, h6] [black, b3] 
7fff6 info: MovesPlayed: [white, h6] [black, b3] 
7fff6 info: No subtree to reuse.
7fff6 info: StartSearch()[0]
7fff6 info: 
Elapsed Time   0.512598s
Count          1
GamesPlayed    1
Nodes          1
Knowledge      0 (0.0%)
Expansions     0.0
Time           0.00
GameLen        109.0 dev=0.0 min=109.0 max=109.0
InTree         0.0 dev=0.0 min=0.0 max=0.0
KnowDepth      -
Aborted        0%
Games/s        2924.0
Score          0.00
Sequence      
7fff6 info: 
7fff6 warning: **** MoHexSearch returned empty sequence!
7fff6 warning: **** Returning random move!
7fff6 info: *** Player move: j1
77fe6 info: DfpnSolver::CheckAbort(): Abort flag!
ccbd6 info: 
MID calls      39
VC builds      38
Terminal       0
Work           39
Wasted Work    0 (0%)
Elapsed Time   0.530196
MIDs/sec       73.5577
VCs/sec        71.6716
Cnt prune sib  0
Avg prune sib  -
Consider Size  55.2895 dev=30.16 min=6 max=84
Move Index     -
Move Percent   -
Delta Increase 3.34211 dev=12.7037 min=1 max=80
Winner         empty
PV             e7 d8 b5 d7

HashTableStatistics:
Stores         474
LookupAttempt  47493
LookupSuccess  2755
Collisions     0

ccbd6 info: Search aborted.
3f937 info: PlayAndSolve: Building VCs to avoid race condition.
3f937 info: PlayAndSolve: Continuing on as usual.
ccbd6 info: *** PlayerThread ***
7fff6 info: *** SolverThread ***
77fe6 config: VCS: reading captured set patterns from '/home/linus/MoHex2.0/nfbranchfix/benzene-vanilla-cmake/share/vc-captured-set.txt'.
77fe6 config: VCS:: parsed 2 patterns.
77fe6 config: VCS: reading captured set patterns from '/home/linus/MoHex2.0/nfbranchfix/benzene-vanilla-cmake/share/vc-captured-set.txt'.
77fe6 config: VCS:: parsed 2 patterns.
77fe6 dfpn: 
ccbd6 info: Best move cannot be determined, must search state.
ccbd6 info: --- MoHexPlayer::Search() ---
ccbd6 info: Color: white
ccbd6 info: MaxGames: 1
ccbd6 info: NumberThreads: 1
ccbd6 info: MaxNodes: 181818181 (15999999928 bytes)
ccbd6 info: TimeForMove: 1
77fe6 dfpn: e7
77fe6 dfpn: c7
77fe6 dfpn: c8
77fe6 dfpn: d8
77fe6 dfpn: d7
77fe6 dfpn: b8
77fe6 dfpn: f7
77fe6 dfpn: b10
77fe6 dfpn: b7
77fe6 dfpn: c9
77fe6 dfpn: b9
77fe6 dfpn: f6
77fe6 dfpn: e6
77fe6 dfpn: e8
77fe6 dfpn: f5
77fe6 dfpn: d6
77fe6 dfpn: c4
77fe6 dfpn: e5
77fe6 dfpn: c10
77fe6 dfpn: d9
77fe6 dfpn: b5
77fe6 dfpn: e7
ccbd6 info: PreSearch: max time reached (56/78).
ccbd6 info: Time for PreSearch: 0.202391s
ccbd6 info: 
  ef4710c468196c23
  a  b  c  d  e  f  g  h  i  j  k  
 1\.  .  .  .  *  *  *  *  *  W  .\1
  2\.  .  *  *  *  *  *  *  *  .  w\2
   3\.  B  *  *  *  *  *  *  *  .  w\3
    4\.  *  *  *  *  *  *  *  B  w  w\4
     5\.  *  *  *  *  *  *  .  .  W  w\5
      6\.  B  *  *  *  *  W  W  .  .  w\6
       7\.  *  *  *  *  *  B  *  *  *  .\7
        8\.  *  *  *  *  *  *  *  *  *  .\8
         9\.  *  *  *  *  *  *  *  *  *  .\9
         10\.  *  *  *  *  *  *  *  *  *  .\10
          11\.  *  *  *  *  *  *  *  .  B  b\11
              a  b  c  d  e  f  g  h  i  j  k  
ccbd6 info: Old: [black, b6] [white, swap-pieces] [white, g6] [black, j11] [white, j5] [black, g7] [white, h6] [black, b3] 
ccbd6 info: New: [black, b6] [white, swap-pieces] [white, g6] [black, j11] [white, j5] [black, g7] [white, h6] [black, b3] [white, j1] [black, i4] 
ccbd6 info: MovesPlayed: [white, j1] [black, i4] 
ccbd6 info: No subtree to reuse.
77fe6 dfpn: c8
ccbd6 info: StartSearch()[0]
ccbd6 info: 
Elapsed Time   0.371093s
Count          1
GamesPlayed    1
Nodes          1
Knowledge      0 (0.0%)
Expansions     0.0
Time           0.00
GameLen        105.0 dev=0.0 min=105.0 max=105.0
InTree         0.0 dev=0.0 min=0.0 max=0.0
KnowDepth      -
Aborted        0%
Games/s        3322.3
Score          0.00
Sequence      
ccbd6 info: 
ccbd6 warning: **** MoHexSearch returned empty sequence!
ccbd6 warning: **** Returning random move!
ccbd6 info: *** Player move: g1
77fe6 info: DfpnSolver::CheckAbort(): Abort flag!
7fff6 info: 
MID calls      44
VC builds      42
Terminal       0
Work           44
Wasted Work    0 (0%)
Elapsed Time   0.39306
MIDs/sec       111.942
VCs/sec        106.854
Cnt prune sib  0
Avg prune sib  -
Consider Size  52.6905 dev=28.7075 min=5 max=78
Move Index     -
Move Percent   -
Delta Increase 4.72093 dev=15.4819 min=1 max=75
Winner         empty
PV             c8 d7 d8 f7

HashTableStatistics:
Stores         583
LookupAttempt  56517
LookupSuccess  3375
Collisions     0

7fff6 info: Search aborted.
3f937 info: PlayAndSolve: Building VCs to avoid race condition.
3f937 info: PlayAndSolve: Continuing on as usual.
7fff6 info: *** PlayerThread ***
ccbd6 info: *** SolverThread ***
77fe6 config: VCS: reading captured set patterns from '/home/linus/MoHex2.0/nfbranchfix/benzene-vanilla-cmake/share/vc-captured-set.txt'.
77fe6 config: VCS:: parsed 2 patterns.
77fe6 config: VCS: reading captured set patterns from '/home/linus/MoHex2.0/nfbranchfix/benzene-vanilla-cmake/share/vc-captured-set.txt'.
77fe6 config: VCS:: parsed 2 patterns.
77fe6 dfpn: 
7fff6 info: Best move cannot be determined, must search state.
7fff6 info: --- MoHexPlayer::Search() ---
7fff6 info: Color: white
7fff6 info: MaxGames: 1
7fff6 info: NumberThreads: 1
7fff6 info: MaxNodes: 181818181 (15999999928 bytes)
7fff6 info: TimeForMove: 1
77fe6 dfpn: e7
77fe6 dfpn: c7
77fe6 dfpn: c8
77fe6 dfpn: d8
77fe6 dfpn: b8
77fe6 dfpn: b7
77fe6 dfpn: d7
77fe6 dfpn: b10
77fe6 dfpn: f7
77fe6 dfpn: b9
77fe6 dfpn: c9
77fe6 dfpn: f6
77fe6 dfpn: e6
77fe6 dfpn: c4
77fe6 dfpn: e8
77fe6 dfpn: b5
77fe6 dfpn: d6
77fe6 dfpn: f5
77fe6 dfpn: c10
77fe6 dfpn: c6
77fe6 dfpn: d9
77fe6 dfpn: e7
7fff6 info: PreSearch: max time reached (51/77).
7fff6 info: Time for PreSearch: 0.201284s
7fff6 info: 
  b4951d0901305297
  a  b  c  d  e  f  g  h  i  j  k  
 1\b  b  B  .  *  *  W  *  *  W  .\1
  2\w  .  *  *  *  *  *  *  *  .  w\2
   3\w  B  *  *  *  *  *  *  *  .  w\3
    4\.  *  *  *  *  *  *  *  B  w  w\4
     5\.  *  *  *  *  *  *  .  .  W  w\5
      6\.  B  *  *  *  *  W  W  .  .  w\6
       7\.  *  *  *  *  *  B  *  *  *  .\7
        8\.  *  *  *  *  *  *  *  *  *  .\8
         9\.  *  *  *  *  *  *  *  *  *  .\9
         10\.  *  *  *  *  *  *  *  *  *  .\10
          11\.  *  *  *  *  *  *  *  .  B  b\11
              a  b  c  d  e  f  g  h  i  j  k  
7fff6 info: Old: [black, b6] [white, swap-pieces] [white, g6] [black, j11] [white, j5] [black, g7] [white, h6] [black, b3] [white, j1] [black, i4] 
7fff6 info: New: [black, b6] [white, swap-pieces] [white, g6] [black, j11] [white, j5] [black, g7] [white, h6] [black, b3] [white, j1] [black, i4] [white, g1] [black, c1] 
7fff6 info: MovesPlayed: [white, g1] [black, c1] 
7fff6 info: No subtree to reuse.
77fe6 dfpn: c8
7fff6 info: StartSearch()[0]
7fff6 info: 
Elapsed Time   0.353083s
Count          1
GamesPlayed    1
Nodes          1
Knowledge      0 (0.0%)
Expansions     0.0
Time           0.00
GameLen        99.0 dev=0.0 min=99.0 max=99.0
InTree         0.0 dev=0.0 min=0.0 max=0.0
KnowDepth      -
Aborted        0%
Games/s        3846.2
Score          0.00
Sequence      
7fff6 info: 
7fff6 warning: **** MoHexSearch returned empty sequence!
7fff6 warning: **** Returning random move!
7fff6 info: *** Player move: i3
77fe6 info: DfpnSolver::CheckAbort(): Abort flag!
ccbd6 info: 
MID calls      50
VC builds      47
Terminal       0
Work           50
Wasted Work    0 (0%)
Elapsed Time   0.363628
MIDs/sec       137.503
VCs/sec        129.253
Cnt prune sib  0
Avg prune sib  -
Consider Size  55.7234 dev=26.3 min=6 max=77
Move Index     -
Move Percent   -
Delta Increase 2.77551 dev=10.2325 min=1 max=73
Winner         empty
PV             c8 e7 d6

HashTableStatistics:
Stores         705
LookupAttempt  65940
LookupSuccess  4002
Collisions     0

ccbd6 info: Search aborted.
3f937 info: PlayAndSolve: Building VCs to avoid race condition.
3f937 info: PlayAndSolve: Continuing on as usual.
ccbd6 info: *** PlayerThread ***
7fff6 info: *** SolverThread ***
77fe6 config: VCS: reading captured set patterns from '/home/linus/MoHex2.0/nfbranchfix/benzene-vanilla-cmake/share/vc-captured-set.txt'.
77fe6 config: VCS:: parsed 2 patterns.
77fe6 config: VCS: reading captured set patterns from '/home/linus/MoHex2.0/nfbranchfix/benzene-vanilla-cmake/share/vc-captured-set.txt'.
77fe6 config: VCS:: parsed 2 patterns.
77fe6 dfpn: 
ccbd6 info: Best move cannot be determined, must search state.
ccbd6 info: --- MoHexPlayer::Search() ---
ccbd6 info: Color: white
ccbd6 info: MaxGames: 1
ccbd6 info: NumberThreads: 1
ccbd6 info: MaxNodes: 181818181 (15999999928 bytes)
ccbd6 info: TimeForMove: 1
77fe6 dfpn: e7
77fe6 dfpn: c7
77fe6 dfpn: c8
77fe6 dfpn: b7
77fe6 dfpn: b8
77fe6 dfpn: d8
77fe6 dfpn: d7
77fe6 dfpn: b9
77fe6 dfpn: f7
77fe6 dfpn: c9
77fe6 dfpn: b10
77fe6 dfpn: e6
77fe6 dfpn: c4
77fe6 dfpn: f6
77fe6 dfpn: e8
77fe6 dfpn: b5
77fe6 dfpn: d6
77fe6 dfpn: c6
77fe6 dfpn: d9
77fe6 dfpn: e7
ccbd6 info: PreSearch: max time reached (50/72).
ccbd6 info: Time for PreSearch: 0.202162s
77fe6 dfpn: b7
ccbd6 info: 
  5c65953f731c5323
  a  b  c  d  e  f  g  h  i  j  k  
 1\b  b  B  .  *  *  W  *  *  W  .\1
  2\w  .  *  *  *  *  *  *  .  .  w\2
   3\w  B  *  *  *  *  *  *  W  .  w\3
    4\.  *  *  *  *  *  *  *  B  w  w\4
     5\.  *  *  *  *  *  *  .  .  W  w\5
      6\.  B  *  *  *  *  W  W  .  .  w\6
       7\.  *  *  *  *  *  B  *  *  *  .\7
        8\.  *  *  *  *  *  *  *  *  *  .\8
         9\.  *  *  *  *  *  *  *  *  *  .\9
         10\.  *  *  *  *  *  *  *  .  B  b\10
          11\.  *  *  *  *  *  .  b  b  B  b\11
              a  b  c  d  e  f  g  h  i  j  k  
