# nice ../build/src/mohex/mohex --config mohex-weak.htp --seed 164456 --logfile-name jobs/11x11-mohex-mohex-weak-vs-mohex-mohex-cg2010/mohex-mohex-weak-30.log
>boardsize 11 11
<= 
<
>name
MoHex 2.0.CMake Mar 21 2025
Copyright (C) 2007-2012 by the authors of the Benzene project.
This program comes with ABSOLUTELY NO WARRANTY. This is
free software and you are welcome to redistribute it under
certain conditions. Type `benzene-license' for details.

SgRandom::SetSeed: 164456
SgUctSearch: system memory 33632358400, using 1000000000 (5681818 nodes)
SgRandom::SetSeed: 1
SgRandom::SetSeed: 164456
8f097 info: Prior Patterns:
8f097 info: Global:
8f097 info: Size            = 565 32648 
8f097 info: TableEntries    = 65932 65910
8f097 info: MirrorsAdded    = 0 0
8f097 info: PrunableCount   = 30593 30629
8f097 info: LargestGamma    = 5820.77
8f097 info: SmallestGamma   = 6.6e-05
8f097 info: Local:
8f097 info: Size            = 550 5318 
8f097 info: TableEntries    = 11602 11588
8f097 info: MirrorsAdded    = 0 0
8f097 info: PrunableCount   = 3659 3667
8f097 info: LargestGamma    = 11281.8
8f097 info: SmallestGamma   = 0.026235
8f097 info: Playout Patterns:
8f097 info: Global:
8f097 info: Size            = 565 32648 
8f097 info: TableEntries    = 70329 70329
8f097 info: MirrorsAdded    = 4397 4419
8f097 info: PrunableCount   = 30593 30629
8f097 info: LargestGamma    = 5820.77
8f097 info: SmallestGamma   = 6.6e-05
8f097 info: Local:
8f097 info: Size            = 550 5318 
8f097 info: TableEntries    = 11602 11588
8f097 info: MirrorsAdded    = 0 0
8f097 info: PrunableCount   = 3659 3667
8f097 info: LargestGamma    = 11281.8
8f097 info: SmallestGamma   = 0.026235
param_game allow_swap 1
= 

param_mohex max_memory 1600000
= 

param_mohex num_threads 1
= 

param_mohex max_time 1
= 

param_mohex max_games 1
= 

param_mohex knowledge_threshold 400
= 

param_mohex reuse_subtree 1
= 

param_mohex use_parallel_solver 1
= 

<= MoHex
<
>version
<= 2.0.CMake
<
>play b b5
<= 
<
>showboard
<= 
< 
<  858bade34cb69b71
<  a  b  c  d  e  f  g  h  i  j  k  
< 1\.  .  .  .  .  .  .  .  .  .  .\1
<  2\.  .  .  .  .  .  .  .  .  .  .\2
<   3\.  .  .  .  .  .  .  .  .  .  .\3
<    4\.  .  .  .  .  .  .  .  .  .  .\4
<     5\.  B  .  .  .  .  .  .  .  .  .\5
<      6\.  .  .  .  .  .  .  .  .  .  .\6
<       7\.  .  .  .  .  .  .  .  .  .  .\7
<        8\.  .  .  .  .  .  .  .  .  .  .\8
<         9\.  .  .  .  .  .  .  .  .  .  .\9
<         10\.  .  .  .  .  .  .  .  .  .  .\10
<          11\.  .  .  .  .  .  .  .  .  .  .\11
<              a  b  c  d  e  f  g  h  i  j  k  
<
>play w swap-pieces
<= 
<
>genmove w
<= h7
<
>play b i11
8f097 info: PlayAndSolve: Building VCs to avoid race condition.
8f097 info: PlayAndSolve: Continuing on as usual.
1c336 info: *** PlayerThread ***
14326 info: *** SolverThread ***
1c336 info: Best move cannot be determined, must search state.
1c336 info: --- MoHexPlayer::Search() ---
1c336 info: Color: white
1c336 info: MaxGames: 1
1c336 info: NumberThreads: 1
1c336 info: MaxNodes: 9090 (799920 bytes)
1c336 info: TimeForMove: 1
1c336 info: PreSearch: max time reached (50/90).
1c336 info: Time for PreSearch: 0.200676s
1c336 info: 
  858bade34cb69b71
  a  b  c  d  e  f  g  h  i  j  k  
 1\.  .  .  *  *  *  *  *  *  *  .\1
  2\.  .  *  *  .  *  *  *  *  *  .\2
   3\.  *  *  *  *  *  *  *  *  *  .\3
    4\.  *  *  *  *  *  *  *  *  *  .\4
     5\.  B  *  *  *  *  *  *  *  *  .\5
      6\.  *  *  *  *  *  *  *  *  *  .\6
       7\.  *  *  *  *  *  *  *  *  *  .\7
        8\.  *  *  *  *  *  *  *  *  *  .\8
         9\.  *  *  *  *  *  *  *  *  *  .\9
         10\.  *  *  *  *  *  .  *  *  .  .\10
          11\.  *  *  *  *  *  *  *  .  .  .\11
              a  b  c  d  e  f  g  h  i  j  k  
1c336 info: No subtree to reuse.
1c336 info: Creating thread 0
1c336 info: StartSearch()[0]
SgUctSearch: max games reached
1c336 info: 
Elapsed Time   0.556272s
Count          1
GamesPlayed    1
Nodes          1
Knowledge      0 (0.0%)
Expansions     0.0
Time           0.00
GameLen        120.0 dev=0.0 min=120.0 max=120.0
InTree         0.0 dev=0.0 min=0.0 max=0.0
KnowDepth      -
Aborted        0%
Games/s        378.6
Score          0.00
Sequence      
1c336 info: 
1c336 warning: **** MoHexSearch returned empty sequence!
1c336 warning: **** Returning random move!
1c336 info: *** Player move: h7
0c316 info: DfpnSolver::CheckAbort(): Abort flag!
14326 info: 
MID calls      69
VC builds      67
Terminal       0
Work           69
Wasted Work    0 (0%)
Elapsed Time   0.573363
MIDs/sec       120.343
VCs/sec        116.854
Cnt prune sib  0
Avg prune sib  -
Consider Size  83.806 dev=4.79817 min=74 max=90
Move Index     -
Move Percent   -
Delta Increase 3.42647 dev=13.6805 min=1 max=82
Winner         empty
PV             b9 j2 e6 g5

HashTableStatistics:
Stores         161
LookupAttempt  14349
LookupSuccess  748
Collisions     0

14326 info: Search aborted.
<= 
<
>genmove w
<= f6
<
>play b e7
8f097 info: PlayAndSolve: Building VCs to avoid race condition.
8f097 info: PlayAndSolve: Continuing on as usual.
14326 info: *** PlayerThread ***
1c336 info: *** SolverThread ***
14326 info: Best move cannot be determined, must search state.
14326 info: --- MoHexPlayer::Search() ---
14326 info: Color: white
14326 info: MaxGames: 1
14326 info: NumberThreads: 1
14326 info: MaxNodes: 9090 (799920 bytes)
14326 info: TimeForMove: 1
14326 info: PreSearch: max time reached (38/89).
14326 info: Time for PreSearch: 0.200275s
14326 info: 
  fe5f092d21c43d65
  a  b  c  d  e  f  g  h  i  j  k  
 1\.  .  .  *  *  *  *  *  *  *  .\1
  2\.  .  *  *  *  *  *  *  *  *  .\2
   3\.  *  *  *  *  *  *  *  *  *  .\3
    4\.  *  *  *  *  *  *  *  *  *  .\4
     5\.  B  *  *  *  *  *  *  *  *  .\5
      6\.  *  *  *  *  *  *  *  *  *  .\6
       7\.  *  *  *  *  *  *  W  *  *  .\7
        8\.  *  *  *  *  *  *  *  *  *  .\8
         9\.  *  *  *  *  *  *  *  *  .  .\9
         10\.  *  *  *  *  *  *  *  *  .  .\10
          11\.  *  *  *  *  *  *  .  B  b  b\11
              a  b  c  d  e  f  g  h  i  j  k  
14326 info: Old: [black, b5] [white, swap-pieces] 
14326 info: New: [black, b5] [white, swap-pieces] [white, h7] [black, i11] 
14326 info: ReuseSubtree: Colors do not alternate.
14326 info: No subtree to reuse.
14326 info: StartSearch()[0]
SgUctSearch: max games reached
14326 info: 
Elapsed Time   0.419542s
Count          1
GamesPlayed    1
Nodes          1
Knowledge      0 (0.0%)
Expansions     0.0
Time           0.00
GameLen        116.0 dev=0.0 min=116.0 max=116.0
InTree         0.0 dev=0.0 min=0.0 max=0.0
KnowDepth      -
Aborted        0%
Games/s        2958.6
Score          1.00
Sequence      
14326 info: 
14326 warning: **** MoHexSearch returned empty sequence!
14326 warning: **** Returning random move!
14326 info: *** Player move: f6
0c316 info: DfpnSolver::CheckAbort(): Abort flag!
1c336 info: 
MID calls      43
VC builds      42
Terminal       0
Work           43
Wasted Work    0 (0%)
Elapsed Time   0.439379
MIDs/sec       97.8654
VCs/sec        95.5895
Cnt prune sib  0
Avg prune sib  -
Consider Size  85.5476 dev=3.15594 min=81 max=89
Move Index     -
Move Percent   -
Delta Increase 2.95238 dev=12.3461 min=1 max=82
Winner         empty
PV             b9 c6 d7

HashTableStatistics:
Stores         271
LookupAttempt  26442
LookupSuccess  1469
Collisions     0

1c336 info: Search aborted.
<= 
<
>genmove w
<= d9
<
>play b j6
8f097 info: PlayAndSolve: Building VCs to avoid race condition.
8f097 info: PlayAndSolve: Continuing on as usual.
1c336 info: *** PlayerThread ***
14326 info: *** SolverThread ***
1c336 info: Best move cannot be determined, must search state.
1c336 info: --- MoHexPlayer::Search() ---
1c336 info: Color: white
1c336 info: MaxGames: 1
1c336 info: NumberThreads: 1
1c336 info: MaxNodes: 9090 (799920 bytes)
1c336 info: TimeForMove: 1
1c336 info: PreSearch: max time reached (35/87).
1c336 info: Time for PreSearch: 0.201176s
1c336 info: 
  9d501581dca74e63
  a  b  c  d  e  f  g  h  i  j  k  
 1\.  .  .  *  *  *  *  *  *  *  .\1
  2\.  .  *  *  *  *  *  *  *  *  .\2
   3\.  *  *  *  *  *  *  *  *  *  .\3
    4\.  *  *  *  *  *  *  *  *  *  .\4
     5\.  B  *  *  *  *  *  *  *  *  .\5
      6\.  *  *  *  *  W  *  *  *  *  .\6
       7\.  *  *  *  B  *  *  W  *  *  .\7
        8\.  *  *  *  *  *  *  *  *  *  .\8
         9\.  *  *  *  *  *  *  *  *  .  .\9
         10\.  *  *  *  *  *  *  *  *  .  .\10
          11\.  *  *  *  *  *  *  .  B  b  b\11
              a  b  c  d  e  f  g  h  i  j  k  
1c336 info: Old: [black, b5] [white, swap-pieces] [white, h7] [black, i11] 
1c336 info: New: [black, b5] [white, swap-pieces] [white, h7] [black, i11] [white, f6] [black, e7] 
1c336 info: MovesPlayed: [white, f6] [black, e7] 
1c336 info: No subtree to reuse.
1c336 info: StartSearch()[0]
SgUctSearch: max games reached
1c336 info: 
Elapsed Time   0.350977s
Count          1
GamesPlayed    1
Nodes          1
Knowledge      0 (0.0%)
Expansions     0.0
Time           0.00
GameLen        114.0 dev=0.0 min=114.0 max=114.0
InTree         0.0 dev=0.0 min=0.0 max=0.0
KnowDepth      -
Aborted        0%
Games/s        3521.1
Score          1.00
Sequence      
1c336 info: 
1c336 warning: **** MoHexSearch returned empty sequence!
1c336 warning: **** Returning random move!
1c336 info: *** Player move: d9
0c316 info: DfpnSolver::CheckAbort(): Abort flag!
14326 info: 
MID calls      34
VC builds      33
Terminal       0
Work           34
Wasted Work    0 (0%)
Elapsed Time   0.365309
MIDs/sec       93.0719
VCs/sec        90.3345
Cnt prune sib  0
Avg prune sib  -
Consider Size  84.303 dev=5.12562 min=58 max=87
Move Index     -
Move Percent   -
Delta Increase 3.42424 dev=13.7136 min=1 max=81
Winner         empty
PV             b7 c7 c6

HashTableStatistics:
Stores         362
LookupAttempt  37204
LookupSuccess  2130
Collisions     0

14326 info: Search aborted.
<= 
<
>genmove w
<= h4
<
>play b k3
8f097 info: PlayAndSolve: Building VCs to avoid race condition.
8f097 info: PlayAndSolve: Continuing on as usual.
14326 info: *** PlayerThread ***
1c336 info: *** SolverThread ***
14326 info: Best move cannot be determined, must search state.
14326 info: --- MoHexPlayer::Search() ---
14326 info: Color: white
14326 info: MaxGames: 1
14326 info: NumberThreads: 1
14326 info: MaxNodes: 9090 (799920 bytes)
14326 info: TimeForMove: 1
14326 info: PreSearch: max time reached (40/85).
14326 info: Time for PreSearch: 0.203195s
14326 info: 
  3ef330521eebc949
  a  b  c  d  e  f  g  h  i  j  k  
 1\.  .  .  *  *  *  *  *  *  *  .\1
  2\.  .  *  *  *  *  *  *  *  *  .\2
   3\.  *  *  *  *  *  *  *  *  *  .\3
    4\.  *  *  *  *  *  *  *  *  *  .\4
     5\.  B  *  *  *  *  *  *  *  *  .\5
      6\.  *  *  *  *  W  *  *  *  B  .\6
       7\.  *  *  *  B  *  *  W  *  *  .\7
        8\.  *  *  *  *  *  *  *  *  *  .\8
         9\.  *  *  W  *  *  *  *  *  .  .\9
         10\.  *  *  *  *  *  *  *  *  .  .\10
          11\.  *  *  *  *  *  *  .  B  b  b\11
              a  b  c  d  e  f  g  h  i  j  k  
14326 info: Old: [black, b5] [white, swap-pieces] [white, h7] [black, i11] [white, f6] [black, e7] 
14326 info: New: [black, b5] [white, swap-pieces] [white, h7] [black, i11] [white, f6] [black, e7] [white, d9] [black, j6] 
14326 info: MovesPlayed: [white, d9] [black, j6] 
14326 info: No subtree to reuse.
14326 info: StartSearch()[0]
SgUctSearch: max games reached
14326 info: 
Elapsed Time   0.375627s
Count          1
GamesPlayed    1
Nodes          1
Knowledge      0 (0.0%)
Expansions     0.0
Time           0.00
GameLen        112.0 dev=0.0 min=112.0 max=112.0
InTree         0.0 dev=0.0 min=0.0 max=0.0
KnowDepth      -
Aborted        0%
Games/s        3236.2
Score          0.00
Sequence      
14326 info: 
14326 warning: **** MoHexSearch returned empty sequence!
14326 warning: **** Returning random move!
14326 info: *** Player move: h4
0c316 info: DfpnSolver::CheckAbort(): Abort flag!
1c336 info: 
MID calls      45
VC builds      43
Terminal       0
Work           45
Wasted Work    0 (0%)
Elapsed Time   0.388268
MIDs/sec       115.899
VCs/sec        110.748
Cnt prune sib  1
Avg prune sib  1 dev=0 min=1 max=1
Consider Size  64.4884 dev=24.012 min=10 max=85
Move Index     -
Move Percent   -
Delta Increase 3.38636 dev=12.074 min=1 max=79
Winner         empty
PV             f8 i5 i4 h5

HashTableStatistics:
Stores         474
LookupAttempt  47810
LookupSuccess  2803
Collisions     0

1c336 info: Search aborted.
<= 
<
>genmove w
<= i7
<
>play b j9
8f097 info: PlayAndSolve: Building VCs to avoid race condition.
8f097 info: PlayAndSolve: Continuing on as usual.
1c336 info: *** PlayerThread ***
14326 info: *** SolverThread ***
1c336 info: Best move cannot be determined, must search state.
1c336 info: --- MoHexPlayer::Search() ---
1c336 info: Color: white
1c336 info: MaxGames: 1
1c336 info: NumberThreads: 1
1c336 info: MaxNodes: 9090 (799920 bytes)
1c336 info: TimeForMove: 1
1c336 info: PreSearch: max time reached (38/84).
1c336 info: Time for PreSearch: 0.200895s
1c336 info: 
  f310375d58f27159
  a  b  c  d  e  f  g  h  i  j  k  
 1\.  .  .  *  *  *  *  *  *  *  .\1
  2\.  .  *  *  *  *  *  *  *  *  .\2
   3\.  *  *  *  *  *  *  *  *  *  B\3
    4\.  *  *  *  *  *  *  W  *  *  .\4
     5\.  B  *  *  *  *  *  *  *  *  .\5
      6\.  *  *  *  *  W  *  *  *  B  .\6
       7\.  *  *  *  B  *  *  W  *  *  .\7
        8\.  *  *  *  *  *  *  *  *  *  .\8
         9\.  *  *  W  *  *  *  *  *  .  .\9
         10\.  *  *  *  *  *  *  *  *  .  .\10
          11\.  *  *  *  *  *  *  .  B  b  b\11
              a  b  c  d  e  f  g  h  i  j  k  
1c336 info: Old: [black, b5] [white, swap-pieces] [white, h7] [black, i11] [white, f6] [black, e7] [white, d9] [black, j6] 
1c336 info: New: [black, b5] [white, swap-pieces] [white, h7] [black, i11] [white, f6] [black, e7] [white, d9] [black, j6] [white, h4] [black, k3] 
1c336 info: MovesPlayed: [white, h4] [black, k3] 
1c336 info: No subtree to reuse.
1c336 info: StartSearch()[0]
SgUctSearch: max games reached
1c336 info: 
Elapsed Time   0.354512s
Count          1
GamesPlayed    1
Nodes          1
Knowledge      0 (0.0%)
Expansions     0.0
Time           0.00
GameLen        110.0 dev=0.0 min=110.0 max=110.0
InTree         0.0 dev=0.0 min=0.0 max=0.0
KnowDepth      -
Aborted        0%
Games/s        3134.8
Score          0.00
Sequence      
1c336 info: 
1c336 warning: **** MoHexSearch returned empty sequence!
1c336 warning: **** Returning random move!
1c336 info: *** Player move: i7
0c316 info: DfpnSolver::CheckAbort(): Abort flag!
14326 info: 
MID calls      40
VC builds      38
Terminal       0
Work           40
Wasted Work    0 (0%)
Elapsed Time   0.383477
MIDs/sec       104.309
VCs/sec        99.0933
Cnt prune sib  0
Avg prune sib  -
Consider Size  71.7105 dev=17.5828 min=17 max=84
Move Index     -
Move Percent   -
Delta Increase 4.84615 dev=14.5241 min=1 max=79
Winner         empty
PV             f8 i8 j7 i7

HashTableStatistics:
Stores         575
LookupAttempt  57975
LookupSuccess  3422
Collisions     0

14326 info: Search aborted.
<= 
<
>genmove w
<= f11
<
>play b d3
8f097 info: PlayAndSolve: Building VCs to avoid race condition.
8f097 info: PlayAndSolve: Continuing on as usual.
14326 info: *** PlayerThread ***
1c336 info: *** SolverThread ***
14326 info: Best move cannot be determined, must search state.
14326 info: --- MoHexPlayer::Search() ---
14326 info: Color: white
14326 info: MaxGames: 1
14326 info: NumberThreads: 1
14326 info: MaxNodes: 9090 (799920 bytes)
14326 info: TimeForMove: 1
14326 info: PreSearch: max time reached (38/83).
14326 info: Time for PreSearch: 0.200639s
14326 info: 
  a34104296b42efdf
  a  b  c  d  e  f  g  h  i  j  k  
 1\.  .  .  *  *  *  *  *  *  *  .\1
  2\.  .  *  *  *  *  *  *  *  *  .\2
   3\.  *  *  *  *  *  *  *  *  *  B\3
    4\.  *  *  *  *  *  *  W  *  *  .\4
     5\.  B  *  *  *  *  *  *  *  *  .\5
      6\.  *  *  *  *  W  *  *  *  B  .\6
       7\.  *  *  *  B  *  *  W  W  *  .\7
        8\.  *  *  *  *  *  *  *  *  *  .\8
         9\.  *  *  W  *  *  *  *  *  B  w\9
         10\.  *  *  *  *  *  *  *  *  .  w\10
          11\.  *  *  *  *  *  *  .  B  b  b\11
              a  b  c  d  e  f  g  h  i  j  k  
14326 info: Old: [black, b5] [white, swap-pieces] [white, h7] [black, i11] [white, f6] [black, e7] [white, d9] [black, j6] [white, h4] [black, k3] 
14326 info: New: [black, b5] [white, swap-pieces] [white, h7] [black, i11] [white, f6] [black, e7] [white, d9] [black, j6] [white, h4] [black, k3] [white, i7] [black, j9] 
14326 info: MovesPlayed: [white, i7] [black, j9] 
14326 info: No subtree to reuse.
14326 info: StartSearch()[0]
SgUctSearch: max games reached
14326 info: 
Elapsed Time   0.370112s
Count          1
GamesPlayed    1
Nodes          1
Knowledge      0 (0.0%)
Expansions     0.0
Time           0.00
GameLen        106.0 dev=0.0 min=106.0 max=106.0
InTree         0.0 dev=0.0 min=0.0 max=0.0
KnowDepth      -
Aborted        0%
Games/s        3164.6
Score          1.00
Sequence      
14326 info: 
14326 warning: **** MoHexSearch returned empty sequence!
14326 warning: **** Returning random move!
14326 info: *** Player move: f11
0c316 info: DfpnSolver::CheckAbort(): Abort flag!
1c336 info: 
MID calls      41
VC builds      39
Terminal       0
Work           41
Wasted Work    0 (0%)
Elapsed Time   0.389523
MIDs/sec       105.257
VCs/sec        100.122
Cnt prune sib  0
Avg prune sib  -
Consider Size  66.7692 dev=17.8706 min=20 max=83
Move Index     -
Move Percent   -
Delta Increase 4.6 dev=14.1594 min=1 max=78
Winner         empty
PV             f8 c9 b8 j7

HashTableStatistics:
Stores         678
LookupAttempt  67920
LookupSuccess  4042
Collisions     0

1c336 info: Search aborted.
<= 
<
>genmove w
<= b10
<
>play b e3
8f097 info: PlayAndSolve: Building VCs to avoid race condition.
8f097 info: PlayAndSolve: Continuing on as usual.
1c336 info: *** PlayerThread ***
14326 info: *** SolverThread ***
1c336 info: Best move cannot be determined, must search state.
1c336 info: --- MoHexPlayer::Search() ---
1c336 info: Color: white
1c336 info: MaxGames: 1
1c336 info: NumberThreads: 1
1c336 info: MaxNodes: 9090 (799920 bytes)
1c336 info: TimeForMove: 1
1c336 info: PreSearch: max time reached (39/81).
1c336 info: Time for PreSearch: 0.201257s
1c336 info: 
  10a31eb20bcff0f6
  a  b  c  d  e  f  g  h  i  j  k  
 1\.  .  .  *  *  *  *  *  *  *  .\1
  2\.  .  *  *  *  *  *  *  *  *  .\2
   3\.  *  *  B  *  *  *  *  *  *  B\3
    4\.  *  *  *  *  *  *  W  *  *  .\4
     5\.  B  *  *  *  *  *  *  *  *  .\5
      6\.  *  *  *  *  W  *  *  *  B  .\6
       7\.  *  *  *  B  *  *  W  W  *  .\7
        8\.  *  *  *  *  *  *  *  *  *  .\8
         9\.  *  *  W  *  *  *  *  *  B  w\9
         10\.  *  *  *  *  *  *  *  *  .  w\10
          11\.  *  *  *  *  W  *  .  B  b  b\11
              a  b  c  d  e  f  g  h  i  j  k  
1c336 info: Old: [black, b5] [white, swap-pieces] [white, h7] [black, i11] [white, f6] [black, e7] [white, d9] [black, j6] [white, h4] [black, k3] [white, i7] [black, j9] 
1c336 info: New: [black, b5] [white, swap-pieces] [white, h7] [black, i11] [white, f6] [black, e7] [white, d9] [black, j6] [white, h4] [black, k3] [white, i7] [black, j9] [white, f11] [black, d3] 
1c336 info: MovesPlayed: [white, f11] [black, d3] 
1c336 info: No subtree to reuse.
1c336 info: StartSearch()[0]
SgUctSearch: max games reached
1c336 info: 
Elapsed Time   0.349235s
Count          1
GamesPlayed    1
Nodes          1
Knowledge      0 (0.0%)
Expansions     0.0
Time           0.00
GameLen        104.0 dev=0.0 min=104.0 max=104.0
InTree         0.0 dev=0.0 min=0.0 max=0.0
KnowDepth      -
Aborted        0%
Games/s        3745.3
Score          0.00
Sequence      
1c336 info: 
1c336 warning: **** MoHexSearch returned empty sequence!
1c336 warning: **** Returning random move!
1c336 info: *** Player move: b10
0c316 info: DfpnSolver::CheckAbort(): Abort flag!
14326 info: 
MID calls      37
VC builds      35
Terminal       0
Work           37
Wasted Work    0 (0%)
Elapsed Time   0.370914
MIDs/sec       99.7536
VCs/sec        94.3615
Cnt prune sib  0
Avg prune sib  -
Consider Size  66.1429 dev=16.7624 min=20 max=81
Move Index     -
Move Percent   -
Delta Increase 4.88889 dev=14.4391 min=1 max=76
Winner         empty
PV             f8 c9 j7 b10

HashTableStatistics:
Stores         773
LookupAttempt  77382
LookupSuccess  4658
Collisions     0

14326 info: Search aborted.
<= 
<
>genmove w
<= f8
<
>play b c9
8f097 info: PlayAndSolve: Building VCs to avoid race condition.
8f097 info: PlayAndSolve: Continuing on as usual.
14326 info: *** PlayerThread ***
1c336 info: *** SolverThread ***
14326 info: Best move cannot be determined, must search state.
14326 info: --- MoHexPlayer::Search() ---
14326 info: Color: white
14326 info: MaxGames: 1
14326 info: NumberThreads: 1
14326 info: MaxNodes: 9090 (799920 bytes)
14326 info: TimeForMove: 1
14326 info: Winning sequence found before UCT search!
14326 info: Sequence: f8
14326 info: *** Player move: f8
1c336 info: 
MID calls      1
VC builds      2
Terminal       1
Work           2
Wasted Work    1 (50%)
Elapsed Time   0.021443
MIDs/sec       46.6353
VCs/sec        93.2705
Cnt prune sib  0
Avg prune sib  -
Consider Size  75 dev=0 min=75 max=75
Move Index     0 dev=0 min=0 max=0
Move Percent   0 dev=0 min=0 max=0
Delta Increase 1 dev=0 min=1 max=1
Winner         white
PV             f8

HashTableStatistics:
Stores         777
LookupAttempt  77767
LookupSuccess  4666
Collisions     0

1c336 info: *** FOUND WIN!!! ***
1c336 info: PV: f8
<= 
<
>genmove w
<= c10
<
>play b e9
8f097 info: PlayAndSolve: Building VCs to avoid race condition.
8f097 info: PlayAndSolve: Continuing on as usual.
14326 info: *** SolverThread ***
1c336 info: *** PlayerThread ***
1c336 info: Winning SC.
1c336 info: *** Player move: c10
14326 info: 
MID calls      0
VC builds      1
Terminal       1
Work           1
Wasted Work    0 (0%)
Elapsed Time   0.013953
MIDs/sec       0
VCs/sec        71.6692
Cnt prune sib  0
Avg prune sib  -
Consider Size  -
Move Index     -
Move Percent   -
Delta Increase -
Winner         white
PV             

HashTableStatistics:
Stores         778
LookupAttempt  77773
LookupSuccess  4669
Collisions     0

<= 
<
>genmove w
<= e8
<
>play b g8
8f097 info: PlayAndSolve: Building VCs to avoid race condition.
8f097 info: PlayAndSolve: Continuing on as usual.
1c336 info: *** SolverThread ***
14326 info: *** PlayerThread ***
14326 info: Winning SC.
14326 info: *** Player move: e8
1c336 info: 
MID calls      0
VC builds      1
Terminal       1
Work           1
Wasted Work    0 (0%)
Elapsed Time   0.011334
MIDs/sec       0
VCs/sec        88.2301
Cnt prune sib  0
Avg prune sib  -
Consider Size  -
Move Index     -
Move Percent   -
Delta Increase -
Winner         white
PV             

HashTableStatistics:
Stores         779
LookupAttempt  77779
LookupSuccess  4672
Collisions     0

<= 
<
>genmove w
<= g7
<
>play b j7
8f097 info: PlayAndSolve: Building VCs to avoid race condition.
8f097 info: PlayAndSolve: Continuing on as usual.
14326 info: *** SolverThread ***
1c336 info: *** PlayerThread ***
1c336 info: Winning SC.
1c336 info: *** Player move: g7
14326 info: 
MID calls      0
VC builds      1
Terminal       1
Work           1
Wasted Work    0 (0%)
Elapsed Time   0.013729
MIDs/sec       0
VCs/sec        72.8385
Cnt prune sib  0
Avg prune sib  -
Consider Size  -
Move Index     -
Move Percent   -
Delta Increase -
Winner         white
PV             

HashTableStatistics:
Stores         780
LookupAttempt  77785
LookupSuccess  4675
Collisions     0

<= 
<
>genmove w
<= j5
<
>play b i6
8f097 info: PlayAndSolve: Building VCs to avoid race condition.
8f097 info: PlayAndSolve: Continuing on as usual.
1c336 info: *** SolverThread ***
14326 info: *** PlayerThread ***
1c336 info: 
MID calls      0
VC builds      1
Terminal       1
Work           1
Wasted Work    0 (0%)
Elapsed Time   0.010383
MIDs/sec       0
VCs/sec        96.3113
Cnt prune sib  0
Avg prune sib  -
Consider Size  -
Move Index     -
Move Percent   -
Delta Increase -
Winner         white
PV             

HashTableStatistics:
Stores         781
LookupAttempt  77791
LookupSuccess  4678
Collisions     0

14326 info: Winning SC.
14326 info: *** Player move: j5
<= 
<
>genmove w
<= i5
<
>play b g5
8f097 info: PlayAndSolve: Building VCs to avoid race condition.
8f097 info: PlayAndSolve: Continuing on as usual.
14326 info: *** SolverThread ***
1c336 info: *** PlayerThread ***
1c336 info: Winning SC.
1c336 info: *** Player move: i5
14326 info: 
MID calls      0
VC builds      1
Terminal       1
Work           1
Wasted Work    0 (0%)
Elapsed Time   0.014034
MIDs/sec       0
VCs/sec        71.2555
Cnt prune sib  0
Avg prune sib  -
Consider Size  -
Move Index     -
Move Percent   -
Delta Increase -
Winner         white
PV             

HashTableStatistics:
Stores         782
LookupAttempt  77797
LookupSuccess  4681
Collisions     0

<= 
<
>genmove w
<= h6
<
>play b a10
8f097 info: PlayAndSolve: Building VCs to avoid race condition.
8f097 info: PlayAndSolve: Continuing on as usual.
1c336 info: *** SolverThread ***
14326 info: *** PlayerThread ***
1c336 info: 
MID calls      0
VC builds      1
Terminal       1
Work           1
Wasted Work    0 (0%)
Elapsed Time   0.012841
MIDs/sec       0
VCs/sec        77.8756
Cnt prune sib  0
Avg prune sib  -
Consider Size  -
Move Index     -
Move Percent   -
Delta Increase -
Winner         white
PV             

HashTableStatistics:
Stores         783
LookupAttempt  77803
LookupSuccess  4684
Collisions     0

14326 info: Winning SC.
14326 info: *** Player move: h6
<= 
<
>genmove w
<= a11
<
>play b k4
8f097 info: PlayAndSolve: Building VCs to avoid race condition.
8f097 info: PlayAndSolve: Continuing on as usual.
1c336 info: *** PlayerThread ***
14326 info: *** SolverThread ***
1c336 info: Winning SC.
1c336 info: *** Player move: a11
14326 info: 
MID calls      0
VC builds      1
Terminal       1
Work           1
Wasted Work    0 (0%)
Elapsed Time   0.010551
MIDs/sec       0
VCs/sec        94.7777
Cnt prune sib  0
Avg prune sib  -
Consider Size  -
Move Index     -
Move Percent   -
Delta Increase -
Winner         white
PV             

HashTableStatistics:
Stores         784
LookupAttempt  77809
LookupSuccess  4687
Collisions     0

<= 
<
>genmove w
<= k5
<
>play b resign
8f097 info: PlayAndSolve: Building VCs to avoid race condition.
8f097 info: PlayAndSolve: Continuing on as usual.
14326 info: *** PlayerThread ***
1c336 info: *** SolverThread ***
14326 info: Winning SC.
14326 info: *** Player move: k5
1c336 info: 
MID calls      0
VC builds      1
Terminal       1
Work           1
Wasted Work    0 (0%)
Elapsed Time   0.011961
MIDs/sec       0
VCs/sec        83.605
Cnt prune sib  0
Avg prune sib  -
Consider Size  -
Move Index     -
Move Percent   -
Delta Increase -
Winner         white
PV             

HashTableStatistics:
Stores         785
LookupAttempt  77815
LookupSuccess  4690
Collisions     0

<= 
<
>final_score
<= W+
<
>quit
<= 
<
