a86f7 config: MoHex v2.0.CMake Mar 21 2025.
a86f7 config: ============ InitializeSystem ============
a86f7 config: BenzeneProgram::InitRandom()
a86f7 config: Seed = 171284
a86f7 info: Prior Patterns:
a86f7 info: Global:
a86f7 info: Size            = 565 32648 
a86f7 info: TableEntries    = 65932 65910
a86f7 info: MirrorsAdded    = 0 0
a86f7 info: PrunableCount   = 30593 30629
a86f7 info: LargestGamma    = 5820.77
a86f7 info: SmallestGamma   = 6.6e-05
a86f7 info: Local:
a86f7 info: Size            = 550 5318 
a86f7 info: TableEntries    = 11602 11588
a86f7 info: MirrorsAdded    = 0 0
a86f7 info: PrunableCount   = 3659 3667
a86f7 info: LargestGamma    = 11281.8
a86f7 info: SmallestGamma   = 0.026235
a86f7 info: Playout Patterns:
a86f7 info: Global:
a86f7 info: Size            = 565 32648 
a86f7 info: TableEntries    = 70329 70329
a86f7 info: MirrorsAdded    = 4397 4419
a86f7 info: PrunableCount   = 30593 30629
a86f7 info: LargestGamma    = 5820.77
a86f7 info: SmallestGamma   = 6.6e-05
a86f7 info: Local:
a86f7 info: Size            = 550 5318 
a86f7 info: TableEntries    = 11602 11588
a86f7 info: MirrorsAdded    = 0 0
a86f7 info: PrunableCount   = 3659 3667
a86f7 info: LargestGamma    = 11281.8
a86f7 info: SmallestGamma   = 0.026235
a86f7 config: IcePatternSet: reading from '/home/linus/MoHex2.0/nfbranchfix/benzene-vanilla-cmake/share/ice-patterns.txt'.
a86f7 config: IcePatternSet: parsed 708 patterns.
a86f7 config: VCS: reading captured set patterns from '/home/linus/MoHex2.0/nfbranchfix/benzene-vanilla-cmake/share/vc-captured-set.txt'.
a86f7 config: VCS:: parsed 2 patterns.
a86f7 config: VCS: reading captured set patterns from '/home/linus/MoHex2.0/nfbranchfix/benzene-vanilla-cmake/share/vc-captured-set.txt'.
a86f7 config: VCS:: parsed 2 patterns.
a86f7 config: IcePatternSet: reading from '/home/linus/MoHex2.0/nfbranchfix/benzene-vanilla-cmake/share/ice-patterns.txt'.
a86f7 config: IcePatternSet: parsed 708 patterns.
a86f7 config: VCS: reading captured set patterns from '/home/linus/MoHex2.0/nfbranchfix/benzene-vanilla-cmake/share/vc-captured-set.txt'.
a86f7 config: VCS:: parsed 2 patterns.
a86f7 config: VCS: reading captured set patterns from '/home/linus/MoHex2.0/nfbranchfix/benzene-vanilla-cmake/share/vc-captured-set.txt'.
a86f7 config: VCS:: parsed 2 patterns.
a86f7 config: VCS: reading captured set patterns from '/home/linus/MoHex2.0/nfbranchfix/benzene-vanilla-cmake/share/vc-captured-set.txt'.
a86f7 config: VCS:: parsed 2 patterns.
a86f7 config: VCS: reading captured set patterns from '/home/linus/MoHex2.0/nfbranchfix/benzene-vanilla-cmake/share/vc-captured-set.txt'.
a86f7 config: VCS:: parsed 2 patterns.
a86f7 config: VCS: reading captured set patterns from '/home/linus/MoHex2.0/nfbranchfix/benzene-vanilla-cmake/share/vc-captured-set.txt'.
a86f7 config: VCS:: parsed 2 patterns.
a86f7 config: VCS: reading captured set patterns from '/home/linus/MoHex2.0/nfbranchfix/benzene-vanilla-cmake/share/vc-captured-set.txt'.
a86f7 config: VCS:: parsed 2 patterns.
a86f7 info: SwapCheck: reading from '/home/linus/MoHex2.0/nfbranchfix/benzene-vanilla-cmake/share/swap-moves.txt'.
a86f7 info: SwapCheck: playing swap.
a86f7 info: PlayAndSolve: Building VCs to avoid race condition.
a86f7 config: VCPattern: loading pattern templates from '/home/linus/MoHex2.0/nfbranchfix/benzene-vanilla-cmake/share/vc-patterns.txt'.
a86f7 info: PlayAndSolve: Continuing on as usual.
35996 info: *** PlayerThread ***
2d986 info: *** SolverThread ***
25976 config: VCS: reading captured set patterns from '/home/linus/MoHex2.0/nfbranchfix/benzene-vanilla-cmake/share/vc-captured-set.txt'.
25976 config: VCS:: parsed 2 patterns.
25976 config: VCS: reading captured set patterns from '/home/linus/MoHex2.0/nfbranchfix/benzene-vanilla-cmake/share/vc-captured-set.txt'.
25976 config: VCS:: parsed 2 patterns.
25976 dfpn: 
35996 info: Best move cannot be determined, must search state.
35996 info: --- MoHexPlayer::Search() ---
35996 info: Color: black
35996 info: MaxGames: 1
35996 info: NumberThreads: 1
35996 info: MaxNodes: 9090 (799920 bytes)
35996 info: TimeForMove: 1
25976 dfpn: h4
25976 dfpn: g5
25976 dfpn: d8
25976 dfpn: e7
25976 dfpn: f5
25976 dfpn: b10
25976 dfpn: c9
25976 dfpn: g4
25976 dfpn: h5
25976 dfpn: f6
25976 dfpn: e6
25976 dfpn: d7
25976 dfpn: g6
25976 dfpn: e8
25976 dfpn: i3
25976 dfpn: f7
25976 dfpn: c8
25976 dfpn: e5
25976 dfpn: h3
25976 dfpn: d6
25976 dfpn: b8
25976 dfpn: f4
25976 dfpn: b10
35996 info: PreSearch: max time reached (52/83).
35996 info: Time for PreSearch: 0.201719s
35996 info: 
  54d196d2fe938b6f
  a  b  c  d  e  f  g  h  i  j  k  
 1\.  .  .  .  .  .  .  .  .  .  .\1
  2\.  *  .  *  *  *  *  *  .  .  w\2
   3\.  B  *  *  *  *  *  *  *  W  w\3
    4\.  *  *  *  *  *  *  *  *  .  w\4
     5\*  *  *  *  *  *  *  *  *  *  .\5
      6\*  *  *  *  *  *  *  *  *  *  *\6
       7\*  *  *  *  *  *  *  *  *  *  *\7
        8\*  *  *  *  *  *  *  *  *  *  *\8
         9\*  *  *  *  *  *  *  *  *  *  .\9
         10\*  *  *  *  *  *  *  *  *  .  .\10
          11\.  .  .  .  .  .  .  .  .  .  .\11
              a  b  c  d  e  f  g  h  i  j  k  
35996 info: No subtree to reuse.
35996 info: Creating thread 0
35996 info: StartSearch()[0]
35996 config: VCS: reading captured set patterns from '/home/linus/MoHex2.0/nfbranchfix/benzene-vanilla-cmake/share/vc-captured-set.txt'.
35996 config: VCS:: parsed 2 patterns.
35996 config: VCS: reading captured set patterns from '/home/linus/MoHex2.0/nfbranchfix/benzene-vanilla-cmake/share/vc-captured-set.txt'.
35996 config: VCS:: parsed 2 patterns.
35996 info: 
Elapsed Time   0.355879s
Count          1
GamesPlayed    1
Nodes          1
Knowledge      0 (0.0%)
Expansions     0.0
Time           0.00
GameLen        116.0 dev=0.0 min=116.0 max=116.0
InTree         0.0 dev=0.0 min=0.0 max=0.0
KnowDepth      -
Aborted        0%
Games/s        382.0
Score          0.00
Sequence      
35996 info: 
35996 warning: **** MoHexSearch returned empty sequence!
35996 warning: **** Returning random move!
35996 info: *** Player move: d3
25976 info: DfpnSolver::CheckAbort(): Abort flag!
2d986 info: 
MID calls      50
VC builds      48
Terminal       0
Work           50
Wasted Work    0 (0%)
Elapsed Time   0.373097
MIDs/sec       134.013
VCs/sec        128.653
Cnt prune sib  0
Avg prune sib  -
Consider Size  80.9167 dev=7.67514 min=39 max=87
Move Index     -
Move Percent   -
Delta Increase 4.18367 dev=15.168 min=1 max=83
Winner         empty
PV             b10 b7 d7 e5

HashTableStatistics:
Stores         121
LookupAttempt  11299
LookupSuccess  629
Collisions     0

2d986 info: Search aborted.
a86f7 info: PlayAndSolve: Building VCs to avoid race condition.
a86f7 info: PlayAndSolve: Continuing on as usual.
2d986 info: *** PlayerThread ***
35996 info: *** SolverThread ***
25976 config: VCS: reading captured set patterns from '/home/linus/MoHex2.0/nfbranchfix/benzene-vanilla-cmake/share/vc-captured-set.txt'.
25976 config: VCS:: parsed 2 patterns.
25976 config: VCS: reading captured set patterns from '/home/linus/MoHex2.0/nfbranchfix/benzene-vanilla-cmake/share/vc-captured-set.txt'.
25976 config: VCS:: parsed 2 patterns.
25976 dfpn: 
2d986 info: Best move cannot be determined, must search state.
2d986 info: --- MoHexPlayer::Search() ---
2d986 info: Color: black
2d986 info: MaxGames: 1
2d986 info: NumberThreads: 1
2d986 info: MaxNodes: 9090 (799920 bytes)
2d986 info: TimeForMove: 1
25976 dfpn: b10
25976 dfpn: c9
25976 dfpn: h4
25976 dfpn: d9
25976 dfpn: c10
25976 dfpn: d10
25976 dfpn: d8
25976 dfpn: g5
25976 dfpn: b9
25976 dfpn: c8
25976 dfpn: g9
25976 dfpn: b8
25976 dfpn: d7
25976 dfpn: e6
25976 dfpn: d6
25976 dfpn: h5
25976 dfpn: e7
25976 dfpn: f5
25976 dfpn: g6
25976 dfpn: f6
25976 dfpn: g4
25976 dfpn: c10
2d986 info: PreSearch: max time reached (49/80).
2d986 info: Time for PreSearch: 0.201075s
2d986 info: 
  f8d81a8f0711c885
  a  b  c  d  e  f  g  h  i  j  k  
 1\.  .  .  .  .  .  .  .  .  .  .\1
  2\.  *  .  *  .  *  *  *  .  .  w\2
   3\.  B  *  B  *  *  *  *  *  W  w\3
    4\.  *  *  *  *  *  *  *  *  .  w\4
     5\*  *  *  *  *  *  *  *  *  *  .\5
      6\*  *  *  *  *  *  *  *  *  *  *\6
       7\*  *  *  *  *  *  *  *  *  *  *\7
        8\*  *  *  *  *  *  *  *  *  *  *\8
         9\*  *  *  *  *  *  *  *  *  *  .\9
         10\*  *  *  *  W  *  *  *  *  .  .\10
          11\.  .  .  .  .  .  .  .  .  .  .\11
              a  b  c  d  e  f  g  h  i  j  k  
2d986 info: Old: [black, b3] [white, swap-pieces] [white, j3] 
2d986 info: New: [black, b3] [white, swap-pieces] [white, j3] [black, d3] [white, e10] 
2d986 info: MovesPlayed: [black, d3] [white, e10] 
2d986 info: No subtree to reuse.
2d986 info: StartSearch()[0]
2d986 info: 
Elapsed Time   0.346459s
Count          1
GamesPlayed    1
Nodes          1
Knowledge      0 (0.0%)
Expansions     0.0
Time           0.00
GameLen        114.0 dev=0.0 min=114.0 max=114.0
InTree         0.0 dev=0.0 min=0.0 max=0.0
KnowDepth      -
Aborted        0%
Games/s        3257.3
Score          1.00
Sequence      
2d986 info: 
2d986 warning: **** MoHexSearch returned empty sequence!
2d986 warning: **** Returning random move!
2d986 info: *** Player move: i1
25976 info: DfpnSolver::CheckAbort(): Abort flag!
35996 info: 
MID calls      46
VC builds      44
Terminal       0
Work           46
Wasted Work    0 (0%)
Elapsed Time   0.361069
MIDs/sec       127.399
VCs/sec        121.86
Cnt prune sib  0
Avg prune sib  -
Consider Size  77.3864 dev=7.86309 min=33 max=83
Move Index     -
Move Percent   -
Delta Increase 4.26667 dev=14.6718 min=1 max=78
Winner         empty
PV             c10 b7 d8 e6

HashTableStatistics:
Stores         233
LookupAttempt  21547
LookupSuccess  1207
Collisions     0

35996 info: Search aborted.
a86f7 info: PlayAndSolve: Building VCs to avoid race condition.
a86f7 info: PlayAndSolve: Continuing on as usual.
35996 info: *** PlayerThread ***
2d986 info: *** SolverThread ***
25976 config: VCS: reading captured set patterns from '/home/linus/MoHex2.0/nfbranchfix/benzene-vanilla-cmake/share/vc-captured-set.txt'.
25976 config: VCS:: parsed 2 patterns.
25976 config: VCS: reading captured set patterns from '/home/linus/MoHex2.0/nfbranchfix/benzene-vanilla-cmake/share/vc-captured-set.txt'.
25976 config: VCS:: parsed 2 patterns.
25976 dfpn: 
35996 info: Best move cannot be determined, must search state.
35996 info: --- MoHexPlayer::Search() ---
35996 info: Color: black
35996 info: MaxGames: 1
35996 info: NumberThreads: 1
35996 info: MaxNodes: 9090 (799920 bytes)
35996 info: TimeForMove: 1
25976 dfpn: b10
25976 dfpn: c9
25976 dfpn: d9
25976 dfpn: h4
25976 dfpn: c10
25976 dfpn: d10
25976 dfpn: d8
25976 dfpn: g9
25976 dfpn: g5
25976 dfpn: g4
25976 dfpn: b9
25976 dfpn: c8
25976 dfpn: h5
25976 dfpn: b8
25976 dfpn: d7
25976 dfpn: g6
25976 dfpn: e6
25976 dfpn: d6
25976 dfpn: e7
25976 dfpn: f6
25976 dfpn: f5
25976 dfpn: c10
35996 info: PreSearch: max time reached (56/77).
35996 info: Time for PreSearch: 0.204634s
35996 info: 
  6ff76cd71fb00d48
  a  b  c  d  e  f  g  h  i  j  k  
 1\.  .  .  .  .  .  .  .  B  b  b\1
  2\.  *  .  *  .  *  *  *  .  .  w\2
   3\.  B  *  B  *  *  *  *  *  W  w\3
    4\.  *  *  *  *  *  *  *  *  .  w\4
     5\*  *  *  *  *  *  *  *  *  *  w\5
      6\*  *  *  *  *  *  *  *  *  *  w\6
       7\*  *  *  *  *  *  *  *  *  *  W\7
        8\*  *  *  *  *  *  *  *  *  *  .\8
         9\*  *  *  *  *  *  *  *  *  *  .\9
         10\*  *  *  *  W  *  *  *  *  .  .\10
          11\.  .  .  .  .  .  .  .  .  .  .\11
              a  b  c  d  e  f  g  h  i  j  k  
35996 info: Old: [black, b3] [white, swap-pieces] [white, j3] [black, d3] [white, e10] 
35996 info: New: [black, b3] [white, swap-pieces] [white, j3] [black, d3] [white, e10] [black, i1] [white, k7] 
35996 info: MovesPlayed: [black, i1] [white, k7] 
35996 info: No subtree to reuse.
35996 info: StartSearch()[0]
35996 info: 
Elapsed Time   0.36186s
Count          1
GamesPlayed    1
Nodes          1
Knowledge      0 (0.0%)
Expansions     0.0
Time           0.00
GameLen        108.0 dev=0.0 min=108.0 max=108.0
InTree         0.0 dev=0.0 min=0.0 max=0.0
KnowDepth      -
Aborted        0%
Games/s        2967.4
Score          0.00
Sequence      
35996 info: 
35996 warning: **** MoHexSearch returned empty sequence!
35996 warning: **** Returning random move!
35996 info: *** Player move: c3
25976 info: DfpnSolver::CheckAbort(): Abort flag!
2d986 info: 
MID calls      47
VC builds      45
Terminal       0
Work           47
Wasted Work    0 (0%)
Elapsed Time   0.376074
MIDs/sec       124.975
VCs/sec        119.657
Cnt prune sib  0
Avg prune sib  -
Consider Size  72.7333 dev=7.06599 min=30 max=77
Move Index     -
Move Percent   -
Delta Increase 4.1087 dev=13.8709 min=1 max=72
Winner         empty
PV             c10 b8 d7 d8

HashTableStatistics:
Stores         347
LookupAttempt  31395
LookupSuccess  1786
Collisions     0

2d986 info: Search aborted.
a86f7 info: PlayAndSolve: Building VCs to avoid race condition.
a86f7 info: PlayAndSolve: Continuing on as usual.
2d986 info: *** PlayerThread ***
35996 info: *** SolverThread ***
25976 config: VCS: reading captured set patterns from '/home/linus/MoHex2.0/nfbranchfix/benzene-vanilla-cmake/share/vc-captured-set.txt'.
25976 config: VCS:: parsed 2 patterns.
25976 config: VCS: reading captured set patterns from '/home/linus/MoHex2.0/nfbranchfix/benzene-vanilla-cmake/share/vc-captured-set.txt'.
25976 config: VCS:: parsed 2 patterns.
25976 dfpn: 
2d986 info: Best move cannot be determined, must search state.
2d986 info: --- MoHexPlayer::Search() ---
2d986 info: Color: black
2d986 info: MaxGames: 1
2d986 info: NumberThreads: 1
2d986 info: MaxNodes: 9090 (799920 bytes)
2d986 info: TimeForMove: 1
25976 dfpn: d10
25976 dfpn: g9
25976 dfpn: d9
25976 dfpn: b10
25976 dfpn: h4
25976 dfpn: b9
25976 dfpn: e8
25976 dfpn: h5
25976 dfpn: f8
25976 dfpn: g5
25976 dfpn: g8
25976 dfpn: f10
25976 dfpn: g6
25976 dfpn: g7
25976 dfpn: b7
25976 dfpn: h8
25976 dfpn: g4
25976 dfpn: f9
25976 dfpn: f7
25976 dfpn: f10
2d986 info: PreSearch: max time reached (51/71).
2d986 info: Time for PreSearch: 0.203987s
2d986 info: 
  9b692223bf8fa24a
  a  b  c  d  e  f  g  h  i  j  k  
 1\.  .  .  *  .  .  .  .  B  b  b\1
  2\.  .  .  .  .  *  *  *  .  .  w\2
   3\.  B  B  B  *  *  *  *  *  W  w\3
    4\.  .  .  *  *  *  *  *  *  .  w\4
     5\*  *  *  *  *  *  *  *  *  *  w\5
      6\*  *  *  *  *  *  *  *  *  *  w\6
       7\*  *  *  *  *  *  *  *  *  *  W\7
        8\*  *  *  *  *  *  *  *  *  *  .\8
         9\*  *  W  *  *  *  *  *  *  *  .\9
         10\*  *  .  *  W  *  *  *  *  .  .\10
          11\.  .  .  .  .  .  .  .  .  .  .\11
              a  b  c  d  e  f  g  h  i  j  k  
2d986 info: Old: [black, b3] [white, swap-pieces] [white, j3] [black, d3] [white, e10] [black, i1] [white, k7] 
2d986 info: New: [black, b3] [white, swap-pieces] [white, j3] [black, d3] [white, e10] [black, i1] [white, k7] [black, c3] [white, c9] 
2d986 info: MovesPlayed: [black, c3] [white, c9] 
2d986 info: No subtree to reuse.
25976 dfpn: d10
2d986 info: StartSearch()[0]
2d986 info: 
Elapsed Time   0.357452s
Count          1
GamesPlayed    1
Nodes          1
Knowledge      0 (0.0%)
Expansions     0.0
Time           0.00
GameLen        106.0 dev=0.0 min=106.0 max=106.0
InTree         0.0 dev=0.0 min=0.0 max=0.0
KnowDepth      -
Aborted        0%
Games/s        3144.7
Score          0.00
Sequence      
2d986 info: 
2d986 warning: **** MoHexSearch returned empty sequence!
2d986 warning: **** Returning random move!
2d986 info: *** Player move: j6
25976 info: DfpnSolver::CheckAbort(): Abort flag!
35996 info: 
MID calls      49
VC builds      46
Terminal       0
Work           49
Wasted Work    0 (0%)
Elapsed Time   0.368881
MIDs/sec       132.834
VCs/sec        124.701
Cnt prune sib  0
Avg prune sib  -
Consider Size  59.0652 dev=16.419 min=19 max=72
Move Index     -
Move Percent   -
Delta Increase 2.9375 dev=9.73697 min=1 max=67
Winner         empty
PV             d10 e9 d9

HashTableStatistics:
Stores         465
LookupAttempt  39939
LookupSuccess  2320
Collisions     0

35996 info: Search aborted.
a86f7 info: PlayAndSolve: Building VCs to avoid race condition.
a86f7 info: PlayAndSolve: Continuing on as usual.
35996 info: *** PlayerThread ***
2d986 info: *** SolverThread ***
25976 config: VCS: reading captured set patterns from '/home/linus/MoHex2.0/nfbranchfix/benzene-vanilla-cmake/share/vc-captured-set.txt'.
25976 config: VCS:: parsed 2 patterns.
25976 config: VCS: reading captured set patterns from '/home/linus/MoHex2.0/nfbranchfix/benzene-vanilla-cmake/share/vc-captured-set.txt'.
25976 config: VCS:: parsed 2 patterns.
25976 dfpn: 
35996 info: Best move cannot be determined, must search state.
35996 info: --- MoHexPlayer::Search() ---
35996 info: Color: black
35996 info: MaxGames: 1
35996 info: NumberThreads: 1
35996 info: MaxNodes: 9090 (799920 bytes)
35996 info: TimeForMove: 1
25976 dfpn: h5
25976 dfpn: h4
25976 dfpn: i4
25976 dfpn: i5
25976 dfpn: b10
25976 dfpn: g5
25976 dfpn: i3
25976 dfpn: b9
25976 dfpn: g6
25976 dfpn: d7
25976 dfpn: b7
25976 dfpn: d10
25976 dfpn: e6
25976 dfpn: g9
25976 dfpn: d9
25976 dfpn: i8
25976 dfpn: b8
25976 dfpn: g4
25976 dfpn: b6
25976 dfpn: i3
35996 info: PreSearch: max time reached (52/69).
35996 info: Time for PreSearch: 0.205236s
35996 info: 
  14d8ad3c52cd3184
  a  b  c  d  e  f  g  h  i  j  k  
 1\.  .  .  *  .  .  .  .  B  b  b\1
  2\.  .  .  .  .  *  *  *  .  .  w\2
   3\.  B  B  B  *  *  *  *  *  W  w\3
    4\.  .  .  *  *  *  *  *  *  .  w\4
     5\*  *  *  *  *  *  *  *  *  *  w\5
      6\*  *  *  *  *  W  *  *  *  B  b\6
       7\*  *  *  *  *  *  *  *  *  *  W\7
        8\*  *  *  *  *  *  *  *  *  *  .\8
         9\*  *  W  *  *  *  *  *  *  *  .\9
         10\*  *  .  *  W  *  *  *  *  .  .\10
          11\.  .  .  .  .  .  .  .  .  .  .\11
              a  b  c  d  e  f  g  h  i  j  k  
35996 info: Old: [black, b3] [white, swap-pieces] [white, j3] [black, d3] [white, e10] [black, i1] [white, k7] [black, c3] [white, c9] 
35996 info: New: [black, b3] [white, swap-pieces] [white, j3] [black, d3] [white, e10] [black, i1] [white, k7] [black, c3] [white, c9] [black, j6] [white, f6] 
35996 info: MovesPlayed: [black, j6] [white, f6] 
35996 info: No subtree to reuse.
25976 dfpn: d10
35996 info: StartSearch()[0]
35996 info: 
Elapsed Time   0.360713s
Count          1
GamesPlayed    1
Nodes          1
Knowledge      0 (0.0%)
Expansions     0.0
Time           0.00
GameLen        104.0 dev=0.0 min=104.0 max=104.0
InTree         0.0 dev=0.0 min=0.0 max=0.0
KnowDepth      -
Aborted        0%
Games/s        3367.0
Score          0.00
Sequence      
35996 info: 
35996 warning: **** MoHexSearch returned empty sequence!
35996 warning: **** Returning random move!
35996 info: *** Player move: h8
25976 info: DfpnSolver::CheckAbort(): Abort flag!
2d986 info: 
MID calls      47
VC builds      44
Terminal       0
Work           47
Wasted Work    0 (0%)
Elapsed Time   0.372566
MIDs/sec       126.152
VCs/sec        118.1
Cnt prune sib  0
Avg prune sib  -
Consider Size  57.7045 dev=21.0773 min=5 max=72
Move Index     -
Move Percent   -
Delta Increase 2.69565 dev=9.79989 min=1 max=68
Winner         empty
PV             d10 e8 h5

HashTableStatistics:
Stores         579
LookupAttempt  48121
LookupSuccess  2852
Collisions     0

2d986 info: Search aborted.
a86f7 info: PlayAndSolve: Building VCs to avoid race condition.
a86f7 info: PlayAndSolve: Continuing on as usual.
2d986 info: *** PlayerThread ***
35996 info: *** SolverThread ***
25976 config: VCS: reading captured set patterns from '/home/linus/MoHex2.0/nfbranchfix/benzene-vanilla-cmake/share/vc-captured-set.txt'.
25976 config: VCS:: parsed 2 patterns.
25976 config: VCS: reading captured set patterns from '/home/linus/MoHex2.0/nfbranchfix/benzene-vanilla-cmake/share/vc-captured-set.txt'.
25976 config: VCS:: parsed 2 patterns.
25976 dfpn: 
2d986 info: Best move cannot be determined, must search state.
2d986 info: --- MoHexPlayer::Search() ---
2d986 info: Color: black
2d986 info: MaxGames: 1
2d986 info: NumberThreads: 1
2d986 info: MaxNodes: 9090 (799920 bytes)
2d986 info: TimeForMove: 1
25976 dfpn: h5
25976 dfpn: i5
25976 dfpn: h4
25976 dfpn: i4
25976 dfpn: h7
25976 dfpn: h6
25976 dfpn: i3
25976 dfpn: g5
25976 dfpn: b10
25976 dfpn: i6
25976 dfpn: b9
25976 dfpn: b7
25976 dfpn: d9
25976 dfpn: g4
25976 dfpn: e7
25976 dfpn: d7
25976 dfpn: b8
25976 dfpn: g6
25976 dfpn: d9
2d986 info: PreSearch: max time reached (54/65).
2d986 info: Time for PreSearch: 0.20371s
2d986 info: 
  5170865a51165944
  a  b  c  d  e  f  g  h  i  j  k  
 1\.  .  .  *  .  .  .  .  B  b  b\1
  2\.  .  .  .  .  *  *  *  .  .  w\2
   3\.  B  B  B  *  *  *  *  *  W  w\3
    4\.  .  .  *  *  *  *  *  *  .  w\4
     5\.  *  *  *  *  *  *  *  *  *  w\5
      6\*  *  *  *  *  W  *  *  *  B  b\6
       7\*  *  *  *  *  *  *  *  .  .  W\7
        8\*  *  *  *  *  *  W  B  *  *  .\8
         9\*  *  W  *  *  *  *  *  *  *  .\9
         10\*  *  .  *  W  *  *  *  *  .  .\10
          11\.  .  .  .  .  .  .  .  .  .  .\11
              a  b  c  d  e  f  g  h  i  j  k  
2d986 info: Old: [black, b3] [white, swap-pieces] [white, j3] [black, d3] [white, e10] [black, i1] [white, k7] [black, c3] [white, c9] [black, j6] [white, f6] 
2d986 info: New: [black, b3] [white, swap-pieces] [white, j3] [black, d3] [white, e10] [black, i1] [white, k7] [black, c3] [white, c9] [black, j6] [white, f6] [black, h8] [white, g8] 
2d986 info: MovesPlayed: [black, h8] [white, g8] 
2d986 info: No subtree to reuse.
25976 dfpn: i3
2d986 info: StartSearch()[0]
2d986 info: 
Elapsed Time   0.351771s
Count          1
GamesPlayed    1
Nodes          1
Knowledge      0 (0.0%)
Expansions     0.0
Time           0.00
GameLen        102.0 dev=0.0 min=102.0 max=102.0
InTree         0.0 dev=0.0 min=0.0 max=0.0
KnowDepth      -
Aborted        0%
Games/s        3610.1
Score          0.00
Sequence      
2d986 info: 
2d986 warning: **** MoHexSearch returned empty sequence!
2d986 warning: **** Returning random move!
2d986 info: *** Player move: g1
25976 info: DfpnSolver::CheckAbort(): Abort flag!
35996 info: 
MID calls      44
VC builds      41
Terminal       0
Work           44
Wasted Work    0 (0%)
Elapsed Time   0.372612
MIDs/sec       118.085
VCs/sec        110.034
Cnt prune sib  0
Avg prune sib  -
Consider Size  54.8049 dev=18.732 min=5 max=70
Move Index     -
Move Percent   -
Delta Increase 2.81395 dev=9.53392 min=1 max=64
Winner         empty
PV             i3 h5 i5

HashTableStatistics:
Stores         686
LookupAttempt  55445
LookupSuccess  3338
Collisions     0

35996 info: Search aborted.
a86f7 info: PlayAndSolve: Building VCs to avoid race condition.
a86f7 info: PlayAndSolve: Continuing on as usual.
35996 info: *** PlayerThread ***
2d986 info: *** SolverThread ***
25976 config: VCS: reading captured set patterns from '/home/linus/MoHex2.0/nfbranchfix/benzene-vanilla-cmake/share/vc-captured-set.txt'.
25976 config: VCS:: parsed 2 patterns.
25976 config: VCS: reading captured set patterns from '/home/linus/MoHex2.0/nfbranchfix/benzene-vanilla-cmake/share/vc-captured-set.txt'.
25976 config: VCS:: parsed 2 patterns.
25976 dfpn: 
35996 info: Best move cannot be determined, must search state.
35996 info: --- MoHexPlayer::Search() ---
35996 info: Color: black
35996 info: MaxGames: 1
35996 info: NumberThreads: 1
35996 info: MaxNodes: 9090 (799920 bytes)
35996 info: TimeForMove: 1
25976 dfpn: h6
25976 dfpn: h5
25976 dfpn: b10
25976 dfpn: g5
25976 dfpn: b9
25976 dfpn: b10
35996 info: Time for PreSearch: 0.039925s
35996 info: 
  a0ae177e10871f88
  a  b  c  d  e  f  g  h  i  j  k  
 1\.  .  .  .  .  .  B  b  B  b  b\1
  2\.  .  .  .  .  .  .  .  .  .  w\2
   3\.  B  B  B  .  .  .  .  .  W  w\3
    4\.  .  .  .  .  .  .  .  .  w  w\4
     5\.  .  .  .  .  .  *  *  W  w  w\5
      6\.  .  .  .  .  W  .  *  .  B  b\6
       7\.  .  .  .  *  *  .  .  .  .  W\7
        8\*  *  *  *  *  .  W  B  .  .  .\8
         9\*  *  W  .  .  .  .  .  .  .  .\9
         10\*  *  .  .  W  .  .  .  .  .  .\10
          11\.  .  .  .  .  .  .  .  .  .  .\11
              a  b  c  d  e  f  g  h  i  j  k  
35996 info: Old: [black, b3] [white, swap-pieces] [white, j3] [black, d3] [white, e10] [black, i1] [white, k7] [black, c3] [white, c9] [black, j6] [white, f6] [black, h8] [white, g8] 
35996 info: New: [black, b3] [white, swap-pieces] [white, j3] [black, d3] [white, e10] [black, i1] [white, k7] [black, c3] [white, c9] [black, j6] [white, f6] [black, h8] [white, g8] [black, g1] [white, i5] 
35996 info: MovesPlayed: [black, g1] [white, i5] 
35996 info: No subtree to reuse.
35996 info: StartSearch()[0]
35996 info: 
Elapsed Time   0.204145s
Count          1
GamesPlayed    1
Nodes          1
Knowledge      0 (0.0%)
Expansions     0.0
Time           0.00
GameLen        97.0 dev=0.0 min=97.0 max=97.0
InTree         0.0 dev=0.0 min=0.0 max=0.0
KnowDepth      -
Aborted        0%
Games/s        2739.7
Score          0.00
Sequence      
35996 info: 
35996 warning: **** MoHexSearch returned empty sequence!
35996 warning: **** Returning random move!
35996 info: *** Player move: a7
25976 info: DfpnSolver::CheckAbort(): Abort flag!
2d986 info: 
MID calls      23
VC builds      22
Terminal       0
Work           23
Wasted Work    0 (0%)
Elapsed Time   0.216409
MIDs/sec       106.28
VCs/sec        101.659
Cnt prune sib  1
Avg prune sib  1 dev=0 min=1 max=1
Consider Size  22.3636 dev=23.1841 min=2 max=66
Move Index     -
Move Percent   -
Delta Increase 3.86364 dev=12.9063 min=1 max=63
Winner         empty
PV             b10 d6 g5

HashTableStatistics:
Stores         737
LookupAttempt  56365
LookupSuccess  3412
Collisions     0

2d986 info: Search aborted.
a86f7 info: PlayAndSolve: Building VCs to avoid race condition.
a86f7 info: PlayAndSolve: Continuing on as usual.
2d986 info: *** PlayerThread ***
35996 info: *** SolverThread ***
25976 config: VCS: reading captured set patterns from '/home/linus/MoHex2.0/nfbranchfix/benzene-vanilla-cmake/share/vc-captured-set.txt'.
25976 config: VCS:: parsed 2 patterns.
25976 config: VCS: reading captured set patterns from '/home/linus/MoHex2.0/nfbranchfix/benzene-vanilla-cmake/share/vc-captured-set.txt'.
25976 config: VCS:: parsed 2 patterns.
25976 dfpn: 
2d986 info: Opponent has won; playing most blocking move.
2d986 info: *** Player move: d9
35996 info: 
MID calls      0
VC builds      1
Terminal       1
Work           1
Wasted Work    0 (0%)
Elapsed Time   0.013336
MIDs/sec       0
VCs/sec        74.985
Cnt prune sib  0
Avg prune sib  -
Consider Size  -
Move Index     -
Move Percent   -
Delta Increase -
Winner         white
PV             

HashTableStatistics:
Stores         738
LookupAttempt  56371
LookupSuccess  3415
Collisions     0

a86f7 info: PlayAndSolve: Building VCs to avoid race condition.
a86f7 info: PlayAndSolve: Continuing on as usual.
2d986 info: *** SolverThread ***
35996 info: *** PlayerThread ***
25976 config: VCS: reading captured set patterns from '/home/linus/MoHex2.0/nfbranchfix/benzene-vanilla-cmake/share/vc-captured-set.txt'.
25976 config: VCS:: parsed 2 patterns.
25976 config: VCS: reading captured set patterns from '/home/linus/MoHex2.0/nfbranchfix/benzene-vanilla-cmake/share/vc-captured-set.txt'.
25976 config: VCS:: parsed 2 patterns.
25976 dfpn: 
35996 info: Opponent has won; playing most blocking move.
2d986 info: 
MID calls      0
VC builds      1
Terminal       1
Work           1
Wasted Work    0 (0%)
Elapsed Time   0.012343
MIDs/sec       0
VCs/sec        81.0176
Cnt prune sib  0
Avg prune sib  -
Consider Size  -
Move Index     -
Move Percent   -
Delta Increase -
Winner         white
PV             

HashTableStatistics:
Stores         739
LookupAttempt  56377
LookupSuccess  3418
Collisions     0

35996 info: *** Player move: f7
a86f7 info: PlayAndSolve: Building VCs to avoid race condition.
a86f7 info: PlayAndSolve: Continuing on as usual.
2d986 info: *** PlayerThread ***
35996 info: *** SolverThread ***
25976 config: VCS: reading captured set patterns from '/home/linus/MoHex2.0/nfbranchfix/benzene-vanilla-cmake/share/vc-captured-set.txt'.
25976 config: VCS:: parsed 2 patterns.
25976 config: VCS: reading captured set patterns from '/home/linus/MoHex2.0/nfbranchfix/benzene-vanilla-cmake/share/vc-captured-set.txt'.
25976 config: VCS:: parsed 2 patterns.
25976 dfpn: 
2d986 info: Opponent has won; playing most blocking move.
2d986 info: *** Player move: b10
35996 info: 
MID calls      0
VC builds      1
Terminal       1
Work           1
Wasted Work    0 (0%)
Elapsed Time   0.009725
MIDs/sec       0
VCs/sec        102.828
Cnt prune sib  0
Avg prune sib  -
Consider Size  -
Move Index     -
Move Percent   -
Delta Increase -
Winner         white
PV             

HashTableStatistics:
Stores         740
LookupAttempt  56383
LookupSuccess  3421
Collisions     0

a86f7 info: PlayAndSolve: Building VCs to avoid race condition.
a86f7 info: PlayAndSolve: Continuing on as usual.
35996 info: *** PlayerThread ***
2d986 info: *** SolverThread ***
25976 config: VCS: reading captured set patterns from '/home/linus/MoHex2.0/nfbranchfix/benzene-vanilla-cmake/share/vc-captured-set.txt'.
25976 config: VCS:: parsed 2 patterns.
25976 config: VCS: reading captured set patterns from '/home/linus/MoHex2.0/nfbranchfix/benzene-vanilla-cmake/share/vc-captured-set.txt'.
25976 config: VCS:: parsed 2 patterns.
25976 dfpn: 
35996 info: Opponent has won; playing most blocking move.
35996 info: *** Player move: h5
2d986 info: 
MID calls      0
VC builds      1
Terminal       1
Work           1
Wasted Work    0 (0%)
Elapsed Time   0.006694
MIDs/sec       0
VCs/sec        149.388
Cnt prune sib  0
Avg prune sib  -
Consider Size  -
Move Index     -
Move Percent   -
Delta Increase -
Winner         white
PV             

HashTableStatistics:
Stores         741
LookupAttempt  56389
LookupSuccess  3424
Collisions     0

a86f7 info: PlayAndSolve: Building VCs to avoid race condition.
a86f7 info: PlayAndSolve: Continuing on as usual.
2d986 info: *** PlayerThread ***
35996 info: *** SolverThread ***
25976 config: VCS: reading captured set patterns from '/home/linus/MoHex2.0/nfbranchfix/benzene-vanilla-cmake/share/vc-captured-set.txt'.
25976 config: VCS:: parsed 2 patterns.
25976 config: VCS: reading captured set patterns from '/home/linus/MoHex2.0/nfbranchfix/benzene-vanilla-cmake/share/vc-captured-set.txt'.
25976 config: VCS:: parsed 2 patterns.
25976 dfpn: 
2d986 info: Opponent has won; playing most blocking move.
2d986 info: *** Player move: f8
35996 info: 
MID calls      0
VC builds      1
Terminal       1
Work           1
Wasted Work    0 (0%)
Elapsed Time   0.006349
MIDs/sec       0
VCs/sec        157.505
Cnt prune sib  0
Avg prune sib  -
Consider Size  -
Move Index     -
Move Percent   -
Delta Increase -
Winner         white
PV             

HashTableStatistics:
Stores         742
LookupAttempt  56395
LookupSuccess  3427
Collisions     0

a86f7 info: PlayAndSolve: Building VCs to avoid race condition.
a86f7 info: PlayAndSolve: Continuing on as usual.
35996 info: *** PlayerThread ***
2d986 info: *** SolverThread ***
25976 config: VCS: reading captured set patterns from '/home/linus/MoHex2.0/nfbranchfix/benzene-vanilla-cmake/share/vc-captured-set.txt'.
25976 config: VCS:: parsed 2 patterns.
25976 config: VCS: reading captured set patterns from '/home/linus/MoHex2.0/nfbranchfix/benzene-vanilla-cmake/share/vc-captured-set.txt'.
25976 config: VCS:: parsed 2 patterns.
35996 info: Captured cells caused win! Removing...
25976 dfpn: 
2d986 info: 
MID calls      0
VC builds      1
Terminal       1
Work           1
Wasted Work    0 (0%)
Elapsed Time   0.002809
MIDs/sec       0
VCs/sec        355.999
Cnt prune sib  0
Avg prune sib  -
Consider Size  -
Move Index     -
Move Percent   -
Delta Increase -
Winner         white
PV             

HashTableStatistics:
Stores         743
LookupAttempt  56401
LookupSuccess  3430
Collisions     0

35996 info: Opponent has won; playing most blocking move.
35996 info: *** Player move: a10
a86f7 info: PlayAndSolve: Building VCs to avoid race condition.
a86f7 info: PlayAndSolve: Continuing on as usual.
2d986 info: *** PlayerThread ***
35996 info: *** SolverThread ***
25976 config: VCS: reading captured set patterns from '/home/linus/MoHex2.0/nfbranchfix/benzene-vanilla-cmake/share/vc-captured-set.txt'.
25976 config: VCS:: parsed 2 patterns.
25976 config: VCS: reading captured set patterns from '/home/linus/MoHex2.0/nfbranchfix/benzene-vanilla-cmake/share/vc-captured-set.txt'.
25976 config: VCS:: parsed 2 patterns.
25976 dfpn: 
2d986 info: Captured cells caused win! Removing...
35996 info: 
MID calls      0
VC builds      1
Terminal       1
Work           1
Wasted Work    0 (0%)
Elapsed Time   0.00322
MIDs/sec       0
VCs/sec        310.559
Cnt prune sib  0
Avg prune sib  -
Consider Size  -
Move Index     -
Move Percent   -
Delta Increase -
Winner         white
PV             

HashTableStatistics:
Stores         744
LookupAttempt  56407
LookupSuccess  3433
Collisions     0

2d986 info: Opponent has won; playing most blocking move.
2d986 info: *** Player move: k3
a86f7 info: PlayAndSolve: Building VCs to avoid race condition.
a86f7 info: PlayAndSolve: Continuing on as usual.
35996 info: *** PlayerThread ***
2d986 info: *** SolverThread ***
25976 config: VCS: reading captured set patterns from '/home/linus/MoHex2.0/nfbranchfix/benzene-vanilla-cmake/share/vc-captured-set.txt'.
25976 config: VCS:: parsed 2 patterns.
25976 config: VCS: reading captured set patterns from '/home/linus/MoHex2.0/nfbranchfix/benzene-vanilla-cmake/share/vc-captured-set.txt'.
25976 config: VCS:: parsed 2 patterns.
35996 info: Captured cells caused win! Removing...
25976 dfpn: 
2d986 info: 
MID calls      0
VC builds      1
Terminal       1
Work           1
Wasted Work    0 (0%)
Elapsed Time   0.003999
MIDs/sec       0
VCs/sec        250.063
Cnt prune sib  0
Avg prune sib  -
Consider Size  -
Move Index     -
Move Percent   -
Delta Increase -
Winner         white
PV             

HashTableStatistics:
Stores         745
LookupAttempt  56413
LookupSuccess  3436
Collisions     0

35996 info: Opponent has won; playing most blocking move.
35996 info: *** Player move: k4
a86f7 config: ============ BenzeneShutdown =============
a86f7 config: MoHexProgram:: ShutdownSystem()
a86f7 config: CommonProgram:: ShutdownSystem()
a86f7 config: BenzeneProgram:: ShutdownSystem()
Flushing and closing this stream...
