# nice ../build/src/mohex/mohex --config mohex-weak.htp --seed 609879 --logfile-name jobs/11x11-mohex-mohex-weak-vs-mohex-mohex-cg2010/mohex-mohex-weak-16.log
>boardsize 11 11
<= 
<
>name
MoHex 2.0.CMake Mar 21 2025
Copyright (C) 2007-2012 by the authors of the Benzene project.
This program comes with ABSOLUTELY NO WARRANTY. This is
free software and you are welcome to redistribute it under
certain conditions. Type `benzene-license' for details.

SgRandom::SetSeed: 609879
SgUctSearch: system memory 33632358400, using 1000000000 (5681818 nodes)
SgRandom::SetSeed: 1
SgRandom::SetSeed: 609879
95ca7 info: Prior Patterns:
95ca7 info: Global:
95ca7 info: Size            = 565 32648 
95ca7 info: TableEntries    = 65932 65910
95ca7 info: MirrorsAdded    = 0 0
95ca7 info: PrunableCount   = 30593 30629
95ca7 info: LargestGamma    = 5820.77
95ca7 info: SmallestGamma   = 6.6e-05
95ca7 info: Local:
95ca7 info: Size            = 550 5318 
95ca7 info: TableEntries    = 11602 11588
95ca7 info: MirrorsAdded    = 0 0
95ca7 info: PrunableCount   = 3659 3667
95ca7 info: LargestGamma    = 11281.8
95ca7 info: SmallestGamma   = 0.026235
95ca7 info: Playout Patterns:
95ca7 info: Global:
95ca7 info: Size            = 565 32648 
95ca7 info: TableEntries    = 70329 70329
95ca7 info: MirrorsAdded    = 4397 4419
95ca7 info: PrunableCount   = 30593 30629
95ca7 info: LargestGamma    = 5820.77
95ca7 info: SmallestGamma   = 6.6e-05
95ca7 info: Local:
95ca7 info: Size            = 550 5318 
95ca7 info: TableEntries    = 11602 11588
95ca7 info: MirrorsAdded    = 0 0
95ca7 info: PrunableCount   = 3659 3667
95ca7 info: LargestGamma    = 11281.8
95ca7 info: SmallestGamma   = 0.026235
param_game allow_swap 1
= 

param_mohex max_memory 1600000
= 

param_mohex num_threads 1
= 

param_mohex max_time 1
= 

param_mohex max_games 1
= 

param_mohex knowledge_threshold 400
= 

param_mohex reuse_subtree 1
= 

param_mohex use_parallel_solver 1
= 

<= MoHex
<
>version
<= 2.0.CMake
<
>play b a9
<= 
<
>showboard
<= 
< 
<  e193f7e1b23cba7f
<  a  b  c  d  e  f  g  h  i  j  k  
< 1\.  .  .  .  .  .  .  .  .  .  .\1
<  2\.  .  .  .  .  .  .  .  .  .  .\2
<   3\.  .  .  .  .  .  .  .  .  .  .\3
<    4\.  .  .  .  .  .  .  .  .  .  .\4
<     5\.  .  .  .  .  .  .  .  .  .  .\5
<      6\.  .  .  .  .  .  .  .  .  .  .\6
<       7\.  .  .  .  .  .  .  .  .  .  .\7
<        8\.  .  .  .  .  .  .  .  .  .  .\8
<         9\B  .  .  .  .  .  .  .  .  .  .\9
<         10\.  .  .  .  .  .  .  .  .  .  .\10
<          11\.  .  .  .  .  .  .  .  .  .  .\11
<              a  b  c  d  e  f  g  h  i  j  k  
<
>play w i10
<= 
<
>showboard
<= 
< 
<  02a3b667f5d22959
<  a  b  c  d  e  f  g  h  i  j  k  
< 1\.  .  .  .  .  .  .  .  .  .  .\1
<  2\.  .  .  .  .  .  .  .  .  .  .\2
<   3\.  .  .  .  .  .  .  .  .  .  .\3
<    4\.  .  .  .  .  .  .  .  .  .  .\4
<     5\.  .  .  .  .  .  .  .  .  .  .\5
<      6\.  .  .  .  .  .  .  .  .  .  .\6
<       7\.  .  .  .  .  .  .  .  .  .  .\7
<        8\.  .  .  .  .  .  .  .  .  .  .\8
<         9\B  .  .  .  .  .  .  .  .  .  .\9
<         10\.  .  .  .  .  .  .  .  W  .  .\10
<          11\.  .  .  .  .  .  .  .  .  .  .\11
<              a  b  c  d  e  f  g  h  i  j  k  
<
>genmove b
<= e3
<
>showboard
95ca7 info: PlayAndSolve: Building VCs to avoid race condition.
95ca7 info: PlayAndSolve: Continuing on as usual.
22f46 info: *** PlayerThread ***
1af36 info: *** SolverThread ***
22f46 info: Best move cannot be determined, must search state.
22f46 info: --- MoHexPlayer::Search() ---
22f46 info: Color: black
22f46 info: MaxGames: 1
22f46 info: NumberThreads: 1
22f46 info: MaxNodes: 9090 (799920 bytes)
22f46 info: TimeForMove: 1
22f46 info: PreSearch: max time reached (46/90).
22f46 info: Time for PreSearch: 0.203398s
22f46 info: 
  02a3b667f5d22959
  a  b  c  d  e  f  g  h  i  j  k  
 1\.  .  .  .  .  .  .  .  .  .  .\1
  2\.  .  *  *  *  *  *  *  *  *  *\2
   3\.  *  *  *  *  *  *  *  *  *  *\3
    4\*  *  *  *  *  *  *  *  *  *  *\4
     5\*  *  *  *  *  *  *  *  *  *  *\5
      6\*  *  *  *  *  *  *  *  *  *  *\6
       7\*  *  *  *  *  *  *  *  *  *  *\7
        8\*  *  *  *  *  *  *  *  *  *  .\8
         9\B  *  *  *  *  *  *  *  *  *  .\9
         10\*  *  *  *  *  *  *  *  W  .  .\10
          11\.  .  .  .  .  .  .  .  .  .  .\11
              a  b  c  d  e  f  g  h  i  j  k  
22f46 info: No subtree to reuse.
22f46 info: Creating thread 0
22f46 info: StartSearch()[0]
SgUctSearch: max games reached
22f46 info: 
Elapsed Time   0.369506s
Count          1
GamesPlayed    1
Nodes          1
Knowledge      0 (0.0%)
Expansions     0.0
Time           0.00
GameLen        119.0 dev=0.0 min=119.0 max=119.0
InTree         0.0 dev=0.0 min=0.0 max=0.0
KnowDepth      -
Aborted        0%
Games/s        372.4
Score          0.00
Sequence      
22f46 info: 
22f46 warning: **** MoHexSearch returned empty sequence!
22f46 warning: **** Returning random move!
22f46 info: *** Player move: e3
12f26 info: DfpnSolver::CheckAbort(): Abort flag!
1af36 info: 
MID calls      43
VC builds      42
Terminal       0
Work           43
Wasted Work    0 (0%)
Elapsed Time   0.387626
MIDs/sec       110.932
VCs/sec        108.352
Cnt prune sib  0
Avg prune sib  -
Consider Size  87.1429 dev=3.17414 min=79 max=92
Move Index     -
Move Percent   -
Delta Increase 3.02381 dev=12.8034 min=1 max=85
Winner         empty
PV             c10 f4 d5

HashTableStatistics:
Stores         110
LookupAttempt  12263
LookupSuccess  721
Collisions     0

1af36 info: Search aborted.
<= 
< 
<  bd8747c0757a887c
<  a  b  c  d  e  f  g  h  i  j  k  
< 1\.  .  .  .  .  .  .  .  .  .  .\1
<  2\.  .  .  .  .  .  .  .  .  .  .\2
<   3\.  .  .  .  B  .  .  .  .  .  .\3
<    4\.  .  .  .  .  .  .  .  .  .  .\4
<     5\.  .  .  .  .  .  .  .  .  .  .\5
<      6\.  .  .  .  .  .  .  .  .  .  .\6
<       7\.  .  .  .  .  .  .  .  .  .  .\7
<        8\.  .  .  .  .  .  .  .  .  .  .\8
<         9\B  .  .  .  .  .  .  .  .  .  .\9
<         10\.  .  .  .  .  .  .  .  W  .  .\10
<          11\.  .  .  .  .  .  .  .  .  .  .\11
<              a  b  c  d  e  f  g  h  i  j  k  
<
>play w c4
<= 
<
>showboard
<= 
< 
<  57f040ec20138524
<  a  b  c  d  e  f  g  h  i  j  k  
< 1\.  .  .  .  .  .  .  .  .  .  .\1
<  2\.  .  .  .  .  .  .  .  .  .  .\2
<   3\.  .  .  .  B  .  .  .  .  .  .\3
<    4\.  .  W  .  .  .  .  .  .  .  .\4
<     5\.  .  .  .  .  .  .  .  .  .  .\5
<      6\.  .  .  .  .  .  .  .  .  .  .\6
<       7\.  .  .  .  .  .  .  .  .  .  .\7
<        8\.  .  .  .  .  .  .  .  .  .  .\8
<         9\B  .  .  .  .  .  .  .  .  .  .\9
<         10\.  .  .  .  .  .  .  .  W  .  .\10
<          11\.  .  .  .  .  .  .  .  .  .  .\11
<              a  b  c  d  e  f  g  h  i  j  k  
<
>genmove b
<= k5
<
>showboard
95ca7 info: PlayAndSolve: Building VCs to avoid race condition.
95ca7 info: PlayAndSolve: Continuing on as usual.
1af36 info: *** PlayerThread ***
22f46 info: *** SolverThread ***
1af36 info: Best move cannot be determined, must search state.
1af36 info: --- MoHexPlayer::Search() ---
1af36 info: Color: black
1af36 info: MaxGames: 1
1af36 info: NumberThreads: 1
1af36 info: MaxNodes: 9090 (799920 bytes)
1af36 info: TimeForMove: 1
1af36 info: PreSearch: max time reached (43/87).
1af36 info: Time for PreSearch: 0.202841s
1af36 info: 
  57f040ec20138524
  a  b  c  d  e  f  g  h  i  j  k  
 1\.  .  .  .  .  .  .  .  .  .  .\1
  2\.  .  *  *  *  .  *  *  *  *  *\2
   3\.  *  *  *  B  *  *  *  *  *  *\3
    4\*  *  W  *  *  *  *  *  *  *  *\4
     5\*  *  *  *  *  *  *  *  *  *  *\5
      6\*  *  *  *  *  *  *  *  *  *  *\6
       7\*  *  *  *  *  *  *  *  *  *  *\7
        8\*  *  *  *  *  *  *  *  *  *  .\8
         9\B  *  *  *  *  *  *  *  *  *  .\9
         10\*  *  *  *  *  *  *  *  W  .  .\10
          11\.  .  .  .  .  .  .  .  .  .  .\11
              a  b  c  d  e  f  g  h  i  j  k  
1af36 info: Old: [black, a9] [white, i10] 
1af36 info: New: [black, a9] [white, i10] [black, e3] [white, c4] 
1af36 info: MovesPlayed: [black, e3] [white, c4] 
1af36 info: No subtree to reuse.
1af36 info: StartSearch()[0]
SgUctSearch: max games reached
1af36 info: 
Elapsed Time   0.565115s
Count          1
GamesPlayed    1
Nodes          1
Knowledge      0 (0.0%)
Expansions     0.0
Time           0.00
GameLen        117.0 dev=0.0 min=117.0 max=117.0
InTree         0.0 dev=0.0 min=0.0 max=0.0
KnowDepth      -
Aborted        0%
Games/s        2762.4
Score          0.00
Sequence      
1af36 info: 
1af36 warning: **** MoHexSearch returned empty sequence!
1af36 warning: **** Returning random move!
1af36 info: *** Player move: k5
12f26 info: DfpnSolver::CheckAbort(): Abort flag!
22f46 info: 
MID calls      58
VC builds      56
Terminal       0
Work           58
Wasted Work    0 (0%)
Elapsed Time   0.584008
MIDs/sec       99.3137
VCs/sec        95.8891
Cnt prune sib  0
Avg prune sib  -
Consider Size  75.6964 dev=19.088 min=26 max=87
Move Index     -
Move Percent   -
Delta Increase 3.80702 dev=14.1836 min=1 max=82
Winner         empty
PV             c10 b7 f6 e8

HashTableStatistics:
Stores         248
LookupAttempt  24605
LookupSuccess  1407
Collisions     0

22f46 info: Search aborted.
<= 
< 
<  5e5028890816317a
<  a  b  c  d  e  f  g  h  i  j  k  
< 1\.  .  .  .  .  .  .  .  .  .  .\1
<  2\.  .  .  .  .  .  .  .  .  .  .\2
<   3\.  .  .  .  B  .  .  .  .  .  .\3
<    4\.  .  W  .  .  .  .  .  .  .  .\4
<     5\.  .  .  .  .  .  .  .  .  .  B\5
<      6\.  .  .  .  .  .  .  .  .  .  .\6
<       7\.  .  .  .  .  .  .  .  .  .  .\7
<        8\.  .  .  .  .  .  .  .  .  .  .\8
<         9\B  .  .  .  .  .  .  .  .  .  .\9
<         10\.  .  .  .  .  .  .  .  W  .  .\10
<          11\.  .  .  .  .  .  .  .  .  .  .\11
<              a  b  c  d  e  f  g  h  i  j  k  
<
>play w g4
<= 
<
>showboard
<= 
< 
<  2cc4a367d89b948d
<  a  b  c  d  e  f  g  h  i  j  k  
< 1\.  .  .  .  .  .  .  .  .  .  .\1
<  2\.  .  .  .  .  .  .  .  .  .  .\2
<   3\.  .  .  .  B  .  .  .  .  .  .\3
<    4\.  .  W  .  .  .  W  .  .  .  .\4
<     5\.  .  .  .  .  .  .  .  .  .  B\5
<      6\.  .  .  .  .  .  .  .  .  .  .\6
<       7\.  .  .  .  .  .  .  .  .  .  .\7
<        8\.  .  .  .  .  .  .  .  .  .  .\8
<         9\B  .  .  .  .  .  .  .  .  .  .\9
<         10\.  .  .  .  .  .  .  .  W  .  .\10
<          11\.  .  .  .  .  .  .  .  .  .  .\11
<              a  b  c  d  e  f  g  h  i  j  k  
<
>genmove b
<= h11
<
>showboard
95ca7 info: PlayAndSolve: Building VCs to avoid race condition.
95ca7 info: PlayAndSolve: Continuing on as usual.
22f46 info: *** PlayerThread ***
1af36 info: *** SolverThread ***
22f46 info: Best move cannot be determined, must search state.
22f46 info: --- MoHexPlayer::Search() ---
22f46 info: Color: black
22f46 info: MaxGames: 1
22f46 info: NumberThreads: 1
22f46 info: MaxNodes: 9090 (799920 bytes)
22f46 info: TimeForMove: 1
22f46 info: PreSearch: max time reached (56/85).
22f46 info: Time for PreSearch: 0.204388s
22f46 info: 
  2cc4a367d89b948d
  a  b  c  d  e  f  g  h  i  j  k  
 1\.  .  .  .  .  .  .  .  .  .  .\1
  2\.  .  *  .  *  .  *  *  *  *  *\2
   3\.  *  *  .  B  *  *  *  *  *  *\3
    4\*  *  W  *  *  *  W  *  *  *  *\4
     5\*  *  *  *  *  *  *  *  *  *  B\5
      6\*  *  *  *  *  *  *  *  *  *  *\6
       7\*  *  *  *  *  *  *  *  *  *  *\7
        8\*  *  *  *  *  *  *  *  *  *  .\8
         9\B  *  *  *  *  *  *  *  *  *  .\9
         10\*  *  *  *  *  *  *  *  W  .  .\10
          11\.  .  .  .  .  .  .  .  .  .  .\11
              a  b  c  d  e  f  g  h  i  j  k  
22f46 info: Old: [black, a9] [white, i10] [black, e3] [white, c4] 
22f46 info: New: [black, a9] [white, i10] [black, e3] [white, c4] [black, k5] [white, g4] 
22f46 info: MovesPlayed: [black, k5] [white, g4] 
22f46 info: No subtree to reuse.
22f46 info: StartSearch()[0]
SgUctSearch: max games reached
22f46 info: 
Elapsed Time   0.360948s
Count          1
GamesPlayed    1
Nodes          1
Knowledge      0 (0.0%)
Expansions     0.0
Time           0.00
GameLen        115.0 dev=0.0 min=115.0 max=115.0
InTree         0.0 dev=0.0 min=0.0 max=0.0
KnowDepth      -
Aborted        0%
Games/s        2873.6
Score          0.00
Sequence      
22f46 info: 
22f46 warning: **** MoHexSearch returned empty sequence!
22f46 warning: **** Returning random move!
22f46 info: *** Player move: h11
12f26 info: DfpnSolver::CheckAbort(): Abort flag!
1af36 info: 
MID calls      57
VC builds      55
Terminal       0
Work           57
Wasted Work    0 (0%)
Elapsed Time   0.37501
MIDs/sec       151.996
VCs/sec        146.663
Cnt prune sib  0
Avg prune sib  -
Consider Size  79.1454 dev=10.3861 min=30 max=86
Move Index     -
Move Percent   -
Delta Increase 3.75 dev=14.0296 min=1 max=81
Winner         empty
PV             c10 b7 f4 e6

HashTableStatistics:
Stores         384
LookupAttempt  36864
LookupSuccess  2092
Collisions     0

1af36 info: Search aborted.
<= 
< 
<  d8e08e2c72cd0c8c
<  a  b  c  d  e  f  g  h  i  j  k  
< 1\.  .  .  .  .  .  .  .  .  .  .\1
<  2\.  .  .  .  .  .  .  .  .  .  .\2
<   3\.  .  .  .  B  .  .  .  .  .  .\3
<    4\.  .  W  .  .  .  W  .  .  .  .\4
<     5\.  .  .  .  .  .  .  .  .  .  B\5
<      6\.  .  .  .  .  .  .  .  .  .  .\6
<       7\.  .  .  .  .  .  .  .  .  .  .\7
<        8\.  .  .  .  .  .  .  .  .  .  .\8
<         9\B  .  .  .  .  .  .  .  .  .  .\9
<         10\.  .  .  .  .  .  .  .  W  .  .\10
<          11\.  .  .  .  .  .  .  B  .  .  .\11
<              a  b  c  d  e  f  g  h  i  j  k  
<
>play w h2
<= 
<
>showboard
<= 
< 
<  bab5c17d8bad6080
<  a  b  c  d  e  f  g  h  i  j  k  
< 1\.  .  .  .  .  .  .  .  .  .  .\1
<  2\.  .  .  .  .  .  .  W  .  .  .\2
<   3\.  .  .  .  B  .  .  .  .  .  .\3
<    4\.  .  W  .  .  .  W  .  .  .  .\4
<     5\.  .  .  .  .  .  .  .  .  .  B\5
<      6\.  .  .  .  .  .  .  .  .  .  .\6
<       7\.  .  .  .  .  .  .  .  .  .  .\7
<        8\.  .  .  .  .  .  .  .  .  .  .\8
<         9\B  .  .  .  .  .  .  .  .  .  .\9
<         10\.  .  .  .  .  .  .  .  W  .  .\10
<          11\.  .  .  .  .  .  .  B  .  .  .\11
<              a  b  c  d  e  f  g  h  i  j  k  
<
>genmove b
<= g3
<
>showboard
95ca7 info: PlayAndSolve: Building VCs to avoid race condition.
95ca7 info: PlayAndSolve: Continuing on as usual.
1af36 info: *** PlayerThread ***
22f46 info: *** SolverThread ***
1af36 info: Best move cannot be determined, must search state.
1af36 info: --- MoHexPlayer::Search() ---
1af36 info: Color: black
1af36 info: MaxGames: 1
1af36 info: NumberThreads: 1
1af36 info: MaxNodes: 9090 (799920 bytes)
1af36 info: TimeForMove: 1
1af36 info: PreSearch: max time reached (60/84).
1af36 info: Time for PreSearch: 0.201081s
1af36 info: 
  bab5c17d8bad6080
  a  b  c  d  e  f  g  h  i  j  k  
 1\.  .  .  .  .  .  .  .  .  .  .\1
  2\.  .  *  *  .  .  *  W  *  *  *\2
   3\.  *  *  .  B  *  *  *  *  *  *\3
    4\*  *  W  *  *  *  W  *  *  *  *\4
     5\*  *  *  *  *  *  *  *  *  *  B\5
      6\*  *  *  *  *  *  *  *  *  *  *\6
       7\*  *  *  *  *  *  *  *  *  *  *\7
        8\*  *  *  *  *  *  *  *  *  *  .\8
         9\B  *  *  *  *  *  *  *  *  *  .\9
         10\*  *  *  *  *  *  *  *  W  .  .\10
          11\.  .  .  .  .  .  .  B  .  .  .\11
              a  b  c  d  e  f  g  h  i  j  k  
1af36 info: Old: [black, a9] [white, i10] [black, e3] [white, c4] [black, k5] [white, g4] 
1af36 info: New: [black, a9] [white, i10] [black, e3] [white, c4] [black, k5] [white, g4] [black, h11] [white, h2] 
1af36 info: MovesPlayed: [black, h11] [white, h2] 
1af36 info: No subtree to reuse.
1af36 info: StartSearch()[0]
SgUctSearch: max games reached
1af36 info: 
Elapsed Time   0.351973s
Count          1
GamesPlayed    1
Nodes          1
Knowledge      0 (0.0%)
Expansions     0.0
Time           0.00
GameLen        113.0 dev=0.0 min=113.0 max=113.0
InTree         0.0 dev=0.0 min=0.0 max=0.0
KnowDepth      -
Aborted        0%
Games/s        3623.2
Score          0.00
Sequence      
1af36 info: 
1af36 warning: **** MoHexSearch returned empty sequence!
1af36 warning: **** Returning random move!
1af36 info: *** Player move: g3
12f26 info: DfpnSolver::CheckAbort(): Abort flag!
22f46 info: 
MID calls      55
VC builds      53
Terminal       0
Work           55
Wasted Work    0 (0%)
Elapsed Time   0.364039
MIDs/sec       151.083
VCs/sec        145.589
Cnt prune sib  0
Avg prune sib  -
Consider Size  74.1132 dev=13.8873 min=29 max=84
Move Index     -
Move Percent   -
Delta Increase 2.96296 dev=10.8474 min=1 max=77
Winner         empty
PV             c10 e4 h4 i2

HashTableStatistics:
Stores         515
LookupAttempt  48260
LookupSuccess  2726
Collisions     0

22f46 info: Search aborted.
<= 
< 
<  09e3e3c7eefb36f6
<  a  b  c  d  e  f  g  h  i  j  k  
< 1\.  .  .  .  .  .  .  .  .  .  .\1
<  2\.  .  .  .  .  .  .  W  .  .  .\2
<   3\.  .  .  .  B  .  B  .  .  .  .\3
<    4\.  .  W  .  .  .  W  .  .  .  .\4
<     5\.  .  .  .  .  .  .  .  .  .  B\5
<      6\.  .  .  .  .  .  .  .  .  .  .\6
<       7\.  .  .  .  .  .  .  .  .  .  .\7
<        8\.  .  .  .  .  .  .  .  .  .  .\8
<         9\B  .  .  .  .  .  .  .  .  .  .\9
<         10\.  .  .  .  .  .  .  .  W  .  .\10
<          11\.  .  .  .  .  .  .  B  .  .  .\11
<              a  b  c  d  e  f  g  h  i  j  k  
<
>play w j6
<= 
<
>showboard
<= 
< 
<  7a39021b702af66c
<  a  b  c  d  e  f  g  h  i  j  k  
< 1\.  .  .  .  .  .  .  .  .  .  .\1
<  2\.  .  .  .  .  .  .  W  .  .  .\2
<   3\.  .  .  .  B  .  B  .  .  .  .\3
<    4\.  .  W  .  .  .  W  .  .  .  .\4
<     5\.  .  .  .  .  .  .  .  .  .  B\5
<      6\.  .  .  .  .  .  .  .  .  W  .\6
<       7\.  .  .  .  .  .  .  .  .  .  .\7
<        8\.  .  .  .  .  .  .  .  .  .  .\8
<         9\B  .  .  .  .  .  .  .  .  .  .\9
<         10\.  .  .  .  .  .  .  .  W  .  .\10
<          11\.  .  .  .  .  .  .  B  .  .  .\11
<              a  b  c  d  e  f  g  h  i  j  k  
<
>genmove b
<= g10
<
>showboard
95ca7 info: PlayAndSolve: Building VCs to avoid race condition.
95ca7 info: PlayAndSolve: Continuing on as usual.
22f46 info: *** PlayerThread ***
1af36 info: *** SolverThread ***
22f46 info: Best move cannot be determined, must search state.
22f46 info: --- MoHexPlayer::Search() ---
22f46 info: Color: black
22f46 info: MaxGames: 1
22f46 info: NumberThreads: 1
22f46 info: MaxNodes: 9090 (799920 bytes)
22f46 info: TimeForMove: 1
22f46 info: PreSearch: max time reached (61/82).
22f46 info: Time for PreSearch: 0.202177s
22f46 info: 
  7a39021b702af66c
  a  b  c  d  e  f  g  h  i  j  k  
 1\.  .  .  .  .  .  .  .  .  .  .\1
  2\.  .  *  *  .  .  .  W  *  *  *\2
   3\.  *  *  .  B  .  B  *  *  *  *\3
    4\*  *  W  *  *  *  W  *  *  *  *\4
     5\*  *  *  *  *  *  *  *  *  *  B\5
      6\*  *  *  *  *  *  *  *  *  W  *\6
       7\*  *  *  *  *  *  *  *  *  *  *\7
        8\*  *  *  *  *  *  *  *  *  *  .\8
         9\B  *  *  *  *  *  *  *  *  *  .\9
         10\*  *  *  *  *  *  *  *  W  .  .\10
          11\.  .  .  .  .  .  .  B  .  .  .\11
              a  b  c  d  e  f  g  h  i  j  k  
22f46 info: Old: [black, a9] [white, i10] [black, e3] [white, c4] [black, k5] [white, g4] [black, h11] [white, h2] 
22f46 info: New: [black, a9] [white, i10] [black, e3] [white, c4] [black, k5] [white, g4] [black, h11] [white, h2] [black, g3] [white, j6] 
22f46 info: MovesPlayed: [black, g3] [white, j6] 
22f46 info: No subtree to reuse.
22f46 info: StartSearch()[0]
SgUctSearch: max games reached
22f46 info: 
Elapsed Time   0.551544s
Count          1
GamesPlayed    1
Nodes          1
Knowledge      0 (0.0%)
Expansions     0.0
Time           0.00
GameLen        111.0 dev=0.0 min=111.0 max=111.0
InTree         0.0 dev=0.0 min=0.0 max=0.0
KnowDepth      -
Aborted        0%
Games/s        2702.7
Score          1.00
Sequence      
22f46 info: 
22f46 warning: **** MoHexSearch returned empty sequence!
22f46 warning: **** Returning random move!
22f46 info: *** Player move: g10
12f26 info: DfpnSolver::CheckAbort(): Abort flag!
1af36 info: 
MID calls      84
VC builds      80
Terminal       0
Work           84
Wasted Work    0 (0%)
Elapsed Time   0.56487
MIDs/sec       148.707
VCs/sec        141.626
Cnt prune sib  0
Avg prune sib  -
Consider Size  73.7125 dev=10.8895 min=15 max=82
Move Index     -
Move Percent   -
Delta Increase 3.62651 dev=12.1196 min=1 max=75
Winner         empty
PV             b10 b7 d5 c7

HashTableStatistics:
Stores         705
LookupAttempt  61945
LookupSuccess  3437
Collisions     0

1af36 info: Search aborted.
<= 
< 
<  10fe3b4596e5270d
<  a  b  c  d  e  f  g  h  i  j  k  
< 1\.  .  .  .  .  .  .  .  .  .  .\1
<  2\.  .  .  .  .  .  .  W  .  .  .\2
<   3\.  .  .  .  B  .  B  .  .  .  .\3
<    4\.  .  W  .  .  .  W  .  .  .  .\4
<     5\.  .  .  .  .  .  .  .  .  .  B\5
<      6\.  .  .  .  .  .  .  .  .  W  .\6
<       7\.  .  .  .  .  .  .  .  .  .  .\7
<        8\.  .  .  .  .  .  .  .  .  .  .\8
<         9\B  .  .  .  .  .  .  .  .  .  .\9
<         10\.  .  .  .  .  .  B  .  W  .  .\10
<          11\.  .  .  .  .  .  .  B  .  .  .\11
<              a  b  c  d  e  f  g  h  i  j  k  
<
>play w g7
<= 
<
>showboard
<= 
< 
<  1655e64463eab135
<  a  b  c  d  e  f  g  h  i  j  k  
< 1\.  .  .  .  .  .  .  .  .  .  .\1
<  2\.  .  .  .  .  .  .  W  .  .  .\2
<   3\.  .  .  .  B  .  B  .  .  .  .\3
<    4\.  .  W  .  .  .  W  .  .  .  .\4
<     5\.  .  .  .  .  .  .  .  .  .  B\5
<      6\.  .  .  .  .  .  .  .  .  W  .\6
<       7\.  .  .  .  .  .  W  .  .  .  .\7
<        8\.  .  .  .  .  .  .  .  .  .  .\8
<         9\B  .  .  .  .  .  .  .  .  .  .\9
<         10\.  .  .  .  .  .  B  .  W  .  .\10
<          11\.  .  .  .  .  .  .  B  .  .  .\11
<              a  b  c  d  e  f  g  h  i  j  k  
<
>genmove b
<= a4
<
>showboard
95ca7 info: PlayAndSolve: Building VCs to avoid race condition.
95ca7 info: PlayAndSolve: Continuing on as usual.
1af36 info: *** PlayerThread ***
22f46 info: *** SolverThread ***
1af36 info: Best move cannot be determined, must search state.
1af36 info: --- MoHexPlayer::Search() ---
1af36 info: Color: black
1af36 info: MaxGames: 1
1af36 info: NumberThreads: 1
1af36 info: MaxNodes: 9090 (799920 bytes)
1af36 info: TimeForMove: 1
1af36 info: PreSearch: max time reached (60/78).
1af36 info: Time for PreSearch: 0.203147s
1af36 info: 
  1655e64463eab135
  a  b  c  d  e  f  g  h  i  j  k  
 1\.  .  .  .  .  .  .  .  .  .  .\1
  2\.  .  *  *  .  .  .  W  *  *  *\2
   3\.  *  *  .  B  .  B  *  *  *  *\3
    4\*  *  W  *  *  *  W  *  *  *  *\4
     5\*  *  *  *  *  *  *  *  *  *  B\5
      6\*  *  *  *  *  *  *  *  *  W  *\6
       7\*  *  *  *  *  *  W  *  *  *  *\7
        8\*  *  *  *  *  *  *  *  *  *  .\8
         9\B  *  *  *  *  *  *  *  *  *  .\9
         10\*  *  *  *  .  .  B  .  W  .  .\10
          11\.  .  .  .  b  b  b  B  .  .  .\11
              a  b  c  d  e  f  g  h  i  j  k  
1af36 info: Old: [black, a9] [white, i10] [black, e3] [white, c4] [black, k5] [white, g4] [black, h11] [white, h2] [black, g3] [white, j6] 
1af36 info: New: [black, a9] [white, i10] [black, e3] [white, c4] [black, k5] [white, g4] [black, h11] [white, h2] [black, g3] [white, j6] [black, g10] [white, g7] 
1af36 info: MovesPlayed: [black, g10] [white, g7] 
1af36 info: No subtree to reuse.
1af36 info: StartSearch()[0]
SgUctSearch: max games reached
1af36 info: 
Elapsed Time   0.352361s
Count          1
GamesPlayed    1
Nodes          1
Knowledge      0 (0.0%)
Expansions     0.0
Time           0.00
GameLen        106.0 dev=0.0 min=106.0 max=106.0
InTree         0.0 dev=0.0 min=0.0 max=0.0
KnowDepth      -
Aborted        0%
Games/s        3703.7
Score          1.00
Sequence      
1af36 info: 
1af36 warning: **** MoHexSearch returned empty sequence!
1af36 warning: **** Returning random move!
1af36 info: *** Player move: a4
12f26 info: DfpnSolver::CheckAbort(): Abort flag!
22f46 info: 
MID calls      39
VC builds      38
Terminal       0
Work           39
Wasted Work    0 (0%)
Elapsed Time   0.366518
MIDs/sec       106.407
VCs/sec        103.678
Cnt prune sib  0
Avg prune sib  -
Consider Size  66.9737 dev=11.8998 min=28 max=78
Move Index     -
Move Percent   -
Delta Increase 2.84211 dev=11.0418 min=1 max=70
Winner         empty
PV             b10 d8 d5

HashTableStatistics:
Stores         804
LookupAttempt  71069
LookupSuccess  4007
Collisions     0

22f46 info: Search aborted.
<= 
< 
<  2ad64d57cbb9c431
<  a  b  c  d  e  f  g  h  i  j  k  
< 1\.  .  .  .  .  .  .  .  .  .  .\1
<  2\.  .  .  .  .  .  .  W  .  .  .\2
<   3\.  .  .  .  B  .  B  .  .  .  .\3
<    4\B  .  W  .  .  .  W  .  .  .  .\4
<     5\.  .  .  .  .  .  .  .  .  .  B\5
<      6\.  .  .  .  .  .  .  .  .  W  .\6
<       7\.  .  .  .  .  .  W  .  .  .  .\7
<        8\.  .  .  .  .  .  .  .  .  .  .\8
<         9\B  .  .  .  .  .  .  .  .  .  .\9
<         10\.  .  .  .  .  .  B  .  W  .  .\10
<          11\.  .  .  .  .  .  .  B  .  .  .\11
<              a  b  c  d  e  f  g  h  i  j  k  
<
>play w b11
<= 
<
>showboard
<= 
< 
<  e4aa1162e5b90232
<  a  b  c  d  e  f  g  h  i  j  k  
< 1\.  .  .  .  .  .  .  .  .  .  .\1
<  2\.  .  .  .  .  .  .  W  .  .  .\2
<   3\.  .  .  .  B  .  B  .  .  .  .\3
<    4\B  .  W  .  .  .  W  .  .  .  .\4
<     5\.  .  .  .  .  .  .  .  .  .  B\5
<      6\.  .  .  .  .  .  .  .  .  W  .\6
<       7\.  .  .  .  .  .  W  .  .  .  .\7
<        8\.  .  .  .  .  .  .  .  .  .  .\8
<         9\B  .  .  .  .  .  .  .  .  .  .\9
<         10\.  .  .  .  .  .  B  .  W  .  .\10
<          11\.  W  .  .  .  .  .  B  .  .  .\11
<              a  b  c  d  e  f  g  h  i  j  k  
<
>genmove b
<= g6
<
>showboard
95ca7 info: PlayAndSolve: Building VCs to avoid race condition.
95ca7 info: PlayAndSolve: Continuing on as usual.
22f46 info: *** PlayerThread ***
1af36 info: *** SolverThread ***
22f46 info: Best move cannot be determined, must search state.
22f46 info: --- MoHexPlayer::Search() ---
22f46 info: Color: black
22f46 info: MaxGames: 1
22f46 info: NumberThreads: 1
22f46 info: MaxNodes: 9090 (799920 bytes)
22f46 info: TimeForMove: 1
22f46 info: PreSearch: max time reached (70/78).
22f46 info: Time for PreSearch: 0.201878s
22f46 info: 
  e4aa1162e5b90232
  a  b  c  d  e  f  g  h  i  j  k  
 1\.  .  .  .  .  .  .  .  .  .  .\1
  2\.  .  *  .  .  .  .  W  *  *  *\2
   3\.  .  .  .  B  .  B  *  *  *  *\3
    4\B  *  W  *  *  *  W  *  *  *  *\4
     5\*  *  *  *  *  *  *  *  *  *  B\5
      6\*  *  *  *  *  *  *  *  *  W  *\6
       7\*  *  *  *  *  *  W  *  *  *  *\7
        8\*  *  *  *  *  *  *  *  *  *  .\8
         9\B  *  *  *  *  *  *  *  *  *  .\9
         10\*  *  *  *  .  .  B  .  W  .  .\10
          11\*  W  .  .  b  b  b  B  .  .  .\11
              a  b  c  d  e  f  g  h  i  j  k  
22f46 info: Old: [black, a9] [white, i10] [black, e3] [white, c4] [black, k5] [white, g4] [black, h11] [white, h2] [black, g3] [white, j6] [black, g10] [white, g7] 
22f46 info: New: [black, a9] [white, i10] [black, e3] [white, c4] [black, k5] [white, g4] [black, h11] [white, h2] [black, g3] [white, j6] [black, g10] [white, g7] [black, a4] [white, b11] 
22f46 info: MovesPlayed: [black, a4] [white, b11] 
22f46 info: No subtree to reuse.
22f46 info: StartSearch()[0]
SgUctSearch: max games reached
22f46 info: 
Elapsed Time   0.35719s
Count          1
GamesPlayed    1
Nodes          1
Knowledge      0 (0.0%)
Expansions     0.0
Time           0.00
GameLen        104.0 dev=0.0 min=104.0 max=104.0
InTree         0.0 dev=0.0 min=0.0 max=0.0
KnowDepth      -
Aborted        0%
Games/s        3194.9
Score          0.00
Sequence      
22f46 info: 
22f46 warning: **** MoHexSearch returned empty sequence!
22f46 warning: **** Returning random move!
22f46 info: *** Player move: g6
12f26 info: DfpnSolver::CheckAbort(): Abort flag!
1af36 info: 
MID calls      50
VC builds      48
Terminal       0
Work           50
Wasted Work    0 (0%)
Elapsed Time   0.36931
MIDs/sec       135.388
VCs/sec        129.972
Cnt prune sib  1
Avg prune sib  1 dev=0 min=1 max=1
Consider Size  71.4792 dev=7.53313 min=42 max=78
Move Index     -
Move Percent   -
Delta Increase 3.30612 dev=11.6096 min=1 max=73
Winner         empty
PV             e9 d5 f5 f4

HashTableStatistics:
Stores         924
LookupAttempt  81104
LookupSuccess  4589
Collisions     0

1af36 info: Search aborted.
<= 
< 
<  29a7ebdb8ed58606
<  a  b  c  d  e  f  g  h  i  j  k  
< 1\.  .  .  .  .  .  .  .  .  .  .\1
<  2\.  .  .  .  .  .  .  W  .  .  .\2
<   3\.  .  .  .  B  .  B  .  .  .  .\3
<    4\B  .  W  .  .  .  W  .  .  .  .\4
<     5\.  .  .  .  .  .  .  .  .  .  B\5
<      6\.  .  .  .  .  .  B  .  .  W  .\6
<       7\.  .  .  .  .  .  W  .  .  .  .\7
<        8\.  .  .  .  .  .  .  .  .  .  .\8
<         9\B  .  .  .  .  .  .  .  .  .  .\9
<         10\.  .  .  .  .  .  B  .  W  .  .\10
<          11\.  W  .  .  .  .  .  B  .  .  .\11
<              a  b  c  d  e  f  g  h  i  j  k  
<
>play w e4
<= 
<
>showboard
<= 
< 
<  60835c9f52b4bbc5
<  a  b  c  d  e  f  g  h  i  j  k  
< 1\.  .  .  .  .  .  .  .  .  .  .\1
<  2\.  .  .  .  .  .  .  W  .  .  .\2
<   3\.  .  .  .  B  .  B  .  .  .  .\3
<    4\B  .  W  .  W  .  W  .  .  .  .\4
<     5\.  .  .  .  .  .  .  .  .  .  B\5
<      6\.  .  .  .  .  .  B  .  .  W  .\6
<       7\.  .  .  .  .  .  W  .  .  .  .\7
<        8\.  .  .  .  .  .  .  .  .  .  .\8
<         9\B  .  .  .  .  .  .  .  .  .  .\9
<         10\.  .  .  .  .  .  B  .  W  .  .\10
<          11\.  W  .  .  .  .  .  B  .  .  .\11
<              a  b  c  d  e  f  g  h  i  j  k  
<
>genmove b
<= c7
<
>showboard
95ca7 info: PlayAndSolve: Building VCs to avoid race condition.
95ca7 info: PlayAndSolve: Continuing on as usual.
1af36 info: *** PlayerThread ***
22f46 info: *** SolverThread ***
1af36 info: Best move cannot be determined, must search state.
1af36 info: --- MoHexPlayer::Search() ---
1af36 info: Color: black
1af36 info: MaxGames: 1
1af36 info: NumberThreads: 1
1af36 info: MaxNodes: 9090 (799920 bytes)
1af36 info: TimeForMove: 1
1af36 info: PreSearch: max time reached (65/76).
1af36 info: Time for PreSearch: 0.201109s
1af36 info: 
  60835c9f52b4bbc5
  a  b  c  d  e  f  g  h  i  j  k  
 1\.  .  .  .  .  .  .  .  .  .  .\1
  2\.  .  *  .  *  .  .  W  *  *  *\2
   3\.  .  .  .  B  .  B  *  *  *  *\3
    4\B  *  W  *  W  *  W  *  *  *  *\4
     5\*  *  *  *  *  *  *  *  *  *  B\5
      6\*  *  *  *  *  *  B  *  *  W  *\6
       7\*  *  *  *  *  *  W  *  *  *  *\7
        8\*  *  *  *  *  *  *  *  *  *  .\8
         9\B  *  *  *  *  *  *  *  *  *  .\9
         10\*  *  *  *  .  .  B  .  W  .  .\10
          11\*  W  .  .  b  b  b  B  .  .  .\11
              a  b  c  d  e  f  g  h  i  j  k  
1af36 info: Old: [black, a9] [white, i10] [black, e3] [white, c4] [black, k5] [white, g4] [black, h11] [white, h2] [black, g3] [white, j6] [black, g10] [white, g7] [black, a4] [white, b11] 
1af36 info: New: [black, a9] [white, i10] [black, e3] [white, c4] [black, k5] [white, g4] [black, h11] [white, h2] [black, g3] [white, j6] [black, g10] [white, g7] [black, a4] [white, b11] [black, g6] [white, e4] 
1af36 info: MovesPlayed: [black, g6] [white, e4] 
1af36 info: No subtree to reuse.
1af36 info: StartSearch()[0]
SgUctSearch: max games reached
1af36 info: 
Elapsed Time   0.366961s
Count          1
GamesPlayed    1
Nodes          1
Knowledge      0 (0.0%)
Expansions     0.0
Time           0.00
GameLen        102.0 dev=0.0 min=102.0 max=102.0
InTree         0.0 dev=0.0 min=0.0 max=0.0
KnowDepth      -
Aborted        0%
Games/s        2849.0
Score          1.00
Sequence      
1af36 info: 
1af36 warning: **** MoHexSearch returned empty sequence!
1af36 warning: **** Returning random move!
1af36 info: *** Player move: c7
12f26 info: DfpnSolver::CheckAbort(): Abort flag!
22f46 info: 
MID calls      61
VC builds      59
Terminal       0
Work           61
Wasted Work    0 (0%)
Elapsed Time   0.37699
MIDs/sec       161.808
VCs/sec        156.503
Cnt prune sib  1
Avg prune sib  1 dev=0 min=1 max=1
Consider Size  67.8644 dev=8.46405 min=35 max=76
Move Index     -
Move Percent   -
Delta Increase 2.81667 dev=9.90201 min=1 max=71
Winner         empty
PV             i3 f8 d9

HashTableStatistics:
Stores         1066
LookupAttempt  91322
LookupSuccess  5137
Collisions     0

22f46 info: Search aborted.
<= 
< 
<  85e047acf2697f72
<  a  b  c  d  e  f  g  h  i  j  k  
< 1\.  .  .  .  .  .  .  .  .  .  .\1
<  2\.  .  .  .  .  .  .  W  .  .  .\2
<   3\.  .  .  .  B  .  B  .  .  .  .\3
<    4\B  .  W  .  W  .  W  .  .  .  .\4
<     5\.  .  .  .  .  .  .  .  .  .  B\5
<      6\.  .  .  .  .  .  B  .  .  W  .\6
<       7\.  .  B  .  .  .  W  .  .  .  .\7
<        8\.  .  .  .  .  .  .  .  .  .  .\8
<         9\B  .  .  .  .  .  .  .  .  .  .\9
<         10\.  .  .  .  .  .  B  .  W  .  .\10
<          11\.  W  .  .  .  .  .  B  .  .  .\11
<              a  b  c  d  e  f  g  h  i  j  k  
<
>play w k4
<= 
<
>showboard
<= 
< 
<  dd1059384e0442be
<  a  b  c  d  e  f  g  h  i  j  k  
< 1\.  .  .  .  .  .  .  .  .  .  .\1
<  2\.  .  .  .  .  .  .  W  .  .  .\2
<   3\.  .  .  .  B  .  B  .  .  .  .\3
<    4\B  .  W  .  W  .  W  .  .  .  W\4
<     5\.  .  .  .  .  .  .  .  .  .  B\5
<      6\.  .  .  .  .  .  B  .  .  W  .\6
<       7\.  .  B  .  .  .  W  .  .  .  .\7
<        8\.  .  .  .  .  .  .  .  .  .  .\8
<         9\B  .  .  .  .  .  .  .  .  .  .\9
<         10\.  .  .  .  .  .  B  .  W  .  .\10
<          11\.  W  .  .  .  .  .  B  .  .  .\11
<              a  b  c  d  e  f  g  h  i  j  k  
<
>genmove b
<= g8
<
>showboard
95ca7 info: PlayAndSolve: Building VCs to avoid race condition.
95ca7 info: PlayAndSolve: Continuing on as usual.
22f46 info: *** PlayerThread ***
1af36 info: *** SolverThread ***
22f46 info: Best move cannot be determined, must search state.
22f46 info: --- MoHexPlayer::Search() ---
22f46 info: Color: black
22f46 info: MaxGames: 1
22f46 info: NumberThreads: 1
22f46 info: MaxNodes: 9090 (799920 bytes)
22f46 info: TimeForMove: 1
22f46 info: PreSearch: max time reached (65/70).
22f46 info: Time for PreSearch: 0.202829s
22f46 info: 
  dd1059384e0442be
  a  b  c  d  e  f  g  h  i  j  k  
 1\.  .  .  .  .  .  .  .  .  .  .\1
  2\.  .  *  .  .  .  .  W  *  *  *\2
   3\.  .  .  .  B  .  B  *  *  *  .\3
    4\B  *  W  *  W  *  W  *  *  *  W\4
     5\*  *  *  *  *  *  *  *  *  *  B\5
      6\*  *  *  *  *  *  B  *  *  W  .\6
       7\*  *  B  *  *  *  W  *  *  *  *\7
        8\.  .  *  *  *  *  *  *  *  *  .\8
         9\B  *  *  *  *  *  *  *  *  *  .\9
         10\*  *  *  *  .  .  B  .  W  .  .\10
          11\*  W  .  .  b  b  b  B  .  .  .\11
              a  b  c  d  e  f  g  h  i  j  k  
22f46 info: Old: [black, a9] [white, i10] [black, e3] [white, c4] [black, k5] [white, g4] [black, h11] [white, h2] [black, g3] [white, j6] [black, g10] [white, g7] [black, a4] [white, b11] [black, g6] [white, e4] 
22f46 info: New: [black, a9] [white, i10] [black, e3] [white, c4] [black, k5] [white, g4] [black, h11] [white, h2] [black, g3] [white, j6] [black, g10] [white, g7] [black, a4] [white, b11] [black, g6] [white, e4] [black, c7] [white, k4] 
22f46 info: MovesPlayed: [black, c7] [white, k4] 
22f46 info: No subtree to reuse.
22f46 info: StartSearch()[0]
SgUctSearch: max games reached
22f46 info: 
Elapsed Time   0.365677s
Count          1
GamesPlayed    1
Nodes          1
Knowledge      0 (0.0%)
Expansions     0.0
Time           0.00
GameLen        100.0 dev=0.0 min=100.0 max=100.0
InTree         0.0 dev=0.0 min=0.0 max=0.0
KnowDepth      -
Aborted        0%
Games/s        2890.2
Score          0.00
Sequence      
22f46 info: 
22f46 warning: **** MoHexSearch returned empty sequence!
22f46 warning: **** Returning random move!
22f46 info: *** Player move: g8
12f26 info: DfpnSolver::CheckAbort(): Abort flag!
1af36 info: 
MID calls      64
VC builds      61
Terminal       0
Work           64
Wasted Work    0 (0%)
Elapsed Time   0.376269
MIDs/sec       170.091
VCs/sec        162.118
Cnt prune sib  3
Avg prune sib  1 dev=0 min=1 max=1
Consider Size  66.3279 dev=3.57017 min=59 max=73
Move Index     -
Move Percent   -
Delta Increase 3.06349 dev=11.3233 min=1 max=69
Winner         empty
PV             e9 h4 f4

HashTableStatistics:
Stores         1214
LookupAttempt  101157
LookupSuccess  5687
Collisions     0

1af36 info: Search aborted.
<= 
< 
<  dbb34b834f08afd8
<  a  b  c  d  e  f  g  h  i  j  k  
< 1\.  .  .  .  .  .  .  .  .  .  .\1
<  2\.  .  .  .  .  .  .  W  .  .  .\2
<   3\.  .  .  .  B  .  B  .  .  .  .\3
<    4\B  .  W  .  W  .  W  .  .  .  W\4
<     5\.  .  .  .  .  .  .  .  .  .  B\5
<      6\.  .  .  .  .  .  B  .  .  W  .\6
<       7\.  .  B  .  .  .  W  .  .  .  .\7
<        8\.  .  .  .  .  .  B  .  .  .  .\8
<         9\B  .  .  .  .  .  .  .  .  .  .\9
<         10\.  .  .  .  .  .  B  .  W  .  .\10
<          11\.  W  .  .  .  .  .  B  .  .  .\11
<              a  b  c  d  e  f  g  h  i  j  k  
<
>play w a5
<= 
<
>showboard
<= 
< 
<  48185e51c904fef1
<  a  b  c  d  e  f  g  h  i  j  k  
< 1\.  .  .  .  .  .  .  .  .  .  .\1
<  2\.  .  .  .  .  .  .  W  .  .  .\2
<   3\.  .  .  .  B  .  B  .  .  .  .\3
<    4\B  .  W  .  W  .  W  .  .  .  W\4
<     5\W  .  .  .  .  .  .  .  .  .  B\5
<      6\.  .  .  .  .  .  B  .  .  W  .\6
<       7\.  .  B  .  .  .  W  .  .  .  .\7
<        8\.  .  .  .  .  .  B  .  .  .  .\8
<         9\B  .  .  .  .  .  .  .  .  .  .\9
<         10\.  .  .  .  .  .  B  .  W  .  .\10
<          11\.  W  .  .  .  .  .  B  .  .  .\11
<              a  b  c  d  e  f  g  h  i  j  k  
<
>genmove b
<= b6
<
>showboard
95ca7 info: PlayAndSolve: Building VCs to avoid race condition.
95ca7 info: PlayAndSolve: Continuing on as usual.
1af36 info: *** PlayerThread ***
22f46 info: *** SolverThread ***
1af36 info: Best move cannot be determined, must search state.
1af36 info: --- MoHexPlayer::Search() ---
1af36 info: Color: black
1af36 info: MaxGames: 1
1af36 info: NumberThreads: 1
1af36 info: MaxNodes: 9090 (799920 bytes)
1af36 info: TimeForMove: 1
1af36 info: PreSearch: max time reached (61/65).
1af36 info: Time for PreSearch: 0.202647s
1af36 info: 
  48185e51c904fef1
  a  b  c  d  e  f  g  h  i  j  k  
 1\.  .  .  .  .  .  .  .  .  .  .\1
  2\.  .  *  .  .  .  .  W  *  *  *\2
   3\.  .  .  .  B  .  B  *  *  *  .\3
    4\B  *  W  *  W  *  W  *  *  *  W\4
     5\W  *  *  *  *  *  *  *  *  *  B\5
      6\.  *  *  *  *  *  B  *  *  W  .\6
       7\*  *  B  *  *  *  W  *  *  *  *\7
        8\.  .  *  *  *  *  B  *  *  *  .\8
         9\B  *  *  *  *  .  .  *  *  *  .\9
         10\*  *  *  *  .  .  B  .  W  .  .\10
          11\*  W  .  .  b  b  b  B  .  .  .\11
              a  b  c  d  e  f  g  h  i  j  k  
1af36 info: Old: [black, a9] [white, i10] [black, e3] [white, c4] [black, k5] [white, g4] [black, h11] [white, h2] [black, g3] [white, j6] [black, g10] [white, g7] [black, a4] [white, b11] [black, g6] [white, e4] [black, c7] [white, k4] 
1af36 info: New: [black, a9] [white, i10] [black, e3] [white, c4] [black, k5] [white, g4] [black, h11] [white, h2] [black, g3] [white, j6] [black, g10] [white, g7] [black, a4] [white, b11] [black, g6] [white, e4] [black, c7] [white, k4] [black, g8] [white, a5] 
1af36 info: MovesPlayed: [black, g8] [white, a5] 
1af36 info: No subtree to reuse.
1af36 info: StartSearch()[0]
SgUctSearch: max games reached
1af36 info: 
Elapsed Time   0.36178s
Count          1
GamesPlayed    1
Nodes          1
Knowledge      0 (0.0%)
Expansions     0.0
Time           0.00
GameLen        98.0 dev=0.0 min=98.0 max=98.0
InTree         0.0 dev=0.0 min=0.0 max=0.0
KnowDepth      -
Aborted        0%
Games/s        2150.5
Score          1.00
Sequence      
1af36 info: 
1af36 warning: **** MoHexSearch returned empty sequence!
1af36 warning: **** Returning random move!
1af36 info: *** Player move: b6
12f26 info: DfpnSolver::CheckAbort(): Abort flag!
22f46 info: 
MID calls      72
VC builds      69
Terminal       2
Work           74
Wasted Work    0 (0%)
Elapsed Time   0.371141
MIDs/sec       193.996
VCs/sec        185.913
Cnt prune sib  2
Avg prune sib  1 dev=0 min=1 max=1
Consider Size  57.0448 dev=16.1997 min=15 max=69
Move Index     -
Move Percent   -
Delta Increase 2.43836 dev=7.75831 min=1 max=65
Winner         empty
PV             i4 j2 h3

HashTableStatistics:
Stores         1382
LookupAttempt  110433
LookupSuccess  6243
Collisions     0

22f46 info: Search aborted.
<= 
< 
<  0eeec8478aed746a
<  a  b  c  d  e  f  g  h  i  j  k  
< 1\.  .  .  .  .  .  .  .  .  .  .\1
<  2\.  .  .  .  .  .  .  W  .  .  .\2
<   3\.  .  .  .  B  .  B  .  .  .  .\3
<    4\B  .  W  .  W  .  W  .  .  .  W\4
<     5\W  .  .  .  .  .  .  .  .  .  B\5
<      6\.  B  .  .  .  .  B  .  .  W  .\6
<       7\.  .  B  .  .  .  W  .  .  .  .\7
<        8\.  .  .  .  .  .  B  .  .  .  .\8
<         9\B  .  .  .  .  .  .  .  .  .  .\9
<         10\.  .  .  .  .  .  B  .  W  .  .\10
<          11\.  W  .  .  .  .  .  B  .  .  .\11
<              a  b  c  d  e  f  g  h  i  j  k  
<
>play w e10
<= 
<
>showboard
<= 
< 
<  3bab176418723857
<  a  b  c  d  e  f  g  h  i  j  k  
< 1\.  .  .  .  .  .  .  .  .  .  .\1
<  2\.  .  .  .  .  .  .  W  .  .  .\2
<   3\.  .  .  .  B  .  B  .  .  .  .\3
<    4\B  .  W  .  W  .  W  .  .  .  W\4
<     5\W  .  .  .  .  .  .  .  .  .  B\5
<      6\.  B  .  .  .  .  B  .  .  W  .\6
<       7\.  .  B  .  .  .  W  .  .  .  .\7
<        8\.  .  .  .  .  .  B  .  .  .  .\8
<         9\B  .  .  .  .  .  .  .  .  .  .\9
<         10\.  .  .  .  W  .  B  .  W  .  .\10
<          11\.  W  .  .  .  .  .  B  .  .  .\11
<              a  b  c  d  e  f  g  h  i  j  k  
<
>genmove b
<= b2
<
>showboard
95ca7 info: PlayAndSolve: Building VCs to avoid race condition.
95ca7 info: PlayAndSolve: Continuing on as usual.
22f46 info: *** PlayerThread ***
1af36 info: *** SolverThread ***
22f46 info: Best move cannot be determined, must search state.
22f46 info: --- MoHexPlayer::Search() ---
22f46 info: Color: black
22f46 info: MaxGames: 1
22f46 info: NumberThreads: 1
22f46 info: MaxNodes: 9090 (799920 bytes)
22f46 info: TimeForMove: 1
22f46 info: Time for PreSearch: 0.173312s
22f46 info: 
  3bab176418723857
  a  b  c  d  e  f  g  h  i  j  k  
 1\.  .  .  .  .  .  .  .  .  .  .\1
  2\.  .  *  .  .  .  .  W  *  *  *\2
   3\.  .  .  .  B  .  B  *  *  *  .\3
    4\B  *  W  *  W  *  W  *  *  *  W\4
     5\W  .  *  *  *  *  *  *  *  *  B\5
      6\b  B  *  *  *  *  B  *  *  W  .\6
       7\.  .  B  *  *  *  W  *  *  *  *\7
        8\.  .  *  *  *  *  B  *  *  *  .\8
         9\B  *  *  *  *  *  .  *  *  *  .\9
         10\*  *  *  *  W  .  B  .  W  .  .\10
          11\*  W  .  .  b  b  b  B  .  .  .\11
              a  b  c  d  e  f  g  h  i  j  k  
22f46 info: Old: [black, a9] [white, i10] [black, e3] [white, c4] [black, k5] [white, g4] [black, h11] [white, h2] [black, g3] [white, j6] [black, g10] [white, g7] [black, a4] [white, b11] [black, g6] [white, e4] [black, c7] [white, k4] [black, g8] [white, a5] 
22f46 info: New: [black, a9] [white, i10] [black, e3] [white, c4] [black, k5] [white, g4] [black, h11] [white, h2] [black, g3] [white, j6] [black, g10] [white, g7] [black, a4] [white, b11] [black, g6] [white, e4] [black, c7] [white, k4] [black, g8] [white, a5] [black, b6] [white, e10] 
22f46 info: MovesPlayed: [black, b6] [white, e10] 
22f46 info: No subtree to reuse.
22f46 info: StartSearch()[0]
SgUctSearch: max games reached
22f46 info: 
Elapsed Time   0.326973s
Count          1
GamesPlayed    1
Nodes          1
Knowledge      0 (0.0%)
Expansions     0.0
Time           0.00
GameLen        95.0 dev=0.0 min=95.0 max=95.0
InTree         0.0 dev=0.0 min=0.0 max=0.0
KnowDepth      -
Aborted        0%
Games/s        3649.6
Score          0.00
Sequence      
22f46 info: 
22f46 warning: **** MoHexSearch returned empty sequence!
22f46 warning: **** Returning random move!
22f46 info: *** Player move: b2
12f26 info: DfpnSolver::CheckAbort(): Abort flag!
1af36 info: 
MID calls      80
VC builds      76
Terminal       0
Work           80
Wasted Work    0 (0%)
Elapsed Time   0.335114
MIDs/sec       238.725
VCs/sec        226.788
Cnt prune sib  3
Avg prune sib  1.33333 dev=0.471404 min=1 max=2
Consider Size  56.6316 dev=5.15769 min=47 max=66
Move Index     -
Move Percent   -
Delta Increase 3.13924 dev=10.2175 min=1 max=60
Winner         empty
PV             i3 i6 d10 h5

HashTableStatistics:
Stores         1559
LookupAttempt  119445
LookupSuccess  6725
Collisions     0

1af36 info: Search aborted.
<= 
< 
<  a118cd0e8a067692
<  a  b  c  d  e  f  g  h  i  j  k  
< 1\.  .  .  .  .  .  .  .  .  .  .\1
<  2\.  B  .  .  .  .  .  W  .  .  .\2
<   3\.  .  .  .  B  .  B  .  .  .  .\3
<    4\B  .  W  .  W  .  W  .  .  .  W\4
<     5\W  .  .  .  .  .  .  .  .  .  B\5
<      6\.  B  .  .  .  .  B  .  .  W  .\6
<       7\.  .  B  .  .  .  W  .  .  .  .\7
<        8\.  .  .  .  .  .  B  .  .  .  .\8
<         9\B  .  .  .  .  .  .  .  .  .  .\9
<         10\.  .  .  .  W  .  B  .  W  .  .\10
<          11\.  W  .  .  .  .  .  B  .  .  .\11
<              a  b  c  d  e  f  g  h  i  j  k  
<
>play w c8
<= 
<
>showboard
<= 
< 
<  f0bd0ae43e2a10c4
<  a  b  c  d  e  f  g  h  i  j  k  
< 1\.  .  .  .  .  .  .  .  .  .  .\1
<  2\.  B  .  .  .  .  .  W  .  .  .\2
<   3\.  .  .  .  B  .  B  .  .  .  .\3
<    4\B  .  W  .  W  .  W  .  .  .  W\4
<     5\W  .  .  .  .  .  .  .  .  .  B\5
<      6\.  B  .  .  .  .  B  .  .  W  .\6
<       7\.  .  B  .  .  .  W  .  .  .  .\7
<        8\.  .  W  .  .  .  B  .  .  .  .\8
<         9\B  .  .  .  .  .  .  .  .  .  .\9
<         10\.  .  .  .  W  .  B  .  W  .  .\10
<          11\.  W  .  .  .  .  .  B  .  .  .\11
<              a  b  c  d  e  f  g  h  i  j  k  
<
>genmove b
<= c6
<
>showboard
95ca7 info: PlayAndSolve: Building VCs to avoid race condition.
95ca7 info: PlayAndSolve: Continuing on as usual.
1af36 info: *** PlayerThread ***
22f46 info: *** SolverThread ***
1af36 info: Best move cannot be determined, must search state.
1af36 info: --- MoHexPlayer::Search() ---
1af36 info: Color: black
1af36 info: MaxGames: 1
1af36 info: NumberThreads: 1
1af36 info: MaxNodes: 9090 (799920 bytes)
1af36 info: TimeForMove: 1
1af36 info: Time for PreSearch: 0.145657s
1af36 info: 
  f0bd0ae43e2a10c4
  a  b  c  d  e  f  g  h  i  j  k  
 1\b  b  b  b  .  .  .  .  .  .  .\1
  2\b  B  .  .  .  .  .  W  *  *  *\2
   3\.  .  .  .  B  .  B  *  *  *  .\3
    4\B  *  W  *  W  *  W  *  *  *  W\4
     5\W  .  *  *  *  *  *  *  *  *  B\5
      6\b  B  *  *  *  *  B  *  *  W  .\6
       7\.  .  B  *  *  *  W  *  *  *  *\7
        8\.  .  W  *  *  *  B  *  *  *  .\8
         9\B  .  *  *  *  *  .  *  *  *  .\9
         10\.  *  *  *  W  .  B  .  W  .  .\10
          11\*  W  .  .  b  b  b  B  .  .  .\11
              a  b  c  d  e  f  g  h  i  j  k  
1af36 info: Old: [black, a9] [white, i10] [black, e3] [white, c4] [black, k5] [white, g4] [black, h11] [white, h2] [black, g3] [white, j6] [black, g10] [white, g7] [black, a4] [white, b11] [black, g6] [white, e4] [black, c7] [white, k4] [black, g8] [white, a5] [black, b6] [white, e10] 
1af36 info: New: [black, a9] [white, i10] [black, e3] [white, c4] [black, k5] [white, g4] [black, h11] [white, h2] [black, g3] [white, j6] [black, g10] [white, g7] [black, a4] [white, b11] [black, g6] [white, e4] [black, c7] [white, k4] [black, g8] [white, a5] [black, b6] [white, e10] [black, b2] [white, c8] 
1af36 info: MovesPlayed: [black, b2] [white, c8] 
1af36 info: No subtree to reuse.
1af36 info: StartSearch()[0]
SgUctSearch: max games reached
1af36 info: 
Elapsed Time   0.294622s
Count          1
GamesPlayed    1
Nodes          1
Knowledge      0 (0.0%)
Expansions     0.0
Time           0.00
GameLen        88.0 dev=0.0 min=88.0 max=88.0
InTree         0.0 dev=0.0 min=0.0 max=0.0
KnowDepth      -
Aborted        0%
Games/s        3472.2
Score          1.00
Sequence      
1af36 info: 
1af36 warning: **** MoHexSearch returned empty sequence!
1af36 warning: **** Returning random move!
1af36 info: *** Player move: c6
12f26 info: DfpnSolver::CheckAbort(): Abort flag!
22f46 info: 
MID calls      78
VC builds      73
Terminal       0
Work           78
Wasted Work    0 (0%)
Elapsed Time   0.303916
MIDs/sec       256.65
VCs/sec        240.198
Cnt prune sib  3
Avg prune sib  1.33333 dev=0.471404 min=1 max=2
Consider Size  51.8082 dev=3.96444 min=42 max=60
Move Index     -
Move Percent   -
Delta Increase 3.06494 dev=9.39513 min=1 max=56
Winner         empty
PV             f4 h7 a11

HashTableStatistics:
Stores         1732
LookupAttempt  127332
LookupSuccess  7162
Collisions     0

22f46 info: Search aborted.
<= 
< 
<  7857c903220d6021
<  a  b  c  d  e  f  g  h  i  j  k  
< 1\.  .  .  .  .  .  .  .  .  .  .\1
<  2\.  B  .  .  .  .  .  W  .  .  .\2
<   3\.  .  .  .  B  .  B  .  .  .  .\3
<    4\B  .  W  .  W  .  W  .  .  .  W\4
<     5\W  .  .  .  .  .  .  .  .  .  B\5
<      6\.  B  B  .  .  .  B  .  .  W  .\6
<       7\.  .  B  .  .  .  W  .  .  .  .\7
<        8\.  .  W  .  .  .  B  .  .  .  .\8
<         9\B  .  .  .  .  .  .  .  .  .  .\9
<         10\.  .  .  .  W  .  B  .  W  .  .\10
<          11\.  W  .  .  .  .  .  B  .  .  .\11
<              a  b  c  d  e  f  g  h  i  j  k  
<
>play w k9
<= 
<
>showboard
<= 
< 
<  7161c56898f718df
<  a  b  c  d  e  f  g  h  i  j  k  
< 1\.  .  .  .  .  .  .  .  .  .  .\1
<  2\.  B  .  .  .  .  .  W  .  .  .\2
<   3\.  .  .  .  B  .  B  .  .  .  .\3
<    4\B  .  W  .  W  .  W  .  .  .  W\4
<     5\W  .  .  .  .  .  .  .  .  .  B\5
<      6\.  B  B  .  .  .  B  .  .  W  .\6
<       7\.  .  B  .  .  .  W  .  .  .  .\7
<        8\.  .  W  .  .  .  B  .  .  .  .\8
<         9\B  .  .  .  .  .  .  .  .  .  W\9
<         10\.  .  .  .  W  .  B  .  W  .  .\10
<          11\.  W  .  .  .  .  .  B  .  .  .\11
<              a  b  c  d  e  f  g  h  i  j  k  
<
>genmove b
<= i7
<
>showboard
95ca7 info: PlayAndSolve: Building VCs to avoid race condition.
95ca7 info: PlayAndSolve: Continuing on as usual.
22f46 info: *** PlayerThread ***
1af36 info: *** SolverThread ***
22f46 info: Best move cannot be determined, must search state.
22f46 info: --- MoHexPlayer::Search() ---
22f46 info: Color: black
22f46 info: MaxGames: 1
22f46 info: NumberThreads: 1
22f46 info: MaxNodes: 9090 (799920 bytes)
22f46 info: TimeForMove: 1
22f46 info: Time for PreSearch: 0.130731s
22f46 info: 
  7161c56898f718df
  a  b  c  d  e  f  g  h  i  j  k  
 1\b  b  b  b  .  .  .  .  .  .  .\1
  2\b  B  .  .  .  .  .  W  *  *  *\2
   3\.  .  .  .  B  .  B  *  *  *  .\3
    4\B  *  W  *  W  *  W  *  *  *  W\4
     5\W  .  .  .  *  *  *  *  *  *  B\5
      6\b  B  B  *  *  *  B  *  *  W  .\6
       7\b  b  B  *  *  *  W  *  *  *  *\7
        8\b  b  W  *  *  *  B  *  *  *  .\8
         9\B  .  *  *  *  *  .  *  *  *  W\9
         10\.  *  *  *  W  .  B  .  W  .  w\10
          11\*  W  .  .  b  b  b  B  b  b  w\11
              a  b  c  d  e  f  g  h  i  j  k  
22f46 info: Old: [black, a9] [white, i10] [black, e3] [white, c4] [black, k5] [white, g4] [black, h11] [white, h2] [black, g3] [white, j6] [black, g10] [white, g7] [black, a4] [white, b11] [black, g6] [white, e4] [black, c7] [white, k4] [black, g8] [white, a5] [black, b6] [white, e10] [black, b2] [white, c8] 
22f46 info: New: [black, a9] [white, i10] [black, e3] [white, c4] [black, k5] [white, g4] [black, h11] [white, h2] [black, g3] [white, j6] [black, g10] [white, g7] [black, a4] [white, b11] [black, g6] [white, e4] [black, c7] [white, k4] [black, g8] [white, a5] [black, b6] [white, e10] [black, b2] [white, c8] [black, c6] [white, k9] 
22f46 info: MovesPlayed: [black, c6] [white, k9] 
22f46 info: No subtree to reuse.
22f46 info: StartSearch()[0]
SgUctSearch: max games reached
22f46 info: 
Elapsed Time   0.318822s
Count          1
GamesPlayed    1
Nodes          1
Knowledge      0 (0.0%)
Expansions     0.0
Time           0.00
GameLen        78.0 dev=0.0 min=78.0 max=78.0
InTree         0.0 dev=0.0 min=0.0 max=0.0
KnowDepth      -
Aborted        0%
Games/s        3096.0
Score          1.00
Sequence      
22f46 info: 
22f46 warning: **** MoHexSearch returned empty sequence!
22f46 warning: **** Returning random move!
22f46 info: *** Player move: i7
12f26 info: DfpnSolver::CheckAbort(): Abort flag!
1af36 info: 
MID calls      83
VC builds      77
Terminal       0
Work           83
Wasted Work    0 (0%)
Elapsed Time   0.328198
MIDs/sec       252.896
VCs/sec        234.614
Cnt prune sib  4
Avg prune sib  6.5 dev=2.59808 min=2 max=8
Consider Size  45.1169 dev=10.0479 min=11 max=56
Move Index     -
Move Percent   -
Delta Increase 3.17073 dev=8.06499 min=1 max=52
Winner         empty
PV             f4 i6 e6 b10

HashTableStatistics:
Stores         1913
LookupAttempt  134524
LookupSuccess  7571
Collisions     0

1af36 info: Search aborted.
<= 
< 
<  72a7faaf8528f221
<  a  b  c  d  e  f  g  h  i  j  k  
< 1\.  .  .  .  .  .  .  .  .  .  .\1
<  2\.  B  .  .  .  .  .  W  .  .  .\2
<   3\.  .  .  .  B  .  B  .  .  .  .\3
<    4\B  .  W  .  W  .  W  .  .  .  W\4
<     5\W  .  .  .  .  .  .  .  .  .  B\5
<      6\.  B  B  .  .  .  B  .  .  W  .\6
<       7\.  .  B  .  .  .  W  .  B  .  .\7
<        8\.  .  W  .  .  .  B  .  .  .  .\8
<         9\B  .  .  .  .  .  .  .  .  .  W\9
<         10\.  .  .  .  W  .  B  .  W  .  .\10
<          11\.  W  .  .  .  .  .  B  .  .  .\11
<              a  b  c  d  e  f  g  h  i  j  k  
<
>play w h6
<= 
<
>showboard
<= 
< 
<  746d75588655bc5f
<  a  b  c  d  e  f  g  h  i  j  k  
< 1\.  .  .  .  .  .  .  .  .  .  .\1
<  2\.  B  .  .  .  .  .  W  .  .  .\2
<   3\.  .  .  .  B  .  B  .  .  .  .\3
<    4\B  .  W  .  W  .  W  .  .  .  W\4
<     5\W  .  .  .  .  .  .  .  .  .  B\5
<      6\.  B  B  .  .  .  B  W  .  W  .\6
<       7\.  .  B  .  .  .  W  .  B  .  .\7
<        8\.  .  W  .  .  .  B  .  .  .  .\8
<         9\B  .  .  .  .  .  .  .  .  .  W\9
<         10\.  .  .  .  W  .  B  .  W  .  .\10
<          11\.  W  .  .  .  .  .  B  .  .  .\11
<              a  b  c  d  e  f  g  h  i  j  k  
<
>genmove b
<= b5
<
>showboard
95ca7 info: PlayAndSolve: Building VCs to avoid race condition.
95ca7 info: PlayAndSolve: Continuing on as usual.
1af36 info: *** PlayerThread ***
22f46 info: *** SolverThread ***
1af36 info: Best move cannot be determined, must search state.
1af36 info: --- MoHexPlayer::Search() ---
1af36 info: Color: black
1af36 info: MaxGames: 1
1af36 info: NumberThreads: 1
1af36 info: MaxNodes: 9090 (799920 bytes)
1af36 info: TimeForMove: 1
1af36 info: Time for PreSearch: 0.182986s
1af36 info: 
  746d75588655bc5f
  a  b  c  d  e  f  g  h  i  j  k  
 1\b  b  b  b  .  .  .  .  .  .  .\1
  2\b  B  .  .  .  .  .  W  *  *  *\2
   3\.  .  .  .  B  .  B  *  *  *  .\3
    4\B  *  W  *  W  *  W  *  *  *  W\4
     5\W  .  .  .  *  *  *  *  *  *  B\5
      6\b  B  B  *  *  *  B  W  *  W  .\6
       7\b  b  B  *  *  *  W  .  B  *  *\7
        8\b  b  W  *  *  *  B  .  .  *  .\8
         9\B  .  *  *  *  *  .  .  .  *  W\9
         10\.  *  *  *  W  .  B  .  W  .  w\10
          11\*  W  .  .  b  b  b  B  b  b  w\11
              a  b  c  d  e  f  g  h  i  j  k  
1af36 info: Old: [black, a9] [white, i10] [black, e3] [white, c4] [black, k5] [white, g4] [black, h11] [white, h2] [black, g3] [white, j6] [black, g10] [white, g7] [black, a4] [white, b11] [black, g6] [white, e4] [black, c7] [white, k4] [black, g8] [white, a5] [black, b6] [white, e10] [black, b2] [white, c8] [black, c6] [white, k9] 
1af36 info: New: [black, a9] [white, i10] [black, e3] [white, c4] [black, k5] [white, g4] [black, h11] [white, h2] [black, g3] [white, j6] [black, g10] [white, g7] [black, a4] [white, b11] [black, g6] [white, e4] [black, c7] [white, k4] [black, g8] [white, a5] [black, b6] [white, e10] [black, b2] [white, c8] [black, c6] [white, k9] [black, i7] [white, h6] 
1af36 info: MovesPlayed: [black, i7] [white, h6] 
1af36 info: No subtree to reuse.
1af36 info: StartSearch()[0]
SgUctSearch: max games reached
1af36 info: 
Elapsed Time   3.96263s
Count          1
GamesPlayed    1
Nodes          1
Knowledge      0 (0.0%)
Expansions     0.0
Time           0.00
GameLen        76.0 dev=0.0 min=76.0 max=76.0
InTree         0.0 dev=0.0 min=0.0 max=0.0
KnowDepth      -
Aborted        0%
Games/s        3597.1
Score          0.00
Sequence      
1af36 info: 
1af36 warning: **** MoHexSearch returned empty sequence!
1af36 warning: **** Returning random move!
1af36 info: *** Player move: b5
12f26 info: DfpnSolver::CheckAbort(): Abort flag!
22f46 info: 
MID calls      83
VC builds      76
Terminal       0
Work           83
Wasted Work    0 (0%)
Elapsed Time   3.96987
MIDs/sec       20.9075
VCs/sec        19.1442
Cnt prune sib  5
Avg prune sib  5.2 dev=3.42929 min=1 max=8
Consider Size  37.8553 dev=11.0664 min=10 max=52
Move Index     -
Move Percent   -
Delta Increase 2.4878 dev=5.71955 min=1 max=44
Winner         empty
PV             d10 b9 d4

HashTableStatistics:
Stores         2095
LookupAttempt  140769
LookupSuccess  7971
Collisions     0

22f46 info: Search aborted.
<= 
< 
<  db9e6c33ae541b31
<  a  b  c  d  e  f  g  h  i  j  k  
< 1\.  .  .  .  .  .  .  .  .  .  .\1
<  2\.  B  .  .  .  .  .  W  .  .  .\2
<   3\.  .  .  .  B  .  B  .  .  .  .\3
<    4\B  .  W  .  W  .  W  .  .  .  W\4
<     5\W  B  .  .  .  .  .  .  .  .  B\5
<      6\.  B  B  .  .  .  B  W  .  W  .\6
<       7\.  .  B  .  .  .  W  .  B  .  .\7
<        8\.  .  W  .  .  .  B  .  .  .  .\8
<         9\B  .  .  .  .  .  .  .  .  .  W\9
<         10\.  .  .  .  W  .  B  .  W  .  .\10
<          11\.  W  .  .  .  .  .  B  .  .  .\11
<              a  b  c  d  e  f  g  h  i  j  k  
<
>play w h8
<= 
<
>showboard
<= 
< 
<  4d5cd4a186683eca
<  a  b  c  d  e  f  g  h  i  j  k  
< 1\.  .  .  .  .  .  .  .  .  .  .\1
<  2\.  B  .  .  .  .  .  W  .  .  .\2
<   3\.  .  .  .  B  .  B  .  .  .  .\3
<    4\B  .  W  .  W  .  W  .  .  .  W\4
<     5\W  B  .  .  .  .  .  .  .  .  B\5
<      6\.  B  B  .  .  .  B  W  .  W  .\6
<       7\.  .  B  .  .  .  W  .  B  .  .\7
<        8\.  .  W  .  .  .  B  W  .  .  .\8
<         9\B  .  .  .  .  .  .  .  .  .  W\9
<         10\.  .  .  .  W  .  B  .  W  .  .\10
<          11\.  W  .  .  .  .  .  B  .  .  .\11
<              a  b  c  d  e  f  g  h  i  j  k  
<
>genmove b
<= b3
<
>showboard
95ca7 info: PlayAndSolve: Building VCs to avoid race condition.
95ca7 info: PlayAndSolve: Continuing on as usual.
22f46 info: *** PlayerThread ***
1af36 info: *** SolverThread ***
22f46 info: Best move cannot be determined, must search state.
22f46 info: --- MoHexPlayer::Search() ---
22f46 info: Color: black
22f46 info: MaxGames: 1
22f46 info: NumberThreads: 1
22f46 info: MaxNodes: 9090 (799920 bytes)
22f46 info: TimeForMove: 1
22f46 info: Time for PreSearch: 0.122215s
22f46 info: 
  4d5cd4a186683eca
  a  b  c  d  e  f  g  h  i  j  k  
 1\b  b  b  b  .  .  .  .  .  .  .\1
  2\b  B  .  .  .  .  .  W  *  *  *\2
   3\.  .  .  .  B  .  B  *  *  *  .\3
    4\B  *  W  .  W  *  W  *  *  *  W\4
     5\W  B  .  .  *  *  *  *  *  *  B\5
      6\b  B  B  *  *  *  B  W  *  W  .\6
       7\b  b  B  *  *  *  W  *  B  *  *\7
        8\b  b  W  *  *  *  B  W  *  *  .\8
         9\B  .  *  *  *  *  .  .  *  *  W\9
         10\.  *  *  *  W  .  B  .  W  .  w\10
          11\*  W  .  .  b  b  b  B  b  b  w\11
              a  b  c  d  e  f  g  h  i  j  k  
22f46 info: Old: [black, a9] [white, i10] [black, e3] [white, c4] [black, k5] [white, g4] [black, h11] [white, h2] [black, g3] [white, j6] [black, g10] [white, g7] [black, a4] [white, b11] [black, g6] [white, e4] [black, c7] [white, k4] [black, g8] [white, a5] [black, b6] [white, e10] [black, b2] [white, c8] [black, c6] [white, k9] [black, i7] [white, h6] 
22f46 info: New: [black, a9] [white, i10] [black, e3] [white, c4] [black, k5] [white, g4] [black, h11] [white, h2] [black, g3] [white, j6] [black, g10] [white, g7] [black, a4] [white, b11] [black, g6] [white, e4] [black, c7] [white, k4] [black, g8] [white, a5] [black, b6] [white, e10] [black, b2] [white, c8] [black, c6] [white, k9] [black, i7] [white, h6] [black, b5] [white, h8] 
22f46 info: MovesPlayed: [black, b5] [white, h8] 
22f46 info: No subtree to reuse.
22f46 info: StartSearch()[0]
SgUctSearch: max games reached
22f46 info: 
Elapsed Time   0.267954s
Count          1
GamesPlayed    1
Nodes          1
Knowledge      0 (0.0%)
Expansions     0.0
Time           0.00
GameLen        74.0 dev=0.0 min=74.0 max=74.0
InTree         0.0 dev=0.0 min=0.0 max=0.0
KnowDepth      -
Aborted        0%
Games/s        3448.3
Score          1.00
Sequence      
22f46 info: 
22f46 warning: **** MoHexSearch returned empty sequence!
22f46 warning: **** Returning random move!
22f46 info: *** Player move: b3
12f26 info: DfpnSolver::CheckAbort(): Abort flag!
1af36 info: 
MID calls      77
VC builds      69
Terminal       2
Work           79
Wasted Work    0 (0%)
Elapsed Time   0.276614
MIDs/sec       278.366
VCs/sec        249.445
Cnt prune sib  4
Avg prune sib  5 dev=1.73205 min=2 max=6
Consider Size  20.8507 dev=16.9435 min=1 max=51
Move Index     -
Move Percent   -
Delta Increase 3.32895 dev=7.75002 min=1 max=41
Winner         empty
PV             d10 b10 d9 d7

HashTableStatistics:
Stores         2267
LookupAttempt  145076
LookupSuccess  8336
Collisions     0

1af36 info: Search aborted.
<= 
< 
<  a1a3477605827633
<  a  b  c  d  e  f  g  h  i  j  k  
< 1\.  .  .  .  .  .  .  .  .  .  .\1
<  2\.  B  .  .  .  .  .  W  .  .  .\2
<   3\.  B  .  .  B  .  B  .  .  .  .\3
<    4\B  .  W  .  W  .  W  .  .  .  W\4
<     5\W  B  .  .  .  .  .  .  .  .  B\5
<      6\.  B  B  .  .  .  B  W  .  W  .\6
<       7\.  .  B  .  .  .  W  .  B  .  .\7
<        8\.  .  W  .  .  .  B  W  .  .  .\8
<         9\B  .  .  .  .  .  .  .  .  .  W\9
<         10\.  .  .  .  W  .  B  .  W  .  .\10
<          11\.  W  .  .  .  .  .  B  .  .  .\11
<              a  b  c  d  e  f  g  h  i  j  k  
<
>play w b10
<= 
<
>showboard
<= 
< 
<  7a37856b0b3c06ec
<  a  b  c  d  e  f  g  h  i  j  k  
< 1\.  .  .  .  .  .  .  .  .  .  .\1
<  2\.  B  .  .  .  .  .  W  .  .  .\2
<   3\.  B  .  .  B  .  B  .  .  .  .\3
<    4\B  .  W  .  W  .  W  .  .  .  W\4
<     5\W  B  .  .  .  .  .  .  .  .  B\5
<      6\.  B  B  .  .  .  B  W  .  W  .\6
<       7\.  .  B  .  .  .  W  .  B  .  .\7
<        8\.  .  W  .  .  .  B  W  .  .  .\8
<         9\B  .  .  .  .  .  .  .  .  .  W\9
<         10\.  W  .  .  W  .  B  .  W  .  .\10
<          11\.  W  .  .  .  .  .  B  .  .  .\11
<              a  b  c  d  e  f  g  h  i  j  k  
<
>genmove b
<= e9
<
>showboard
95ca7 info: PlayAndSolve: Building VCs to avoid race condition.
95ca7 info: PlayAndSolve: Continuing on as usual.
1af36 info: *** PlayerThread ***
22f46 info: *** SolverThread ***
1af36 info: Best move cannot be determined, must search state.
1af36 info: --- MoHexPlayer::Search() ---
1af36 info: Color: black
1af36 info: MaxGames: 1
1af36 info: NumberThreads: 1
1af36 info: MaxNodes: 9090 (799920 bytes)
1af36 info: TimeForMove: 1
1af36 info: Time for PreSearch: 0.011241s
1af36 info: 
  7a37856b0b3c06ec
  a  b  c  d  e  f  g  h  i  j  k  
 1\b  b  b  b  b  b  b  b  .  .  .\1
  2\b  B  b  b  b  b  b  W  .  .  .\2
   3\b  B  b  b  B  b  B  .  .  .  .\3
    4\B  .  W  .  W  .  W  .  .  *  W\4
     5\W  B  .  .  .  .  .  .  .  .  B\5
      6\b  B  B  .  .  .  B  W  *  W  .\6
       7\b  b  B  .  .  .  W  .  B  .  .\7
        8\b  b  W  .  .  *  B  W  .  .  .\8
         9\B  .  .  .  *  .  .  .  .  .  W\9
         10\w  W  .  *  W  .  B  .  W  .  w\10
          11\w  W  .  .  b  b  b  B  b  b  w\11
              a  b  c  d  e  f  g  h  i  j  k  
1af36 info: Old: [black, a9] [white, i10] [black, e3] [white, c4] [black, k5] [white, g4] [black, h11] [white, h2] [black, g3] [white, j6] [black, g10] [white, g7] [black, a4] [white, b11] [black, g6] [white, e4] [black, c7] [white, k4] [black, g8] [white, a5] [black, b6] [white, e10] [black, b2] [white, c8] [black, c6] [white, k9] [black, i7] [white, h6] [black, b5] [white, h8] 
1af36 info: New: [black, a9] [white, i10] [black, e3] [white, c4] [black, k5] [white, g4] [black, h11] [white, h2] [black, g3] [white, j6] [black, g10] [white, g7] [black, a4] [white, b11] [black, g6] [white, e4] [black, c7] [white, k4] [black, g8] [white, a5] [black, b6] [white, e10] [black, b2] [white, c8] [black, c6] [white, k9] [black, i7] [white, h6] [black, b5] [white, h8] [black, b3] [white, b10] 
1af36 info: MovesPlayed: [black, b3] [white, b10] 
1af36 info: No subtree to reuse.
22f46 info: 
MID calls      51
VC builds      39
Terminal       6
Work           57
Wasted Work    65 (114.035%)
Elapsed Time   0.158433
MIDs/sec       321.903
VCs/sec        246.161
Cnt prune sib  1
Avg prune sib  8 dev=0 min=8 max=8
Consider Size  11.5152 dev=13.1221 min=1 max=36
Move Index     1.71429 dev=2.05039 min=0 max=5
Move Percent   0.0481859 dev=0.0578731 min=0 max=0.142857
Delta Increase 9.36364 dev=23.6961 min=1 max=101
Winner         white
PV             e9 g9 f9 d10

HashTableStatistics:
Stores         2387
LookupAttempt  146202
LookupSuccess  8545
Collisions     0

22f46 info: *** FOUND LOSS!! ***
22f46 info: PV: e9 g9 f9 d10
1af36 info: StartSearch()[0]
SgUctSearch: abort flag
1af36 info: 
Elapsed Time   0.165329s
Count          1
GamesPlayed    1
Nodes          1
Knowledge      0 (0.0%)
Expansions     0.0
Time           0.00
GameLen        57.0 dev=0.0 min=57.0 max=57.0
InTree         0.0 dev=0.0 min=0.0 max=0.0
KnowDepth      -
Aborted        0%
Games/s        3472.2
Score          1.00
Sequence      
1af36 info: 
1af36 warning: **** MoHexSearch returned empty sequence!
1af36 warning: **** Returning random move!
<= 
< 
<  8020a807b8d21bea
<  a  b  c  d  e  f  g  h  i  j  k  
< 1\.  .  .  .  .  .  .  .  .  .  .\1
<  2\.  B  .  .  .  .  .  W  .  .  .\2
<   3\.  B  .  .  B  .  B  .  .  .  .\3
<    4\B  .  W  .  W  .  W  .  .  .  W\4
<     5\W  B  .  .  .  .  .  .  .  .  B\5
<      6\.  B  B  .  .  .  B  W  .  W  .\6
<       7\.  .  B  .  .  .  W  .  B  .  .\7
<        8\.  .  W  .  .  .  B  W  .  .  .\8
<         9\B  .  .  .  B  .  .  .  .  .  W\9
<         10\.  W  .  .  W  .  B  .  W  .  .\10
<          11\.  W  .  .  .  .  .  B  .  .  .\11
<              a  b  c  d  e  f  g  h  i  j  k  
<
>play w g9
<= 
<
>showboard
<= 
< 
<  c9bbe4dfd1ef3c58
<  a  b  c  d  e  f  g  h  i  j  k  
< 1\.  .  .  .  .  .  .  .  .  .  .\1
<  2\.  B  .  .  .  .  .  W  .  .  .\2
<   3\.  B  .  .  B  .  B  .  .  .  .\3
<    4\B  .  W  .  W  .  W  .  .  .  W\4
<     5\W  B  .  .  .  .  .  .  .  .  B\5
<      6\.  B  B  .  .  .  B  W  .  W  .\6
<       7\.  .  B  .  .  .  W  .  B  .  .\7
<        8\.  .  W  .  .  .  B  W  .  .  .\8
<         9\B  .  .  .  B  .  W  .  .  .  W\9
<         10\.  W  .  .  W  .  B  .  W  .  .\10
<          11\.  W  .  .  .  .  .  B  .  .  .\11
<              a  b  c  d  e  f  g  h  i  j  k  
<
>genmove b
<= f9
<
>showboard
95ca7 info: PlayAndSolve: Building VCs to avoid race condition.
95ca7 info: PlayAndSolve: Continuing on as usual.
22f46 info: *** PlayerThread ***
1af36 info: *** SolverThread ***
1af36 info: Already solved!
1af36 info: white wins!
1af36 info: PV: f9 d10
1af36 info: *** FOUND LOSS!! ***
1af36 info: PV: f9 d10
22f46 info: Mustplay is singleton!
<= 
< 
<  4fbc5cacaaaf02fe
<  a  b  c  d  e  f  g  h  i  j  k  
< 1\.  .  .  .  .  .  .  .  .  .  .\1
<  2\.  B  .  .  .  .  .  W  .  .  .\2
<   3\.  B  .  .  B  .  B  .  .  .  .\3
<    4\B  .  W  .  W  .  W  .  .  .  W\4
<     5\W  B  .  .  .  .  .  .  .  .  B\5
<      6\.  B  B  .  .  .  B  W  .  W  .\6
<       7\.  .  B  .  .  .  W  .  B  .  .\7
<        8\.  .  W  .  .  .  B  W  .  .  .\8
<         9\B  .  .  .  B  B  W  .  .  .  W\9
<         10\.  W  .  .  W  .  B  .  W  .  .\10
<          11\.  W  .  .  .  .  .  B  .  .  .\11
<              a  b  c  d  e  f  g  h  i  j  k  
<
>play w d10
<= 
<
>showboard
<= 
< 
<  523f821335a451f3
<  a  b  c  d  e  f  g  h  i  j  k  
< 1\.  .  .  .  .  .  .  .  .  .  .\1
<  2\.  B  .  .  .  .  .  W  .  .  .\2
<   3\.  B  .  .  B  .  B  .  .  .  .\3
<    4\B  .  W  .  W  .  W  .  .  .  W\4
<     5\W  B  .  .  .  .  .  .  .  .  B\5
<      6\.  B  B  .  .  .  B  W  .  W  .\6
<       7\.  .  B  .  .  .  W  .  B  .  .\7
<        8\.  .  W  .  .  .  B  W  .  .  .\8
<         9\B  .  .  .  B  B  W  .  .  .  W\9
<         10\.  W  .  W  W  .  B  .  W  .  .\10
<          11\.  W  .  .  .  .  .  B  .  .  .\11
<              a  b  c  d  e  f  g  h  i  j  k  
<
>genmove b
<= f7
<
>showboard
95ca7 info: PlayAndSolve: Building VCs to avoid race condition.
95ca7 info: PlayAndSolve: Continuing on as usual.
1af36 info: *** PlayerThread ***
22f46 info: *** SolverThread ***
22f46 info: Already solved!
22f46 info: white wins!
22f46 info: PV: 
1af36 info: Opponent has won; playing most blocking move.
1af36 info: *** Player move: f7
<= 
< 
<  71ff8d1f7d02eca6
<  a  b  c  d  e  f  g  h  i  j  k  
< 1\.  .  .  .  .  .  .  .  .  .  .\1
<  2\.  B  .  .  .  .  .  W  .  .  .\2
<   3\.  B  .  .  B  .  B  .  .  .  .\3
<    4\B  .  W  .  W  .  W  .  .  .  W\4
<     5\W  B  .  .  .  .  .  .  .  .  B\5
<      6\.  B  B  .  .  .  B  W  .  W  .\6
<       7\.  .  B  .  .  B  W  .  B  .  .\7
<        8\.  .  W  .  .  .  B  W  .  .  .\8
<         9\B  .  .  .  B  B  W  .  .  .  W\9
<         10\.  W  .  W  W  .  B  .  W  .  .\10
<          11\.  W  .  .  .  .  .  B  .  .  .\11
<              a  b  c  d  e  f  g  h  i  j  k  
<
>play w f10
<= 
<
>showboard
<= 
< 
<  cf277784534b4823
<  a  b  c  d  e  f  g  h  i  j  k  
< 1\.  .  .  .  .  .  .  .  .  .  .\1
<  2\.  B  .  .  .  .  .  W  .  .  .\2
<   3\.  B  .  .  B  .  B  .  .  .  .\3
<    4\B  .  W  .  W  .  W  .  .  .  W\4
<     5\W  B  .  .  .  .  .  .  .  .  B\5
<      6\.  B  B  .  .  .  B  W  .  W  .\6
<       7\.  .  B  .  .  B  W  .  B  .  .\7
<        8\.  .  W  .  .  .  B  W  .  .  .\8
<         9\B  .  .  .  B  B  W  .  .  .  W\9
<         10\.  W  .  W  W  W  B  .  W  .  .\10
<          11\.  W  .  .  .  .  .  B  .  .  .\11
<              a  b  c  d  e  f  g  h  i  j  k  
<
>genmove b
<= k7
<
>showboard
95ca7 info: PlayAndSolve: Building VCs to avoid race condition.
95ca7 info: PlayAndSolve: Continuing on as usual.
22f46 info: *** PlayerThread ***
1af36 info: *** SolverThread ***
22f46 info: Opponent has won; playing most blocking move.
22f46 info: *** Player move: k7
1af36 info: 
MID calls      0
VC builds      1
Terminal       1
Work           1
Wasted Work    0 (0%)
Elapsed Time   0.003833
MIDs/sec       0
VCs/sec        260.892
Cnt prune sib  0
Avg prune sib  -
Consider Size  -
Move Index     -
Move Percent   -
Delta Increase -
Winner         white
PV             

HashTableStatistics:
Stores         2388
LookupAttempt  146214
LookupSuccess  8554
Collisions     0

<= 
< 
<  d765d2886422d21c
<  a  b  c  d  e  f  g  h  i  j  k  
< 1\.  .  .  .  .  .  .  .  .  .  .\1
<  2\.  B  .  .  .  .  .  W  .  .  .\2
<   3\.  B  .  .  B  .  B  .  .  .  .\3
<    4\B  .  W  .  W  .  W  .  .  .  W\4
<     5\W  B  .  .  .  .  .  .  .  .  B\5
<      6\.  B  B  .  .  .  B  W  .  W  .\6
<       7\.  .  B  .  .  B  W  .  B  .  B\7
<        8\.  .  W  .  .  .  B  W  .  .  .\8
<         9\B  .  .  .  B  B  W  .  .  .  W\9
<         10\.  W  .  W  W  W  B  .  W  .  .\10
<          11\.  W  .  .  .  .  .  B  .  .  .\11
<              a  b  c  d  e  f  g  h  i  j  k  
<
>play w i9
<= 
<
>showboard
<= 
< 
<  8bdfe352de8d316e
<  a  b  c  d  e  f  g  h  i  j  k  
< 1\.  .  .  .  .  .  .  .  .  .  .\1
<  2\.  B  .  .  .  .  .  W  .  .  .\2
<   3\.  B  .  .  B  .  B  .  .  .  .\3
<    4\B  .  W  .  W  .  W  .  .  .  W\4
<     5\W  B  .  .  .  .  .  .  .  .  B\5
<      6\.  B  B  .  .  .  B  W  .  W  .\6
<       7\.  .  B  .  .  B  W  .  B  .  B\7
<        8\.  .  W  .  .  .  B  W  .  .  .\8
<         9\B  .  .  .  B  B  W  .  W  .  W\9
<         10\.  W  .  W  W  W  B  .  W  .  .\10
<          11\.  W  .  .  .  .  .  B  .  .  .\11
<              a  b  c  d  e  f  g  h  i  j  k  
<
>genmove b
<= k2
<
>showboard
95ca7 info: PlayAndSolve: Building VCs to avoid race condition.
95ca7 info: PlayAndSolve: Continuing on as usual.
1af36 info: *** PlayerThread ***
22f46 info: *** SolverThread ***
1af36 info: Opponent has won; playing most blocking move.
1af36 info: *** Player move: k2
22f46 info: 
MID calls      0
VC builds      1
Terminal       1
Work           1
Wasted Work    0 (0%)
Elapsed Time   0.003818
MIDs/sec       0
VCs/sec        261.917
Cnt prune sib  0
Avg prune sib  -
Consider Size  -
Move Index     -
Move Percent   -
Delta Increase -
Winner         white
PV             

HashTableStatistics:
Stores         2389
LookupAttempt  146220
LookupSuccess  8557
Collisions     0

<= 
< 
<  a907ac848ee591ba
<  a  b  c  d  e  f  g  h  i  j  k  
< 1\.  .  .  .  .  .  .  .  .  .  .\1
<  2\.  B  .  .  .  .  .  W  .  .  B\2
<   3\.  B  .  .  B  .  B  .  .  .  .\3
<    4\B  .  W  .  W  .  W  .  .  .  W\4
<     5\W  B  .  .  .  .  .  .  .  .  B\5
<      6\.  B  B  .  .  .  B  W  .  W  .\6
<       7\.  .  B  .  .  B  W  .  B  .  B\7
<        8\.  .  W  .  .  .  B  W  .  .  .\8
<         9\B  .  .  .  B  B  W  .  W  .  W\9
<         10\.  W  .  W  W  W  B  .  W  .  .\10
<          11\.  W  .  .  .  .  .  B  .  .  .\11
<              a  b  c  d  e  f  g  h  i  j  k  
<
>play w i8
<= 
<
>showboard
<= 
< 
<  7ea8e97e628b1280
<  a  b  c  d  e  f  g  h  i  j  k  
< 1\.  .  .  .  .  .  .  .  .  .  .\1
<  2\.  B  .  .  .  .  .  W  .  .  B\2
<   3\.  B  .  .  B  .  B  .  .  .  .\3
<    4\B  .  W  .  W  .  W  .  .  .  W\4
<     5\W  B  .  .  .  .  .  .  .  .  B\5
<      6\.  B  B  .  .  .  B  W  .  W  .\6
<       7\.  .  B  .  .  B  W  .  B  .  B\7
<        8\.  .  W  .  .  .  B  W  W  .  .\8
<         9\B  .  .  .  B  B  W  .  W  .  W\9
<         10\.  W  .  W  W  W  B  .  W  .  .\10
<          11\.  W  .  .  .  .  .  B  .  .  .\11
<              a  b  c  d  e  f  g  h  i  j  k  
<
>genmove b
<= a10
<
>showboard
95ca7 info: PlayAndSolve: Building VCs to avoid race condition.
95ca7 info: PlayAndSolve: Continuing on as usual.
22f46 info: *** PlayerThread ***
1af36 info: *** SolverThread ***
22f46 info: Captured cells caused win! Removing...
1af36 info: 
MID calls      0
VC builds      1
Terminal       1
Work           1
Wasted Work    0 (0%)
Elapsed Time   0.002687
MIDs/sec       0
VCs/sec        372.162
Cnt prune sib  0
Avg prune sib  -
Consider Size  -
Move Index     -
Move Percent   -
Delta Increase -
Winner         white
PV             

HashTableStatistics:
Stores         2390
LookupAttempt  146226
LookupSuccess  8560
Collisions     0

22f46 info: Opponent has won; playing most blocking move.
22f46 info: *** Player move: a10
<= 
< 
<  8323abcce9a42b96
<  a  b  c  d  e  f  g  h  i  j  k  
< 1\.  .  .  .  .  .  .  .  .  .  .\1
<  2\.  B  .  .  .  .  .  W  .  .  B\2
<   3\.  B  .  .  B  .  B  .  .  .  .\3
<    4\B  .  W  .  W  .  W  .  .  .  W\4
<     5\W  B  .  .  .  .  .  .  .  .  B\5
<      6\.  B  B  .  .  .  B  W  .  W  .\6
<       7\.  .  B  .  .  B  W  .  B  .  B\7
<        8\.  .  W  .  .  .  B  W  W  .  .\8
<         9\B  .  .  .  B  B  W  .  W  .  W\9
<         10\B  W  .  W  W  W  B  .  W  .  .\10
<          11\.  W  .  .  .  .  .  B  .  .  .\11
<              a  b  c  d  e  f  g  h  i  j  k  
<
>play w a11
<= 
<
>showboard
<= 
< 
<  ba058cbee96fce5c
<  a  b  c  d  e  f  g  h  i  j  k  
< 1\.  .  .  .  .  .  .  .  .  .  .\1
<  2\.  B  .  .  .  .  .  W  .  .  B\2
<   3\.  B  .  .  B  .  B  .  .  .  .\3
<    4\B  .  W  .  W  .  W  .  .  .  W\4
<     5\W  B  .  .  .  .  .  .  .  .  B\5
<      6\.  B  B  .  .  .  B  W  .  W  .\6
<       7\.  .  B  .  .  B  W  .  B  .  B\7
<        8\.  .  W  .  .  .  B  W  W  .  .\8
<         9\B  .  .  .  B  B  W  .  W  .  W\9
<         10\B  W  .  W  W  W  B  .  W  .  .\10
<          11\W  W  .  .  .  .  .  B  .  .  .\11
<              a  b  c  d  e  f  g  h  i  j  k  
<
>genmove b
<= c10
<
>showboard
95ca7 info: PlayAndSolve: Building VCs to avoid race condition.
95ca7 info: PlayAndSolve: Continuing on as usual.
1af36 info: *** PlayerThread ***
22f46 info: *** SolverThread ***
1af36 info: Captured cells caused win! Removing...
22f46 info: 
MID calls      0
VC builds      1
Terminal       1
Work           1
Wasted Work    0 (0%)
Elapsed Time   0.002608
MIDs/sec       0
VCs/sec        383.436
Cnt prune sib  0
Avg prune sib  -
Consider Size  -
Move Index     -
Move Percent   -
Delta Increase -
Winner         white
PV             

HashTableStatistics:
Stores         2391
LookupAttempt  146232
LookupSuccess  8563
Collisions     0

1af36 info: Opponent has won; playing most blocking move.
1af36 info: *** Player move: c10
<= 
< 
<  ef96afd7734136dc
<  a  b  c  d  e  f  g  h  i  j  k  
< 1\.  .  .  .  .  .  .  .  .  .  .\1
<  2\.  B  .  .  .  .  .  W  .  .  B\2
<   3\.  B  .  .  B  .  B  .  .  .  .\3
<    4\B  .  W  .  W  .  W  .  .  .  W\4
<     5\W  B  .  .  .  .  .  .  .  .  B\5
<      6\.  B  B  .  .  .  B  W  .  W  .\6
<       7\.  .  B  .  .  B  W  .  B  .  B\7
<        8\.  .  W  .  .  .  B  W  W  .  .\8
<         9\B  .  .  .  B  B  W  .  W  .  W\9
<         10\B  W  B  W  W  W  B  .  W  .  .\10
<          11\W  W  .  .  .  .  .  B  .  .  .\11
<              a  b  c  d  e  f  g  h  i  j  k  
<
>play w c11
<= 
<
>showboard
<= 
< 
<  9b22bb4f050c7677
<  a  b  c  d  e  f  g  h  i  j  k  
< 1\.  .  .  .  .  .  .  .  .  .  .\1
<  2\.  B  .  .  .  .  .  W  .  .  B\2
<   3\.  B  .  .  B  .  B  .  .  .  .\3
<    4\B  .  W  .  W  .  W  .  .  .  W\4
<     5\W  B  .  .  .  .  .  .  .  .  B\5
<      6\.  B  B  .  .  .  B  W  .  W  .\6
<       7\.  .  B  .  .  B  W  .  B  .  B\7
<        8\.  .  W  .  .  .  B  W  W  .  .\8
<         9\B  .  .  .  B  B  W  .  W  .  W\9
<         10\B  W  B  W  W  W  B  .  W  .  .\10
<          11\W  W  W  .  .  .  .  B  .  .  .\11
<              a  b  c  d  e  f  g  h  i  j  k  
<
>genmove b
<= j10
<
>showboard
95ca7 info: PlayAndSolve: Building VCs to avoid race condition.
95ca7 info: PlayAndSolve: Continuing on as usual.
1af36 info: *** SolverThread ***
22f46 info: *** PlayerThread ***
22f46 info: Captured cells caused win! Removing...
1af36 info: 
MID calls      0
VC builds      1
Terminal       1
Work           1
Wasted Work    0 (0%)
Elapsed Time   0.002514
MIDs/sec       0
VCs/sec        397.772
Cnt prune sib  0
Avg prune sib  -
Consider Size  -
Move Index     -
Move Percent   -
Delta Increase -
Winner         white
PV             

HashTableStatistics:
Stores         2392
LookupAttempt  146238
LookupSuccess  8566
Collisions     0

22f46 info: Opponent has won; playing most blocking move.
22f46 info: *** Player move: j10
<= 
< 
<  b6aa30035973d220
<  a  b  c  d  e  f  g  h  i  j  k  
< 1\.  .  .  .  .  .  .  .  .  .  .\1
<  2\.  B  .  .  .  .  .  W  .  .  B\2
<   3\.  B  .  .  B  .  B  .  .  .  .\3
<    4\B  .  W  .  W  .  W  .  .  .  W\4
<     5\W  B  .  .  .  .  .  .  .  .  B\5
<      6\.  B  B  .  .  .  B  W  .  W  .\6
<       7\.  .  B  .  .  B  W  .  B  .  B\7
<        8\.  .  W  .  .  .  B  W  W  .  .\8
<         9\B  .  .  .  B  B  W  .  W  .  W\9
<         10\B  W  B  W  W  W  B  .  W  B  .\10
<          11\W  W  W  .  .  .  .  B  .  .  .\11
<              a  b  c  d  e  f  g  h  i  j  k  
<
>play w j9
<= 
<
>showboard
<= 
< 
<  780e3aab42b1559b
<  a  b  c  d  e  f  g  h  i  j  k  
< 1\.  .  .  .  .  .  .  .  .  .  .\1
<  2\.  B  .  .  .  .  .  W  .  .  B\2
<   3\.  B  .  .  B  .  B  .  .  .  .\3
<    4\B  .  W  .  W  .  W  .  .  .  W\4
<     5\W  B  .  .  .  .  .  .  .  .  B\5
<      6\.  B  B  .  .  .  B  W  .  W  .\6
<       7\.  .  B  .  .  B  W  .  B  .  B\7
<        8\.  .  W  .  .  .  B  W  W  .  .\8
<         9\B  .  .  .  B  B  W  .  W  W  W\9
<         10\B  W  B  W  W  W  B  .  W  B  .\10
<          11\W  W  W  .  .  .  .  B  .  .  .\11
<              a  b  c  d  e  f  g  h  i  j  k  
<
>genmove b
<= resign
<
>showboard
<= 
< 
<  780e3aab42b1559b
<  a  b  c  d  e  f  g  h  i  j  k  
< 1\.  .  .  .  .  .  .  .  .  .  .\1
<  2\.  B  .  .  .  .  .  W  .  .  B\2
<   3\.  B  .  .  B  .  B  .  .  .  .\3
<    4\B  .  W  .  W  .  W  .  .  .  W\4
<     5\W  B  .  .  .  .  .  .  .  .  B\5
<      6\.  B  B  .  .  .  B  W  .  W  .\6
<       7\.  .  B  .  .  B  W  .  B  .  B\7
<        8\.  .  W  .  .  .  B  W  W  .  .\8
<         9\B  .  .  .  B  B  W  .  W  W  W\9
<         10\B  W  B  W  W  W  B  .  W  B  .\10
<          11\W  W  W  .  .  .  .  B  .  .  .\11
<              a  b  c  d  e  f  g  h  i  j  k  
<
>final_score
<= W+
<
>quit
<= 
<
