616c7 config: MoHex v2.0.CMake Mar 21 2025.
616c7 config: ============ InitializeSystem ============
616c7 config: BenzeneProgram::InitRandom()
616c7 config: Seed = 812741
616c7 info: Prior Patterns:
616c7 info: Global:
616c7 info: Size            = 565 32648 
616c7 info: TableEntries    = 65932 65910
616c7 info: MirrorsAdded    = 0 0
616c7 info: PrunableCount   = 30593 30629
616c7 info: LargestGamma    = 5820.77
616c7 info: SmallestGamma   = 6.6e-05
616c7 info: Local:
616c7 info: Size            = 550 5318 
616c7 info: TableEntries    = 11602 11588
616c7 info: MirrorsAdded    = 0 0
616c7 info: PrunableCount   = 3659 3667
616c7 info: LargestGamma    = 11281.8
616c7 info: SmallestGamma   = 0.026235
616c7 info: Playout Patterns:
616c7 info: Global:
616c7 info: Size            = 565 32648 
616c7 info: TableEntries    = 70329 70329
616c7 info: MirrorsAdded    = 4397 4419
616c7 info: PrunableCount   = 30593 30629
616c7 info: LargestGamma    = 5820.77
616c7 info: SmallestGamma   = 6.6e-05
616c7 info: Local:
616c7 info: Size            = 550 5318 
616c7 info: TableEntries    = 11602 11588
616c7 info: MirrorsAdded    = 0 0
616c7 info: PrunableCount   = 3659 3667
616c7 info: LargestGamma    = 11281.8
616c7 info: SmallestGamma   = 0.026235
616c7 config: IcePatternSet: reading from '/home/linus/MoHex2.0/nfbranchfix/benzene-vanilla-cmake/share/ice-patterns.txt'.
616c7 config: IcePatternSet: parsed 708 patterns.
616c7 config: VCS: reading captured set patterns from '/home/linus/MoHex2.0/nfbranchfix/benzene-vanilla-cmake/share/vc-captured-set.txt'.
616c7 config: VCS:: parsed 2 patterns.
616c7 config: VCS: reading captured set patterns from '/home/linus/MoHex2.0/nfbranchfix/benzene-vanilla-cmake/share/vc-captured-set.txt'.
616c7 config: VCS:: parsed 2 patterns.
616c7 config: IcePatternSet: reading from '/home/linus/MoHex2.0/nfbranchfix/benzene-vanilla-cmake/share/ice-patterns.txt'.
616c7 config: IcePatternSet: parsed 708 patterns.
616c7 config: VCS: reading captured set patterns from '/home/linus/MoHex2.0/nfbranchfix/benzene-vanilla-cmake/share/vc-captured-set.txt'.
616c7 config: VCS:: parsed 2 patterns.
616c7 config: VCS: reading captured set patterns from '/home/linus/MoHex2.0/nfbranchfix/benzene-vanilla-cmake/share/vc-captured-set.txt'.
616c7 config: VCS:: parsed 2 patterns.
616c7 config: VCS: reading captured set patterns from '/home/linus/MoHex2.0/nfbranchfix/benzene-vanilla-cmake/share/vc-captured-set.txt'.
616c7 config: VCS:: parsed 2 patterns.
616c7 config: VCS: reading captured set patterns from '/home/linus/MoHex2.0/nfbranchfix/benzene-vanilla-cmake/share/vc-captured-set.txt'.
616c7 config: VCS:: parsed 2 patterns.
616c7 config: VCS: reading captured set patterns from '/home/linus/MoHex2.0/nfbranchfix/benzene-vanilla-cmake/share/vc-captured-set.txt'.
616c7 config: VCS:: parsed 2 patterns.
616c7 config: VCS: reading captured set patterns from '/home/linus/MoHex2.0/nfbranchfix/benzene-vanilla-cmake/share/vc-captured-set.txt'.
616c7 config: VCS:: parsed 2 patterns.
616c7 info: SwapCheck: reading from '/home/linus/MoHex2.0/nfbranchfix/benzene-vanilla-cmake/share/swap-moves.txt'.
616c7 info: SwapCheck: playing swap.
616c7 info: PlayAndSolve: Building VCs to avoid race condition.
616c7 config: VCPattern: loading pattern templates from '/home/linus/MoHex2.0/nfbranchfix/benzene-vanilla-cmake/share/vc-patterns.txt'.
616c7 info: PlayAndSolve: Continuing on as usual.
ee966 info: *** PlayerThread ***
e6956 info: *** SolverThread ***
de946 config: VCS: reading captured set patterns from '/home/linus/MoHex2.0/nfbranchfix/benzene-vanilla-cmake/share/vc-captured-set.txt'.
de946 config: VCS:: parsed 2 patterns.
de946 config: VCS: reading captured set patterns from '/home/linus/MoHex2.0/nfbranchfix/benzene-vanilla-cmake/share/vc-captured-set.txt'.
de946 config: VCS:: parsed 2 patterns.
de946 dfpn: 
ee966 info: Best move cannot be determined, must search state.
ee966 info: --- MoHexPlayer::Search() ---
ee966 info: Color: black
ee966 info: MaxGames: 1
ee966 info: NumberThreads: 1
ee966 info: MaxNodes: 9090 (799920 bytes)
ee966 info: TimeForMove: 1
de946 dfpn: b10
de946 dfpn: c9
de946 dfpn: d8
de946 dfpn: h4
de946 dfpn: c8
de946 dfpn: e7
de946 dfpn: g5
de946 dfpn: j2
de946 dfpn: i3
de946 dfpn: b7
de946 dfpn: e8
de946 dfpn: b9
de946 dfpn: b8
de946 dfpn: f7
de946 dfpn: g6
de946 dfpn: d7
de946 dfpn: f6
de946 dfpn: g4
de946 dfpn: h5
de946 dfpn: c10
de946 dfpn: d9
de946 dfpn: f5
de946 dfpn: g7
de946 dfpn: e6
de946 dfpn: f8
de946 dfpn: c10
ee966 info: PreSearch: max time reached (53/93).
ee966 info: Time for PreSearch: 0.200151s
ee966 info: 
  ddc5fabd52417ed5
  a  b  c  d  e  f  g  h  i  j  k  
 1\.  .  .  .  .  .  .  .  .  .  .\1
  2\.  .  *  *  *  *  *  *  *  *  *\2
   3\.  *  *  *  *  *  *  *  *  *  *\3
    4\*  *  *  *  *  *  *  *  *  *  *\4
     5\*  *  *  *  *  *  *  *  *  *  *\5
      6\B  *  *  *  *  *  *  *  *  *  *\6
       7\*  *  *  *  *  *  *  *  *  *  *\7
        8\*  *  *  *  *  *  *  *  *  *  *\8
         9\*  *  *  *  *  *  *  *  *  *  .\9
         10\*  *  *  *  *  *  *  *  *  *  W\10
          11\.  .  .  .  .  .  .  .  .  .  b\11
              a  b  c  d  e  f  g  h  i  j  k  
ee966 info: No subtree to reuse.
ee966 info: Creating thread 0
ee966 info: StartSearch()[0]
ee966 config: VCS: reading captured set patterns from '/home/linus/MoHex2.0/nfbranchfix/benzene-vanilla-cmake/share/vc-captured-set.txt'.
ee966 config: VCS:: parsed 2 patterns.
ee966 config: VCS: reading captured set patterns from '/home/linus/MoHex2.0/nfbranchfix/benzene-vanilla-cmake/share/vc-captured-set.txt'.
ee966 config: VCS:: parsed 2 patterns.
ee966 info: 
Elapsed Time   0.360589s
Count          1
GamesPlayed    1
Nodes          1
Knowledge      0 (0.0%)
Expansions     0.0
Time           0.00
GameLen        118.0 dev=0.0 min=118.0 max=118.0
InTree         0.0 dev=0.0 min=0.0 max=0.0
KnowDepth      -
Aborted        0%
Games/s        385.2
Score          1.00
Sequence      
ee966 info: 
ee966 warning: **** MoHexSearch returned empty sequence!
ee966 warning: **** Returning random move!
ee966 info: *** Player move: a8
de946 info: DfpnSolver::CheckAbort(): Abort flag!
e6956 info: 
MID calls      55
VC builds      53
Terminal       0
Work           55
Wasted Work    0 (0%)
Elapsed Time   0.373557
MIDs/sec       147.233
VCs/sec        141.879
Cnt prune sib  0
Avg prune sib  -
Consider Size  90.1887 dev=3.58743 min=82 max=94
Move Index     -
Move Percent   -
Delta Increase 4.18519 dev=15.9549 min=1 max=87
Winner         empty
PV             c10 b7 e7 f5

HashTableStatistics:
Stores         134
LookupAttempt  14116
LookupSuccess  787
Collisions     0

e6956 info: Search aborted.
616c7 info: PlayAndSolve: Building VCs to avoid race condition.
616c7 info: PlayAndSolve: Continuing on as usual.
e6956 info: *** PlayerThread ***
ee966 info: *** SolverThread ***
de946 config: VCS: reading captured set patterns from '/home/linus/MoHex2.0/nfbranchfix/benzene-vanilla-cmake/share/vc-captured-set.txt'.
de946 config: VCS:: parsed 2 patterns.
de946 config: VCS: reading captured set patterns from '/home/linus/MoHex2.0/nfbranchfix/benzene-vanilla-cmake/share/vc-captured-set.txt'.
de946 config: VCS:: parsed 2 patterns.
de946 dfpn: 
e6956 info: Best move cannot be determined, must search state.
e6956 info: --- MoHexPlayer::Search() ---
e6956 info: Color: black
e6956 info: MaxGames: 1
e6956 info: NumberThreads: 1
e6956 info: MaxNodes: 9090 (799920 bytes)
e6956 info: TimeForMove: 1
de946 dfpn: d8
de946 dfpn: c9
de946 dfpn: c8
de946 dfpn: e8
de946 dfpn: d9
de946 dfpn: e7
de946 dfpn: h4
de946 dfpn: f7
de946 dfpn: d7
de946 dfpn: g5
de946 dfpn: g6
de946 dfpn: g7
de946 dfpn: i3
de946 dfpn: j2
de946 dfpn: f6
de946 dfpn: f8
de946 dfpn: h5
de946 dfpn: g4
de946 dfpn: e6
de946 dfpn: f5
de946 dfpn: d10
de946 dfpn: h6
de946 dfpn: i4
de946 dfpn: d10
e6956 info: PreSearch: max time reached (59/87).
e6956 info: Time for PreSearch: 0.20412s
e6956 info: 
  8779ab0f6d186c2d
  a  b  c  d  e  f  g  h  i  j  k  
 1\.  .  .  .  .  .  .  .  .  .  .\1
  2\.  .  *  *  *  *  *  *  *  *  *\2
   3\.  *  *  *  *  *  *  *  *  *  *\3
    4\*  *  *  *  *  *  *  *  *  *  *\4
     5\*  *  *  *  *  *  *  *  *  *  *\5
      6\B  *  *  *  *  *  *  *  *  *  *\6
       7\*  *  *  *  *  *  *  *  *  *  *\7
        8\B  *  *  *  *  *  *  *  *  *  *\8
         9\w  W  *  *  *  *  *  *  *  *  .\9
         10\w  .  .  *  *  *  *  *  .  .  W\10
          11\.  .  .  .  .  .  .  .  .  .  b\11
              a  b  c  d  e  f  g  h  i  j  k  
e6956 info: Old: [black, a6] [white, swap-pieces] [white, k10] 
e6956 info: New: [black, a6] [white, swap-pieces] [white, k10] [black, a8] [white, b9] 
e6956 info: MovesPlayed: [black, a8] [white, b9] 
e6956 info: No subtree to reuse.
e6956 info: StartSearch()[0]
e6956 info: 
Elapsed Time   0.356501s
Count          1
GamesPlayed    1
Nodes          1
Knowledge      0 (0.0%)
Expansions     0.0
Time           0.00
GameLen        114.0 dev=0.0 min=114.0 max=114.0
InTree         0.0 dev=0.0 min=0.0 max=0.0
KnowDepth      -
Aborted        0%
Games/s        3225.8
Score          1.00
Sequence      
e6956 info: 
e6956 warning: **** MoHexSearch returned empty sequence!
e6956 warning: **** Returning random move!
e6956 info: *** Player move: e5
de946 info: DfpnSolver::CheckAbort(): Abort flag!
ee966 info: 
MID calls      67
VC builds      65
Terminal       0
Work           67
Wasted Work    0 (0%)
Elapsed Time   0.366288
MIDs/sec       182.916
VCs/sec        177.456
Cnt prune sib  0
Avg prune sib  -
Consider Size  85.2461 dev=5.33222 min=78 max=93
Move Index     -
Move Percent   -
Delta Increase 3.51515 dev=13.8971 min=1 max=86
Winner         empty
PV             d10 j2 g6 d8

HashTableStatistics:
Stores         290
LookupAttempt  27786
LookupSuccess  1482
Collisions     0

ee966 info: Search aborted.
616c7 info: PlayAndSolve: Building VCs to avoid race condition.
616c7 info: PlayAndSolve: Continuing on as usual.
ee966 info: *** PlayerThread ***
e6956 info: *** SolverThread ***
de946 config: VCS: reading captured set patterns from '/home/linus/MoHex2.0/nfbranchfix/benzene-vanilla-cmake/share/vc-captured-set.txt'.
de946 config: VCS:: parsed 2 patterns.
de946 config: VCS: reading captured set patterns from '/home/linus/MoHex2.0/nfbranchfix/benzene-vanilla-cmake/share/vc-captured-set.txt'.
de946 config: VCS:: parsed 2 patterns.
de946 dfpn: 
ee966 info: Best move cannot be determined, must search state.
ee966 info: --- MoHexPlayer::Search() ---
ee966 info: Color: black
ee966 info: MaxGames: 1
ee966 info: NumberThreads: 1
ee966 info: MaxNodes: 9090 (799920 bytes)
ee966 info: TimeForMove: 1
de946 dfpn: c9
de946 dfpn: e10
de946 dfpn: d8
de946 dfpn: d7
de946 dfpn: f6
de946 dfpn: e7
de946 dfpn: d9
de946 dfpn: c8
de946 dfpn: e8
de946 dfpn: f9
de946 dfpn: f8
de946 dfpn: g8
de946 dfpn: e9
de946 dfpn: f7
de946 dfpn: g7
de946 dfpn: e6
de946 dfpn: b10
de946 dfpn: g6
de946 dfpn: f10
de946 dfpn: g9
de946 dfpn: h5
de946 dfpn: h7
de946 dfpn: h6
de946 dfpn: f10
ee966 info: PreSearch: max time reached (44/88).
ee966 info: Time for PreSearch: 0.201736s
ee966 info: 
  6f39518eb2324124
  a  b  c  d  e  f  g  h  i  j  k  
 1\.  .  .  .  .  .  .  .  .  .  .\1
  2\.  .  *  *  *  *  *  *  *  *  *\2
   3\.  *  *  *  *  *  *  *  *  *  *\3
    4\*  *  *  *  *  *  *  *  *  *  *\4
     5\*  *  *  *  B  *  *  *  *  *  *\5
      6\B  *  *  *  *  *  *  *  *  *  *\6
       7\*  *  *  *  *  *  *  *  *  *  *\7
        8\B  *  *  *  *  *  *  *  *  *  *\8
         9\w  W  *  *  *  *  *  *  *  *  .\9
         10\w  *  *  *  *  *  *  *  *  *  W\10
          11\.  .  W  .  .  .  .  .  .  .  b\11
              a  b  c  d  e  f  g  h  i  j  k  
de946 dfpn: e10
ee966 info: Old: [black, a6] [white, swap-pieces] [white, k10] [black, a8] [white, b9] 
ee966 info: New: [black, a6] [white, swap-pieces] [white, k10] [black, a8] [white, b9] [black, e5] [white, c11] 
ee966 info: MovesPlayed: [black, e5] [white, c11] 
ee966 info: No subtree to reuse.
ee966 info: StartSearch()[0]
ee966 info: 
Elapsed Time   0.574712s
Count          1
GamesPlayed    1
Nodes          1
Knowledge      0 (0.0%)
Expansions     0.0
Time           0.00
GameLen        112.0 dev=0.0 min=112.0 max=112.0
InTree         0.0 dev=0.0 min=0.0 max=0.0
KnowDepth      -
Aborted        0%
Games/s        2409.6
Score          1.00
Sequence      
ee966 info: 
ee966 warning: **** MoHexSearch returned empty sequence!
ee966 warning: **** Returning random move!
ee966 info: *** Player move: h8
de946 info: DfpnSolver::CheckAbort(): Abort flag!
e6956 info: 
MID calls      80
VC builds      77
Terminal       0
Work           80
Wasted Work    0 (0%)
Elapsed Time   0.586646
MIDs/sec       136.368
VCs/sec        131.255
Cnt prune sib  0
Avg prune sib  -
Consider Size  83.8701 dev=4.02361 min=75 max=91
Move Index     -
Move Percent   -
Delta Increase 3.11392 dev=12.6411 min=1 max=83
Winner         empty
PV             e10 c9 e9

HashTableStatistics:
Stores         474
LookupAttempt  42886
LookupSuccess  2239
Collisions     0

e6956 info: Search aborted.
616c7 info: PlayAndSolve: Building VCs to avoid race condition.
616c7 info: PlayAndSolve: Continuing on as usual.
e6956 info: *** PlayerThread ***
ee966 info: *** SolverThread ***
de946 config: VCS: reading captured set patterns from '/home/linus/MoHex2.0/nfbranchfix/benzene-vanilla-cmake/share/vc-captured-set.txt'.
de946 config: VCS:: parsed 2 patterns.
de946 config: VCS: reading captured set patterns from '/home/linus/MoHex2.0/nfbranchfix/benzene-vanilla-cmake/share/vc-captured-set.txt'.
de946 config: VCS:: parsed 2 patterns.
de946 dfpn: 
e6956 info: Best move cannot be determined, must search state.
e6956 info: --- MoHexPlayer::Search() ---
e6956 info: Color: black
e6956 info: MaxGames: 1
e6956 info: NumberThreads: 1
e6956 info: MaxNodes: 9090 (799920 bytes)
e6956 info: TimeForMove: 1
de946 dfpn: f6
de946 dfpn: g7
de946 dfpn: d7
de946 dfpn: e7
de946 dfpn: e10
de946 dfpn: g6
de946 dfpn: e6
de946 dfpn: f7
de946 dfpn: h6
de946 dfpn: h5
de946 dfpn: i6
de946 dfpn: h7
de946 dfpn: c9
de946 dfpn: e8
de946 dfpn: h4
de946 dfpn: d8
de946 dfpn: j2
de946 dfpn: g5
de946 dfpn: i5
de946 dfpn: i3
de946 dfpn: f8
de946 dfpn: i4
e6956 info: PreSearch: max time reached (37/84).
e6956 info: Time for PreSearch: 0.200257s
de946 dfpn: d7
e6956 info: 
  3684331b66397fcb
  a  b  c  d  e  f  g  h  i  j  k  
 1\.  .  .  .  .  .  .  .  .  .  .\1
  2\.  .  *  *  *  *  *  *  *  *  *\2
   3\.  *  *  *  *  *  *  *  *  *  *\3
    4\*  *  *  *  *  *  *  *  *  *  *\4
     5\*  *  *  *  B  *  *  *  *  *  *\5
      6\B  *  *  *  *  *  *  *  *  *  *\6
       7\w  W  *  *  *  *  *  *  *  *  *\7
        8\B  w  *  *  *  *  *  B  *  *  *\8
         9\w  W  *  *  *  *  *  *  *  *  .\9
         10\w  *  *  *  *  *  *  *  *  *  W\10
          11\.  .  W  .  .  .  .  .  .  .  b\11
              a  b  c  d  e  f  g  h  i  j  k  
e6956 info: Old: [black, a6] [white, swap-pieces] [white, k10] [black, a8] [white, b9] [black, e5] [white, c11] 
e6956 info: New: [black, a6] [white, swap-pieces] [white, k10] [black, a8] [white, b9] [black, e5] [white, c11] [black, h8] [white, b7] 
e6956 info: MovesPlayed: [black, h8] [white, b7] 
e6956 info: No subtree to reuse.
e6956 info: StartSearch()[0]
e6956 info: 
Elapsed Time   0.347436s
Count          1
GamesPlayed    1
Nodes          1
Knowledge      0 (0.0%)
Expansions     0.0
Time           0.00
GameLen        108.0 dev=0.0 min=108.0 max=108.0
InTree         0.0 dev=0.0 min=0.0 max=0.0
KnowDepth      -
Aborted        0%
Games/s        3144.7
Score          1.00
Sequence      
e6956 info: 
e6956 warning: **** MoHexSearch returned empty sequence!
e6956 warning: **** Returning random move!
e6956 info: *** Player move: a11
de946 info: DfpnSolver::CheckAbort(): Abort flag!
ee966 info: 
MID calls      42
VC builds      41
Terminal       1
Work           43
Wasted Work    0 (0%)
Elapsed Time   0.363472
MIDs/sec       115.552
VCs/sec        112.801
Cnt prune sib  0
Avg prune sib  -
Consider Size  73.8 dev=16.5184 min=16 max=84
Move Index     -
Move Percent   -
Delta Increase 5.80952 dev=17.2437 min=1 max=75
Winner         empty
PV             d7 j2 e8 e10

HashTableStatistics:
Stores         581
LookupAttempt  53302
LookupSuccess  2861
Collisions     0

ee966 info: Search aborted.
616c7 info: PlayAndSolve: Building VCs to avoid race condition.
616c7 info: PlayAndSolve: Continuing on as usual.
ee966 info: *** PlayerThread ***
e6956 info: *** SolverThread ***
de946 config: VCS: reading captured set patterns from '/home/linus/MoHex2.0/nfbranchfix/benzene-vanilla-cmake/share/vc-captured-set.txt'.
de946 config: VCS:: parsed 2 patterns.
de946 config: VCS: reading captured set patterns from '/home/linus/MoHex2.0/nfbranchfix/benzene-vanilla-cmake/share/vc-captured-set.txt'.
de946 config: VCS:: parsed 2 patterns.
de946 dfpn: 
ee966 info: Best move cannot be determined, must search state.
ee966 info: --- MoHexPlayer::Search() ---
ee966 info: Color: black
ee966 info: MaxGames: 1
ee966 info: NumberThreads: 1
ee966 info: MaxNodes: 9090 (799920 bytes)
ee966 info: TimeForMove: 1
de946 dfpn: d7
de946 dfpn: f6
de946 dfpn: e7
de946 dfpn: e6
de946 dfpn: g7
de946 dfpn: d8
de946 dfpn: g6
de946 dfpn: f7
de946 dfpn: h5
de946 dfpn: c9
de946 dfpn: h4
de946 dfpn: h6
de946 dfpn: e8
de946 dfpn: i6
de946 dfpn: i3
de946 dfpn: h7
de946 dfpn: g5
de946 dfpn: i5
de946 dfpn: e4
de946 dfpn: j2
de946 dfpn: i4
de946 dfpn: g4
de946 dfpn: d7
ee966 info: PreSearch: max time reached (43/81).
ee966 info: Time for PreSearch: 0.200906s
ee966 info: 
  d8d660b057aadd20
  a  b  c  d  e  f  g  h  i  j  k  
 1\.  .  .  .  .  .  .  .  .  .  .\1
  2\.  .  *  *  *  *  *  *  *  *  W\2
   3\.  *  *  *  *  *  *  *  *  *  .\3
    4\*  *  *  *  *  *  *  *  *  *  *\4
     5\*  *  *  *  B  *  *  *  *  *  *\5
      6\B  *  *  *  *  *  *  *  *  *  *\6
       7\w  W  *  *  *  *  *  *  *  *  *\7
        8\B  w  *  *  *  *  *  B  *  *  *\8
         9\w  W  *  *  *  *  *  *  *  *  .\9
         10\w  .  *  *  *  *  *  *  *  *  W\10
          11\B  .  W  .  .  .  .  .  .  .  b\11
              a  b  c  d  e  f  g  h  i  j  k  
ee966 info: Old: [black, a6] [white, swap-pieces] [white, k10] [black, a8] [white, b9] [black, e5] [white, c11] [black, h8] [white, b7] 
ee966 info: New: [black, a6] [white, swap-pieces] [white, k10] [black, a8] [white, b9] [black, e5] [white, c11] [black, h8] [white, b7] [black, a11] [white, k2] 
ee966 info: MovesPlayed: [black, a11] [white, k2] 
ee966 info: No subtree to reuse.
ee966 info: StartSearch()[0]
ee966 info: 
Elapsed Time   0.345479s
Count          1
GamesPlayed    1
Nodes          1
Knowledge      0 (0.0%)
Expansions     0.0
Time           0.00
GameLen        106.0 dev=0.0 min=106.0 max=106.0
InTree         0.0 dev=0.0 min=0.0 max=0.0
KnowDepth      -
Aborted        0%
Games/s        3205.1
Score          1.00
Sequence      
ee966 info: 
ee966 warning: **** MoHexSearch returned empty sequence!
ee966 warning: **** Returning random move!
ee966 info: *** Player move: f3
de946 info: DfpnSolver::CheckAbort(): Abort flag!
e6956 info: 
MID calls      44
VC builds      43
Terminal       0
Work           44
Wasted Work    0 (0%)
Elapsed Time   0.35777
MIDs/sec       122.984
VCs/sec        120.189
Cnt prune sib  0
Avg prune sib  -
Consider Size  69.8372 dev=18.6159 min=24 max=85
Move Index     -
Move Percent   -
Delta Increase 3.86047 dev=13.1866 min=1 max=74
Winner         empty
PV             d7 j2 e4 d8

HashTableStatistics:
Stores         690
LookupAttempt  63420
LookupSuccess  3483
Collisions     0

e6956 info: Search aborted.
616c7 info: PlayAndSolve: Building VCs to avoid race condition.
616c7 info: PlayAndSolve: Continuing on as usual.
e6956 info: *** PlayerThread ***
ee966 info: *** SolverThread ***
de946 config: VCS: reading captured set patterns from '/home/linus/MoHex2.0/nfbranchfix/benzene-vanilla-cmake/share/vc-captured-set.txt'.
de946 config: VCS:: parsed 2 patterns.
de946 config: VCS: reading captured set patterns from '/home/linus/MoHex2.0/nfbranchfix/benzene-vanilla-cmake/share/vc-captured-set.txt'.
de946 config: VCS:: parsed 2 patterns.
de946 dfpn: 
e6956 info: Best move cannot be determined, must search state.
e6956 info: --- MoHexPlayer::Search() ---
e6956 info: Color: black
e6956 info: MaxGames: 1
e6956 info: NumberThreads: 1
e6956 info: MaxNodes: 9090 (799920 bytes)
e6956 info: TimeForMove: 1
de946 dfpn: f7
de946 dfpn: d7
de946 dfpn: e7
de946 dfpn: f6
de946 dfpn: d8
de946 dfpn: e6
de946 dfpn: e8
de946 dfpn: g7
de946 dfpn: g6
de946 dfpn: c9
de946 dfpn: f8
de946 dfpn: d9
de946 dfpn: e9
de946 dfpn: c8
de946 dfpn: i6
de946 dfpn: g5
e6956 info: PreSearch: max time reached (36/78).
e6956 info: Time for PreSearch: 0.203673s
de946 dfpn: j5
de946 dfpn: i5
de946 dfpn: c10
e6956 info: 
  54a272c1d9a9e375
  a  b  c  d  e  f  g  h  i  j  k  
 1\.  .  .  .  .  .  .  .  .  .  .\1
  2\.  .  *  *  *  *  .  *  *  *  W\2
   3\.  *  *  *  *  B  *  *  *  *  .\3
    4\*  *  *  *  *  *  *  *  *  *  *\4
     5\*  *  *  *  B  *  *  *  *  *  *\5
      6\B  *  *  *  *  *  *  W  *  *  *\6
       7\w  W  *  *  *  *  *  *  *  *  *\7
        8\B  w  *  *  *  *  *  B  *  *  *\8
         9\w  W  *  *  *  *  *  *  *  *  .\9
         10\w  .  *  *  *  *  *  *  *  *  W\10
          11\B  .  W  .  .  .  .  .  .  .  b\11
              a  b  c  d  e  f  g  h  i  j  k  
de946 dfpn: e10
de946 dfpn: d6
de946 dfpn: e10
e6956 info: Old: [black, a6] [white, swap-pieces] [white, k10] [black, a8] [white, b9] [black, e5] [white, c11] [black, h8] [white, b7] [black, a11] [white, k2] 
e6956 info: New: [black, a6] [white, swap-pieces] [white, k10] [black, a8] [white, b9] [black, e5] [white, c11] [black, h8] [white, b7] [black, a11] [white, k2] [black, f3] [white, h6] 
e6956 info: MovesPlayed: [black, f3] [white, h6] 
e6956 info: No subtree to reuse.
e6956 info: StartSearch()[0]
e6956 info: 
Elapsed Time   0.354398s
Count          1
GamesPlayed    1
Nodes          1
Knowledge      0 (0.0%)
Expansions     0.0
Time           0.00
GameLen        104.0 dev=0.0 min=104.0 max=104.0
InTree         0.0 dev=0.0 min=0.0 max=0.0
KnowDepth      -
Aborted        0%
Games/s        3048.8
Score          1.00
Sequence      
e6956 info: 
e6956 warning: **** MoHexSearch returned empty sequence!
e6956 warning: **** Returning random move!
e6956 info: *** Player move: j3
de946 info: DfpnSolver::CheckAbort(): Abort flag!
ee966 info: 
MID calls      31
VC builds      29
Terminal       0
Work           31
Wasted Work    0 (0%)
Elapsed Time   0.368947
MIDs/sec       84.0229
VCs/sec        78.6021
Cnt prune sib  0
Avg prune sib  -
Consider Size  40.7586 dev=24.5731 min=5 max=81
Move Index     -
Move Percent   -
Delta Increase 3.76667 dev=10.2557 min=1 max=56
Winner         empty
PV             e10 e7 g6 g7

HashTableStatistics:
Stores         772
LookupAttempt  71123
LookupSuccess  4046
Collisions     0

ee966 info: Search aborted.
616c7 info: PlayAndSolve: Building VCs to avoid race condition.
616c7 info: PlayAndSolve: Continuing on as usual.
ee966 info: *** PlayerThread ***
e6956 info: *** SolverThread ***
de946 config: VCS: reading captured set patterns from '/home/linus/MoHex2.0/nfbranchfix/benzene-vanilla-cmake/share/vc-captured-set.txt'.
de946 config: VCS:: parsed 2 patterns.
de946 config: VCS: reading captured set patterns from '/home/linus/MoHex2.0/nfbranchfix/benzene-vanilla-cmake/share/vc-captured-set.txt'.
de946 config: VCS:: parsed 2 patterns.
de946 dfpn: 
ee966 info: Best move cannot be determined, must search state.
ee966 info: --- MoHexPlayer::Search() ---
ee966 info: Color: black
ee966 info: MaxGames: 1
ee966 info: NumberThreads: 1
ee966 info: MaxNodes: 9090 (799920 bytes)
ee966 info: TimeForMove: 1
de946 dfpn: e6
de946 dfpn: d7
de946 dfpn: e7
de946 dfpn: d8
de946 dfpn: i6
de946 dfpn: f7
de946 dfpn: j5
de946 dfpn: c9
de946 dfpn: i5
de946 dfpn: g6
de946 dfpn: j4
de946 dfpn: e8
de946 dfpn: g7
de946 dfpn: j6
de946 dfpn: g5
de946 dfpn: d6
de946 dfpn: c8
de946 dfpn: d9
de946 dfpn: i7
de946 dfpn: j2
de946 dfpn: d7
ee966 info: PreSearch: max time reached (45/76).
ee966 info: Time for PreSearch: 0.203552s
ee966 info: 
  5c591691d1cbf433
  a  b  c  d  e  f  g  h  i  j  k  
 1\.  .  .  .  .  .  .  .  .  .  .\1
  2\.  .  *  *  *  *  .  *  *  *  W\2
   3\.  *  *  *  *  B  *  *  *  B  .\3
    4\*  *  *  *  *  *  *  *  *  *  *\4
     5\*  *  *  *  B  W  *  *  *  *  *\5
      6\B  *  *  *  *  *  *  W  *  *  *\6
       7\w  W  *  *  *  *  *  *  *  *  *\7
        8\B  w  *  *  *  *  *  B  *  *  *\8
         9\w  W  *  *  *  *  *  *  *  *  .\9
         10\w  .  *  *  *  *  *  *  *  *  W\10
          11\B  .  W  .  .  .  .  .  .  .  b\11
              a  b  c  d  e  f  g  h  i  j  k  
ee966 info: Old: [black, a6] [white, swap-pieces] [white, k10] [black, a8] [white, b9] [black, e5] [white, c11] [black, h8] [white, b7] [black, a11] [white, k2] [black, f3] [white, h6] 
ee966 info: New: [black, a6] [white, swap-pieces] [white, k10] [black, a8] [white, b9] [black, e5] [white, c11] [black, h8] [white, b7] [black, a11] [white, k2] [black, f3] [white, h6] [black, j3] [white, f5] 
ee966 info: MovesPlayed: [black, j3] [white, f5] 
ee966 info: No subtree to reuse.
de946 dfpn: c9
ee966 info: StartSearch()[0]
ee966 info: 
Elapsed Time   0.365994s
Count          1
GamesPlayed    1
Nodes          1
Knowledge      0 (0.0%)
Expansions     0.0
Time           0.00
GameLen        102.0 dev=0.0 min=102.0 max=102.0
InTree         0.0 dev=0.0 min=0.0 max=0.0
KnowDepth      -
Aborted        0%
Games/s        2053.4
Score          0.00
Sequence      
ee966 info: 
ee966 warning: **** MoHexSearch returned empty sequence!
ee966 warning: **** Returning random move!
ee966 info: *** Player move: c10
de946 info: DfpnSolver::CheckAbort(): Abort flag!
e6956 info: 
MID calls      44
VC builds      41
Terminal       0
Work           44
Wasted Work    0 (0%)
Elapsed Time   0.386043
MIDs/sec       113.977
VCs/sec        106.206
Cnt prune sib  0
Avg prune sib  -
Consider Size  58.8049 dev=21.3692 min=20 max=81
Move Index     -
Move Percent   -
Delta Increase 3.30233 dev=8.75914 min=1 max=50
Winner         empty
PV             c9 d8 c8

HashTableStatistics:
Stores         881
LookupAttempt  79956
LookupSuccess  4620
Collisions     0

e6956 info: Search aborted.
616c7 info: PlayAndSolve: Building VCs to avoid race condition.
616c7 info: PlayAndSolve: Continuing on as usual.
e6956 info: *** PlayerThread ***
ee966 info: *** SolverThread ***
de946 config: VCS: reading captured set patterns from '/home/linus/MoHex2.0/nfbranchfix/benzene-vanilla-cmake/share/vc-captured-set.txt'.
de946 config: VCS:: parsed 2 patterns.
de946 config: VCS: reading captured set patterns from '/home/linus/MoHex2.0/nfbranchfix/benzene-vanilla-cmake/share/vc-captured-set.txt'.
de946 config: VCS:: parsed 2 patterns.
de946 dfpn: 
e6956 info: Best move cannot be determined, must search state.
e6956 info: --- MoHexPlayer::Search() ---
e6956 info: Color: black
e6956 info: MaxGames: 1
e6956 info: NumberThreads: 1
e6956 info: MaxNodes: 9090 (799920 bytes)
e6956 info: TimeForMove: 1
de946 dfpn: d7
de946 dfpn: e6
de946 dfpn: d8
de946 dfpn: e7
de946 dfpn: c9
de946 dfpn: e8
de946 dfpn: i6
de946 dfpn: d9
de946 dfpn: j5
de946 dfpn: c8
de946 dfpn: i5
de946 dfpn: f7
de946 dfpn: g6
de946 dfpn: d6
de946 dfpn: j4
de946 dfpn: g7
de946 dfpn: j6
de946 dfpn: g5
de946 dfpn: e9
de946 dfpn: e6
e6956 info: PreSearch: max time reached (43/72).
e6956 info: Time for PreSearch: 0.202778s
de946 dfpn: d7
e6956 info: 
  01f7d186f633764d
  a  b  c  d  e  f  g  h  i  j  k  
 1\.  .  .  .  .  .  .  .  .  .  .\1
  2\.  .  *  *  *  *  .  *  *  *  W\2
   3\.  *  *  *  *  B  *  *  *  B  .\3
    4\*  *  *  *  *  *  *  *  *  *  *\4
     5\*  *  *  *  B  W  *  *  *  *  *\5
      6\B  *  *  *  *  *  *  W  *  *  *\6
       7\w  W  *  *  *  *  *  *  *  *  *\7
        8\B  w  *  *  *  *  *  B  .  .  *\8
         9\w  W  *  *  *  W  .  .  *  .  .\9
         10\w  b  B  .  .  .  .  *  .  .  W\10
          11\B  b  W  .  .  .  .  .  .  .  b\11
              a  b  c  d  e  f  g  h  i  j  k  
de946 dfpn: d8
e6956 info: Old: [black, a6] [white, swap-pieces] [white, k10] [black, a8] [white, b9] [black, e5] [white, c11] [black, h8] [white, b7] [black, a11] [white, k2] [black, f3] [white, h6] [black, j3] [white, f5] 
e6956 info: New: [black, a6] [white, swap-pieces] [white, k10] [black, a8] [white, b9] [black, e5] [white, c11] [black, h8] [white, b7] [black, a11] [white, k2] [black, f3] [white, h6] [black, j3] [white, f5] [black, c10] [white, f9] 
e6956 info: MovesPlayed: [black, c10] [white, f9] 
e6956 info: No subtree to reuse.
e6956 info: StartSearch()[0]
e6956 info: 
Elapsed Time   0.548291s
Count          1
GamesPlayed    1
Nodes          1
Knowledge      0 (0.0%)
Expansions     0.0
Time           0.00
GameLen        98.0 dev=0.0 min=98.0 max=98.0
InTree         0.0 dev=0.0 min=0.0 max=0.0
KnowDepth      -
Aborted        0%
Games/s        3174.6
Score          1.00
Sequence      
e6956 info: 
e6956 warning: **** MoHexSearch returned empty sequence!
e6956 warning: **** Returning random move!
e6956 info: *** Player move: g5
de946 info: DfpnSolver::CheckAbort(): Abort flag!
ee966 info: 
MID calls      67
VC builds      61
Terminal       0
Work           67
Wasted Work    0 (0%)
Elapsed Time   0.56275
MIDs/sec       119.058
VCs/sec        108.396
Cnt prune sib  1
Avg prune sib  1 dev=0 min=1 max=1
Consider Size  39.0328 dev=24.8001 min=5 max=76
Move Index     -
Move Percent   -
Delta Increase 4.18182 dev=11.2572 min=1 max=66
Winner         empty
PV             d8 d7 h5 g6

HashTableStatistics:
Stores         1035
LookupAttempt  88464
LookupSuccess  5215
Collisions     0

ee966 info: Search aborted.
616c7 info: PlayAndSolve: Building VCs to avoid race condition.
616c7 info: PlayAndSolve: Continuing on as usual.
ee966 info: *** PlayerThread ***
e6956 info: *** SolverThread ***
de946 config: VCS: reading captured set patterns from '/home/linus/MoHex2.0/nfbranchfix/benzene-vanilla-cmake/share/vc-captured-set.txt'.
de946 config: VCS:: parsed 2 patterns.
de946 config: VCS: reading captured set patterns from '/home/linus/MoHex2.0/nfbranchfix/benzene-vanilla-cmake/share/vc-captured-set.txt'.
de946 config: VCS:: parsed 2 patterns.
de946 dfpn: 
ee966 info: Winning SC.
ee966 info: *** Player move: f7
e6956 info: 
MID calls      0
VC builds      1
Terminal       1
Work           1
Wasted Work    0 (0%)
Elapsed Time   0.01067
MIDs/sec       0
VCs/sec        93.7207
Cnt prune sib  0
Avg prune sib  -
Consider Size  -
Move Index     -
Move Percent   -
Delta Increase -
Winner         black
PV             

HashTableStatistics:
Stores         1036
LookupAttempt  88470
LookupSuccess  5218
Collisions     0

616c7 info: PlayAndSolve: Building VCs to avoid race condition.
616c7 info: PlayAndSolve: Continuing on as usual.
e6956 info: *** PlayerThread ***
ee966 info: *** SolverThread ***
de946 config: VCS: reading captured set patterns from '/home/linus/MoHex2.0/nfbranchfix/benzene-vanilla-cmake/share/vc-captured-set.txt'.
de946 config: VCS:: parsed 2 patterns.
de946 config: VCS: reading captured set patterns from '/home/linus/MoHex2.0/nfbranchfix/benzene-vanilla-cmake/share/vc-captured-set.txt'.
de946 config: VCS:: parsed 2 patterns.
de946 dfpn: 
e6956 info: Winning SC.
e6956 info: *** Player move: d7
ee966 info: 
MID calls      0
VC builds      1
Terminal       1
Work           1
Wasted Work    0 (0%)
Elapsed Time   0.012392
MIDs/sec       0
VCs/sec        80.6972
Cnt prune sib  0
Avg prune sib  -
Consider Size  -
Move Index     -
Move Percent   -
Delta Increase -
Winner         black
PV             

HashTableStatistics:
Stores         1037
LookupAttempt  88476
LookupSuccess  5221
Collisions     0

616c7 info: PlayAndSolve: Building VCs to avoid race condition.
616c7 info: PlayAndSolve: Continuing on as usual.
ee966 info: *** PlayerThread ***
e6956 info: *** SolverThread ***
de946 config: VCS: reading captured set patterns from '/home/linus/MoHex2.0/nfbranchfix/benzene-vanilla-cmake/share/vc-captured-set.txt'.
de946 config: VCS:: parsed 2 patterns.
de946 config: VCS: reading captured set patterns from '/home/linus/MoHex2.0/nfbranchfix/benzene-vanilla-cmake/share/vc-captured-set.txt'.
de946 config: VCS:: parsed 2 patterns.
de946 dfpn: 
ee966 info: Winning SC.
ee966 info: *** Player move: c9
e6956 info: 
MID calls      0
VC builds      1
Terminal       1
Work           1
Wasted Work    0 (0%)
Elapsed Time   0.009749
MIDs/sec       0
VCs/sec        102.575
Cnt prune sib  0
Avg prune sib  -
Consider Size  -
Move Index     -
Move Percent   -
Delta Increase -
Winner         black
PV             

HashTableStatistics:
Stores         1038
LookupAttempt  88482
LookupSuccess  5224
Collisions     0

616c7 info: PlayAndSolve: Building VCs to avoid race condition.
616c7 info: PlayAndSolve: Continuing on as usual.
e6956 info: *** PlayerThread ***
ee966 info: *** SolverThread ***
de946 config: VCS: reading captured set patterns from '/home/linus/MoHex2.0/nfbranchfix/benzene-vanilla-cmake/share/vc-captured-set.txt'.
de946 config: VCS:: parsed 2 patterns.
de946 config: VCS: reading captured set patterns from '/home/linus/MoHex2.0/nfbranchfix/benzene-vanilla-cmake/share/vc-captured-set.txt'.
de946 config: VCS:: parsed 2 patterns.
de946 dfpn: 
e6956 info: Winning SC.
e6956 info: *** Player move: e6
ee966 info: 
MID calls      0
VC builds      1
Terminal       1
Work           1
Wasted Work    0 (0%)
Elapsed Time   0.007644
MIDs/sec       0
VCs/sec        130.822
Cnt prune sib  0
Avg prune sib  -
Consider Size  -
Move Index     -
Move Percent   -
Delta Increase -
Winner         black
PV             

HashTableStatistics:
Stores         1039
LookupAttempt  88488
LookupSuccess  5227
Collisions     0

616c7 info: PlayAndSolve: Building VCs to avoid race condition.
616c7 info: PlayAndSolve: Continuing on as usual.
ee966 info: *** PlayerThread ***
e6956 info: *** SolverThread ***
de946 config: VCS: reading captured set patterns from '/home/linus/MoHex2.0/nfbranchfix/benzene-vanilla-cmake/share/vc-captured-set.txt'.
de946 config: VCS:: parsed 2 patterns.
de946 config: VCS: reading captured set patterns from '/home/linus/MoHex2.0/nfbranchfix/benzene-vanilla-cmake/share/vc-captured-set.txt'.
de946 config: VCS:: parsed 2 patterns.
de946 dfpn: 
ee966 info: Winning SC.
ee966 info: *** Player move: e4
e6956 info: 
MID calls      0
VC builds      1
Terminal       1
Work           1
Wasted Work    0 (0%)
Elapsed Time   0.006837
MIDs/sec       0
VCs/sec        146.263
Cnt prune sib  0
Avg prune sib  -
Consider Size  -
Move Index     -
Move Percent   -
Delta Increase -
Winner         black
PV             

HashTableStatistics:
Stores         1040
LookupAttempt  88494
LookupSuccess  5230
Collisions     0

616c7 info: PlayAndSolve: Building VCs to avoid race condition.
616c7 info: PlayAndSolve: Continuing on as usual.
e6956 info: *** PlayerThread ***
ee966 info: *** SolverThread ***
de946 config: VCS: reading captured set patterns from '/home/linus/MoHex2.0/nfbranchfix/benzene-vanilla-cmake/share/vc-captured-set.txt'.
de946 config: VCS:: parsed 2 patterns.
de946 config: VCS: reading captured set patterns from '/home/linus/MoHex2.0/nfbranchfix/benzene-vanilla-cmake/share/vc-captured-set.txt'.
de946 config: VCS:: parsed 2 patterns.
de946 dfpn: 
e6956 info: Winning SC.
e6956 info: *** Player move: f2
ee966 info: 
MID calls      0
VC builds      1
Terminal       1
Work           1
Wasted Work    0 (0%)
Elapsed Time   0.005489
MIDs/sec       0
VCs/sec        182.183
Cnt prune sib  0
Avg prune sib  -
Consider Size  -
Move Index     -
Move Percent   -
Delta Increase -
Winner         black
PV             

HashTableStatistics:
Stores         1041
LookupAttempt  88500
LookupSuccess  5233
Collisions     0

616c7 info: PlayAndSolve: Building VCs to avoid race condition.
616c7 info: PlayAndSolve: Continuing on as usual.
ee966 info: *** PlayerThread ***
e6956 info: *** SolverThread ***
de946 config: VCS: reading captured set patterns from '/home/linus/MoHex2.0/nfbranchfix/benzene-vanilla-cmake/share/vc-captured-set.txt'.
de946 config: VCS:: parsed 2 patterns.
de946 config: VCS: reading captured set patterns from '/home/linus/MoHex2.0/nfbranchfix/benzene-vanilla-cmake/share/vc-captured-set.txt'.
de946 config: VCS:: parsed 2 patterns.
de946 dfpn: 
ee966 info: Winning SC.
ee966 info: *** Player move: d8
e6956 info: 
MID calls      0
VC builds      1
Terminal       1
Work           1
Wasted Work    0 (0%)
Elapsed Time   0.005152
MIDs/sec       0
VCs/sec        194.099
Cnt prune sib  0
Avg prune sib  -
Consider Size  -
Move Index     -
Move Percent   -
Delta Increase -
Winner         black
PV             

HashTableStatistics:
Stores         1042
LookupAttempt  88506
LookupSuccess  5236
Collisions     0

616c7 info: PlayAndSolve: Building VCs to avoid race condition.
616c7 info: PlayAndSolve: Continuing on as usual.
e6956 info: *** PlayerThread ***
ee966 info: *** SolverThread ***
de946 config: VCS: reading captured set patterns from '/home/linus/MoHex2.0/nfbranchfix/benzene-vanilla-cmake/share/vc-captured-set.txt'.
de946 config: VCS:: parsed 2 patterns.
de946 config: VCS: reading captured set patterns from '/home/linus/MoHex2.0/nfbranchfix/benzene-vanilla-cmake/share/vc-captured-set.txt'.
de946 config: VCS:: parsed 2 patterns.
e6956 info: Captured cells caused win! Removing...
de946 dfpn: 
ee966 info: 
MID calls      0
VC builds      1
Terminal       1
Work           1
Wasted Work    0 (0%)
Elapsed Time   0.003174
MIDs/sec       0
VCs/sec        315.06
Cnt prune sib  0
Avg prune sib  -
Consider Size  -
Move Index     -
Move Percent   -
Delta Increase -
Winner         black
PV             

HashTableStatistics:
Stores         1043
LookupAttempt  88512
LookupSuccess  5239
Collisions     0

e6956 info: Winning SC.
e6956 info: *** Player move: f1
616c7 info: PlayAndSolve: Building VCs to avoid race condition.
616c7 info: PlayAndSolve: Continuing on as usual.
ee966 info: *** PlayerThread ***
e6956 info: *** SolverThread ***
de946 config: VCS: reading captured set patterns from '/home/linus/MoHex2.0/nfbranchfix/benzene-vanilla-cmake/share/vc-captured-set.txt'.
de946 config: VCS:: parsed 2 patterns.
de946 config: VCS: reading captured set patterns from '/home/linus/MoHex2.0/nfbranchfix/benzene-vanilla-cmake/share/vc-captured-set.txt'.
de946 config: VCS:: parsed 2 patterns.
de946 dfpn: 
ee966 info: Winning SC.
ee966 info: *** Player move: b10
e6956 info: 
MID calls      0
VC builds      1
Terminal       1
Work           1
Wasted Work    0 (0%)
Elapsed Time   0.005991
MIDs/sec       0
VCs/sec        166.917
Cnt prune sib  0
Avg prune sib  -
Consider Size  -
Move Index     -
Move Percent   -
Delta Increase -
Winner         black
PV             

HashTableStatistics:
Stores         1044
LookupAttempt  88518
LookupSuccess  5242
Collisions     0

616c7 config: ============ BenzeneShutdown =============
616c7 config: MoHexProgram:: ShutdownSystem()
616c7 config: CommonProgram:: ShutdownSystem()
616c7 config: BenzeneProgram:: ShutdownSystem()
Flushing and closing this stream...
