c42f7 config: MoHex v2.0.CMake Mar 21 2025.
c42f7 config: ============ InitializeSystem ============
c42f7 config: BenzeneProgram::InitRandom()
c42f7 config: Seed = 775109
c42f7 info: Prior Patterns:
c42f7 info: Global:
c42f7 info: Size            = 565 32648 
c42f7 info: TableEntries    = 65932 65910
c42f7 info: MirrorsAdded    = 0 0
c42f7 info: PrunableCount   = 30593 30629
c42f7 info: LargestGamma    = 5820.77
c42f7 info: SmallestGamma   = 6.6e-05
c42f7 info: Local:
c42f7 info: Size            = 550 5318 
c42f7 info: TableEntries    = 11602 11588
c42f7 info: MirrorsAdded    = 0 0
c42f7 info: PrunableCount   = 3659 3667
c42f7 info: LargestGamma    = 11281.8
c42f7 info: SmallestGamma   = 0.026235
c42f7 info: Playout Patterns:
c42f7 info: Global:
c42f7 info: Size            = 565 32648 
c42f7 info: TableEntries    = 70329 70329
c42f7 info: MirrorsAdded    = 4397 4419
c42f7 info: PrunableCount   = 30593 30629
c42f7 info: LargestGamma    = 5820.77
c42f7 info: SmallestGamma   = 6.6e-05
c42f7 info: Local:
c42f7 info: Size            = 550 5318 
c42f7 info: TableEntries    = 11602 11588
c42f7 info: MirrorsAdded    = 0 0
c42f7 info: PrunableCount   = 3659 3667
c42f7 info: LargestGamma    = 11281.8
c42f7 info: SmallestGamma   = 0.026235
c42f7 config: IcePatternSet: reading from '/home/linus/MoHex2.0/nfbranchfix/benzene-vanilla-cmake/share/ice-patterns.txt'.
c42f7 config: IcePatternSet: parsed 708 patterns.
c42f7 config: VCS: reading captured set patterns from '/home/linus/MoHex2.0/nfbranchfix/benzene-vanilla-cmake/share/vc-captured-set.txt'.
c42f7 config: VCS:: parsed 2 patterns.
c42f7 config: VCS: reading captured set patterns from '/home/linus/MoHex2.0/nfbranchfix/benzene-vanilla-cmake/share/vc-captured-set.txt'.
c42f7 config: VCS:: parsed 2 patterns.
c42f7 config: IcePatternSet: reading from '/home/linus/MoHex2.0/nfbranchfix/benzene-vanilla-cmake/share/ice-patterns.txt'.
c42f7 config: IcePatternSet: parsed 708 patterns.
c42f7 config: VCS: reading captured set patterns from '/home/linus/MoHex2.0/nfbranchfix/benzene-vanilla-cmake/share/vc-captured-set.txt'.
c42f7 config: VCS:: parsed 2 patterns.
c42f7 config: VCS: reading captured set patterns from '/home/linus/MoHex2.0/nfbranchfix/benzene-vanilla-cmake/share/vc-captured-set.txt'.
c42f7 config: VCS:: parsed 2 patterns.
c42f7 config: VCS: reading captured set patterns from '/home/linus/MoHex2.0/nfbranchfix/benzene-vanilla-cmake/share/vc-captured-set.txt'.
c42f7 config: VCS:: parsed 2 patterns.
c42f7 config: VCS: reading captured set patterns from '/home/linus/MoHex2.0/nfbranchfix/benzene-vanilla-cmake/share/vc-captured-set.txt'.
c42f7 config: VCS:: parsed 2 patterns.
c42f7 config: VCS: reading captured set patterns from '/home/linus/MoHex2.0/nfbranchfix/benzene-vanilla-cmake/share/vc-captured-set.txt'.
c42f7 config: VCS:: parsed 2 patterns.
c42f7 config: VCS: reading captured set patterns from '/home/linus/MoHex2.0/nfbranchfix/benzene-vanilla-cmake/share/vc-captured-set.txt'.
c42f7 config: VCS:: parsed 2 patterns.
c42f7 info: SwapCheck: reading from '/home/linus/MoHex2.0/nfbranchfix/benzene-vanilla-cmake/share/swap-moves.txt'.
c42f7 info: SwapCheck: playing swap.
c42f7 info: PlayAndSolve: Building VCs to avoid race condition.
c42f7 config: VCPattern: loading pattern templates from '/home/linus/MoHex2.0/nfbranchfix/benzene-vanilla-cmake/share/vc-patterns.txt'.
c42f7 info: PlayAndSolve: Continuing on as usual.
51596 info: *** PlayerThread ***
49586 info: *** SolverThread ***
7fff6 config: VCS: reading captured set patterns from '/home/linus/MoHex2.0/nfbranchfix/benzene-vanilla-cmake/share/vc-captured-set.txt'.
7fff6 config: VCS:: parsed 2 patterns.
7fff6 config: VCS: reading captured set patterns from '/home/linus/MoHex2.0/nfbranchfix/benzene-vanilla-cmake/share/vc-captured-set.txt'.
7fff6 config: VCS:: parsed 2 patterns.
7fff6 dfpn: 
51596 info: Best move cannot be determined, must search state.
51596 info: --- MoHexPlayer::Search() ---
51596 info: Color: black
51596 info: MaxGames: 1
51596 info: NumberThreads: 1
51596 info: MaxNodes: 181818181 (15999999928 bytes)
51596 info: TimeForMove: 1
7fff6 dfpn: h4
7fff6 dfpn: i3
7fff6 dfpn: j2
7fff6 dfpn: g5
7fff6 dfpn: g4
7fff6 dfpn: f4
7fff6 dfpn: h3
7fff6 dfpn: d8
7fff6 dfpn: h5
7fff6 dfpn: g2
7fff6 dfpn: g6
7fff6 dfpn: h2
7fff6 dfpn: e7
7fff6 dfpn: g3
7fff6 dfpn: f6
7fff6 dfpn: b10
7fff6 dfpn: f7
7fff6 dfpn: i4
7fff6 dfpn: f5
7fff6 dfpn: i2
7fff6 dfpn: e8
7fff6 dfpn: c9
7fff6 dfpn: g7
7fff6 dfpn: h6
7fff6 dfpn: h2
51596 info: PreSearch: max time reached (57/89).
51596 info: Time for PreSearch: 0.200242s
51596 info: 
  5e8fcf45b7cfd100
  a  b  c  d  e  f  g  h  i  j  k  
 1\b  b  b  b  .  .  .  .  .  .  .\1
  2\b  B  .  *  .  .  .  *  *  *  *\2
   3\.  *  *  *  W  *  *  *  *  *  *\3
    4\*  *  *  *  *  *  *  *  *  *  *\4
     5\*  *  *  *  *  *  *  *  *  *  *\5
      6\*  *  *  *  *  *  *  *  *  *  *\6
       7\*  *  *  *  *  *  *  *  *  *  *\7
        8\*  *  *  *  *  *  *  *  *  *  *\8
         9\*  *  *  *  *  *  *  *  *  *  .\9
         10\*  *  *  *  *  *  *  *  *  .  .\10
          11\.  .  .  .  .  .  .  .  .  .  .\11
              a  b  c  d  e  f  g  h  i  j  k  
51596 info: No subtree to reuse.
51596 info: Creating thread 0
51596 info: StartSearch()[0]
51596 config: VCS: reading captured set patterns from '/home/linus/MoHex2.0/nfbranchfix/benzene-vanilla-cmake/share/vc-captured-set.txt'.
51596 config: VCS:: parsed 2 patterns.
51596 config: VCS: reading captured set patterns from '/home/linus/MoHex2.0/nfbranchfix/benzene-vanilla-cmake/share/vc-captured-set.txt'.
51596 config: VCS:: parsed 2 patterns.
51596 info: 
Elapsed Time   0.364033s
Count          1
GamesPlayed    1
Nodes          1
Knowledge      0 (0.0%)
Expansions     0.0
Time           0.00
GameLen        114.0 dev=0.0 min=114.0 max=114.0
InTree         0.0 dev=0.0 min=0.0 max=0.0
KnowDepth      -
Aborted        0%
Games/s        370.6
Score          1.00
Sequence      
51596 info: 
51596 warning: **** MoHexSearch returned empty sequence!
51596 warning: **** Returning random move!
51596 info: *** Player move: c11
7fff6 info: DfpnSolver::CheckAbort(): Abort flag!
49586 info: 
MID calls      50
VC builds      48
Terminal       0
Work           50
Wasted Work    0 (0%)
Elapsed Time   0.374165
MIDs/sec       133.631
VCs/sec        128.286
Cnt prune sib  1
Avg prune sib  1 dev=0 min=1 max=1
Consider Size  83.7708 dev=3.98036 min=73 max=89
Move Index     -
Move Percent   -
Delta Increase 4.20408 dev=15.329 min=1 max=79
Winner         empty
PV             h2 i3 g4 g5

HashTableStatistics:
Stores         123
LookupAttempt  12583
LookupSuccess  702
Collisions     0

49586 info: Search aborted.
c42f7 info: PlayAndSolve: Building VCs to avoid race condition.
c42f7 info: PlayAndSolve: Continuing on as usual.
49586 info: *** PlayerThread ***
51596 info: *** SolverThread ***
7fff6 config: VCS: reading captured set patterns from '/home/linus/MoHex2.0/nfbranchfix/benzene-vanilla-cmake/share/vc-captured-set.txt'.
7fff6 config: VCS:: parsed 2 patterns.
7fff6 config: VCS: reading captured set patterns from '/home/linus/MoHex2.0/nfbranchfix/benzene-vanilla-cmake/share/vc-captured-set.txt'.
7fff6 config: VCS:: parsed 2 patterns.
7fff6 dfpn: 
49586 info: Best move cannot be determined, must search state.
49586 info: --- MoHexPlayer::Search() ---
49586 info: Color: black
49586 info: MaxGames: 1
49586 info: NumberThreads: 1
49586 info: MaxNodes: 181818181 (15999999928 bytes)
49586 info: TimeForMove: 1
7fff6 dfpn: i3
7fff6 dfpn: j2
7fff6 dfpn: h4
7fff6 dfpn: f4
7fff6 dfpn: f3
7fff6 dfpn: h5
7fff6 dfpn: j3
7fff6 dfpn: h3
7fff6 dfpn: i4
7fff6 dfpn: j4
7fff6 dfpn: e5
7fff6 dfpn: c4
7fff6 dfpn: d5
7fff6 dfpn: d8
7fff6 dfpn: i5
7fff6 dfpn: b5
7fff6 dfpn: c9
7fff6 dfpn: h2
7fff6 dfpn: b10
7fff6 dfpn: b6
7fff6 dfpn: f5
7fff6 dfpn: j5
7fff6 dfpn: d3
7fff6 dfpn: h2
49586 info: PreSearch: max time reached (58/88).
49586 info: Time for PreSearch: 0.200439s
49586 info: 
  2d60b4b6809c3c8d
  a  b  c  d  e  f  g  h  i  j  k  
 1\b  b  b  b  .  .  .  .  .  .  .\1
  2\b  B  .  *  .  .  .  *  *  *  *\2
   3\.  *  *  *  W  *  *  *  *  *  *\3
    4\*  *  *  *  *  *  W  *  *  *  *\4
     5\*  *  *  *  *  *  *  *  *  *  *\5
      6\*  *  *  *  *  *  *  *  *  *  *\6
       7\*  *  *  *  *  *  *  *  *  *  *\7
        8\*  *  *  *  *  *  *  *  *  *  *\8
         9\*  *  *  *  *  *  *  *  *  *  .\9
         10\*  *  *  *  *  *  *  *  *  .  .\10
          11\.  .  B  .  .  .  .  .  .  .  .\11
              a  b  c  d  e  f  g  h  i  j  k  
49586 info: Old: [black, b2] [white, swap-pieces] [white, e3] 
49586 info: New: [black, b2] [white, swap-pieces] [white, e3] [black, c11] [white, g4] 
49586 info: MovesPlayed: [black, c11] [white, g4] 
49586 info: No subtree to reuse.
7fff6 dfpn: j2
49586 info: StartSearch()[0]
49586 info: 
Elapsed Time   0.561055s
Count          1
GamesPlayed    1
Nodes          1
Knowledge      0 (0.0%)
Expansions     0.0
Time           0.00
GameLen        112.0 dev=0.0 min=112.0 max=112.0
InTree         0.0 dev=0.0 min=0.0 max=0.0
KnowDepth      -
Aborted        0%
Games/s        3048.8
Score          0.00
Sequence      
49586 info: 
49586 warning: **** MoHexSearch returned empty sequence!
49586 warning: **** Returning random move!
49586 info: *** Player move: i10
7fff6 info: DfpnSolver::CheckAbort(): Abort flag!
51596 info: 
MID calls      74
VC builds      71
Terminal       0
Work           74
Wasted Work    0 (0%)
Elapsed Time   0.57536
MIDs/sec       128.615
VCs/sec        123.401
Cnt prune sib  2
Avg prune sib  1 dev=0 min=1 max=1
Consider Size  76.9859 dev=7.46355 min=64 max=88
Move Index     -
Move Percent   -
Delta Increase 3.23288 dev=11.6918 min=1 max=74
Winner         empty
PV             j2 i5 h4

HashTableStatistics:
Stores         295
LookupAttempt  26627
LookupSuccess  1453
Collisions     0

51596 info: Search aborted.
c42f7 info: PlayAndSolve: Building VCs to avoid race condition.
c42f7 info: PlayAndSolve: Continuing on as usual.
51596 info: *** PlayerThread ***
49586 info: *** SolverThread ***
7fff6 config: VCS: reading captured set patterns from '/home/linus/MoHex2.0/nfbranchfix/benzene-vanilla-cmake/share/vc-captured-set.txt'.
7fff6 config: VCS:: parsed 2 patterns.
7fff6 config: VCS: reading captured set patterns from '/home/linus/MoHex2.0/nfbranchfix/benzene-vanilla-cmake/share/vc-captured-set.txt'.
7fff6 config: VCS:: parsed 2 patterns.
7fff6 dfpn: 
7fff6 dfpn: i3
51596 info: Best move cannot be determined, must search state.
51596 info: --- MoHexPlayer::Search() ---
51596 info: Color: black
51596 info: MaxGames: 1
51596 info: NumberThreads: 1
51596 info: MaxNodes: 181818181 (15999999928 bytes)
51596 info: TimeForMove: 1
7fff6 dfpn: j2
7fff6 dfpn: h4
7fff6 dfpn: f4
7fff6 dfpn: h3
7fff6 dfpn: j3
7fff6 dfpn: f3
7fff6 dfpn: h5
7fff6 dfpn: i4
7fff6 dfpn: j4
7fff6 dfpn: e5
7fff6 dfpn: b3
7fff6 dfpn: h2
7fff6 dfpn: i5
7fff6 dfpn: j5
7fff6 dfpn: d5
7fff6 dfpn: f5
7fff6 dfpn: b5
7fff6 dfpn: b6
7fff6 dfpn: b4
7fff6 dfpn: c9
7fff6 dfpn: g3
7fff6 dfpn: h2
51596 info: PreSearch: max time reached (66/85).
51596 info: Time for PreSearch: 0.201258s
51596 info: 
  4f437872de822876
  a  b  c  d  e  f  g  h  i  j  k  
 1\b  b  b  b  .  .  .  .  .  .  .\1
  2\b  B  .  W  *  .  .  *  *  *  *\2
   3\.  *  *  *  W  *  *  *  *  *  *\3
    4\*  *  *  *  *  *  W  *  *  *  *\4
     5\*  *  *  *  *  *  *  *  *  *  *\5
      6\*  *  *  *  *  *  *  *  *  *  *\6
       7\*  *  *  *  *  *  *  *  *  *  *\7
        8\*  *  *  *  *  *  *  *  *  *  *\8
         9\*  *  *  *  *  *  *  *  *  .  .\9
         10\*  *  *  *  *  *  *  .  B  b  b\10
          11\.  .  B  .  .  .  b  b  b  b  b\11
              a  b  c  d  e  f  g  h  i  j  k  
51596 info: Old: [black, b2] [white, swap-pieces] [white, e3] [black, c11] [white, g4] 
51596 info: New: [black, b2] [white, swap-pieces] [white, e3] [black, c11] [white, g4] [black, i10] [white, d2] 
51596 info: MovesPlayed: [black, i10] [white, d2] 
51596 info: No subtree to reuse.
51596 info: StartSearch()[0]
51596 info: 
Elapsed Time   0.357938s
Count          1
GamesPlayed    1
Nodes          1
Knowledge      0 (0.0%)
Expansions     0.0
Time           0.00
GameLen        103.0 dev=0.0 min=103.0 max=103.0
InTree         0.0 dev=0.0 min=0.0 max=0.0
KnowDepth      -
Aborted        0%
Games/s        2392.3
Score          0.00
Sequence      
51596 info: 
51596 warning: **** MoHexSearch returned empty sequence!
51596 warning: **** Returning random move!
51596 info: *** Player move: d4
7fff6 info: DfpnSolver::CheckAbort(): Abort flag!
49586 info: 
MID calls      45
VC builds      43
Terminal       0
Work           45
Wasted Work    0 (0%)
Elapsed Time   0.370569
MIDs/sec       121.435
VCs/sec        116.038
Cnt prune sib  2
Avg prune sib  1 dev=0 min=1 max=1
Consider Size  67.9302 dev=14.0488 min=27 max=85
Move Index     -
Move Percent   -
Delta Increase 3.27273 dev=10.2211 min=1 max=65
Winner         empty
PV             h2 i3 f4 f5

HashTableStatistics:
Stores         406
LookupAttempt  37032
LookupSuccess  2077
Collisions     0

49586 info: Search aborted.
c42f7 info: PlayAndSolve: Building VCs to avoid race condition.
c42f7 info: PlayAndSolve: Continuing on as usual.
49586 info: *** PlayerThread ***
51596 info: *** SolverThread ***
7fff6 config: VCS: reading captured set patterns from '/home/linus/MoHex2.0/nfbranchfix/benzene-vanilla-cmake/share/vc-captured-set.txt'.
7fff6 config: VCS:: parsed 2 patterns.
7fff6 config: VCS: reading captured set patterns from '/home/linus/MoHex2.0/nfbranchfix/benzene-vanilla-cmake/share/vc-captured-set.txt'.
7fff6 config: VCS:: parsed 2 patterns.
7fff6 dfpn: 
7fff6 dfpn: b3
49586 info: Best move cannot be determined, must search state.
49586 info: --- MoHexPlayer::Search() ---
49586 info: Color: black
49586 info: MaxGames: 1
49586 info: NumberThreads: 1
49586 info: MaxNodes: 181818181 (15999999928 bytes)
49586 info: TimeForMove: 1
7fff6 dfpn: j2
7fff6 dfpn: j3
7fff6 dfpn: c3
7fff6 dfpn: e5
7fff6 dfpn: j4
7fff6 dfpn: d3
7fff6 dfpn: i2
7fff6 dfpn: c6
7fff6 dfpn: i3
7fff6 dfpn: h4
7fff6 dfpn: d6
7fff6 dfpn: g2
7fff6 dfpn: i4
7fff6 dfpn: h5
7fff6 dfpn: c9
7fff6 dfpn: j5
7fff6 dfpn: d5
7fff6 dfpn: b4
7fff6 dfpn: f4
7fff6 dfpn: b8
7fff6 dfpn: e4
7fff6 dfpn: i3
49586 info: PreSearch: max time reached (69/83).
49586 info: Time for PreSearch: 0.20335s
49586 info: 
  18e322b9de4d9152
  a  b  c  d  e  f  g  h  i  j  k  
 1\b  b  b  b  .  .  .  .  .  .  .\1
  2\b  B  .  W  *  .  *  W  *  *  *\2
   3\.  *  *  *  W  *  *  *  *  *  *\3
    4\*  *  *  B  *  *  W  *  *  *  *\4
     5\*  *  *  *  *  *  *  *  *  *  *\5
      6\*  *  *  *  *  *  *  *  *  *  *\6
       7\*  *  *  *  *  *  *  *  *  *  *\7
        8\*  *  *  *  *  *  *  *  *  *  *\8
         9\*  *  *  *  *  *  *  *  *  .  .\9
         10\*  *  *  *  *  *  *  .  B  b  b\10
          11\.  .  B  .  .  .  b  b  b  b  b\11
              a  b  c  d  e  f  g  h  i  j  k  
49586 info: Old: [black, b2] [white, swap-pieces] [white, e3] [black, c11] [white, g4] [black, i10] [white, d2] 
49586 info: New: [black, b2] [white, swap-pieces] [white, e3] [black, c11] [white, g4] [black, i10] [white, d2] [black, d4] [white, h2] 
49586 info: MovesPlayed: [black, d4] [white, h2] 
49586 info: No subtree to reuse.
49586 info: StartSearch()[0]
49586 info: 
Elapsed Time   0.359199s
Count          1
GamesPlayed    1
Nodes          1
Knowledge      0 (0.0%)
Expansions     0.0
Time           0.00
GameLen        101.0 dev=0.0 min=101.0 max=101.0
InTree         0.0 dev=0.0 min=0.0 max=0.0
KnowDepth      -
Aborted        0%
Games/s        2924.0
Score          0.00
Sequence      
49586 info: 
49586 warning: **** MoHexSearch returned empty sequence!
49586 warning: **** Returning random move!
49586 info: *** Player move: g10
7fff6 info: DfpnSolver::CheckAbort(): Abort flag!
51596 info: 
MID calls      41
VC builds      40
Terminal       0
Work           41
Wasted Work    0 (0%)
Elapsed Time   0.377722
MIDs/sec       108.545
VCs/sec        105.898
Cnt prune sib  0
Avg prune sib  -
Consider Size  63.675 dev=18.5653 min=17 max=83
Move Index     -
Move Percent   -
Delta Increase 2.65 dev=10.3042 min=1 max=67
Winner         empty
PV             i3 d6 h5

HashTableStatistics:
Stores         510
LookupAttempt  46888
LookupSuccess  2696
Collisions     0

51596 info: Search aborted.
c42f7 info: PlayAndSolve: Building VCs to avoid race condition.
c42f7 info: PlayAndSolve: Continuing on as usual.
51596 info: *** PlayerThread ***
49586 info: *** SolverThread ***
7fff6 config: VCS: reading captured set patterns from '/home/linus/MoHex2.0/nfbranchfix/benzene-vanilla-cmake/share/vc-captured-set.txt'.
7fff6 config: VCS:: parsed 2 patterns.
7fff6 config: VCS: reading captured set patterns from '/home/linus/MoHex2.0/nfbranchfix/benzene-vanilla-cmake/share/vc-captured-set.txt'.
7fff6 config: VCS:: parsed 2 patterns.
7fff6 dfpn: 
7fff6 dfpn: d3
51596 info: Best move cannot be determined, must search state.
51596 info: --- MoHexPlayer::Search() ---
51596 info: Color: black
51596 info: MaxGames: 1
51596 info: NumberThreads: 1
51596 info: MaxNodes: 181818181 (15999999928 bytes)
51596 info: TimeForMove: 1
7fff6 dfpn: j2
7fff6 dfpn: j3
7fff6 dfpn: j4
7fff6 dfpn: i2
7fff6 dfpn: i3
7fff6 dfpn: h4
7fff6 dfpn: i4
7fff6 dfpn: e5
7fff6 dfpn: h5
7fff6 dfpn: g2
7fff6 dfpn: b3
7fff6 dfpn: j5
7fff6 dfpn: e2
7fff6 dfpn: f3
7fff6 dfpn: c6
7fff6 dfpn: f4
7fff6 dfpn: i5
7fff6 dfpn: c3
7fff6 dfpn: e4
7fff6 dfpn: f3
51596 info: PreSearch: max time reached (59/73).
51596 info: Time for PreSearch: 0.202468s
51596 info: 
  98531ccb6deb4d6b
  a  b  c  d  e  f  g  h  i  j  k  
 1\b  b  b  b  .  .  .  .  .  .  .\1
  2\b  B  .  W  *  .  *  W  *  *  *\2
   3\.  *  *  *  W  *  *  *  *  *  *\3
    4\*  .  W  B  *  *  W  *  *  *  *\4
     5\*  *  *  *  *  *  *  *  *  *  *\5
      6\*  *  *  *  *  *  *  *  *  *  *\6
       7\*  *  *  *  *  *  *  *  *  *  *\7
        8\*  *  *  *  *  *  *  *  *  .  .\8
         9\*  *  *  *  *  *  *  .  .  .  .\9
         10\*  *  *  .  .  .  B  b  B  b  b\10
          11\.  .  B  b  b  b  b  b  b  b  b\11
              a  b  c  d  e  f  g  h  i  j  k  
7fff6 dfpn: i3
51596 info: Old: [black, b2] [white, swap-pieces] [white, e3] [black, c11] [white, g4] [black, i10] [white, d2] [black, d4] [white, h2] 
51596 info: New: [black, b2] [white, swap-pieces] [white, e3] [black, c11] [white, g4] [black, i10] [white, d2] [black, d4] [white, h2] [black, g10] [white, c4] 
51596 info: MovesPlayed: [black, g10] [white, c4] 
51596 info: No subtree to reuse.
51596 info: StartSearch()[0]
51596 info: 
Elapsed Time   0.552605s
Count          1
GamesPlayed    1
Nodes          1
Knowledge      0 (0.0%)
Expansions     0.0
Time           0.00
GameLen        95.0 dev=0.0 min=95.0 max=95.0
InTree         0.0 dev=0.0 min=0.0 max=0.0
KnowDepth      -
Aborted        0%
Games/s        4000.0
Score          1.00
Sequence      
51596 info: 
51596 warning: **** MoHexSearch returned empty sequence!
51596 warning: **** Returning random move!
51596 info: *** Player move: c2
7fff6 info: DfpnSolver::CheckAbort(): Abort flag!
49586 info: 
MID calls      59
VC builds      57
Terminal       1
Work           60
Wasted Work    0 (0%)
Elapsed Time   0.573345
MIDs/sec       102.905
VCs/sec        99.4166
Cnt prune sib  0
Avg prune sib  -
Consider Size  58.2143 dev=14.8405 min=12 max=73
Move Index     -
Move Percent   -
Delta Increase 2.64407 dev=8.53261 min=1 max=60
Winner         empty
PV             i3 i5 h5

HashTableStatistics:
Stores         651
LookupAttempt  56415
LookupSuccess  3286
Collisions     0

49586 info: Search aborted.
c42f7 info: PlayAndSolve: Building VCs to avoid race condition.
c42f7 info: PlayAndSolve: Continuing on as usual.
49586 info: *** PlayerThread ***
51596 info: *** SolverThread ***
7fff6 config: VCS: reading captured set patterns from '/home/linus/MoHex2.0/nfbranchfix/benzene-vanilla-cmake/share/vc-captured-set.txt'.
7fff6 config: VCS:: parsed 2 patterns.
7fff6 config: VCS: reading captured set patterns from '/home/linus/MoHex2.0/nfbranchfix/benzene-vanilla-cmake/share/vc-captured-set.txt'.
7fff6 config: VCS:: parsed 2 patterns.
7fff6 dfpn: 
49586 info: Opponent has won; playing most blocking move.
49586 info: *** Player move: b4
51596 info: 
MID calls      0
VC builds      1
Terminal       1
Work           1
Wasted Work    0 (0%)
Elapsed Time   0.024706
MIDs/sec       0
VCs/sec        40.476
Cnt prune sib  0
Avg prune sib  -
Consider Size  -
Move Index     -
Move Percent   -
Delta Increase -
Winner         white
PV             

HashTableStatistics:
Stores         652
LookupAttempt  56421
LookupSuccess  3289
Collisions     0

c42f7 info: PlayAndSolve: Building VCs to avoid race condition.
c42f7 info: PlayAndSolve: Continuing on as usual.
51596 info: *** PlayerThread ***
49586 info: *** SolverThread ***
7fff6 config: VCS: reading captured set patterns from '/home/linus/MoHex2.0/nfbranchfix/benzene-vanilla-cmake/share/vc-captured-set.txt'.
7fff6 config: VCS:: parsed 2 patterns.
7fff6 config: VCS: reading captured set patterns from '/home/linus/MoHex2.0/nfbranchfix/benzene-vanilla-cmake/share/vc-captured-set.txt'.
7fff6 config: VCS:: parsed 2 patterns.
7fff6 dfpn: 
49586 info: 
MID calls      0
VC builds      1
Terminal       1
Work           1
Wasted Work    0 (0%)
Elapsed Time   0.026845
MIDs/sec       0
VCs/sec        37.2509
Cnt prune sib  0
Avg prune sib  -
Consider Size  -
Move Index     -
Move Percent   -
Delta Increase -
Winner         white
PV             

HashTableStatistics:
Stores         653
LookupAttempt  56427
LookupSuccess  3292
Collisions     0

51596 info: Opponent has won; playing most blocking move.
51596 info: *** Player move: k2
c42f7 info: PlayAndSolve: Building VCs to avoid race condition.
c42f7 info: PlayAndSolve: Continuing on as usual.
49586 info: *** PlayerThread ***
51596 info: *** SolverThread ***
7fff6 config: VCS: reading captured set patterns from '/home/linus/MoHex2.0/nfbranchfix/benzene-vanilla-cmake/share/vc-captured-set.txt'.
7fff6 config: VCS:: parsed 2 patterns.
7fff6 config: VCS: reading captured set patterns from '/home/linus/MoHex2.0/nfbranchfix/benzene-vanilla-cmake/share/vc-captured-set.txt'.
7fff6 config: VCS:: parsed 2 patterns.
7fff6 dfpn: 
49586 info: Opponent has won; playing most blocking move.
49586 info: *** Player move: i3
51596 info: 
MID calls      0
VC builds      1
Terminal       1
Work           1
Wasted Work    0 (0%)
Elapsed Time   0.010399
MIDs/sec       0
VCs/sec        96.1631
Cnt prune sib  0
Avg prune sib  -
Consider Size  -
Move Index     -
Move Percent   -
Delta Increase -
Winner         white
PV             

HashTableStatistics:
Stores         654
LookupAttempt  56433
LookupSuccess  3295
Collisions     0

c42f7 info: PlayAndSolve: Building VCs to avoid race condition.
c42f7 info: PlayAndSolve: Continuing on as usual.
51596 info: *** PlayerThread ***
49586 info: *** SolverThread ***
7fff6 config: VCS: reading captured set patterns from '/home/linus/MoHex2.0/nfbranchfix/benzene-vanilla-cmake/share/vc-captured-set.txt'.
7fff6 config: VCS:: parsed 2 patterns.
7fff6 config: VCS: reading captured set patterns from '/home/linus/MoHex2.0/nfbranchfix/benzene-vanilla-cmake/share/vc-captured-set.txt'.
7fff6 config: VCS:: parsed 2 patterns.
7fff6 dfpn: 
51596 info: Opponent has won; playing most blocking move.
51596 info: *** Player move: h4
49586 info: 
MID calls      0
VC builds      1
Terminal       1
Work           1
Wasted Work    0 (0%)
Elapsed Time   0.013741
MIDs/sec       0
VCs/sec        72.7749
Cnt prune sib  0
Avg prune sib  -
Consider Size  -
Move Index     -
Move Percent   -
Delta Increase -
Winner         white
PV             

HashTableStatistics:
Stores         655
LookupAttempt  56439
LookupSuccess  3298
Collisions     0

c42f7 info: PlayAndSolve: Building VCs to avoid race condition.
c42f7 info: PlayAndSolve: Continuing on as usual.
51596 info: *** SolverThread ***
49586 info: *** PlayerThread ***
7fff6 config: VCS: reading captured set patterns from '/home/linus/MoHex2.0/nfbranchfix/benzene-vanilla-cmake/share/vc-captured-set.txt'.
7fff6 config: VCS:: parsed 2 patterns.
7fff6 config: VCS: reading captured set patterns from '/home/linus/MoHex2.0/nfbranchfix/benzene-vanilla-cmake/share/vc-captured-set.txt'.
7fff6 config: VCS:: parsed 2 patterns.
7fff6 dfpn: 
49586 info: Opponent has won; playing most blocking move.
49586 info: *** Player move: b6
51596 info: 
MID calls      0
VC builds      1
Terminal       1
Work           1
Wasted Work    0 (0%)
Elapsed Time   0.013984
MIDs/sec       0
VCs/sec        71.5103
Cnt prune sib  0
Avg prune sib  -
Consider Size  -
Move Index     -
Move Percent   -
Delta Increase -
Winner         white
PV             

HashTableStatistics:
Stores         656
LookupAttempt  56445
LookupSuccess  3301
Collisions     0

c42f7 info: PlayAndSolve: Building VCs to avoid race condition.
c42f7 info: PlayAndSolve: Continuing on as usual.
49586 info: *** SolverThread ***
51596 info: *** PlayerThread ***
7fff6 config: VCS: reading captured set patterns from '/home/linus/MoHex2.0/nfbranchfix/benzene-vanilla-cmake/share/vc-captured-set.txt'.
7fff6 config: VCS:: parsed 2 patterns.
7fff6 config: VCS: reading captured set patterns from '/home/linus/MoHex2.0/nfbranchfix/benzene-vanilla-cmake/share/vc-captured-set.txt'.
7fff6 config: VCS:: parsed 2 patterns.
7fff6 dfpn: 
51596 info: Opponent has won; playing most blocking move.
51596 info: *** Player move: i5
49586 info: 
MID calls      0
VC builds      1
Terminal       1
Work           1
Wasted Work    0 (0%)
Elapsed Time   0.005544
MIDs/sec       0
VCs/sec        180.375
Cnt prune sib  0
Avg prune sib  -
Consider Size  -
Move Index     -
Move Percent   -
Delta Increase -
Winner         white
PV             

HashTableStatistics:
Stores         657
LookupAttempt  56451
LookupSuccess  3304
Collisions     0

c42f7 info: PlayAndSolve: Building VCs to avoid race condition.
c42f7 info: PlayAndSolve: Continuing on as usual.
49586 info: *** PlayerThread ***
51596 info: *** SolverThread ***
7fff6 config: VCS: reading captured set patterns from '/home/linus/MoHex2.0/nfbranchfix/benzene-vanilla-cmake/share/vc-captured-set.txt'.
7fff6 config: VCS:: parsed 2 patterns.
7fff6 config: VCS: reading captured set patterns from '/home/linus/MoHex2.0/nfbranchfix/benzene-vanilla-cmake/share/vc-captured-set.txt'.
7fff6 config: VCS:: parsed 2 patterns.
7fff6 dfpn: 
49586 info: Opponent has won; playing most blocking move.
49586 info: *** Player move: f3
51596 info: 
MID calls      0
VC builds      1
Terminal       1
Work           1
Wasted Work    0 (0%)
Elapsed Time   0.004098
MIDs/sec       0
VCs/sec        244.021
Cnt prune sib  0
Avg prune sib  -
Consider Size  -
Move Index     -
Move Percent   -
Delta Increase -
Winner         white
PV             

HashTableStatistics:
Stores         658
LookupAttempt  56457
LookupSuccess  3307
Collisions     0

c42f7 info: PlayAndSolve: Building VCs to avoid race condition.
c42f7 info: PlayAndSolve: Continuing on as usual.
51596 info: *** PlayerThread ***
49586 info: *** SolverThread ***
7fff6 config: VCS: reading captured set patterns from '/home/linus/MoHex2.0/nfbranchfix/benzene-vanilla-cmake/share/vc-captured-set.txt'.
7fff6 config: VCS:: parsed 2 patterns.
7fff6 config: VCS: reading captured set patterns from '/home/linus/MoHex2.0/nfbranchfix/benzene-vanilla-cmake/share/vc-captured-set.txt'.
7fff6 config: VCS:: parsed 2 patterns.
51596 info: Captured cells caused win! Removing...
7fff6 dfpn: 
49586 info: 
MID calls      0
VC builds      1
Terminal       1
Work           1
Wasted Work    0 (0%)
Elapsed Time   0.003449
MIDs/sec       0
VCs/sec        289.939
Cnt prune sib  0
Avg prune sib  -
Consider Size  -
Move Index     -
Move Percent   -
Delta Increase -
Winner         white
PV             

HashTableStatistics:
Stores         659
LookupAttempt  56463
LookupSuccess  3310
Collisions     0

51596 info: Opponent has won; playing most blocking move.
51596 info: *** Player move: k3
c42f7 info: PlayAndSolve: Building VCs to avoid race condition.
c42f7 info: PlayAndSolve: Continuing on as usual.
49586 info: *** PlayerThread ***
51596 info: *** SolverThread ***
7fff6 config: VCS: reading captured set patterns from '/home/linus/MoHex2.0/nfbranchfix/benzene-vanilla-cmake/share/vc-captured-set.txt'.
7fff6 config: VCS:: parsed 2 patterns.
7fff6 config: VCS: reading captured set patterns from '/home/linus/MoHex2.0/nfbranchfix/benzene-vanilla-cmake/share/vc-captured-set.txt'.
49586 info: Captured cells caused win! Removing...
7fff6 config: VCS:: parsed 2 patterns.
7fff6 dfpn: 
51596 info: 
MID calls      0
VC builds      1
Terminal       1
Work           1
Wasted Work    0 (0%)
Elapsed Time   0.003155
MIDs/sec       0
VCs/sec        316.957
Cnt prune sib  0
Avg prune sib  -
Consider Size  -
Move Index     -
Move Percent   -
Delta Increase -
Winner         white
PV             

HashTableStatistics:
Stores         660
LookupAttempt  56469
LookupSuccess  3313
Collisions     0

49586 info: Opponent has won; playing most blocking move.
49586 info: *** Player move: a6
c42f7 info: PlayAndSolve: Building VCs to avoid race condition.
c42f7 info: PlayAndSolve: Continuing on as usual.
51596 info: *** PlayerThread ***
49586 info: *** SolverThread ***
7fff6 config: VCS: reading captured set patterns from '/home/linus/MoHex2.0/nfbranchfix/benzene-vanilla-cmake/share/vc-captured-set.txt'.
7fff6 config: VCS:: parsed 2 patterns.
7fff6 config: VCS: reading captured set patterns from '/home/linus/MoHex2.0/nfbranchfix/benzene-vanilla-cmake/share/vc-captured-set.txt'.
7fff6 config: VCS:: parsed 2 patterns.
51596 info: Captured cells caused win! Removing...
7fff6 dfpn: 
49586 info: 
MID calls      0
VC builds      1
Terminal       1
Work           1
Wasted Work    0 (0%)
Elapsed Time   0.002608
MIDs/sec       0
VCs/sec        383.436
Cnt prune sib  0
Avg prune sib  -
Consider Size  -
Move Index     -
Move Percent   -
Delta Increase -
Winner         white
PV             

HashTableStatistics:
Stores         661
LookupAttempt  56475
LookupSuccess  3316
Collisions     0

51596 info: Opponent has won; playing most blocking move.
51596 info: *** Player move: h1
c42f7 info: PlayAndSolve: Building VCs to avoid race condition.
c42f7 info: PlayAndSolve: Continuing on as usual.
49586 info: *** PlayerThread ***
51596 info: *** SolverThread ***
7fff6 config: VCS: reading captured set patterns from '/home/linus/MoHex2.0/nfbranchfix/benzene-vanilla-cmake/share/vc-captured-set.txt'.
7fff6 config: VCS:: parsed 2 patterns.
7fff6 config: VCS: reading captured set patterns from '/home/linus/MoHex2.0/nfbranchfix/benzene-vanilla-cmake/share/vc-captured-set.txt'.
7fff6 config: VCS:: parsed 2 patterns.
49586 info: Captured cells caused win! Removing...
7fff6 dfpn: 
51596 info: 
MID calls      0
VC builds      1
Terminal       1
Work           1
Wasted Work    0 (0%)
Elapsed Time   0.00242
MIDs/sec       0
VCs/sec        413.223
Cnt prune sib  0
Avg prune sib  -
Consider Size  -
Move Index     -
Move Percent   -
Delta Increase -
Winner         white
PV             

HashTableStatistics:
Stores         662
LookupAttempt  56481
LookupSuccess  3319
Collisions     0

49586 info: Opponent has won; playing most blocking move.
49586 info: *** Player move: f2
c42f7 info: PlayAndSolve: Building VCs to avoid race condition.
c42f7 info: PlayAndSolve: Continuing on as usual.
51596 info: *** PlayerThread ***
49586 info: *** SolverThread ***
7fff6 config: VCS: reading captured set patterns from '/home/linus/MoHex2.0/nfbranchfix/benzene-vanilla-cmake/share/vc-captured-set.txt'.
7fff6 config: VCS:: parsed 2 patterns.
7fff6 config: VCS: reading captured set patterns from '/home/linus/MoHex2.0/nfbranchfix/benzene-vanilla-cmake/share/vc-captured-set.txt'.
7fff6 config: VCS:: parsed 2 patterns.
51596 info: Captured cells caused win! Removing...
7fff6 dfpn: 
49586 info: 
MID calls      0
VC builds      1
Terminal       1
Work           1
Wasted Work    0 (0%)
Elapsed Time   0.00243
MIDs/sec       0
VCs/sec        411.523
Cnt prune sib  0
Avg prune sib  -
Consider Size  -
Move Index     -
Move Percent   -
Delta Increase -
Winner         white
PV             

HashTableStatistics:
Stores         663
LookupAttempt  56487
LookupSuccess  3322
Collisions     0

51596 info: Opponent has won; playing most blocking move.
51596 info: *** Player move: e1
c42f7 config: ============ BenzeneShutdown =============
c42f7 config: MoHexProgram:: ShutdownSystem()
c42f7 config: CommonProgram:: ShutdownSystem()
c42f7 config: BenzeneProgram:: ShutdownSystem()
Flushing and closing this stream...
