fbca7 config: MoHex v2.0.CMake Mar 21 2025.
fbca7 config: ============ InitializeSystem ============
fbca7 config: BenzeneProgram::InitRandom()
fbca7 config: Seed = 73119
fbca7 info: Prior Patterns:
fbca7 info: Global:
fbca7 info: Size            = 565 32648 
fbca7 info: TableEntries    = 65932 65910
fbca7 info: MirrorsAdded    = 0 0
fbca7 info: PrunableCount   = 30593 30629
fbca7 info: LargestGamma    = 5820.77
fbca7 info: SmallestGamma   = 6.6e-05
fbca7 info: Local:
fbca7 info: Size            = 550 5318 
fbca7 info: TableEntries    = 11602 11588
fbca7 info: MirrorsAdded    = 0 0
fbca7 info: PrunableCount   = 3659 3667
fbca7 info: LargestGamma    = 11281.8
fbca7 info: SmallestGamma   = 0.026235
fbca7 info: Playout Patterns:
fbca7 info: Global:
fbca7 info: Size            = 565 32648 
fbca7 info: TableEntries    = 70329 70329
fbca7 info: MirrorsAdded    = 4397 4419
fbca7 info: PrunableCount   = 30593 30629
fbca7 info: LargestGamma    = 5820.77
fbca7 info: SmallestGamma   = 6.6e-05
fbca7 info: Local:
fbca7 info: Size            = 550 5318 
fbca7 info: TableEntries    = 11602 11588
fbca7 info: MirrorsAdded    = 0 0
fbca7 info: PrunableCount   = 3659 3667
fbca7 info: LargestGamma    = 11281.8
fbca7 info: SmallestGamma   = 0.026235
fbca7 config: IcePatternSet: reading from '/home/linus/MoHex2.0/nfbranchfix/benzene-vanilla-cmake/share/ice-patterns.txt'.
fbca7 config: IcePatternSet: parsed 708 patterns.
fbca7 config: VCS: reading captured set patterns from '/home/linus/MoHex2.0/nfbranchfix/benzene-vanilla-cmake/share/vc-captured-set.txt'.
fbca7 config: VCS:: parsed 2 patterns.
fbca7 config: VCS: reading captured set patterns from '/home/linus/MoHex2.0/nfbranchfix/benzene-vanilla-cmake/share/vc-captured-set.txt'.
fbca7 config: VCS:: parsed 2 patterns.
fbca7 config: IcePatternSet: reading from '/home/linus/MoHex2.0/nfbranchfix/benzene-vanilla-cmake/share/ice-patterns.txt'.
fbca7 config: IcePatternSet: parsed 708 patterns.
fbca7 config: VCS: reading captured set patterns from '/home/linus/MoHex2.0/nfbranchfix/benzene-vanilla-cmake/share/vc-captured-set.txt'.
fbca7 config: VCS:: parsed 2 patterns.
fbca7 config: VCS: reading captured set patterns from '/home/linus/MoHex2.0/nfbranchfix/benzene-vanilla-cmake/share/vc-captured-set.txt'.
fbca7 config: VCS:: parsed 2 patterns.
fbca7 config: VCS: reading captured set patterns from '/home/linus/MoHex2.0/nfbranchfix/benzene-vanilla-cmake/share/vc-captured-set.txt'.
fbca7 config: VCS:: parsed 2 patterns.
fbca7 config: VCS: reading captured set patterns from '/home/linus/MoHex2.0/nfbranchfix/benzene-vanilla-cmake/share/vc-captured-set.txt'.
fbca7 config: VCS:: parsed 2 patterns.
fbca7 config: VCS: reading captured set patterns from '/home/linus/MoHex2.0/nfbranchfix/benzene-vanilla-cmake/share/vc-captured-set.txt'.
fbca7 config: VCS:: parsed 2 patterns.
fbca7 config: VCS: reading captured set patterns from '/home/linus/MoHex2.0/nfbranchfix/benzene-vanilla-cmake/share/vc-captured-set.txt'.
fbca7 config: VCS:: parsed 2 patterns.
fbca7 info: SwapCheck: reading from '/home/linus/MoHex2.0/nfbranchfix/benzene-vanilla-cmake/share/swap-moves.txt'.
fbca7 info: SwapCheck: playing swap.
fbca7 info: PlayAndSolve: Building VCs to avoid race condition.
fbca7 config: VCPattern: loading pattern templates from '/home/linus/MoHex2.0/nfbranchfix/benzene-vanilla-cmake/share/vc-patterns.txt'.
fbca7 info: PlayAndSolve: Continuing on as usual.
88f46 info: *** PlayerThread ***
3fff6 info: *** SolverThread ***
37fe6 config: VCS: reading captured set patterns from '/home/linus/MoHex2.0/nfbranchfix/benzene-vanilla-cmake/share/vc-captured-set.txt'.
37fe6 config: VCS:: parsed 2 patterns.
37fe6 config: VCS: reading captured set patterns from '/home/linus/MoHex2.0/nfbranchfix/benzene-vanilla-cmake/share/vc-captured-set.txt'.
37fe6 config: VCS:: parsed 2 patterns.
37fe6 dfpn: 
88f46 info: Best move cannot be determined, must search state.
88f46 info: --- MoHexPlayer::Search() ---
88f46 info: Color: black
88f46 info: MaxGames: 1
88f46 info: NumberThreads: 1
88f46 info: MaxNodes: 181818181 (15999999928 bytes)
88f46 info: TimeForMove: 1
37fe6 dfpn: d8
37fe6 dfpn: c9
37fe6 dfpn: b10
37fe6 dfpn: d9
37fe6 dfpn: e8
37fe6 dfpn: d10
37fe6 dfpn: h8
37fe6 dfpn: c10
37fe6 dfpn: e9
37fe6 dfpn: c8
37fe6 dfpn: d7
37fe6 dfpn: e7
37fe6 dfpn: h4
37fe6 dfpn: b9
37fe6 dfpn: g5
37fe6 dfpn: e6
37fe6 dfpn: i3
37fe6 dfpn: b8
37fe6 dfpn: f5
37fe6 dfpn: g4
37fe6 dfpn: d6
37fe6 dfpn: f6
37fe6 dfpn: e5
37fe6 dfpn: j2
37fe6 dfpn: d10
88f46 info: PreSearch: max time reached (58/90).
88f46 info: Time for PreSearch: 0.202917s
88f46 info: 
  7ff445549ffc01e7
  a  b  c  d  e  f  g  h  i  j  k  
 1\b  b  b  .  .  .  .  .  .  .  .\1
  2\B  .  *  *  *  *  *  *  *  *  *\2
   3\.  *  *  *  *  *  *  *  *  *  *\3
    4\*  *  *  *  *  *  *  *  *  *  *\4
     5\*  *  *  *  *  *  *  *  *  *  *\5
      6\*  *  *  *  *  *  *  *  *  *  *\6
       7\*  *  *  *  *  *  *  *  *  *  *\7
        8\*  *  *  *  *  *  *  *  *  *  *\8
         9\*  *  *  *  *  W  *  *  *  *  .\9
         10\*  *  *  *  .  .  *  *  *  .  .\10
          11\.  .  .  .  .  .  .  .  .  .  .\11
              a  b  c  d  e  f  g  h  i  j  k  
88f46 info: No subtree to reuse.
37fe6 dfpn: c10
88f46 info: Creating thread 0
88f46 info: StartSearch()[0]
88f46 config: VCS: reading captured set patterns from '/home/linus/MoHex2.0/nfbranchfix/benzene-vanilla-cmake/share/vc-captured-set.txt'.
88f46 config: VCS:: parsed 2 patterns.
88f46 config: VCS: reading captured set patterns from '/home/linus/MoHex2.0/nfbranchfix/benzene-vanilla-cmake/share/vc-captured-set.txt'.
88f46 config: VCS:: parsed 2 patterns.
88f46 info: 
Elapsed Time   0.508422s
Count          1
GamesPlayed    1
Nodes          1
Knowledge      0 (0.0%)
Expansions     0.0
Time           0.00
GameLen        116.0 dev=0.0 min=116.0 max=116.0
InTree         0.0 dev=0.0 min=0.0 max=0.0
KnowDepth      -
Aborted        0%
Games/s        422.8
Score          1.00
Sequence      
88f46 info: 
88f46 warning: **** MoHexSearch returned empty sequence!
88f46 warning: **** Returning random move!
88f46 info: *** Player move: e2
37fe6 info: DfpnSolver::CheckAbort(): Abort flag!
3fff6 info: 
MID calls      76
VC builds      73
Terminal       0
Work           76
Wasted Work    0 (0%)
Elapsed Time   0.521978
MIDs/sec       145.6
VCs/sec        139.853
Cnt prune sib  0
Avg prune sib  -
Consider Size  84.0685 dev=5.5129 min=73 max=90
Move Index     -
Move Percent   -
Delta Increase 3.2 dev=12.6407 min=1 max=81
Winner         empty
PV             c10 d7 e8

HashTableStatistics:
Stores         177
LookupAttempt  15277
LookupSuccess  806
Collisions     0

3fff6 info: Search aborted.
fbca7 info: PlayAndSolve: Building VCs to avoid race condition.
fbca7 info: PlayAndSolve: Continuing on as usual.
3fff6 info: *** PlayerThread ***
88f46 info: *** SolverThread ***
37fe6 config: VCS: reading captured set patterns from '/home/linus/MoHex2.0/nfbranchfix/benzene-vanilla-cmake/share/vc-captured-set.txt'.
37fe6 config: VCS:: parsed 2 patterns.
37fe6 config: VCS: reading captured set patterns from '/home/linus/MoHex2.0/nfbranchfix/benzene-vanilla-cmake/share/vc-captured-set.txt'.
37fe6 config: VCS:: parsed 2 patterns.
37fe6 dfpn: 
37fe6 dfpn: g4
3fff6 info: Best move cannot be determined, must search state.
3fff6 info: --- MoHexPlayer::Search() ---
3fff6 info: Color: black
3fff6 info: MaxGames: 1
3fff6 info: NumberThreads: 1
3fff6 info: MaxNodes: 181818181 (15999999928 bytes)
3fff6 info: TimeForMove: 1
37fe6 dfpn: g5
37fe6 dfpn: h4
37fe6 dfpn: e8
37fe6 dfpn: f5
37fe6 dfpn: h8
37fe6 dfpn: f6
37fe6 dfpn: c9
37fe6 dfpn: d8
37fe6 dfpn: b10
37fe6 dfpn: d9
37fe6 dfpn: i3
37fe6 dfpn: d10
37fe6 dfpn: c6
37fe6 dfpn: d5
37fe6 dfpn: b8
37fe6 dfpn: h5
37fe6 dfpn: e9
37fe6 dfpn: h3
37fe6 dfpn: b7
37fe6 dfpn: j2
37fe6 dfpn: d10
3fff6 info: PreSearch: max time reached (68/80).
3fff6 info: Time for PreSearch: 0.201818s
3fff6 info: 
  859b19d5c53595e6
  a  b  c  d  e  f  g  h  i  j  k  
 1\b  b  b  b  b  b  b  .  .  .  .\1
  2\B  b  b  b  B  .  .  *  *  *  *\2
   3\.  .  .  .  *  *  *  *  *  *  *\3
    4\.  .  *  *  *  *  *  *  *  *  *\4
     5\*  *  *  *  W  *  *  *  *  *  *\5
      6\*  *  *  *  *  *  *  *  *  *  *\6
       7\*  *  *  *  *  *  *  *  *  *  *\7
        8\*  *  *  *  *  *  *  *  *  *  *\8
         9\*  *  *  *  *  W  *  *  *  *  .\9
         10\*  *  *  *  .  .  *  *  *  .  .\10
          11\.  .  .  .  .  .  .  .  .  .  .\11
              a  b  c  d  e  f  g  h  i  j  k  
3fff6 info: Old: [black, a2] [white, swap-pieces] [white, f9] 
3fff6 info: New: [black, a2] [white, swap-pieces] [white, f9] [black, e2] [white, e5] 
3fff6 info: MovesPlayed: [black, e2] [white, e5] 
3fff6 info: No subtree to reuse.
3fff6 info: StartSearch()[0]
3fff6 info: 
Elapsed Time   0.34898s
Count          1
GamesPlayed    1
Nodes          1
Knowledge      0 (0.0%)
Expansions     0.0
Time           0.00
GameLen        107.0 dev=0.0 min=107.0 max=107.0
InTree         0.0 dev=0.0 min=0.0 max=0.0
KnowDepth      -
Aborted        0%
Games/s        3311.3
Score          0.00
Sequence      
3fff6 info: 
3fff6 warning: **** MoHexSearch returned empty sequence!
3fff6 warning: **** Returning random move!
3fff6 info: *** Player move: k4
37fe6 info: DfpnSolver::CheckAbort(): Abort flag!
88f46 info: 
MID calls      56
VC builds      54
Terminal       0
Work           56
Wasted Work    0 (0%)
Elapsed Time   0.364097
MIDs/sec       153.805
VCs/sec        148.312
Cnt prune sib  0
Avg prune sib  -
Consider Size  74.037 dev=5.90972 min=62 max=80
Move Index     -
Move Percent   -
Delta Increase 3.63636 dev=12.8181 min=1 max=70
Winner         empty
PV             d10 b8 e7 f5

HashTableStatistics:
Stores         309
LookupAttempt  26133
LookupSuccess  1394
Collisions     0

88f46 info: Search aborted.
fbca7 info: PlayAndSolve: Building VCs to avoid race condition.
fbca7 info: PlayAndSolve: Continuing on as usual.
88f46 info: *** PlayerThread ***
3fff6 info: *** SolverThread ***
37fe6 config: VCS: reading captured set patterns from '/home/linus/MoHex2.0/nfbranchfix/benzene-vanilla-cmake/share/vc-captured-set.txt'.
37fe6 config: VCS:: parsed 2 patterns.
37fe6 config: VCS: reading captured set patterns from '/home/linus/MoHex2.0/nfbranchfix/benzene-vanilla-cmake/share/vc-captured-set.txt'.
37fe6 config: VCS:: parsed 2 patterns.
37fe6 dfpn: 
88f46 info: Best move cannot be determined, must search state.
88f46 info: --- MoHexPlayer::Search() ---
88f46 info: Color: black
88f46 info: MaxGames: 1
88f46 info: NumberThreads: 1
88f46 info: MaxNodes: 181818181 (15999999928 bytes)
88f46 info: TimeForMove: 1
37fe6 dfpn: g4
37fe6 dfpn: g3
37fe6 dfpn: h8
37fe6 dfpn: c6
37fe6 dfpn: d5
37fe6 dfpn: b10
37fe6 dfpn: c9
37fe6 dfpn: e8
37fe6 dfpn: f5
37fe6 dfpn: b8
37fe6 dfpn: h2
37fe6 dfpn: d8
37fe6 dfpn: h3
37fe6 dfpn: d9
37fe6 dfpn: d10
37fe6 dfpn: b7
37fe6 dfpn: k1
37fe6 dfpn: b6
37fe6 dfpn: d6
37fe6 dfpn: f4
37fe6 dfpn: j3
37fe6 dfpn: d10
88f46 info: PreSearch: max time reached (73/80).
88f46 info: Time for PreSearch: 0.201903s
88f46 info: 
  00107c81dac88266
  a  b  c  d  e  f  g  h  i  j  k  
 1\b  b  b  b  b  b  b  .  .  W  *\1
  2\B  b  b  b  B  .  .  *  *  *  *\2
   3\.  .  .  .  *  *  *  *  *  *  *\3
    4\.  .  *  *  *  *  *  *  *  *  B\4
     5\*  *  *  *  W  *  *  *  *  *  *\5
      6\*  *  *  *  *  *  *  *  *  *  *\6
       7\*  *  *  *  *  *  *  *  *  *  *\7
        8\*  *  *  *  *  *  *  *  *  *  *\8
         9\*  *  *  *  *  W  *  *  *  *  .\9
         10\*  *  *  *  .  .  *  *  *  .  .\10
          11\.  .  .  .  .  .  .  .  .  .  .\11
              a  b  c  d  e  f  g  h  i  j  k  
88f46 info: Old: [black, a2] [white, swap-pieces] [white, f9] [black, e2] [white, e5] 
88f46 info: New: [black, a2] [white, swap-pieces] [white, f9] [black, e2] [white, e5] [black, k4] [white, j1] 
88f46 info: MovesPlayed: [black, k4] [white, j1] 
88f46 info: No subtree to reuse.
37fe6 dfpn: b10
88f46 info: StartSearch()[0]
88f46 info: 
Elapsed Time   0.349674s
Count          1
GamesPlayed    1
Nodes          1
Knowledge      0 (0.0%)
Expansions     0.0
Time           0.00
GameLen        105.0 dev=0.0 min=105.0 max=105.0
InTree         0.0 dev=0.0 min=0.0 max=0.0
KnowDepth      -
Aborted        0%
Games/s        3623.2
Score          0.00
Sequence      
88f46 info: 
88f46 warning: **** MoHexSearch returned empty sequence!
88f46 warning: **** Returning random move!
88f46 info: *** Player move: j4
37fe6 info: DfpnSolver::CheckAbort(): Abort flag!
3fff6 info: 
MID calls      73
VC builds      70
Terminal       0
Work           73
Wasted Work    0 (0%)
Elapsed Time   0.362736
MIDs/sec       201.248
VCs/sec        192.978
Cnt prune sib  2
Avg prune sib  1 dev=0 min=1 max=1
Consider Size  71.9857 dev=6.21404 min=61 max=80
Move Index     -
Move Percent   -
Delta Increase 3.04167 dev=11.0132 min=1 max=68
Winner         empty
PV             b10 d8 b9

HashTableStatistics:
Stores         477
LookupAttempt  38364
LookupSuccess  2044
Collisions     0

3fff6 info: Search aborted.
fbca7 info: PlayAndSolve: Building VCs to avoid race condition.
fbca7 info: PlayAndSolve: Continuing on as usual.
3fff6 info: *** PlayerThread ***
88f46 info: *** SolverThread ***
37fe6 config: VCS: reading captured set patterns from '/home/linus/MoHex2.0/nfbranchfix/benzene-vanilla-cmake/share/vc-captured-set.txt'.
37fe6 config: VCS:: parsed 2 patterns.
37fe6 config: VCS: reading captured set patterns from '/home/linus/MoHex2.0/nfbranchfix/benzene-vanilla-cmake/share/vc-captured-set.txt'.
37fe6 config: VCS:: parsed 2 patterns.
37fe6 dfpn: 
3fff6 info: Best move cannot be determined, must search state.
3fff6 info: --- MoHexPlayer::Search() ---
3fff6 info: Color: black
3fff6 info: MaxGames: 1
3fff6 info: NumberThreads: 1
3fff6 info: MaxNodes: 181818181 (15999999928 bytes)
3fff6 info: TimeForMove: 1
37fe6 dfpn: j6
37fe6 dfpn: g4
37fe6 dfpn: e8
37fe6 dfpn: d8
37fe6 dfpn: c9
37fe6 dfpn: b10
37fe6 dfpn: c6
37fe6 dfpn: d9
37fe6 dfpn: b8
37fe6 dfpn: d5
37fe6 dfpn: d10
37fe6 dfpn: g3
37fe6 dfpn: f6
37fe6 dfpn: f5
37fe6 dfpn: b7
37fe6 dfpn: b6
37fe6 dfpn: i7
37fe6 dfpn: e9
37fe6 dfpn: d7
37fe6 dfpn: d6
37fe6 dfpn: d10
3fff6 info: PreSearch: max time reached (72/75).
3fff6 info: Time for PreSearch: 0.200746s
3fff6 info: 
  8f92d509cdb9d548
  a  b  c  d  e  f  g  h  i  j  k  
 1\b  b  b  b  b  b  b  .  .  W  *\1
  2\B  b  b  b  B  .  .  *  *  *  *\2
   3\.  .  .  .  *  *  *  *  *  *  .\3
    4\.  .  *  *  *  *  *  *  *  B  B\4
     5\*  *  *  *  W  *  *  *  *  .  .\5
      6\*  *  *  *  *  *  *  *  *  *  *\6
       7\*  *  *  *  *  *  *  W  *  *  *\7
        8\*  *  *  *  *  *  *  *  *  *  *\8
         9\*  *  *  *  *  W  *  *  *  *  .\9
         10\*  *  *  *  .  .  *  *  *  .  .\10
          11\.  .  .  .  .  .  .  .  .  .  .\11
              a  b  c  d  e  f  g  h  i  j  k  
3fff6 info: Old: [black, a2] [white, swap-pieces] [white, f9] [black, e2] [white, e5] [black, k4] [white, j1] 
3fff6 info: New: [black, a2] [white, swap-pieces] [white, f9] [black, e2] [white, e5] [black, k4] [white, j1] [black, j4] [white, h7] 
3fff6 info: MovesPlayed: [black, j4] [white, h7] 
3fff6 info: No subtree to reuse.
37fe6 dfpn: b10
3fff6 info: StartSearch()[0]
3fff6 info: 
Elapsed Time   0.357638s
Count          1
GamesPlayed    1
Nodes          1
Knowledge      0 (0.0%)
Expansions     0.0
Time           0.00
GameLen        103.0 dev=0.0 min=103.0 max=103.0
InTree         0.0 dev=0.0 min=0.0 max=0.0
KnowDepth      -
Aborted        0%
Games/s        2762.4
Score          0.00
Sequence      
3fff6 info: 
3fff6 warning: **** MoHexSearch returned empty sequence!
3fff6 warning: **** Returning random move!
3fff6 info: *** Player move: h3
37fe6 info: DfpnSolver::CheckAbort(): Abort flag!
88f46 info: 
MID calls      63
VC builds      60
Terminal       0
Work           63
Wasted Work    0 (0%)
Elapsed Time   0.37118
MIDs/sec       169.729
VCs/sec        161.647
Cnt prune sib  1
Avg prune sib  1 dev=0 min=1 max=1
Consider Size  68.4667 dev=6.0565 min=58 max=75
Move Index     -
Move Percent   -
Delta Increase 3.25806 dev=11.222 min=1 max=66
Winner         empty
PV             b10 d5 g4

HashTableStatistics:
Stores         624
LookupAttempt  48968
LookupSuccess  2637
Collisions     0

88f46 info: Search aborted.
fbca7 info: PlayAndSolve: Building VCs to avoid race condition.
fbca7 info: PlayAndSolve: Continuing on as usual.
88f46 info: *** PlayerThread ***
3fff6 info: *** SolverThread ***
37fe6 config: VCS: reading captured set patterns from '/home/linus/MoHex2.0/nfbranchfix/benzene-vanilla-cmake/share/vc-captured-set.txt'.
37fe6 config: VCS:: parsed 2 patterns.
37fe6 config: VCS: reading captured set patterns from '/home/linus/MoHex2.0/nfbranchfix/benzene-vanilla-cmake/share/vc-captured-set.txt'.
37fe6 config: VCS:: parsed 2 patterns.
37fe6 dfpn: 
88f46 info: Best move cannot be determined, must search state.
88f46 info: --- MoHexPlayer::Search() ---
88f46 info: Color: black
88f46 info: MaxGames: 1
88f46 info: NumberThreads: 1
88f46 info: MaxNodes: 181818181 (15999999928 bytes)
88f46 info: TimeForMove: 1
37fe6 dfpn: j6
37fe6 dfpn: e8
37fe6 dfpn: f6
37fe6 dfpn: b10
37fe6 dfpn: d9
37fe6 dfpn: d10
37fe6 dfpn: c9
37fe6 dfpn: d8
37fe6 dfpn: g5
37fe6 dfpn: j8
37fe6 dfpn: c10
37fe6 dfpn: j7
37fe6 dfpn: e9
37fe6 dfpn: i7
37fe6 dfpn: b8
37fe6 dfpn: e7
37fe6 dfpn: g6
37fe6 dfpn: f7
37fe6 dfpn: d7
37fe6 dfpn: f5
37fe6 dfpn: c10
88f46 info: PreSearch: max time reached (69/73).
88f46 info: Time for PreSearch: 0.200272s
88f46 info: 
  4b05b7ed731b76e5
  a  b  c  d  e  f  g  h  i  j  k  
 1\b  b  b  b  b  b  b  .  .  W  *\1
  2\B  b  b  b  B  .  .  .  *  *  *\2
   3\.  .  .  .  *  *  *  B  *  *  .\3
    4\.  .  *  *  *  *  *  *  *  B  B\4
     5\*  *  *  *  W  *  *  *  *  .  .\5
      6\*  *  *  *  *  *  *  *  *  *  *\6
       7\*  *  *  *  *  *  *  W  *  *  *\7
        8\*  *  *  *  *  *  *  *  *  *  *\8
         9\*  *  *  *  *  W  *  *  *  *  .\9
         10\*  *  *  *  .  *  *  *  *  .  .\10
          11\.  .  .  .  .  W  .  .  .  .  .\11
              a  b  c  d  e  f  g  h  i  j  k  
88f46 info: Old: [black, a2] [white, swap-pieces] [white, f9] [black, e2] [white, e5] [black, k4] [white, j1] [black, j4] [white, h7] 
88f46 info: New: [black, a2] [white, swap-pieces] [white, f9] [black, e2] [white, e5] [black, k4] [white, j1] [black, j4] [white, h7] [black, h3] [white, f11] 
88f46 info: MovesPlayed: [black, h3] [white, f11] 
88f46 info: No subtree to reuse.
88f46 info: StartSearch()[0]
88f46 info: 
Elapsed Time   0.352689s
Count          1
GamesPlayed    1
Nodes          1
Knowledge      0 (0.0%)
Expansions     0.0
Time           0.00
GameLen        101.0 dev=0.0 min=101.0 max=101.0
InTree         0.0 dev=0.0 min=0.0 max=0.0
KnowDepth      -
Aborted        0%
Games/s        3521.1
Score          0.00
Sequence      
88f46 info: 
88f46 warning: **** MoHexSearch returned empty sequence!
88f46 warning: **** Returning random move!
88f46 info: *** Player move: f6
37fe6 info: DfpnSolver::CheckAbort(): Abort flag!
3fff6 info: 
MID calls      50
VC builds      48
Terminal       0
Work           50
Wasted Work    0 (0%)
Elapsed Time   0.363487
MIDs/sec       137.557
VCs/sec        132.054
Cnt prune sib  0
Avg prune sib  -
Consider Size  67.2708 dev=4.31912 min=57 max=73
Move Index     -
Move Percent   -
Delta Increase 3.65306 dev=12.3595 min=1 max=65
Winner         empty
PV             c10 b8 f7 e8

HashTableStatistics:
Stores         743
LookupAttempt  58164
LookupSuccess  3174
Collisions     0

3fff6 info: Search aborted.
fbca7 info: PlayAndSolve: Building VCs to avoid race condition.
fbca7 info: PlayAndSolve: Continuing on as usual.
3fff6 info: *** PlayerThread ***
88f46 info: *** SolverThread ***
37fe6 config: VCS: reading captured set patterns from '/home/linus/MoHex2.0/nfbranchfix/benzene-vanilla-cmake/share/vc-captured-set.txt'.
37fe6 config: VCS:: parsed 2 patterns.
37fe6 config: VCS: reading captured set patterns from '/home/linus/MoHex2.0/nfbranchfix/benzene-vanilla-cmake/share/vc-captured-set.txt'.
37fe6 config: VCS:: parsed 2 patterns.
37fe6 dfpn: 
3fff6 info: Best move cannot be determined, must search state.
3fff6 info: --- MoHexPlayer::Search() ---
3fff6 info: Color: black
3fff6 info: MaxGames: 1
3fff6 info: NumberThreads: 1
3fff6 info: MaxNodes: 181818181 (15999999928 bytes)
3fff6 info: TimeForMove: 1
37fe6 dfpn: e8
37fe6 dfpn: d9
37fe6 dfpn: d10
37fe6 dfpn: g4
37fe6 dfpn: d8
37fe6 dfpn: c9
37fe6 dfpn: b10
37fe6 dfpn: g5
37fe6 dfpn: c10
37fe6 dfpn: e9
37fe6 dfpn: j6
37fe6 dfpn: e7
37fe6 dfpn: f5
37fe6 dfpn: d7
37fe6 dfpn: f7
37fe6 dfpn: b8
37fe6 dfpn: f8
37fe6 dfpn: b9
37fe6 dfpn: c8
37fe6 dfpn: c10
3fff6 info: PreSearch: max time reached (55/71).
3fff6 info: Time for PreSearch: 0.202708s
3fff6 info: 
  a4470b3dac04dd0f
  a  b  c  d  e  f  g  h  i  j  k  
 1\b  b  b  b  b  b  b  .  .  W  *\1
  2\B  b  b  b  B  .  .  .  *  *  *\2
   3\.  .  .  .  *  *  *  B  *  *  .\3
    4\.  .  *  *  *  *  *  *  *  B  B\4
     5\*  *  *  *  W  *  *  *  *  .  .\5
      6\*  *  *  *  *  B  *  *  W  *  *\6
       7\*  *  *  *  *  *  *  W  *  *  *\7
        8\*  *  *  *  *  *  *  *  *  *  *\8
         9\*  *  *  *  *  W  *  *  *  *  .\9
         10\*  *  *  *  .  *  *  *  *  .  .\10
          11\.  .  .  .  .  W  .  .  .  .  .\11
              a  b  c  d  e  f  g  h  i  j  k  
37fe6 dfpn: d10
3fff6 info: Old: [black, a2] [white, swap-pieces] [white, f9] [black, e2] [white, e5] [black, k4] [white, j1] [black, j4] [white, h7] [black, h3] [white, f11] 
3fff6 info: New: [black, a2] [white, swap-pieces] [white, f9] [black, e2] [white, e5] [black, k4] [white, j1] [black, j4] [white, h7] [black, h3] [white, f11] [black, f6] [white, i6] 
3fff6 info: MovesPlayed: [black, f6] [white, i6] 
3fff6 info: No subtree to reuse.
3fff6 info: StartSearch()[0]
3fff6 info: 
Elapsed Time   0.572422s
Count          1
GamesPlayed    1
Nodes          1
Knowledge      0 (0.0%)
Expansions     0.0
Time           0.00
GameLen        99.0 dev=0.0 min=99.0 max=99.0
InTree         0.0 dev=0.0 min=0.0 max=0.0
KnowDepth      -
Aborted        0%
Games/s        3802.3
Score          1.00
Sequence      
3fff6 info: 
3fff6 warning: **** MoHexSearch returned empty sequence!
3fff6 warning: **** Returning random move!
3fff6 info: *** Player move: i4
37fe6 info: DfpnSolver::CheckAbort(): Abort flag!
88f46 info: 
MID calls      77
VC builds      73
Terminal       0
Work           77
Wasted Work    0 (0%)
Elapsed Time   0.588149
MIDs/sec       130.919
VCs/sec        124.118
Cnt prune sib  2
Avg prune sib  2 dev=0 min=2 max=2
Consider Size  56.8082 dev=17.719 min=8 max=71
Move Index     -
Move Percent   -
Delta Increase 3.46053 dev=11.6104 min=1 max=62
Winner         empty
PV             d10 j6 g5 e8

HashTableStatistics:
Stores         916
LookupAttempt  68284
LookupSuccess  3737
Collisions     0

88f46 info: Search aborted.
fbca7 info: PlayAndSolve: Building VCs to avoid race condition.
fbca7 info: PlayAndSolve: Continuing on as usual.
88f46 info: *** PlayerThread ***
3fff6 info: *** SolverThread ***
37fe6 config: VCS: reading captured set patterns from '/home/linus/MoHex2.0/nfbranchfix/benzene-vanilla-cmake/share/vc-captured-set.txt'.
37fe6 config: VCS:: parsed 2 patterns.
37fe6 config: VCS: reading captured set patterns from '/home/linus/MoHex2.0/nfbranchfix/benzene-vanilla-cmake/share/vc-captured-set.txt'.
37fe6 config: VCS:: parsed 2 patterns.
37fe6 dfpn: 
37fe6 dfpn: e8
88f46 info: Best move cannot be determined, must search state.
88f46 info: --- MoHexPlayer::Search() ---
88f46 info: Color: black
88f46 info: MaxGames: 1
88f46 info: NumberThreads: 1
88f46 info: MaxNodes: 181818181 (15999999928 bytes)
88f46 info: TimeForMove: 1
37fe6 dfpn: d9
37fe6 dfpn: d10
37fe6 dfpn: d8
37fe6 dfpn: c9
37fe6 dfpn: b10
37fe6 dfpn: c10
37fe6 dfpn: e9
37fe6 dfpn: e7
37fe6 dfpn: d7
37fe6 dfpn: f7
37fe6 dfpn: g4
37fe6 dfpn: b9
37fe6 dfpn: b8
37fe6 dfpn: h5
37fe6 dfpn: g5
37fe6 dfpn: c8
88f46 info: PreSearch: max time reached (46/66).
88f46 info: Time for PreSearch: 0.200251s
37fe6 dfpn: j6
37fe6 dfpn: e8
88f46 info: 
  253e5b3c4591caa8
  a  b  c  d  e  f  g  h  i  j  k  
 1\b  b  b  b  b  b  b  .  .  W  *\1
  2\B  b  b  b  B  .  .  .  *  *  *\2
   3\.  .  .  .  *  *  *  B  *  .  .\3
    4\.  .  *  *  *  *  *  *  B  B  B\4
     5\*  *  *  *  W  *  *  *  .  .  .\5
      6\*  *  *  *  *  B  *  *  W  *  *\6
       7\*  *  *  *  *  *  *  W  .  *  *\7
        8\*  *  *  *  *  *  *  *  W  *  *\8
         9\*  *  *  *  *  W  *  *  *  *  .\9
         10\*  *  *  *  .  *  *  *  *  .  .\10
          11\.  .  .  .  .  W  .  .  .  .  .\11
              a  b  c  d  e  f  g  h  i  j  k  
88f46 info: Old: [black, a2] [white, swap-pieces] [white, f9] [black, e2] [white, e5] [black, k4] [white, j1] [black, j4] [white, h7] [black, h3] [white, f11] [black, f6] [white, i6] 
88f46 info: New: [black, a2] [white, swap-pieces] [white, f9] [black, e2] [white, e5] [black, k4] [white, j1] [black, j4] [white, h7] [black, h3] [white, f11] [black, f6] [white, i6] [black, i4] [white, i8] 
88f46 info: MovesPlayed: [black, i4] [white, i8] 
88f46 info: No subtree to reuse.
88f46 info: StartSearch()[0]
88f46 info: 
Elapsed Time   0.350562s
Count          1
GamesPlayed    1
Nodes          1
Knowledge      0 (0.0%)
Expansions     0.0
Time           0.00
GameLen        97.0 dev=0.0 min=97.0 max=97.0
InTree         0.0 dev=0.0 min=0.0 max=0.0
KnowDepth      -
Aborted        0%
Games/s        3831.4
Score          1.00
Sequence      
88f46 info: 
88f46 warning: **** MoHexSearch returned empty sequence!
88f46 warning: **** Returning random move!
88f46 info: *** Player move: c6
37fe6 info: DfpnSolver::CheckAbort(): Abort flag!
3fff6 info: 
MID calls      33
VC builds      31
Terminal       0
Work           33
Wasted Work    0 (0%)
Elapsed Time   0.375331
MIDs/sec       87.9224
VCs/sec        82.5938
Cnt prune sib  0
Avg prune sib  -
Consider Size  37.5484 dev=18.2666 min=19 max=66
Move Index     -
Move Percent   -
Delta Increase 2.53125 dev=5.17798 min=1 max=23
Winner         empty
PV             e8 d10 d9 c10

HashTableStatistics:
Stores         999
LookupAttempt  74258
LookupSuccess  4173
Collisions     0

3fff6 info: Search aborted.
fbca7 info: PlayAndSolve: Building VCs to avoid race condition.
fbca7 info: PlayAndSolve: Continuing on as usual.
3fff6 info: *** PlayerThread ***
88f46 info: *** SolverThread ***
37fe6 config: VCS: reading captured set patterns from '/home/linus/MoHex2.0/nfbranchfix/benzene-vanilla-cmake/share/vc-captured-set.txt'.
37fe6 config: VCS:: parsed 2 patterns.
37fe6 config: VCS: reading captured set patterns from '/home/linus/MoHex2.0/nfbranchfix/benzene-vanilla-cmake/share/vc-captured-set.txt'.
37fe6 config: VCS:: parsed 2 patterns.
37fe6 dfpn: 
3fff6 info: Best move cannot be determined, must search state.
3fff6 info: --- MoHexPlayer::Search() ---
3fff6 info: Color: black
3fff6 info: MaxGames: 1
3fff6 info: NumberThreads: 1
3fff6 info: MaxNodes: 181818181 (15999999928 bytes)
3fff6 info: TimeForMove: 1
37fe6 dfpn: e8
37fe6 dfpn: c9
37fe6 dfpn: d9
37fe6 dfpn: d10
37fe6 dfpn: b10
37fe6 dfpn: c10
37fe6 dfpn: d8
37fe6 dfpn: e9
37fe6 dfpn: d7
37fe6 dfpn: c8
37fe6 dfpn: b9
37fe6 dfpn: e7
37fe6 dfpn: f7
37fe6 dfpn: b8
37fe6 dfpn: j6
37fe6 dfpn: f8
37fe6 dfpn: g4
3fff6 info: PreSearch: max time reached (37/63).
3fff6 info: Time for PreSearch: 0.201827s
3fff6 info: 
  894f721cf52f95a9
  a  b  c  d  e  f  g  h  i  j  k  
 1\b  b  b  b  b  b  b  .  .  W  *\1
  2\B  b  b  b  B  .  .  .  *  *  *\2
   3\.  .  .  .  *  *  *  B  *  .  .\3
    4\.  .  *  *  *  *  *  *  B  B  B\4
     5\*  *  *  *  W  *  *  *  .  .  .\5
      6\*  *  B  *  *  B  *  *  W  *  *\6
       7\*  *  *  *  *  *  *  W  .  *  *\7
        8\*  *  *  *  *  *  *  *  W  *  *\8
         9\.  *  *  *  *  W  *  *  *  *  .\9
         10\W  *  *  *  .  *  *  *  *  .  .\10
          11\.  .  .  .  .  W  .  .  .  .  .\11
              a  b  c  d  e  f  g  h  i  j  k  
37fe6 dfpn: c9
3fff6 info: Old: [black, a2] [white, swap-pieces] [white, f9] [black, e2] [white, e5] [black, k4] [white, j1] [black, j4] [white, h7] [black, h3] [white, f11] [black, f6] [white, i6] [black, i4] [white, i8] 
3fff6 info: New: [black, a2] [white, swap-pieces] [white, f9] [black, e2] [white, e5] [black, k4] [white, j1] [black, j4] [white, h7] [black, h3] [white, f11] [black, f6] [white, i6] [black, i4] [white, i8] [black, c6] [white, a10] 
3fff6 info: MovesPlayed: [black, c6] [white, a10] 
3fff6 info: No subtree to reuse.
3fff6 info: StartSearch()[0]
3fff6 info: 
Elapsed Time   0.350729s
Count          1
GamesPlayed    1
Nodes          1
Knowledge      0 (0.0%)
Expansions     0.0
Time           0.00
GameLen        95.0 dev=0.0 min=95.0 max=95.0
InTree         0.0 dev=0.0 min=0.0 max=0.0
KnowDepth      -
Aborted        0%
Games/s        3484.3
Score          0.00
Sequence      
3fff6 info: 
3fff6 warning: **** MoHexSearch returned empty sequence!
3fff6 warning: **** Returning random move!
3fff6 info: *** Player move: e9
37fe6 info: DfpnSolver::CheckAbort(): Abort flag!
88f46 info: 
MID calls      30
VC builds      27
Terminal       0
Work           30
Wasted Work    0 (0%)
Elapsed Time   0.371895
MIDs/sec       80.6679
VCs/sec        72.6011
Cnt prune sib  0
Avg prune sib  -
Consider Size  25.6667 dev=17.1053 min=1 max=63
Move Index     -
Move Percent   -
Delta Increase 2.92308 dev=5.06058 min=1 max=22
Winner         empty
PV             c9 b11 d10 d9 c10 d8 c8

HashTableStatistics:
Stores         1072
LookupAttempt  79302
LookupSuccess  4568
Collisions     0

88f46 info: Search aborted.
fbca7 info: PlayAndSolve: Building VCs to avoid race condition.
fbca7 info: PlayAndSolve: Continuing on as usual.
88f46 info: *** PlayerThread ***
3fff6 info: *** SolverThread ***
37fe6 config: VCS: reading captured set patterns from '/home/linus/MoHex2.0/nfbranchfix/benzene-vanilla-cmake/share/vc-captured-set.txt'.
37fe6 config: VCS:: parsed 2 patterns.
37fe6 config: VCS: reading captured set patterns from '/home/linus/MoHex2.0/nfbranchfix/benzene-vanilla-cmake/share/vc-captured-set.txt'.
37fe6 config: VCS:: parsed 2 patterns.
37fe6 dfpn: 
88f46 info: Winning SC.
88f46 info: *** Player move: f7
3fff6 info: 
MID calls      0
VC builds      1
Terminal       1
Work           1
Wasted Work    0 (0%)
Elapsed Time   0.011447
MIDs/sec       0
VCs/sec        87.3591
Cnt prune sib  0
Avg prune sib  -
Consider Size  -
Move Index     -
Move Percent   -
Delta Increase -
Winner         black
PV             

HashTableStatistics:
Stores         1073
LookupAttempt  79308
LookupSuccess  4571
Collisions     0

fbca7 info: PlayAndSolve: Building VCs to avoid race condition.
fbca7 info: PlayAndSolve: Continuing on as usual.
3fff6 info: *** PlayerThread ***
88f46 info: *** SolverThread ***
37fe6 config: VCS: reading captured set patterns from '/home/linus/MoHex2.0/nfbranchfix/benzene-vanilla-cmake/share/vc-captured-set.txt'.
37fe6 config: VCS:: parsed 2 patterns.
37fe6 config: VCS: reading captured set patterns from '/home/linus/MoHex2.0/nfbranchfix/benzene-vanilla-cmake/share/vc-captured-set.txt'.
37fe6 config: VCS:: parsed 2 patterns.
37fe6 dfpn: 
3fff6 info: Winning SC.
3fff6 info: *** Player move: e10
88f46 info: 
MID calls      0
VC builds      1
Terminal       1
Work           1
Wasted Work    0 (0%)
Elapsed Time   0.011424
MIDs/sec       0
VCs/sec        87.535
Cnt prune sib  0
Avg prune sib  -
Consider Size  -
Move Index     -
Move Percent   -
Delta Increase -
Winner         black
PV             

HashTableStatistics:
Stores         1074
LookupAttempt  79314
LookupSuccess  4574
Collisions     0

fbca7 info: PlayAndSolve: Building VCs to avoid race condition.
fbca7 info: PlayAndSolve: Continuing on as usual.
88f46 info: *** PlayerThread ***
3fff6 info: *** SolverThread ***
37fe6 config: VCS: reading captured set patterns from '/home/linus/MoHex2.0/nfbranchfix/benzene-vanilla-cmake/share/vc-captured-set.txt'.
37fe6 config: VCS:: parsed 2 patterns.
37fe6 config: VCS: reading captured set patterns from '/home/linus/MoHex2.0/nfbranchfix/benzene-vanilla-cmake/share/vc-captured-set.txt'.
37fe6 config: VCS:: parsed 2 patterns.
37fe6 dfpn: 
88f46 info: Winning SC.
88f46 info: *** Player move: f8
3fff6 info: 
MID calls      0
VC builds      1
Terminal       1
Work           1
Wasted Work    0 (0%)
Elapsed Time   0.009837
MIDs/sec       0
VCs/sec        101.657
Cnt prune sib  0
Avg prune sib  -
Consider Size  -
Move Index     -
Move Percent   -
Delta Increase -
Winner         black
PV             

HashTableStatistics:
Stores         1075
LookupAttempt  79320
LookupSuccess  4577
Collisions     0

fbca7 info: PlayAndSolve: Building VCs to avoid race condition.
fbca7 info: PlayAndSolve: Continuing on as usual.
3fff6 info: *** PlayerThread ***
88f46 info: *** SolverThread ***
37fe6 config: VCS: reading captured set patterns from '/home/linus/MoHex2.0/nfbranchfix/benzene-vanilla-cmake/share/vc-captured-set.txt'.
37fe6 config: VCS:: parsed 2 patterns.
37fe6 config: VCS: reading captured set patterns from '/home/linus/MoHex2.0/nfbranchfix/benzene-vanilla-cmake/share/vc-captured-set.txt'.
37fe6 config: VCS:: parsed 2 patterns.
37fe6 dfpn: 
3fff6 info: Winning SC.
3fff6 info: *** Player move: f5
88f46 info: 
MID calls      0
VC builds      1
Terminal       1
Work           1
Wasted Work    0 (0%)
Elapsed Time   0.008504
MIDs/sec       0
VCs/sec        117.592
Cnt prune sib  0
Avg prune sib  -
Consider Size  -
Move Index     -
Move Percent   -
Delta Increase -
Winner         black
PV             

HashTableStatistics:
Stores         1076
LookupAttempt  79326
LookupSuccess  4580
Collisions     0

fbca7 info: PlayAndSolve: Building VCs to avoid race condition.
fbca7 info: PlayAndSolve: Continuing on as usual.
88f46 info: *** PlayerThread ***
3fff6 info: *** SolverThread ***
37fe6 config: VCS: reading captured set patterns from '/home/linus/MoHex2.0/nfbranchfix/benzene-vanilla-cmake/share/vc-captured-set.txt'.
37fe6 config: VCS:: parsed 2 patterns.
37fe6 config: VCS: reading captured set patterns from '/home/linus/MoHex2.0/nfbranchfix/benzene-vanilla-cmake/share/vc-captured-set.txt'.
37fe6 config: VCS:: parsed 2 patterns.
37fe6 dfpn: 
88f46 info: Winning SC.
88f46 info: *** Player move: f4
3fff6 info: 
MID calls      0
VC builds      1
Terminal       1
Work           1
Wasted Work    0 (0%)
Elapsed Time   0.008815
MIDs/sec       0
VCs/sec        113.443
Cnt prune sib  0
Avg prune sib  -
Consider Size  -
Move Index     -
Move Percent   -
Delta Increase -
Winner         black
PV             

HashTableStatistics:
Stores         1077
LookupAttempt  79332
LookupSuccess  4583
Collisions     0

fbca7 info: PlayAndSolve: Building VCs to avoid race condition.
fbca7 info: PlayAndSolve: Continuing on as usual.
3fff6 info: *** PlayerThread ***
88f46 info: *** SolverThread ***
37fe6 config: VCS: reading captured set patterns from '/home/linus/MoHex2.0/nfbranchfix/benzene-vanilla-cmake/share/vc-captured-set.txt'.
37fe6 config: VCS:: parsed 2 patterns.
37fe6 config: VCS: reading captured set patterns from '/home/linus/MoHex2.0/nfbranchfix/benzene-vanilla-cmake/share/vc-captured-set.txt'.
37fe6 config: VCS:: parsed 2 patterns.
37fe6 dfpn: 
3fff6 info: Winning SC.
3fff6 info: *** Player move: g3
88f46 info: 
MID calls      0
VC builds      1
Terminal       1
Work           1
Wasted Work    0 (0%)
Elapsed Time   0.007708
MIDs/sec       0
VCs/sec        129.735
Cnt prune sib  0
Avg prune sib  -
Consider Size  -
Move Index     -
Move Percent   -
Delta Increase -
Winner         black
PV             

HashTableStatistics:
Stores         1078
LookupAttempt  79338
LookupSuccess  4586
Collisions     0

fbca7 info: PlayAndSolve: Building VCs to avoid race condition.
fbca7 info: PlayAndSolve: Continuing on as usual.
88f46 info: *** PlayerThread ***
3fff6 info: *** SolverThread ***
37fe6 config: VCS: reading captured set patterns from '/home/linus/MoHex2.0/nfbranchfix/benzene-vanilla-cmake/share/vc-captured-set.txt'.
37fe6 config: VCS:: parsed 2 patterns.
37fe6 config: VCS: reading captured set patterns from '/home/linus/MoHex2.0/nfbranchfix/benzene-vanilla-cmake/share/vc-captured-set.txt'.
37fe6 config: VCS:: parsed 2 patterns.
37fe6 dfpn: 
3fff6 info: 
MID calls      0
VC builds      1
Terminal       1
Work           1
Wasted Work    0 (0%)
Elapsed Time   0.008727
MIDs/sec       0
VCs/sec        114.587
Cnt prune sib  0
Avg prune sib  -
Consider Size  -
Move Index     -
Move Percent   -
Delta Increase -
Winner         black
PV             

HashTableStatistics:
Stores         1079
LookupAttempt  79344
LookupSuccess  4589
Collisions     0

88f46 info: Winning SC.
88f46 info: *** Player move: e11
fbca7 info: PlayAndSolve: Building VCs to avoid race condition.
fbca7 info: PlayAndSolve: Continuing on as usual.
3fff6 info: *** PlayerThread ***
88f46 info: *** SolverThread ***
37fe6 config: VCS: reading captured set patterns from '/home/linus/MoHex2.0/nfbranchfix/benzene-vanilla-cmake/share/vc-captured-set.txt'.
37fe6 config: VCS:: parsed 2 patterns.
37fe6 config: VCS: reading captured set patterns from '/home/linus/MoHex2.0/nfbranchfix/benzene-vanilla-cmake/share/vc-captured-set.txt'.
37fe6 config: VCS:: parsed 2 patterns.
37fe6 dfpn: 
3fff6 info: Winning SC.
3fff6 info: *** Player move: g2
88f46 info: 
MID calls      0
VC builds      1
Terminal       1
Work           1
Wasted Work    0 (0%)
Elapsed Time   0.006831
MIDs/sec       0
VCs/sec        146.391
Cnt prune sib  0
Avg prune sib  -
Consider Size  -
Move Index     -
Move Percent   -
Delta Increase -
Winner         black
PV             

HashTableStatistics:
Stores         1080
LookupAttempt  79350
LookupSuccess  4592
Collisions     0

fbca7 info: PlayAndSolve: Building VCs to avoid race condition.
fbca7 info: PlayAndSolve: Continuing on as usual.
88f46 info: *** PlayerThread ***
3fff6 info: *** SolverThread ***
37fe6 config: VCS: reading captured set patterns from '/home/linus/MoHex2.0/nfbranchfix/benzene-vanilla-cmake/share/vc-captured-set.txt'.
37fe6 config: VCS:: parsed 2 patterns.
37fe6 config: VCS: reading captured set patterns from '/home/linus/MoHex2.0/nfbranchfix/benzene-vanilla-cmake/share/vc-captured-set.txt'.
37fe6 config: VCS:: parsed 2 patterns.
37fe6 dfpn: 
88f46 info: Winning SC.
88f46 info: *** Player move: g1
3fff6 info: 
MID calls      0
VC builds      1
Terminal       1
Work           1
Wasted Work    0 (0%)
Elapsed Time   0.007098
MIDs/sec       0
VCs/sec        140.885
Cnt prune sib  0
Avg prune sib  -
Consider Size  -
Move Index     -
Move Percent   -
Delta Increase -
Winner         black
PV             

HashTableStatistics:
Stores         1081
LookupAttempt  79356
LookupSuccess  4595
Collisions     0

fbca7 config: ============ BenzeneShutdown =============
fbca7 config: MoHexProgram:: ShutdownSystem()
fbca7 config: CommonProgram:: ShutdownSystem()
fbca7 config: BenzeneProgram:: ShutdownSystem()
Flushing and closing this stream...
