33697 config: MoHex v2.0.CMake Mar 21 2025.
33697 config: ============ InitializeSystem ============
33697 config: BenzeneProgram::InitRandom()
33697 config: Seed = 217386
33697 info: Prior Patterns:
33697 info: Global:
33697 info: Size            = 565 32648 
33697 info: TableEntries    = 65932 65910
33697 info: MirrorsAdded    = 0 0
33697 info: PrunableCount   = 30593 30629
33697 info: LargestGamma    = 5820.77
33697 info: SmallestGamma   = 6.6e-05
33697 info: Local:
33697 info: Size            = 550 5318 
33697 info: TableEntries    = 11602 11588
33697 info: MirrorsAdded    = 0 0
33697 info: PrunableCount   = 3659 3667
33697 info: LargestGamma    = 11281.8
33697 info: SmallestGamma   = 0.026235
33697 info: Playout Patterns:
33697 info: Global:
33697 info: Size            = 565 32648 
33697 info: TableEntries    = 70329 70329
33697 info: MirrorsAdded    = 4397 4419
33697 info: PrunableCount   = 30593 30629
33697 info: LargestGamma    = 5820.77
33697 info: SmallestGamma   = 6.6e-05
33697 info: Local:
33697 info: Size            = 550 5318 
33697 info: TableEntries    = 11602 11588
33697 info: MirrorsAdded    = 0 0
33697 info: PrunableCount   = 3659 3667
33697 info: LargestGamma    = 11281.8
33697 info: SmallestGamma   = 0.026235
33697 config: IcePatternSet: reading from '/home/linus/MoHex2.0/nfbranchfix/benzene-vanilla-cmake/share/ice-patterns.txt'.
33697 config: IcePatternSet: parsed 708 patterns.
33697 config: VCS: reading captured set patterns from '/home/linus/MoHex2.0/nfbranchfix/benzene-vanilla-cmake/share/vc-captured-set.txt'.
33697 config: VCS:: parsed 2 patterns.
33697 config: VCS: reading captured set patterns from '/home/linus/MoHex2.0/nfbranchfix/benzene-vanilla-cmake/share/vc-captured-set.txt'.
33697 config: VCS:: parsed 2 patterns.
33697 config: IcePatternSet: reading from '/home/linus/MoHex2.0/nfbranchfix/benzene-vanilla-cmake/share/ice-patterns.txt'.
33697 config: IcePatternSet: parsed 708 patterns.
33697 config: VCS: reading captured set patterns from '/home/linus/MoHex2.0/nfbranchfix/benzene-vanilla-cmake/share/vc-captured-set.txt'.
33697 config: VCS:: parsed 2 patterns.
33697 config: VCS: reading captured set patterns from '/home/linus/MoHex2.0/nfbranchfix/benzene-vanilla-cmake/share/vc-captured-set.txt'.
33697 config: VCS:: parsed 2 patterns.
33697 config: VCS: reading captured set patterns from '/home/linus/MoHex2.0/nfbranchfix/benzene-vanilla-cmake/share/vc-captured-set.txt'.
33697 config: VCS:: parsed 2 patterns.
33697 config: VCS: reading captured set patterns from '/home/linus/MoHex2.0/nfbranchfix/benzene-vanilla-cmake/share/vc-captured-set.txt'.
33697 config: VCS:: parsed 2 patterns.
33697 config: VCS: reading captured set patterns from '/home/linus/MoHex2.0/nfbranchfix/benzene-vanilla-cmake/share/vc-captured-set.txt'.
33697 config: VCS:: parsed 2 patterns.
33697 config: VCS: reading captured set patterns from '/home/linus/MoHex2.0/nfbranchfix/benzene-vanilla-cmake/share/vc-captured-set.txt'.
33697 config: VCS:: parsed 2 patterns.
33697 info: PlayAndSolve: Building VCs to avoid race condition.
33697 config: VCPattern: loading pattern templates from '/home/linus/MoHex2.0/nfbranchfix/benzene-vanilla-cmake/share/vc-patterns.txt'.
33697 info: PlayAndSolve: Continuing on as usual.
7fff6 info: *** PlayerThread ***
77fe6 info: *** SolverThread ***
6ffd6 config: VCS: reading captured set patterns from '/home/linus/MoHex2.0/nfbranchfix/benzene-vanilla-cmake/share/vc-captured-set.txt'.
6ffd6 config: VCS:: parsed 2 patterns.
6ffd6 config: VCS: reading captured set patterns from '/home/linus/MoHex2.0/nfbranchfix/benzene-vanilla-cmake/share/vc-captured-set.txt'.
6ffd6 config: VCS:: parsed 2 patterns.
6ffd6 dfpn: 
7fff6 info: Best move cannot be determined, must search state.
7fff6 info: --- MoHexPlayer::Search() ---
7fff6 info: Color: white
7fff6 info: MaxGames: 1
7fff6 info: NumberThreads: 1
7fff6 info: MaxNodes: 181818181 (15999999928 bytes)
7fff6 info: TimeForMove: 1
6ffd6 dfpn: d8
6ffd6 dfpn: b10
6ffd6 dfpn: c9
6ffd6 dfpn: h4
6ffd6 dfpn: e7
6ffd6 dfpn: c8
6ffd6 dfpn: g5
6ffd6 dfpn: e8
6ffd6 dfpn: i3
6ffd6 dfpn: f7
6ffd6 dfpn: b8
6ffd6 dfpn: d7
6ffd6 dfpn: f6
6ffd6 dfpn: g6
6ffd6 dfpn: e6
6ffd6 dfpn: h5
6ffd6 dfpn: g4
6ffd6 dfpn: f5
6ffd6 dfpn: b9
6ffd6 dfpn: g7
6ffd6 dfpn: c7
6ffd6 dfpn: j2
6ffd6 dfpn: d9
6ffd6 dfpn: c10
6ffd6 dfpn: b8
7fff6 info: PreSearch: max time reached (54/91).
7fff6 info: Time for PreSearch: 0.203587s
7fff6 info: 
  87c9b23912128f66
  a  b  c  d  e  f  g  h  i  j  k  
 1\.  .  .  *  .  *  *  *  *  *  .\1
  2\.  .  *  *  *  *  *  *  *  *  .\2
   3\.  *  *  *  *  *  *  *  *  *  .\3
    4\.  *  *  *  *  *  *  *  *  *  .\4
     5\B  *  *  *  *  *  *  *  *  *  .\5
      6\.  *  *  *  *  *  *  *  *  *  .\6
       7\.  *  *  *  *  *  *  *  *  *  .\7
        8\.  *  *  *  *  *  *  *  *  *  .\8
         9\.  *  *  *  *  *  *  *  *  *  .\9
         10\.  *  *  *  *  *  *  *  *  .  .\10
          11\.  *  *  *  *  *  .  *  .  .  .\11
              a  b  c  d  e  f  g  h  i  j  k  
7fff6 info: No subtree to reuse.
7fff6 info: Creating thread 0
7fff6 info: StartSearch()[0]
7fff6 config: VCS: reading captured set patterns from '/home/linus/MoHex2.0/nfbranchfix/benzene-vanilla-cmake/share/vc-captured-set.txt'.
7fff6 config: VCS:: parsed 2 patterns.
7fff6 config: VCS: reading captured set patterns from '/home/linus/MoHex2.0/nfbranchfix/benzene-vanilla-cmake/share/vc-captured-set.txt'.
7fff6 config: VCS:: parsed 2 patterns.
7fff6 info: 
Elapsed Time   0.368956s
Count          1
GamesPlayed    1
Nodes          1
Knowledge      0 (0.0%)
Expansions     0.0
Time           0.00
GameLen        120.0 dev=0.0 min=120.0 max=120.0
InTree         0.0 dev=0.0 min=0.0 max=0.0
KnowDepth      -
Aborted        0%
Games/s        376.6
Score          1.00
Sequence      
7fff6 info: 
7fff6 warning: **** MoHexSearch returned empty sequence!
7fff6 warning: **** Returning random move!
7fff6 info: *** Player move: g3
6ffd6 info: DfpnSolver::CheckAbort(): Abort flag!
77fe6 info: 
MID calls      56
VC builds      54
Terminal       0
Work           56
Wasted Work    0 (0%)
Elapsed Time   0.383794
MIDs/sec       145.912
VCs/sec        140.7
Cnt prune sib  0
Avg prune sib  -
Consider Size  87.9444 dev=3.79774 min=76 max=91
Move Index     -
Move Percent   -
Delta Increase 4.05455 dev=15.628 min=1 max=85
Winner         empty
PV             b8 j2 h4 j3

HashTableStatistics:
Stores         135
LookupAttempt  13562
LookupSuccess  735
Collisions     0

77fe6 info: Search aborted.
33697 info: PlayAndSolve: Building VCs to avoid race condition.
33697 info: PlayAndSolve: Continuing on as usual.
77fe6 info: *** PlayerThread ***
7fff6 info: *** SolverThread ***
6ffd6 config: VCS: reading captured set patterns from '/home/linus/MoHex2.0/nfbranchfix/benzene-vanilla-cmake/share/vc-captured-set.txt'.
6ffd6 config: VCS:: parsed 2 patterns.
6ffd6 config: VCS: reading captured set patterns from '/home/linus/MoHex2.0/nfbranchfix/benzene-vanilla-cmake/share/vc-captured-set.txt'.
6ffd6 config: VCS:: parsed 2 patterns.
6ffd6 dfpn: 
77fe6 info: Best move cannot be determined, must search state.
77fe6 info: --- MoHexPlayer::Search() ---
77fe6 info: Color: white
77fe6 info: MaxGames: 1
77fe6 info: NumberThreads: 1
77fe6 info: MaxNodes: 181818181 (15999999928 bytes)
77fe6 info: TimeForMove: 1
6ffd6 dfpn: i3
6ffd6 dfpn: j2
6ffd6 dfpn: h4
6ffd6 dfpn: e4
6ffd6 dfpn: h3
6ffd6 dfpn: i2
6ffd6 dfpn: i4
6ffd6 dfpn: j3
6ffd6 dfpn: h5
6ffd6 dfpn: j4
6ffd6 dfpn: i6
6ffd6 dfpn: h6
6ffd6 dfpn: d8
6ffd6 dfpn: b6
6ffd6 dfpn: c9
6ffd6 dfpn: b10
6ffd6 dfpn: c8
6ffd6 dfpn: b8
6ffd6 dfpn: c7
6ffd6 dfpn: g7
6ffd6 dfpn: e7
6ffd6 dfpn: i5
6ffd6 dfpn: d7
6ffd6 dfpn: g6
6ffd6 dfpn: j4
77fe6 info: PreSearch: max time reached (52/91).
77fe6 info: Time for PreSearch: 0.202971s
77fe6 info: 
  1d9de7141e104bde
  a  b  c  d  e  f  g  h  i  j  k  
 1\.  .  .  *  *  *  *  *  *  *  .\1
  2\.  .  *  *  *  *  *  *  *  *  .\2
   3\.  *  *  *  *  *  W  *  *  *  .\3
    4\.  *  *  *  *  *  *  *  *  *  .\4
     5\B  *  *  *  *  *  *  *  *  *  .\5
      6\.  *  *  *  *  *  *  *  *  *  .\6
       7\.  *  *  *  *  *  *  *  *  *  .\7
        8\.  *  *  *  *  *  *  B  *  *  .\8
         9\.  *  *  *  *  *  *  *  *  *  .\9
         10\.  *  *  *  *  *  *  *  *  .  .\10
          11\.  *  *  *  *  *  *  *  .  .  .\11
              a  b  c  d  e  f  g  h  i  j  k  
77fe6 info: Old: [black, a5] [white, swap-pieces] 
77fe6 info: New: [black, a5] [white, swap-pieces] [white, g3] [black, h8] 
77fe6 info: ReuseSubtree: Colors do not alternate.
77fe6 info: No subtree to reuse.
77fe6 info: StartSearch()[0]
77fe6 info: 
Elapsed Time   0.376341s
Count          1
GamesPlayed    1
Nodes          1
Knowledge      0 (0.0%)
Expansions     0.0
Time           0.00
GameLen        118.0 dev=0.0 min=118.0 max=118.0
InTree         0.0 dev=0.0 min=0.0 max=0.0
KnowDepth      -
Aborted        0%
Games/s        3246.8
Score          0.00
Sequence      
77fe6 info: 
77fe6 warning: **** MoHexSearch returned empty sequence!
77fe6 warning: **** Returning random move!
77fe6 info: *** Player move: i3
6ffd6 info: DfpnSolver::CheckAbort(): Abort flag!
7fff6 info: 
MID calls      51
VC builds      49
Terminal       0
Work           51
Wasted Work    0 (0%)
Elapsed Time   0.388051
MIDs/sec       131.426
VCs/sec        126.272
Cnt prune sib  0
Avg prune sib  -
Consider Size  85.0408 dev=3.54539 min=74 max=91
Move Index     -
Move Percent   -
Delta Increase 4.22 dev=15.1885 min=1 max=80
Winner         empty
PV             j4 i2 h3 i3

HashTableStatistics:
Stores         260
LookupAttempt  26520
LookupSuccess  1465
Collisions     0

7fff6 info: Search aborted.
33697 info: PlayAndSolve: Building VCs to avoid race condition.
33697 info: PlayAndSolve: Continuing on as usual.
7fff6 info: *** PlayerThread ***
77fe6 info: *** SolverThread ***
6ffd6 config: VCS: reading captured set patterns from '/home/linus/MoHex2.0/nfbranchfix/benzene-vanilla-cmake/share/vc-captured-set.txt'.
6ffd6 config: VCS:: parsed 2 patterns.
6ffd6 config: VCS: reading captured set patterns from '/home/linus/MoHex2.0/nfbranchfix/benzene-vanilla-cmake/share/vc-captured-set.txt'.
6ffd6 config: VCS:: parsed 2 patterns.
6ffd6 dfpn: 
7fff6 info: Best move cannot be determined, must search state.
7fff6 info: --- MoHexPlayer::Search() ---
7fff6 info: Color: white
7fff6 info: MaxGames: 1
7fff6 info: NumberThreads: 1
7fff6 info: MaxNodes: 181818181 (15999999928 bytes)
7fff6 info: TimeForMove: 1
6ffd6 dfpn: h3
6ffd6 dfpn: e4
6ffd6 dfpn: j2
6ffd6 dfpn: f4
6ffd6 dfpn: e5
6ffd6 dfpn: f3
6ffd6 dfpn: b6
6ffd6 dfpn: f5
6ffd6 dfpn: d5
6ffd6 dfpn: d6
6ffd6 dfpn: g4
6ffd6 dfpn: h4
6ffd6 dfpn: g6
6ffd6 dfpn: e6
6ffd6 dfpn: f6
6ffd6 dfpn: c7
6ffd6 dfpn: c6
6ffd6 dfpn: d7
6ffd6 dfpn: i5
7fff6 info: PreSearch: max time reached (47/88).
7fff6 info: Time for PreSearch: 0.20198s
6ffd6 dfpn: b8
6ffd6 dfpn: b7
6ffd6 dfpn: c8
7fff6 info: 
  ca2b51955ed5e273
  a  b  c  d  e  f  g  h  i  j  k  
 1\.  .  .  *  *  *  *  *  *  *  .\1
  2\.  .  *  *  *  *  *  *  *  *  .\2
   3\.  *  *  *  *  *  W  *  W  .  .\3
    4\.  *  *  *  *  *  *  *  *  *  .\4
     5\B  *  *  *  *  *  *  *  *  *  .\5
      6\.  *  *  *  *  *  *  *  *  *  .\6
       7\.  *  *  *  *  *  *  B  *  *  .\7
        8\.  *  *  *  *  *  *  B  *  *  .\8
         9\.  *  *  *  *  *  *  *  *  *  .\9
         10\.  *  *  *  *  *  *  *  *  .  .\10
          11\.  *  *  *  *  *  *  *  .  .  .\11
              a  b  c  d  e  f  g  h  i  j  k  
6ffd6 dfpn: e3
6ffd6 dfpn: b8
7fff6 info: Old: [black, a5] [white, swap-pieces] [white, g3] [black, h8] 
7fff6 info: New: [black, a5] [white, swap-pieces] [white, g3] [black, h8] [white, i3] [black, h7] 
7fff6 info: MovesPlayed: [white, i3] [black, h7] 
7fff6 info: No subtree to reuse.
7fff6 info: StartSearch()[0]
7fff6 info: 
Elapsed Time   0.349635s
Count          1
GamesPlayed    1
Nodes          1
Knowledge      0 (0.0%)
Expansions     0.0
Time           0.00
GameLen        116.0 dev=0.0 min=116.0 max=116.0
InTree         0.0 dev=0.0 min=0.0 max=0.0
KnowDepth      -
Aborted        0%
Games/s        3472.2
Score          1.00
Sequence      
7fff6 info: 
7fff6 warning: **** MoHexSearch returned empty sequence!
7fff6 warning: **** Returning random move!
7fff6 info: *** Player move: b2
6ffd6 info: DfpnSolver::CheckAbort(): Abort flag!
77fe6 info: 
MID calls      36
VC builds      35
Terminal       0
Work           36
Wasted Work    0 (0%)
Elapsed Time   0.373182
MIDs/sec       96.4677
VCs/sec        93.788
Cnt prune sib  0
Avg prune sib  -
Consider Size  83.6857 dev=2.13497 min=78 max=88
Move Index     -
Move Percent   -
Delta Increase 3.22857 dev=12.8243 min=1 max=78
Winner         empty
PV             b8 g6 h3

HashTableStatistics:
Stores         355
LookupAttempt  37526
LookupSuccess  2128
Collisions     0

77fe6 info: Search aborted.
33697 info: PlayAndSolve: Building VCs to avoid race condition.
33697 info: PlayAndSolve: Continuing on as usual.
77fe6 info: *** PlayerThread ***
7fff6 info: *** SolverThread ***
6ffd6 config: VCS: reading captured set patterns from '/home/linus/MoHex2.0/nfbranchfix/benzene-vanilla-cmake/share/vc-captured-set.txt'.
6ffd6 config: VCS:: parsed 2 patterns.
6ffd6 config: VCS: reading captured set patterns from '/home/linus/MoHex2.0/nfbranchfix/benzene-vanilla-cmake/share/vc-captured-set.txt'.
6ffd6 config: VCS:: parsed 2 patterns.
6ffd6 dfpn: 
77fe6 info: Best move cannot be determined, must search state.
77fe6 info: --- MoHexPlayer::Search() ---
77fe6 info: Color: white
77fe6 info: MaxGames: 1
77fe6 info: NumberThreads: 1
77fe6 info: MaxNodes: 181818181 (15999999928 bytes)
77fe6 info: TimeForMove: 1
6ffd6 dfpn: e4
6ffd6 dfpn: f3
6ffd6 dfpn: f4
6ffd6 dfpn: j2
6ffd6 dfpn: e5
6ffd6 dfpn: f5
6ffd6 dfpn: g4
6ffd6 dfpn: g6
6ffd6 dfpn: e6
6ffd6 dfpn: d5
6ffd6 dfpn: f6
6ffd6 dfpn: d6
6ffd6 dfpn: h4
6ffd6 dfpn: e3
6ffd6 dfpn: d4
6ffd6 dfpn: i5
6ffd6 dfpn: d7
6ffd6 dfpn: e7
6ffd6 dfpn: h5
77fe6 info: PreSearch: max time reached (49/77).
77fe6 info: Time for PreSearch: 0.201118s
6ffd6 dfpn: g5
6ffd6 dfpn: c7
6ffd6 dfpn: d6
77fe6 info: 
  c6e95694c13177e4
  a  b  c  d  e  f  g  h  i  j  k  
 1\b  b  .  *  .  b  b  b  b  .  .\1
  2\w  W  *  *  *  .  B  .  *  .  .\2
   3\w  .  *  *  *  *  W  .  W  .  .\3
    4\.  *  *  *  *  *  *  *  *  *  .\4
     5\B  *  *  *  *  *  *  *  *  *  .\5
      6\.  *  *  *  *  *  *  *  *  *  .\6
       7\.  *  *  *  *  *  *  B  *  *  .\7
        8\.  *  *  *  *  *  *  B  *  *  .\8
         9\.  *  *  *  *  *  *  *  *  *  .\9
         10\.  *  *  *  *  *  *  *  *  .  .\10
          11\.  *  *  *  *  *  *  *  .  .  .\11
              a  b  c  d  e  f  g  h  i  j  k  
77fe6 info: Old: [black, a5] [white, swap-pieces] [white, g3] [black, h8] [white, i3] [black, h7] 
77fe6 info: New: [black, a5] [white, swap-pieces] [white, g3] [black, h8] [white, i3] [black, h7] [white, b2] [black, g2] 
77fe6 info: MovesPlayed: [white, b2] [black, g2] 
77fe6 info: No subtree to reuse.
77fe6 info: StartSearch()[0]
77fe6 info: 
Elapsed Time   0.34636s
Count          1
GamesPlayed    1
Nodes          1
Knowledge      0 (0.0%)
Expansions     0.0
Time           0.00
GameLen        106.0 dev=0.0 min=106.0 max=106.0
InTree         0.0 dev=0.0 min=0.0 max=0.0
KnowDepth      -
Aborted        0%
Games/s        3278.7
Score          1.00
Sequence      
77fe6 info: 
77fe6 warning: **** MoHexSearch returned empty sequence!
77fe6 warning: **** Returning random move!
77fe6 info: *** Player move: c3
6ffd6 info: DfpnSolver::CheckAbort(): Abort flag!
7fff6 info: 
MID calls      35
VC builds      34
Terminal       0
Work           35
Wasted Work    0 (0%)
Elapsed Time   0.35956
MIDs/sec       97.3412
VCs/sec        94.56
Cnt prune sib  0
Avg prune sib  -
Consider Size  76.6177 dev=8.66017 min=42 max=82
Move Index     -
Move Percent   -
Delta Increase 4.47059 dev=13.8059 min=1 max=73
Winner         empty
PV             d6 c6 c7

HashTableStatistics:
Stores         446
LookupAttempt  46586
LookupSuccess  2694
Collisions     0

7fff6 info: Search aborted.
33697 info: PlayAndSolve: Building VCs to avoid race condition.
33697 info: PlayAndSolve: Continuing on as usual.
7fff6 info: *** PlayerThread ***
77fe6 info: *** SolverThread ***
6ffd6 config: VCS: reading captured set patterns from '/home/linus/MoHex2.0/nfbranchfix/benzene-vanilla-cmake/share/vc-captured-set.txt'.
6ffd6 config: VCS:: parsed 2 patterns.
6ffd6 config: VCS: reading captured set patterns from '/home/linus/MoHex2.0/nfbranchfix/benzene-vanilla-cmake/share/vc-captured-set.txt'.
6ffd6 config: VCS:: parsed 2 patterns.
6ffd6 dfpn: 
7fff6 info: Best move cannot be determined, must search state.
7fff6 info: --- MoHexPlayer::Search() ---
7fff6 info: Color: white
7fff6 info: MaxGames: 1
7fff6 info: NumberThreads: 1
7fff6 info: MaxNodes: 181818181 (15999999928 bytes)
7fff6 info: TimeForMove: 1
6ffd6 dfpn: f5
6ffd6 dfpn: f3
6ffd6 dfpn: d6
6ffd6 dfpn: e5
6ffd6 dfpn: e6
6ffd6 dfpn: f6
6ffd6 dfpn: g6
6ffd6 dfpn: e7
6ffd6 dfpn: d7
6ffd6 dfpn: g5
6ffd6 dfpn: e3
6ffd6 dfpn: g4
6ffd6 dfpn: c8
6ffd6 dfpn: f4
6ffd6 dfpn: h4
6ffd6 dfpn: d8
6ffd6 dfpn: h5
6ffd6 dfpn: j2
6ffd6 dfpn: c7
6ffd6 dfpn: h6
6ffd6 dfpn: d6
7fff6 info: PreSearch: max time reached (51/73).
7fff6 info: Time for PreSearch: 0.204857s
7fff6 info: 
  f59ab8c365f66920
  a  b  c  d  e  f  g  h  i  j  k  
 1\b  b  .  .  .  b  b  b  b  .  .\1
  2\w  W  .  *  *  .  B  .  *  .  .\2
   3\w  .  W  *  *  *  W  .  W  .  .\3
    4\.  *  *  *  B  *  *  *  *  *  .\4
     5\B  *  *  *  *  *  *  *  *  *  .\5
      6\.  *  *  *  *  *  *  *  *  *  .\6
       7\.  *  *  *  *  *  *  B  .  .  .\7
        8\.  *  *  *  *  *  *  B  *  *  .\8
         9\.  *  *  *  *  *  *  *  *  *  .\9
         10\.  *  *  *  *  *  *  *  *  .  .\10
          11\.  *  *  *  *  *  *  *  .  .  .\11
              a  b  c  d  e  f  g  h  i  j  k  
6ffd6 dfpn: g5
7fff6 info: Old: [black, a5] [white, swap-pieces] [white, g3] [black, h8] [white, i3] [black, h7] [white, b2] [black, g2] 
7fff6 info: New: [black, a5] [white, swap-pieces] [white, g3] [black, h8] [white, i3] [black, h7] [white, b2] [black, g2] [white, c3] [black, e4] 
7fff6 info: MovesPlayed: [white, c3] [black, e4] 
7fff6 info: No subtree to reuse.
7fff6 info: StartSearch()[0]
7fff6 info: 
Elapsed Time   0.553409s
Count          1
GamesPlayed    1
Nodes          1
Knowledge      0 (0.0%)
Expansions     0.0
Time           0.00
GameLen        104.0 dev=0.0 min=104.0 max=104.0
InTree         0.0 dev=0.0 min=0.0 max=0.0
KnowDepth      -
Aborted        0%
Games/s        3333.3
Score          0.00
Sequence      
7fff6 info: 
7fff6 warning: **** MoHexSearch returned empty sequence!
7fff6 warning: **** Returning random move!
7fff6 info: *** Player move: d6
6ffd6 info: DfpnSolver::CheckAbort(): Abort flag!
77fe6 info: 
MID calls      59
VC builds      56
Terminal       1
Work           60
Wasted Work    0 (0%)
Elapsed Time   0.570398
MIDs/sec       103.437
VCs/sec        98.1771
Cnt prune sib  0
Avg prune sib  -
Consider Size  61.6364 dev=17.838 min=17 max=77
Move Index     -
Move Percent   -
Delta Increase 2.64407 dev=6.55812 min=1 max=39
Winner         empty
PV             g5 d6 c9

HashTableStatistics:
Stores         586
LookupAttempt  56219
LookupSuccess  3285
Collisions     0

77fe6 info: Search aborted.
33697 info: PlayAndSolve: Building VCs to avoid race condition.
33697 info: PlayAndSolve: Continuing on as usual.
77fe6 info: *** PlayerThread ***
7fff6 info: *** SolverThread ***
6ffd6 config: VCS: reading captured set patterns from '/home/linus/MoHex2.0/nfbranchfix/benzene-vanilla-cmake/share/vc-captured-set.txt'.
6ffd6 config: VCS:: parsed 2 patterns.
6ffd6 config: VCS: reading captured set patterns from '/home/linus/MoHex2.0/nfbranchfix/benzene-vanilla-cmake/share/vc-captured-set.txt'.
6ffd6 config: VCS:: parsed 2 patterns.
6ffd6 dfpn: 
77fe6 info: Winning SC.
77fe6 info: *** Player move: f5
7fff6 info: 
MID calls      0
VC builds      1
Terminal       1
Work           1
Wasted Work    0 (0%)
Elapsed Time   0.0097
MIDs/sec       0
VCs/sec        103.093
Cnt prune sib  0
Avg prune sib  -
Consider Size  -
Move Index     -
Move Percent   -
Delta Increase -
Winner         white
PV             

HashTableStatistics:
Stores         587
LookupAttempt  56225
LookupSuccess  3288
Collisions     0

33697 info: PlayAndSolve: Building VCs to avoid race condition.
33697 info: PlayAndSolve: Continuing on as usual.
7fff6 info: *** PlayerThread ***
77fe6 info: *** SolverThread ***
6ffd6 config: VCS: reading captured set patterns from '/home/linus/MoHex2.0/nfbranchfix/benzene-vanilla-cmake/share/vc-captured-set.txt'.
6ffd6 config: VCS:: parsed 2 patterns.
6ffd6 config: VCS: reading captured set patterns from '/home/linus/MoHex2.0/nfbranchfix/benzene-vanilla-cmake/share/vc-captured-set.txt'.
6ffd6 config: VCS:: parsed 2 patterns.
6ffd6 dfpn: 
77fe6 info: 
MID calls      0
VC builds      1
Terminal       1
Work           1
Wasted Work    0 (0%)
Elapsed Time   0.016548
MIDs/sec       0
VCs/sec        60.4303
Cnt prune sib  0
Avg prune sib  -
Consider Size  -
Move Index     -
Move Percent   -
Delta Increase -
Winner         white
PV             

HashTableStatistics:
Stores         588
LookupAttempt  56231
LookupSuccess  3291
Collisions     0

7fff6 info: Winning SC.
7fff6 info: *** Player move: h3
33697 info: PlayAndSolve: Building VCs to avoid race condition.
33697 info: PlayAndSolve: Continuing on as usual.
77fe6 info: *** PlayerThread ***
7fff6 info: *** SolverThread ***
6ffd6 config: VCS: reading captured set patterns from '/home/linus/MoHex2.0/nfbranchfix/benzene-vanilla-cmake/share/vc-captured-set.txt'.
6ffd6 config: VCS:: parsed 2 patterns.
6ffd6 config: VCS: reading captured set patterns from '/home/linus/MoHex2.0/nfbranchfix/benzene-vanilla-cmake/share/vc-captured-set.txt'.
6ffd6 config: VCS:: parsed 2 patterns.
6ffd6 dfpn: 
77fe6 info: Winning SC.
77fe6 info: *** Player move: e6
7fff6 info: 
MID calls      0
VC builds      1
Terminal       1
Work           1
Wasted Work    0 (0%)
Elapsed Time   0.011737
MIDs/sec       0
VCs/sec        85.2006
Cnt prune sib  0
Avg prune sib  -
Consider Size  -
Move Index     -
Move Percent   -
Delta Increase -
Winner         white
PV             

HashTableStatistics:
Stores         589
LookupAttempt  56237
LookupSuccess  3294
Collisions     0

33697 info: PlayAndSolve: Building VCs to avoid race condition.
33697 info: PlayAndSolve: Continuing on as usual.
7fff6 info: *** PlayerThread ***
77fe6 info: *** SolverThread ***
6ffd6 config: VCS: reading captured set patterns from '/home/linus/MoHex2.0/nfbranchfix/benzene-vanilla-cmake/share/vc-captured-set.txt'.
6ffd6 config: VCS:: parsed 2 patterns.
6ffd6 config: VCS: reading captured set patterns from '/home/linus/MoHex2.0/nfbranchfix/benzene-vanilla-cmake/share/vc-captured-set.txt'.
6ffd6 config: VCS:: parsed 2 patterns.
6ffd6 dfpn: 
7fff6 info: Winning SC.
7fff6 info: *** Player move: c5
77fe6 info: 
MID calls      0
VC builds      1
Terminal       1
Work           1
Wasted Work    0 (0%)
Elapsed Time   0.012937
MIDs/sec       0
VCs/sec        77.2977
Cnt prune sib  0
Avg prune sib  -
Consider Size  -
Move Index     -
Move Percent   -
Delta Increase -
Winner         white
PV             

HashTableStatistics:
Stores         590
LookupAttempt  56243
LookupSuccess  3297
Collisions     0

33697 info: PlayAndSolve: Building VCs to avoid race condition.
33697 info: PlayAndSolve: Continuing on as usual.
77fe6 info: *** PlayerThread ***
7fff6 info: *** SolverThread ***
6ffd6 config: VCS: reading captured set patterns from '/home/linus/MoHex2.0/nfbranchfix/benzene-vanilla-cmake/share/vc-captured-set.txt'.
6ffd6 config: VCS:: parsed 2 patterns.
6ffd6 config: VCS: reading captured set patterns from '/home/linus/MoHex2.0/nfbranchfix/benzene-vanilla-cmake/share/vc-captured-set.txt'.
6ffd6 config: VCS:: parsed 2 patterns.
6ffd6 dfpn: 
77fe6 info: Winning SC.
77fe6 info: *** Player move: c6
7fff6 info: 
MID calls      0
VC builds      1
Terminal       1
Work           1
Wasted Work    0 (0%)
Elapsed Time   0.011267
MIDs/sec       0
VCs/sec        88.7548
Cnt prune sib  0
Avg prune sib  -
Consider Size  -
Move Index     -
Move Percent   -
Delta Increase -
Winner         white
PV             

HashTableStatistics:
Stores         591
LookupAttempt  56249
LookupSuccess  3300
Collisions     0

33697 info: PlayAndSolve: Building VCs to avoid race condition.
33697 info: PlayAndSolve: Continuing on as usual.
7fff6 info: *** PlayerThread ***
77fe6 info: *** SolverThread ***
6ffd6 config: VCS: reading captured set patterns from '/home/linus/MoHex2.0/nfbranchfix/benzene-vanilla-cmake/share/vc-captured-set.txt'.
6ffd6 config: VCS:: parsed 2 patterns.
6ffd6 config: VCS: reading captured set patterns from '/home/linus/MoHex2.0/nfbranchfix/benzene-vanilla-cmake/share/vc-captured-set.txt'.
6ffd6 config: VCS:: parsed 2 patterns.
6ffd6 dfpn: 
7fff6 info: Winning SC.
7fff6 info: *** Player move: j3
77fe6 info: 
MID calls      0
VC builds      1
Terminal       1
Work           1
Wasted Work    0 (0%)
Elapsed Time   0.0182
MIDs/sec       0
VCs/sec        54.9451
Cnt prune sib  0
Avg prune sib  -
Consider Size  -
Move Index     -
Move Percent   -
Delta Increase -
Winner         white
PV             

HashTableStatistics:
Stores         592
LookupAttempt  56255
LookupSuccess  3303
Collisions     0

33697 info: PlayAndSolve: Building VCs to avoid race condition.
33697 info: PlayAndSolve: Continuing on as usual.
77fe6 info: *** PlayerThread ***
7fff6 info: *** SolverThread ***
6ffd6 config: VCS: reading captured set patterns from '/home/linus/MoHex2.0/nfbranchfix/benzene-vanilla-cmake/share/vc-captured-set.txt'.
6ffd6 config: VCS:: parsed 2 patterns.
6ffd6 config: VCS: reading captured set patterns from '/home/linus/MoHex2.0/nfbranchfix/benzene-vanilla-cmake/share/vc-captured-set.txt'.
6ffd6 config: VCS:: parsed 2 patterns.
6ffd6 dfpn: 
77fe6 info: Winning SC.
77fe6 info: *** Player move: c4
7fff6 info: 
MID calls      0
VC builds      1
Terminal       1
Work           1
Wasted Work    0 (0%)
Elapsed Time   0.008167
MIDs/sec       0
VCs/sec        122.444
Cnt prune sib  0
Avg prune sib  -
Consider Size  -
Move Index     -
Move Percent   -
Delta Increase -
Winner         white
PV             

HashTableStatistics:
Stores         593
LookupAttempt  56261
LookupSuccess  3306
Collisions     0

33697 info: PlayAndSolve: Building VCs to avoid race condition.
33697 info: PlayAndSolve: Continuing on as usual.
7fff6 info: *** PlayerThread ***
77fe6 info: *** SolverThread ***
6ffd6 config: VCS: reading captured set patterns from '/home/linus/MoHex2.0/nfbranchfix/benzene-vanilla-cmake/share/vc-captured-set.txt'.
6ffd6 config: VCS:: parsed 2 patterns.
6ffd6 config: VCS: reading captured set patterns from '/home/linus/MoHex2.0/nfbranchfix/benzene-vanilla-cmake/share/vc-captured-set.txt'.
6ffd6 config: VCS:: parsed 2 patterns.
6ffd6 dfpn: 
7fff6 info: Winning SC.
7fff6 info: *** Player move: b3
77fe6 info: 
MID calls      0
VC builds      1
Terminal       1
Work           1
Wasted Work    0 (0%)
Elapsed Time   0.008158
MIDs/sec       0
VCs/sec        122.579
Cnt prune sib  0
Avg prune sib  -
Consider Size  -
Move Index     -
Move Percent   -
Delta Increase -
Winner         white
PV             

HashTableStatistics:
Stores         594
LookupAttempt  56267
LookupSuccess  3309
Collisions     0

33697 info: PlayAndSolve: Building VCs to avoid race condition.
33697 info: PlayAndSolve: Continuing on as usual.
77fe6 info: *** PlayerThread ***
7fff6 info: *** SolverThread ***
6ffd6 config: VCS: reading captured set patterns from '/home/linus/MoHex2.0/nfbranchfix/benzene-vanilla-cmake/share/vc-captured-set.txt'.
6ffd6 config: VCS:: parsed 2 patterns.
6ffd6 config: VCS: reading captured set patterns from '/home/linus/MoHex2.0/nfbranchfix/benzene-vanilla-cmake/share/vc-captured-set.txt'.
6ffd6 config: VCS:: parsed 2 patterns.
6ffd6 dfpn: 
77fe6 info: Winning SC.
77fe6 info: *** Player move: g4
7fff6 info: 
MID calls      0
VC builds      1
Terminal       1
Work           1
Wasted Work    0 (0%)
Elapsed Time   0.008664
MIDs/sec       0
VCs/sec        115.42
Cnt prune sib  0
Avg prune sib  -
Consider Size  -
Move Index     -
Move Percent   -
Delta Increase -
Winner         white
PV             

HashTableStatistics:
Stores         595
LookupAttempt  56273
LookupSuccess  3312
Collisions     0

33697 info: PlayAndSolve: Building VCs to avoid race condition.
33697 info: PlayAndSolve: Continuing on as usual.
7fff6 info: *** PlayerThread ***
77fe6 info: *** SolverThread ***
6ffd6 config: VCS: reading captured set patterns from '/home/linus/MoHex2.0/nfbranchfix/benzene-vanilla-cmake/share/vc-captured-set.txt'.
6ffd6 config: VCS:: parsed 2 patterns.
6ffd6 config: VCS: reading captured set patterns from '/home/linus/MoHex2.0/nfbranchfix/benzene-vanilla-cmake/share/vc-captured-set.txt'.
6ffd6 config: VCS:: parsed 2 patterns.
6ffd6 dfpn: 
7fff6 info: Winning SC.
7fff6 info: *** Player move: k3
77fe6 info: 
MID calls      0
VC builds      1
Terminal       1
Work           1
Wasted Work    0 (0%)
Elapsed Time   0.008231
MIDs/sec       0
VCs/sec        121.492
Cnt prune sib  0
Avg prune sib  -
Consider Size  -
Move Index     -
Move Percent   -
Delta Increase -
Winner         white
PV             

HashTableStatistics:
Stores         596
LookupAttempt  56279
LookupSuccess  3315
Collisions     0

33697 info: PlayAndSolve: Building VCs to avoid race condition.
33697 info: PlayAndSolve: Continuing on as usual.
77fe6 info: *** PlayerThread ***
7fff6 info: *** SolverThread ***
6ffd6 config: VCS: reading captured set patterns from '/home/linus/MoHex2.0/nfbranchfix/benzene-vanilla-cmake/share/vc-captured-set.txt'.
6ffd6 config: VCS:: parsed 2 patterns.
6ffd6 config: VCS: reading captured set patterns from '/home/linus/MoHex2.0/nfbranchfix/benzene-vanilla-cmake/share/vc-captured-set.txt'.
6ffd6 config: VCS:: parsed 2 patterns.
6ffd6 dfpn: 
77fe6 info: Captured cells caused win! Removing...
7fff6 info: 
MID calls      0
VC builds      1
Terminal       1
Work           1
Wasted Work    0 (0%)
Elapsed Time   0.003645
MIDs/sec       0
VCs/sec        274.348
Cnt prune sib  0
Avg prune sib  -
Consider Size  -
Move Index     -
Move Percent   -
Delta Increase -
Winner         white
PV             

HashTableStatistics:
Stores         597
LookupAttempt  56285
LookupSuccess  3318
Collisions     0

77fe6 info: Winning SC.
77fe6 info: *** Player move: a3
33697 config: ============ BenzeneShutdown =============
33697 config: MoHexProgram:: ShutdownSystem()
33697 config: CommonProgram:: ShutdownSystem()
33697 config: BenzeneProgram:: ShutdownSystem()
Flushing and closing this stream...
