35be7 config: MoHex v2.0.CMake Mar 21 2025.
35be7 config: ============ InitializeSystem ============
35be7 config: BenzeneProgram::InitRandom()
35be7 config: Seed = 392324
35be7 info: Prior Patterns:
35be7 info: Global:
35be7 info: Size            = 565 32648 
35be7 info: TableEntries    = 65932 65910
35be7 info: MirrorsAdded    = 0 0
35be7 info: PrunableCount   = 30593 30629
35be7 info: LargestGamma    = 5820.77
35be7 info: SmallestGamma   = 6.6e-05
35be7 info: Local:
35be7 info: Size            = 550 5318 
35be7 info: TableEntries    = 11602 11588
35be7 info: MirrorsAdded    = 0 0
35be7 info: PrunableCount   = 3659 3667
35be7 info: LargestGamma    = 11281.8
35be7 info: SmallestGamma   = 0.026235
35be7 info: Playout Patterns:
35be7 info: Global:
35be7 info: Size            = 565 32648 
35be7 info: TableEntries    = 70329 70329
35be7 info: MirrorsAdded    = 4397 4419
35be7 info: PrunableCount   = 30593 30629
35be7 info: LargestGamma    = 5820.77
35be7 info: SmallestGamma   = 6.6e-05
35be7 info: Local:
35be7 info: Size            = 550 5318 
35be7 info: TableEntries    = 11602 11588
35be7 info: MirrorsAdded    = 0 0
35be7 info: PrunableCount   = 3659 3667
35be7 info: LargestGamma    = 11281.8
35be7 info: SmallestGamma   = 0.026235
35be7 config: IcePatternSet: reading from '/home/linus/MoHex2.0/nfbranchfix/benzene-vanilla-cmake/share/ice-patterns.txt'.
35be7 config: IcePatternSet: parsed 708 patterns.
35be7 config: VCS: reading captured set patterns from '/home/linus/MoHex2.0/nfbranchfix/benzene-vanilla-cmake/share/vc-captured-set.txt'.
35be7 config: VCS:: parsed 2 patterns.
35be7 config: VCS: reading captured set patterns from '/home/linus/MoHex2.0/nfbranchfix/benzene-vanilla-cmake/share/vc-captured-set.txt'.
35be7 config: VCS:: parsed 2 patterns.
35be7 config: IcePatternSet: reading from '/home/linus/MoHex2.0/nfbranchfix/benzene-vanilla-cmake/share/ice-patterns.txt'.
35be7 config: IcePatternSet: parsed 708 patterns.
35be7 config: VCS: reading captured set patterns from '/home/linus/MoHex2.0/nfbranchfix/benzene-vanilla-cmake/share/vc-captured-set.txt'.
35be7 config: VCS:: parsed 2 patterns.
35be7 config: VCS: reading captured set patterns from '/home/linus/MoHex2.0/nfbranchfix/benzene-vanilla-cmake/share/vc-captured-set.txt'.
35be7 config: VCS:: parsed 2 patterns.
35be7 config: VCS: reading captured set patterns from '/home/linus/MoHex2.0/nfbranchfix/benzene-vanilla-cmake/share/vc-captured-set.txt'.
35be7 config: VCS:: parsed 2 patterns.
35be7 config: VCS: reading captured set patterns from '/home/linus/MoHex2.0/nfbranchfix/benzene-vanilla-cmake/share/vc-captured-set.txt'.
35be7 config: VCS:: parsed 2 patterns.
35be7 config: VCS: reading captured set patterns from '/home/linus/MoHex2.0/nfbranchfix/benzene-vanilla-cmake/share/vc-captured-set.txt'.
35be7 config: VCS:: parsed 2 patterns.
35be7 config: VCS: reading captured set patterns from '/home/linus/MoHex2.0/nfbranchfix/benzene-vanilla-cmake/share/vc-captured-set.txt'.
35be7 config: VCS:: parsed 2 patterns.
35be7 info: SwapCheck: reading from '/home/linus/MoHex2.0/nfbranchfix/benzene-vanilla-cmake/share/swap-moves.txt'.
35be7 info: SwapCheck: playing swap.
35be7 info: PlayAndSolve: Building VCs to avoid race condition.
35be7 config: VCPattern: loading pattern templates from '/home/linus/MoHex2.0/nfbranchfix/benzene-vanilla-cmake/share/vc-patterns.txt'.
35be7 info: PlayAndSolve: Continuing on as usual.
7fff6 info: *** PlayerThread ***
77fe6 info: *** SolverThread ***
6ffd6 config: VCS: reading captured set patterns from '/home/linus/MoHex2.0/nfbranchfix/benzene-vanilla-cmake/share/vc-captured-set.txt'.
6ffd6 config: VCS:: parsed 2 patterns.
6ffd6 config: VCS: reading captured set patterns from '/home/linus/MoHex2.0/nfbranchfix/benzene-vanilla-cmake/share/vc-captured-set.txt'.
6ffd6 config: VCS:: parsed 2 patterns.
6ffd6 dfpn: 
7fff6 info: Best move cannot be determined, must search state.
7fff6 info: --- MoHexPlayer::Search() ---
7fff6 info: Color: black
7fff6 info: MaxGames: 1
7fff6 info: NumberThreads: 1
7fff6 info: MaxNodes: 9090 (799920 bytes)
7fff6 info: TimeForMove: 1
6ffd6 dfpn: b10
6ffd6 dfpn: d8
6ffd6 dfpn: c9
6ffd6 dfpn: e7
6ffd6 dfpn: h4
6ffd6 dfpn: e8
6ffd6 dfpn: g5
6ffd6 dfpn: d7
6ffd6 dfpn: e6
6ffd6 dfpn: d9
6ffd6 dfpn: f6
6ffd6 dfpn: f7
6ffd6 dfpn: f5
6ffd6 dfpn: i3
6ffd6 dfpn: g6
6ffd6 dfpn: c8
6ffd6 dfpn: c10
6ffd6 dfpn: g4
6ffd6 dfpn: h5
6ffd6 dfpn: f8
6ffd6 dfpn: d10
6ffd6 dfpn: e5
6ffd6 dfpn: b9
6ffd6 dfpn: d6
6ffd6 dfpn: g7
6ffd6 dfpn: c10
7fff6 info: PreSearch: max time reached (60/94).
7fff6 info: Time for PreSearch: 0.201297s
7fff6 info: 
  0d488cc0317a28c5
  a  b  c  d  e  f  g  h  i  j  k  
 1\b  b  b  b  .  .  .  .  .  .  .\1
  2\b  B  .  *  *  *  *  *  *  *  *\2
   3\.  *  *  *  *  *  *  *  *  *  *\3
    4\*  *  *  *  *  *  *  *  *  *  *\4
     5\*  *  *  *  *  *  *  *  *  *  *\5
      6\*  *  *  *  *  *  *  *  *  *  *\6
       7\*  *  *  *  *  *  *  *  *  *  *\7
        8\*  *  *  *  *  *  *  *  *  *  *\8
         9\*  *  *  *  *  *  *  *  *  *  *\9
         10\*  *  *  *  *  *  *  *  *  *  .\10
          11\.  .  .  .  .  .  .  W  .  .  .\11
              a  b  c  d  e  f  g  h  i  j  k  
6ffd6 dfpn: d10
7fff6 info: No subtree to reuse.
7fff6 info: Creating thread 0
7fff6 info: StartSearch()[0]
7fff6 config: VCS: reading captured set patterns from '/home/linus/MoHex2.0/nfbranchfix/benzene-vanilla-cmake/share/vc-captured-set.txt'.
7fff6 config: VCS:: parsed 2 patterns.
7fff6 config: VCS: reading captured set patterns from '/home/linus/MoHex2.0/nfbranchfix/benzene-vanilla-cmake/share/vc-captured-set.txt'.
7fff6 config: VCS:: parsed 2 patterns.
7fff6 info: 
Elapsed Time   0.581105s
Count          1
GamesPlayed    1
Nodes          1
Knowledge      0 (0.0%)
Expansions     0.0
Time           0.00
GameLen        114.0 dev=0.0 min=114.0 max=114.0
InTree         0.0 dev=0.0 min=0.0 max=0.0
KnowDepth      -
Aborted        0%
Games/s        357.1
Score          0.00
Sequence      
7fff6 info: 
7fff6 warning: **** MoHexSearch returned empty sequence!
7fff6 warning: **** Returning random move!
7fff6 info: *** Player move: g1
6ffd6 info: DfpnSolver::CheckAbort(): Abort flag!
77fe6 info: 
MID calls      83
VC builds      81
Terminal       0
Work           83
Wasted Work    0 (0%)
Elapsed Time   0.595205
MIDs/sec       139.448
VCs/sec        136.088
Cnt prune sib  0
Avg prune sib  -
Consider Size  85.1111 dev=5.73699 min=73 max=94
Move Index     -
Move Percent   -
Delta Increase 3.07317 dev=12.8905 min=1 max=88
Winner         empty
PV             d10 f5 h4

HashTableStatistics:
Stores         192
LookupAttempt  16709
LookupSuccess  867
Collisions     0

77fe6 info: Search aborted.
35be7 info: PlayAndSolve: Building VCs to avoid race condition.
35be7 info: PlayAndSolve: Continuing on as usual.
77fe6 info: *** PlayerThread ***
7fff6 info: *** SolverThread ***
6ffd6 config: VCS: reading captured set patterns from '/home/linus/MoHex2.0/nfbranchfix/benzene-vanilla-cmake/share/vc-captured-set.txt'.
6ffd6 config: VCS:: parsed 2 patterns.
6ffd6 config: VCS: reading captured set patterns from '/home/linus/MoHex2.0/nfbranchfix/benzene-vanilla-cmake/share/vc-captured-set.txt'.
6ffd6 config: VCS:: parsed 2 patterns.
6ffd6 dfpn: 
77fe6 info: Best move cannot be determined, must search state.
77fe6 info: --- MoHexPlayer::Search() ---
77fe6 info: Color: black
77fe6 info: MaxGames: 1
77fe6 info: NumberThreads: 1
77fe6 info: MaxNodes: 9090 (799920 bytes)
77fe6 info: TimeForMove: 1
6ffd6 dfpn: d8
6ffd6 dfpn: d7
6ffd6 dfpn: e7
6ffd6 dfpn: e8
6ffd6 dfpn: e6
6ffd6 dfpn: g5
6ffd6 dfpn: h4
6ffd6 dfpn: f6
6ffd6 dfpn: f7
6ffd6 dfpn: c9
6ffd6 dfpn: f5
6ffd6 dfpn: d9
6ffd6 dfpn: g6
6ffd6 dfpn: c8
6ffd6 dfpn: f8
6ffd6 dfpn: h5
6ffd6 dfpn: g4
6ffd6 dfpn: e5
6ffd6 dfpn: d6
6ffd6 dfpn: i3
6ffd6 dfpn: g7
6ffd6 dfpn: c10
77fe6 info: PreSearch: max time reached (62/83).
77fe6 info: Time for PreSearch: 0.202004s
77fe6 info: 
  025c51aabce24a52
  a  b  c  d  e  f  g  h  i  j  k  
 1\b  b  b  b  b  b  B  .  .  .  .\1
  2\b  B  .  .  .  .  *  *  *  *  *\2
   3\.  *  *  *  *  *  *  *  *  *  *\3
    4\*  *  *  *  *  *  *  *  *  *  *\4
     5\*  *  *  *  *  *  *  *  *  *  *\5
      6\.  *  *  *  *  *  *  *  *  *  *\6
       7\w  .  *  *  *  *  *  *  *  *  *\7
        8\w  W  *  *  *  *  *  *  *  *  *\8
         9\w  .  *  *  *  *  *  *  *  *  *\9
         10\w  *  *  *  *  *  *  *  *  *  .\10
          11\.  .  .  .  .  .  .  W  .  .  .\11
              a  b  c  d  e  f  g  h  i  j  k  
77fe6 info: Old: [black, b2] [white, swap-pieces] [white, h11] 
77fe6 info: New: [black, b2] [white, swap-pieces] [white, h11] [black, g1] [white, b8] 
77fe6 info: MovesPlayed: [black, g1] [white, b8] 
77fe6 info: No subtree to reuse.
77fe6 info: StartSearch()[0]
77fe6 info: 
Elapsed Time   0.348355s
Count          1
GamesPlayed    1
Nodes          1
Knowledge      0 (0.0%)
Expansions     0.0
Time           0.00
GameLen        106.0 dev=0.0 min=106.0 max=106.0
InTree         0.0 dev=0.0 min=0.0 max=0.0
KnowDepth      -
Aborted        0%
Games/s        3436.4
Score          1.00
Sequence      
77fe6 info: 
77fe6 warning: **** MoHexSearch returned empty sequence!
77fe6 warning: **** Returning random move!
77fe6 info: *** Player move: c11
6ffd6 info: DfpnSolver::CheckAbort(): Abort flag!
7fff6 info: 
MID calls      59
VC builds      58
Terminal       0
Work           59
Wasted Work    0 (0%)
Elapsed Time   0.360896
MIDs/sec       163.482
VCs/sec        160.711
Cnt prune sib  1
Avg prune sib  1 dev=0 min=1 max=1
Consider Size  77.2931 dev=5.07199 min=65 max=83
Move Index     -
Move Percent   -
Delta Increase 3.67241 dev=13.9573 min=1 max=79
Winner         empty
PV             c10 d8 g8 f7

HashTableStatistics:
Stores         330
LookupAttempt  28256
LookupSuccess  1458
Collisions     0

7fff6 info: Search aborted.
35be7 info: PlayAndSolve: Building VCs to avoid race condition.
35be7 info: PlayAndSolve: Continuing on as usual.
7fff6 info: *** PlayerThread ***
77fe6 info: *** SolverThread ***
6ffd6 config: VCS: reading captured set patterns from '/home/linus/MoHex2.0/nfbranchfix/benzene-vanilla-cmake/share/vc-captured-set.txt'.
6ffd6 config: VCS:: parsed 2 patterns.
6ffd6 config: VCS: reading captured set patterns from '/home/linus/MoHex2.0/nfbranchfix/benzene-vanilla-cmake/share/vc-captured-set.txt'.
6ffd6 config: VCS:: parsed 2 patterns.
6ffd6 dfpn: 
6ffd6 dfpn: d8
7fff6 info: Best move cannot be determined, must search state.
7fff6 info: --- MoHexPlayer::Search() ---
7fff6 info: Color: black
7fff6 info: MaxGames: 1
7fff6 info: NumberThreads: 1
7fff6 info: MaxNodes: 9090 (799920 bytes)
7fff6 info: TimeForMove: 1
6ffd6 dfpn: d7
6ffd6 dfpn: e7
6ffd6 dfpn: e6
6ffd6 dfpn: e8
6ffd6 dfpn: g3
6ffd6 dfpn: c9
6ffd6 dfpn: e5
6ffd6 dfpn: f4
6ffd6 dfpn: c8
6ffd6 dfpn: f6
6ffd6 dfpn: f5
6ffd6 dfpn: d6
6ffd6 dfpn: g4
6ffd6 dfpn: f7
6ffd6 dfpn: d9
6ffd6 dfpn: h2
6ffd6 dfpn: g5
6ffd6 dfpn: e4
6ffd6 dfpn: g6
6ffd6 dfpn: c7
6ffd6 dfpn: f8
6ffd6 dfpn: c9
7fff6 info: PreSearch: max time reached (76/82).
7fff6 info: Time for PreSearch: 0.200395s
7fff6 info: 
  0fc562e0e6ed7262
  a  b  c  d  e  f  g  h  i  j  k  
 1\b  b  b  b  b  b  B  .  .  W  *\1
  2\b  B  .  .  .  .  *  *  *  *  *\2
   3\.  .  *  *  *  *  *  *  *  *  *\3
    4\*  *  *  *  *  *  *  *  *  *  *\4
     5\*  *  *  *  *  *  *  *  *  *  *\5
      6\.  *  *  *  *  *  *  *  *  *  *\6
       7\w  .  *  *  *  *  *  *  *  *  *\7
        8\w  W  *  *  *  *  *  *  *  *  *\8
         9\w  .  *  *  *  *  *  *  *  *  *\9
         10\w  .  .  *  *  *  *  *  *  *  .\10
          11\b  b  B  .  .  .  .  W  .  .  .\11
              a  b  c  d  e  f  g  h  i  j  k  
7fff6 info: Old: [black, b2] [white, swap-pieces] [white, h11] [black, g1] [white, b8] 
7fff6 info: New: [black, b2] [white, swap-pieces] [white, h11] [black, g1] [white, b8] [black, c11] [white, j1] 
7fff6 info: MovesPlayed: [black, c11] [white, j1] 
7fff6 info: No subtree to reuse.
7fff6 info: StartSearch()[0]
7fff6 info: 
Elapsed Time   0.348048s
Count          1
GamesPlayed    1
Nodes          1
Knowledge      0 (0.0%)
Expansions     0.0
Time           0.00
GameLen        102.0 dev=0.0 min=102.0 max=102.0
InTree         0.0 dev=0.0 min=0.0 max=0.0
KnowDepth      -
Aborted        0%
Games/s        2967.4
Score          1.00
Sequence      
7fff6 info: 
7fff6 warning: **** MoHexSearch returned empty sequence!
7fff6 warning: **** Returning random move!
7fff6 info: *** Player move: d10
6ffd6 info: DfpnSolver::CheckAbort(): Abort flag!
77fe6 info: 
MID calls      65
VC builds      63
Terminal       0
Work           65
Wasted Work    0 (0%)
Elapsed Time   0.360286
MIDs/sec       180.412
VCs/sec        174.861
Cnt prune sib  0
Avg prune sib  -
Consider Size  72.7301 dev=10.3728 min=19 max=82
Move Index     -
Move Percent   -
Delta Increase 3.32812 dev=12.6948 min=1 max=74
Winner         empty
PV             c9 e8 c6 d7

HashTableStatistics:
Stores         481
LookupAttempt  40184
LookupSuccess  2102
Collisions     0

77fe6 info: Search aborted.
35be7 info: PlayAndSolve: Building VCs to avoid race condition.
35be7 info: PlayAndSolve: Continuing on as usual.
77fe6 info: *** PlayerThread ***
7fff6 info: *** SolverThread ***
6ffd6 config: VCS: reading captured set patterns from '/home/linus/MoHex2.0/nfbranchfix/benzene-vanilla-cmake/share/vc-captured-set.txt'.
6ffd6 config: VCS:: parsed 2 patterns.
6ffd6 config: VCS: reading captured set patterns from '/home/linus/MoHex2.0/nfbranchfix/benzene-vanilla-cmake/share/vc-captured-set.txt'.
6ffd6 config: VCS:: parsed 2 patterns.
6ffd6 dfpn: 
77fe6 info: Best move cannot be determined, must search state.
77fe6 info: --- MoHexPlayer::Search() ---
77fe6 info: Color: black
77fe6 info: MaxGames: 1
77fe6 info: NumberThreads: 1
77fe6 info: MaxNodes: 9090 (799920 bytes)
77fe6 info: TimeForMove: 1
6ffd6 dfpn: d8
6ffd6 dfpn: d7
6ffd6 dfpn: e7
6ffd6 dfpn: e8
6ffd6 dfpn: e6
6ffd6 dfpn: f3
6ffd6 dfpn: d6
6ffd6 dfpn: e5
6ffd6 dfpn: e4
6ffd6 dfpn: f6
6ffd6 dfpn: f4
6ffd6 dfpn: f7
6ffd6 dfpn: g3
6ffd6 dfpn: f5
6ffd6 dfpn: c8
6ffd6 dfpn: g2
6ffd6 dfpn: d5
6ffd6 dfpn: g4
6ffd6 dfpn: c7
6ffd6 dfpn: d9
6ffd6 dfpn: g5
6ffd6 dfpn: c9
6ffd6 dfpn: d7
77fe6 info: PreSearch: max time reached (72/81).
77fe6 info: Time for PreSearch: 0.20029s
6ffd6 dfpn: d8
77fe6 info: 
  86ace3f71e93c61f
  a  b  c  d  e  f  g  h  i  j  k  
 1\b  b  b  b  b  b  B  W  *  W  *\1
  2\b  B  .  .  .  .  *  *  *  *  *\2
   3\.  .  *  *  *  *  *  *  *  *  *\3
    4\*  *  *  *  *  *  *  *  *  *  *\4
     5\*  *  *  *  *  *  *  *  *  *  *\5
      6\.  *  *  *  *  *  *  *  *  *  *\6
       7\w  .  *  *  *  *  *  *  *  *  *\7
        8\w  W  *  *  *  *  *  *  *  *  *\8
         9\w  .  *  *  *  *  *  *  *  *  *\9
         10\w  .  .  B  .  .  *  *  *  *  .\10
          11\b  b  B  b  b  .  .  W  .  .  .\11
              a  b  c  d  e  f  g  h  i  j  k  
77fe6 info: Old: [black, b2] [white, swap-pieces] [white, h11] [black, g1] [white, b8] [black, c11] [white, j1] 
77fe6 info: New: [black, b2] [white, swap-pieces] [white, h11] [black, g1] [white, b8] [black, c11] [white, j1] [black, d10] [white, h1] 
77fe6 info: MovesPlayed: [black, d10] [white, h1] 
77fe6 info: No subtree to reuse.
6ffd6 dfpn: g3
77fe6 info: StartSearch()[0]
77fe6 info: 
Elapsed Time   0.567071s
Count          1
GamesPlayed    1
Nodes          1
Knowledge      0 (0.0%)
Expansions     0.0
Time           0.00
GameLen        98.0 dev=0.0 min=98.0 max=98.0
InTree         0.0 dev=0.0 min=0.0 max=0.0
KnowDepth      -
Aborted        0%
Games/s        3344.5
Score          1.00
Sequence      
77fe6 info: 
77fe6 warning: **** MoHexSearch returned empty sequence!
77fe6 warning: **** Returning random move!
77fe6 info: *** Player move: b10
6ffd6 info: DfpnSolver::CheckAbort(): Abort flag!
7fff6 info: 
MID calls      107
VC builds      102
Terminal       0
Work           107
Wasted Work    0 (0%)
Elapsed Time   0.578391
MIDs/sec       184.996
VCs/sec        176.351
Cnt prune sib  2
Avg prune sib  2 dev=1 min=1 max=3
Consider Size  67.0588 dev=13.4112 min=10 max=81
Move Index     -
Move Percent   -
Delta Increase 3.08491 dev=11.343 min=1 max=72
Winner         empty
PV             g3 e8 d8

HashTableStatistics:
Stores         719
LookupAttempt  55126
LookupSuccess  2884
Collisions     0

7fff6 info: Search aborted.
35be7 info: PlayAndSolve: Building VCs to avoid race condition.
35be7 info: PlayAndSolve: Continuing on as usual.
7fff6 info: *** PlayerThread ***
77fe6 info: *** SolverThread ***
6ffd6 config: VCS: reading captured set patterns from '/home/linus/MoHex2.0/nfbranchfix/benzene-vanilla-cmake/share/vc-captured-set.txt'.
6ffd6 config: VCS:: parsed 2 patterns.
6ffd6 config: VCS: reading captured set patterns from '/home/linus/MoHex2.0/nfbranchfix/benzene-vanilla-cmake/share/vc-captured-set.txt'.
6ffd6 config: VCS:: parsed 2 patterns.
6ffd6 dfpn: 
6ffd6 dfpn: d7
7fff6 info: Best move cannot be determined, must search state.
7fff6 info: --- MoHexPlayer::Search() ---
7fff6 info: Color: black
7fff6 info: MaxGames: 1
7fff6 info: NumberThreads: 1
7fff6 info: MaxNodes: 9090 (799920 bytes)
7fff6 info: TimeForMove: 1
6ffd6 dfpn: g2
6ffd6 dfpn: f3
6ffd6 dfpn: c8
6ffd6 dfpn: e5
6ffd6 dfpn: e7
6ffd6 dfpn: e4
6ffd6 dfpn: e6
6ffd6 dfpn: d6
6ffd6 dfpn: d8
6ffd6 dfpn: f4
6ffd6 dfpn: g3
6ffd6 dfpn: f5
6ffd6 dfpn: c7
6ffd6 dfpn: h2
6ffd6 dfpn: f6
6ffd6 dfpn: e3
6ffd6 dfpn: g4
6ffd6 dfpn: d5
6ffd6 dfpn: e8
6ffd6 dfpn: d7
7fff6 info: Time for PreSearch: 0.18215s
7fff6 info: 
  f37974fb57d5e644
  a  b  c  d  e  f  g  h  i  j  k  
 1\b  b  b  b  b  b  B  W  *  W  *\1
  2\b  B  b  .  .  .  *  *  *  *  *\2
   3\.  .  W  *  *  *  *  *  *  *  *\3
    4\*  .  *  *  *  *  *  *  *  *  *\4
     5\.  *  *  *  *  *  *  *  *  *  *\5
      6\.  *  *  *  *  *  *  *  *  *  *\6
       7\w  .  *  *  *  *  *  *  *  *  *\7
        8\w  W  *  *  *  *  *  *  *  *  *\8
         9\w  .  .  .  *  *  *  *  *  *  *\9
         10\b  B  b  B  .  .  *  *  *  *  .\10
          11\b  b  B  b  b  .  .  W  .  .  .\11
              a  b  c  d  e  f  g  h  i  j  k  
7fff6 info: Old: [black, b2] [white, swap-pieces] [white, h11] [black, g1] [white, b8] [black, c11] [white, j1] [black, d10] [white, h1] 
7fff6 info: New: [black, b2] [white, swap-pieces] [white, h11] [black, g1] [white, b8] [black, c11] [white, j1] [black, d10] [white, h1] [black, b10] [white, c3] 
7fff6 info: MovesPlayed: [black, b10] [white, c3] 
7fff6 info: No subtree to reuse.
6ffd6 dfpn: d8
7fff6 info: StartSearch()[0]
7fff6 info: 
Elapsed Time   0.328149s
Count          1
GamesPlayed    1
Nodes          1
Knowledge      0 (0.0%)
Expansions     0.0
Time           0.00
GameLen        94.0 dev=0.0 min=94.0 max=94.0
InTree         0.0 dev=0.0 min=0.0 max=0.0
KnowDepth      -
Aborted        0%
Games/s        2739.7
Score          1.00
Sequence      
7fff6 info: 
7fff6 warning: **** MoHexSearch returned empty sequence!
7fff6 warning: **** Returning random move!
7fff6 info: *** Player move: c8
6ffd6 info: DfpnSolver::CheckAbort(): Abort flag!
77fe6 info: 
MID calls      66
VC builds      63
Terminal       0
Work           66
Wasted Work    0 (0%)
Elapsed Time   0.342411
MIDs/sec       192.751
VCs/sec        183.989
Cnt prune sib  1
Avg prune sib  5 dev=0 min=5 max=5
Consider Size  62.4603 dev=14.2001 min=14 max=75
Move Index     -
Move Percent   -
Delta Increase 3.15385 dev=11.061 min=1 max=65
Winner         empty
PV             d8 f4 d5

HashTableStatistics:
Stores         872
LookupAttempt  65559
LookupSuccess  3480
Collisions     0

77fe6 info: Search aborted.
35be7 info: PlayAndSolve: Building VCs to avoid race condition.
35be7 info: PlayAndSolve: Continuing on as usual.
77fe6 info: *** PlayerThread ***
7fff6 info: *** SolverThread ***
6ffd6 config: VCS: reading captured set patterns from '/home/linus/MoHex2.0/nfbranchfix/benzene-vanilla-cmake/share/vc-captured-set.txt'.
6ffd6 config: VCS:: parsed 2 patterns.
6ffd6 config: VCS: reading captured set patterns from '/home/linus/MoHex2.0/nfbranchfix/benzene-vanilla-cmake/share/vc-captured-set.txt'.
6ffd6 config: VCS:: parsed 2 patterns.
6ffd6 dfpn: 
77fe6 info: Best move cannot be determined, must search state.
77fe6 info: --- MoHexPlayer::Search() ---
77fe6 info: Color: black
77fe6 info: MaxGames: 1
77fe6 info: NumberThreads: 1
77fe6 info: MaxNodes: 9090 (799920 bytes)
77fe6 info: TimeForMove: 1
6ffd6 dfpn: g2
6ffd6 dfpn: f3
6ffd6 dfpn: f4
6ffd6 dfpn: g3
6ffd6 dfpn: d6
6ffd6 dfpn: f2
6ffd6 dfpn: d7
6ffd6 dfpn: h2
6ffd6 dfpn: e5
6ffd6 dfpn: e6
6ffd6 dfpn: c7
6ffd6 dfpn: i1
6ffd6 dfpn: f5
6ffd6 dfpn: g4
6ffd6 dfpn: k1
6ffd6 dfpn: e4
6ffd6 dfpn: e7
6ffd6 dfpn: f6
6ffd6 dfpn: h3
6ffd6 dfpn: g5
6ffd6 dfpn: g2
77fe6 info: Time for PreSearch: 0.167109s
77fe6 info: 
  aa037291dd01baa2
  a  b  c  d  e  f  g  h  i  j  k  
 1\b  b  b  b  b  b  B  W  *  W  *\1
  2\b  B  b  .  W  *  *  *  *  *  *\2
   3\.  .  W  *  *  *  *  *  *  *  *\3
    4\*  .  *  *  *  *  *  *  *  *  *\4
     5\.  *  *  *  *  *  *  *  *  *  *\5
      6\.  *  *  *  *  *  *  *  *  *  *\6
       7\w  .  *  *  *  *  *  *  *  *  *\7
        8\w  W  B  .  *  *  *  *  *  *  *\8
         9\w  b  b  .  .  *  *  *  *  *  *\9
         10\b  B  b  B  .  .  *  *  *  *  .\10
          11\b  b  B  b  b  .  .  W  .  .  .\11
              a  b  c  d  e  f  g  h  i  j  k  
77fe6 info: Old: [black, b2] [white, swap-pieces] [white, h11] [black, g1] [white, b8] [black, c11] [white, j1] [black, d10] [white, h1] [black, b10] [white, c3] 
77fe6 info: New: [black, b2] [white, swap-pieces] [white, h11] [black, g1] [white, b8] [black, c11] [white, j1] [black, d10] [white, h1] [black, b10] [white, c3] [black, c8] [white, e2] 
77fe6 info: MovesPlayed: [black, c8] [white, e2] 
77fe6 info: No subtree to reuse.
77fe6 info: StartSearch()[0]
77fe6 info: 
Elapsed Time   0.332165s
Count          1
GamesPlayed    1
Nodes          1
Knowledge      0 (0.0%)
Expansions     0.0
Time           0.00
GameLen        90.0 dev=0.0 min=90.0 max=90.0
InTree         0.0 dev=0.0 min=0.0 max=0.0
KnowDepth      -
Aborted        0%
Games/s        3401.4
Score          1.00
Sequence      
77fe6 info: 
77fe6 warning: **** MoHexSearch returned empty sequence!
77fe6 warning: **** Returning random move!
77fe6 info: *** Player move: a6
6ffd6 info: DfpnSolver::CheckAbort(): Abort flag!
7fff6 info: 
MID calls      56
VC builds      54
Terminal       0
Work           56
Wasted Work    0 (0%)
Elapsed Time   0.344531
MIDs/sec       162.54
VCs/sec        156.735
Cnt prune sib  1
Avg prune sib  2 dev=0 min=2 max=2
Consider Size  63.7222 dev=4.47792 min=54 max=74
Move Index     -
Move Percent   -
Delta Increase 3.32727 dev=11.7953 min=1 max=66
Winner         empty
PV             g2 e7 d5 c7

HashTableStatistics:
Stores         1003
LookupAttempt  75064
LookupSuccess  4023
Collisions     0

7fff6 info: Search aborted.
35be7 info: PlayAndSolve: Building VCs to avoid race condition.
35be7 info: PlayAndSolve: Continuing on as usual.
7fff6 info: *** PlayerThread ***
77fe6 info: *** SolverThread ***
6ffd6 config: VCS: reading captured set patterns from '/home/linus/MoHex2.0/nfbranchfix/benzene-vanilla-cmake/share/vc-captured-set.txt'.
6ffd6 config: VCS:: parsed 2 patterns.
6ffd6 config: VCS: reading captured set patterns from '/home/linus/MoHex2.0/nfbranchfix/benzene-vanilla-cmake/share/vc-captured-set.txt'.
6ffd6 config: VCS:: parsed 2 patterns.
6ffd6 dfpn: 
6ffd6 dfpn: f3
7fff6 info: Best move cannot be determined, must search state.
7fff6 info: --- MoHexPlayer::Search() ---
7fff6 info: Color: black
7fff6 info: MaxGames: 1
7fff6 info: NumberThreads: 1
7fff6 info: MaxNodes: 9090 (799920 bytes)
7fff6 info: TimeForMove: 1
6ffd6 dfpn: g2
6ffd6 dfpn: c7
6ffd6 dfpn: d6
6ffd6 dfpn: d7
6ffd6 dfpn: e6
6ffd6 dfpn: f2
6ffd6 dfpn: f5
6ffd6 dfpn: e5
6ffd6 dfpn: f4
6ffd6 dfpn: g3
6ffd6 dfpn: e7
6ffd6 dfpn: c6
6ffd6 dfpn: f6
6ffd6 dfpn: e4
6ffd6 dfpn: d5
6ffd6 dfpn: k1
6ffd6 dfpn: i1
6ffd6 dfpn: h2
6ffd6 dfpn: g4
6ffd6 dfpn: g2
7fff6 info: Time for PreSearch: 0.172138s
6ffd6 dfpn: d7
7fff6 info: 
  cb84d21e84789d36
  a  b  c  d  e  f  g  h  i  j  k  
 1\b  b  b  b  b  b  B  W  *  W  *\1
  2\b  B  b  .  W  *  *  *  *  *  *\2
   3\.  .  W  *  *  *  *  *  *  *  *\3
    4\*  .  *  *  *  *  *  *  *  *  *\4
     5\.  *  *  *  *  *  *  *  *  *  *\5
      6\B  *  *  *  *  *  W  *  *  *  *\6
       7\.  *  *  *  *  *  *  *  *  *  *\7
        8\w  W  B  .  *  *  *  *  *  *  *\8
         9\w  b  b  .  .  *  *  *  *  *  *\9
         10\b  B  b  B  .  .  *  *  *  *  .\10
          11\b  b  B  b  b  .  .  W  .  .  .\11
              a  b  c  d  e  f  g  h  i  j  k  
7fff6 info: Old: [black, b2] [white, swap-pieces] [white, h11] [black, g1] [white, b8] [black, c11] [white, j1] [black, d10] [white, h1] [black, b10] [white, c3] [black, c8] [white, e2] 
7fff6 info: New: [black, b2] [white, swap-pieces] [white, h11] [black, g1] [white, b8] [black, c11] [white, j1] [black, d10] [white, h1] [black, b10] [white, c3] [black, c8] [white, e2] [black, a6] [white, g6] 
7fff6 info: MovesPlayed: [black, a6] [white, g6] 
7fff6 info: No subtree to reuse.
6ffd6 dfpn: g3
7fff6 info: StartSearch()[0]
7fff6 info: 
Elapsed Time   0.588807s
Count          1
GamesPlayed    1
Nodes          1
Knowledge      0 (0.0%)
Expansions     0.0
Time           0.00
GameLen        89.0 dev=0.0 min=89.0 max=89.0
InTree         0.0 dev=0.0 min=0.0 max=0.0
KnowDepth      -
Aborted        0%
Games/s        3571.4
Score          0.00
Sequence      
7fff6 info: 
7fff6 warning: **** MoHexSearch returned empty sequence!
7fff6 warning: **** Returning random move!
7fff6 info: *** Player move: a4
6ffd6 info: DfpnSolver::CheckAbort(): Abort flag!
77fe6 info: 
MID calls      93
VC builds      88
Terminal       0
Work           93
Wasted Work    0 (0%)
Elapsed Time   0.603421
MIDs/sec       154.121
VCs/sec        145.835
Cnt prune sib  1
Avg prune sib  2 dev=0 min=2 max=2
Consider Size  61.8068 dev=9.94061 min=10 max=74
Move Index     -
Move Percent   -
Delta Increase 3.07609 dev=9.34977 min=1 max=61
Winner         empty
PV             g3 e7 d6

HashTableStatistics:
Stores         1211
LookupAttempt  87303
LookupSuccess  4690
Collisions     0

77fe6 info: Search aborted.
35be7 info: PlayAndSolve: Building VCs to avoid race condition.
35be7 info: PlayAndSolve: Continuing on as usual.
77fe6 info: *** PlayerThread ***
7fff6 info: *** SolverThread ***
6ffd6 config: VCS: reading captured set patterns from '/home/linus/MoHex2.0/nfbranchfix/benzene-vanilla-cmake/share/vc-captured-set.txt'.
6ffd6 config: VCS:: parsed 2 patterns.
6ffd6 config: VCS: reading captured set patterns from '/home/linus/MoHex2.0/nfbranchfix/benzene-vanilla-cmake/share/vc-captured-set.txt'.
6ffd6 config: VCS:: parsed 2 patterns.
6ffd6 dfpn: 
77fe6 info: Best move cannot be determined, must search state.
77fe6 info: --- MoHexPlayer::Search() ---
77fe6 info: Color: black
77fe6 info: MaxGames: 1
77fe6 info: NumberThreads: 1
77fe6 info: MaxNodes: 9090 (799920 bytes)
77fe6 info: TimeForMove: 1
6ffd6 dfpn: c7
6ffd6 dfpn: d6
6ffd6 dfpn: c6
6ffd6 dfpn: d7
6ffd6 dfpn: b7
6ffd6 dfpn: e6
6ffd6 dfpn: f3
6ffd6 dfpn: g2
6ffd6 dfpn: b5
6ffd6 dfpn: f5
6ffd6 dfpn: e7
6ffd6 dfpn: e5
6ffd6 dfpn: b6
6ffd6 dfpn: d5
6ffd6 dfpn: f4
6ffd6 dfpn: f6
6ffd6 dfpn: g3
6ffd6 dfpn: f2
6ffd6 dfpn: b5
77fe6 info: Time for PreSearch: 0.144046s
77fe6 info: 
  d428f91fd95eda75
  a  b  c  d  e  f  g  h  i  j  k  
 1\b  b  b  b  b  b  B  W  *  W  *\1
  2\b  B  b  .  W  *  *  *  *  *  *\2
   3\b  b  W  *  *  *  *  *  *  *  *\3
    4\B  .  *  *  *  *  *  *  *  *  *\4
     5\.  *  *  *  *  *  *  *  *  *  *\5
      6\B  *  *  *  *  *  W  *  *  *  *\6
       7\.  *  *  *  *  *  *  *  *  *  .\7
        8\w  W  B  .  *  *  *  *  *  *  w\8
         9\w  b  b  .  .  *  *  *  *  .  w\9
         10\b  B  b  B  .  .  *  *  *  W  w\10
          11\b  b  B  b  b  .  .  W  .  b  b\11
              a  b  c  d  e  f  g  h  i  j  k  
77fe6 info: Old: [black, b2] [white, swap-pieces] [white, h11] [black, g1] [white, b8] [black, c11] [white, j1] [black, d10] [white, h1] [black, b10] [white, c3] [black, c8] [white, e2] [black, a6] [white, g6] 
77fe6 info: New: [black, b2] [white, swap-pieces] [white, h11] [black, g1] [white, b8] [black, c11] [white, j1] [black, d10] [white, h1] [black, b10] [white, c3] [black, c8] [white, e2] [black, a6] [white, g6] [black, a4] [white, j10] 
77fe6 info: MovesPlayed: [black, a4] [white, j10] 
77fe6 info: No subtree to reuse.
77fe6 info: StartSearch()[0]
77fe6 info: 
Elapsed Time   0.298572s
Count          1
GamesPlayed    1
Nodes          1
Knowledge      0 (0.0%)
Expansions     0.0
Time           0.00
GameLen        80.0 dev=0.0 min=80.0 max=80.0
InTree         0.0 dev=0.0 min=0.0 max=0.0
KnowDepth      -
Aborted        0%
Games/s        3424.7
Score          0.00
Sequence      
77fe6 info: 
77fe6 warning: **** MoHexSearch returned empty sequence!
77fe6 warning: **** Returning random move!
77fe6 info: *** Player move: i8
6ffd6 info: DfpnSolver::CheckAbort(): Abort flag!
7fff6 info: 
MID calls      80
VC builds      70
Terminal       1
Work           81
Wasted Work    0 (0%)
Elapsed Time   0.308455
MIDs/sec       259.357
VCs/sec        226.937
Cnt prune sib  1
Avg prune sib  1 dev=0 min=1 max=1
Consider Size  42.6232 dev=22.2444 min=1 max=68
Move Index     -
Move Percent   -
Delta Increase 3.94805 dev=10.2183 min=1 max=62
Winner         empty
PV             b5 c7 e6 e7 j4

HashTableStatistics:
Stores         1388
LookupAttempt  95669
LookupSuccess  5204
Collisions     0

7fff6 info: Search aborted.
35be7 info: PlayAndSolve: Building VCs to avoid race condition.
35be7 info: PlayAndSolve: Continuing on as usual.
7fff6 info: *** PlayerThread ***
77fe6 info: *** SolverThread ***
6ffd6 config: VCS: reading captured set patterns from '/home/linus/MoHex2.0/nfbranchfix/benzene-vanilla-cmake/share/vc-captured-set.txt'.
6ffd6 config: VCS:: parsed 2 patterns.
6ffd6 config: VCS: reading captured set patterns from '/home/linus/MoHex2.0/nfbranchfix/benzene-vanilla-cmake/share/vc-captured-set.txt'.
6ffd6 config: VCS:: parsed 2 patterns.
6ffd6 dfpn: 
7fff6 info: Best move cannot be determined, must search state.
7fff6 info: --- MoHexPlayer::Search() ---
7fff6 info: Color: black
7fff6 info: MaxGames: 1
7fff6 info: NumberThreads: 1
7fff6 info: MaxNodes: 9090 (799920 bytes)
7fff6 info: TimeForMove: 1
6ffd6 dfpn: c7
6ffd6 dfpn: d6
6ffd6 dfpn: d7
6ffd6 dfpn: c6
6ffd6 dfpn: e6
6ffd6 dfpn: b7
6ffd6 dfpn: f3
6ffd6 dfpn: e5
6ffd6 dfpn: b5
6ffd6 dfpn: e7
6ffd6 dfpn: g2
6ffd6 dfpn: b6
6ffd6 dfpn: d5
6ffd6 dfpn: f4
6ffd6 dfpn: f2
6ffd6 dfpn: f5
7fff6 info: PreSearch: max time reached (33/65).
7fff6 info: Time for PreSearch: 3.66081s
6ffd6 dfpn: e4
6ffd6 dfpn: g3
6ffd6 dfpn: b5
7fff6 info: 
  070e8434b9765d8c
  a  b  c  d  e  f  g  h  i  j  k  
 1\b  b  b  b  b  b  B  W  *  W  *\1
  2\b  B  b  .  W  *  *  *  *  *  *\2
   3\b  b  W  *  *  *  *  *  *  *  *\3
    4\B  .  *  *  *  *  *  *  *  *  *\4
     5\.  *  *  *  *  *  *  *  *  *  *\5
      6\B  *  *  *  *  *  W  *  *  *  *\6
       7\.  *  *  *  *  W  *  *  *  *  .\7
        8\w  W  B  .  .  *  *  *  B  *  w\8
         9\w  b  b  .  *  *  *  *  *  .  w\9
         10\b  B  b  B  .  *  *  *  *  W  w\10
          11\b  b  B  b  b  .  .  W  .  b  b\11
              a  b  c  d  e  f  g  h  i  j  k  
7fff6 info: Old: [black, b2] [white, swap-pieces] [white, h11] [black, g1] [white, b8] [black, c11] [white, j1] [black, d10] [white, h1] [black, b10] [white, c3] [black, c8] [white, e2] [black, a6] [white, g6] [black, a4] [white, j10] 
7fff6 info: New: [black, b2] [white, swap-pieces] [white, h11] [black, g1] [white, b8] [black, c11] [white, j1] [black, d10] [white, h1] [black, b10] [white, c3] [black, c8] [white, e2] [black, a6] [white, g6] [black, a4] [white, j10] [black, i8] [white, f7] 
7fff6 info: MovesPlayed: [black, i8] [white, f7] 
7fff6 info: No subtree to reuse.
7fff6 info: StartSearch()[0]
7fff6 info: 
Elapsed Time   3.81734s
Count          1
GamesPlayed    1
Nodes          1
Knowledge      0 (0.0%)
Expansions     0.0
Time           0.00
GameLen        78.0 dev=0.0 min=78.0 max=78.0
InTree         0.0 dev=0.0 min=0.0 max=0.0
KnowDepth      -
Aborted        0%
Games/s        3703.7
Score          1.00
Sequence      
7fff6 info: 
7fff6 warning: **** MoHexSearch returned empty sequence!
7fff6 warning: **** Returning random move!
7fff6 info: *** Player move: g3
6ffd6 info: DfpnSolver::CheckAbort(): Abort flag!
77fe6 info: 
MID calls      58
VC builds      49
Terminal       0
Work           58
Wasted Work    0 (0%)
Elapsed Time   3.82916
MIDs/sec       15.1469
VCs/sec        12.7965
Cnt prune sib  1
Avg prune sib  1 dev=0 min=1 max=1
Consider Size  43.1837 dev=21.3729 min=1 max=65
Move Index     -
Move Percent   -
Delta Increase 4.38889 dev=11.5461 min=1 max=59
Winner         empty
PV             b5 c7 e6 e5 d6

HashTableStatistics:
Stores         1519
LookupAttempt  102907
LookupSuccess  5690
Collisions     0

77fe6 info: Search aborted.
35be7 info: PlayAndSolve: Building VCs to avoid race condition.
35be7 info: PlayAndSolve: Continuing on as usual.
77fe6 info: *** PlayerThread ***
7fff6 info: *** SolverThread ***
6ffd6 config: VCS: reading captured set patterns from '/home/linus/MoHex2.0/nfbranchfix/benzene-vanilla-cmake/share/vc-captured-set.txt'.
6ffd6 config: VCS:: parsed 2 patterns.
6ffd6 config: VCS: reading captured set patterns from '/home/linus/MoHex2.0/nfbranchfix/benzene-vanilla-cmake/share/vc-captured-set.txt'.
6ffd6 config: VCS:: parsed 2 patterns.
6ffd6 dfpn: 
77fe6 info: Best move cannot be determined, must search state.
77fe6 info: --- MoHexPlayer::Search() ---
77fe6 info: Color: black
77fe6 info: MaxGames: 1
77fe6 info: NumberThreads: 1
77fe6 info: MaxNodes: 9090 (799920 bytes)
77fe6 info: TimeForMove: 1
6ffd6 dfpn: c7
6ffd6 dfpn: d6
6ffd6 dfpn: e6
6ffd6 dfpn: d7
6ffd6 dfpn: c6
6ffd6 dfpn: e5
6ffd6 dfpn: b7
6ffd6 dfpn: e7
6ffd6 dfpn: f5
6ffd6 dfpn: b5
6ffd6 dfpn: d5
6ffd6 dfpn: b6
6ffd6 dfpn: f4
6ffd6 dfpn: f3
6ffd6 dfpn: e4
6ffd6 dfpn: c5
6ffd6 dfpn: f3
77fe6 info: Time for PreSearch: 0.120394s
77fe6 info: 
  bc6542f061f67104
  a  b  c  d  e  f  g  h  i  j  k  
 1\b  b  b  b  b  b  B  W  .  W  *\1
  2\b  B  b  .  W  .  .  .  *  *  *\2
   3\b  b  W  *  *  *  B  *  *  *  *\3
    4\B  .  *  *  *  *  *  *  *  *  *\4
     5\.  *  *  *  *  *  *  *  *  *  *\5
      6\B  *  *  *  *  *  W  *  *  *  *\6
       7\.  *  *  *  *  W  *  *  *  *  .\7
        8\w  W  B  .  .  *  *  *  B  *  w\8
         9\w  b  b  b  .  W  *  *  *  .  w\9
         10\b  B  b  B  b  .  *  *  *  W  w\10
          11\b  b  B  b  b  b  .  W  .  b  b\11
              a  b  c  d  e  f  g  h  i  j  k  
77fe6 info: Old: [black, b2] [white, swap-pieces] [white, h11] [black, g1] [white, b8] [black, c11] [white, j1] [black, d10] [white, h1] [black, b10] [white, c3] [black, c8] [white, e2] [black, a6] [white, g6] [black, a4] [white, j10] [black, i8] [white, f7] 
77fe6 info: New: [black, b2] [white, swap-pieces] [white, h11] [black, g1] [white, b8] [black, c11] [white, j1] [black, d10] [white, h1] [black, b10] [white, c3] [black, c8] [white, e2] [black, a6] [white, g6] [black, a4] [white, j10] [black, i8] [white, f7] [black, g3] [white, f9] 
77fe6 info: MovesPlayed: [black, g3] [white, f9] 
77fe6 info: No subtree to reuse.
77fe6 info: StartSearch()[0]
77fe6 info: 
Elapsed Time   0.270309s
Count          1
GamesPlayed    1
Nodes          1
Knowledge      0 (0.0%)
Expansions     0.0
Time           0.00
GameLen        73.0 dev=0.0 min=73.0 max=73.0
InTree         0.0 dev=0.0 min=0.0 max=0.0
KnowDepth      -
Aborted        0%
Games/s        3413.0
Score          0.00
Sequence      
77fe6 info: 
77fe6 warning: **** MoHexSearch returned empty sequence!
77fe6 warning: **** Returning random move!
77fe6 info: *** Player move: e7
6ffd6 info: DfpnSolver::CheckAbort(): Abort flag!
7fff6 info: 
MID calls      55
VC builds      51
Terminal       0
Work           55
Wasted Work    0 (0%)
Elapsed Time   0.280919
MIDs/sec       195.786
VCs/sec        181.547
Cnt prune sib  1
Avg prune sib  4 dev=0 min=4 max=4
Consider Size  26.2941 dev=20.5572 min=1 max=57
Move Index     -
Move Percent   -
Delta Increase 2.20755 dev=6.97802 min=1 max=52
Winner         empty
PV             f3 d7 c7 c5

HashTableStatistics:
Stores         1644
LookupAttempt  108101
LookupSuccess  6074
Collisions     0

7fff6 info: Search aborted.
35be7 info: PlayAndSolve: Building VCs to avoid race condition.
35be7 info: PlayAndSolve: Continuing on as usual.
7fff6 info: *** PlayerThread ***
77fe6 info: *** SolverThread ***
6ffd6 config: VCS: reading captured set patterns from '/home/linus/MoHex2.0/nfbranchfix/benzene-vanilla-cmake/share/vc-captured-set.txt'.
6ffd6 config: VCS:: parsed 2 patterns.
6ffd6 config: VCS: reading captured set patterns from '/home/linus/MoHex2.0/nfbranchfix/benzene-vanilla-cmake/share/vc-captured-set.txt'.
6ffd6 config: VCS:: parsed 2 patterns.
6ffd6 dfpn: 
7fff6 info: Best move cannot be determined, must search state.
7fff6 info: --- MoHexPlayer::Search() ---
7fff6 info: Color: black
7fff6 info: MaxGames: 1
7fff6 info: NumberThreads: 1
7fff6 info: MaxNodes: 9090 (799920 bytes)
7fff6 info: TimeForMove: 1
6ffd6 dfpn: c7
6ffd6 dfpn: f6
6ffd6 dfpn: d6
6ffd6 dfpn: f5
6ffd6 dfpn: c6
6ffd6 dfpn: b7
6ffd6 dfpn: g5
6ffd6 dfpn: d5
6ffd6 dfpn: b5
6ffd6 dfpn: b6
6ffd6 dfpn: e5
6ffd6 dfpn: g4
6ffd6 dfpn: f4
6ffd6 dfpn: h4
6ffd6 dfpn: h6
6ffd6 dfpn: b5
7fff6 info: Time for PreSearch: 0.106277s
7fff6 info: 
  bfd1bac89dd85c7b
  a  b  c  d  e  f  g  h  i  j  k  
 1\b  b  b  b  b  b  B  W  .  W  *\1
  2\b  B  b  .  W  .  .  .  *  *  *\2
   3\b  b  W  *  *  *  B  *  *  *  *\3
    4\B  .  *  *  *  *  *  *  *  *  *\4
     5\.  *  *  *  *  *  *  *  *  *  *\5
      6\B  *  *  *  W  *  W  *  *  *  *\6
       7\.  *  *  .  B  W  *  *  *  *  .\7
        8\w  W  B  .  .  *  *  *  B  *  w\8
         9\w  b  b  b  .  W  *  *  *  .  w\9
         10\b  B  b  B  b  .  *  *  *  W  w\10
          11\b  b  B  b  b  b  .  W  .  b  b\11
              a  b  c  d  e  f  g  h  i  j  k  
7fff6 info: Old: [black, b2] [white, swap-pieces] [white, h11] [black, g1] [white, b8] [black, c11] [white, j1] [black, d10] [white, h1] [black, b10] [white, c3] [black, c8] [white, e2] [black, a6] [white, g6] [black, a4] [white, j10] [black, i8] [white, f7] [black, g3] [white, f9] 
7fff6 info: New: [black, b2] [white, swap-pieces] [white, h11] [black, g1] [white, b8] [black, c11] [white, j1] [black, d10] [white, h1] [black, b10] [white, c3] [black, c8] [white, e2] [black, a6] [white, g6] [black, a4] [white, j10] [black, i8] [white, f7] [black, g3] [white, f9] [black, e7] [white, e6] 
7fff6 info: MovesPlayed: [black, e7] [white, e6] 
7fff6 info: No subtree to reuse.
6ffd6 dfpn: f3
7fff6 info: StartSearch()[0]
7fff6 info: 
Elapsed Time   0.257378s
Count          1
GamesPlayed    1
Nodes          1
Knowledge      0 (0.0%)
Expansions     0.0
Time           0.00
GameLen        71.0 dev=0.0 min=71.0 max=71.0
InTree         0.0 dev=0.0 min=0.0 max=0.0
KnowDepth      -
Aborted        0%
Games/s        4000.0
Score          1.00
Sequence      
7fff6 info: 
7fff6 warning: **** MoHexSearch returned empty sequence!
7fff6 warning: **** Returning random move!
7fff6 info: *** Player move: d7
6ffd6 info: DfpnSolver::CheckAbort(): Abort flag!
77fe6 info: 
MID calls      63
VC builds      69
Terminal       22
Work           85
Wasted Work    59 (69.4118%)
Elapsed Time   0.277818
MIDs/sec       226.767
VCs/sec        248.364
Cnt prune sib  0
Avg prune sib  -
Consider Size  26.4043 dev=20.5754 min=1 max=54
Move Index     0 dev=0 min=0 max=0
Move Percent   0 dev=0 min=0 max=0
Delta Increase 5.85714 dev=9.30174 min=1 max=42
Winner         empty
PV             f3 c7 k5

HashTableStatistics:
Stores         1822
LookupAttempt  113052
LookupSuccess  6510
Collisions     0

77fe6 info: Search aborted.
35be7 info: PlayAndSolve: Building VCs to avoid race condition.
35be7 info: PlayAndSolve: Continuing on as usual.
77fe6 info: *** PlayerThread ***
7fff6 info: *** SolverThread ***
6ffd6 config: VCS: reading captured set patterns from '/home/linus/MoHex2.0/nfbranchfix/benzene-vanilla-cmake/share/vc-captured-set.txt'.
6ffd6 config: VCS:: parsed 2 patterns.
6ffd6 config: VCS: reading captured set patterns from '/home/linus/MoHex2.0/nfbranchfix/benzene-vanilla-cmake/share/vc-captured-set.txt'.
6ffd6 config: VCS:: parsed 2 patterns.
6ffd6 dfpn: 
77fe6 info: Best move cannot be determined, must search state.
77fe6 info: --- MoHexPlayer::Search() ---
77fe6 info: Color: black
77fe6 info: MaxGames: 1
77fe6 info: NumberThreads: 1
77fe6 info: MaxNodes: 9090 (799920 bytes)
77fe6 info: TimeForMove: 1
6ffd6 dfpn: d6
6ffd6 dfpn: f6
6ffd6 dfpn: f5
6ffd6 dfpn: c6
6ffd6 dfpn: e5
6ffd6 dfpn: d5
6ffd6 dfpn: g5
6ffd6 dfpn: a5
6ffd6 dfpn: f4
6ffd6 dfpn: c7
6ffd6 dfpn: h6
6ffd6 dfpn: b7
6ffd6 dfpn: f4
77fe6 info: Time for PreSearch: 0.076051s
77fe6 info: 
  e1b99d01f8736ec4
  a  b  c  d  e  f  g  h  i  j  k  
 1\b  b  b  b  b  b  B  W  .  W  .\1
  2\b  B  b  .  W  .  .  .  .  .  *\2
   3\b  b  W  *  *  .  B  .  .  *  *\3
    4\B  .  *  *  *  *  .  .  *  *  *\4
     5\*  W  *  *  *  *  *  *  *  *  *\5
      6\B  *  *  *  W  *  W  *  .  *  *\6
       7\.  *  *  B  B  W  *  *  .  *  .\7
        8\w  W  B  b  b  *  *  .  B  *  w\8
         9\w  b  b  b  b  W  *  .  .  .  w\9
         10\b  B  b  B  b  .  *  *  *  W  w\10
          11\b  b  B  b  b  b  .  W  .  b  b\11
              a  b  c  d  e  f  g  h  i  j  k  
6ffd6 dfpn: c6
77fe6 info: Old: [black, b2] [white, swap-pieces] [white, h11] [black, g1] [white, b8] [black, c11] [white, j1] [black, d10] [white, h1] [black, b10] [white, c3] [black, c8] [white, e2] [black, a6] [white, g6] [black, a4] [white, j10] [black, i8] [white, f7] [black, g3] [white, f9] [black, e7] [white, e6] 
77fe6 info: New: [black, b2] [white, swap-pieces] [white, h11] [black, g1] [white, b8] [black, c11] [white, j1] [black, d10] [white, h1] [black, b10] [white, c3] [black, c8] [white, e2] [black, a6] [white, g6] [black, a4] [white, j10] [black, i8] [white, f7] [black, g3] [white, f9] [black, e7] [white, e6] [black, d7] [white, b5] 
77fe6 info: MovesPlayed: [black, d7] [white, b5] 
77fe6 info: No subtree to reuse.
6ffd6 dfpn: d6
77fe6 info: StartSearch()[0]
77fe6 info: 
Elapsed Time   0.242983s
Count          1
GamesPlayed    1
Nodes          1
Knowledge      0 (0.0%)
Expansions     0.0
Time           0.00
GameLen        66.0 dev=0.0 min=66.0 max=66.0
InTree         0.0 dev=0.0 min=0.0 max=0.0
KnowDepth      -
Aborted        0%
Games/s        2985.1
Score          1.00
Sequence      
77fe6 info: 
77fe6 warning: **** MoHexSearch returned empty sequence!
77fe6 warning: **** Returning random move!
77fe6 info: *** Player move: c6
6ffd6 info: DfpnSolver::CheckAbort(): Abort flag!
7fff6 info: 
MID calls      50
VC builds      49
Terminal       4
Work           54
Wasted Work    0 (0%)
Elapsed Time   0.25237
MIDs/sec       198.122
VCs/sec        194.159
Cnt prune sib  1
Avg prune sib  2 dev=0 min=2 max=2
Consider Size  34.3778 dev=12.1093 min=7 max=55
Move Index     -
Move Percent   -
Delta Increase 2.41509 dev=5.09692 min=1 max=36
Winner         empty
PV             d6 e4 f5

HashTableStatistics:
Stores         1944
LookupAttempt  117123
LookupSuccess  6818
Collisions     0

7fff6 info: Search aborted.
35be7 info: PlayAndSolve: Building VCs to avoid race condition.
35be7 info: PlayAndSolve: Continuing on as usual.
7fff6 info: *** PlayerThread ***
77fe6 info: *** SolverThread ***
6ffd6 config: VCS: reading captured set patterns from '/home/linus/MoHex2.0/nfbranchfix/benzene-vanilla-cmake/share/vc-captured-set.txt'.
6ffd6 config: VCS:: parsed 2 patterns.
6ffd6 config: VCS: reading captured set patterns from '/home/linus/MoHex2.0/nfbranchfix/benzene-vanilla-cmake/share/vc-captured-set.txt'.
6ffd6 config: VCS:: parsed 2 patterns.
6ffd6 dfpn: 
7fff6 info: Best move cannot be determined, must search state.
7fff6 info: --- MoHexPlayer::Search() ---
7fff6 info: Color: black
7fff6 info: MaxGames: 1
7fff6 info: NumberThreads: 1
7fff6 info: MaxNodes: 9090 (799920 bytes)
7fff6 info: TimeForMove: 1
6ffd6 dfpn: f6
6ffd6 dfpn: d5
6ffd6 dfpn: e4
6ffd6 dfpn: e5
6ffd6 dfpn: f3
6ffd6 dfpn: f4
6ffd6 dfpn: f5
6ffd6 dfpn: d4
6ffd6 dfpn: c5
6ffd6 dfpn: c4
6ffd6 dfpn: e3
6ffd6 dfpn: g5
6ffd6 dfpn: g4
6ffd6 dfpn: d4
7fff6 info: Time for PreSearch: 0.094514s
6ffd6 dfpn: d3
6ffd6 dfpn: f6
7fff6 info: 
  6f99d111e729505f
  a  b  c  d  e  f  g  h  i  j  k  
 1\b  b  b  b  b  b  B  W  .  W  *\1
  2\b  B  b  .  W  .  .  .  *  *  *\2
   3\b  b  W  *  *  *  B  *  *  *  *\3
    4\B  .  *  *  *  *  *  *  *  *  *\4
     5\w  W  *  *  *  *  *  *  *  *  *\5
      6\B  w  B  .  W  *  W  W  *  *  *\6
       7\w  w  .  B  B  W  .  *  *  *  .\7
        8\w  W  B  b  b  *  *  *  B  *  w\8
         9\w  b  b  b  b  W  *  *  *  .  w\9
         10\b  B  b  B  b  .  *  *  *  W  w\10
          11\b  b  B  b  b  b  .  W  .  b  b\11
              a  b  c  d  e  f  g  h  i  j  k  
6ffd6 dfpn: f3
7fff6 info: Old: [black, b2] [white, swap-pieces] [white, h11] [black, g1] [white, b8] [black, c11] [white, j1] [black, d10] [white, h1] [black, b10] [white, c3] [black, c8] [white, e2] [black, a6] [white, g6] [black, a4] [white, j10] [black, i8] [white, f7] [black, g3] [white, f9] [black, e7] [white, e6] [black, d7] [white, b5] 
7fff6 info: New: [black, b2] [white, swap-pieces] [white, h11] [black, g1] [white, b8] [black, c11] [white, j1] [black, d10] [white, h1] [black, b10] [white, c3] [black, c8] [white, e2] [black, a6] [white, g6] [black, a4] [white, j10] [black, i8] [white, f7] [black, g3] [white, f9] [black, e7] [white, e6] [black, d7] [white, b5] [black, c6] [white, h6] 
7fff6 info: MovesPlayed: [black, c6] [white, h6] 
7fff6 info: No subtree to reuse.
7fff6 info: StartSearch()[0]
7fff6 info: 
Elapsed Time   0.25665s
Count          1
GamesPlayed    1
Nodes          1
Knowledge      0 (0.0%)
Expansions     0.0
Time           0.00
GameLen        60.0 dev=0.0 min=60.0 max=60.0
InTree         0.0 dev=0.0 min=0.0 max=0.0
KnowDepth      -
Aborted        0%
Games/s        3831.4
Score          1.00
Sequence      
7fff6 info: 
7fff6 warning: **** MoHexSearch returned empty sequence!
7fff6 warning: **** Returning random move!
7fff6 info: *** Player move: f8
6ffd6 info: DfpnSolver::CheckAbort(): Abort flag!
77fe6 info: 
MID calls      49
VC builds      44
Terminal       2
Work           51
Wasted Work    5 (9.80392%)
Elapsed Time   0.274619
MIDs/sec       178.429
VCs/sec        160.222
Cnt prune sib  0
Avg prune sib  -
Consider Size  15.5714 dev=14.4998 min=1 max=46
Move Index     1 dev=0 min=1 max=1
Move Percent   0.2 dev=0 min=0.2 max=0.2
Delta Increase 2.45455 dev=4.79325 min=1 max=30
Winner         empty
PV             f3 d6 d5 c7

HashTableStatistics:
Stores         2057
LookupAttempt  120824
LookupSuccess  7188
Collisions     0

77fe6 info: Search aborted.
35be7 info: PlayAndSolve: Building VCs to avoid race condition.
35be7 info: PlayAndSolve: Continuing on as usual.
77fe6 info: *** PlayerThread ***
7fff6 info: *** SolverThread ***
6ffd6 config: VCS: reading captured set patterns from '/home/linus/MoHex2.0/nfbranchfix/benzene-vanilla-cmake/share/vc-captured-set.txt'.
6ffd6 config: VCS:: parsed 2 patterns.
6ffd6 config: VCS: reading captured set patterns from '/home/linus/MoHex2.0/nfbranchfix/benzene-vanilla-cmake/share/vc-captured-set.txt'.
6ffd6 config: VCS:: parsed 2 patterns.
6ffd6 dfpn: 
77fe6 info: Best move cannot be determined, must search state.
77fe6 info: --- MoHexPlayer::Search() ---
77fe6 info: Color: black
77fe6 info: MaxGames: 1
77fe6 info: NumberThreads: 1
77fe6 info: MaxNodes: 9090 (799920 bytes)
77fe6 info: TimeForMove: 1
6ffd6 dfpn: e5
77fe6 info: Time for PreSearch: 0.003578s
6ffd6 dfpn: e4
6ffd6 dfpn: e5
7fff6 info: 
MID calls      6
VC builds      7
Terminal       2
Work           8
Wasted Work    9 (112.5%)
Elapsed Time   0.031029
MIDs/sec       193.367
VCs/sec        225.595
Cnt prune sib  3
Avg prune sib  1.33333 dev=0.471404 min=1 max=2
Consider Size  15.6 dev=15.4738 min=2 max=35
Move Index     1 dev=1 min=0 max=2
Move Percent   0.030303 dev=0.030303 min=0 max=0.0606061
Delta Increase 6.66667 dev=12.6711 min=1 max=35
Winner         white
PV             e4 d6

HashTableStatistics:
Stores         2074
LookupAttempt  120981
LookupSuccess  7215
Collisions     0

7fff6 info: *** FOUND LOSS!! ***
7fff6 info: PV: e4 d6
77fe6 info: 
  aa908fe1bd083308
  a  b  c  d  e  f  g  h  i  j  k  
 1\b  b  b  b  b  b  B  W  .  W  .\1
  2\b  B  b  .  W  .  .  .  .  .  .\2
   3\b  b  W  .  .  .  B  .  .  .  .\3
    4\B  .  .  .  *  .  .  .  .  .  .\4
     5\w  W  .  W  *  .  .  .  .  .  .\5
      6\B  w  B  .  W  .  W  W  .  .  .\6
       7\w  w  .  B  B  W  .  .  .  .  .\7
        8\w  W  B  b  b  B  .  .  B  .  w\8
         9\w  b  b  b  b  W  .  .  .  .  w\9
         10\b  B  b  B  b  .  .  .  .  W  w\10
          11\b  b  B  b  b  b  .  W  .  b  b\11
              a  b  c  d  e  f  g  h  i  j  k  
77fe6 info: Old: [black, b2] [white, swap-pieces] [white, h11] [black, g1] [white, b8] [black, c11] [white, j1] [black, d10] [white, h1] [black, b10] [white, c3] [black, c8] [white, e2] [black, a6] [white, g6] [black, a4] [white, j10] [black, i8] [white, f7] [black, g3] [white, f9] [black, e7] [white, e6] [black, d7] [white, b5] [black, c6] [white, h6] 
77fe6 info: New: [black, b2] [white, swap-pieces] [white, h11] [black, g1] [white, b8] [black, c11] [white, j1] [black, d10] [white, h1] [black, b10] [white, c3] [black, c8] [white, e2] [black, a6] [white, g6] [black, a4] [white, j10] [black, i8] [white, f7] [black, g3] [white, f9] [black, e7] [white, e6] [black, d7] [white, b5] [black, c6] [white, h6] [black, f8] [white, d5] 
77fe6 info: MovesPlayed: [black, f8] [white, d5] 
77fe6 info: No subtree to reuse.
77fe6 info: StartSearch()[0]
77fe6 info: 
Elapsed Time   0.152337s
Count          1
GamesPlayed    1
Nodes          1
Knowledge      0 (0.0%)
Expansions     0.0
Time           0.00
GameLen        58.0 dev=0.0 min=58.0 max=58.0
InTree         0.0 dev=0.0 min=0.0 max=0.0
KnowDepth      -
Aborted        0%
Games/s        3861.0
Score          0.00
Sequence      
77fe6 info: 
77fe6 warning: **** MoHexSearch returned empty sequence!
77fe6 warning: **** Returning random move!
35be7 info: PlayAndSolve: Building VCs to avoid race condition.
35be7 info: PlayAndSolve: Continuing on as usual.
7fff6 info: *** PlayerThread ***
77fe6 info: *** SolverThread ***
77fe6 info: Already solved!
77fe6 info: white wins!
77fe6 info: PV: 
7fff6 info: Opponent has won; playing most blocking move.
7fff6 info: *** Player move: i6
35be7 info: PlayAndSolve: Building VCs to avoid race condition.
35be7 info: PlayAndSolve: Continuing on as usual.
77fe6 info: *** PlayerThread ***
7fff6 info: *** SolverThread ***
6ffd6 config: VCS: reading captured set patterns from '/home/linus/MoHex2.0/nfbranchfix/benzene-vanilla-cmake/share/vc-captured-set.txt'.
6ffd6 config: VCS:: parsed 2 patterns.
6ffd6 config: VCS: reading captured set patterns from '/home/linus/MoHex2.0/nfbranchfix/benzene-vanilla-cmake/share/vc-captured-set.txt'.
6ffd6 config: VCS:: parsed 2 patterns.
6ffd6 dfpn: 
77fe6 info: Opponent has won; playing most blocking move.
77fe6 info: *** Player move: f5
7fff6 info: 
MID calls      0
VC builds      1
Terminal       1
Work           1
Wasted Work    0 (0%)
Elapsed Time   0.00472
MIDs/sec       0
VCs/sec        211.864
Cnt prune sib  0
Avg prune sib  -
Consider Size  -
Move Index     -
Move Percent   -
Delta Increase -
Winner         white
PV             

HashTableStatistics:
Stores         2075
LookupAttempt  120989
LookupSuccess  7220
Collisions     0

35be7 info: PlayAndSolve: Building VCs to avoid race condition.
35be7 info: PlayAndSolve: Continuing on as usual.
7fff6 info: *** PlayerThread ***
77fe6 info: *** SolverThread ***
6ffd6 config: VCS: reading captured set patterns from '/home/linus/MoHex2.0/nfbranchfix/benzene-vanilla-cmake/share/vc-captured-set.txt'.
6ffd6 config: VCS:: parsed 2 patterns.
6ffd6 config: VCS: reading captured set patterns from '/home/linus/MoHex2.0/nfbranchfix/benzene-vanilla-cmake/share/vc-captured-set.txt'.
6ffd6 config: VCS:: parsed 2 patterns.
6ffd6 dfpn: 
7fff6 info: Opponent has won; playing most blocking move.
7fff6 info: *** Player move: k3
77fe6 info: 
MID calls      0
VC builds      1
Terminal       1
Work           1
Wasted Work    0 (0%)
Elapsed Time   0.004099
MIDs/sec       0
VCs/sec        243.962
Cnt prune sib  0
Avg prune sib  -
Consider Size  -
Move Index     -
Move Percent   -
Delta Increase -
Winner         white
PV             

HashTableStatistics:
Stores         2076
LookupAttempt  120995
LookupSuccess  7223
Collisions     0

35be7 info: PlayAndSolve: Building VCs to avoid race condition.
35be7 info: PlayAndSolve: Continuing on as usual.
77fe6 info: *** PlayerThread ***
7fff6 info: *** SolverThread ***
6ffd6 config: VCS: reading captured set patterns from '/home/linus/MoHex2.0/nfbranchfix/benzene-vanilla-cmake/share/vc-captured-set.txt'.
6ffd6 config: VCS:: parsed 2 patterns.
6ffd6 config: VCS: reading captured set patterns from '/home/linus/MoHex2.0/nfbranchfix/benzene-vanilla-cmake/share/vc-captured-set.txt'.
6ffd6 config: VCS:: parsed 2 patterns.
6ffd6 dfpn: 
77fe6 info: Opponent has won; playing most blocking move.
77fe6 info: *** Player move: k1
7fff6 info: 
MID calls      0
VC builds      1
Terminal       1
Work           1
Wasted Work    0 (0%)
Elapsed Time   0.003706
MIDs/sec       0
VCs/sec        269.833
Cnt prune sib  0
Avg prune sib  -
Consider Size  -
Move Index     -
Move Percent   -
Delta Increase -
Winner         white
PV             

HashTableStatistics:
Stores         2077
LookupAttempt  121001
LookupSuccess  7226
Collisions     0

35be7 info: PlayAndSolve: Building VCs to avoid race condition.
35be7 info: PlayAndSolve: Continuing on as usual.
7fff6 info: *** PlayerThread ***
77fe6 info: *** SolverThread ***
6ffd6 config: VCS: reading captured set patterns from '/home/linus/MoHex2.0/nfbranchfix/benzene-vanilla-cmake/share/vc-captured-set.txt'.
6ffd6 config: VCS:: parsed 2 patterns.
6ffd6 config: VCS: reading captured set patterns from '/home/linus/MoHex2.0/nfbranchfix/benzene-vanilla-cmake/share/vc-captured-set.txt'.
6ffd6 config: VCS:: parsed 2 patterns.
6ffd6 dfpn: 
7fff6 info: Opponent has won; playing most blocking move.
7fff6 info: *** Player move: h4
77fe6 info: 
MID calls      0
VC builds      1
Terminal       1
Work           1
Wasted Work    0 (0%)
Elapsed Time   0.004001
MIDs/sec       0
VCs/sec        249.938
Cnt prune sib  0
Avg prune sib  -
Consider Size  -
Move Index     -
Move Percent   -
Delta Increase -
Winner         white
PV             

HashTableStatistics:
Stores         2078
LookupAttempt  121007
LookupSuccess  7229
Collisions     0

35be7 info: PlayAndSolve: Building VCs to avoid race condition.
35be7 info: PlayAndSolve: Continuing on as usual.
77fe6 info: *** PlayerThread ***
7fff6 info: *** SolverThread ***
6ffd6 config: VCS: reading captured set patterns from '/home/linus/MoHex2.0/nfbranchfix/benzene-vanilla-cmake/share/vc-captured-set.txt'.
6ffd6 config: VCS:: parsed 2 patterns.
6ffd6 config: VCS: reading captured set patterns from '/home/linus/MoHex2.0/nfbranchfix/benzene-vanilla-cmake/share/vc-captured-set.txt'.
6ffd6 config: VCS:: parsed 2 patterns.
77fe6 info: Captured cells caused win! Removing...
6ffd6 dfpn: 
7fff6 info: 
MID calls      0
VC builds      1
Terminal       1
Work           1
Wasted Work    0 (0%)
Elapsed Time   0.002534
MIDs/sec       0
VCs/sec        394.633
Cnt prune sib  0
Avg prune sib  -
Consider Size  -
Move Index     -
Move Percent   -
Delta Increase -
Winner         white
PV             

HashTableStatistics:
Stores         2079
LookupAttempt  121013
LookupSuccess  7232
Collisions     0

77fe6 info: Opponent has won; playing most blocking move.
77fe6 info: *** Player move: a8
35be7 info: PlayAndSolve: Building VCs to avoid race condition.
35be7 info: PlayAndSolve: Continuing on as usual.
7fff6 info: *** PlayerThread ***
77fe6 info: *** SolverThread ***
6ffd6 config: VCS: reading captured set patterns from '/home/linus/MoHex2.0/nfbranchfix/benzene-vanilla-cmake/share/vc-captured-set.txt'.
6ffd6 config: VCS:: parsed 2 patterns.
6ffd6 config: VCS: reading captured set patterns from '/home/linus/MoHex2.0/nfbranchfix/benzene-vanilla-cmake/share/vc-captured-set.txt'.
6ffd6 config: VCS:: parsed 2 patterns.
7fff6 info: Captured cells caused win! Removing...
6ffd6 dfpn: 
77fe6 info: 
MID calls      0
VC builds      1
Terminal       1
Work           1
Wasted Work    0 (0%)
Elapsed Time   0.002563
MIDs/sec       0
VCs/sec        390.168
Cnt prune sib  0
Avg prune sib  -
Consider Size  -
Move Index     -
Move Percent   -
Delta Increase -
Winner         white
PV             

HashTableStatistics:
Stores         2080
LookupAttempt  121019
LookupSuccess  7235
Collisions     0

7fff6 info: Opponent has won; playing most blocking move.
7fff6 info: *** Player move: c5
35be7 info: PlayAndSolve: Building VCs to avoid race condition.
35be7 info: PlayAndSolve: Continuing on as usual.
77fe6 info: *** PlayerThread ***
7fff6 info: *** SolverThread ***
6ffd6 config: VCS: reading captured set patterns from '/home/linus/MoHex2.0/nfbranchfix/benzene-vanilla-cmake/share/vc-captured-set.txt'.
6ffd6 config: VCS:: parsed 2 patterns.
6ffd6 config: VCS: reading captured set patterns from '/home/linus/MoHex2.0/nfbranchfix/benzene-vanilla-cmake/share/vc-captured-set.txt'.
77fe6 info: Captured cells caused win! Removing...
6ffd6 config: VCS:: parsed 2 patterns.
6ffd6 dfpn: 
7fff6 info: 
MID calls      0
VC builds      1
Terminal       1
Work           1
Wasted Work    0 (0%)
Elapsed Time   0.002726
MIDs/sec       0
VCs/sec        366.838
Cnt prune sib  0
Avg prune sib  -
Consider Size  -
Move Index     -
Move Percent   -
Delta Increase -
Winner         white
PV             

HashTableStatistics:
Stores         2081
LookupAttempt  121025
LookupSuccess  7238
Collisions     0

77fe6 info: Opponent has won; playing most blocking move.
77fe6 info: *** Player move: b6
35be7 info: PlayAndSolve: Building VCs to avoid race condition.
35be7 info: PlayAndSolve: Continuing on as usual.
7fff6 info: *** PlayerThread ***
77fe6 info: *** SolverThread ***
6ffd6 config: VCS: reading captured set patterns from '/home/linus/MoHex2.0/nfbranchfix/benzene-vanilla-cmake/share/vc-captured-set.txt'.
6ffd6 config: VCS:: parsed 2 patterns.
6ffd6 config: VCS: reading captured set patterns from '/home/linus/MoHex2.0/nfbranchfix/benzene-vanilla-cmake/share/vc-captured-set.txt'.
6ffd6 config: VCS:: parsed 2 patterns.
6ffd6 dfpn: 
7fff6 info: Captured cells caused win! Removing...
77fe6 info: 
MID calls      0
VC builds      1
Terminal       1
Work           1
Wasted Work    0 (0%)
Elapsed Time   0.003004
MIDs/sec       0
VCs/sec        332.889
Cnt prune sib  0
Avg prune sib  -
Consider Size  -
Move Index     -
Move Percent   -
Delta Increase -
Winner         white
PV             

HashTableStatistics:
Stores         2082
LookupAttempt  121031
LookupSuccess  7241
Collisions     0

7fff6 info: Opponent has won; playing most blocking move.
7fff6 info: *** Player move: k5
35be7 config: ============ BenzeneShutdown =============
35be7 config: MoHexProgram:: ShutdownSystem()
35be7 config: CommonProgram:: ShutdownSystem()
35be7 config: BenzeneProgram:: ShutdownSystem()
Flushing and closing this stream...
