# nice ../build/src/mohex/mohex --config mohex-weak.htp --seed 787698 --logfile-name jobs/11x11-mohex-mohex-weak-vs-mohex-mohex-cg2010/mohex-mohex-weak-3.log
>boardsize 11 11
MoHex 2.0.CMake Mar 21 2025
Copyright (C) 2007-2012 by the authors of the Benzene project.
This program comes with ABSOLUTELY NO WARRANTY. This is
free software and you are welcome to redistribute it under
certain conditions. Type `benzene-license' for details.

SgRandom::SetSeed: 787698
SgUctSearch: system memory 33632358400, using 1000000000 (5681818 nodes)
SgRandom::SetSeed: 1
SgRandom::SetSeed: 787698
cb4e7 info: Prior Patterns:
cb4e7 info: Global:
cb4e7 info: Size            = 565 32648 
cb4e7 info: TableEntries    = 65932 65910
cb4e7 info: MirrorsAdded    = 0 0
cb4e7 info: PrunableCount   = 30593 30629
cb4e7 info: LargestGamma    = 5820.77
cb4e7 info: SmallestGamma   = 6.6e-05
cb4e7 info: Local:
cb4e7 info: Size            = 550 5318 
cb4e7 info: TableEntries    = 11602 11588
cb4e7 info: MirrorsAdded    = 0 0
cb4e7 info: PrunableCount   = 3659 3667
cb4e7 info: LargestGamma    = 11281.8
cb4e7 info: SmallestGamma   = 0.026235
cb4e7 info: Playout Patterns:
cb4e7 info: Global:
cb4e7 info: Size            = 565 32648 
cb4e7 info: TableEntries    = 70329 70329
cb4e7 info: MirrorsAdded    = 4397 4419
cb4e7 info: PrunableCount   = 30593 30629
cb4e7 info: LargestGamma    = 5820.77
cb4e7 info: SmallestGamma   = 6.6e-05
cb4e7 info: Local:
cb4e7 info: Size            = 550 5318 
cb4e7 info: TableEntries    = 11602 11588
cb4e7 info: MirrorsAdded    = 0 0
cb4e7 info: PrunableCount   = 3659 3667
cb4e7 info: LargestGamma    = 11281.8
cb4e7 info: SmallestGamma   = 0.026235
<= 
<
>name
param_game allow_swap 1
= 

param_mohex max_memory 1600000
= 

param_mohex num_threads 1
= 

param_mohex max_time 1
= 

param_mohex max_games 1
= 

param_mohex knowledge_threshold 400
= 

param_mohex reuse_subtree 1
= 

param_mohex use_parallel_solver 1
= 

<= MoHex
<
>version
<= 2.0.CMake
<
>play b a2
<= 
<
>genmove w
<= swap-pieces
<
>showboard
cb4e7 info: SwapCheck: reading from '/home/linus/MoHex2.0/nfbranchfix/benzene-vanilla-cmake/share/swap-moves.txt'.
cb4e7 info: SwapCheck: playing swap.
<= 
< 
<  77c9a12a222a7b19
<  a  b  c  d  e  f  g  h  i  j  k  
< 1\.  .  .  .  .  .  .  .  .  .  .\1
<  2\B  .  .  .  .  .  .  .  .  .  .\2
<   3\.  .  .  .  .  .  .  .  .  .  .\3
<    4\.  .  .  .  .  .  .  .  .  .  .\4
<     5\.  .  .  .  .  .  .  .  .  .  .\5
<      6\.  .  .  .  .  .  .  .  .  .  .\6
<       7\.  .  .  .  .  .  .  .  .  .  .\7
<        8\.  .  .  .  .  .  .  .  .  .  .\8
<         9\.  .  .  .  .  .  .  .  .  .  .\9
<         10\.  .  .  .  .  .  .  .  .  .  .\10
<          11\.  .  .  .  .  .  .  .  .  .  .\11
<              a  b  c  d  e  f  g  h  i  j  k  
<
>play w e1
<= 
<
>showboard
<= 
< 
<  ad6a088762b865b3
<  a  b  c  d  e  f  g  h  i  j  k  
< 1\.  .  .  .  W  .  .  .  .  .  .\1
<  2\B  .  .  .  .  .  .  .  .  .  .\2
<   3\.  .  .  .  .  .  .  .  .  .  .\3
<    4\.  .  .  .  .  .  .  .  .  .  .\4
<     5\.  .  .  .  .  .  .  .  .  .  .\5
<      6\.  .  .  .  .  .  .  .  .  .  .\6
<       7\.  .  .  .  .  .  .  .  .  .  .\7
<        8\.  .  .  .  .  .  .  .  .  .  .\8
<         9\.  .  .  .  .  .  .  .  .  .  .\9
<         10\.  .  .  .  .  .  .  .  .  .  .\10
<          11\.  .  .  .  .  .  .  .  .  .  .\11
<              a  b  c  d  e  f  g  h  i  j  k  
<
>genmove b
<= f11
<
>showboard
cb4e7 info: PlayAndSolve: Building VCs to avoid race condition.
cb4e7 info: PlayAndSolve: Continuing on as usual.
58786 info: *** PlayerThread ***
50776 info: *** SolverThread ***
58786 info: Best move cannot be determined, must search state.
58786 info: --- MoHexPlayer::Search() ---
58786 info: Color: black
58786 info: MaxGames: 1
58786 info: NumberThreads: 1
58786 info: MaxNodes: 9090 (799920 bytes)
58786 info: TimeForMove: 1
58786 info: PreSearch: max time reached (70/93).
58786 info: Time for PreSearch: 0.202163s
58786 info: 
  ad6a088762b865b3
  a  b  c  d  e  f  g  h  i  j  k  
 1\b  b  b  .  W  .  .  .  .  .  .\1
  2\B  .  .  *  *  *  *  *  *  *  *\2
   3\.  *  *  *  *  *  *  *  *  *  *\3
    4\*  *  *  *  *  *  *  *  *  *  *\4
     5\*  *  *  *  *  *  *  *  *  *  *\5
      6\*  *  *  *  *  *  *  *  *  *  *\6
       7\*  *  *  *  *  *  *  *  *  *  *\7
        8\*  *  *  *  *  *  *  *  *  *  *\8
         9\*  *  *  *  *  *  *  *  *  *  .\9
         10\*  *  *  *  *  *  *  *  *  .  .\10
          11\.  .  .  .  .  .  .  .  .  .  .\11
              a  b  c  d  e  f  g  h  i  j  k  
58786 info: No subtree to reuse.
58786 info: Creating thread 0
58786 info: StartSearch()[0]
SgUctSearch: max games reached
58786 info: 
Elapsed Time   0.354905s
Count          1
GamesPlayed    1
Nodes          1
Knowledge      0 (0.0%)
Expansions     0.0
Time           0.00
GameLen        116.0 dev=0.0 min=116.0 max=116.0
InTree         0.0 dev=0.0 min=0.0 max=0.0
KnowDepth      -
Aborted        0%
Games/s        436.3
Score          1.00
Sequence      
58786 info: 
58786 warning: **** MoHexSearch returned empty sequence!
58786 warning: **** Returning random move!
58786 info: *** Player move: f11
48766 info: DfpnSolver::CheckAbort(): Abort flag!
50776 info: 
MID calls      66
VC builds      64
Terminal       0
Work           66
Wasted Work    0 (0%)
Elapsed Time   0.364504
MIDs/sec       181.068
VCs/sec        175.581
Cnt prune sib  0
Avg prune sib  -
Consider Size  86.1719 dev=7.23412 min=50 max=93
Move Index     -
Move Percent   -
Delta Increase 3.6 dev=14.4188 min=1 max=86
Winner         empty
PV             j2 j4 c9 d7

HashTableStatistics:
Stores         156
LookupAttempt  14871
LookupSuccess  798
Collisions     0

50776 info: Search aborted.
<= 
< 
<  e6509af8464842c2
<  a  b  c  d  e  f  g  h  i  j  k  
< 1\.  .  .  .  W  .  .  .  .  .  .\1
<  2\B  .  .  .  .  .  .  .  .  .  .\2
<   3\.  .  .  .  .  .  .  .  .  .  .\3
<    4\.  .  .  .  .  .  .  .  .  .  .\4
<     5\.  .  .  .  .  .  .  .  .  .  .\5
<      6\.  .  .  .  .  .  .  .  .  .  .\6
<       7\.  .  .  .  .  .  .  .  .  .  .\7
<        8\.  .  .  .  .  .  .  .  .  .  .\8
<         9\.  .  .  .  .  .  .  .  .  .  .\9
<         10\.  .  .  .  .  .  .  .  .  .  .\10
<          11\.  .  .  .  .  B  .  .  .  .  .\11
<              a  b  c  d  e  f  g  h  i  j  k  
<
>play w d7
<= 
<
>showboard
<= 
< 
<  2f0887d63051c827
<  a  b  c  d  e  f  g  h  i  j  k  
< 1\.  .  .  .  W  .  .  .  .  .  .\1
<  2\B  .  .  .  .  .  .  .  .  .  .\2
<   3\.  .  .  .  .  .  .  .  .  .  .\3
<    4\.  .  .  .  .  .  .  .  .  .  .\4
<     5\.  .  .  .  .  .  .  .  .  .  .\5
<      6\.  .  .  .  .  .  .  .  .  .  .\6
<       7\.  .  .  W  .  .  .  .  .  .  .\7
<        8\.  .  .  .  .  .  .  .  .  .  .\8
<         9\.  .  .  .  .  .  .  .  .  .  .\9
<         10\.  .  .  .  .  .  .  .  .  .  .\10
<          11\.  .  .  .  .  B  .  .  .  .  .\11
<              a  b  c  d  e  f  g  h  i  j  k  
<
>genmove b
<= j7
<
>showboard
cb4e7 info: PlayAndSolve: Building VCs to avoid race condition.
cb4e7 info: PlayAndSolve: Continuing on as usual.
50776 info: *** PlayerThread ***
58786 info: *** SolverThread ***
50776 info: Best move cannot be determined, must search state.
50776 info: --- MoHexPlayer::Search() ---
50776 info: Color: black
50776 info: MaxGames: 1
50776 info: NumberThreads: 1
50776 info: MaxNodes: 9090 (799920 bytes)
50776 info: TimeForMove: 1
50776 info: PreSearch: max time reached (62/92).
50776 info: Time for PreSearch: 0.202287s
50776 info: 
  2f0887d63051c827
  a  b  c  d  e  f  g  h  i  j  k  
 1\b  b  b  .  W  .  .  .  .  .  .\1
  2\B  .  .  *  *  *  *  *  *  *  *\2
   3\.  *  *  *  *  *  *  *  *  *  *\3
    4\*  *  *  *  *  *  *  *  *  *  *\4
     5\*  *  *  *  *  *  *  *  *  *  *\5
      6\*  *  *  *  *  *  *  *  *  *  *\6
       7\*  *  *  W  *  *  *  *  *  *  *\7
        8\*  *  *  *  *  *  *  *  *  *  *\8
         9\*  *  *  *  *  *  *  *  *  *  .\9
         10\*  *  *  *  *  *  *  *  *  .  .\10
          11\.  .  .  .  .  B  .  .  .  .  .\11
              a  b  c  d  e  f  g  h  i  j  k  
50776 info: Old: [black, a2] [white, swap-pieces] [white, e1] 
50776 info: New: [black, a2] [white, swap-pieces] [white, e1] [black, f11] [white, d7] 
50776 info: MovesPlayed: [black, f11] [white, d7] 
50776 info: No subtree to reuse.
50776 info: StartSearch()[0]
SgUctSearch: max games reached
50776 info: 
Elapsed Time   0.483492s
Count          1
GamesPlayed    1
Nodes          1
Knowledge      0 (0.0%)
Expansions     0.0
Time           0.00
GameLen        114.0 dev=0.0 min=114.0 max=114.0
InTree         0.0 dev=0.0 min=0.0 max=0.0
KnowDepth      -
Aborted        0%
Games/s        3048.8
Score          1.00
Sequence      
50776 info: 
50776 warning: **** MoHexSearch returned empty sequence!
50776 warning: **** Returning random move!
50776 info: *** Player move: j7
48766 info: DfpnSolver::CheckAbort(): Abort flag!
58786 info: 
MID calls      67
VC builds      65
Terminal       0
Work           67
Wasted Work    0 (0%)
Elapsed Time   0.498445
MIDs/sec       134.418
VCs/sec        130.406
Cnt prune sib  0
Avg prune sib  -
Consider Size  82.5539 dev=7.85635 min=47 max=92
Move Index     -
Move Percent   -
Delta Increase 3.45455 dev=13.7974 min=1 max=82
Winner         empty
PV             j2 j5 b10 f6

HashTableStatistics:
Stores         313
LookupAttempt  29166
LookupSuccess  1544
Collisions     0

58786 info: Search aborted.
<= 
< 
<  d7c1b482081b063a
<  a  b  c  d  e  f  g  h  i  j  k  
< 1\.  .  .  .  W  .  .  .  .  .  .\1
<  2\B  .  .  .  .  .  .  .  .  .  .\2
<   3\.  .  .  .  .  .  .  .  .  .  .\3
<    4\.  .  .  .  .  .  .  .  .  .  .\4
<     5\.  .  .  .  .  .  .  .  .  .  .\5
<      6\.  .  .  .  .  .  .  .  .  .  .\6
<       7\.  .  .  W  .  .  .  .  .  B  .\7
<        8\.  .  .  .  .  .  .  .  .  .  .\8
<         9\.  .  .  .  .  .  .  .  .  .  .\9
<         10\.  .  .  .  .  .  .  .  .  .  .\10
<          11\.  .  .  .  .  B  .  .  .  .  .\11
<              a  b  c  d  e  f  g  h  i  j  k  
<
>play w i6
<= 
<
>showboard
<= 
< 
<  b40dcc7f1fc479f6
<  a  b  c  d  e  f  g  h  i  j  k  
< 1\.  .  .  .  W  .  .  .  .  .  .\1
<  2\B  .  .  .  .  .  .  .  .  .  .\2
<   3\.  .  .  .  .  .  .  .  .  .  .\3
<    4\.  .  .  .  .  .  .  .  .  .  .\4
<     5\.  .  .  .  .  .  .  .  .  .  .\5
<      6\.  .  .  .  .  .  .  .  W  .  .\6
<       7\.  .  .  W  .  .  .  .  .  B  .\7
<        8\.  .  .  .  .  .  .  .  .  .  .\8
<         9\.  .  .  .  .  .  .  .  .  .  .\9
<         10\.  .  .  .  .  .  .  .  .  .  .\10
<          11\.  .  .  .  .  B  .  .  .  .  .\11
<              a  b  c  d  e  f  g  h  i  j  k  
<
>genmove b
<= h4
<
>showboard
cb4e7 info: PlayAndSolve: Building VCs to avoid race condition.
cb4e7 info: PlayAndSolve: Continuing on as usual.
58786 info: *** PlayerThread ***
50776 info: *** SolverThread ***
58786 info: Best move cannot be determined, must search state.
58786 info: --- MoHexPlayer::Search() ---
58786 info: Color: black
58786 info: MaxGames: 1
58786 info: NumberThreads: 1
58786 info: MaxNodes: 9090 (799920 bytes)
58786 info: TimeForMove: 1
58786 info: PreSearch: max time reached (60/85).
58786 info: Time for PreSearch: 0.201595s
58786 info: 
  b40dcc7f1fc479f6
  a  b  c  d  e  f  g  h  i  j  k  
 1\b  b  b  .  W  .  .  .  .  .  .\1
  2\B  .  .  *  *  *  *  *  *  *  *\2
   3\.  *  *  *  *  *  *  *  *  *  *\3
    4\*  *  *  *  *  *  *  *  *  *  .\4
     5\*  *  *  *  *  *  *  *  *  .  *\5
      6\*  *  *  *  *  *  *  *  W  .  .\6
       7\*  *  *  W  *  *  *  *  *  B  .\7
        8\*  *  *  *  *  *  *  *  *  *  *\8
         9\*  *  *  *  *  *  *  *  *  *  .\9
         10\*  *  *  *  *  *  *  *  *  .  .\10
          11\.  .  .  .  .  B  .  .  .  .  .\11
              a  b  c  d  e  f  g  h  i  j  k  
58786 info: Old: [black, a2] [white, swap-pieces] [white, e1] [black, f11] [white, d7] 
58786 info: New: [black, a2] [white, swap-pieces] [white, e1] [black, f11] [white, d7] [black, j7] [white, i6] 
58786 info: MovesPlayed: [black, j7] [white, i6] 
58786 info: No subtree to reuse.
58786 info: StartSearch()[0]
SgUctSearch: max games reached
58786 info: 
Elapsed Time   0.3511s
Count          1
GamesPlayed    1
Nodes          1
Knowledge      0 (0.0%)
Expansions     0.0
Time           0.00
GameLen        112.0 dev=0.0 min=112.0 max=112.0
InTree         0.0 dev=0.0 min=0.0 max=0.0
KnowDepth      -
Aborted        0%
Games/s        3278.7
Score          0.00
Sequence      
58786 info: 
58786 warning: **** MoHexSearch returned empty sequence!
58786 warning: **** Returning random move!
58786 info: *** Player move: h4
48766 info: DfpnSolver::CheckAbort(): Abort flag!
50776 info: 
MID calls      50
VC builds      48
Terminal       0
Work           50
Wasted Work    0 (0%)
Elapsed Time   0.364154
MIDs/sec       137.305
VCs/sec        131.812
Cnt prune sib  1
Avg prune sib  2 dev=0 min=2 max=2
Consider Size  73.7708 dev=18.3533 min=26 max=85
Move Index     -
Move Percent   -
Delta Increase 3.10204 dev=11.5109 min=1 max=79
Winner         empty
PV             j2 f6 k5 j4

HashTableStatistics:
Stores         435
LookupAttempt  40551
LookupSuccess  2222
Collisions     0

50776 info: Search aborted.
<= 
< 
<  3db45c5962f64527
<  a  b  c  d  e  f  g  h  i  j  k  
< 1\.  .  .  .  W  .  .  .  .  .  .\1
<  2\B  .  .  .  .  .  .  .  .  .  .\2
<   3\.  .  .  .  .  .  .  .  .  .  .\3
<    4\.  .  .  .  .  .  .  B  .  .  .\4
<     5\.  .  .  .  .  .  .  .  .  .  .\5
<      6\.  .  .  .  .  .  .  .  W  .  .\6
<       7\.  .  .  W  .  .  .  .  .  B  .\7
<        8\.  .  .  .  .  .  .  .  .  .  .\8
<         9\.  .  .  .  .  .  .  .  .  .  .\9
<         10\.  .  .  .  .  .  .  .  .  .  .\10
<          11\.  .  .  .  .  B  .  .  .  .  .\11
<              a  b  c  d  e  f  g  h  i  j  k  
<
>play w b9
<= 
<
>showboard
<= 
< 
<  1bd886151788a99f
<  a  b  c  d  e  f  g  h  i  j  k  
< 1\.  .  .  .  W  .  .  .  .  .  .\1
<  2\B  .  .  .  .  .  .  .  .  .  .\2
<   3\.  .  .  .  .  .  .  .  .  .  .\3
<    4\.  .  .  .  .  .  .  B  .  .  .\4
<     5\.  .  .  .  .  .  .  .  .  .  .\5
<      6\.  .  .  .  .  .  .  .  W  .  .\6
<       7\.  .  .  W  .  .  .  .  .  B  .\7
<        8\.  .  .  .  .  .  .  .  .  .  .\8
<         9\.  W  .  .  .  .  .  .  .  .  .\9
<         10\.  .  .  .  .  .  .  .  .  .  .\10
<          11\.  .  .  .  .  B  .  .  .  .  .\11
<              a  b  c  d  e  f  g  h  i  j  k  
<
>genmove b
<= k6
<
>showboard
cb4e7 info: PlayAndSolve: Building VCs to avoid race condition.
cb4e7 info: PlayAndSolve: Continuing on as usual.
50776 info: *** PlayerThread ***
58786 info: *** SolverThread ***
50776 info: Best move cannot be determined, must search state.
50776 info: --- MoHexPlayer::Search() ---
50776 info: Color: black
50776 info: MaxGames: 1
50776 info: NumberThreads: 1
50776 info: MaxNodes: 9090 (799920 bytes)
50776 info: TimeForMove: 1
50776 info: PreSearch: max time reached (47/76).
50776 info: Time for PreSearch: 0.202409s
50776 info: 
  1bd886151788a99f
  a  b  c  d  e  f  g  h  i  j  k  
 1\b  b  b  .  W  .  .  .  .  .  .\1
  2\B  .  *  *  *  *  *  *  *  *  *\2
   3\.  *  *  *  *  *  *  *  *  *  *\3
    4\*  *  *  *  *  *  *  B  *  *  .\4
     5\*  *  *  *  *  *  *  *  *  .  *\5
      6\*  *  *  *  *  *  *  *  W  .  .\6
       7\.  *  *  W  *  *  *  *  *  B  .\7
        8\w  .  *  *  *  *  *  *  *  *  *\8
         9\w  W  *  *  *  *  *  *  *  *  .\9
         10\w  .  .  *  *  *  *  *  *  .  .\10
          11\.  .  .  .  .  B  .  .  .  .  .\11
              a  b  c  d  e  f  g  h  i  j  k  
50776 info: Old: [black, a2] [white, swap-pieces] [white, e1] [black, f11] [white, d7] [black, j7] [white, i6] 
50776 info: New: [black, a2] [white, swap-pieces] [white, e1] [black, f11] [white, d7] [black, j7] [white, i6] [black, h4] [white, b9] 
50776 info: MovesPlayed: [black, h4] [white, b9] 
50776 info: No subtree to reuse.
50776 info: StartSearch()[0]
SgUctSearch: max games reached
50776 info: 
Elapsed Time   0.356077s
Count          1
GamesPlayed    1
Nodes          1
Knowledge      0 (0.0%)
Expansions     0.0
Time           0.00
GameLen        107.0 dev=0.0 min=107.0 max=107.0
InTree         0.0 dev=0.0 min=0.0 max=0.0
KnowDepth      -
Aborted        0%
Games/s        3289.5
Score          0.00
Sequence      
50776 info: 
50776 warning: **** MoHexSearch returned empty sequence!
50776 warning: **** Returning random move!
50776 info: *** Player move: k6
48766 info: DfpnSolver::CheckAbort(): Abort flag!
58786 info: 
MID calls      52
VC builds      49
Terminal       0
Work           52
Wasted Work    0 (0%)
Elapsed Time   0.371442
MIDs/sec       139.995
VCs/sec        131.918
Cnt prune sib  1
Avg prune sib  3 dev=0 min=3 max=3
Consider Size  54.1633 dev=26.6461 min=11 max=79
Move Index     -
Move Percent   -
Delta Increase 2.66667 dev=9.63789 min=1 max=70
Winner         empty
PV             h2 h5 f6

HashTableStatistics:
Stores         560
LookupAttempt  49718
LookupSuccess  2804
Collisions     0

58786 info: Search aborted.
<= 
< 
<  5d044fd5960fb02a
<  a  b  c  d  e  f  g  h  i  j  k  
< 1\.  .  .  .  W  .  .  .  .  .  .\1
<  2\B  .  .  .  .  .  .  .  .  .  .\2
<   3\.  .  .  .  .  .  .  .  .  .  .\3
<    4\.  .  .  .  .  .  .  B  .  .  .\4
<     5\.  .  .  .  .  .  .  .  .  .  .\5
<      6\.  .  .  .  .  .  .  .  W  .  B\6
<       7\.  .  .  W  .  .  .  .  .  B  .\7
<        8\.  .  .  .  .  .  .  .  .  .  .\8
<         9\.  W  .  .  .  .  .  .  .  .  .\9
<         10\.  .  .  .  .  .  .  .  .  .  .\10
<          11\.  .  .  .  .  B  .  .  .  .  .\11
<              a  b  c  d  e  f  g  h  i  j  k  
<
>play w h6
<= 
<
>showboard
<= 
< 
<  5bcec0229572fe54
<  a  b  c  d  e  f  g  h  i  j  k  
< 1\.  .  .  .  W  .  .  .  .  .  .\1
<  2\B  .  .  .  .  .  .  .  .  .  .\2
<   3\.  .  .  .  .  .  .  .  .  .  .\3
<    4\.  .  .  .  .  .  .  B  .  .  .\4
<     5\.  .  .  .  .  .  .  .  .  .  .\5
<      6\.  .  .  .  .  .  .  W  W  .  B\6
<       7\.  .  .  W  .  .  .  .  .  B  .\7
<        8\.  .  .  .  .  .  .  .  .  .  .\8
<         9\.  W  .  .  .  .  .  .  .  .  .\9
<         10\.  .  .  .  .  .  .  .  .  .  .\10
<          11\.  .  .  .  .  B  .  .  .  .  .\11
<              a  b  c  d  e  f  g  h  i  j  k  
<
>genmove b
<= c11
<
>showboard
cb4e7 info: PlayAndSolve: Building VCs to avoid race condition.
cb4e7 info: PlayAndSolve: Continuing on as usual.
58786 info: *** PlayerThread ***
50776 info: *** SolverThread ***
58786 info: Best move cannot be determined, must search state.
58786 info: --- MoHexPlayer::Search() ---
58786 info: Color: black
58786 info: MaxGames: 1
58786 info: NumberThreads: 1
58786 info: MaxNodes: 9090 (799920 bytes)
58786 info: TimeForMove: 1
58786 info: PreSearch: max time reached (53/76).
58786 info: Time for PreSearch: 0.203628s
58786 info: 
  5bcec0229572fe54
  a  b  c  d  e  f  g  h  i  j  k  
 1\b  b  b  .  W  .  .  .  .  .  .\1
  2\B  .  *  *  *  *  *  *  *  *  *\2
   3\.  *  *  *  *  *  *  *  *  *  *\3
    4\*  *  *  *  *  *  *  B  *  *  *\4
     5\*  *  *  *  *  *  *  *  *  *  .\5
      6\*  *  *  *  *  *  *  W  W  .  B\6
       7\.  *  *  W  *  *  *  *  *  B  .\7
        8\w  .  *  *  *  *  *  *  *  *  *\8
         9\w  W  *  *  *  *  *  *  *  *  .\9
         10\w  .  .  *  *  *  *  *  *  .  .\10
          11\.  .  .  .  .  B  .  .  .  .  .\11
              a  b  c  d  e  f  g  h  i  j  k  
58786 info: Old: [black, a2] [white, swap-pieces] [white, e1] [black, f11] [white, d7] [black, j7] [white, i6] [black, h4] [white, b9] 
58786 info: New: [black, a2] [white, swap-pieces] [white, e1] [black, f11] [white, d7] [black, j7] [white, i6] [black, h4] [white, b9] [black, k6] [white, h6] 
58786 info: MovesPlayed: [black, k6] [white, h6] 
58786 info: No subtree to reuse.
58786 info: StartSearch()[0]
SgUctSearch: max games reached
58786 info: 
Elapsed Time   0.557046s
Count          1
GamesPlayed    1
Nodes          1
Knowledge      0 (0.0%)
Expansions     0.0
Time           0.00
GameLen        105.0 dev=0.0 min=105.0 max=105.0
InTree         0.0 dev=0.0 min=0.0 max=0.0
KnowDepth      -
Aborted        0%
Games/s        3436.4
Score          1.00
Sequence      
58786 info: 
58786 warning: **** MoHexSearch returned empty sequence!
58786 warning: **** Returning random move!
58786 info: *** Player move: c11
48766 info: DfpnSolver::CheckAbort(): Abort flag!
50776 info: 
MID calls      75
VC builds      70
Terminal       0
Work           75
Wasted Work    0 (0%)
Elapsed Time   0.572544
MIDs/sec       130.994
VCs/sec        122.261
Cnt prune sib  2
Avg prune sib  3.5 dev=0.5 min=3 max=4
Consider Size  53.5143 dev=25.5532 min=8 max=76
Move Index     -
Move Percent   -
Delta Increase 3.05405 dev=9.54632 min=1 max=67
Winner         empty
PV             j2 f6 g6

HashTableStatistics:
Stores         732
LookupAttempt  60371
LookupSuccess  3453
Collisions     0

50776 info: Search aborted.
<= 
< 
<  5ab5303f72acb62e
<  a  b  c  d  e  f  g  h  i  j  k  
< 1\.  .  .  .  W  .  .  .  .  .  .\1
<  2\B  .  .  .  .  .  .  .  .  .  .\2
<   3\.  .  .  .  .  .  .  .  .  .  .\3
<    4\.  .  .  .  .  .  .  B  .  .  .\4
<     5\.  .  .  .  .  .  .  .  .  .  .\5
<      6\.  .  .  .  .  .  .  W  W  .  B\6
<       7\.  .  .  W  .  .  .  .  .  B  .\7
<        8\.  .  .  .  .  .  .  .  .  .  .\8
<         9\.  W  .  .  .  .  .  .  .  .  .\9
<         10\.  .  .  .  .  .  .  .  .  .  .\10
<          11\.  .  B  .  .  B  .  .  .  .  .\11
<              a  b  c  d  e  f  g  h  i  j  k  
<
>play w e9
<= 
<
>showboard
<= 
< 
<  5969d4ace4c0d3c2
<  a  b  c  d  e  f  g  h  i  j  k  
< 1\.  .  .  .  W  .  .  .  .  .  .\1
<  2\B  .  .  .  .  .  .  .  .  .  .\2
<   3\.  .  .  .  .  .  .  .  .  .  .\3
<    4\.  .  .  .  .  .  .  B  .  .  .\4
<     5\.  .  .  .  .  .  .  .  .  .  .\5
<      6\.  .  .  .  .  .  .  W  W  .  B\6
<       7\.  .  .  W  .  .  .  .  .  B  .\7
<        8\.  .  .  .  .  .  .  .  .  .  .\8
<         9\.  W  .  .  W  .  .  .  .  .  .\9
<         10\.  .  .  .  .  .  .  .  .  .  .\10
<          11\.  .  B  .  .  B  .  .  .  .  .\11
<              a  b  c  d  e  f  g  h  i  j  k  
<
>genmove b
<= d4
<
>showboard
cb4e7 info: PlayAndSolve: Building VCs to avoid race condition.
cb4e7 info: PlayAndSolve: Continuing on as usual.
50776 info: *** PlayerThread ***
58786 info: *** SolverThread ***
50776 info: Best move cannot be determined, must search state.
50776 info: --- MoHexPlayer::Search() ---
50776 info: Color: black
50776 info: MaxGames: 1
50776 info: NumberThreads: 1
50776 info: MaxNodes: 9090 (799920 bytes)
50776 info: TimeForMove: 1
50776 info: Time for PreSearch: 0.049139s
50776 info: 
  5969d4ace4c0d3c2
  a  b  c  d  e  f  g  h  i  j  k  
 1\b  b  b  .  W  .  .  .  .  .  .\1
  2\B  .  .  .  .  .  .  .  .  *  *\2
   3\.  .  .  .  .  .  .  .  *  *  *\3
    4\.  .  .  .  .  .  .  B  *  *  *\4
     5\.  .  .  .  .  .  .  *  *  *  .\5
      6\.  .  .  .  .  .  .  W  W  .  B\6
       7\.  *  .  W  *  .  .  .  .  B  .\7
        8\w  .  *  .  *  .  .  .  .  .  .\8
         9\w  W  .  .  W  .  .  .  .  .  .\9
         10\w  .  .  .  .  .  .  .  .  .  .\10
          11\b  b  B  b  b  B  .  .  .  .  .\11
              a  b  c  d  e  f  g  h  i  j  k  
50776 info: Old: [black, a2] [white, swap-pieces] [white, e1] [black, f11] [white, d7] [black, j7] [white, i6] [black, h4] [white, b9] [black, k6] [white, h6] 
50776 info: New: [black, a2] [white, swap-pieces] [white, e1] [black, f11] [white, d7] [black, j7] [white, i6] [black, h4] [white, b9] [black, k6] [white, h6] [black, c11] [white, e9] 
50776 info: MovesPlayed: [black, c11] [white, e9] 
50776 info: No subtree to reuse.
50776 info: StartSearch()[0]
SgUctSearch: max games reached
50776 info: 
Elapsed Time   0.197291s
Count          1
GamesPlayed    1
Nodes          1
Knowledge      0 (0.0%)
Expansions     0.0
Time           0.00
GameLen        99.0 dev=0.0 min=99.0 max=99.0
InTree         0.0 dev=0.0 min=0.0 max=0.0
KnowDepth      -
Aborted        0%
Games/s        3246.8
Score          0.00
Sequence      
50776 info: 
50776 warning: **** MoHexSearch returned empty sequence!
50776 warning: **** Returning random move!
50776 info: *** Player move: d4
48766 info: DfpnSolver::CheckAbort(): Abort flag!
58786 info: 
MID calls      38
VC builds      33
Terminal       0
Work           38
Wasted Work    0 (0%)
Elapsed Time   0.206669
MIDs/sec       183.869
VCs/sec        159.676
Cnt prune sib  2
Avg prune sib  2.5 dev=1.5 min=1 max=4
Consider Size  36.5758 dev=26.6947 min=1 max=70
Move Index     -
Move Percent   -
Delta Increase 3.31429 dev=10.5065 min=1 max=64
Winner         empty
PV             j5 j4 i5

HashTableStatistics:
Stores         816
LookupAttempt  62421
LookupSuccess  3582
Collisions     0

58786 info: Search aborted.
<= 
< 
<  6c9cc1361d6f06ea
<  a  b  c  d  e  f  g  h  i  j  k  
< 1\.  .  .  .  W  .  .  .  .  .  .\1
<  2\B  .  .  .  .  .  .  .  .  .  .\2
<   3\.  .  .  .  .  .  .  .  .  .  .\3
<    4\.  .  .  B  .  .  .  B  .  .  .\4
<     5\.  .  .  .  .  .  .  .  .  .  .\5
<      6\.  .  .  .  .  .  .  W  W  .  B\6
<       7\.  .  .  W  .  .  .  .  .  B  .\7
<        8\.  .  .  .  .  .  .  .  .  .  .\8
<         9\.  W  .  .  W  .  .  .  .  .  .\9
<         10\.  .  .  .  .  .  .  .  .  .  .\10
<          11\.  .  B  .  .  B  .  .  .  .  .\11
<              a  b  c  d  e  f  g  h  i  j  k  
<
>play w f7
<= 
<
>showboard
<= 
< 
<  f7b9e03cd3b4c60b
<  a  b  c  d  e  f  g  h  i  j  k  
< 1\.  .  .  .  W  .  .  .  .  .  .\1
<  2\B  .  .  .  .  .  .  .  .  .  .\2
<   3\.  .  .  .  .  .  .  .  .  .  .\3
<    4\.  .  .  B  .  .  .  B  .  .  .\4
<     5\.  .  .  .  .  .  .  .  .  .  .\5
<      6\.  .  .  .  .  .  .  W  W  .  B\6
<       7\.  .  .  W  .  W  .  .  .  B  .\7
<        8\.  .  .  .  .  .  .  .  .  .  .\8
<         9\.  W  .  .  W  .  .  .  .  .  .\9
<         10\.  .  .  .  .  .  .  .  .  .  .\10
<          11\.  .  B  .  .  B  .  .  .  .  .\11
<              a  b  c  d  e  f  g  h  i  j  k  
<
>genmove b
<= k3
<
>showboard
cb4e7 info: PlayAndSolve: Building VCs to avoid race condition.
cb4e7 info: PlayAndSolve: Continuing on as usual.
58786 info: *** PlayerThread ***
50776 info: *** SolverThread ***
58786 info: Opponent has won; playing most blocking move.
58786 info: *** Player move: k3
50776 info: 
MID calls      0
VC builds      1
Terminal       1
Work           1
Wasted Work    0 (0%)
Elapsed Time   0.010977
MIDs/sec       0
VCs/sec        91.0996
Cnt prune sib  0
Avg prune sib  -
Consider Size  -
Move Index     -
Move Percent   -
Delta Increase -
Winner         white
PV             

HashTableStatistics:
Stores         817
LookupAttempt  62427
LookupSuccess  3585
Collisions     0

<= 
< 
<  b4e4f41123dbac03
<  a  b  c  d  e  f  g  h  i  j  k  
< 1\.  .  .  .  W  .  .  .  .  .  .\1
<  2\B  .  .  .  .  .  .  .  .  .  .\2
<   3\.  .  .  .  .  .  .  .  .  .  B\3
<    4\.  .  .  B  .  .  .  B  .  .  .\4
<     5\.  .  .  .  .  .  .  .  .  .  .\5
<      6\.  .  .  .  .  .  .  W  W  .  B\6
<       7\.  .  .  W  .  W  .  .  .  B  .\7
<        8\.  .  .  .  .  .  .  .  .  .  .\8
<         9\.  W  .  .  W  .  .  .  .  .  .\9
<         10\.  .  .  .  .  .  .  .  .  .  .\10
<          11\.  .  B  .  .  B  .  .  .  .  .\11
<              a  b  c  d  e  f  g  h  i  j  k  
<
>play w j5
<= 
<
>showboard
<= 
< 
<  b2c269b3981bd3b4
<  a  b  c  d  e  f  g  h  i  j  k  
< 1\.  .  .  .  W  .  .  .  .  .  .\1
<  2\B  .  .  .  .  .  .  .  .  .  .\2
<   3\.  .  .  .  .  .  .  .  .  .  B\3
<    4\.  .  .  B  .  .  .  B  .  .  .\4
<     5\.  .  .  .  .  .  .  .  .  W  .\5
<      6\.  .  .  .  .  .  .  W  W  .  B\6
<       7\.  .  .  W  .  W  .  .  .  B  .\7
<        8\.  .  .  .  .  .  .  .  .  .  .\8
<         9\.  W  .  .  W  .  .  .  .  .  .\9
<         10\.  .  .  .  .  .  .  .  .  .  .\10
<          11\.  .  B  .  .  B  .  .  .  .  .\11
<              a  b  c  d  e  f  g  h  i  j  k  
<
>genmove b
<= e7
<
>showboard
cb4e7 info: PlayAndSolve: Building VCs to avoid race condition.
cb4e7 info: PlayAndSolve: Continuing on as usual.
50776 info: *** PlayerThread ***
58786 info: *** SolverThread ***
50776 info: Opponent has won; playing most blocking move.
50776 info: *** Player move: e7
58786 info: 
MID calls      0
VC builds      1
Terminal       1
Work           1
Wasted Work    0 (0%)
Elapsed Time   0.006749
MIDs/sec       0
VCs/sec        148.17
Cnt prune sib  0
Avg prune sib  -
Consider Size  -
Move Index     -
Move Percent   -
Delta Increase -
Winner         white
PV             

HashTableStatistics:
Stores         818
LookupAttempt  62433
LookupSuccess  3588
Collisions     0

<= 
< 
<  4d5d63854aabefdd
<  a  b  c  d  e  f  g  h  i  j  k  
< 1\.  .  .  .  W  .  .  .  .  .  .\1
<  2\B  .  .  .  .  .  .  .  .  .  .\2
<   3\.  .  .  .  .  .  .  .  .  .  B\3
<    4\.  .  .  B  .  .  .  B  .  .  .\4
<     5\.  .  .  .  .  .  .  .  .  W  .\5
<      6\.  .  .  .  .  .  .  W  W  .  B\6
<       7\.  .  .  W  B  W  .  .  .  B  .\7
<        8\.  .  .  .  .  .  .  .  .  .  .\8
<         9\.  W  .  .  W  .  .  .  .  .  .\9
<         10\.  .  .  .  .  .  .  .  .  .  .\10
<          11\.  .  B  .  .  B  .  .  .  .  .\11
<              a  b  c  d  e  f  g  h  i  j  k  
<
>play w c10
<= 
<
>showboard
<= 
< 
<  e81ed60f6d5c2895
<  a  b  c  d  e  f  g  h  i  j  k  
< 1\.  .  .  .  W  .  .  .  .  .  .\1
<  2\B  .  .  .  .  .  .  .  .  .  .\2
<   3\.  .  .  .  .  .  .  .  .  .  B\3
<    4\.  .  .  B  .  .  .  B  .  .  .\4
<     5\.  .  .  .  .  .  .  .  .  W  .\5
<      6\.  .  .  .  .  .  .  W  W  .  B\6
<       7\.  .  .  W  B  W  .  .  .  B  .\7
<        8\.  .  .  .  .  .  .  .  .  .  .\8
<         9\.  W  .  .  W  .  .  .  .  .  .\9
<         10\.  .  W  .  .  .  .  .  .  .  .\10
<          11\.  .  B  .  .  B  .  .  .  .  .\11
<              a  b  c  d  e  f  g  h  i  j  k  
<
>genmove b
<= g6
<
>showboard
cb4e7 info: PlayAndSolve: Building VCs to avoid race condition.
cb4e7 info: PlayAndSolve: Continuing on as usual.
58786 info: *** PlayerThread ***
50776 info: *** SolverThread ***
58786 info: Opponent has won; playing most blocking move.
58786 info: *** Player move: g6
50776 info: 
MID calls      0
VC builds      1
Terminal       1
Work           1
Wasted Work    0 (0%)
Elapsed Time   0.006524
MIDs/sec       0
VCs/sec        153.28
Cnt prune sib  0
Avg prune sib  -
Consider Size  -
Move Index     -
Move Percent   -
Delta Increase -
Winner         white
PV             

HashTableStatistics:
Stores         819
LookupAttempt  62439
LookupSuccess  3591
Collisions     0

<= 
< 
<  25132cb60630aca1
<  a  b  c  d  e  f  g  h  i  j  k  
< 1\.  .  .  .  W  .  .  .  .  .  .\1
<  2\B  .  .  .  .  .  .  .  .  .  .\2
<   3\.  .  .  .  .  .  .  .  .  .  B\3
<    4\.  .  .  B  .  .  .  B  .  .  .\4
<     5\.  .  .  .  .  .  .  .  .  W  .\5
<      6\.  .  .  .  .  .  B  W  W  .  B\6
<       7\.  .  .  W  B  W  .  .  .  B  .\7
<        8\.  .  .  .  .  .  .  .  .  .  .\8
<         9\.  W  .  .  W  .  .  .  .  .  .\9
<         10\.  .  W  .  .  .  .  .  .  .  .\10
<          11\.  .  B  .  .  B  .  .  .  .  .\11
<              a  b  c  d  e  f  g  h  i  j  k  
<
>play w g7
<= 
<
>showboard
<= 
< 
<  23b8f1b7f33f3a99
<  a  b  c  d  e  f  g  h  i  j  k  
< 1\.  .  .  .  W  .  .  .  .  .  .\1
<  2\B  .  .  .  .  .  .  .  .  .  .\2
<   3\.  .  .  .  .  .  .  .  .  .  B\3
<    4\.  .  .  B  .  .  .  B  .  .  .\4
<     5\.  .  .  .  .  .  .  .  .  W  .\5
<      6\.  .  .  .  .  .  B  W  W  .  B\6
<       7\.  .  .  W  B  W  W  .  .  B  .\7
<        8\.  .  .  .  .  .  .  .  .  .  .\8
<         9\.  W  .  .  W  .  .  .  .  .  .\9
<         10\.  .  W  .  .  .  .  .  .  .  .\10
<          11\.  .  B  .  .  B  .  .  .  .  .\11
<              a  b  c  d  e  f  g  h  i  j  k  
<
>genmove b
<= c9
<
>showboard
cb4e7 info: PlayAndSolve: Building VCs to avoid race condition.
cb4e7 info: PlayAndSolve: Continuing on as usual.
50776 info: *** PlayerThread ***
58786 info: *** SolverThread ***
50776 info: Opponent has won; playing most blocking move.
50776 info: *** Player move: c9
58786 info: 
MID calls      0
VC builds      1
Terminal       1
Work           1
Wasted Work    0 (0%)
Elapsed Time   0.007456
MIDs/sec       0
VCs/sec        134.12
Cnt prune sib  0
Avg prune sib  -
Consider Size  -
Move Index     -
Move Percent   -
Delta Increase -
Winner         white
PV             

HashTableStatistics:
Stores         820
LookupAttempt  62445
LookupSuccess  3594
Collisions     0

<= 
< 
<  6d6993e5ea938578
<  a  b  c  d  e  f  g  h  i  j  k  
< 1\.  .  .  .  W  .  .  .  .  .  .\1
<  2\B  .  .  .  .  .  .  .  .  .  .\2
<   3\.  .  .  .  .  .  .  .  .  .  B\3
<    4\.  .  .  B  .  .  .  B  .  .  .\4
<     5\.  .  .  .  .  .  .  .  .  W  .\5
<      6\.  .  .  .  .  .  B  W  W  .  B\6
<       7\.  .  .  W  B  W  W  .  .  B  .\7
<        8\.  .  .  .  .  .  .  .  .  .  .\8
<         9\.  W  B  .  W  .  .  .  .  .  .\9
<         10\.  .  W  .  .  .  .  .  .  .  .\10
<          11\.  .  B  .  .  B  .  .  .  .  .\11
<              a  b  c  d  e  f  g  h  i  j  k  
<
>play w b10
<= 
<
>showboard
<= 
< 
<  b6fd51f8e42df5a7
<  a  b  c  d  e  f  g  h  i  j  k  
< 1\.  .  .  .  W  .  .  .  .  .  .\1
<  2\B  .  .  .  .  .  .  .  .  .  .\2
<   3\.  .  .  .  .  .  .  .  .  .  B\3
<    4\.  .  .  B  .  .  .  B  .  .  .\4
<     5\.  .  .  .  .  .  .  .  .  W  .\5
<      6\.  .  .  .  .  .  B  W  W  .  B\6
<       7\.  .  .  W  B  W  W  .  .  B  .\7
<        8\.  .  .  .  .  .  .  .  .  .  .\8
<         9\.  W  B  .  W  .  .  .  .  .  .\9
<         10\.  W  W  .  .  .  .  .  .  .  .\10
<          11\.  .  B  .  .  B  .  .  .  .  .\11
<              a  b  c  d  e  f  g  h  i  j  k  
<
>genmove b
<= d9
<
>showboard
cb4e7 info: PlayAndSolve: Building VCs to avoid race condition.
cb4e7 info: PlayAndSolve: Continuing on as usual.
58786 info: *** PlayerThread ***
50776 info: *** SolverThread ***
58786 info: Opponent has won; playing most blocking move.
58786 info: *** Player move: d9
50776 info: 
MID calls      0
VC builds      1
Terminal       1
Work           1
Wasted Work    0 (0%)
Elapsed Time   0.00654
MIDs/sec       0
VCs/sec        152.905
Cnt prune sib  0
Avg prune sib  -
Consider Size  -
Move Index     -
Move Percent   -
Delta Increase -
Winner         white
PV             

HashTableStatistics:
Stores         821
LookupAttempt  62451
LookupSuccess  3597
Collisions     0

<= 
< 
<  5b65df8e3e6dd703
<  a  b  c  d  e  f  g  h  i  j  k  
< 1\.  .  .  .  W  .  .  .  .  .  .\1
<  2\B  .  .  .  .  .  .  .  .  .  .\2
<   3\.  .  .  .  .  .  .  .  .  .  B\3
<    4\.  .  .  B  .  .  .  B  .  .  .\4
<     5\.  .  .  .  .  .  .  .  .  W  .\5
<      6\.  .  .  .  .  .  B  W  W  .  B\6
<       7\.  .  .  W  B  W  W  .  .  B  .\7
<        8\.  .  .  .  .  .  .  .  .  .  .\8
<         9\.  W  B  B  W  .  .  .  .  .  .\9
<         10\.  W  W  .  .  .  .  .  .  .  .\10
<          11\.  .  B  .  .  B  .  .  .  .  .\11
<              a  b  c  d  e  f  g  h  i  j  k  
<
>play w d10
<= 
<
>showboard
<= 
< 
<  46e60131a166840e
<  a  b  c  d  e  f  g  h  i  j  k  
< 1\.  .  .  .  W  .  .  .  .  .  .\1
<  2\B  .  .  .  .  .  .  .  .  .  .\2
<   3\.  .  .  .  .  .  .  .  .  .  B\3
<    4\.  .  .  B  .  .  .  B  .  .  .\4
<     5\.  .  .  .  .  .  .  .  .  W  .\5
<      6\.  .  .  .  .  .  B  W  W  .  B\6
<       7\.  .  .  W  B  W  W  .  .  B  .\7
<        8\.  .  .  .  .  .  .  .  .  .  .\8
<         9\.  W  B  B  W  .  .  .  .  .  .\9
<         10\.  W  W  W  .  .  .  .  .  .  .\10
<          11\.  .  B  .  .  B  .  .  .  .  .\11
<              a  b  c  d  e  f  g  h  i  j  k  
<
>genmove b
<= f8
<
>showboard
cb4e7 info: PlayAndSolve: Building VCs to avoid race condition.
cb4e7 info: PlayAndSolve: Continuing on as usual.
50776 info: *** PlayerThread ***
58786 info: *** SolverThread ***
50776 info: Opponent has won; playing most blocking move.
50776 info: *** Player move: f8
58786 info: 
MID calls      0
VC builds      1
Terminal       1
Work           1
Wasted Work    0 (0%)
Elapsed Time   0.007047
MIDs/sec       0
VCs/sec        141.904
Cnt prune sib  0
Avg prune sib  -
Consider Size  -
Move Index     -
Move Percent   -
Delta Increase -
Winner         white
PV             

HashTableStatistics:
Stores         822
LookupAttempt  62457
LookupSuccess  3600
Collisions     0

<= 
< 
<  ff25b4936a822f00
<  a  b  c  d  e  f  g  h  i  j  k  
< 1\.  .  .  .  W  .  .  .  .  .  .\1
<  2\B  .  .  .  .  .  .  .  .  .  .\2
<   3\.  .  .  .  .  .  .  .  .  .  B\3
<    4\.  .  .  B  .  .  .  B  .  .  .\4
<     5\.  .  .  .  .  .  .  .  .  W  .\5
<      6\.  .  .  .  .  .  B  W  W  .  B\6
<       7\.  .  .  W  B  W  W  .  .  B  .\7
<        8\.  .  .  .  .  B  .  .  .  .  .\8
<         9\.  W  B  B  W  .  .  .  .  .  .\9
<         10\.  W  W  W  .  .  .  .  .  .  .\10
<          11\.  .  B  .  .  B  .  .  .  .  .\11
<              a  b  c  d  e  f  g  h  i  j  k  
<
>play w e8
<= 
<
>showboard
<= 
< 
<  0f1458debcf261c7
<  a  b  c  d  e  f  g  h  i  j  k  
< 1\.  .  .  .  W  .  .  .  .  .  .\1
<  2\B  .  .  .  .  .  .  .  .  .  .\2
<   3\.  .  .  .  .  .  .  .  .  .  B\3
<    4\.  .  .  B  .  .  .  B  .  .  .\4
<     5\.  .  .  .  .  .  .  .  .  W  .\5
<      6\.  .  .  .  .  .  B  W  W  .  B\6
<       7\.  .  .  W  B  W  W  .  .  B  .\7
<        8\.  .  .  .  W  B  .  .  .  .  .\8
<         9\.  W  B  B  W  .  .  .  .  .  .\9
<         10\.  W  W  W  .  .  .  .  .  .  .\10
<          11\.  .  B  .  .  B  .  .  .  .  .\11
<              a  b  c  d  e  f  g  h  i  j  k  
<
>genmove b
<= k4
<
>showboard
cb4e7 info: PlayAndSolve: Building VCs to avoid race condition.
cb4e7 info: PlayAndSolve: Continuing on as usual.
58786 info: *** PlayerThread ***
50776 info: *** SolverThread ***
58786 info: Captured cells caused win! Removing...
50776 info: 
MID calls      0
VC builds      1
Terminal       1
Work           1
Wasted Work    0 (0%)
Elapsed Time   0.002644
MIDs/sec       0
VCs/sec        378.215
Cnt prune sib  0
Avg prune sib  -
Consider Size  -
Move Index     -
Move Percent   -
Delta Increase -
Winner         white
PV             

HashTableStatistics:
Stores         823
LookupAttempt  62463
LookupSuccess  3603
Collisions     0

58786 info: Opponent has won; playing most blocking move.
58786 info: *** Player move: k4
<= 
< 
<  867dfedd1ede060d
<  a  b  c  d  e  f  g  h  i  j  k  
< 1\.  .  .  .  W  .  .  .  .  .  .\1
<  2\B  .  .  .  .  .  .  .  .  .  .\2
<   3\.  .  .  .  .  .  .  .  .  .  B\3
<    4\.  .  .  B  .  .  .  B  .  .  B\4
<     5\.  .  .  .  .  .  .  .  .  W  .\5
<      6\.  .  .  .  .  .  B  W  W  .  B\6
<       7\.  .  .  W  B  W  W  .  .  B  .\7
<        8\.  .  .  .  W  B  .  .  .  .  .\8
<         9\.  W  B  B  W  .  .  .  .  .  .\9
<         10\.  W  W  W  .  .  .  .  .  .  .\10
<          11\.  .  B  .  .  B  .  .  .  .  .\11
<              a  b  c  d  e  f  g  h  i  j  k  
<
>play w k5
<= 
<
>showboard
<= 
< 
<  2632c4a4a602448a
<  a  b  c  d  e  f  g  h  i  j  k  
< 1\.  .  .  .  W  .  .  .  .  .  .\1
<  2\B  .  .  .  .  .  .  .  .  .  .\2
<   3\.  .  .  .  .  .  .  .  .  .  B\3
<    4\.  .  .  B  .  .  .  B  .  .  B\4
<     5\.  .  .  .  .  .  .  .  .  W  W\5
<      6\.  .  .  .  .  .  B  W  W  .  B\6
<       7\.  .  .  W  B  W  W  .  .  B  .\7
<        8\.  .  .  .  W  B  .  .  .  .  .\8
<         9\.  W  B  B  W  .  .  .  .  .  .\9
<         10\.  W  W  W  .  .  .  .  .  .  .\10
<          11\.  .  B  .  .  B  .  .  .  .  .\11
<              a  b  c  d  e  f  g  h  i  j  k  
<
>genmove b
<= a9
<
>showboard
cb4e7 info: PlayAndSolve: Building VCs to avoid race condition.
cb4e7 info: PlayAndSolve: Continuing on as usual.
50776 info: *** PlayerThread ***
58786 info: *** SolverThread ***
50776 info: Captured cells caused win! Removing...
58786 info: 
MID calls      0
VC builds      1
Terminal       1
Work           1
Wasted Work    0 (0%)
Elapsed Time   0.002413
MIDs/sec       0
VCs/sec        414.422
Cnt prune sib  0
Avg prune sib  -
Consider Size  -
Move Index     -
Move Percent   -
Delta Increase -
Winner         white
PV             

HashTableStatistics:
Stores         824
LookupAttempt  62469
LookupSuccess  3606
Collisions     0

50776 info: Opponent has won; playing most blocking move.
50776 info: *** Player move: a9
<= 
< 
<  edd987cd7089c2ea
<  a  b  c  d  e  f  g  h  i  j  k  
< 1\.  .  .  .  W  .  .  .  .  .  .\1
<  2\B  .  .  .  .  .  .  .  .  .  .\2
<   3\.  .  .  .  .  .  .  .  .  .  B\3
<    4\.  .  .  B  .  .  .  B  .  .  B\4
<     5\.  .  .  .  .  .  .  .  .  W  W\5
<      6\.  .  .  .  .  .  B  W  W  .  B\6
<       7\.  .  .  W  B  W  W  .  .  B  .\7
<        8\.  .  .  .  W  B  .  .  .  .  .\8
<         9\B  W  B  B  W  .  .  .  .  .  .\9
<         10\.  W  W  W  .  .  .  .  .  .  .\10
<          11\.  .  B  .  .  B  .  .  .  .  .\11
<              a  b  c  d  e  f  g  h  i  j  k  
<
>play w a10
<= 
<
>showboard
<= 
< 
<  c9426d0adc10ed0e
<  a  b  c  d  e  f  g  h  i  j  k  
< 1\.  .  .  .  W  .  .  .  .  .  .\1
<  2\B  .  .  .  .  .  .  .  .  .  .\2
<   3\.  .  .  .  .  .  .  .  .  .  B\3
<    4\.  .  .  B  .  .  .  B  .  .  B\4
<     5\.  .  .  .  .  .  .  .  .  W  W\5
<      6\.  .  .  .  .  .  B  W  W  .  B\6
<       7\.  .  .  W  B  W  W  .  .  B  .\7
<        8\.  .  .  .  W  B  .  .  .  .  .\8
<         9\B  W  B  B  W  .  .  .  .  .  .\9
<         10\W  W  W  W  .  .  .  .  .  .  .\10
<          11\.  .  B  .  .  B  .  .  .  .  .\11
<              a  b  c  d  e  f  g  h  i  j  k  
<
>genmove b
<= resign
<
>showboard
<= 
< 
<  c9426d0adc10ed0e
<  a  b  c  d  e  f  g  h  i  j  k  
< 1\.  .  .  .  W  .  .  .  .  .  .\1
<  2\B  .  .  .  .  .  .  .  .  .  .\2
<   3\.  .  .  .  .  .  .  .  .  .  B\3
<    4\.  .  .  B  .  .  .  B  .  .  B\4
<     5\.  .  .  .  .  .  .  .  .  W  W\5
<      6\.  .  .  .  .  .  B  W  W  .  B\6
<       7\.  .  .  W  B  W  W  .  .  B  .\7
<        8\.  .  .  .  W  B  .  .  .  .  .\8
<         9\B  W  B  B  W  .  .  .  .  .  .\9
<         10\W  W  W  W  .  .  .  .  .  .  .\10
<          11\.  .  B  .  .  B  .  .  .  .  .\11
<              a  b  c  d  e  f  g  h  i  j  k  
<
>final_score
<= W+
<
>quit
<= 
<
