# nice ../build/src/mohex/mohex --config mohex-cg2010.htp --seed 13720 --logfile-name jobs/11x11-mohex-mohex-weak-vs-mohex-mohex-cg2010/mohex-mohex-cg2010-5.log
>boardsize 11 11
<= 
<
>name
MoHex 2.0.CMake Mar 21 2025
Copyright (C) 2007-2012 by the authors of the Benzene project.
This program comes with ABSOLUTELY NO WARRANTY. This is
free software and you are welcome to redistribute it under
certain conditions. Type `benzene-license' for details.

SgRandom::SetSeed: 13720
SgUctSearch: system memory 33632358400, using 1000000000 (5681818 nodes)
SgRandom::SetSeed: 1
SgRandom::SetSeed: 13720
38707 info: Prior Patterns:
38707 info: Global:
38707 info: Size            = 565 32648 
38707 info: TableEntries    = 65932 65910
38707 info: MirrorsAdded    = 0 0
38707 info: PrunableCount   = 30593 30629
38707 info: LargestGamma    = 5820.77
38707 info: SmallestGamma   = 6.6e-05
38707 info: Local:
38707 info: Size            = 550 5318 
38707 info: TableEntries    = 11602 11588
38707 info: MirrorsAdded    = 0 0
38707 info: PrunableCount   = 3659 3667
38707 info: LargestGamma    = 11281.8
38707 info: SmallestGamma   = 0.026235
38707 info: Playout Patterns:
38707 info: Global:
38707 info: Size            = 565 32648 
38707 info: TableEntries    = 70329 70329
38707 info: MirrorsAdded    = 4397 4419
38707 info: PrunableCount   = 30593 30629
38707 info: LargestGamma    = 5820.77
38707 info: SmallestGamma   = 6.6e-05
38707 info: Local:
38707 info: Size            = 550 5318 
38707 info: TableEntries    = 11602 11588
38707 info: MirrorsAdded    = 0 0
38707 info: PrunableCount   = 3659 3667
38707 info: LargestGamma    = 11281.8
38707 info: SmallestGamma   = 0.026235
param_game allow_swap 1
= 

param_mohex max_memory 32000000000
= 

param_mohex num_threads 1
= 

param_mohex max_time 1
= 

param_mohex max_games 1
= 

param_mohex knowledge_threshold 400
= 

param_mohex reuse_subtree 1
= 

param_mohex use_parallel_solver 1
= 

<= MoHex
<
>version
<= 2.0.CMake
<
>play b a3
<= 
<
>showboard
<= 
< 
<  1db47b41f5f612d3
<  a  b  c  d  e  f  g  h  i  j  k  
< 1\.  .  .  .  .  .  .  .  .  .  .\1
<  2\.  .  .  .  .  .  .  .  .  .  .\2
<   3\B  .  .  .  .  .  .  .  .  .  .\3
<    4\.  .  .  .  .  .  .  .  .  .  .\4
<     5\.  .  .  .  .  .  .  .  .  .  .\5
<      6\.  .  .  .  .  .  .  .  .  .  .\6
<       7\.  .  .  .  .  .  .  .  .  .  .\7
<        8\.  .  .  .  .  .  .  .  .  .  .\8
<         9\.  .  .  .  .  .  .  .  .  .  .\9
<         10\.  .  .  .  .  .  .  .  .  .  .\10
<          11\.  .  .  .  .  .  .  .  .  .  .\11
<              a  b  c  d  e  f  g  h  i  j  k  
<
>play w swap-pieces
<= 
<
>genmove w
<= h1
<
>play b g1
38707 info: PlayAndSolve: Building VCs to avoid race condition.
38707 info: PlayAndSolve: Continuing on as usual.
7fff6 info: *** PlayerThread ***
77fe6 info: *** SolverThread ***
7fff6 info: Best move cannot be determined, must search state.
7fff6 info: --- MoHexPlayer::Search() ---
7fff6 info: Color: white
7fff6 info: MaxGames: 1
7fff6 info: NumberThreads: 1
7fff6 info: MaxNodes: 181818181 (15999999928 bytes)
7fff6 info: TimeForMove: 1
7fff6 info: PreSearch: max time reached (47/94).
7fff6 info: Time for PreSearch: 0.202584s
7fff6 info: 
  1db47b41f5f612d3
  a  b  c  d  e  f  g  h  i  j  k  
 1\.  *  .  *  *  *  *  *  *  *  .\1
  2\.  .  *  *  *  *  *  *  *  *  .\2
   3\B  *  *  *  *  *  *  *  *  *  .\3
    4\.  *  *  *  *  *  *  *  *  *  .\4
     5\.  *  *  *  *  *  *  *  *  *  .\5
      6\.  *  *  *  *  *  *  *  *  *  .\6
       7\.  *  *  *  *  *  *  *  *  *  .\7
        8\.  *  *  *  *  *  *  *  *  *  .\8
         9\.  *  *  *  *  *  *  *  *  *  .\9
         10\.  *  *  *  *  *  *  *  *  .  .\10
          11\.  *  *  *  *  *  *  *  .  .  .\11
              a  b  c  d  e  f  g  h  i  j  k  
7fff6 info: No subtree to reuse.
7fff6 info: Creating thread 0
7fff6 info: StartSearch()[0]
SgUctSearch: max games reached
7fff6 info: 
Elapsed Time   0.620758s
Count          1
GamesPlayed    1
Nodes          1
Knowledge      0 (0.0%)
Expansions     0.0
Time           0.00
GameLen        120.0 dev=0.0 min=120.0 max=120.0
InTree         0.0 dev=0.0 min=0.0 max=0.0
KnowDepth      -
Aborted        0%
Games/s        375.9
Score          1.00
Sequence      
7fff6 info: 
7fff6 warning: **** MoHexSearch returned empty sequence!
7fff6 warning: **** Returning random move!
7fff6 info: *** Player move: h1
6ffd6 info: DfpnSolver::CheckAbort(): Abort flag!
77fe6 info: 
MID calls      77
VC builds      74
Terminal       0
Work           77
Wasted Work    0 (0%)
Elapsed Time   0.633888
MIDs/sec       121.473
VCs/sec        116.74
Cnt prune sib  0
Avg prune sib  -
Consider Size  87.8919 dev=4.77778 min=78 max=94
Move Index     -
Move Percent   -
Delta Increase 3.32895 dev=13.5999 min=1 max=86
Winner         empty
PV             b10 e8 f6

HashTableStatistics:
Stores         180
LookupAttempt  16406
LookupSuccess  862
Collisions     0

77fe6 info: Search aborted.
<= 
<
>genmove w
<= k4
<
>play b j2
38707 info: PlayAndSolve: Building VCs to avoid race condition.
38707 info: PlayAndSolve: Continuing on as usual.
77fe6 info: *** PlayerThread ***
7fff6 info: *** SolverThread ***
77fe6 info: Best move cannot be determined, must search state.
77fe6 info: --- MoHexPlayer::Search() ---
77fe6 info: Color: white
77fe6 info: MaxGames: 1
77fe6 info: NumberThreads: 1
77fe6 info: MaxNodes: 181818181 (15999999928 bytes)
77fe6 info: TimeForMove: 1
77fe6 info: PreSearch: max time reached (45/91).
77fe6 info: Time for PreSearch: 0.20232s
77fe6 info: 
  09f11eb86d5a61f3
  a  b  c  d  e  f  g  h  i  j  k  
 1\.  *  .  *  *  .  B  W  *  *  .\1
  2\.  .  *  *  *  *  *  *  *  *  .\2
   3\B  *  *  *  *  *  *  *  *  *  .\3
    4\.  *  *  *  *  *  *  *  *  *  .\4
     5\.  *  *  *  *  *  *  *  *  *  .\5
      6\.  *  *  *  *  *  *  *  *  *  .\6
       7\.  *  *  *  *  *  *  *  *  *  .\7
        8\.  *  *  *  *  *  *  *  *  *  .\8
         9\.  *  *  *  *  *  *  *  *  *  .\9
         10\.  *  *  *  *  *  *  *  *  .  .\10
          11\.  *  *  *  *  *  *  *  .  .  .\11
              a  b  c  d  e  f  g  h  i  j  k  
77fe6 info: Old: [black, a3] [white, swap-pieces] 
77fe6 info: New: [black, a3] [white, swap-pieces] [white, h1] [black, g1] 
77fe6 info: ReuseSubtree: Colors do not alternate.
77fe6 info: No subtree to reuse.
77fe6 info: StartSearch()[0]
SgUctSearch: max games reached
77fe6 info: 
Elapsed Time   0.369942s
Count          1
GamesPlayed    1
Nodes          1
Knowledge      0 (0.0%)
Expansions     0.0
Time           0.00
GameLen        118.0 dev=0.0 min=118.0 max=118.0
InTree         0.0 dev=0.0 min=0.0 max=0.0
KnowDepth      -
Aborted        0%
Games/s        3125.0
Score          1.00
Sequence      
77fe6 info: 
77fe6 warning: **** MoHexSearch returned empty sequence!
77fe6 warning: **** Returning random move!
77fe6 info: *** Player move: k4
6ffd6 info: DfpnSolver::CheckAbort(): Abort flag!
7fff6 info: 
MID calls      51
VC builds      49
Terminal       0
Work           51
Wasted Work    0 (0%)
Elapsed Time   0.37948
MIDs/sec       134.394
VCs/sec        129.124
Cnt prune sib  0
Avg prune sib  -
Consider Size  89.1837 dev=3.27984 min=82 max=93
Move Index     -
Move Percent   -
Delta Increase 4.38 dev=16.4583 min=1 max=86
Winner         empty
PV             b8 c9 d7 f6

HashTableStatistics:
Stores         305
LookupAttempt  29580
LookupSuccess  1592
Collisions     0

7fff6 info: Search aborted.
<= 
<
>genmove w
<= f7
<
>play b c10
38707 info: PlayAndSolve: Building VCs to avoid race condition.
38707 info: PlayAndSolve: Continuing on as usual.
7fff6 info: *** PlayerThread ***
77fe6 info: *** SolverThread ***
7fff6 info: Best move cannot be determined, must search state.
7fff6 info: --- MoHexPlayer::Search() ---
7fff6 info: Color: white
7fff6 info: MaxGames: 1
7fff6 info: NumberThreads: 1
7fff6 info: MaxNodes: 181818181 (15999999928 bytes)
7fff6 info: TimeForMove: 1
7fff6 info: PreSearch: max time reached (56/86).
7fff6 info: Time for PreSearch: 0.201461s
7fff6 info: 
  366da665c26b5b11
  a  b  c  d  e  f  g  h  i  j  k  
 1\.  *  .  *  *  .  B  W  .  b  b\1
  2\.  .  *  *  *  *  *  *  *  B  w\2
   3\B  *  *  *  *  *  *  *  *  .  w\3
    4\.  *  *  *  *  *  *  *  *  .  W\4
     5\.  *  *  *  *  *  *  *  *  *  .\5
      6\.  *  *  *  *  *  *  *  *  *  .\6
       7\.  *  *  *  *  *  *  *  *  *  .\7
        8\.  *  *  *  *  *  *  *  *  *  .\8
         9\.  *  *  *  *  *  *  *  *  *  .\9
         10\.  *  *  *  *  *  *  *  *  .  .\10
          11\.  *  *  *  *  *  *  *  .  .  .\11
              a  b  c  d  e  f  g  h  i  j  k  
7fff6 info: Old: [black, a3] [white, swap-pieces] [white, h1] [black, g1] 
7fff6 info: New: [black, a3] [white, swap-pieces] [white, h1] [black, g1] [white, k4] [black, j2] 
7fff6 info: MovesPlayed: [white, k4] [black, j2] 
7fff6 info: No subtree to reuse.
7fff6 info: StartSearch()[0]
SgUctSearch: max games reached
7fff6 info: 
Elapsed Time   0.365507s
Count          1
GamesPlayed    1
Nodes          1
Knowledge      0 (0.0%)
Expansions     0.0
Time           0.00
GameLen        112.0 dev=0.0 min=112.0 max=112.0
InTree         0.0 dev=0.0 min=0.0 max=0.0
KnowDepth      -
Aborted        0%
Games/s        3003.0
Score          0.00
Sequence      
7fff6 info: 
7fff6 warning: **** MoHexSearch returned empty sequence!
7fff6 warning: **** Returning random move!
7fff6 info: *** Player move: f7
6ffd6 info: DfpnSolver::CheckAbort(): Abort flag!
77fe6 info: 
MID calls      59
VC builds      57
Terminal       0
Work           59
Wasted Work    0 (0%)
Elapsed Time   0.378405
MIDs/sec       155.918
VCs/sec        150.632
Cnt prune sib  1
Avg prune sib  1 dev=0 min=1 max=1
Consider Size  82.6316 dev=3.85092 min=74 max=87
Move Index     -
Move Percent   -
Delta Increase 3.74138 dev=14.4169 min=1 max=82
Winner         empty
PV             i4 b10 g4 h4

HashTableStatistics:
Stores         445
LookupAttempt  42303
LookupSuccess  2279
Collisions     0

77fe6 info: Search aborted.
<= 
<
>genmove w
<= a8
<
>play b j8
38707 info: PlayAndSolve: Building VCs to avoid race condition.
38707 info: PlayAndSolve: Continuing on as usual.
77fe6 info: *** PlayerThread ***
7fff6 info: *** SolverThread ***
77fe6 info: Best move cannot be determined, must search state.
77fe6 info: --- MoHexPlayer::Search() ---
77fe6 info: Color: white
77fe6 info: MaxGames: 1
77fe6 info: NumberThreads: 1
77fe6 info: MaxNodes: 181818181 (15999999928 bytes)
77fe6 info: TimeForMove: 1
77fe6 info: PreSearch: max time reached (42/77).
77fe6 info: Time for PreSearch: 0.202361s
77fe6 info: 
  f8dba406969e6370
  a  b  c  d  e  f  g  h  i  j  k  
 1\.  *  .  *  *  .  B  W  .  b  b\1
  2\.  .  *  *  *  *  *  *  *  B  w\2
   3\B  *  *  *  *  *  *  *  *  .  w\3
    4\.  *  *  *  *  *  *  *  *  .  W\4
     5\.  *  *  *  *  *  *  *  *  *  .\5
      6\.  *  *  *  *  *  *  *  *  *  .\6
       7\.  *  *  *  *  W  *  *  *  *  .\7
        8\.  *  *  *  *  *  *  *  *  *  .\8
         9\.  .  *  *  *  *  *  *  *  *  .\9
         10\.  .  B  .  *  *  *  *  *  .  .\10
          11\.  b  b  b  .  *  *  *  .  .  .\11
              a  b  c  d  e  f  g  h  i  j  k  
77fe6 info: Old: [black, a3] [white, swap-pieces] [white, h1] [black, g1] [white, k4] [black, j2] 
77fe6 info: New: [black, a3] [white, swap-pieces] [white, h1] [black, g1] [white, k4] [black, j2] [white, f7] [black, c10] 
77fe6 info: MovesPlayed: [white, f7] [black, c10] 
77fe6 info: No subtree to reuse.
77fe6 info: StartSearch()[0]
SgUctSearch: max games reached
77fe6 info: 
Elapsed Time   0.387538s
Count          1
GamesPlayed    1
Nodes          1
Knowledge      0 (0.0%)
Expansions     0.0
Time           0.00
GameLen        107.0 dev=0.0 min=107.0 max=107.0
InTree         0.0 dev=0.0 min=0.0 max=0.0
KnowDepth      -
Aborted        0%
Games/s        2358.5
Score          1.00
Sequence      
77fe6 info: 
77fe6 warning: **** MoHexSearch returned empty sequence!
77fe6 warning: **** Returning random move!
77fe6 info: *** Player move: a8
6ffd6 info: DfpnSolver::CheckAbort(): Abort flag!
7fff6 info: 
MID calls      59
VC builds      56
Terminal       0
Work           59
Wasted Work    0 (0%)
Elapsed Time   0.399992
MIDs/sec       147.503
VCs/sec        140.003
Cnt prune sib  0
Avg prune sib  -
Consider Size  74.75 dev=8.87459 min=36 max=83
Move Index     -
Move Percent   -
Delta Increase 3.01724 dev=10.6924 min=1 max=76
Winner         empty
PV             i4 c8 d6

HashTableStatistics:
Stores         585
LookupAttempt  53408
LookupSuccess  2915
Collisions     0

7fff6 info: Search aborted.
<= 
<
>genmove w
<= i3
<
>play b k7
38707 info: PlayAndSolve: Building VCs to avoid race condition.
38707 info: PlayAndSolve: Continuing on as usual.
7fff6 info: *** PlayerThread ***
77fe6 info: *** SolverThread ***
7fff6 info: Best move cannot be determined, must search state.
7fff6 info: --- MoHexPlayer::Search() ---
7fff6 info: Color: white
7fff6 info: MaxGames: 1
7fff6 info: NumberThreads: 1
7fff6 info: MaxNodes: 181818181 (15999999928 bytes)
7fff6 info: TimeForMove: 1
7fff6 info: PreSearch: max time reached (49/77).
7fff6 info: Time for PreSearch: 0.201761s
7fff6 info: 
  23306f7305d4c4c2
  a  b  c  d  e  f  g  h  i  j  k  
 1\.  *  .  *  *  .  B  W  .  b  b\1
  2\.  .  *  *  *  *  *  *  *  B  w\2
   3\B  *  *  *  *  *  *  *  *  .  w\3
    4\.  *  *  *  *  *  *  *  *  .  W\4
     5\.  *  *  *  *  *  *  *  *  *  .\5
      6\.  *  *  *  *  *  *  *  *  *  .\6
       7\.  *  *  *  *  W  *  *  *  *  .\7
        8\W  *  *  *  *  *  *  *  *  B  .\8
         9\.  .  *  *  *  *  *  *  *  *  .\9
         10\.  .  B  .  *  *  *  *  *  .  .\10
          11\.  b  b  b  .  *  *  *  .  .  .\11
              a  b  c  d  e  f  g  h  i  j  k  
7fff6 info: Old: [black, a3] [white, swap-pieces] [white, h1] [black, g1] [white, k4] [black, j2] [white, f7] [black, c10] 
7fff6 info: New: [black, a3] [white, swap-pieces] [white, h1] [black, g1] [white, k4] [black, j2] [white, f7] [black, c10] [white, a8] [black, j8] 
7fff6 info: MovesPlayed: [white, a8] [black, j8] 
7fff6 info: No subtree to reuse.
7fff6 info: StartSearch()[0]
SgUctSearch: max games reached
7fff6 info: 
Elapsed Time   0.370516s
Count          1
GamesPlayed    1
Nodes          1
Knowledge      0 (0.0%)
Expansions     0.0
Time           0.00
GameLen        105.0 dev=0.0 min=105.0 max=105.0
InTree         0.0 dev=0.0 min=0.0 max=0.0
KnowDepth      -
Aborted        0%
Games/s        2976.2
Score          0.00
Sequence      
7fff6 info: 
7fff6 warning: **** MoHexSearch returned empty sequence!
7fff6 warning: **** Returning random move!
7fff6 info: *** Player move: i3
6ffd6 info: DfpnSolver::CheckAbort(): Abort flag!
77fe6 info: 
MID calls      53
VC builds      50
Terminal       0
Work           53
Wasted Work    0 (0%)
Elapsed Time   0.382214
MIDs/sec       138.666
VCs/sec        130.817
Cnt prune sib  3
Avg prune sib  1 dev=0 min=1 max=1
Consider Size  60.38 dev=24.6032 min=11 max=77
Move Index     -
Move Percent   -
Delta Increase 3.5 dev=11.048 min=1 max=72
Winner         empty
PV             h6 c7 e6 d5

HashTableStatistics:
Stores         711
LookupAttempt  62902
LookupSuccess  3498
Collisions     0

77fe6 info: Search aborted.
<= 
<
>genmove w
<= c6
<
>play b e9
38707 info: PlayAndSolve: Building VCs to avoid race condition.
38707 info: PlayAndSolve: Continuing on as usual.
77fe6 info: *** PlayerThread ***
7fff6 info: *** SolverThread ***
77fe6 info: Best move cannot be determined, must search state.
77fe6 info: --- MoHexPlayer::Search() ---
77fe6 info: Color: white
77fe6 info: MaxGames: 1
77fe6 info: NumberThreads: 1
77fe6 info: MaxNodes: 181818181 (15999999928 bytes)
77fe6 info: TimeForMove: 1
77fe6 info: PreSearch: max time reached (50/76).
77fe6 info: Time for PreSearch: 0.203944s
77fe6 info: 
  fe0ac9051ceefb1e
  a  b  c  d  e  f  g  h  i  j  k  
 1\.  *  .  *  *  .  B  W  .  b  b\1
  2\.  .  *  *  *  *  *  *  *  B  w\2
   3\B  *  *  *  *  *  *  *  W  .  w\3
    4\.  *  *  *  *  *  *  *  *  .  W\4
     5\.  *  *  *  *  *  *  *  *  *  .\5
      6\.  *  *  *  *  *  *  *  *  *  .\6
       7\.  *  *  *  *  W  *  *  *  *  B\7
        8\W  *  *  *  *  *  *  *  *  B  .\8
         9\.  .  *  *  *  *  *  *  *  .  .\9
         10\.  .  B  .  *  *  *  *  *  .  .\10
          11\.  b  b  b  .  *  *  *  .  .  .\11
              a  b  c  d  e  f  g  h  i  j  k  
77fe6 info: Old: [black, a3] [white, swap-pieces] [white, h1] [black, g1] [white, k4] [black, j2] [white, f7] [black, c10] [white, a8] [black, j8] 
77fe6 info: New: [black, a3] [white, swap-pieces] [white, h1] [black, g1] [white, k4] [black, j2] [white, f7] [black, c10] [white, a8] [black, j8] [white, i3] [black, k7] 
77fe6 info: MovesPlayed: [white, i3] [black, k7] 
77fe6 info: No subtree to reuse.
77fe6 info: StartSearch()[0]
SgUctSearch: max games reached
77fe6 info: 
Elapsed Time   0.378129s
Count          1
GamesPlayed    1
Nodes          1
Knowledge      0 (0.0%)
Expansions     0.0
Time           0.00
GameLen        103.0 dev=0.0 min=103.0 max=103.0
InTree         0.0 dev=0.0 min=0.0 max=0.0
KnowDepth      -
Aborted        0%
Games/s        3003.0
Score          1.00
Sequence      
77fe6 info: 
77fe6 warning: **** MoHexSearch returned empty sequence!
77fe6 warning: **** Returning random move!
77fe6 info: *** Player move: c6
6ffd6 info: DfpnSolver::CheckAbort(): Abort flag!
7fff6 info: 
MID calls      48
VC builds      46
Terminal       0
Work           48
Wasted Work    0 (0%)
Elapsed Time   0.393889
MIDs/sec       121.862
VCs/sec        116.784
Cnt prune sib  2
Avg prune sib  1 dev=0 min=1 max=1
Consider Size  65.9565 dev=15.3311 min=15 max=76
Move Index     -
Move Percent   -
Delta Increase 2.95745 dev=10.685 min=1 max=73
Winner         empty
PV             d8 b9 b6 c7

HashTableStatistics:
Stores         826
LookupAttempt  72087
LookupSuccess  4033
Collisions     0

7fff6 info: Search aborted.
<= 
<
>genmove w
<= g10
<
>play b j4
38707 info: PlayAndSolve: Building VCs to avoid race condition.
38707 info: PlayAndSolve: Continuing on as usual.
7fff6 info: *** PlayerThread ***
77fe6 info: *** SolverThread ***
7fff6 info: Best move cannot be determined, must search state.
7fff6 info: --- MoHexPlayer::Search() ---
7fff6 info: Color: white
7fff6 info: MaxGames: 1
7fff6 info: NumberThreads: 1
7fff6 info: MaxNodes: 181818181 (15999999928 bytes)
7fff6 info: TimeForMove: 1
7fff6 info: PreSearch: max time reached (41/73).
7fff6 info: Time for PreSearch: 0.200222s
7fff6 info: 
  415f015046d2bd58
  a  b  c  d  e  f  g  h  i  j  k  
 1\.  *  .  *  *  .  B  W  .  b  b\1
  2\.  .  *  *  *  *  *  *  *  B  w\2
   3\B  *  *  *  *  *  *  *  W  .  w\3
    4\.  *  *  *  *  *  *  *  *  .  W\4
     5\.  *  *  *  *  *  *  *  *  *  .\5
      6\.  *  W  *  *  *  *  *  *  *  .\6
       7\.  .  *  *  *  W  *  *  *  *  B\7
        8\W  *  *  *  *  *  *  *  *  B  .\8
         9\.  .  *  *  B  *  *  *  *  *  .\9
         10\.  .  B  .  *  *  *  *  *  .  .\10
          11\.  b  b  b  .  *  *  *  .  .  .\11
              a  b  c  d  e  f  g  h  i  j  k  
7fff6 info: Old: [black, a3] [white, swap-pieces] [white, h1] [black, g1] [white, k4] [black, j2] [white, f7] [black, c10] [white, a8] [black, j8] [white, i3] [black, k7] 
7fff6 info: New: [black, a3] [white, swap-pieces] [white, h1] [black, g1] [white, k4] [black, j2] [white, f7] [black, c10] [white, a8] [black, j8] [white, i3] [black, k7] [white, c6] [black, e9] 
7fff6 info: MovesPlayed: [white, c6] [black, e9] 
7fff6 info: No subtree to reuse.
7fff6 info: StartSearch()[0]
SgUctSearch: max games reached
7fff6 info: 
Elapsed Time   0.350628s
Count          1
GamesPlayed    1
Nodes          1
Knowledge      0 (0.0%)
Expansions     0.0
Time           0.00
GameLen        101.0 dev=0.0 min=101.0 max=101.0
InTree         0.0 dev=0.0 min=0.0 max=0.0
KnowDepth      -
Aborted        0%
Games/s        3401.4
Score          0.00
Sequence      
7fff6 info: 
7fff6 warning: **** MoHexSearch returned empty sequence!
7fff6 warning: **** Returning random move!
7fff6 info: *** Player move: g10
6ffd6 info: DfpnSolver::CheckAbort(): Abort flag!
77fe6 info: 
MID calls      35
VC builds      34
Terminal       0
Work           35
Wasted Work    0 (0%)
Elapsed Time   0.3667
MIDs/sec       95.4459
VCs/sec        92.7188
Cnt prune sib  0
Avg prune sib  -
Consider Size  31.0588 dev=24.9292 min=5 max=73
Move Index     -
Move Percent   -
Delta Increase 3.29412 dev=11.8335 min=1 max=71
Winner         empty
PV             h6 c7 i6 d6

HashTableStatistics:
Stores         915
LookupAttempt  78960
LookupSuccess  4554
Collisions     0

77fe6 info: Search aborted.
<= 
<
>genmove w
<= d9
<
>play b a1
38707 info: PlayAndSolve: Building VCs to avoid race condition.
38707 info: PlayAndSolve: Continuing on as usual.
77fe6 info: *** PlayerThread ***
7fff6 info: *** SolverThread ***
77fe6 info: Best move cannot be determined, must search state.
77fe6 info: --- MoHexPlayer::Search() ---
77fe6 info: Color: white
77fe6 info: MaxGames: 1
77fe6 info: NumberThreads: 1
77fe6 info: MaxNodes: 181818181 (15999999928 bytes)
77fe6 info: TimeForMove: 1
77fe6 info: PreSearch: max time reached (52/68).
77fe6 info: Time for PreSearch: 0.201483s
77fe6 info: 
  a855d0920eae7d1a
  a  b  c  d  e  f  g  h  i  j  k  
 1\.  *  .  *  *  .  B  W  .  b  b\1
  2\.  .  *  *  *  *  *  *  *  B  w\2
   3\B  *  *  *  *  *  *  *  W  *  w\3
    4\.  *  *  *  *  *  *  *  *  B  W\4
     5\.  .  *  *  *  *  *  *  *  *  .\5
      6\.  .  W  *  *  *  *  *  *  *  .\6
       7\.  .  *  *  *  W  *  *  *  *  B\7
        8\W  *  *  *  *  *  *  *  *  B  .\8
         9\.  .  *  .  B  *  *  *  *  .  .\9
         10\.  .  B  b  b  .  W  *  *  .  .\10
          11\.  b  b  b  b  b  .  *  .  .  .\11
              a  b  c  d  e  f  g  h  i  j  k  
77fe6 info: Old: [black, a3] [white, swap-pieces] [white, h1] [black, g1] [white, k4] [black, j2] [white, f7] [black, c10] [white, a8] [black, j8] [white, i3] [black, k7] [white, c6] [black, e9] 
77fe6 info: New: [black, a3] [white, swap-pieces] [white, h1] [black, g1] [white, k4] [black, j2] [white, f7] [black, c10] [white, a8] [black, j8] [white, i3] [black, k7] [white, c6] [black, e9] [white, g10] [black, j4] 
77fe6 info: MovesPlayed: [white, g10] [black, j4] 
77fe6 info: No subtree to reuse.
77fe6 info: StartSearch()[0]
SgUctSearch: max games reached
77fe6 info: 
Elapsed Time   0.355007s
Count          1
GamesPlayed    1
Nodes          1
Knowledge      0 (0.0%)
Expansions     0.0
Time           0.00
GameLen        95.0 dev=0.0 min=95.0 max=95.0
InTree         0.0 dev=0.0 min=0.0 max=0.0
KnowDepth      -
Aborted        0%
Games/s        3460.2
Score          0.00
Sequence      
77fe6 info: 
77fe6 warning: **** MoHexSearch returned empty sequence!
77fe6 warning: **** Returning random move!
77fe6 info: *** Player move: d9
6ffd6 info: DfpnSolver::CheckAbort(): Abort flag!
7fff6 info: 
MID calls      64
VC builds      60
Terminal       1
Work           65
Wasted Work    6 (9.23077%)
Elapsed Time   0.370686
MIDs/sec       172.653
VCs/sec        161.862
Cnt prune sib  0
Avg prune sib  -
Consider Size  44.4576 dev=21.466 min=5 max=68
Move Index     2 dev=0 min=2 max=2
Move Percent   0.0740741 dev=0 min=0.0740741 max=0.0740741
Delta Increase 3.34375 dev=9.38619 min=1 max=61
Winner         empty
PV             f6 h6 h7 j3

HashTableStatistics:
Stores         1063
LookupAttempt  86998
LookupSuccess  5064
Collisions     0

7fff6 info: Search aborted.
<= 
<
>genmove w
<= g6
<
>play b d3
38707 info: PlayAndSolve: Building VCs to avoid race condition.
38707 info: PlayAndSolve: Continuing on as usual.
7fff6 info: *** PlayerThread ***
77fe6 info: *** SolverThread ***
7fff6 info: Best move cannot be determined, must search state.
7fff6 info: --- MoHexPlayer::Search() ---
7fff6 info: Color: white
7fff6 info: MaxGames: 1
7fff6 info: NumberThreads: 1
7fff6 info: MaxNodes: 181818181 (15999999928 bytes)
7fff6 info: TimeForMove: 1
7fff6 info: PreSearch: max time reached (54/68).
7fff6 info: Time for PreSearch: 0.201562s
7fff6 info: 
  378c67f854afd9d3
  a  b  c  d  e  f  g  h  i  j  k  
 1\B  b  .  *  *  .  B  W  .  b  b\1
  2\.  *  *  *  *  *  *  *  *  B  w\2
   3\B  *  *  *  *  *  *  *  W  *  w\3
    4\.  *  *  *  *  *  *  *  *  B  W\4
     5\.  .  *  *  *  *  *  *  *  *  .\5
      6\.  .  W  *  *  *  *  *  *  *  .\6
       7\.  .  *  *  *  W  *  *  *  *  B\7
        8\W  *  *  *  *  *  *  *  *  B  .\8
         9\.  .  *  W  B  *  *  *  *  .  .\9
         10\.  .  B  b  b  .  W  *  *  .  .\10
          11\.  b  b  b  b  b  .  *  .  .  .\11
              a  b  c  d  e  f  g  h  i  j  k  
7fff6 info: Old: [black, a3] [white, swap-pieces] [white, h1] [black, g1] [white, k4] [black, j2] [white, f7] [black, c10] [white, a8] [black, j8] [white, i3] [black, k7] [white, c6] [black, e9] [white, g10] [black, j4] 
7fff6 info: New: [black, a3] [white, swap-pieces] [white, h1] [black, g1] [white, k4] [black, j2] [white, f7] [black, c10] [white, a8] [black, j8] [white, i3] [black, k7] [white, c6] [black, e9] [white, g10] [black, j4] [white, d9] [black, a1] 
7fff6 info: MovesPlayed: [white, d9] [black, a1] 
7fff6 info: No subtree to reuse.
7fff6 info: StartSearch()[0]
SgUctSearch: max games reached
7fff6 info: 
Elapsed Time   0.455376s
Count          1
GamesPlayed    1
Nodes          1
Knowledge      0 (0.0%)
Expansions     0.0
Time           0.00
GameLen        92.0 dev=0.0 min=92.0 max=92.0
InTree         0.0 dev=0.0 min=0.0 max=0.0
KnowDepth      -
Aborted        0%
Games/s        3436.4
Score          1.00
Sequence      
7fff6 info: 
7fff6 warning: **** MoHexSearch returned empty sequence!
7fff6 warning: **** Returning random move!
7fff6 info: *** Player move: g6
6ffd6 info: DfpnSolver::CheckAbort(): Abort flag!
77fe6 info: 
MID calls      87
VC builds      80
Terminal       3
Work           90
Wasted Work    14 (15.5556%)
Elapsed Time   0.464086
MIDs/sec       187.465
VCs/sec        172.382
Cnt prune sib  1
Avg prune sib  13 dev=0 min=13 max=13
Consider Size  42.6234 dev=20.6266 min=1 max=68
Move Index     0.75 dev=0.829156 min=0 max=2
Move Percent   0.0173238 dev=0.017406 min=0 max=0.037037
Delta Increase 5.01149 dev=13.1267 min=1 max=63
Winner         empty
PV             h6 j5 j3

HashTableStatistics:
Stores         1263
LookupAttempt  96141
LookupSuccess  5645
Collisions     0

77fe6 info: Search aborted.
<= 
<
>genmove w
<= h5
<
>play b j3
38707 info: PlayAndSolve: Building VCs to avoid race condition.
38707 info: PlayAndSolve: Continuing on as usual.
77fe6 info: *** PlayerThread ***
7fff6 info: *** SolverThread ***
77fe6 info: Winning SC.
77fe6 info: *** Player move: h5
7fff6 info: 
MID calls      0
VC builds      1
Terminal       1
Work           1
Wasted Work    0 (0%)
Elapsed Time   0.007959
MIDs/sec       0
VCs/sec        125.644
Cnt prune sib  0
Avg prune sib  -
Consider Size  -
Move Index     -
Move Percent   -
Delta Increase -
Winner         white
PV             

HashTableStatistics:
Stores         1264
LookupAttempt  96147
LookupSuccess  5648
Collisions     0

<= 
<
>genmove w
<= i6
<
>play b j5
38707 info: PlayAndSolve: Building VCs to avoid race condition.
38707 info: PlayAndSolve: Continuing on as usual.
77fe6 info: *** SolverThread ***
7fff6 info: *** PlayerThread ***
7fff6 info: Winning SC.
7fff6 info: *** Player move: i6
77fe6 info: 
MID calls      0
VC builds      1
Terminal       1
Work           1
Wasted Work    0 (0%)
Elapsed Time   0.012384
MIDs/sec       0
VCs/sec        80.7494
Cnt prune sib  0
Avg prune sib  -
Consider Size  -
Move Index     -
Move Percent   -
Delta Increase -
Winner         white
PV             

HashTableStatistics:
Stores         1265
LookupAttempt  96153
LookupSuccess  5651
Collisions     0

<= 
<
>genmove w
<= j6
<
>play b b7
38707 info: PlayAndSolve: Building VCs to avoid race condition.
38707 info: PlayAndSolve: Continuing on as usual.
77fe6 info: *** PlayerThread ***
7fff6 info: *** SolverThread ***
77fe6 info: Winning SC.
77fe6 info: *** Player move: j6
7fff6 info: 
MID calls      0
VC builds      1
Terminal       1
Work           1
Wasted Work    0 (0%)
Elapsed Time   0.013157
MIDs/sec       0
VCs/sec        76.0052
Cnt prune sib  0
Avg prune sib  -
Consider Size  -
Move Index     -
Move Percent   -
Delta Increase -
Winner         white
PV             

HashTableStatistics:
Stores         1266
LookupAttempt  96159
LookupSuccess  5654
Collisions     0

<= 
<
>genmove w
<= d8
<
>play b e7
38707 info: PlayAndSolve: Building VCs to avoid race condition.
38707 info: PlayAndSolve: Continuing on as usual.
7fff6 info: *** PlayerThread ***
77fe6 info: *** SolverThread ***
7fff6 info: Winning SC.
7fff6 info: *** Player move: d8
77fe6 info: 
MID calls      0
VC builds      1
Terminal       1
Work           1
Wasted Work    0 (0%)
Elapsed Time   0.004478
MIDs/sec       0
VCs/sec        223.314
Cnt prune sib  0
Avg prune sib  -
Consider Size  -
Move Index     -
Move Percent   -
Delta Increase -
Winner         white
PV             

HashTableStatistics:
Stores         1267
LookupAttempt  96165
LookupSuccess  5657
Collisions     0

<= 
<
>genmove w
<= e8
<
>play b b8
38707 info: PlayAndSolve: Building VCs to avoid race condition.
38707 info: PlayAndSolve: Continuing on as usual.
77fe6 info: *** PlayerThread ***
7fff6 info: *** SolverThread ***
77fe6 info: Winning SC.
77fe6 info: *** Player move: e8
7fff6 info: 
MID calls      0
VC builds      1
Terminal       1
Work           1
Wasted Work    0 (0%)
Elapsed Time   0.004224
MIDs/sec       0
VCs/sec        236.742
Cnt prune sib  0
Avg prune sib  -
Consider Size  -
Move Index     -
Move Percent   -
Delta Increase -
Winner         white
PV             

HashTableStatistics:
Stores         1268
LookupAttempt  96171
LookupSuccess  5660
Collisions     0

<= 
<
>genmove w
<= b9
<
>play b c8
38707 info: PlayAndSolve: Building VCs to avoid race condition.
38707 info: PlayAndSolve: Continuing on as usual.
7fff6 info: *** PlayerThread ***
77fe6 info: *** SolverThread ***
7fff6 info: Winning SC.
7fff6 info: *** Player move: b9
77fe6 info: 
MID calls      0
VC builds      1
Terminal       1
Work           1
Wasted Work    0 (0%)
Elapsed Time   0.00397
MIDs/sec       0
VCs/sec        251.889
Cnt prune sib  0
Avg prune sib  -
Consider Size  -
Move Index     -
Move Percent   -
Delta Increase -
Winner         white
PV             

HashTableStatistics:
Stores         1269
LookupAttempt  96177
LookupSuccess  5663
Collisions     0

<= 
<
>genmove w
<= c9
<
>play b k5
38707 info: PlayAndSolve: Building VCs to avoid race condition.
38707 info: PlayAndSolve: Continuing on as usual.
77fe6 info: *** PlayerThread ***
7fff6 info: *** SolverThread ***
77fe6 info: Winning SC.
77fe6 info: *** Player move: c9
7fff6 info: 
MID calls      0
VC builds      1
Terminal       1
Work           1
Wasted Work    0 (0%)
Elapsed Time   0.00382
MIDs/sec       0
VCs/sec        261.78
Cnt prune sib  0
Avg prune sib  -
Consider Size  -
Move Index     -
Move Percent   -
Delta Increase -
Winner         white
PV             

HashTableStatistics:
Stores         1270
LookupAttempt  96183
LookupSuccess  5666
Collisions     0

<= 
<
>genmove w
<= k6
<
>play b a9
38707 info: PlayAndSolve: Building VCs to avoid race condition.
38707 info: PlayAndSolve: Continuing on as usual.
7fff6 info: *** PlayerThread ***
77fe6 info: *** SolverThread ***
7fff6 info: Winning SC.
7fff6 info: *** Player move: k6
77fe6 info: 
MID calls      0
VC builds      1
Terminal       1
Work           1
Wasted Work    0 (0%)
Elapsed Time   0.002973
MIDs/sec       0
VCs/sec        336.361
Cnt prune sib  0
Avg prune sib  -
Consider Size  -
Move Index     -
Move Percent   -
Delta Increase -
Winner         white
PV             

HashTableStatistics:
Stores         1271
LookupAttempt  96189
LookupSuccess  5669
Collisions     0

<= 
<
>genmove w
<= a10
<
>play b h6
38707 info: PlayAndSolve: Building VCs to avoid race condition.
38707 info: PlayAndSolve: Continuing on as usual.
77fe6 info: *** PlayerThread ***
7fff6 info: *** SolverThread ***
77fe6 info: Winning SC.
77fe6 info: *** Player move: a10
7fff6 info: 
MID calls      0
VC builds      1
Terminal       1
Work           1
Wasted Work    0 (0%)
Elapsed Time   0.003906
MIDs/sec       0
VCs/sec        256.016
Cnt prune sib  0
Avg prune sib  -
Consider Size  -
Move Index     -
Move Percent   -
Delta Increase -
Winner         white
PV             

HashTableStatistics:
Stores         1272
LookupAttempt  96195
LookupSuccess  5672
Collisions     0

<= 
<
>genmove w
<= i5
<
>play b resign
38707 info: PlayAndSolve: Building VCs to avoid race condition.
38707 info: PlayAndSolve: Continuing on as usual.
7fff6 info: *** PlayerThread ***
77fe6 info: *** SolverThread ***
7fff6 info: Winning SC.
7fff6 info: *** Player move: i5
77fe6 info: 
MID calls      0
VC builds      1
Terminal       1
Work           1
Wasted Work    0 (0%)
Elapsed Time   0.0029
MIDs/sec       0
VCs/sec        344.828
Cnt prune sib  0
Avg prune sib  -
Consider Size  -
Move Index     -
Move Percent   -
Delta Increase -
Winner         white
PV             

HashTableStatistics:
Stores         1273
LookupAttempt  96201
LookupSuccess  5675
Collisions     0

<= 
<
>final_score
<= W+
<
>quit
<= 
<
