# nice ../build/src/mohex/mohex --config mohex-weak.htp --seed 123913 --logfile-name jobs/11x11-mohex-mohex-weak-vs-mohex-mohex-cg2010/mohex-mohex-weak-26.log
>boardsize 11 11
<= 
<
>name
MoHex 2.0.CMake Mar 21 2025
Copyright (C) 2007-2012 by the authors of the Benzene project.
This program comes with ABSOLUTELY NO WARRANTY. This is
free software and you are welcome to redistribute it under
certain conditions. Type `benzene-license' for details.

SgRandom::SetSeed: 123913
SgUctSearch: system memory 33632358400, using 1000000000 (5681818 nodes)
SgRandom::SetSeed: 1
SgRandom::SetSeed: 123913
b4837 info: Prior Patterns:
b4837 info: Global:
b4837 info: Size            = 565 32648 
b4837 info: TableEntries    = 65932 65910
b4837 info: MirrorsAdded    = 0 0
b4837 info: PrunableCount   = 30593 30629
b4837 info: LargestGamma    = 5820.77
b4837 info: SmallestGamma   = 6.6e-05
b4837 info: Local:
b4837 info: Size            = 550 5318 
b4837 info: TableEntries    = 11602 11588
b4837 info: MirrorsAdded    = 0 0
b4837 info: PrunableCount   = 3659 3667
b4837 info: LargestGamma    = 11281.8
b4837 info: SmallestGamma   = 0.026235
b4837 info: Playout Patterns:
b4837 info: Global:
b4837 info: Size            = 565 32648 
b4837 info: TableEntries    = 70329 70329
b4837 info: MirrorsAdded    = 4397 4419
b4837 info: PrunableCount   = 30593 30629
b4837 info: LargestGamma    = 5820.77
b4837 info: SmallestGamma   = 6.6e-05
b4837 info: Local:
b4837 info: Size            = 550 5318 
b4837 info: TableEntries    = 11602 11588
b4837 info: MirrorsAdded    = 0 0
b4837 info: PrunableCount   = 3659 3667
b4837 info: LargestGamma    = 11281.8
b4837 info: SmallestGamma   = 0.026235
param_game allow_swap 1
= 

param_mohex max_memory 1600000
= 

param_mohex num_threads 1
= 

param_mohex max_time 1
= 

param_mohex max_games 1
= 

param_mohex knowledge_threshold 400
= 

param_mohex reuse_subtree 1
= 

param_mohex use_parallel_solver 1
= 

<= MoHex
<
>version
<= 2.0.CMake
<
>play b b3
<= 
<
>showboard
<= 
< 
<  c687275fe75d74e6
<  a  b  c  d  e  f  g  h  i  j  k  
< 1\.  .  .  .  .  .  .  .  .  .  .\1
<  2\.  .  .  .  .  .  .  .  .  .  .\2
<   3\.  B  .  .  .  .  .  .  .  .  .\3
<    4\.  .  .  .  .  .  .  .  .  .  .\4
<     5\.  .  .  .  .  .  .  .  .  .  .\5
<      6\.  .  .  .  .  .  .  .  .  .  .\6
<       7\.  .  .  .  .  .  .  .  .  .  .\7
<        8\.  .  .  .  .  .  .  .  .  .  .\8
<         9\.  .  .  .  .  .  .  .  .  .  .\9
<         10\.  .  .  .  .  .  .  .  .  .  .\10
<          11\.  .  .  .  .  .  .  .  .  .  .\11
<              a  b  c  d  e  f  g  h  i  j  k  
<
>play w swap-pieces
<= 
<
>genmove w
<= a7
<
>play b b1
b4837 info: PlayAndSolve: Building VCs to avoid race condition.
b4837 info: PlayAndSolve: Continuing on as usual.
ffff6 info: *** PlayerThread ***
f7fe6 info: *** SolverThread ***
ffff6 info: Best move cannot be determined, must search state.
ffff6 info: --- MoHexPlayer::Search() ---
ffff6 info: Color: white
ffff6 info: MaxGames: 1
ffff6 info: NumberThreads: 1
ffff6 info: MaxNodes: 9090 (799920 bytes)
ffff6 info: TimeForMove: 1
ffff6 info: PreSearch: max time reached (42/89).
ffff6 info: Time for PreSearch: 0.20115s
ffff6 info: 
  c687275fe75d74e6
  a  b  c  d  e  f  g  h  i  j  k  
 1\.  .  .  .  *  *  *  *  *  *  .\1
  2\.  .  .  *  *  *  *  *  *  *  .\2
   3\.  B  *  *  *  *  *  *  *  *  .\3
    4\.  *  *  *  *  *  *  *  *  *  .\4
     5\.  *  *  *  *  *  *  *  *  *  .\5
      6\.  *  *  *  *  *  *  *  *  *  .\6
       7\.  *  *  *  *  *  *  *  *  *  .\7
        8\.  *  *  *  *  *  *  *  *  *  .\8
         9\.  *  *  *  *  *  *  *  *  *  .\9
         10\.  *  *  *  *  *  *  *  .  .  .\10
          11\.  *  *  *  *  *  *  *  .  .  .\11
              a  b  c  d  e  f  g  h  i  j  k  
ffff6 info: No subtree to reuse.
ffff6 info: Creating thread 0
ffff6 info: StartSearch()[0]
SgUctSearch: max games reached
ffff6 info: 
Elapsed Time   0.385903s
Count          1
GamesPlayed    1
Nodes          1
Knowledge      0 (0.0%)
Expansions     0.0
Time           0.00
GameLen        120.0 dev=0.0 min=120.0 max=120.0
InTree         0.0 dev=0.0 min=0.0 max=0.0
KnowDepth      -
Aborted        0%
Games/s        289.6
Score          1.00
Sequence      
ffff6 info: 
ffff6 warning: **** MoHexSearch returned empty sequence!
ffff6 warning: **** Returning random move!
ffff6 info: *** Player move: a7
effd6 info: DfpnSolver::CheckAbort(): Abort flag!
f7fe6 info: 
MID calls      38
VC builds      37
Terminal       0
Work           38
Wasted Work    0 (0%)
Elapsed Time   0.400193
MIDs/sec       94.9542
VCs/sec        92.4554
Cnt prune sib  0
Avg prune sib  -
Consider Size  88.4054 dev=1.83765 min=83 max=90
Move Index     -
Move Percent   -
Delta Increase 3.2973 dev=13.2927 min=1 max=83
Winner         empty
PV             b8 h5 g7

HashTableStatistics:
Stores         100
LookupAttempt  11762
LookupSuccess  716
Collisions     0

f7fe6 info: Search aborted.
<= 
<
>genmove w
<= i4
<
>play b c10
b4837 info: PlayAndSolve: Building VCs to avoid race condition.
b4837 info: PlayAndSolve: Continuing on as usual.
f7fe6 info: *** PlayerThread ***
ffff6 info: *** SolverThread ***
f7fe6 info: Best move cannot be determined, must search state.
f7fe6 info: --- MoHexPlayer::Search() ---
f7fe6 info: Color: white
f7fe6 info: MaxGames: 1
f7fe6 info: NumberThreads: 1
f7fe6 info: MaxNodes: 9090 (799920 bytes)
f7fe6 info: TimeForMove: 1
f7fe6 info: PreSearch: max time reached (42/91).
f7fe6 info: Time for PreSearch: 0.201952s
f7fe6 info: 
  b4ee320815b12b85
  a  b  c  d  e  f  g  h  i  j  k  
 1\b  B  b  .  *  *  *  *  *  *  .\1
  2\w  .  *  *  *  *  *  *  *  *  .\2
   3\w  B  *  *  *  *  *  *  *  *  .\3
    4\.  *  *  *  *  *  *  *  *  *  .\4
     5\.  *  *  *  *  *  *  *  *  *  .\5
      6\.  *  *  *  *  *  *  *  *  *  .\6
       7\W  *  *  *  *  *  *  *  *  *  .\7
        8\.  *  *  *  *  *  *  *  *  *  .\8
         9\.  *  *  *  *  *  *  *  *  *  .\9
         10\.  *  *  *  *  *  *  *  *  .  .\10
          11\.  *  *  *  *  *  *  *  .  .  .\11
              a  b  c  d  e  f  g  h  i  j  k  
f7fe6 info: Old: [black, b3] [white, swap-pieces] 
f7fe6 info: New: [black, b3] [white, swap-pieces] [white, a7] [black, b1] 
f7fe6 info: ReuseSubtree: Colors do not alternate.
f7fe6 info: No subtree to reuse.
f7fe6 info: StartSearch()[0]
SgUctSearch: max games reached
f7fe6 info: 
Elapsed Time   0.369935s
Count          1
GamesPlayed    1
Nodes          1
Knowledge      0 (0.0%)
Expansions     0.0
Time           0.00
GameLen        114.0 dev=0.0 min=114.0 max=114.0
InTree         0.0 dev=0.0 min=0.0 max=0.0
KnowDepth      -
Aborted        0%
Games/s        2793.3
Score          0.00
Sequence      
f7fe6 info: 
f7fe6 warning: **** MoHexSearch returned empty sequence!
f7fe6 warning: **** Returning random move!
f7fe6 info: *** Player move: i4
effd6 info: DfpnSolver::CheckAbort(): Abort flag!
ffff6 info: 
MID calls      44
VC builds      43
Terminal       0
Work           44
Wasted Work    0 (0%)
Elapsed Time   0.381707
MIDs/sec       115.272
VCs/sec        112.652
Cnt prune sib  0
Avg prune sib  -
Consider Size  86.0233 dev=1.42196 min=82 max=91
Move Index     -
Move Percent   -
Delta Increase 2.90698 dev=12.2052 min=1 max=82
Winner         empty
PV             j2 f7 g5

HashTableStatistics:
Stores         212
LookupAttempt  24163
LookupSuccess  1438
Collisions     0

ffff6 info: Search aborted.
<= 
<
>genmove w
<= k8
<
>play b e3
b4837 info: PlayAndSolve: Building VCs to avoid race condition.
b4837 info: PlayAndSolve: Continuing on as usual.
ffff6 info: *** PlayerThread ***
f7fe6 info: *** SolverThread ***
ffff6 info: Best move cannot be determined, must search state.
ffff6 info: --- MoHexPlayer::Search() ---
ffff6 info: Color: white
ffff6 info: MaxGames: 1
ffff6 info: NumberThreads: 1
ffff6 info: MaxNodes: 9090 (799920 bytes)
ffff6 info: TimeForMove: 1
ffff6 info: PreSearch: max time reached (36/81).
ffff6 info: Time for PreSearch: 0.20373s
ffff6 info: 
  73a9f75cd0f5a777
  a  b  c  d  e  f  g  h  i  j  k  
 1\b  B  b  .  *  *  *  *  *  *  .\1
  2\w  .  *  *  *  *  *  *  *  *  .\2
   3\w  B  *  *  *  *  *  *  *  *  .\3
    4\.  *  *  *  *  *  *  *  W  .  .\4
     5\.  *  *  *  *  *  *  *  *  *  .\5
      6\.  *  *  *  *  *  *  *  *  *  .\6
       7\W  *  *  *  *  *  *  *  *  *  .\7
        8\.  *  *  *  *  *  *  *  *  *  .\8
         9\.  .  *  *  *  *  *  *  *  *  .\9
         10\.  .  B  .  *  *  *  *  *  .  .\10
          11\.  b  b  b  .  *  *  *  .  .  .\11
              a  b  c  d  e  f  g  h  i  j  k  
ffff6 info: Old: [black, b3] [white, swap-pieces] [white, a7] [black, b1] 
ffff6 info: New: [black, b3] [white, swap-pieces] [white, a7] [black, b1] [white, i4] [black, c10] 
ffff6 info: MovesPlayed: [white, i4] [black, c10] 
ffff6 info: No subtree to reuse.
ffff6 info: StartSearch()[0]
SgUctSearch: max games reached
ffff6 info: 
Elapsed Time   0.377031s
Count          1
GamesPlayed    1
Nodes          1
Knowledge      0 (0.0%)
Expansions     0.0
Time           0.00
GameLen        109.0 dev=0.0 min=109.0 max=109.0
InTree         0.0 dev=0.0 min=0.0 max=0.0
KnowDepth      -
Aborted        0%
Games/s        2915.5
Score          0.00
Sequence      
ffff6 info: 
ffff6 warning: **** MoHexSearch returned empty sequence!
ffff6 warning: **** Returning random move!
ffff6 info: *** Player move: k8
effd6 info: DfpnSolver::CheckAbort(): Abort flag!
f7fe6 info: 
MID calls      39
VC builds      37
Terminal       0
Work           39
Wasted Work    0 (0%)
Elapsed Time   0.393582
MIDs/sec       99.0899
VCs/sec        94.0084
Cnt prune sib  1
Avg prune sib  1 dev=0 min=1 max=1
Consider Size  70 dev=18.1808 min=19 max=82
Move Index     -
Move Percent   -
Delta Increase 3.23684 dev=9.28336 min=1 max=49
Winner         empty
PV             d8 f7 f6 g5

HashTableStatistics:
Stores         311
LookupAttempt  33891
LookupSuccess  2056
Collisions     0

f7fe6 info: Search aborted.
<= 
<
>genmove w
<= g2
<
>play b k3
b4837 info: PlayAndSolve: Building VCs to avoid race condition.
b4837 info: PlayAndSolve: Continuing on as usual.
f7fe6 info: *** PlayerThread ***
ffff6 info: *** SolverThread ***
f7fe6 info: Best move cannot be determined, must search state.
f7fe6 info: --- MoHexPlayer::Search() ---
f7fe6 info: Color: white
f7fe6 info: MaxGames: 1
f7fe6 info: NumberThreads: 1
f7fe6 info: MaxNodes: 9090 (799920 bytes)
f7fe6 info: TimeForMove: 1
f7fe6 info: PreSearch: max time reached (47/82).
f7fe6 info: Time for PreSearch: 0.200811s
f7fe6 info: 
  5aad3bf7c492424e
  a  b  c  d  e  f  g  h  i  j  k  
 1\b  B  b  .  *  *  *  *  *  *  .\1
  2\w  .  *  *  *  *  *  *  *  *  .\2
   3\w  B  *  *  B  *  *  *  *  *  .\3
    4\.  *  *  *  *  *  *  *  W  .  .\4
     5\.  *  *  *  *  *  *  *  *  *  .\5
      6\.  *  *  *  *  *  *  *  *  *  .\6
       7\W  *  *  *  *  *  *  *  *  *  .\7
        8\.  *  *  *  *  *  *  *  *  *  W\8
         9\.  .  *  *  *  *  *  *  *  *  .\9
         10\.  .  B  .  *  *  *  *  *  *  .\10
          11\.  b  b  b  .  *  *  *  *  .  .\11
              a  b  c  d  e  f  g  h  i  j  k  
f7fe6 info: Old: [black, b3] [white, swap-pieces] [white, a7] [black, b1] [white, i4] [black, c10] 
f7fe6 info: New: [black, b3] [white, swap-pieces] [white, a7] [black, b1] [white, i4] [black, c10] [white, k8] [black, e3] 
f7fe6 info: MovesPlayed: [white, k8] [black, e3] 
f7fe6 info: No subtree to reuse.
f7fe6 info: StartSearch()[0]
SgUctSearch: max games reached
f7fe6 info: 
Elapsed Time   0.359827s
Count          1
GamesPlayed    1
Nodes          1
Knowledge      0 (0.0%)
Expansions     0.0
Time           0.00
GameLen        107.0 dev=0.0 min=107.0 max=107.0
InTree         0.0 dev=0.0 min=0.0 max=0.0
KnowDepth      -
Aborted        0%
Games/s        3039.5
Score          1.00
Sequence      
f7fe6 info: 
f7fe6 warning: **** MoHexSearch returned empty sequence!
f7fe6 warning: **** Returning random move!
f7fe6 info: *** Player move: g2
effd6 info: DfpnSolver::CheckAbort(): Abort flag!
ffff6 info: 
MID calls      42
VC builds      40
Terminal       0
Work           42
Wasted Work    0 (0%)
Elapsed Time   0.37592
MIDs/sec       111.726
VCs/sec        106.406
Cnt prune sib  1
Avg prune sib  1 dev=0 min=1 max=1
Consider Size  70.975 dev=15.9961 min=27 max=82
Move Index     -
Move Percent   -
Delta Increase 2.82927 dev=7.25461 min=1 max=35
Winner         empty
PV             d8 f7 g8 e9

HashTableStatistics:
Stores         416
LookupAttempt  43951
LookupSuccess  2677
Collisions     0

ffff6 info: Search aborted.
<= 
<
>genmove w
<= b8
<
>play b g11
b4837 info: PlayAndSolve: Building VCs to avoid race condition.
b4837 info: PlayAndSolve: Continuing on as usual.
ffff6 info: *** PlayerThread ***
f7fe6 info: *** SolverThread ***
ffff6 info: Best move cannot be determined, must search state.
ffff6 info: --- MoHexPlayer::Search() ---
ffff6 info: Color: white
ffff6 info: MaxGames: 1
ffff6 info: NumberThreads: 1
ffff6 info: MaxNodes: 9090 (799920 bytes)
ffff6 info: TimeForMove: 1
ffff6 info: PreSearch: max time reached (63/77).
ffff6 info: Time for PreSearch: 0.202092s
ffff6 info: 
  80c2a9131d77a02e
  a  b  c  d  e  f  g  h  i  j  k  
 1\b  B  b  .  .  *  .  .  *  *  .\1
  2\w  .  *  *  .  .  W  *  *  *  .\2
   3\w  B  *  *  B  *  *  *  *  *  B\3
    4\.  *  *  *  *  *  *  *  W  *  .\4
     5\.  *  *  *  *  *  *  *  *  *  .\5
      6\.  *  *  *  *  *  *  *  *  *  .\6
       7\W  *  *  *  *  *  *  *  *  *  .\7
        8\.  *  *  *  *  *  *  *  *  *  W\8
         9\.  .  *  *  *  *  *  *  *  *  .\9
         10\.  .  B  .  *  *  *  *  *  *  .\10
          11\.  b  b  b  .  *  *  *  *  .  .\11
              a  b  c  d  e  f  g  h  i  j  k  
ffff6 info: Old: [black, b3] [white, swap-pieces] [white, a7] [black, b1] [white, i4] [black, c10] [white, k8] [black, e3] 
ffff6 info: New: [black, b3] [white, swap-pieces] [white, a7] [black, b1] [white, i4] [black, c10] [white, k8] [black, e3] [white, g2] [black, k3] 
ffff6 info: MovesPlayed: [white, g2] [black, k3] 
ffff6 info: No subtree to reuse.
ffff6 info: StartSearch()[0]
SgUctSearch: max games reached
ffff6 info: 
Elapsed Time   0.36031s
Count          1
GamesPlayed    1
Nodes          1
Knowledge      0 (0.0%)
Expansions     0.0
Time           0.00
GameLen        105.0 dev=0.0 min=105.0 max=105.0
InTree         0.0 dev=0.0 min=0.0 max=0.0
KnowDepth      -
Aborted        0%
Games/s        2857.1
Score          1.00
Sequence      
ffff6 info: 
ffff6 warning: **** MoHexSearch returned empty sequence!
ffff6 warning: **** Returning random move!
ffff6 info: *** Player move: b8
effd6 info: DfpnSolver::CheckAbort(): Abort flag!
f7fe6 info: 
MID calls      64
VC builds      61
Terminal       0
Work           64
Wasted Work    0 (0%)
Elapsed Time   0.368084
MIDs/sec       173.873
VCs/sec        165.723
Cnt prune sib  2
Avg prune sib  1.5 dev=0.5 min=1 max=2
Consider Size  66.8033 dev=12.4266 min=23 max=77
Move Index     -
Move Percent   -
Delta Increase 4.14286 dev=12.7688 min=1 max=69
Winner         empty
PV             f7 g7 d8

HashTableStatistics:
Stores         566
LookupAttempt  54907
LookupSuccess  3319
Collisions     0

f7fe6 info: Search aborted.
<= 
<
>genmove w
<= f4
<
>play b k4
b4837 info: PlayAndSolve: Building VCs to avoid race condition.
b4837 info: PlayAndSolve: Continuing on as usual.
f7fe6 info: *** PlayerThread ***
ffff6 info: *** SolverThread ***
f7fe6 info: Best move cannot be determined, must search state.
f7fe6 info: --- MoHexPlayer::Search() ---
f7fe6 info: Color: white
f7fe6 info: MaxGames: 1
f7fe6 info: NumberThreads: 1
f7fe6 info: MaxNodes: 9090 (799920 bytes)
f7fe6 info: TimeForMove: 1
f7fe6 info: Time for PreSearch: 0.192852s
f7fe6 info: 
  5f11e3b4ec284e02
  a  b  c  d  e  f  g  h  i  j  k  
 1\b  B  b  .  .  *  .  .  *  *  .\1
  2\w  .  *  *  .  .  W  *  *  *  .\2
   3\w  B  *  *  B  *  *  *  *  *  B\3
    4\.  *  *  *  *  *  *  *  W  *  .\4
     5\.  *  *  *  *  *  *  *  *  *  .\5
      6\.  .  *  *  *  *  *  *  *  *  .\6
       7\W  .  *  *  *  *  *  *  *  *  .\7
        8\w  W  .  *  *  *  *  *  *  *  W\8
         9\w  w  .  *  *  *  *  *  *  *  .\9
         10\w  w  B  .  *  *  *  *  *  .  .\10
          11\w  b  b  b  b  b  B  .  *  .  .\11
              a  b  c  d  e  f  g  h  i  j  k  
f7fe6 info: Old: [black, b3] [white, swap-pieces] [white, a7] [black, b1] [white, i4] [black, c10] [white, k8] [black, e3] [white, g2] [black, k3] 
f7fe6 info: New: [black, b3] [white, swap-pieces] [white, a7] [black, b1] [white, i4] [black, c10] [white, k8] [black, e3] [white, g2] [black, k3] [white, b8] [black, g11] 
f7fe6 info: MovesPlayed: [white, b8] [black, g11] 
f7fe6 info: No subtree to reuse.
f7fe6 info: StartSearch()[0]
SgUctSearch: max games reached
f7fe6 info: 
Elapsed Time   0.348052s
Count          1
GamesPlayed    1
Nodes          1
Knowledge      0 (0.0%)
Expansions     0.0
Time           0.00
GameLen        95.0 dev=0.0 min=95.0 max=95.0
InTree         0.0 dev=0.0 min=0.0 max=0.0
KnowDepth      -
Aborted        0%
Games/s        2747.3
Score          1.00
Sequence      
f7fe6 info: 
f7fe6 warning: **** MoHexSearch returned empty sequence!
f7fe6 warning: **** Returning random move!
f7fe6 info: *** Player move: f4
effd6 info: DfpnSolver::CheckAbort(): Abort flag!
ffff6 info: 
MID calls      77
VC builds      71
Terminal       0
Work           77
Wasted Work    0 (0%)
Elapsed Time   0.360659
MIDs/sec       213.498
VCs/sec        196.862
Cnt prune sib  1
Avg prune sib  4 dev=0 min=4 max=4
Consider Size  35.3521 dev=23.053 min=3 max=70
Move Index     -
Move Percent   -
Delta Increase 3 dev=8.59927 min=1 max=62
Winner         empty
PV             g5 e7 f4 d5

HashTableStatistics:
Stores         739
LookupAttempt  63263
LookupSuccess  3884
Collisions     0

ffff6 info: Search aborted.
<= 
<
>genmove w
<= j2
<
>play b i3
b4837 info: PlayAndSolve: Building VCs to avoid race condition.
b4837 info: PlayAndSolve: Continuing on as usual.
ffff6 info: *** PlayerThread ***
f7fe6 info: *** SolverThread ***
ffff6 info: Best move cannot be determined, must search state.
ffff6 info: --- MoHexPlayer::Search() ---
ffff6 info: Color: white
ffff6 info: MaxGames: 1
ffff6 info: NumberThreads: 1
ffff6 info: MaxNodes: 9090 (799920 bytes)
ffff6 info: TimeForMove: 1
ffff6 info: PreSearch: max time reached (56/66).
ffff6 info: Time for PreSearch: 0.202971s
ffff6 info: 
  da4b5cf174c7056b
  a  b  c  d  e  f  g  h  i  j  k  
 1\b  B  b  .  .  *  .  .  *  *  .\1
  2\w  .  *  *  .  .  W  *  *  *  .\2
   3\w  B  *  *  B  .  .  *  *  *  B\3
    4\.  *  *  *  *  W  *  *  W  .  B\4
     5\.  *  *  *  *  *  *  *  *  *  .\5
      6\.  .  *  *  *  *  *  *  *  *  .\6
       7\W  .  *  *  *  *  *  *  *  *  .\7
        8\w  W  .  *  *  *  *  *  *  *  W\8
         9\w  w  .  *  *  *  *  *  *  *  .\9
         10\w  w  B  .  *  *  *  *  *  *  .\10
          11\w  b  b  b  b  b  B  .  *  .  .\11
              a  b  c  d  e  f  g  h  i  j  k  
f7fe6 info: 
MID calls      115
VC builds      89
Terminal       9
Work           124
Wasted Work    126 (101.613%)
Elapsed Time   0.448339
MIDs/sec       256.502
VCs/sec        198.511
Cnt prune sib  1
Avg prune sib  1 dev=0 min=1 max=1
Consider Size  26.5125 dev=25.0065 min=1 max=66
Move Index     1.38095 dev=1.29012 min=0 max=4
Move Percent   0.0239342 dev=0.0216405 min=0 max=0.0677966
Delta Increase 11.6327 dev=38.2522 min=1 max=213
Winner         white
PV             j2 h4 d8 f5 f7 h6 h5 g6 e5

HashTableStatistics:
Stores         1005
LookupAttempt  71584
LookupSuccess  4496
Collisions     0

f7fe6 info: *** FOUND WIN!!! ***
f7fe6 info: PV: j2 h4 d8 f5 f7 h6 h5 g6 e5
ffff6 info: Old: [black, b3] [white, swap-pieces] [white, a7] [black, b1] [white, i4] [black, c10] [white, k8] [black, e3] [white, g2] [black, k3] [white, b8] [black, g11] 
ffff6 info: New: [black, b3] [white, swap-pieces] [white, a7] [black, b1] [white, i4] [black, c10] [white, k8] [black, e3] [white, g2] [black, k3] [white, b8] [black, g11] [white, f4] [black, k4] 
ffff6 info: MovesPlayed: [white, f4] [black, k4] 
ffff6 info: No subtree to reuse.
ffff6 info: StartSearch()[0]
SgUctSearch: abort flag
ffff6 info: 
Elapsed Time   0.571646s
Count          1
GamesPlayed    1
Nodes          1
Knowledge      0 (0.0%)
Expansions     0.0
Time           0.00
GameLen        93.0 dev=0.0 min=93.0 max=93.0
InTree         0.0 dev=0.0 min=0.0 max=0.0
KnowDepth      -
Aborted        0%
Games/s        3508.8
Score          0.00
Sequence      
ffff6 info: 
ffff6 warning: **** MoHexSearch returned empty sequence!
ffff6 warning: **** Returning random move!
<= 
<
>genmove w
<= d5
<
>play b b6
b4837 info: PlayAndSolve: Building VCs to avoid race condition.
b4837 info: PlayAndSolve: Continuing on as usual.
f7fe6 info: *** PlayerThread ***
ffff6 info: *** SolverThread ***
f7fe6 info: Winning SC.
f7fe6 info: *** Player move: d5
ffff6 info: 
MID calls      0
VC builds      1
Terminal       1
Work           1
Wasted Work    0 (0%)
Elapsed Time   0.005247
MIDs/sec       0
VCs/sec        190.585
Cnt prune sib  0
Avg prune sib  -
Consider Size  -
Move Index     -
Move Percent   -
Delta Increase -
Winner         white
PV             

HashTableStatistics:
Stores         1006
LookupAttempt  71590
LookupSuccess  4499
Collisions     0

<= 
<
>genmove w
<= c6
<
>play b b7
b4837 info: PlayAndSolve: Building VCs to avoid race condition.
b4837 info: PlayAndSolve: Continuing on as usual.
f7fe6 info: *** SolverThread ***
ffff6 info: *** PlayerThread ***
f7fe6 info: 
MID calls      0
VC builds      1
Terminal       1
Work           1
Wasted Work    0 (0%)
Elapsed Time   0.005262
MIDs/sec       0
VCs/sec        190.042
Cnt prune sib  0
Avg prune sib  -
Consider Size  -
Move Index     -
Move Percent   -
Delta Increase -
Winner         white
PV             

HashTableStatistics:
Stores         1007
LookupAttempt  71596
LookupSuccess  4502
Collisions     0

ffff6 info: Winning SC.
ffff6 info: *** Player move: c6
<= 
<
>genmove w
<= c7
<
>play b e5
b4837 info: PlayAndSolve: Building VCs to avoid race condition.
b4837 info: PlayAndSolve: Continuing on as usual.
f7fe6 info: *** PlayerThread ***
ffff6 info: *** SolverThread ***
f7fe6 info: Winning SC.
f7fe6 info: *** Player move: c7
ffff6 info: 
MID calls      0
VC builds      1
Terminal       1
Work           1
Wasted Work    0 (0%)
Elapsed Time   0.00678
MIDs/sec       0
VCs/sec        147.493
Cnt prune sib  0
Avg prune sib  -
Consider Size  -
Move Index     -
Move Percent   -
Delta Increase -
Winner         white
PV             

HashTableStatistics:
Stores         1008
LookupAttempt  71602
LookupSuccess  4505
Collisions     0

<= 
<
>genmove w
<= e4
<
>play b i2
b4837 info: PlayAndSolve: Building VCs to avoid race condition.
b4837 info: PlayAndSolve: Continuing on as usual.
ffff6 info: *** PlayerThread ***
f7fe6 info: *** SolverThread ***
ffff6 info: Winning SC.
ffff6 info: *** Player move: e4
f7fe6 info: 
MID calls      0
VC builds      1
Terminal       1
Work           1
Wasted Work    0 (0%)
Elapsed Time   0.005534
MIDs/sec       0
VCs/sec        180.701
Cnt prune sib  0
Avg prune sib  -
Consider Size  -
Move Index     -
Move Percent   -
Delta Increase -
Winner         white
PV             

HashTableStatistics:
Stores         1009
LookupAttempt  71608
LookupSuccess  4508
Collisions     0

<= 
<
>genmove w
<= g5
<
>play b h4
b4837 info: PlayAndSolve: Building VCs to avoid race condition.
b4837 info: PlayAndSolve: Continuing on as usual.
f7fe6 info: *** PlayerThread ***
ffff6 info: *** SolverThread ***
f7fe6 info: Winning SC.
f7fe6 info: *** Player move: g5
ffff6 info: 
MID calls      0
VC builds      1
Terminal       1
Work           1
Wasted Work    0 (0%)
Elapsed Time   0.005745
MIDs/sec       0
VCs/sec        174.064
Cnt prune sib  0
Avg prune sib  -
Consider Size  -
Move Index     -
Move Percent   -
Delta Increase -
Winner         white
PV             

HashTableStatistics:
Stores         1010
LookupAttempt  71614
LookupSuccess  4511
Collisions     0

<= 
<
>genmove w
<= h5
<
>play b j3
b4837 info: PlayAndSolve: Building VCs to avoid race condition.
b4837 info: PlayAndSolve: Continuing on as usual.
ffff6 info: *** PlayerThread ***
f7fe6 info: *** SolverThread ***
ffff6 info: Winning SC.
ffff6 info: *** Player move: h5
f7fe6 info: 
MID calls      0
VC builds      1
Terminal       1
Work           1
Wasted Work    0 (0%)
Elapsed Time   0.003695
MIDs/sec       0
VCs/sec        270.636
Cnt prune sib  0
Avg prune sib  -
Consider Size  -
Move Index     -
Move Percent   -
Delta Increase -
Winner         white
PV             

HashTableStatistics:
Stores         1011
LookupAttempt  71620
LookupSuccess  4514
Collisions     0

<= 
<
>genmove w
<= j5
<
>play b j6
b4837 info: PlayAndSolve: Building VCs to avoid race condition.
b4837 info: PlayAndSolve: Continuing on as usual.
f7fe6 info: *** PlayerThread ***
ffff6 info: *** SolverThread ***
f7fe6 info: Winning SC.
f7fe6 info: *** Player move: j5
ffff6 info: 
MID calls      0
VC builds      1
Terminal       1
Work           1
Wasted Work    0 (0%)
Elapsed Time   0.004028
MIDs/sec       0
VCs/sec        248.262
Cnt prune sib  0
Avg prune sib  -
Consider Size  -
Move Index     -
Move Percent   -
Delta Increase -
Winner         white
PV             

HashTableStatistics:
Stores         1012
LookupAttempt  71626
LookupSuccess  4517
Collisions     0

<= 
<
>genmove w
<= k5
<
>play b f5
b4837 info: PlayAndSolve: Building VCs to avoid race condition.
b4837 info: PlayAndSolve: Continuing on as usual.
ffff6 info: *** PlayerThread ***
f7fe6 info: *** SolverThread ***
ffff6 info: Winning SC.
ffff6 info: *** Player move: k5
f7fe6 info: 
MID calls      0
VC builds      1
Terminal       1
Work           1
Wasted Work    0 (0%)
Elapsed Time   0.003628
MIDs/sec       0
VCs/sec        275.634
Cnt prune sib  0
Avg prune sib  -
Consider Size  -
Move Index     -
Move Percent   -
Delta Increase -
Winner         white
PV             

HashTableStatistics:
Stores         1013
LookupAttempt  71632
LookupSuccess  4520
Collisions     0

<= 
<
>genmove w
<= g4
<
>play b a8
b4837 info: PlayAndSolve: Building VCs to avoid race condition.
b4837 info: PlayAndSolve: Continuing on as usual.
f7fe6 info: *** PlayerThread ***
ffff6 info: *** SolverThread ***
f7fe6 info: Winning SC.
f7fe6 info: *** Player move: g4
ffff6 info: 
MID calls      0
VC builds      1
Terminal       1
Work           1
Wasted Work    0 (0%)
Elapsed Time   0.003282
MIDs/sec       0
VCs/sec        304.692
Cnt prune sib  0
Avg prune sib  -
Consider Size  -
Move Index     -
Move Percent   -
Delta Increase -
Winner         white
PV             

HashTableStatistics:
Stores         1014
LookupAttempt  71638
LookupSuccess  4523
Collisions     0

<= 
<
>genmove w
<= a9
<
>play b i5
b4837 info: PlayAndSolve: Building VCs to avoid race condition.
b4837 info: PlayAndSolve: Continuing on as usual.
ffff6 info: *** PlayerThread ***
f7fe6 info: *** SolverThread ***
ffff6 info: Winning SC.
ffff6 info: *** Player move: a9
f7fe6 info: 
MID calls      0
VC builds      1
Terminal       1
Work           1
Wasted Work    0 (0%)
Elapsed Time   0.005162
MIDs/sec       0
VCs/sec        193.723
Cnt prune sib  0
Avg prune sib  -
Consider Size  -
Move Index     -
Move Percent   -
Delta Increase -
Winner         white
PV             

HashTableStatistics:
Stores         1015
LookupAttempt  71644
LookupSuccess  4526
Collisions     0

<= 
<
>genmove w
<= j4
<
>play b resign
b4837 info: PlayAndSolve: Building VCs to avoid race condition.
b4837 info: PlayAndSolve: Continuing on as usual.
f7fe6 info: *** PlayerThread ***
ffff6 info: *** SolverThread ***
f7fe6 info: Winning SC.
f7fe6 info: *** Player move: j4
ffff6 info: 
MID calls      0
VC builds      1
Terminal       1
Work           1
Wasted Work    0 (0%)
Elapsed Time   0.004103
MIDs/sec       0
VCs/sec        243.724
Cnt prune sib  0
Avg prune sib  -
Consider Size  -
Move Index     -
Move Percent   -
Delta Increase -
Winner         white
PV             

HashTableStatistics:
Stores         1016
LookupAttempt  71650
LookupSuccess  4529
Collisions     0

<= 
<
>final_score
<= W+
<
>quit
<= 
<
