72867 config: MoHex v2.0.CMake Mar 21 2025.
72867 config: ============ InitializeSystem ============
72867 config: BenzeneProgram::InitRandom()
72867 config: Seed = 24471
72867 info: Prior Patterns:
72867 info: Global:
72867 info: Size            = 565 32648 
72867 info: TableEntries    = 65932 65910
72867 info: MirrorsAdded    = 0 0
72867 info: PrunableCount   = 30593 30629
72867 info: LargestGamma    = 5820.77
72867 info: SmallestGamma   = 6.6e-05
72867 info: Local:
72867 info: Size            = 550 5318 
72867 info: TableEntries    = 11602 11588
72867 info: MirrorsAdded    = 0 0
72867 info: PrunableCount   = 3659 3667
72867 info: LargestGamma    = 11281.8
72867 info: SmallestGamma   = 0.026235
72867 info: Playout Patterns:
72867 info: Global:
72867 info: Size            = 565 32648 
72867 info: TableEntries    = 70329 70329
72867 info: MirrorsAdded    = 4397 4419
72867 info: PrunableCount   = 30593 30629
72867 info: LargestGamma    = 5820.77
72867 info: SmallestGamma   = 6.6e-05
72867 info: Local:
72867 info: Size            = 550 5318 
72867 info: TableEntries    = 11602 11588
72867 info: MirrorsAdded    = 0 0
72867 info: PrunableCount   = 3659 3667
72867 info: LargestGamma    = 11281.8
72867 info: SmallestGamma   = 0.026235
72867 config: IcePatternSet: reading from '/home/linus/MoHex2.0/nfbranchfix/benzene-vanilla-cmake/share/ice-patterns.txt'.
72867 config: IcePatternSet: parsed 708 patterns.
72867 config: VCS: reading captured set patterns from '/home/linus/MoHex2.0/nfbranchfix/benzene-vanilla-cmake/share/vc-captured-set.txt'.
72867 config: VCS:: parsed 2 patterns.
72867 config: VCS: reading captured set patterns from '/home/linus/MoHex2.0/nfbranchfix/benzene-vanilla-cmake/share/vc-captured-set.txt'.
72867 config: VCS:: parsed 2 patterns.
72867 config: IcePatternSet: reading from '/home/linus/MoHex2.0/nfbranchfix/benzene-vanilla-cmake/share/ice-patterns.txt'.
72867 config: IcePatternSet: parsed 708 patterns.
72867 config: VCS: reading captured set patterns from '/home/linus/MoHex2.0/nfbranchfix/benzene-vanilla-cmake/share/vc-captured-set.txt'.
72867 config: VCS:: parsed 2 patterns.
72867 config: VCS: reading captured set patterns from '/home/linus/MoHex2.0/nfbranchfix/benzene-vanilla-cmake/share/vc-captured-set.txt'.
72867 config: VCS:: parsed 2 patterns.
72867 config: VCS: reading captured set patterns from '/home/linus/MoHex2.0/nfbranchfix/benzene-vanilla-cmake/share/vc-captured-set.txt'.
72867 config: VCS:: parsed 2 patterns.
72867 config: VCS: reading captured set patterns from '/home/linus/MoHex2.0/nfbranchfix/benzene-vanilla-cmake/share/vc-captured-set.txt'.
72867 config: VCS:: parsed 2 patterns.
72867 config: VCS: reading captured set patterns from '/home/linus/MoHex2.0/nfbranchfix/benzene-vanilla-cmake/share/vc-captured-set.txt'.
72867 config: VCS:: parsed 2 patterns.
72867 config: VCS: reading captured set patterns from '/home/linus/MoHex2.0/nfbranchfix/benzene-vanilla-cmake/share/vc-captured-set.txt'.
72867 config: VCS:: parsed 2 patterns.
72867 info: PlayAndSolve: Building VCs to avoid race condition.
72867 config: VCPattern: loading pattern templates from '/home/linus/MoHex2.0/nfbranchfix/benzene-vanilla-cmake/share/vc-patterns.txt'.
72867 info: PlayAndSolve: Continuing on as usual.
ffb06 info: *** PlayerThread ***
f7af6 info: *** SolverThread ***
efae6 config: VCS: reading captured set patterns from '/home/linus/MoHex2.0/nfbranchfix/benzene-vanilla-cmake/share/vc-captured-set.txt'.
efae6 config: VCS:: parsed 2 patterns.
efae6 config: VCS: reading captured set patterns from '/home/linus/MoHex2.0/nfbranchfix/benzene-vanilla-cmake/share/vc-captured-set.txt'.
efae6 config: VCS:: parsed 2 patterns.
efae6 dfpn: 
ffb06 info: Best move cannot be determined, must search state.
ffb06 info: --- MoHexPlayer::Search() ---
ffb06 info: Color: white
ffb06 info: MaxGames: 1
ffb06 info: NumberThreads: 1
ffb06 info: MaxNodes: 9090 (799920 bytes)
ffb06 info: TimeForMove: 1
efae6 dfpn: b8
efae6 dfpn: h4
efae6 dfpn: c7
efae6 dfpn: g5
efae6 dfpn: d6
efae6 dfpn: i3
efae6 dfpn: e5
efae6 dfpn: g4
efae6 dfpn: f5
efae6 dfpn: d7
efae6 dfpn: e6
efae6 dfpn: f6
efae6 dfpn: j2
efae6 dfpn: h5
efae6 dfpn: f4
efae6 dfpn: d5
efae6 dfpn: g6
efae6 dfpn: e7
efae6 dfpn: b7
efae6 dfpn: h3
efae6 dfpn: f7
efae6 dfpn: c6
efae6 dfpn: d8
efae6 dfpn: c8
efae6 dfpn: b7
ffb06 info: PreSearch: max time reached (50/92).
ffb06 info: Time for PreSearch: 0.204685s
ffb06 info: 
  d7f3f63aef980509
  a  b  c  d  e  f  g  h  i  j  k  
 1\.  .  .  *  *  *  *  *  *  .  .\1
  2\.  .  *  *  *  *  *  *  *  *  .\2
   3\.  *  *  *  *  *  *  *  *  *  .\3
    4\.  *  *  *  *  *  *  *  *  *  .\4
     5\.  *  *  *  *  *  *  *  *  *  .\5
      6\.  *  *  *  *  *  *  *  *  *  .\6
       7\.  *  *  *  *  *  *  *  *  *  .\7
        8\.  *  *  *  *  *  *  *  *  *  .\8
         9\.  *  *  *  *  *  *  *  *  *  .\9
         10\B  *  *  *  *  *  *  *  *  .  .\10
          11\*  .  *  *  *  *  *  *  .  .  .\11
              a  b  c  d  e  f  g  h  i  j  k  
ffb06 info: No subtree to reuse.
ffb06 info: Creating thread 0
ffb06 info: StartSearch()[0]
ffb06 config: VCS: reading captured set patterns from '/home/linus/MoHex2.0/nfbranchfix/benzene-vanilla-cmake/share/vc-captured-set.txt'.
ffb06 config: VCS:: parsed 2 patterns.
ffb06 config: VCS: reading captured set patterns from '/home/linus/MoHex2.0/nfbranchfix/benzene-vanilla-cmake/share/vc-captured-set.txt'.
ffb06 config: VCS:: parsed 2 patterns.
ffb06 info: 
Elapsed Time   0.374899s
Count          1
GamesPlayed    1
Nodes          1
Knowledge      0 (0.0%)
Expansions     0.0
Time           0.00
GameLen        120.0 dev=0.0 min=120.0 max=120.0
InTree         0.0 dev=0.0 min=0.0 max=0.0
KnowDepth      -
Aborted        0%
Games/s        394.8
Score          1.00
Sequence      
ffb06 info: 
ffb06 warning: **** MoHexSearch returned empty sequence!
ffb06 warning: **** Returning random move!
ffb06 info: *** Player move: i10
efae6 info: DfpnSolver::CheckAbort(): Abort flag!
f7af6 info: 
MID calls      47
VC builds      46
Terminal       0
Work           47
Wasted Work    0 (0%)
Elapsed Time   0.387899
MIDs/sec       121.166
VCs/sec        118.588
Cnt prune sib  0
Avg prune sib  -
Consider Size  90 dev=1.44462 min=85 max=92
Move Index     -
Move Percent   -
Delta Increase 2.84783 dev=12.2474 min=1 max=85
Winner         empty
PV             b7 h3 g5

HashTableStatistics:
Stores         118
LookupAttempt  12951
LookupSuccess  725
Collisions     0

f7af6 info: Search aborted.
72867 info: PlayAndSolve: Building VCs to avoid race condition.
72867 info: PlayAndSolve: Continuing on as usual.
f7af6 info: *** PlayerThread ***
ffb06 info: *** SolverThread ***
efae6 config: VCS: reading captured set patterns from '/home/linus/MoHex2.0/nfbranchfix/benzene-vanilla-cmake/share/vc-captured-set.txt'.
efae6 config: VCS:: parsed 2 patterns.
efae6 config: VCS: reading captured set patterns from '/home/linus/MoHex2.0/nfbranchfix/benzene-vanilla-cmake/share/vc-captured-set.txt'.
efae6 config: VCS:: parsed 2 patterns.
efae6 dfpn: 
f7af6 info: Best move cannot be determined, must search state.
f7af6 info: --- MoHexPlayer::Search() ---
f7af6 info: Color: white
f7af6 info: MaxGames: 1
f7af6 info: NumberThreads: 1
f7af6 info: MaxNodes: 9090 (799920 bytes)
f7af6 info: TimeForMove: 1
efae6 dfpn: e7
efae6 dfpn: b8
efae6 dfpn: f6
efae6 dfpn: f4
efae6 dfpn: f7
efae6 dfpn: d7
efae6 dfpn: g3
efae6 dfpn: e8
efae6 dfpn: d8
efae6 dfpn: e6
efae6 dfpn: g4
efae6 dfpn: a11
efae6 dfpn: g6
efae6 dfpn: h2
efae6 dfpn: c7
efae6 dfpn: c8
efae6 dfpn: f8
efae6 dfpn: g2
efae6 dfpn: h4
f7af6 info: PreSearch: max time reached (39/91).
f7af6 info: Time for PreSearch: 0.204377s
efae6 dfpn: d6
efae6 dfpn: e4
efae6 dfpn: i2
efae6 dfpn: g7
f7af6 info: 
  db4fdeca1e6dcfd6
  a  b  c  d  e  f  g  h  i  j  k  
 1\.  .  .  *  *  *  *  *  *  *  .\1
  2\.  .  *  *  *  *  *  *  *  *  .\2
   3\.  *  *  *  *  *  *  *  *  *  .\3
    4\.  *  *  *  *  *  *  *  *  *  .\4
     5\.  *  *  *  *  B  *  *  *  *  .\5
      6\.  *  *  *  *  *  *  *  *  *  .\6
       7\.  *  *  *  *  *  *  *  *  *  .\7
        8\.  *  *  *  *  *  *  *  *  *  .\8
         9\.  *  *  *  *  *  *  *  *  *  .\9
         10\B  *  *  *  *  *  *  *  W  .  .\10
          11\*  *  *  *  *  *  *  .  .  .  .\11
              a  b  c  d  e  f  g  h  i  j  k  
efae6 dfpn: c10
efae6 dfpn: b8
f7af6 info: Old: [black, a10] [white, swap-pieces] 
f7af6 info: New: [black, a10] [white, swap-pieces] [white, i10] [black, f5] 
f7af6 info: ReuseSubtree: Colors do not alternate.
f7af6 info: No subtree to reuse.
f7af6 info: StartSearch()[0]
f7af6 info: 
Elapsed Time   0.365772s
Count          1
GamesPlayed    1
Nodes          1
Knowledge      0 (0.0%)
Expansions     0.0
Time           0.00
GameLen        118.0 dev=0.0 min=118.0 max=118.0
InTree         0.0 dev=0.0 min=0.0 max=0.0
KnowDepth      -
Aborted        0%
Games/s        2793.3
Score          0.00
Sequence      
f7af6 info: 
f7af6 warning: **** MoHexSearch returned empty sequence!
f7af6 warning: **** Returning random move!
f7af6 info: *** Player move: k7
efae6 info: DfpnSolver::CheckAbort(): Abort flag!
ffb06 info: 
MID calls      35
VC builds      34
Terminal       0
Work           35
Wasted Work    0 (0%)
Elapsed Time   0.387186
MIDs/sec       90.3958
VCs/sec        87.8131
Cnt prune sib  0
Avg prune sib  -
Consider Size  87.8235 dev=1.17593 min=83 max=91
Move Index     -
Move Percent   -
Delta Increase 3.5 dev=13.8484 min=1 max=83
Winner         empty
PV             b8 f4 e7

HashTableStatistics:
Stores         212
LookupAttempt  24622
LookupSuccess  1438
Collisions     0

ffb06 info: Search aborted.
72867 info: PlayAndSolve: Building VCs to avoid race condition.
72867 info: PlayAndSolve: Continuing on as usual.
ffb06 info: *** PlayerThread ***
f7af6 info: *** SolverThread ***
efae6 config: VCS: reading captured set patterns from '/home/linus/MoHex2.0/nfbranchfix/benzene-vanilla-cmake/share/vc-captured-set.txt'.
efae6 config: VCS:: parsed 2 patterns.
efae6 config: VCS: reading captured set patterns from '/home/linus/MoHex2.0/nfbranchfix/benzene-vanilla-cmake/share/vc-captured-set.txt'.
efae6 config: VCS:: parsed 2 patterns.
efae6 dfpn: 
efae6 dfpn: c7
ffb06 info: Best move cannot be determined, must search state.
ffb06 info: --- MoHexPlayer::Search() ---
ffb06 info: Color: white
ffb06 info: MaxGames: 1
ffb06 info: NumberThreads: 1
ffb06 info: MaxNodes: 9090 (799920 bytes)
ffb06 info: TimeForMove: 1
efae6 dfpn: b8
efae6 dfpn: e7
efae6 dfpn: d8
efae6 dfpn: c8
efae6 dfpn: d7
efae6 dfpn: a11
efae6 dfpn: e8
efae6 dfpn: f7
efae6 dfpn: f6
efae6 dfpn: g3
efae6 dfpn: f8
efae6 dfpn: b9
efae6 dfpn: c10
efae6 dfpn: e3
efae6 dfpn: d6
efae6 dfpn: e6
efae6 dfpn: g6
efae6 dfpn: d9
efae6 dfpn: d10
ffb06 info: PreSearch: max time reached (41/89).
ffb06 info: Time for PreSearch: 0.203352s
efae6 dfpn: b10
efae6 dfpn: c9
ffb06 info: 
  6c1e0f14daf8a3ec
  a  b  c  d  e  f  g  h  i  j  k  
 1\.  .  .  *  *  *  *  *  *  *  .\1
  2\.  .  *  *  *  *  *  *  *  *  .\2
   3\.  *  *  *  *  *  *  *  *  *  .\3
    4\.  *  *  *  *  *  *  *  *  *  .\4
     5\.  *  *  B  *  B  *  *  *  *  .\5
      6\.  *  *  *  *  *  *  *  *  *  .\6
       7\.  *  *  *  *  *  *  *  *  *  W\7
        8\.  *  *  *  *  *  *  *  *  .  .\8
         9\.  *  *  *  *  *  *  *  *  *  .\9
         10\B  *  *  *  *  *  *  *  W  .  .\10
          11\*  *  *  *  *  *  *  .  .  .  .\11
              a  b  c  d  e  f  g  h  i  j  k  
efae6 dfpn: g7
efae6 dfpn: e9
efae6 dfpn: b8
ffb06 info: Old: [black, a10] [white, swap-pieces] [white, i10] [black, f5] 
ffb06 info: New: [black, a10] [white, swap-pieces] [white, i10] [black, f5] [white, k7] [black, d5] 
ffb06 info: MovesPlayed: [white, k7] [black, d5] 
ffb06 info: No subtree to reuse.
ffb06 info: StartSearch()[0]
ffb06 info: 
Elapsed Time   0.36784s
Count          1
GamesPlayed    1
Nodes          1
Knowledge      0 (0.0%)
Expansions     0.0
Time           0.00
GameLen        116.0 dev=0.0 min=116.0 max=116.0
InTree         0.0 dev=0.0 min=0.0 max=0.0
KnowDepth      -
Aborted        0%
Games/s        3205.1
Score          0.00
Sequence      
ffb06 info: 
ffb06 warning: **** MoHexSearch returned empty sequence!
ffb06 warning: **** Returning random move!
ffb06 info: *** Player move: b10
efae6 info: DfpnSolver::CheckAbort(): Abort flag!
f7af6 info: 
MID calls      29
VC builds      28
Terminal       0
Work           29
Wasted Work    0 (0%)
Elapsed Time   0.391636
MIDs/sec       74.0484
VCs/sec        71.495
Cnt prune sib  0
Avg prune sib  -
Consider Size  80.6428 dev=13.3557 min=26 max=89
Move Index     -
Move Percent   -
Delta Increase 3.85714 dev=14.6549 min=1 max=80
Winner         empty
PV             b8 c8 c7

HashTableStatistics:
Stores         294
LookupAttempt  35350
LookupSuccess  2145
Collisions     0

f7af6 info: Search aborted.
72867 info: PlayAndSolve: Building VCs to avoid race condition.
72867 info: PlayAndSolve: Continuing on as usual.
f7af6 info: *** PlayerThread ***
ffb06 info: *** SolverThread ***
efae6 config: VCS: reading captured set patterns from '/home/linus/MoHex2.0/nfbranchfix/benzene-vanilla-cmake/share/vc-captured-set.txt'.
efae6 config: VCS:: parsed 2 patterns.
efae6 config: VCS: reading captured set patterns from '/home/linus/MoHex2.0/nfbranchfix/benzene-vanilla-cmake/share/vc-captured-set.txt'.
efae6 config: VCS:: parsed 2 patterns.
efae6 dfpn: 
f7af6 info: Best move cannot be determined, must search state.
f7af6 info: --- MoHexPlayer::Search() ---
f7af6 info: Color: white
f7af6 info: MaxGames: 1
f7af6 info: NumberThreads: 1
f7af6 info: MaxNodes: 9090 (799920 bytes)
efae6 dfpn: a11
f7af6 info: TimeForMove: 1
efae6 dfpn: d9
efae6 dfpn: e7
efae6 dfpn: e8
efae6 dfpn: c10
efae6 dfpn: e9
efae6 dfpn: f8
efae6 dfpn: d8
efae6 dfpn: d10
efae6 dfpn: f7
efae6 dfpn: e10
efae6 dfpn: f9
efae6 dfpn: g8
efae6 dfpn: f10
efae6 dfpn: f6
efae6 dfpn: g6
efae6 dfpn: g7
efae6 dfpn: b8
efae6 dfpn: g9
efae6 dfpn: d7
efae6 dfpn: h8
f7af6 info: PreSearch: max time reached (47/87).
f7af6 info: Time for PreSearch: 0.2039s
efae6 dfpn: h7
efae6 dfpn: c7
efae6 dfpn: c9
efae6 dfpn: b8
f7af6 info: 
  3ee36b0a766ab4f9
  a  b  c  d  e  f  g  h  i  j  k  
 1\.  .  .  *  *  *  *  *  *  *  .\1
  2\.  .  *  *  *  *  *  *  *  *  .\2
   3\.  *  *  *  *  *  *  *  *  *  .\3
    4\.  *  *  *  *  *  *  *  *  *  B\4
     5\.  *  *  B  *  B  *  *  *  *  .\5
      6\.  *  *  *  *  *  *  *  *  *  .\6
       7\.  *  *  *  *  *  *  *  *  *  W\7
        8\.  *  *  *  *  *  *  *  *  .  .\8
         9\.  .  *  *  *  *  *  *  *  *  .\9
         10\B  W  *  *  *  *  *  *  W  .  .\10
          11\.  .  *  *  *  *  *  .  .  .  .\11
              a  b  c  d  e  f  g  h  i  j  k  
f7af6 info: Old: [black, a10] [white, swap-pieces] [white, i10] [black, f5] [white, k7] [black, d5] 
f7af6 info: New: [black, a10] [white, swap-pieces] [white, i10] [black, f5] [white, k7] [black, d5] [white, b10] [black, k4] 
f7af6 info: MovesPlayed: [white, b10] [black, k4] 
f7af6 info: No subtree to reuse.
f7af6 info: StartSearch()[0]
f7af6 info: 
Elapsed Time   0.601217s
Count          1
GamesPlayed    1
Nodes          1
Knowledge      0 (0.0%)
Expansions     0.0
Time           0.00
GameLen        114.0 dev=0.0 min=114.0 max=114.0
InTree         0.0 dev=0.0 min=0.0 max=0.0
KnowDepth      -
Aborted        0%
Games/s        3333.3
Score          0.00
Sequence      
f7af6 info: 
f7af6 warning: **** MoHexSearch returned empty sequence!
f7af6 warning: **** Returning random move!
f7af6 info: *** Player move: c11
efae6 info: DfpnSolver::CheckAbort(): Abort flag!
ffb06 info: 
MID calls      52
VC builds      50
Terminal       0
Work           52
Wasted Work    0 (0%)
Elapsed Time   0.620062
MIDs/sec       83.8626
VCs/sec        80.6371
Cnt prune sib  1
Avg prune sib  2 dev=0 min=2 max=2
Consider Size  78.1 dev=8.71819 min=46 max=87
Move Index     -
Move Percent   -
Delta Increase 3.45098 dev=12.1354 min=1 max=77
Winner         empty
PV             b8 e7 d10 c10

HashTableStatistics:
Stores         421
LookupAttempt  47569
LookupSuccess  2861
Collisions     0

ffb06 info: Search aborted.
72867 info: PlayAndSolve: Building VCs to avoid race condition.
72867 info: PlayAndSolve: Continuing on as usual.
ffb06 info: *** PlayerThread ***
f7af6 info: *** SolverThread ***
efae6 config: VCS: reading captured set patterns from '/home/linus/MoHex2.0/nfbranchfix/benzene-vanilla-cmake/share/vc-captured-set.txt'.
efae6 config: VCS:: parsed 2 patterns.
efae6 config: VCS: reading captured set patterns from '/home/linus/MoHex2.0/nfbranchfix/benzene-vanilla-cmake/share/vc-captured-set.txt'.
efae6 config: VCS:: parsed 2 patterns.
efae6 dfpn: 
efae6 dfpn: a11
ffb06 info: Best move cannot be determined, must search state.
ffb06 info: --- MoHexPlayer::Search() ---
ffb06 info: Color: white
ffb06 info: MaxGames: 1
ffb06 info: NumberThreads: 1
ffb06 info: MaxNodes: 9090 (799920 bytes)
ffb06 info: TimeForMove: 1
efae6 dfpn: e10
efae6 dfpn: j6
efae6 dfpn: h10
efae6 dfpn: f10
efae6 dfpn: f9
efae6 dfpn: g10
efae6 dfpn: h9
efae6 dfpn: f8
efae6 dfpn: e7
efae6 dfpn: h7
efae6 dfpn: g6
efae6 dfpn: e9
efae6 dfpn: f7
efae6 dfpn: g9
efae6 dfpn: b8
efae6 dfpn: g7
efae6 dfpn: d11
efae6 dfpn: i7
efae6 dfpn: e8
efae6 dfpn: g8
efae6 dfpn: f6
ffb06 info: PreSearch: max time reached (50/83).
ffb06 info: Time for PreSearch: 0.202903s
efae6 dfpn: b8
ffb06 info: 
  025423b3aed4b34a
  a  b  c  d  e  f  g  h  i  j  k  
 1\.  .  .  *  *  *  *  *  *  *  .\1
  2\.  .  *  *  *  *  *  *  *  *  .\2
   3\.  *  *  *  *  *  *  *  *  *  .\3
    4\.  *  *  *  *  *  *  *  *  *  B\4
     5\.  *  *  B  *  B  *  *  *  *  .\5
      6\.  *  *  *  *  *  *  *  *  *  w\6
       7\.  *  *  *  *  *  *  *  *  .  W\7
        8\.  *  *  *  *  *  *  *  B  .  w\8
         9\.  .  *  *  *  *  *  *  *  .  .\9
         10\B  W  .  *  *  *  *  *  W  .  .\10
          11\.  .  W  *  *  *  *  .  .  .  .\11
              a  b  c  d  e  f  g  h  i  j  k  
ffb06 info: Old: [black, a10] [white, swap-pieces] [white, i10] [black, f5] [white, k7] [black, d5] [white, b10] [black, k4] 
ffb06 info: New: [black, a10] [white, swap-pieces] [white, i10] [black, f5] [white, k7] [black, d5] [white, b10] [black, k4] [white, c11] [black, i8] 
ffb06 info: MovesPlayed: [white, c11] [black, i8] 
ffb06 info: No subtree to reuse.
ffb06 info: StartSearch()[0]
ffb06 info: 
Elapsed Time   0.367712s
Count          1
GamesPlayed    1
Nodes          1
Knowledge      0 (0.0%)
Expansions     0.0
Time           0.00
GameLen        110.0 dev=0.0 min=110.0 max=110.0
InTree         0.0 dev=0.0 min=0.0 max=0.0
KnowDepth      -
Aborted        0%
Games/s        3533.6
Score          0.00
Sequence      
ffb06 info: 
ffb06 warning: **** MoHexSearch returned empty sequence!
ffb06 warning: **** Returning random move!
ffb06 info: *** Player move: b6
efae6 info: DfpnSolver::CheckAbort(): Abort flag!
f7af6 info: 
MID calls      40
VC builds      39
Terminal       0
Work           40
Wasted Work    0 (0%)
Elapsed Time   0.392401
MIDs/sec       101.937
VCs/sec        99.3881
Cnt prune sib  2
Avg prune sib  1.5 dev=0.5 min=1 max=2
Consider Size  76.8205 dev=2.84538 min=70 max=83
Move Index     -
Move Percent   -
Delta Increase 2.94872 dev=11.2294 min=1 max=72
Winner         empty
PV             b8 d8 e10

HashTableStatistics:
Stores         523
LookupAttempt  57754
LookupSuccess  3464
Collisions     0

f7af6 info: Search aborted.
72867 info: PlayAndSolve: Building VCs to avoid race condition.
72867 info: PlayAndSolve: Continuing on as usual.
f7af6 info: *** PlayerThread ***
ffb06 info: *** SolverThread ***
efae6 config: VCS: reading captured set patterns from '/home/linus/MoHex2.0/nfbranchfix/benzene-vanilla-cmake/share/vc-captured-set.txt'.
efae6 config: VCS:: parsed 2 patterns.
efae6 config: VCS: reading captured set patterns from '/home/linus/MoHex2.0/nfbranchfix/benzene-vanilla-cmake/share/vc-captured-set.txt'.
efae6 config: VCS:: parsed 2 patterns.
efae6 dfpn: 
f7af6 info: Best move cannot be determined, must search state.
f7af6 info: --- MoHexPlayer::Search() ---
f7af6 info: Color: white
f7af6 info: MaxGames: 1
f7af6 info: NumberThreads: 1
f7af6 info: MaxNodes: 9090 (799920 bytes)
f7af6 info: TimeForMove: 1
efae6 dfpn: e10
efae6 dfpn: h10
efae6 dfpn: a11
efae6 dfpn: j6
efae6 dfpn: f10
efae6 dfpn: e7
efae6 dfpn: f9
efae6 dfpn: g10
efae6 dfpn: h9
efae6 dfpn: f8
efae6 dfpn: e9
efae6 dfpn: g6
efae6 dfpn: h7
efae6 dfpn: e8
efae6 dfpn: f7
efae6 dfpn: g9
efae6 dfpn: g7
efae6 dfpn: c8
efae6 dfpn: d11
f7af6 info: PreSearch: max time reached (64/78).
f7af6 info: Time for PreSearch: 0.201203s
efae6 dfpn: d8
efae6 dfpn: i7
f7af6 info: 
  0900f87ba2e02efd
  a  b  c  d  e  f  g  h  i  j  k  
 1\.  .  *  *  *  *  *  *  *  *  .\1
  2\.  *  *  *  *  *  *  *  *  *  .\2
   3\.  .  *  *  *  *  *  *  *  *  .\3
    4\w  .  B  *  *  *  *  *  *  *  B\4
     5\w  w  .  B  *  B  *  *  *  *  .\5
      6\w  W  .  *  *  *  *  *  *  *  w\6
       7\w  .  *  *  *  *  *  *  *  .  W\7
        8\w  .  *  *  *  *  *  *  B  .  w\8
         9\.  .  *  *  *  *  *  *  *  .  .\9
         10\B  W  .  *  *  *  *  *  W  .  .\10
          11\.  .  W  *  *  *  *  .  .  .  .\11
              a  b  c  d  e  f  g  h  i  j  k  
efae6 dfpn: c8
f7af6 info: Old: [black, a10] [white, swap-pieces] [white, i10] [black, f5] [white, k7] [black, d5] [white, b10] [black, k4] [white, c11] [black, i8] 
f7af6 info: New: [black, a10] [white, swap-pieces] [white, i10] [black, f5] [white, k7] [black, d5] [white, b10] [black, k4] [white, c11] [black, i8] [white, b6] [black, c4] 
f7af6 info: MovesPlayed: [white, b6] [black, c4] 
f7af6 info: No subtree to reuse.
f7af6 info: StartSearch()[0]
f7af6 info: 
Elapsed Time   0.355536s
Count          1
GamesPlayed    1
Nodes          1
Knowledge      0 (0.0%)
Expansions     0.0
Time           0.00
GameLen        102.0 dev=0.0 min=102.0 max=102.0
InTree         0.0 dev=0.0 min=0.0 max=0.0
KnowDepth      -
Aborted        0%
Games/s        3184.7
Score          0.00
Sequence      
f7af6 info: 
f7af6 warning: **** MoHexSearch returned empty sequence!
f7af6 warning: **** Returning random move!
f7af6 info: *** Player move: h11
efae6 info: DfpnSolver::CheckAbort(): Abort flag!
ffb06 info: 
MID calls      32
VC builds      31
Terminal       0
Work           32
Wasted Work    0 (0%)
Elapsed Time   0.373335
MIDs/sec       85.7139
VCs/sec        83.0353
Cnt prune sib  1
Avg prune sib  1 dev=0 min=1 max=1
Consider Size  67.6129 dev=4.44805 min=58 max=78
Move Index     -
Move Percent   -
Delta Increase 3.03226 dev=10.95 min=1 max=63
Winner         empty
PV             c8 f7 e10

HashTableStatistics:
Stores         608
LookupAttempt  66326
LookupSuccess  4027
Collisions     0

ffb06 info: Search aborted.
72867 info: PlayAndSolve: Building VCs to avoid race condition.
72867 info: PlayAndSolve: Continuing on as usual.
ffb06 info: *** PlayerThread ***
f7af6 info: *** SolverThread ***
efae6 config: VCS: reading captured set patterns from '/home/linus/MoHex2.0/nfbranchfix/benzene-vanilla-cmake/share/vc-captured-set.txt'.
efae6 config: VCS:: parsed 2 patterns.
efae6 config: VCS: reading captured set patterns from '/home/linus/MoHex2.0/nfbranchfix/benzene-vanilla-cmake/share/vc-captured-set.txt'.
efae6 config: VCS:: parsed 2 patterns.
efae6 dfpn: 
ffb06 info: Best move cannot be determined, must search state.
ffb06 info: --- MoHexPlayer::Search() ---
ffb06 info: Color: white
ffb06 info: MaxGames: 1
ffb06 info: NumberThreads: 1
ffb06 info: MaxNodes: 9090 (799920 bytes)
ffb06 info: TimeForMove: 1
efae6 dfpn: e10
efae6 dfpn: g10
efae6 dfpn: a11
efae6 dfpn: f10
efae6 dfpn: f9
efae6 dfpn: e7
efae6 dfpn: j6
efae6 dfpn: e9
efae6 dfpn: d11
efae6 dfpn: g9
efae6 dfpn: f8
efae6 dfpn: c8
efae6 dfpn: e8
efae6 dfpn: g6
efae6 dfpn: e11
efae6 dfpn: d8
efae6 dfpn: f7
efae6 dfpn: b9
efae6 dfpn: f11
efae6 dfpn: g10
ffb06 info: PreSearch: max time reached (61/70).
ffb06 info: Time for PreSearch: 0.202923s
ffb06 info: 
  2e30c033f72d3a27
  a  b  c  d  e  f  g  h  i  j  k  
 1\b  b  b  b  .  *  *  *  *  *  .\1
  2\b  B  .  *  *  *  *  *  *  *  .\2
   3\w  .  *  *  *  *  *  *  *  *  .\3
    4\w  .  B  *  *  *  *  *  *  *  B\4
     5\w  w  .  B  *  B  *  *  *  *  .\5
      6\w  W  .  *  *  *  *  *  *  *  w\6
       7\w  .  *  *  *  *  *  *  *  .  W\7
        8\w  .  *  *  *  *  *  *  B  .  w\8
         9\.  .  *  *  *  *  *  *  *  .  .\9
         10\B  W  .  *  *  *  *  .  W  .  .\10
          11\.  .  W  *  *  *  .  W  .  .  .\11
              a  b  c  d  e  f  g  h  i  j  k  
ffb06 info: Old: [black, a10] [white, swap-pieces] [white, i10] [black, f5] [white, k7] [black, d5] [white, b10] [black, k4] [white, c11] [black, i8] [white, b6] [black, c4] 
ffb06 info: New: [black, a10] [white, swap-pieces] [white, i10] [black, f5] [white, k7] [black, d5] [white, b10] [black, k4] [white, c11] [black, i8] [white, b6] [black, c4] [white, h11] [black, b2] 
ffb06 info: MovesPlayed: [white, h11] [black, b2] 
ffb06 info: No subtree to reuse.
ffb06 info: StartSearch()[0]
ffb06 info: 
Elapsed Time   0.356432s
Count          1
GamesPlayed    1
Nodes          1
Knowledge      0 (0.0%)
Expansions     0.0
Time           0.00
GameLen        94.0 dev=0.0 min=94.0 max=94.0
InTree         0.0 dev=0.0 min=0.0 max=0.0
KnowDepth      -
Aborted        0%
Games/s        3246.8
Score          0.00
Sequence      
ffb06 info: 
ffb06 warning: **** MoHexSearch returned empty sequence!
ffb06 warning: **** Returning random move!
ffb06 info: *** Player move: g8
efae6 info: DfpnSolver::CheckAbort(): Abort flag!
f7af6 info: 
MID calls      40
VC builds      38
Terminal       0
Work           40
Wasted Work    0 (0%)
Elapsed Time   0.368457
MIDs/sec       108.561
VCs/sec        103.133
Cnt prune sib  2
Avg prune sib  1.5 dev=0.5 min=1 max=2
Consider Size  61.9474 dev=9.51441 min=5 max=70
Move Index     -
Move Percent   -
Delta Increase 4.07692 dev=13.1195 min=1 max=61
Winner         empty
PV             g10 f9 e11 d11

HashTableStatistics:
Stores         706
LookupAttempt  74039
LookupSuccess  4506
Collisions     0

f7af6 info: Search aborted.
72867 info: PlayAndSolve: Building VCs to avoid race condition.
72867 info: PlayAndSolve: Continuing on as usual.
f7af6 info: *** PlayerThread ***
ffb06 info: *** SolverThread ***
efae6 config: VCS: reading captured set patterns from '/home/linus/MoHex2.0/nfbranchfix/benzene-vanilla-cmake/share/vc-captured-set.txt'.
efae6 config: VCS:: parsed 2 patterns.
efae6 config: VCS: reading captured set patterns from '/home/linus/MoHex2.0/nfbranchfix/benzene-vanilla-cmake/share/vc-captured-set.txt'.
efae6 config: VCS:: parsed 2 patterns.
efae6 dfpn: 
efae6 dfpn: e10
f7af6 info: Best move cannot be determined, must search state.
f7af6 info: --- MoHexPlayer::Search() ---
f7af6 info: Color: white
f7af6 info: MaxGames: 1
f7af6 info: NumberThreads: 1
f7af6 info: MaxNodes: 9090 (799920 bytes)
f7af6 info: TimeForMove: 1
efae6 dfpn: e9
efae6 dfpn: h7
efae6 dfpn: f8
efae6 dfpn: a11
efae6 dfpn: f9
efae6 dfpn: f10
efae6 dfpn: j6
efae6 dfpn: d11
efae6 dfpn: g10
efae6 dfpn: h9
efae6 dfpn: e8
efae6 dfpn: i7
efae6 dfpn: d10
efae6 dfpn: b9
f7af6 info: PreSearch: max time reached (52/68).
f7af6 info: Time for PreSearch: 0.201676s
efae6 dfpn: g9
f7af6 info: 
  d0b35034974d7439
  a  b  c  d  e  f  g  h  i  j  k  
 1\b  b  b  b  .  *  *  *  *  *  .\1
  2\b  B  .  *  *  *  *  *  *  *  .\2
   3\w  .  *  *  *  *  *  *  *  *  .\3
    4\w  .  B  *  *  *  *  *  *  *  B\4
     5\w  w  .  B  *  B  *  *  *  *  .\5
      6\w  W  .  *  *  *  B  *  *  *  w\6
       7\w  .  *  *  *  *  *  *  *  .  W\7
        8\w  .  *  *  *  *  W  *  B  .  w\8
         9\.  .  *  *  *  *  *  *  *  .  .\9
         10\B  W  .  *  *  *  *  .  W  .  .\10
          11\.  .  W  *  *  *  .  W  .  .  .\11
              a  b  c  d  e  f  g  h  i  j  k  
efae6 dfpn: d9
efae6 dfpn: c8
efae6 dfpn: f7
efae6 dfpn: e9
f7af6 info: Old: [black, a10] [white, swap-pieces] [white, i10] [black, f5] [white, k7] [black, d5] [white, b10] [black, k4] [white, c11] [black, i8] [white, b6] [black, c4] [white, h11] [black, b2] 
f7af6 info: New: [black, a10] [white, swap-pieces] [white, i10] [black, f5] [white, k7] [black, d5] [white, b10] [black, k4] [white, c11] [black, i8] [white, b6] [black, c4] [white, h11] [black, b2] [white, g8] [black, g6] 
f7af6 info: MovesPlayed: [white, g8] [black, g6] 
f7af6 info: No subtree to reuse.
f7af6 info: StartSearch()[0]
f7af6 info: 
Elapsed Time   0.356685s
Count          1
GamesPlayed    1
Nodes          1
Knowledge      0 (0.0%)
Expansions     0.0
Time           0.00
GameLen        92.0 dev=0.0 min=92.0 max=92.0
InTree         0.0 dev=0.0 min=0.0 max=0.0
KnowDepth      -
Aborted        0%
Games/s        3194.9
Score          0.00
Sequence      
f7af6 info: 
f7af6 warning: **** MoHexSearch returned empty sequence!
f7af6 warning: **** Returning random move!
f7af6 info: *** Player move: j4
efae6 info: DfpnSolver::CheckAbort(): Abort flag!
ffb06 info: 
MID calls      27
VC builds      25
Terminal       0
Work           27
Wasted Work    0 (0%)
Elapsed Time   0.383796
MIDs/sec       70.3499
VCs/sec        65.1388
Cnt prune sib  2
Avg prune sib  1.5 dev=0.5 min=1 max=2
Consider Size  22.44 dev=21.1151 min=1 max=68
Move Index     -
Move Percent   -
Delta Increase 4.6 dev=12.7468 min=1 max=63
Winner         empty
PV             e9 a11 b9 b8

HashTableStatistics:
Stores         778
LookupAttempt  79732
LookupSuccess  4966
Collisions     0

ffb06 info: Search aborted.
72867 info: PlayAndSolve: Building VCs to avoid race condition.
72867 info: PlayAndSolve: Continuing on as usual.
ffb06 info: *** PlayerThread ***
f7af6 info: *** SolverThread ***
efae6 config: VCS: reading captured set patterns from '/home/linus/MoHex2.0/nfbranchfix/benzene-vanilla-cmake/share/vc-captured-set.txt'.
efae6 config: VCS:: parsed 2 patterns.
efae6 config: VCS: reading captured set patterns from '/home/linus/MoHex2.0/nfbranchfix/benzene-vanilla-cmake/share/vc-captured-set.txt'.
efae6 config: VCS:: parsed 2 patterns.
efae6 dfpn: 
ffb06 info: Best move cannot be determined, must search state.
ffb06 info: --- MoHexPlayer::Search() ---
ffb06 info: Color: white
ffb06 info: MaxGames: 1
ffb06 info: NumberThreads: 1
ffb06 info: MaxNodes: 9090 (799920 bytes)
ffb06 info: TimeForMove: 1
efae6 dfpn: e10
efae6 dfpn: e9
efae6 dfpn: h9
efae6 dfpn: g10
efae6 dfpn: f8
efae6 dfpn: h7
efae6 dfpn: a11
efae6 dfpn: f10
efae6 dfpn: f9
efae6 dfpn: d11
efae6 dfpn: e8
efae6 dfpn: g9
efae6 dfpn: d10
efae6 dfpn: b9
efae6 dfpn: c8
efae6 dfpn: e11
ffb06 info: PreSearch: max time reached (57/66).
ffb06 info: Time for PreSearch: 0.201433s
efae6 dfpn: d9
ffb06 info: 
  cfbcacb744bf87ed
  a  b  c  d  e  f  g  h  i  j  k  
 1\b  b  b  b  .  *  *  *  *  *  .\1
  2\b  B  .  *  *  *  *  *  *  *  .\2
   3\w  .  *  *  *  *  *  *  *  .  .\3
    4\w  .  B  *  *  *  *  *  *  W  B\4
     5\w  w  .  B  *  B  *  *  *  .  .\5
      6\w  W  .  *  *  *  B  *  *  *  .\6
       7\w  .  *  *  *  *  *  *  *  B  W\7
        8\w  .  *  *  *  *  W  *  B  .  w\8
         9\.  .  *  *  *  *  *  *  *  .  .\9
         10\B  W  .  *  *  *  *  .  W  .  .\10
          11\.  .  W  *  *  *  .  W  .  .  .\11
              a  b  c  d  e  f  g  h  i  j  k  
efae6 dfpn: f11
efae6 dfpn: h9
ffb06 info: Old: [black, a10] [white, swap-pieces] [white, i10] [black, f5] [white, k7] [black, d5] [white, b10] [black, k4] [white, c11] [black, i8] [white, b6] [black, c4] [white, h11] [black, b2] [white, g8] [black, g6] 
ffb06 info: New: [black, a10] [white, swap-pieces] [white, i10] [black, f5] [white, k7] [black, d5] [white, b10] [black, k4] [white, c11] [black, i8] [white, b6] [black, c4] [white, h11] [black, b2] [white, g8] [black, g6] [white, j4] [black, j7] 
ffb06 info: MovesPlayed: [white, j4] [black, j7] 
ffb06 info: No subtree to reuse.
ffb06 info: StartSearch()[0]
ffb06 info: 
Elapsed Time   0.350732s
Count          1
GamesPlayed    1
Nodes          1
Knowledge      0 (0.0%)
Expansions     0.0
Time           0.00
GameLen        91.0 dev=0.0 min=91.0 max=91.0
InTree         0.0 dev=0.0 min=0.0 max=0.0
KnowDepth      -
Aborted        0%
Games/s        3891.1
Score          1.00
Sequence      
ffb06 info: 
ffb06 warning: **** MoHexSearch returned empty sequence!
ffb06 warning: **** Returning random move!
ffb06 info: *** Player move: g7
efae6 info: DfpnSolver::CheckAbort(): Abort flag!
f7af6 info: 
MID calls      30
VC builds      28
Terminal       0
Work           30
Wasted Work    0 (0%)
Elapsed Time   0.375919
MIDs/sec       79.8044
VCs/sec        74.4841
Cnt prune sib  2
Avg prune sib  1.5 dev=0.5 min=1 max=2
Consider Size  37.8214 dev=23.3499 min=3 max=66
Move Index     -
Move Percent   -
Delta Increase 3.62069 dev=8.20182 min=1 max=40
Winner         empty
PV             h9 f9 f10 e10

HashTableStatistics:
Stores         855
LookupAttempt  85489
LookupSuccess  5388
Collisions     0

f7af6 info: Search aborted.
72867 info: PlayAndSolve: Building VCs to avoid race condition.
72867 info: PlayAndSolve: Continuing on as usual.
f7af6 info: *** PlayerThread ***
ffb06 info: *** SolverThread ***
efae6 config: VCS: reading captured set patterns from '/home/linus/MoHex2.0/nfbranchfix/benzene-vanilla-cmake/share/vc-captured-set.txt'.
efae6 config: VCS:: parsed 2 patterns.
efae6 config: VCS: reading captured set patterns from '/home/linus/MoHex2.0/nfbranchfix/benzene-vanilla-cmake/share/vc-captured-set.txt'.
efae6 config: VCS:: parsed 2 patterns.
efae6 dfpn: 
f7af6 info: Best move cannot be determined, must search state.
f7af6 info: --- MoHexPlayer::Search() ---
f7af6 info: Color: white
f7af6 info: MaxGames: 1
f7af6 info: NumberThreads: 1
f7af6 info: MaxNodes: 9090 (799920 bytes)
f7af6 info: TimeForMove: 1
efae6 dfpn: e10
efae6 dfpn: e9
f7af6 info: Winning sequence found before UCT search!
f7af6 info: Sequence: d9
f7af6 info: *** Player move: d9
efae6 info: DfpnSolver::CheckAbort(): Abort flag!
ffb06 info: 
MID calls      3
VC builds      3
Terminal       0
Work           3
Wasted Work    0 (0%)
Elapsed Time   0.051102
MIDs/sec       58.7061
VCs/sec        58.7061
Cnt prune sib  0
Avg prune sib  -
Consider Size  28.3333 dev=25.3026 min=8 max=64
Move Index     -
Move Percent   -
Delta Increase 1 dev=0 min=1 max=1
Winner         empty
PV             e9 a11

HashTableStatistics:
Stores         864
LookupAttempt  86226
LookupSuccess  5406
Collisions     0

ffb06 info: Search aborted.
72867 info: PlayAndSolve: Building VCs to avoid race condition.
72867 info: PlayAndSolve: Continuing on as usual.
ffb06 info: *** PlayerThread ***
f7af6 info: *** SolverThread ***
efae6 config: VCS: reading captured set patterns from '/home/linus/MoHex2.0/nfbranchfix/benzene-vanilla-cmake/share/vc-captured-set.txt'.
efae6 config: VCS:: parsed 2 patterns.
efae6 config: VCS: reading captured set patterns from '/home/linus/MoHex2.0/nfbranchfix/benzene-vanilla-cmake/share/vc-captured-set.txt'.
efae6 config: VCS:: parsed 2 patterns.
efae6 dfpn: 
f7af6 info: 
MID calls      0
VC builds      1
Terminal       1
Work           1
Wasted Work    0 (0%)
Elapsed Time   0.017152
MIDs/sec       0
VCs/sec        58.3022
Cnt prune sib  0
Avg prune sib  -
Consider Size  -
Move Index     -
Move Percent   -
Delta Increase -
Winner         white
PV             

HashTableStatistics:
Stores         865
LookupAttempt  86232
LookupSuccess  5409
Collisions     0

ffb06 info: Winning SC.
ffb06 info: *** Player move: h9
72867 info: PlayAndSolve: Building VCs to avoid race condition.
72867 info: PlayAndSolve: Continuing on as usual.
f7af6 info: *** PlayerThread ***
ffb06 info: *** SolverThread ***
efae6 config: VCS: reading captured set patterns from '/home/linus/MoHex2.0/nfbranchfix/benzene-vanilla-cmake/share/vc-captured-set.txt'.
efae6 config: VCS:: parsed 2 patterns.
efae6 config: VCS: reading captured set patterns from '/home/linus/MoHex2.0/nfbranchfix/benzene-vanilla-cmake/share/vc-captured-set.txt'.
efae6 config: VCS:: parsed 2 patterns.
efae6 dfpn: 
f7af6 info: Winning SC.
f7af6 info: *** Player move: i9
ffb06 info: 
MID calls      0
VC builds      1
Terminal       1
Work           1
Wasted Work    0 (0%)
Elapsed Time   0.019867
MIDs/sec       0
VCs/sec        50.3347
Cnt prune sib  0
Avg prune sib  -
Consider Size  -
Move Index     -
Move Percent   -
Delta Increase -
Winner         white
PV             

HashTableStatistics:
Stores         866
LookupAttempt  86238
LookupSuccess  5412
Collisions     0

72867 info: PlayAndSolve: Building VCs to avoid race condition.
72867 info: PlayAndSolve: Continuing on as usual.
f7af6 info: *** SolverThread ***
ffb06 info: *** PlayerThread ***
efae6 config: VCS: reading captured set patterns from '/home/linus/MoHex2.0/nfbranchfix/benzene-vanilla-cmake/share/vc-captured-set.txt'.
efae6 config: VCS:: parsed 2 patterns.
efae6 config: VCS: reading captured set patterns from '/home/linus/MoHex2.0/nfbranchfix/benzene-vanilla-cmake/share/vc-captured-set.txt'.
efae6 config: VCS:: parsed 2 patterns.
efae6 dfpn: 
ffb06 info: Winning SC.
ffb06 info: *** Player move: a11
f7af6 info: 
MID calls      0
VC builds      1
Terminal       1
Work           1
Wasted Work    0 (0%)
Elapsed Time   0.024564
MIDs/sec       0
VCs/sec        40.71
Cnt prune sib  0
Avg prune sib  -
Consider Size  -
Move Index     -
Move Percent   -
Delta Increase -
Winner         white
PV             

HashTableStatistics:
Stores         867
LookupAttempt  86244
LookupSuccess  5415
Collisions     0

72867 info: PlayAndSolve: Building VCs to avoid race condition.
72867 info: PlayAndSolve: Continuing on as usual.
ffb06 info: *** SolverThread ***
f7af6 info: *** PlayerThread ***
efae6 config: VCS: reading captured set patterns from '/home/linus/MoHex2.0/nfbranchfix/benzene-vanilla-cmake/share/vc-captured-set.txt'.
efae6 config: VCS:: parsed 2 patterns.
efae6 config: VCS: reading captured set patterns from '/home/linus/MoHex2.0/nfbranchfix/benzene-vanilla-cmake/share/vc-captured-set.txt'.
efae6 config: VCS:: parsed 2 patterns.
efae6 dfpn: 
f7af6 info: Winning SC.
f7af6 info: *** Player move: j10
ffb06 info: 
MID calls      0
VC builds      1
Terminal       1
Work           1
Wasted Work    0 (0%)
Elapsed Time   0.020815
MIDs/sec       0
VCs/sec        48.0423
Cnt prune sib  0
Avg prune sib  -
Consider Size  -
Move Index     -
Move Percent   -
Delta Increase -
Winner         white
PV             

HashTableStatistics:
Stores         868
LookupAttempt  86250
LookupSuccess  5418
Collisions     0

72867 info: PlayAndSolve: Building VCs to avoid race condition.
72867 info: PlayAndSolve: Continuing on as usual.
f7af6 info: *** SolverThread ***
ffb06 info: *** PlayerThread ***
efae6 config: VCS: reading captured set patterns from '/home/linus/MoHex2.0/nfbranchfix/benzene-vanilla-cmake/share/vc-captured-set.txt'.
efae6 config: VCS:: parsed 2 patterns.
efae6 config: VCS: reading captured set patterns from '/home/linus/MoHex2.0/nfbranchfix/benzene-vanilla-cmake/share/vc-captured-set.txt'.
efae6 config: VCS:: parsed 2 patterns.
efae6 dfpn: 
ffb06 info: Winning SC.
ffb06 info: *** Player move: h8
f7af6 info: 
MID calls      0
VC builds      1
Terminal       1
Work           1
Wasted Work    0 (0%)
Elapsed Time   0.017625
MIDs/sec       0
VCs/sec        56.7376
Cnt prune sib  0
Avg prune sib  -
Consider Size  -
Move Index     -
Move Percent   -
Delta Increase -
Winner         white
PV             

HashTableStatistics:
Stores         869
LookupAttempt  86256
LookupSuccess  5421
Collisions     0

72867 info: PlayAndSolve: Building VCs to avoid race condition.
72867 info: PlayAndSolve: Continuing on as usual.
f7af6 info: *** PlayerThread ***
ffb06 info: *** SolverThread ***
efae6 config: VCS: reading captured set patterns from '/home/linus/MoHex2.0/nfbranchfix/benzene-vanilla-cmake/share/vc-captured-set.txt'.
efae6 config: VCS:: parsed 2 patterns.
efae6 config: VCS: reading captured set patterns from '/home/linus/MoHex2.0/nfbranchfix/benzene-vanilla-cmake/share/vc-captured-set.txt'.
efae6 config: VCS:: parsed 2 patterns.
efae6 dfpn: 
f7af6 info: Winning SC.
f7af6 info: *** Player move: d10
ffb06 info: 
MID calls      0
VC builds      1
Terminal       1
Work           1
Wasted Work    0 (0%)
Elapsed Time   0.020209
MIDs/sec       0
VCs/sec        49.4829
Cnt prune sib  0
Avg prune sib  -
Consider Size  -
Move Index     -
Move Percent   -
Delta Increase -
Winner         white
PV             

HashTableStatistics:
Stores         870
LookupAttempt  86262
LookupSuccess  5424
Collisions     0

72867 info: PlayAndSolve: Building VCs to avoid race condition.
72867 info: PlayAndSolve: Continuing on as usual.
f7af6 info: *** SolverThread ***
ffb06 info: *** PlayerThread ***
efae6 config: VCS: reading captured set patterns from '/home/linus/MoHex2.0/nfbranchfix/benzene-vanilla-cmake/share/vc-captured-set.txt'.
efae6 config: VCS:: parsed 2 patterns.
efae6 config: VCS: reading captured set patterns from '/home/linus/MoHex2.0/nfbranchfix/benzene-vanilla-cmake/share/vc-captured-set.txt'.
efae6 config: VCS:: parsed 2 patterns.
efae6 dfpn: 
ffb06 info: Winning SC.
ffb06 info: *** Player move: b11
f7af6 info: 
MID calls      0
VC builds      1
Terminal       1
Work           1
Wasted Work    0 (0%)
Elapsed Time   0.01864
MIDs/sec       0
VCs/sec        53.6481
Cnt prune sib  0
Avg prune sib  -
Consider Size  -
Move Index     -
Move Percent   -
Delta Increase -
Winner         white
PV             

HashTableStatistics:
Stores         871
LookupAttempt  86268
LookupSuccess  5427
Collisions     0

72867 info: PlayAndSolve: Building VCs to avoid race condition.
72867 info: PlayAndSolve: Continuing on as usual.
ffb06 info: *** SolverThread ***
f7af6 info: *** PlayerThread ***
efae6 config: VCS: reading captured set patterns from '/home/linus/MoHex2.0/nfbranchfix/benzene-vanilla-cmake/share/vc-captured-set.txt'.
efae6 config: VCS:: parsed 2 patterns.
efae6 config: VCS: reading captured set patterns from '/home/linus/MoHex2.0/nfbranchfix/benzene-vanilla-cmake/share/vc-captured-set.txt'.
efae6 config: VCS:: parsed 2 patterns.
efae6 dfpn: 
ffb06 info: 
MID calls      0
VC builds      1
Terminal       1
Work           1
Wasted Work    0 (0%)
Elapsed Time   0.01914
MIDs/sec       0
VCs/sec        52.2466
Cnt prune sib  0
Avg prune sib  -
Consider Size  -
Move Index     -
Move Percent   -
Delta Increase -
Winner         white
PV             

HashTableStatistics:
Stores         872
LookupAttempt  86274
LookupSuccess  5430
Collisions     0

f7af6 info: Winning SC.
f7af6 info: *** Player move: f9
72867 info: PlayAndSolve: Building VCs to avoid race condition.
72867 info: PlayAndSolve: Continuing on as usual.
ffb06 info: *** PlayerThread ***
f7af6 info: *** SolverThread ***
efae6 config: VCS: reading captured set patterns from '/home/linus/MoHex2.0/nfbranchfix/benzene-vanilla-cmake/share/vc-captured-set.txt'.
efae6 config: VCS:: parsed 2 patterns.
efae6 config: VCS: reading captured set patterns from '/home/linus/MoHex2.0/nfbranchfix/benzene-vanilla-cmake/share/vc-captured-set.txt'.
efae6 config: VCS:: parsed 2 patterns.
efae6 dfpn: 
f7af6 info: 
MID calls      0
VC builds      1
Terminal       1
Work           1
Wasted Work    0 (0%)
Elapsed Time   0.016791
MIDs/sec       0
VCs/sec        59.5557
Cnt prune sib  0
Avg prune sib  -
Consider Size  -
Move Index     -
Move Percent   -
Delta Increase -
Winner         white
PV             

HashTableStatistics:
Stores         873
LookupAttempt  86280
LookupSuccess  5433
Collisions     0

ffb06 info: Winning SC.
ffb06 info: *** Player move: e9
72867 info: PlayAndSolve: Building VCs to avoid race condition.
72867 info: PlayAndSolve: Continuing on as usual.
f7af6 info: *** PlayerThread ***
ffb06 info: *** SolverThread ***
efae6 config: VCS: reading captured set patterns from '/home/linus/MoHex2.0/nfbranchfix/benzene-vanilla-cmake/share/vc-captured-set.txt'.
efae6 config: VCS:: parsed 2 patterns.
efae6 config: VCS: reading captured set patterns from '/home/linus/MoHex2.0/nfbranchfix/benzene-vanilla-cmake/share/vc-captured-set.txt'.
efae6 config: VCS:: parsed 2 patterns.
efae6 dfpn: 
ffb06 info: 
MID calls      0
VC builds      1
Terminal       1
Work           1
Wasted Work    0 (0%)
Elapsed Time   0.015752
MIDs/sec       0
VCs/sec        63.484
Cnt prune sib  0
Avg prune sib  -
Consider Size  -
Move Index     -
Move Percent   -
Delta Increase -
Winner         white
PV             

HashTableStatistics:
Stores         874
LookupAttempt  86286
LookupSuccess  5436
Collisions     0

f7af6 info: Winning SC.
f7af6 info: *** Player move: k9
72867 config: ============ BenzeneShutdown =============
72867 config: MoHexProgram:: ShutdownSystem()
72867 config: CommonProgram:: ShutdownSystem()
72867 config: BenzeneProgram:: ShutdownSystem()
Flushing and closing this stream...
