eaa37 config: MoHex v2.0.CMake Mar 21 2025.
eaa37 config: ============ InitializeSystem ============
eaa37 config: BenzeneProgram::InitRandom()
eaa37 config: Seed = 511963
eaa37 info: Prior Patterns:
eaa37 info: Global:
eaa37 info: Size            = 565 32648 
eaa37 info: TableEntries    = 65932 65910
eaa37 info: MirrorsAdded    = 0 0
eaa37 info: PrunableCount   = 30593 30629
eaa37 info: LargestGamma    = 5820.77
eaa37 info: SmallestGamma   = 6.6e-05
eaa37 info: Local:
eaa37 info: Size            = 550 5318 
eaa37 info: TableEntries    = 11602 11588
eaa37 info: MirrorsAdded    = 0 0
eaa37 info: PrunableCount   = 3659 3667
eaa37 info: LargestGamma    = 11281.8
eaa37 info: SmallestGamma   = 0.026235
eaa37 info: Playout Patterns:
eaa37 info: Global:
eaa37 info: Size            = 565 32648 
eaa37 info: TableEntries    = 70329 70329
eaa37 info: MirrorsAdded    = 4397 4419
eaa37 info: PrunableCount   = 30593 30629
eaa37 info: LargestGamma    = 5820.77
eaa37 info: SmallestGamma   = 6.6e-05
eaa37 info: Local:
eaa37 info: Size            = 550 5318 
eaa37 info: TableEntries    = 11602 11588
eaa37 info: MirrorsAdded    = 0 0
eaa37 info: PrunableCount   = 3659 3667
eaa37 info: LargestGamma    = 11281.8
eaa37 info: SmallestGamma   = 0.026235
eaa37 config: IcePatternSet: reading from '/home/linus/MoHex2.0/nfbranchfix/benzene-vanilla-cmake/share/ice-patterns.txt'.
eaa37 config: IcePatternSet: parsed 708 patterns.
eaa37 config: VCS: reading captured set patterns from '/home/linus/MoHex2.0/nfbranchfix/benzene-vanilla-cmake/share/vc-captured-set.txt'.
eaa37 config: VCS:: parsed 2 patterns.
eaa37 config: VCS: reading captured set patterns from '/home/linus/MoHex2.0/nfbranchfix/benzene-vanilla-cmake/share/vc-captured-set.txt'.
eaa37 config: VCS:: parsed 2 patterns.
eaa37 config: IcePatternSet: reading from '/home/linus/MoHex2.0/nfbranchfix/benzene-vanilla-cmake/share/ice-patterns.txt'.
eaa37 config: IcePatternSet: parsed 708 patterns.
eaa37 config: VCS: reading captured set patterns from '/home/linus/MoHex2.0/nfbranchfix/benzene-vanilla-cmake/share/vc-captured-set.txt'.
eaa37 config: VCS:: parsed 2 patterns.
eaa37 config: VCS: reading captured set patterns from '/home/linus/MoHex2.0/nfbranchfix/benzene-vanilla-cmake/share/vc-captured-set.txt'.
eaa37 config: VCS:: parsed 2 patterns.
eaa37 config: VCS: reading captured set patterns from '/home/linus/MoHex2.0/nfbranchfix/benzene-vanilla-cmake/share/vc-captured-set.txt'.
eaa37 config: VCS:: parsed 2 patterns.
eaa37 config: VCS: reading captured set patterns from '/home/linus/MoHex2.0/nfbranchfix/benzene-vanilla-cmake/share/vc-captured-set.txt'.
eaa37 config: VCS:: parsed 2 patterns.
eaa37 config: VCS: reading captured set patterns from '/home/linus/MoHex2.0/nfbranchfix/benzene-vanilla-cmake/share/vc-captured-set.txt'.
eaa37 config: VCS:: parsed 2 patterns.
eaa37 config: VCS: reading captured set patterns from '/home/linus/MoHex2.0/nfbranchfix/benzene-vanilla-cmake/share/vc-captured-set.txt'.
eaa37 config: VCS:: parsed 2 patterns.
eaa37 info: SwapCheck: reading from '/home/linus/MoHex2.0/nfbranchfix/benzene-vanilla-cmake/share/swap-moves.txt'.
eaa37 info: SwapCheck: playing swap.
eaa37 info: PlayAndSolve: Building VCs to avoid race condition.
eaa37 config: VCPattern: loading pattern templates from '/home/linus/MoHex2.0/nfbranchfix/benzene-vanilla-cmake/share/vc-patterns.txt'.
eaa37 info: PlayAndSolve: Continuing on as usual.
77cd6 info: *** PlayerThread ***
6fcc6 info: *** SolverThread ***
67cb6 config: VCS: reading captured set patterns from '/home/linus/MoHex2.0/nfbranchfix/benzene-vanilla-cmake/share/vc-captured-set.txt'.
67cb6 config: VCS:: parsed 2 patterns.
67cb6 config: VCS: reading captured set patterns from '/home/linus/MoHex2.0/nfbranchfix/benzene-vanilla-cmake/share/vc-captured-set.txt'.
67cb6 config: VCS:: parsed 2 patterns.
67cb6 dfpn: 
77cd6 info: Best move cannot be determined, must search state.
77cd6 info: --- MoHexPlayer::Search() ---
77cd6 info: Color: black
77cd6 info: MaxGames: 1
77cd6 info: NumberThreads: 1
77cd6 info: MaxNodes: 181818181 (15999999928 bytes)
77cd6 info: TimeForMove: 1
67cb6 dfpn: d8
67cb6 dfpn: d7
67cb6 dfpn: e7
67cb6 dfpn: h4
67cb6 dfpn: g5
67cb6 dfpn: e8
67cb6 dfpn: e6
67cb6 dfpn: f6
67cb6 dfpn: f7
67cb6 dfpn: g6
67cb6 dfpn: i3
67cb6 dfpn: j2
67cb6 dfpn: h5
67cb6 dfpn: f5
67cb6 dfpn: g7
67cb6 dfpn: g4
67cb6 dfpn: c9
67cb6 dfpn: c8
67cb6 dfpn: f8
67cb6 dfpn: d6
67cb6 dfpn: e5
67cb6 dfpn: h6
67cb6 dfpn: d9
77cd6 info: PreSearch: max time reached (42/86).
77cd6 info: Time for PreSearch: 0.203657s
67cb6 dfpn: j2
77cd6 info: 
  9944d499e610127e
  a  b  c  d  e  f  g  h  i  j  k  
 1\.  .  .  .  .  .  .  .  .  .  .\1
  2\*  .  *  *  *  *  *  *  *  *  *\2
   3\B  *  *  *  *  *  *  *  *  *  *\3
    4\*  *  *  *  *  *  *  *  *  *  *\4
     5\*  *  *  *  *  *  *  *  *  *  *\5
      6\.  *  *  *  *  *  *  *  *  *  *\6
       7\w  .  *  *  *  *  *  *  *  *  *\7
        8\w  W  *  *  *  *  *  *  *  *  *\8
         9\w  .  *  *  *  *  *  *  *  *  .\9
         10\w  *  *  *  *  *  *  *  *  .  .\10
          11\.  .  .  .  .  .  .  .  .  .  .\11
              a  b  c  d  e  f  g  h  i  j  k  
77cd6 info: No subtree to reuse.
77cd6 info: Creating thread 0
77cd6 info: StartSearch()[0]
77cd6 config: VCS: reading captured set patterns from '/home/linus/MoHex2.0/nfbranchfix/benzene-vanilla-cmake/share/vc-captured-set.txt'.
77cd6 config: VCS:: parsed 2 patterns.
77cd6 config: VCS: reading captured set patterns from '/home/linus/MoHex2.0/nfbranchfix/benzene-vanilla-cmake/share/vc-captured-set.txt'.
77cd6 config: VCS:: parsed 2 patterns.
77cd6 info: 
Elapsed Time   0.367926s
Count          1
GamesPlayed    1
Nodes          1
Knowledge      0 (0.0%)
Expansions     0.0
Time           0.00
GameLen        115.0 dev=0.0 min=115.0 max=115.0
InTree         0.0 dev=0.0 min=0.0 max=0.0
KnowDepth      -
Aborted        0%
Games/s        426.8
Score          0.00
Sequence      
77cd6 info: 
77cd6 warning: **** MoHexSearch returned empty sequence!
77cd6 warning: **** Returning random move!
77cd6 info: *** Player move: e9
67cb6 info: DfpnSolver::CheckAbort(): Abort flag!
6fcc6 info: 
MID calls      45
VC builds      44
Terminal       0
Work           45
Wasted Work    0 (0%)
Elapsed Time   0.38346
MIDs/sec       117.353
VCs/sec        114.745
Cnt prune sib  0
Avg prune sib  -
Consider Size  85.7273 dev=4.0916 min=78 max=90
Move Index     -
Move Percent   -
Delta Increase 2.95455 dev=12.6652 min=1 max=86
Winner         empty
PV             j2 f5 h4

HashTableStatistics:
Stores         113
LookupAttempt  11683
LookupSuccess  672
Collisions     0

6fcc6 info: Search aborted.
eaa37 info: PlayAndSolve: Building VCs to avoid race condition.
eaa37 info: PlayAndSolve: Continuing on as usual.
6fcc6 info: *** PlayerThread ***
77cd6 info: *** SolverThread ***
67cb6 config: VCS: reading captured set patterns from '/home/linus/MoHex2.0/nfbranchfix/benzene-vanilla-cmake/share/vc-captured-set.txt'.
67cb6 config: VCS:: parsed 2 patterns.
67cb6 config: VCS: reading captured set patterns from '/home/linus/MoHex2.0/nfbranchfix/benzene-vanilla-cmake/share/vc-captured-set.txt'.
67cb6 config: VCS:: parsed 2 patterns.
67cb6 dfpn: 
6fcc6 info: Best move cannot be determined, must search state.
6fcc6 info: --- MoHexPlayer::Search() ---
6fcc6 info: Color: black
6fcc6 info: MaxGames: 1
6fcc6 info: NumberThreads: 1
6fcc6 info: MaxNodes: 181818181 (15999999928 bytes)
6fcc6 info: TimeForMove: 1
67cb6 dfpn: f7
67cb6 dfpn: e7
67cb6 dfpn: d7
67cb6 dfpn: f6
67cb6 dfpn: e6
67cb6 dfpn: d8
67cb6 dfpn: g5
67cb6 dfpn: h4
67cb6 dfpn: g6
67cb6 dfpn: f5
67cb6 dfpn: j2
67cb6 dfpn: i3
67cb6 dfpn: g4
67cb6 dfpn: e8
67cb6 dfpn: h5
67cb6 dfpn: e5
67cb6 dfpn: d6
67cb6 dfpn: g7
67cb6 dfpn: c8
67cb6 dfpn: f4
67cb6 dfpn: f8
67cb6 dfpn: i4
67cb6 dfpn: h3
67cb6 dfpn: f6
6fcc6 info: PreSearch: max time reached (46/85).
6fcc6 info: Time for PreSearch: 0.200838s
6fcc6 info: 
  15374015af554690
  a  b  c  d  e  f  g  h  i  j  k  
 1\.  .  .  .  .  .  .  .  .  .  .\1
  2\*  .  *  *  *  *  *  *  *  *  *\2
   3\B  *  *  *  *  *  *  *  *  *  *\3
    4\*  *  *  *  *  *  *  *  *  *  *\4
     5\*  *  *  *  *  *  *  *  *  *  *\5
      6\.  *  *  *  *  *  *  *  *  *  *\6
       7\w  .  *  *  *  *  *  *  *  *  *\7
        8\w  W  *  *  *  *  *  *  *  *  *\8
         9\w  .  *  *  B  *  *  *  *  *  .\9
         10\w  *  *  *  .  *  *  *  *  .  *\10
          11\.  .  .  .  .  .  .  .  W  .  .\11
              a  b  c  d  e  f  g  h  i  j  k  
6fcc6 info: Old: [black, a3] [white, swap-pieces] [white, b8] 
6fcc6 info: New: [black, a3] [white, swap-pieces] [white, b8] [black, e9] [white, i11] 
6fcc6 info: MovesPlayed: [black, e9] [white, i11] 
6fcc6 info: No subtree to reuse.
6fcc6 info: StartSearch()[0]
6fcc6 info: 
Elapsed Time   0.349487s
Count          1
GamesPlayed    1
Nodes          1
Knowledge      0 (0.0%)
Expansions     0.0
Time           0.00
GameLen        113.0 dev=0.0 min=113.0 max=113.0
InTree         0.0 dev=0.0 min=0.0 max=0.0
KnowDepth      -
Aborted        0%
Games/s        2849.0
Score          0.00
Sequence      
6fcc6 info: 
6fcc6 warning: **** MoHexSearch returned empty sequence!
6fcc6 warning: **** Returning random move!
6fcc6 info: *** Player move: e8
67cb6 info: DfpnSolver::CheckAbort(): Abort flag!
77cd6 info: 
MID calls      42
VC builds      40
Terminal       0
Work           42
Wasted Work    0 (0%)
Elapsed Time   0.36361
MIDs/sec       115.508
VCs/sec        110.008
Cnt prune sib  0
Avg prune sib  -
Consider Size  78 dev=17.8955 min=28 max=90
Move Index     -
Move Percent   -
Delta Increase 4.07317 dev=14.0024 min=1 max=81
Winner         empty
PV             f6 h3 e5 e8

HashTableStatistics:
Stores         219
LookupAttempt  22653
LookupSuccess  1342
Collisions     0

77cd6 info: Search aborted.
eaa37 info: PlayAndSolve: Building VCs to avoid race condition.
eaa37 info: PlayAndSolve: Continuing on as usual.
77cd6 info: *** PlayerThread ***
6fcc6 info: *** SolverThread ***
67cb6 config: VCS: reading captured set patterns from '/home/linus/MoHex2.0/nfbranchfix/benzene-vanilla-cmake/share/vc-captured-set.txt'.
67cb6 config: VCS:: parsed 2 patterns.
67cb6 config: VCS: reading captured set patterns from '/home/linus/MoHex2.0/nfbranchfix/benzene-vanilla-cmake/share/vc-captured-set.txt'.
67cb6 config: VCS:: parsed 2 patterns.
67cb6 dfpn: 
67cb6 dfpn: f6
77cd6 info: Best move cannot be determined, must search state.
77cd6 info: --- MoHexPlayer::Search() ---
77cd6 info: Color: black
77cd6 info: MaxGames: 1
77cd6 info: NumberThreads: 1
77cd6 info: MaxNodes: 181818181 (15999999928 bytes)
77cd6 info: TimeForMove: 1
67cb6 dfpn: d7
67cb6 dfpn: e6
67cb6 dfpn: e7
67cb6 dfpn: i3
67cb6 dfpn: j2
67cb6 dfpn: f5
67cb6 dfpn: g5
67cb6 dfpn: h4
67cb6 dfpn: d6
67cb6 dfpn: e5
67cb6 dfpn: h3
67cb6 dfpn: h2
67cb6 dfpn: g6
67cb6 dfpn: f7
67cb6 dfpn: g4
67cb6 dfpn: h5
67cb6 dfpn: i2
67cb6 dfpn: f4
67cb6 dfpn: i4
67cb6 dfpn: c7
67cb6 dfpn: d5
67cb6 dfpn: i3
77cd6 info: PreSearch: max time reached (52/84).
77cd6 info: Time for PreSearch: 0.200907s
77cd6 info: 
  5c5635a74d3fbd1e
  a  b  c  d  e  f  g  h  i  j  k  
 1\.  .  .  .  .  .  W  .  .  .  .\1
  2\.  .  .  *  *  *  *  *  *  *  *\2
   3\B  *  *  *  *  *  *  *  *  *  *\3
    4\*  *  *  *  *  *  *  *  *  *  *\4
     5\*  *  *  *  *  *  *  *  *  *  *\5
      6\.  *  *  *  *  *  *  *  *  *  *\6
       7\w  .  *  *  *  *  *  *  *  *  *\7
        8\w  W  *  *  B  *  *  *  *  *  *\8
         9\w  .  *  .  B  *  *  *  *  *  .\9
         10\w  *  *  .  .  *  *  *  *  .  *\10
          11\.  .  .  .  .  .  .  .  W  .  .\11
              a  b  c  d  e  f  g  h  i  j  k  
67cb6 dfpn: h5
77cd6 info: Old: [black, a3] [white, swap-pieces] [white, b8] [black, e9] [white, i11] 
77cd6 info: New: [black, a3] [white, swap-pieces] [white, b8] [black, e9] [white, i11] [black, e8] [white, g1] 
77cd6 info: MovesPlayed: [black, e8] [white, g1] 
77cd6 info: No subtree to reuse.
77cd6 info: StartSearch()[0]
77cd6 info: 
Elapsed Time   0.531283s
Count          1
GamesPlayed    1
Nodes          1
Knowledge      0 (0.0%)
Expansions     0.0
Time           0.00
GameLen        111.0 dev=0.0 min=111.0 max=111.0
InTree         0.0 dev=0.0 min=0.0 max=0.0
KnowDepth      -
Aborted        0%
Games/s        3496.5
Score          1.00
Sequence      
77cd6 info: 
77cd6 warning: **** MoHexSearch returned empty sequence!
77cd6 warning: **** Returning random move!
77cd6 info: *** Player move: e1
67cb6 info: DfpnSolver::CheckAbort(): Abort flag!
6fcc6 info: 
MID calls      77
VC builds      73
Terminal       0
Work           77
Wasted Work    0 (0%)
Elapsed Time   0.546337
MIDs/sec       140.939
VCs/sec        133.617
Cnt prune sib  0
Avg prune sib  -
Consider Size  74.9726 dev=19.5076 min=9 max=88
Move Index     -
Move Percent   -
Delta Increase 3.71053 dev=13.0715 min=1 max=78
Winner         empty
PV             h5 j2 g4 h2

HashTableStatistics:
Stores         395
LookupAttempt  36064
LookupSuccess  2048
Collisions     0

6fcc6 info: Search aborted.
eaa37 info: PlayAndSolve: Building VCs to avoid race condition.
eaa37 info: PlayAndSolve: Continuing on as usual.
6fcc6 info: *** PlayerThread ***
77cd6 info: *** SolverThread ***
67cb6 config: VCS: reading captured set patterns from '/home/linus/MoHex2.0/nfbranchfix/benzene-vanilla-cmake/share/vc-captured-set.txt'.
67cb6 config: VCS:: parsed 2 patterns.
67cb6 config: VCS: reading captured set patterns from '/home/linus/MoHex2.0/nfbranchfix/benzene-vanilla-cmake/share/vc-captured-set.txt'.
67cb6 config: VCS:: parsed 2 patterns.
67cb6 dfpn: 
6fcc6 info: Best move cannot be determined, must search state.
6fcc6 info: --- MoHexPlayer::Search() ---
6fcc6 info: Color: black
6fcc6 info: MaxGames: 1
6fcc6 info: NumberThreads: 1
6fcc6 info: MaxNodes: 181818181 (15999999928 bytes)
6fcc6 info: TimeForMove: 1
67cb6 dfpn: f6
67cb6 dfpn: d10
67cb6 dfpn: d7
67cb6 dfpn: e7
67cb6 dfpn: e6
67cb6 dfpn: i3
67cb6 dfpn: f5
67cb6 dfpn: j2
67cb6 dfpn: d6
67cb6 dfpn: g5
67cb6 dfpn: e5
67cb6 dfpn: h4
67cb6 dfpn: h3
67cb6 dfpn: f7
67cb6 dfpn: g4
67cb6 dfpn: g6
67cb6 dfpn: h2
67cb6 dfpn: h5
67cb6 dfpn: c7
67cb6 dfpn: f4
67cb6 dfpn: i2
67cb6 dfpn: d5
67cb6 dfpn: d10
6fcc6 info: PreSearch: max time reached (69/85).
6fcc6 info: Time for PreSearch: 0.202566s
6fcc6 info: 
  281b491d29039ba2
  a  b  c  d  e  f  g  h  i  j  k  
 1\.  .  .  .  B  .  W  .  .  .  .\1
  2\.  .  .  *  *  *  *  *  *  *  *\2
   3\B  *  *  *  *  *  *  *  *  *  *\3
    4\*  *  *  *  *  *  *  *  *  *  *\4
     5\*  *  *  *  *  *  *  *  *  *  *\5
      6\.  *  *  *  *  *  *  *  *  *  *\6
       7\w  .  *  *  *  *  *  *  *  *  *\7
        8\w  W  *  *  B  *  *  *  *  *  *\8
         9\w  .  *  .  B  *  *  *  *  *  .\9
         10\w  *  *  .  *  *  *  *  *  .  *\10
          11\.  .  .  .  W  .  .  .  W  .  .\11
              a  b  c  d  e  f  g  h  i  j  k  
6fcc6 info: Old: [black, a3] [white, swap-pieces] [white, b8] [black, e9] [white, i11] [black, e8] [white, g1] 
6fcc6 info: New: [black, a3] [white, swap-pieces] [white, b8] [black, e9] [white, i11] [black, e8] [white, g1] [black, e1] [white, e11] 
6fcc6 info: MovesPlayed: [black, e1] [white, e11] 
6fcc6 info: No subtree to reuse.
6fcc6 info: StartSearch()[0]
6fcc6 info: 
Elapsed Time   0.348826s
Count          1
GamesPlayed    1
Nodes          1
Knowledge      0 (0.0%)
Expansions     0.0
Time           0.00
GameLen        109.0 dev=0.0 min=109.0 max=109.0
InTree         0.0 dev=0.0 min=0.0 max=0.0
KnowDepth      -
Aborted        0%
Games/s        3236.2
Score          1.00
Sequence      
6fcc6 info: 
6fcc6 warning: **** MoHexSearch returned empty sequence!
6fcc6 warning: **** Returning random move!
6fcc6 info: *** Player move: d9
67cb6 info: DfpnSolver::CheckAbort(): Abort flag!
77cd6 info: 
MID calls      64
VC builds      62
Terminal       0
Work           64
Wasted Work    0 (0%)
Elapsed Time   0.35913
MIDs/sec       178.208
VCs/sec        172.639
Cnt prune sib  1
Avg prune sib  2 dev=0 min=2 max=2
Consider Size  76.9193 dev=5.44567 min=67 max=85
Move Index     -
Move Percent   -
Delta Increase 3.39682 dev=12.7958 min=1 max=75
Winner         empty
PV             d10 j2 e4 e7

HashTableStatistics:
Stores         544
LookupAttempt  48281
LookupSuccess  2691
Collisions     0

77cd6 info: Search aborted.
eaa37 info: PlayAndSolve: Building VCs to avoid race condition.
eaa37 info: PlayAndSolve: Continuing on as usual.
77cd6 info: *** PlayerThread ***
6fcc6 info: *** SolverThread ***
67cb6 config: VCS: reading captured set patterns from '/home/linus/MoHex2.0/nfbranchfix/benzene-vanilla-cmake/share/vc-captured-set.txt'.
67cb6 config: VCS:: parsed 2 patterns.
67cb6 config: VCS: reading captured set patterns from '/home/linus/MoHex2.0/nfbranchfix/benzene-vanilla-cmake/share/vc-captured-set.txt'.
67cb6 config: VCS:: parsed 2 patterns.
67cb6 dfpn: 
77cd6 info: Best move cannot be determined, must search state.
77cd6 info: --- MoHexPlayer::Search() ---
77cd6 info: Color: black
77cd6 info: MaxGames: 1
77cd6 info: NumberThreads: 1
77cd6 info: MaxNodes: 181818181 (15999999928 bytes)
77cd6 info: TimeForMove: 1
67cb6 dfpn: f6
67cb6 dfpn: d7
67cb6 dfpn: g4
67cb6 dfpn: e6
67cb6 dfpn: e7
67cb6 dfpn: d6
67cb6 dfpn: e5
67cb6 dfpn: f5
67cb6 dfpn: h2
67cb6 dfpn: h3
67cb6 dfpn: f4
67cb6 dfpn: e4
67cb6 dfpn: d5
67cb6 dfpn: c7
67cb6 dfpn: g5
67cb6 dfpn: g3
67cb6 dfpn: d4
67cb6 dfpn: c10
67cb6 dfpn: j3
67cb6 dfpn: f7
67cb6 dfpn: e2
67cb6 dfpn: c5
67cb6 dfpn: c10
77cd6 info: PreSearch: max time reached (60/81).
77cd6 info: Time for PreSearch: 0.201088s
77cd6 info: 
  00fbc411dd101ce5
  a  b  c  d  e  f  g  h  i  j  k  
 1\.  .  .  .  B  .  W  .  .  .  .\1
  2\.  .  .  *  *  *  *  *  .  *  *\2
   3\B  *  *  *  *  *  *  *  W  *  *\3
    4\*  *  *  *  *  *  *  *  *  *  *\4
     5\*  *  *  *  *  *  *  *  *  *  *\5
      6\.  *  *  *  *  *  *  *  *  *  *\6
       7\w  .  *  *  *  *  *  *  *  *  *\7
        8\w  W  *  *  B  *  *  *  *  *  *\8
         9\w  .  .  B  B  *  *  *  *  *  .\9
         10\w  *  .  .  *  *  *  *  *  .  *\10
          11\.  .  .  .  W  .  .  .  W  .  .\11
              a  b  c  d  e  f  g  h  i  j  k  
77cd6 info: Old: [black, a3] [white, swap-pieces] [white, b8] [black, e9] [white, i11] [black, e8] [white, g1] [black, e1] [white, e11] 
77cd6 info: New: [black, a3] [white, swap-pieces] [white, b8] [black, e9] [white, i11] [black, e8] [white, g1] [black, e1] [white, e11] [black, d9] [white, i3] 
77cd6 info: MovesPlayed: [black, d9] [white, i3] 
77cd6 info: No subtree to reuse.
77cd6 info: StartSearch()[0]
77cd6 info: 
Elapsed Time   0.351126s
Count          1
GamesPlayed    1
Nodes          1
Knowledge      0 (0.0%)
Expansions     0.0
Time           0.00
GameLen        107.0 dev=0.0 min=107.0 max=107.0
InTree         0.0 dev=0.0 min=0.0 max=0.0
KnowDepth      -
Aborted        0%
Games/s        3521.1
Score          0.00
Sequence      
77cd6 info: 
77cd6 warning: **** MoHexSearch returned empty sequence!
77cd6 warning: **** Returning random move!
77cd6 info: *** Player move: j6
67cb6 info: DfpnSolver::CheckAbort(): Abort flag!
6fcc6 info: 
MID calls      51
VC builds      49
Terminal       0
Work           51
Wasted Work    0 (0%)
Elapsed Time   0.361577
MIDs/sec       141.049
VCs/sec        135.517
Cnt prune sib  0
Avg prune sib  -
Consider Size  66.3061 dev=18.287 min=20 max=81
Move Index     -
Move Percent   -
Delta Increase 2.9 dev=10.3658 min=1 max=73
Winner         empty
PV             c10 g4 f5 f4

HashTableStatistics:
Stores         667
LookupAttempt  58701
LookupSuccess  3321
Collisions     0

6fcc6 info: Search aborted.
eaa37 info: PlayAndSolve: Building VCs to avoid race condition.
eaa37 info: PlayAndSolve: Continuing on as usual.
6fcc6 info: *** PlayerThread ***
77cd6 info: *** SolverThread ***
67cb6 config: VCS: reading captured set patterns from '/home/linus/MoHex2.0/nfbranchfix/benzene-vanilla-cmake/share/vc-captured-set.txt'.
67cb6 config: VCS:: parsed 2 patterns.
67cb6 config: VCS: reading captured set patterns from '/home/linus/MoHex2.0/nfbranchfix/benzene-vanilla-cmake/share/vc-captured-set.txt'.
67cb6 config: VCS:: parsed 2 patterns.
67cb6 dfpn: 
6fcc6 info: Best move cannot be determined, must search state.
6fcc6 info: --- MoHexPlayer::Search() ---
6fcc6 info: Color: black
6fcc6 info: MaxGames: 1
6fcc6 info: NumberThreads: 1
6fcc6 info: MaxNodes: 181818181 (15999999928 bytes)
6fcc6 info: TimeForMove: 1
67cb6 dfpn: c10
67cb6 dfpn: f6
67cb6 dfpn: g4
67cb6 dfpn: d7
67cb6 dfpn: e6
67cb6 dfpn: e7
67cb6 dfpn: d6
67cb6 dfpn: e5
67cb6 dfpn: f5
67cb6 dfpn: h2
67cb6 dfpn: j2
67cb6 dfpn: h3
67cb6 dfpn: b10
67cb6 dfpn: f4
67cb6 dfpn: g10
67cb6 dfpn: e4
67cb6 dfpn: g5
67cb6 dfpn: d5
67cb6 dfpn: f10
67cb6 dfpn: g3
67cb6 dfpn: c7
67cb6 dfpn: c10
6fcc6 info: PreSearch: max time reached (68/77).
6fcc6 info: Time for PreSearch: 0.202871s
67cb6 dfpn: h2
6fcc6 info: 
  b4e12a0d3f33f2de
  a  b  c  d  e  f  g  h  i  j  k  
 1\.  .  .  .  B  .  W  .  .  .  .\1
  2\.  .  .  *  *  *  *  *  .  *  *\2
   3\B  *  *  *  *  *  *  *  W  *  *\3
    4\*  *  *  *  *  *  *  *  *  *  *\4
     5\*  *  *  *  *  *  *  *  *  *  .\5
      6\.  *  *  *  *  *  *  *  *  B  .\6
       7\w  .  *  *  *  *  *  *  *  *  *\7
        8\w  W  *  *  B  *  *  *  *  *  *\8
         9\w  .  *  B  B  *  *  *  *  *  .\9
         10\w  .  .  .  .  *  *  *  *  .  *\10
          11\.  .  .  W  W  .  .  .  W  .  .\11
              a  b  c  d  e  f  g  h  i  j  k  
6fcc6 info: Old: [black, a3] [white, swap-pieces] [white, b8] [black, e9] [white, i11] [black, e8] [white, g1] [black, e1] [white, e11] [black, d9] [white, i3] 
6fcc6 info: New: [black, a3] [white, swap-pieces] [white, b8] [black, e9] [white, i11] [black, e8] [white, g1] [black, e1] [white, e11] [black, d9] [white, i3] [black, j6] [white, d11] 
6fcc6 info: MovesPlayed: [black, j6] [white, d11] 
6fcc6 info: No subtree to reuse.
6fcc6 info: StartSearch()[0]
6fcc6 info: 
Elapsed Time   0.349598s
Count          1
GamesPlayed    1
Nodes          1
Knowledge      0 (0.0%)
Expansions     0.0
Time           0.00
GameLen        105.0 dev=0.0 min=105.0 max=105.0
InTree         0.0 dev=0.0 min=0.0 max=0.0
KnowDepth      -
Aborted        0%
Games/s        3067.5
Score          0.00
Sequence      
6fcc6 info: 
6fcc6 warning: **** MoHexSearch returned empty sequence!
6fcc6 warning: **** Returning random move!
6fcc6 info: *** Player move: b6
67cb6 info: DfpnSolver::CheckAbort(): Abort flag!
77cd6 info: 
MID calls      76
VC builds      72
Terminal       0
Work           76
Wasted Work    0 (0%)
Elapsed Time   0.358839
MIDs/sec       211.794
VCs/sec        200.647
Cnt prune sib  2
Avg prune sib  1 dev=0 min=1 max=1
Consider Size  69.1528 dev=11.9671 min=19 max=77
Move Index     -
Move Percent   -
Delta Increase 2.50667 dev=8.70306 min=1 max=72
Winner         empty
PV             h2 g4 d6 c10

HashTableStatistics:
Stores         840
LookupAttempt  70629
LookupSuccess  3975
Collisions     0

77cd6 info: Search aborted.
eaa37 info: PlayAndSolve: Building VCs to avoid race condition.
eaa37 info: PlayAndSolve: Continuing on as usual.
77cd6 info: *** PlayerThread ***
6fcc6 info: *** SolverThread ***
67cb6 config: VCS: reading captured set patterns from '/home/linus/MoHex2.0/nfbranchfix/benzene-vanilla-cmake/share/vc-captured-set.txt'.
67cb6 config: VCS:: parsed 2 patterns.
67cb6 config: VCS: reading captured set patterns from '/home/linus/MoHex2.0/nfbranchfix/benzene-vanilla-cmake/share/vc-captured-set.txt'.
67cb6 config: VCS:: parsed 2 patterns.
67cb6 dfpn: 
77cd6 info: Best move cannot be determined, must search state.
77cd6 info: --- MoHexPlayer::Search() ---
77cd6 info: Color: black
77cd6 info: MaxGames: 1
77cd6 info: NumberThreads: 1
77cd6 info: MaxNodes: 181818181 (15999999928 bytes)
77cd6 info: TimeForMove: 1
67cb6 dfpn: c10
67cb6 dfpn: c7
67cb6 dfpn: d7
67cb6 dfpn: f6
67cb6 dfpn: e7
67cb6 dfpn: e6
67cb6 dfpn: g4
67cb6 dfpn: b10
67cb6 dfpn: d6
67cb6 dfpn: j2
67cb6 dfpn: h2
67cb6 dfpn: f5
67cb6 dfpn: f10
67cb6 dfpn: g10
67cb6 dfpn: c8
67cb6 dfpn: e5
67cb6 dfpn: h3
67cb6 dfpn: f7
67cb6 dfpn: c6
67cb6 dfpn: c9
77cd6 info: PreSearch: max time reached (56/75).
77cd6 info: Time for PreSearch: 0.203006s
77cd6 info: 
  b0872672dbff8dff
  a  b  c  d  e  f  g  h  i  j  k  
 1\.  .  .  .  B  .  W  .  .  .  .\1
  2\.  .  .  *  *  *  *  *  .  *  *\2
   3\B  *  *  *  *  *  *  *  W  *  *\3
    4\*  *  *  *  *  *  *  *  *  *  *\4
     5\*  *  *  *  *  *  *  *  *  *  .\5
      6\.  B  *  *  *  *  *  *  *  B  .\6
       7\b  .  *  *  *  *  *  *  *  *  *\7
        8\w  W  *  *  B  W  *  *  *  *  *\8
         9\w  .  *  B  B  *  *  *  *  *  .\9
         10\w  .  .  .  .  *  *  *  *  .  *\10
          11\.  .  .  W  W  .  .  .  W  .  .\11
              a  b  c  d  e  f  g  h  i  j  k  
77cd6 info: Old: [black, a3] [white, swap-pieces] [white, b8] [black, e9] [white, i11] [black, e8] [white, g1] [black, e1] [white, e11] [black, d9] [white, i3] [black, j6] [white, d11] 
77cd6 info: New: [black, a3] [white, swap-pieces] [white, b8] [black, e9] [white, i11] [black, e8] [white, g1] [black, e1] [white, e11] [black, d9] [white, i3] [black, j6] [white, d11] [black, b6] [white, f8] 
77cd6 info: MovesPlayed: [black, b6] [white, f8] 
77cd6 info: No subtree to reuse.
67cb6 dfpn: f4
67cb6 dfpn: j3
67cb6 dfpn: h2
77cd6 info: StartSearch()[0]
77cd6 info: 
Elapsed Time   0.371774s
Count          1
GamesPlayed    1
Nodes          1
Knowledge      0 (0.0%)
Expansions     0.0
Time           0.00
GameLen        103.0 dev=0.0 min=103.0 max=103.0
InTree         0.0 dev=0.0 min=0.0 max=0.0
KnowDepth      -
Aborted        0%
Games/s        3246.8
Score          0.00
Sequence      
77cd6 info: 
77cd6 warning: **** MoHexSearch returned empty sequence!
77cd6 warning: **** Returning random move!
77cd6 info: *** Player move: h3
67cb6 info: DfpnSolver::CheckAbort(): Abort flag!
6fcc6 info: 
MID calls      64
VC builds      62
Terminal       0
Work           64
Wasted Work    0 (0%)
Elapsed Time   0.380556
MIDs/sec       168.175
VCs/sec        162.92
Cnt prune sib  2
Avg prune sib  1.5 dev=0.5 min=1 max=2
Consider Size  66.1774 dev=11.61 min=13 max=75
Move Index     -
Move Percent   -
Delta Increase 4.2381 dev=14.1418 min=1 max=70
Winner         empty
PV             h2 d7 f6

HashTableStatistics:
Stores         990
LookupAttempt  81402
LookupSuccess  4604
Collisions     0

6fcc6 info: Search aborted.
eaa37 info: PlayAndSolve: Building VCs to avoid race condition.
eaa37 info: PlayAndSolve: Continuing on as usual.
6fcc6 info: *** PlayerThread ***
77cd6 info: *** SolverThread ***
67cb6 config: VCS: reading captured set patterns from '/home/linus/MoHex2.0/nfbranchfix/benzene-vanilla-cmake/share/vc-captured-set.txt'.
67cb6 config: VCS:: parsed 2 patterns.
67cb6 config: VCS: reading captured set patterns from '/home/linus/MoHex2.0/nfbranchfix/benzene-vanilla-cmake/share/vc-captured-set.txt'.
67cb6 config: VCS:: parsed 2 patterns.
67cb6 dfpn: 
6fcc6 info: Best move cannot be determined, must search state.
6fcc6 info: --- MoHexPlayer::Search() ---
6fcc6 info: Color: black
6fcc6 info: MaxGames: 1
6fcc6 info: NumberThreads: 1
6fcc6 info: MaxNodes: 181818181 (15999999928 bytes)
6fcc6 info: TimeForMove: 1
67cb6 dfpn: c10
67cb6 dfpn: g5
67cb6 dfpn: f6
67cb6 dfpn: h4
67cb6 dfpn: d7
67cb6 dfpn: e7
67cb6 dfpn: c7
67cb6 dfpn: b10
67cb6 dfpn: e6
67cb6 dfpn: f7
67cb6 dfpn: g10
67cb6 dfpn: f5
67cb6 dfpn: g4
67cb6 dfpn: j2
67cb6 dfpn: f10
67cb6 dfpn: h5
67cb6 dfpn: h2
67cb6 dfpn: c8
67cb6 dfpn: d6
67cb6 dfpn: c10
6fcc6 info: PreSearch: max time reached (65/70).
6fcc6 info: Time for PreSearch: 0.202459s
67cb6 dfpn: g10
6fcc6 info: 
  febf08e98cc7c9c6
  a  b  c  d  e  f  g  h  i  j  k  
 1\.  .  .  b  B  .  W  .  .  .  .\1
  2\.  .  .  .  .  *  *  *  .  *  *\2
   3\B  .  .  W  *  *  *  B  W  *  *\3
    4\.  *  *  *  *  *  *  *  *  *  *\4
     5\*  *  *  *  *  *  *  *  *  *  .\5
      6\.  B  *  *  *  *  *  *  *  B  .\6
       7\b  .  *  *  *  *  *  *  *  *  *\7
        8\w  W  *  *  B  W  *  *  *  *  *\8
         9\w  .  *  B  B  *  *  *  *  *  .\9
         10\w  .  .  .  .  *  *  *  *  .  *\10
          11\.  .  .  W  W  .  .  .  W  .  .\11
              a  b  c  d  e  f  g  h  i  j  k  
67cb6 dfpn: h2
6fcc6 info: Old: [black, a3] [white, swap-pieces] [white, b8] [black, e9] [white, i11] [black, e8] [white, g1] [black, e1] [white, e11] [black, d9] [white, i3] [black, j6] [white, d11] [black, b6] [white, f8] 
6fcc6 info: New: [black, a3] [white, swap-pieces] [white, b8] [black, e9] [white, i11] [black, e8] [white, g1] [black, e1] [white, e11] [black, d9] [white, i3] [black, j6] [white, d11] [black, b6] [white, f8] [black, h3] [white, d3] 
6fcc6 info: MovesPlayed: [black, h3] [white, d3] 
6fcc6 info: No subtree to reuse.
67cb6 dfpn: d7
6fcc6 info: StartSearch()[0]
6fcc6 info: 
Elapsed Time   0.571627s
Count          1
GamesPlayed    1
Nodes          1
Knowledge      0 (0.0%)
Expansions     0.0
Time           0.00
GameLen        100.0 dev=0.0 min=100.0 max=100.0
InTree         0.0 dev=0.0 min=0.0 max=0.0
KnowDepth      -
Aborted        0%
Games/s        3367.0
Score          1.00
Sequence      
6fcc6 info: 
6fcc6 warning: **** MoHexSearch returned empty sequence!
6fcc6 warning: **** Returning random move!
6fcc6 info: *** Player move: d10
67cb6 info: DfpnSolver::CheckAbort(): Abort flag!
77cd6 info: 
MID calls      138
VC builds      131
Terminal       0
Work           138
Wasted Work    0 (0%)
Elapsed Time   0.580736
MIDs/sec       237.629
VCs/sec        225.576
Cnt prune sib  6
Avg prune sib  2 dev=1.41421 min=1 max=4
Consider Size  60.4733 dev=13.4569 min=8 max=71
Move Index     -
Move Percent   -
Delta Increase 2.83212 dev=10.1984 min=1 max=67
Winner         empty
PV             d7 c6 e5

HashTableStatistics:
Stores         1288
LookupAttempt  96027
LookupSuccess  5311
Collisions     0

77cd6 info: Search aborted.
eaa37 info: PlayAndSolve: Building VCs to avoid race condition.
eaa37 info: PlayAndSolve: Continuing on as usual.
77cd6 info: *** PlayerThread ***
6fcc6 info: *** SolverThread ***
67cb6 config: VCS: reading captured set patterns from '/home/linus/MoHex2.0/nfbranchfix/benzene-vanilla-cmake/share/vc-captured-set.txt'.
67cb6 config: VCS:: parsed 2 patterns.
67cb6 config: VCS: reading captured set patterns from '/home/linus/MoHex2.0/nfbranchfix/benzene-vanilla-cmake/share/vc-captured-set.txt'.
67cb6 config: VCS:: parsed 2 patterns.
67cb6 dfpn: 
77cd6 info: Best move cannot be determined, must search state.
77cd6 info: --- MoHexPlayer::Search() ---
77cd6 info: Color: black
77cd6 info: MaxGames: 1
77cd6 info: NumberThreads: 1
77cd6 info: MaxNodes: 181818181 (15999999928 bytes)
77cd6 info: TimeForMove: 1
67cb6 dfpn: g5
67cb6 dfpn: f6
67cb6 dfpn: h4
67cb6 dfpn: e7
67cb6 dfpn: f7
67cb6 dfpn: e6
67cb6 dfpn: d7
67cb6 dfpn: f5
67cb6 dfpn: g4
67cb6 dfpn: h2
67cb6 dfpn: j2
67cb6 dfpn: c7
67cb6 dfpn: h5
67cb6 dfpn: f2
67cb6 dfpn: g6
67cb6 dfpn: e5
67cb6 dfpn: d6
67cb6 dfpn: b10
67cb6 dfpn: g5
67cb6 dfpn: f6
77cd6 info: Time for PreSearch: 0.180056s
77cd6 info: 
  7bdc8b67f4673d88
  a  b  c  d  e  f  g  h  i  j  k  
 1\.  .  .  b  B  .  W  .  .  .  .\1
  2\.  .  .  .  .  *  *  *  .  *  *\2
   3\B  .  .  W  *  *  *  B  W  *  *\3
    4\.  *  *  *  *  *  *  *  *  *  *\4
     5\W  *  *  *  *  *  *  *  *  *  .\5
      6\b  B  *  *  *  *  *  *  *  B  .\6
       7\b  .  *  *  *  *  *  *  *  *  *\7
        8\w  W  *  *  B  W  *  *  *  *  *\8
         9\w  .  *  B  B  *  *  *  *  *  .\9
         10\w  .  .  B  .  *  *  *  *  .  *\10
          11\.  .  .  W  W  .  .  .  W  .  .\11
              a  b  c  d  e  f  g  h  i  j  k  
77cd6 info: Old: [black, a3] [white, swap-pieces] [white, b8] [black, e9] [white, i11] [black, e8] [white, g1] [black, e1] [white, e11] [black, d9] [white, i3] [black, j6] [white, d11] [black, b6] [white, f8] [black, h3] [white, d3] 
77cd6 info: New: [black, a3] [white, swap-pieces] [white, b8] [black, e9] [white, i11] [black, e8] [white, g1] [black, e1] [white, e11] [black, d9] [white, i3] [black, j6] [white, d11] [black, b6] [white, f8] [black, h3] [white, d3] [black, d10] [white, a5] 
77cd6 info: MovesPlayed: [black, d10] [white, a5] 
77cd6 info: No subtree to reuse.
67cb6 dfpn: f7
77cd6 info: StartSearch()[0]
77cd6 info: 
Elapsed Time   0.333661s
Count          1
GamesPlayed    1
Nodes          1
Knowledge      0 (0.0%)
Expansions     0.0
Time           0.00
GameLen        97.0 dev=0.0 min=97.0 max=97.0
InTree         0.0 dev=0.0 min=0.0 max=0.0
KnowDepth      -
Aborted        0%
Games/s        2475.2
Score          1.00
Sequence      
77cd6 info: 
77cd6 warning: **** MoHexSearch returned empty sequence!
77cd6 warning: **** Returning random move!
77cd6 info: *** Player move: i6
67cb6 info: DfpnSolver::CheckAbort(): Abort flag!
6fcc6 info: 
MID calls      79
VC builds      73
Terminal       0
Work           79
Wasted Work    0 (0%)
Elapsed Time   0.344142
MIDs/sec       229.556
VCs/sec        212.122
Cnt prune sib  3
Avg prune sib  2.33333 dev=0.471405 min=2 max=3
Consider Size  54.2192 dev=21.4056 min=12 max=70
Move Index     -
Move Percent   -
Delta Increase 3.69231 dev=12.2499 min=1 max=66
Winner         empty
PV             f7 g5 h4 h5

HashTableStatistics:
Stores         1465
LookupAttempt  105685
LookupSuccess  5874
Collisions     0

6fcc6 info: Search aborted.
eaa37 info: PlayAndSolve: Building VCs to avoid race condition.
eaa37 info: PlayAndSolve: Continuing on as usual.
6fcc6 info: *** PlayerThread ***
77cd6 info: *** SolverThread ***
67cb6 config: VCS: reading captured set patterns from '/home/linus/MoHex2.0/nfbranchfix/benzene-vanilla-cmake/share/vc-captured-set.txt'.
67cb6 config: VCS:: parsed 2 patterns.
67cb6 config: VCS: reading captured set patterns from '/home/linus/MoHex2.0/nfbranchfix/benzene-vanilla-cmake/share/vc-captured-set.txt'.
67cb6 config: VCS:: parsed 2 patterns.
67cb6 dfpn: 
6fcc6 info: Best move cannot be determined, must search state.
6fcc6 info: --- MoHexPlayer::Search() ---
6fcc6 info: Color: black
6fcc6 info: MaxGames: 1
6fcc6 info: NumberThreads: 1
6fcc6 info: MaxNodes: 181818181 (15999999928 bytes)
6fcc6 info: TimeForMove: 1
67cb6 dfpn: g5
67cb6 dfpn: h4
67cb6 dfpn: f6
67cb6 dfpn: e7
67cb6 dfpn: f7
67cb6 dfpn: e6
67cb6 dfpn: d7
67cb6 dfpn: b10
67cb6 dfpn: g4
67cb6 dfpn: h5
67cb6 dfpn: j2
67cb6 dfpn: f5
67cb6 dfpn: h2
67cb6 dfpn: c7
67cb6 dfpn: f2
67cb6 dfpn: e5
67cb6 dfpn: d6
67cb6 dfpn: g5
6fcc6 info: Time for PreSearch: 0.166805s
67cb6 dfpn: f6
6fcc6 info: 
  2b773e39c0e105c2
  a  b  c  d  e  f  g  h  i  j  k  
 1\.  .  .  b  B  .  W  .  .  .  .\1
  2\.  .  .  .  .  *  *  *  .  *  *\2
   3\B  .  .  W  *  *  *  B  W  *  *\3
    4\.  *  *  *  *  *  *  *  *  *  *\4
     5\W  *  *  *  *  *  *  *  *  .  .\5
      6\b  B  *  *  *  *  *  *  B  B  .\6
       7\b  .  *  *  *  *  *  *  *  *  *\7
        8\w  W  *  *  B  W  *  *  *  *  *\8
         9\w  .  *  B  B  *  *  *  *  *  .\9
         10\w  .  .  B  b  W  *  *  *  .  *\10
          11\.  .  .  W  W  .  .  .  W  .  .\11
              a  b  c  d  e  f  g  h  i  j  k  
6fcc6 info: Old: [black, a3] [white, swap-pieces] [white, b8] [black, e9] [white, i11] [black, e8] [white, g1] [black, e1] [white, e11] [black, d9] [white, i3] [black, j6] [white, d11] [black, b6] [white, f8] [black, h3] [white, d3] [black, d10] [white, a5] 
6fcc6 info: New: [black, a3] [white, swap-pieces] [white, b8] [black, e9] [white, i11] [black, e8] [white, g1] [black, e1] [white, e11] [black, d9] [white, i3] [black, j6] [white, d11] [black, b6] [white, f8] [black, h3] [white, d3] [black, d10] [white, a5] [black, i6] [white, f10] 
6fcc6 info: MovesPlayed: [black, i6] [white, f10] 
6fcc6 info: No subtree to reuse.
67cb6 dfpn: f7
6fcc6 info: StartSearch()[0]
6fcc6 info: 
Elapsed Time   0.314731s
Count          1
GamesPlayed    1
Nodes          1
Knowledge      0 (0.0%)
Expansions     0.0
Time           0.00
GameLen        94.0 dev=0.0 min=94.0 max=94.0
InTree         0.0 dev=0.0 min=0.0 max=0.0
KnowDepth      -
Aborted        0%
Games/s        2631.6
Score          0.00
Sequence      
6fcc6 info: 
6fcc6 warning: **** MoHexSearch returned empty sequence!
6fcc6 warning: **** Returning random move!
6fcc6 info: *** Player move: b4
67cb6 info: DfpnSolver::CheckAbort(): Abort flag!
77cd6 info: 
MID calls      74
VC builds      68
Terminal       0
Work           74
Wasted Work    0 (0%)
Elapsed Time   0.324415
MIDs/sec       228.103
VCs/sec        209.608
Cnt prune sib  4
Avg prune sib  2.25 dev=0.433013 min=2 max=3
Consider Size  49.3382 dev=20.4986 min=10 max=66
Move Index     -
Move Percent   -
Delta Increase 3.75342 dev=12.0521 min=1 max=63
Winner         empty
PV             f7 g5 e6 f4

HashTableStatistics:
Stores         1631
LookupAttempt  114176
LookupSuccess  6388
Collisions     0

77cd6 info: Search aborted.
eaa37 info: PlayAndSolve: Building VCs to avoid race condition.
eaa37 info: PlayAndSolve: Continuing on as usual.
77cd6 info: *** PlayerThread ***
6fcc6 info: *** SolverThread ***
67cb6 config: VCS: reading captured set patterns from '/home/linus/MoHex2.0/nfbranchfix/benzene-vanilla-cmake/share/vc-captured-set.txt'.
67cb6 config: VCS:: parsed 2 patterns.
67cb6 config: VCS: reading captured set patterns from '/home/linus/MoHex2.0/nfbranchfix/benzene-vanilla-cmake/share/vc-captured-set.txt'.
67cb6 config: VCS:: parsed 2 patterns.
67cb6 dfpn: 
77cd6 info: Best move cannot be determined, must search state.
77cd6 info: --- MoHexPlayer::Search() ---
77cd6 info: Color: black
77cd6 info: MaxGames: 1
77cd6 info: NumberThreads: 1
77cd6 info: MaxNodes: 181818181 (15999999928 bytes)
77cd6 info: TimeForMove: 1
67cb6 dfpn: i2
67cb6 dfpn: c7
67cb6 dfpn: d7
67cb6 dfpn: e7
67cb6 dfpn: b10
67cb6 dfpn: f6
67cb6 dfpn: d6
67cb6 dfpn: e6
67cb6 dfpn: c5
67cb6 dfpn: h4
67cb6 dfpn: c6
67cb6 dfpn: c8
67cb6 dfpn: j2
67cb6 dfpn: e5
67cb6 dfpn: f7
67cb6 dfpn: g5
67cb6 dfpn: c5
77cd6 info: Time for PreSearch: 0.146996s
77cd6 info: 
  e03e882f4d88f638
  a  b  c  d  e  f  g  h  i  j  k  
 1\b  b  b  b  B  .  W  .  .  .  .\1
  2\b  b  b  b  .  *  *  W  *  *  *\2
   3\B  b  b  W  *  *  *  B  W  *  *\3
    4\b  B  .  *  *  *  *  *  *  *  *\4
     5\W  .  *  *  *  *  *  *  *  .  .\5
      6\b  B  *  *  *  *  *  *  B  B  .\6
       7\b  .  *  *  *  *  *  *  *  *  *\7
        8\w  W  *  *  B  W  *  *  *  *  *\8
         9\w  .  *  B  B  *  *  *  *  *  .\9
         10\w  .  .  B  b  W  *  *  *  .  *\10
          11\.  .  .  W  W  .  .  .  W  .  .\11
              a  b  c  d  e  f  g  h  i  j  k  
77cd6 info: Old: [black, a3] [white, swap-pieces] [white, b8] [black, e9] [white, i11] [black, e8] [white, g1] [black, e1] [white, e11] [black, d9] [white, i3] [black, j6] [white, d11] [black, b6] [white, f8] [black, h3] [white, d3] [black, d10] [white, a5] [black, i6] [white, f10] 
77cd6 info: New: [black, a3] [white, swap-pieces] [white, b8] [black, e9] [white, i11] [black, e8] [white, g1] [black, e1] [white, e11] [black, d9] [white, i3] [black, j6] [white, d11] [black, b6] [white, f8] [black, h3] [white, d3] [black, d10] [white, a5] [black, i6] [white, f10] [black, b4] [white, h2] 
77cd6 info: MovesPlayed: [black, b4] [white, h2] 
77cd6 info: No subtree to reuse.
77cd6 info: StartSearch()[0]
77cd6 info: 
Elapsed Time   0.31138s
Count          1
GamesPlayed    1
Nodes          1
Knowledge      0 (0.0%)
Expansions     0.0
Time           0.00
GameLen        82.0 dev=0.0 min=82.0 max=82.0
InTree         0.0 dev=0.0 min=0.0 max=0.0
KnowDepth      -
Aborted        0%
Games/s        3344.5
Score          0.00
Sequence      
77cd6 info: 
77cd6 warning: **** MoHexSearch returned empty sequence!
77cd6 warning: **** Returning random move!
77cd6 info: *** Player move: c9
67cb6 info: DfpnSolver::CheckAbort(): Abort flag!
6fcc6 info: 
MID calls      47
VC builds      44
Terminal       0
Work           47
Wasted Work    0 (0%)
Elapsed Time   0.321285
MIDs/sec       146.288
VCs/sec        136.95
Cnt prune sib  1
Avg prune sib  2 dev=0 min=2 max=2
Consider Size  42.6364 dev=17.0375 min=12 max=59
Move Index     -
Move Percent   -
Delta Increase 3.6087 dev=9.6312 min=1 max=54
Winner         empty
PV             c5 c7 e6 c11

HashTableStatistics:
Stores         1740
LookupAttempt  119894
LookupSuccess  6763
Collisions     0

6fcc6 info: Search aborted.
eaa37 info: PlayAndSolve: Building VCs to avoid race condition.
eaa37 info: PlayAndSolve: Continuing on as usual.
6fcc6 info: *** PlayerThread ***
77cd6 info: *** SolverThread ***
67cb6 config: VCS: reading captured set patterns from '/home/linus/MoHex2.0/nfbranchfix/benzene-vanilla-cmake/share/vc-captured-set.txt'.
67cb6 config: VCS:: parsed 2 patterns.
67cb6 config: VCS: reading captured set patterns from '/home/linus/MoHex2.0/nfbranchfix/benzene-vanilla-cmake/share/vc-captured-set.txt'.
67cb6 config: VCS:: parsed 2 patterns.
67cb6 dfpn: 
6fcc6 info: Best move cannot be determined, must search state.
6fcc6 info: --- MoHexPlayer::Search() ---
6fcc6 info: Color: black
6fcc6 info: MaxGames: 1
6fcc6 info: NumberThreads: 1
6fcc6 info: MaxNodes: 181818181 (15999999928 bytes)
6fcc6 info: TimeForMove: 1
67cb6 dfpn: i2
67cb6 dfpn: c7
67cb6 dfpn: d7
67cb6 dfpn: d6
67cb6 dfpn: e6
67cb6 dfpn: e7
67cb6 dfpn: c5
77cd6 info: 
MID calls      11
VC builds      12
Terminal       1
Work           12
Wasted Work    15 (125%)
Elapsed Time   0.057112
MIDs/sec       192.604
VCs/sec        210.113
Cnt prune sib  0
Avg prune sib  -
Consider Size  26.7273 dev=20.1182 min=1 max=50
Move Index     2 dev=2.82843 min=0 max=6
Move Percent   0.04 dev=0.0565685 min=0 max=0.12
Delta Increase 1 dev=0 min=1 max=1
Winner         black
PV             c5 d7 f6 f7 e7

HashTableStatistics:
Stores         1770
LookupAttempt  121586
LookupSuccess  6845
Collisions     0

77cd6 info: *** FOUND WIN!!! ***
77cd6 info: PV: c5 d7 f6 f7 e7
6fcc6 info: Time for PreSearch: 0.098018s
6fcc6 info: 
  7b952c8f7a9dd7b0
  a  b  c  d  e  f  g  h  i  j  k  
 1\b  b  b  b  B  .  W  .  .  .  .\1
  2\b  b  b  b  .  *  *  W  *  *  .\2
   3\B  b  b  W  *  *  *  B  W  .  W\3
    4\b  B  .  *  *  *  *  *  *  *  w\4
     5\W  .  *  *  *  *  *  *  *  .  w\5
      6\b  B  *  *  *  *  *  *  B  B  .\6
       7\b  .  *  *  *  *  *  *  *  *  *\7
        8\w  W  .  .  B  W  *  *  *  *  *\8
         9\w  w  B  B  B  *  *  *  *  *  .\9
         10\w  b  b  B  b  W  *  *  *  .  *\10
          11\b  b  b  W  W  .  .  .  W  .  .\11
              a  b  c  d  e  f  g  h  i  j  k  
6fcc6 info: Old: [black, a3] [white, swap-pieces] [white, b8] [black, e9] [white, i11] [black, e8] [white, g1] [black, e1] [white, e11] [black, d9] [white, i3] [black, j6] [white, d11] [black, b6] [white, f8] [black, h3] [white, d3] [black, d10] [white, a5] [black, i6] [white, f10] [black, b4] [white, h2] 
6fcc6 info: New: [black, a3] [white, swap-pieces] [white, b8] [black, e9] [white, i11] [black, e8] [white, g1] [black, e1] [white, e11] [black, d9] [white, i3] [black, j6] [white, d11] [black, b6] [white, f8] [black, h3] [white, d3] [black, d10] [white, a5] [black, i6] [white, f10] [black, b4] [white, h2] [black, c9] [white, k3] 
6fcc6 info: MovesPlayed: [black, c9] [white, k3] 
6fcc6 info: No subtree to reuse.
6fcc6 info: StartSearch()[0]
6fcc6 info: 
Elapsed Time   0.241196s
Count          1
GamesPlayed    1
Nodes          1
Knowledge      0 (0.0%)
Expansions     0.0
Time           0.00
GameLen        72.0 dev=0.0 min=72.0 max=72.0
InTree         0.0 dev=0.0 min=0.0 max=0.0
KnowDepth      -
Aborted        0%
Games/s        3984.1
Score          1.00
Sequence      
6fcc6 info: 
6fcc6 warning: **** MoHexSearch returned empty sequence!
6fcc6 warning: **** Returning random move!
eaa37 info: PlayAndSolve: Building VCs to avoid race condition.
eaa37 info: PlayAndSolve: Continuing on as usual.
77cd6 info: *** PlayerThread ***
6fcc6 info: *** SolverThread ***
6fcc6 info: Already solved!
6fcc6 info: black wins!
6fcc6 info: PV: f6 f7 e7
6fcc6 info: *** FOUND WIN!!! ***
6fcc6 info: PV: f6 f7 e7
77cd6 info: Best move cannot be determined, must search state.
77cd6 info: --- MoHexPlayer::Search() ---
77cd6 info: Color: black
77cd6 info: MaxGames: 1
77cd6 info: NumberThreads: 1
77cd6 info: MaxNodes: 181818181 (15999999928 bytes)
77cd6 info: TimeForMove: 1
77cd6 info: Winning sequence found before UCT search!
77cd6 info: Sequence: c7
eaa37 info: PlayAndSolve: Building VCs to avoid race condition.
eaa37 info: PlayAndSolve: Continuing on as usual.
6fcc6 info: *** PlayerThread ***
77cd6 info: *** SolverThread ***
77cd6 info: Already solved!
77cd6 info: black wins!
77cd6 info: PV: e7
77cd6 info: *** FOUND WIN!!! ***
77cd6 info: PV: e7
6fcc6 info: Best move cannot be determined, must search state.
6fcc6 info: --- MoHexPlayer::Search() ---
6fcc6 info: Color: black
6fcc6 info: MaxGames: 1
6fcc6 info: NumberThreads: 1
6fcc6 info: MaxNodes: 181818181 (15999999928 bytes)
6fcc6 info: TimeForMove: 1
6fcc6 info: Winning sequence found before UCT search!
6fcc6 info: Sequence: e7
eaa37 info: PlayAndSolve: Building VCs to avoid race condition.
eaa37 info: PlayAndSolve: Continuing on as usual.
77cd6 info: *** PlayerThread ***
6fcc6 info: *** SolverThread ***
67cb6 config: VCS: reading captured set patterns from '/home/linus/MoHex2.0/nfbranchfix/benzene-vanilla-cmake/share/vc-captured-set.txt'.
67cb6 config: VCS:: parsed 2 patterns.
67cb6 config: VCS: reading captured set patterns from '/home/linus/MoHex2.0/nfbranchfix/benzene-vanilla-cmake/share/vc-captured-set.txt'.
67cb6 config: VCS:: parsed 2 patterns.
67cb6 dfpn: 
77cd6 info: Winning SC.
77cd6 info: *** Player move: g4
6fcc6 info: 
MID calls      0
VC builds      1
Terminal       1
Work           1
Wasted Work    0 (0%)
Elapsed Time   0.006127
MIDs/sec       0
VCs/sec        163.212
Cnt prune sib  0
Avg prune sib  -
Consider Size  -
Move Index     -
Move Percent   -
Delta Increase -
Winner         black
PV             

HashTableStatistics:
Stores         1771
LookupAttempt  121600
LookupSuccess  6856
Collisions     0

eaa37 info: PlayAndSolve: Building VCs to avoid race condition.
eaa37 info: PlayAndSolve: Continuing on as usual.
6fcc6 info: *** PlayerThread ***
77cd6 info: *** SolverThread ***
67cb6 config: VCS: reading captured set patterns from '/home/linus/MoHex2.0/nfbranchfix/benzene-vanilla-cmake/share/vc-captured-set.txt'.
67cb6 config: VCS:: parsed 2 patterns.
67cb6 config: VCS: reading captured set patterns from '/home/linus/MoHex2.0/nfbranchfix/benzene-vanilla-cmake/share/vc-captured-set.txt'.
67cb6 config: VCS:: parsed 2 patterns.
67cb6 dfpn: 
6fcc6 info: Winning SC.
6fcc6 info: *** Player move: g5
77cd6 info: 
MID calls      0
VC builds      1
Terminal       1
Work           1
Wasted Work    0 (0%)
Elapsed Time   0.007503
MIDs/sec       0
VCs/sec        133.28
Cnt prune sib  0
Avg prune sib  -
Consider Size  -
Move Index     -
Move Percent   -
Delta Increase -
Winner         black
PV             

HashTableStatistics:
Stores         1772
LookupAttempt  121606
LookupSuccess  6859
Collisions     0

eaa37 info: PlayAndSolve: Building VCs to avoid race condition.
eaa37 info: PlayAndSolve: Continuing on as usual.
77cd6 info: *** PlayerThread ***
6fcc6 info: *** SolverThread ***
67cb6 config: VCS: reading captured set patterns from '/home/linus/MoHex2.0/nfbranchfix/benzene-vanilla-cmake/share/vc-captured-set.txt'.
67cb6 config: VCS:: parsed 2 patterns.
67cb6 config: VCS: reading captured set patterns from '/home/linus/MoHex2.0/nfbranchfix/benzene-vanilla-cmake/share/vc-captured-set.txt'.
67cb6 config: VCS:: parsed 2 patterns.
67cb6 dfpn: 
77cd6 info: Winning SC.
77cd6 info: *** Player move: f3
6fcc6 info: 
MID calls      0
VC builds      1
Terminal       1
Work           1
Wasted Work    0 (0%)
Elapsed Time   0.00843
MIDs/sec       0
VCs/sec        118.624
Cnt prune sib  0
Avg prune sib  -
Consider Size  -
Move Index     -
Move Percent   -
Delta Increase -
Winner         black
PV             

HashTableStatistics:
Stores         1773
LookupAttempt  121612
LookupSuccess  6862
Collisions     0

eaa37 info: PlayAndSolve: Building VCs to avoid race condition.
eaa37 info: PlayAndSolve: Continuing on as usual.
6fcc6 info: *** PlayerThread ***
77cd6 info: *** SolverThread ***
67cb6 config: VCS: reading captured set patterns from '/home/linus/MoHex2.0/nfbranchfix/benzene-vanilla-cmake/share/vc-captured-set.txt'.
67cb6 config: VCS:: parsed 2 patterns.
67cb6 config: VCS: reading captured set patterns from '/home/linus/MoHex2.0/nfbranchfix/benzene-vanilla-cmake/share/vc-captured-set.txt'.
67cb6 config: VCS:: parsed 2 patterns.
67cb6 dfpn: 
6fcc6 info: Winning SC.
6fcc6 info: *** Player move: f4
77cd6 info: 
MID calls      0
VC builds      1
Terminal       1
Work           1
Wasted Work    0 (0%)
Elapsed Time   0.006931
MIDs/sec       0
VCs/sec        144.279
Cnt prune sib  0
Avg prune sib  -
Consider Size  -
Move Index     -
Move Percent   -
Delta Increase -
Winner         black
PV             

HashTableStatistics:
Stores         1774
LookupAttempt  121618
LookupSuccess  6865
Collisions     0

eaa37 info: PlayAndSolve: Building VCs to avoid race condition.
eaa37 info: PlayAndSolve: Continuing on as usual.
77cd6 info: *** PlayerThread ***
6fcc6 info: *** SolverThread ***
67cb6 config: VCS: reading captured set patterns from '/home/linus/MoHex2.0/nfbranchfix/benzene-vanilla-cmake/share/vc-captured-set.txt'.
67cb6 config: VCS:: parsed 2 patterns.
67cb6 config: VCS: reading captured set patterns from '/home/linus/MoHex2.0/nfbranchfix/benzene-vanilla-cmake/share/vc-captured-set.txt'.
67cb6 config: VCS:: parsed 2 patterns.
67cb6 dfpn: 
77cd6 info: Winning SC.
77cd6 info: *** Player move: c3
6fcc6 info: 
MID calls      0
VC builds      1
Terminal       1
Work           1
Wasted Work    0 (0%)
Elapsed Time   0.005253
MIDs/sec       0
VCs/sec        190.367
Cnt prune sib  0
Avg prune sib  -
Consider Size  -
Move Index     -
Move Percent   -
Delta Increase -
Winner         black
PV             

HashTableStatistics:
Stores         1775
LookupAttempt  121624
LookupSuccess  6868
Collisions     0

eaa37 info: PlayAndSolve: Building VCs to avoid race condition.
eaa37 info: PlayAndSolve: Continuing on as usual.
6fcc6 info: *** PlayerThread ***
77cd6 info: *** SolverThread ***
67cb6 config: VCS: reading captured set patterns from '/home/linus/MoHex2.0/nfbranchfix/benzene-vanilla-cmake/share/vc-captured-set.txt'.
67cb6 config: VCS:: parsed 2 patterns.
67cb6 config: VCS: reading captured set patterns from '/home/linus/MoHex2.0/nfbranchfix/benzene-vanilla-cmake/share/vc-captured-set.txt'.
67cb6 config: VCS:: parsed 2 patterns.
67cb6 dfpn: 
6fcc6 info: Winning SC.
6fcc6 info: *** Player move: c7
77cd6 info: 
MID calls      0
VC builds      1
Terminal       1
Work           1
Wasted Work    0 (0%)
Elapsed Time   0.004816
MIDs/sec       0
VCs/sec        207.641
Cnt prune sib  0
Avg prune sib  -
Consider Size  -
Move Index     -
Move Percent   -
Delta Increase -
Winner         black
PV             

HashTableStatistics:
Stores         1776
LookupAttempt  121630
LookupSuccess  6871
Collisions     0

eaa37 info: PlayAndSolve: Building VCs to avoid race condition.
eaa37 info: PlayAndSolve: Continuing on as usual.
77cd6 info: *** PlayerThread ***
6fcc6 info: *** SolverThread ***
67cb6 config: VCS: reading captured set patterns from '/home/linus/MoHex2.0/nfbranchfix/benzene-vanilla-cmake/share/vc-captured-set.txt'.
67cb6 config: VCS:: parsed 2 patterns.
67cb6 config: VCS: reading captured set patterns from '/home/linus/MoHex2.0/nfbranchfix/benzene-vanilla-cmake/share/vc-captured-set.txt'.
67cb6 config: VCS:: parsed 2 patterns.
67cb6 dfpn: 
77cd6 info: Winning SC.
77cd6 info: *** Player move: b5
6fcc6 info: 
MID calls      0
VC builds      1
Terminal       1
Work           1
Wasted Work    0 (0%)
Elapsed Time   0.005253
MIDs/sec       0
VCs/sec        190.367
Cnt prune sib  0
Avg prune sib  -
Consider Size  -
Move Index     -
Move Percent   -
Delta Increase -
Winner         black
PV             

HashTableStatistics:
Stores         1777
LookupAttempt  121636
LookupSuccess  6874
Collisions     0

eaa37 info: PlayAndSolve: Building VCs to avoid race condition.
eaa37 info: PlayAndSolve: Continuing on as usual.
6fcc6 info: *** PlayerThread ***
77cd6 info: *** SolverThread ***
67cb6 config: VCS: reading captured set patterns from '/home/linus/MoHex2.0/nfbranchfix/benzene-vanilla-cmake/share/vc-captured-set.txt'.
67cb6 config: VCS:: parsed 2 patterns.
67cb6 config: VCS: reading captured set patterns from '/home/linus/MoHex2.0/nfbranchfix/benzene-vanilla-cmake/share/vc-captured-set.txt'.
67cb6 config: VCS:: parsed 2 patterns.
67cb6 dfpn: 
6fcc6 info: Winning SC.
6fcc6 info: *** Player move: c8
77cd6 info: 
MID calls      0
VC builds      1
Terminal       1
Work           1
Wasted Work    0 (0%)
Elapsed Time   0.00417
MIDs/sec       0
VCs/sec        239.808
Cnt prune sib  0
Avg prune sib  -
Consider Size  -
Move Index     -
Move Percent   -
Delta Increase -
Winner         black
PV             

HashTableStatistics:
Stores         1778
LookupAttempt  121642
LookupSuccess  6877
Collisions     0

eaa37 info: PlayAndSolve: Building VCs to avoid race condition.
eaa37 info: PlayAndSolve: Continuing on as usual.
77cd6 info: *** PlayerThread ***
6fcc6 info: *** SolverThread ***
67cb6 config: VCS: reading captured set patterns from '/home/linus/MoHex2.0/nfbranchfix/benzene-vanilla-cmake/share/vc-captured-set.txt'.
67cb6 config: VCS:: parsed 2 patterns.
67cb6 config: VCS: reading captured set patterns from '/home/linus/MoHex2.0/nfbranchfix/benzene-vanilla-cmake/share/vc-captured-set.txt'.
67cb6 config: VCS:: parsed 2 patterns.
67cb6 dfpn: 
77cd6 info: Winning SC.
77cd6 info: *** Player move: b7
6fcc6 info: 
MID calls      0
VC builds      1
Terminal       1
Work           1
Wasted Work    0 (0%)
Elapsed Time   0.004329
MIDs/sec       0
VCs/sec        231
Cnt prune sib  0
Avg prune sib  -
Consider Size  -
Move Index     -
Move Percent   -
Delta Increase -
Winner         black
PV             

HashTableStatistics:
Stores         1779
LookupAttempt  121648
LookupSuccess  6880
Collisions     0

eaa37 info: PlayAndSolve: Building VCs to avoid race condition.
eaa37 info: PlayAndSolve: Continuing on as usual.
6fcc6 info: *** PlayerThread ***
77cd6 info: *** SolverThread ***
67cb6 config: VCS: reading captured set patterns from '/home/linus/MoHex2.0/nfbranchfix/benzene-vanilla-cmake/share/vc-captured-set.txt'.
67cb6 config: VCS:: parsed 2 patterns.
67cb6 config: VCS: reading captured set patterns from '/home/linus/MoHex2.0/nfbranchfix/benzene-vanilla-cmake/share/vc-captured-set.txt'.
67cb6 config: VCS:: parsed 2 patterns.
67cb6 dfpn: 
6fcc6 info: Winning SC.
6fcc6 info: *** Player move: b10
77cd6 info: 
MID calls      0
VC builds      1
Terminal       1
Work           1
Wasted Work    0 (0%)
Elapsed Time   0.003529
MIDs/sec       0
VCs/sec        283.366
Cnt prune sib  0
Avg prune sib  -
Consider Size  -
Move Index     -
Move Percent   -
Delta Increase -
Winner         black
PV             

HashTableStatistics:
Stores         1780
LookupAttempt  121654
LookupSuccess  6883
Collisions     0

eaa37 info: PlayAndSolve: Building VCs to avoid race condition.
eaa37 info: PlayAndSolve: Continuing on as usual.
77cd6 info: *** PlayerThread ***
6fcc6 info: *** SolverThread ***
67cb6 config: VCS: reading captured set patterns from '/home/linus/MoHex2.0/nfbranchfix/benzene-vanilla-cmake/share/vc-captured-set.txt'.
67cb6 config: VCS:: parsed 2 patterns.
67cb6 config: VCS: reading captured set patterns from '/home/linus/MoHex2.0/nfbranchfix/benzene-vanilla-cmake/share/vc-captured-set.txt'.
67cb6 config: VCS:: parsed 2 patterns.
67cb6 dfpn: 
77cd6 info: Winning SC.
77cd6 info: *** Player move: b11
6fcc6 info: 
MID calls      0
VC builds      1
Terminal       1
Work           1
Wasted Work    0 (0%)
Elapsed Time   0.004804
MIDs/sec       0
VCs/sec        208.16
Cnt prune sib  0
Avg prune sib  -
Consider Size  -
Move Index     -
Move Percent   -
Delta Increase -
Winner         black
PV             

HashTableStatistics:
Stores         1781
LookupAttempt  121660
LookupSuccess  6886
Collisions     0

eaa37 info: PlayAndSolve: Building VCs to avoid race condition.
eaa37 info: PlayAndSolve: Continuing on as usual.
6fcc6 info: *** PlayerThread ***
77cd6 info: *** SolverThread ***
67cb6 config: VCS: reading captured set patterns from '/home/linus/MoHex2.0/nfbranchfix/benzene-vanilla-cmake/share/vc-captured-set.txt'.
67cb6 config: VCS:: parsed 2 patterns.
6fcc6 info: Captured cells caused win! Removing...
67cb6 config: VCS: reading captured set patterns from '/home/linus/MoHex2.0/nfbranchfix/benzene-vanilla-cmake/share/vc-captured-set.txt'.
67cb6 config: VCS:: parsed 2 patterns.
67cb6 dfpn: 
77cd6 info: 
MID calls      0
VC builds      1
Terminal       1
Work           1
Wasted Work    0 (0%)
Elapsed Time   0.002381
MIDs/sec       0
VCs/sec        419.992
Cnt prune sib  0
Avg prune sib  -
Consider Size  -
Move Index     -
Move Percent   -
Delta Increase -
Winner         black
PV             

HashTableStatistics:
Stores         1782
LookupAttempt  121666
LookupSuccess  6889
Collisions     0

6fcc6 info: Winning SC.
6fcc6 info: *** Player move: d2
eaa37 config: ============ BenzeneShutdown =============
eaa37 config: MoHexProgram:: ShutdownSystem()
eaa37 config: CommonProgram:: ShutdownSystem()
eaa37 config: BenzeneProgram:: ShutdownSystem()
Flushing and closing this stream...
