e2f27 config: MoHex v2.0.CMake Mar 21 2025.
e2f27 config: ============ InitializeSystem ============
e2f27 config: BenzeneProgram::InitRandom()
e2f27 config: Seed = 426296
e2f27 info: Prior Patterns:
e2f27 info: Global:
e2f27 info: Size            = 565 32648 
e2f27 info: TableEntries    = 65932 65910
e2f27 info: MirrorsAdded    = 0 0
e2f27 info: PrunableCount   = 30593 30629
e2f27 info: LargestGamma    = 5820.77
e2f27 info: SmallestGamma   = 6.6e-05
e2f27 info: Local:
e2f27 info: Size            = 550 5318 
e2f27 info: TableEntries    = 11602 11588
e2f27 info: MirrorsAdded    = 0 0
e2f27 info: PrunableCount   = 3659 3667
e2f27 info: LargestGamma    = 11281.8
e2f27 info: SmallestGamma   = 0.026235
e2f27 info: Playout Patterns:
e2f27 info: Global:
e2f27 info: Size            = 565 32648 
e2f27 info: TableEntries    = 70329 70329
e2f27 info: MirrorsAdded    = 4397 4419
e2f27 info: PrunableCount   = 30593 30629
e2f27 info: LargestGamma    = 5820.77
e2f27 info: SmallestGamma   = 6.6e-05
e2f27 info: Local:
e2f27 info: Size            = 550 5318 
e2f27 info: TableEntries    = 11602 11588
e2f27 info: MirrorsAdded    = 0 0
e2f27 info: PrunableCount   = 3659 3667
e2f27 info: LargestGamma    = 11281.8
e2f27 info: SmallestGamma   = 0.026235
e2f27 config: IcePatternSet: reading from '/home/linus/MoHex2.0/nfbranchfix/benzene-vanilla-cmake/share/ice-patterns.txt'.
e2f27 config: IcePatternSet: parsed 708 patterns.
e2f27 config: VCS: reading captured set patterns from '/home/linus/MoHex2.0/nfbranchfix/benzene-vanilla-cmake/share/vc-captured-set.txt'.
e2f27 config: VCS:: parsed 2 patterns.
e2f27 config: VCS: reading captured set patterns from '/home/linus/MoHex2.0/nfbranchfix/benzene-vanilla-cmake/share/vc-captured-set.txt'.
e2f27 config: VCS:: parsed 2 patterns.
e2f27 config: IcePatternSet: reading from '/home/linus/MoHex2.0/nfbranchfix/benzene-vanilla-cmake/share/ice-patterns.txt'.
e2f27 config: IcePatternSet: parsed 708 patterns.
e2f27 config: VCS: reading captured set patterns from '/home/linus/MoHex2.0/nfbranchfix/benzene-vanilla-cmake/share/vc-captured-set.txt'.
e2f27 config: VCS:: parsed 2 patterns.
e2f27 config: VCS: reading captured set patterns from '/home/linus/MoHex2.0/nfbranchfix/benzene-vanilla-cmake/share/vc-captured-set.txt'.
e2f27 config: VCS:: parsed 2 patterns.
e2f27 config: VCS: reading captured set patterns from '/home/linus/MoHex2.0/nfbranchfix/benzene-vanilla-cmake/share/vc-captured-set.txt'.
e2f27 config: VCS:: parsed 2 patterns.
e2f27 config: VCS: reading captured set patterns from '/home/linus/MoHex2.0/nfbranchfix/benzene-vanilla-cmake/share/vc-captured-set.txt'.
e2f27 config: VCS:: parsed 2 patterns.
e2f27 config: VCS: reading captured set patterns from '/home/linus/MoHex2.0/nfbranchfix/benzene-vanilla-cmake/share/vc-captured-set.txt'.
e2f27 config: VCS:: parsed 2 patterns.
e2f27 config: VCS: reading captured set patterns from '/home/linus/MoHex2.0/nfbranchfix/benzene-vanilla-cmake/share/vc-captured-set.txt'.
e2f27 config: VCS:: parsed 2 patterns.
e2f27 info: PlayAndSolve: Building VCs to avoid race condition.
e2f27 config: VCPattern: loading pattern templates from '/home/linus/MoHex2.0/nfbranchfix/benzene-vanilla-cmake/share/vc-patterns.txt'.
e2f27 info: PlayAndSolve: Continuing on as usual.
701c6 info: *** PlayerThread ***
681b6 info: *** SolverThread ***
601a6 config: VCS: reading captured set patterns from '/home/linus/MoHex2.0/nfbranchfix/benzene-vanilla-cmake/share/vc-captured-set.txt'.
601a6 config: VCS:: parsed 2 patterns.
601a6 config: VCS: reading captured set patterns from '/home/linus/MoHex2.0/nfbranchfix/benzene-vanilla-cmake/share/vc-captured-set.txt'.
601a6 config: VCS:: parsed 2 patterns.
601a6 dfpn: 
701c6 info: Best move cannot be determined, must search state.
701c6 info: --- MoHexPlayer::Search() ---
701c6 info: Color: black
701c6 info: MaxGames: 1
701c6 info: NumberThreads: 1
701c6 info: MaxNodes: 181818181 (15999999928 bytes)
701c6 info: TimeForMove: 1
601a6 dfpn: b10
601a6 dfpn: j2
601a6 dfpn: i2
601a6 dfpn: b7
601a6 dfpn: i3
601a6 dfpn: f2
601a6 dfpn: c6
601a6 dfpn: h4
601a6 dfpn: d5
601a6 dfpn: e3
601a6 dfpn: d4
601a6 dfpn: e4
601a6 dfpn: d6
601a6 dfpn: a10
601a6 dfpn: e5
601a6 dfpn: c5
601a6 dfpn: g5
601a6 dfpn: c10
601a6 dfpn: e6
601a6 dfpn: h5
601a6 dfpn: b6
601a6 dfpn: d8
601a6 dfpn: f5
601a6 dfpn: d7
601a6 dfpn: f2
701c6 info: PreSearch: max time reached (59/92).
701c6 info: Time for PreSearch: 0.200688s
701c6 info: 
  7e32e0aab4eeab65
  a  b  c  d  e  f  g  h  i  j  k  
 1\.  .  .  .  .  .  .  W  .  .  .\1
  2\.  .  *  *  *  *  *  *  *  *  *\2
   3\.  *  *  *  *  *  *  *  *  *  *\3
    4\*  *  *  *  *  *  *  *  *  *  *\4
     5\*  *  *  *  *  *  *  *  *  *  *\5
      6\*  *  *  *  *  *  *  *  *  *  *\6
       7\*  *  *  *  *  *  *  *  *  *  *\7
        8\*  *  *  *  *  *  *  *  *  *  *\8
         9\B  *  *  *  *  *  *  *  *  *  .\9
         10\*  *  *  *  *  *  *  *  *  .  .\10
          11\.  .  .  .  .  .  .  .  .  .  .\11
              a  b  c  d  e  f  g  h  i  j  k  
701c6 info: No subtree to reuse.
701c6 info: Creating thread 0
701c6 info: StartSearch()[0]
701c6 config: VCS: reading captured set patterns from '/home/linus/MoHex2.0/nfbranchfix/benzene-vanilla-cmake/share/vc-captured-set.txt'.
701c6 config: VCS:: parsed 2 patterns.
701c6 config: VCS: reading captured set patterns from '/home/linus/MoHex2.0/nfbranchfix/benzene-vanilla-cmake/share/vc-captured-set.txt'.
701c6 config: VCS:: parsed 2 patterns.
701c6 info: 
Elapsed Time   0.359354s
Count          1
GamesPlayed    1
Nodes          1
Knowledge      0 (0.0%)
Expansions     0.0
Time           0.00
GameLen        119.0 dev=0.0 min=119.0 max=119.0
InTree         0.0 dev=0.0 min=0.0 max=0.0
KnowDepth      -
Aborted        0%
Games/s        385.4
Score          1.00
Sequence      
701c6 info: 
701c6 warning: **** MoHexSearch returned empty sequence!
701c6 warning: **** Returning random move!
701c6 info: *** Player move: f6
601a6 info: DfpnSolver::CheckAbort(): Abort flag!
681b6 info: 
MID calls      59
VC builds      57
Terminal       0
Work           59
Wasted Work    0 (0%)
Elapsed Time   0.36982
MIDs/sec       159.537
VCs/sec        154.129
Cnt prune sib  0
Avg prune sib  -
Consider Size  88.2281 dev=3.00317 min=80 max=93
Move Index     -
Move Percent   -
Delta Increase 3.91379 dev=15.3255 min=1 max=86
Winner         empty
PV             f2 b7 d5 c7

HashTableStatistics:
Stores         141
LookupAttempt  13949
LookupSuccess  738
Collisions     0

681b6 info: Search aborted.
e2f27 info: PlayAndSolve: Building VCs to avoid race condition.
e2f27 info: PlayAndSolve: Continuing on as usual.
681b6 info: *** PlayerThread ***
701c6 info: *** SolverThread ***
601a6 config: VCS: reading captured set patterns from '/home/linus/MoHex2.0/nfbranchfix/benzene-vanilla-cmake/share/vc-captured-set.txt'.
601a6 config: VCS:: parsed 2 patterns.
601a6 config: VCS: reading captured set patterns from '/home/linus/MoHex2.0/nfbranchfix/benzene-vanilla-cmake/share/vc-captured-set.txt'.
601a6 config: VCS:: parsed 2 patterns.
601a6 dfpn: 
681b6 info: Best move cannot be determined, must search state.
681b6 info: --- MoHexPlayer::Search() ---
681b6 info: Color: black
681b6 info: MaxGames: 1
681b6 info: NumberThreads: 1
681b6 info: MaxNodes: 181818181 (15999999928 bytes)
681b6 info: TimeForMove: 1
601a6 dfpn: b10
601a6 dfpn: c10
601a6 dfpn: f9
601a6 dfpn: i2
601a6 dfpn: j2
601a6 dfpn: g4
601a6 dfpn: f2
601a6 dfpn: i3
601a6 dfpn: b7
601a6 dfpn: g7
601a6 dfpn: a10
601a6 dfpn: e10
601a6 dfpn: g8
601a6 dfpn: f5
601a6 dfpn: e3
601a6 dfpn: e5
601a6 dfpn: f4
601a6 dfpn: f8
601a6 dfpn: e4
601a6 dfpn: e8
601a6 dfpn: c9
601a6 dfpn: f7
601a6 dfpn: d4
601a6 dfpn: h4
601a6 dfpn: f2
681b6 info: PreSearch: max time reached (60/90).
681b6 info: Time for PreSearch: 0.202149s
681b6 info: 
  ef3ffa38e3252c4e
  a  b  c  d  e  f  g  h  i  j  k  
 1\.  .  .  .  .  .  .  W  .  .  .\1
  2\.  .  *  *  *  *  *  *  *  *  *\2
   3\.  *  *  *  *  *  *  *  *  *  *\3
    4\*  *  *  *  *  *  *  *  *  *  *\4
     5\*  *  *  *  *  *  *  *  *  *  *\5
      6\*  *  *  *  *  B  *  *  *  *  *\6
       7\*  *  *  *  *  *  *  *  *  *  *\7
        8\*  *  *  *  *  *  *  *  *  *  *\8
         9\B  *  *  *  *  *  *  *  *  *  .\9
         10\*  *  *  W  *  *  *  *  *  .  .\10
          11\.  .  .  .  .  .  .  .  .  .  .\11
              a  b  c  d  e  f  g  h  i  j  k  
601a6 dfpn: i2
681b6 info: Old: [black, a9] [white, h1] 
681b6 info: New: [black, a9] [white, h1] [black, f6] [white, d10] 
681b6 info: MovesPlayed: [black, f6] [white, d10] 
681b6 info: No subtree to reuse.
681b6 info: StartSearch()[0]
681b6 info: 
Elapsed Time   0.636066s
Count          1
GamesPlayed    1
Nodes          1
Knowledge      0 (0.0%)
Expansions     0.0
Time           0.00
GameLen        117.0 dev=0.0 min=117.0 max=117.0
InTree         0.0 dev=0.0 min=0.0 max=0.0
KnowDepth      -
Aborted        0%
Games/s        2247.2
Score          1.00
Sequence      
681b6 info: 
681b6 warning: **** MoHexSearch returned empty sequence!
681b6 warning: **** Returning random move!
681b6 info: *** Player move: h4
601a6 info: DfpnSolver::CheckAbort(): Abort flag!
701c6 info: 
MID calls      114
VC builds      110
Terminal       0
Work           114
Wasted Work    0 (0%)
Elapsed Time   0.650036
MIDs/sec       175.375
VCs/sec        169.221
Cnt prune sib  0
Avg prune sib  -
Consider Size  83.4273 dev=4.05528 min=75 max=90
Move Index     -
Move Percent   -
Delta Increase 3.19469 dev=13.0166 min=1 max=82
Winner         empty
PV             i2 b7 i4 i3

HashTableStatistics:
Stores         393
LookupAttempt  32429
LookupSuccess  1583
Collisions     0

701c6 info: Search aborted.
e2f27 info: PlayAndSolve: Building VCs to avoid race condition.
e2f27 info: PlayAndSolve: Continuing on as usual.
701c6 info: *** PlayerThread ***
681b6 info: *** SolverThread ***
601a6 config: VCS: reading captured set patterns from '/home/linus/MoHex2.0/nfbranchfix/benzene-vanilla-cmake/share/vc-captured-set.txt'.
601a6 config: VCS:: parsed 2 patterns.
601a6 config: VCS: reading captured set patterns from '/home/linus/MoHex2.0/nfbranchfix/benzene-vanilla-cmake/share/vc-captured-set.txt'.
601a6 config: VCS:: parsed 2 patterns.
601a6 dfpn: 
701c6 info: Best move cannot be determined, must search state.
701c6 info: --- MoHexPlayer::Search() ---
701c6 info: Color: black
701c6 info: MaxGames: 1
701c6 info: NumberThreads: 1
701c6 info: MaxNodes: 181818181 (15999999928 bytes)
701c6 info: TimeForMove: 1
601a6 dfpn: i2
601a6 dfpn: b10
601a6 dfpn: j2
601a6 dfpn: f9
601a6 dfpn: c10
601a6 dfpn: f2
601a6 dfpn: i3
601a6 dfpn: g7
601a6 dfpn: g5
601a6 dfpn: g8
601a6 dfpn: e10
601a6 dfpn: f8
601a6 dfpn: e8
601a6 dfpn: c9
601a6 dfpn: f7
601a6 dfpn: b7
601a6 dfpn: h3
601a6 dfpn: e3
601a6 dfpn: g9
601a6 dfpn: h7
601a6 dfpn: a10
601a6 dfpn: f10
601a6 dfpn: h8
601a6 dfpn: h5
601a6 dfpn: f10
701c6 info: PreSearch: max time reached (59/90).
701c6 info: Time for PreSearch: 0.201926s
701c6 info: 
  56715e98a8f8fa8a
  a  b  c  d  e  f  g  h  i  j  k  
 1\.  .  W  .  .  .  .  W  .  .  .\1
  2\*  .  *  *  *  *  *  *  *  *  *\2
   3\.  *  *  *  *  *  *  *  *  *  *\3
    4\*  *  *  *  *  *  *  B  *  *  *\4
     5\*  *  *  *  *  *  *  *  *  *  *\5
      6\*  *  *  *  *  B  *  *  *  *  *\6
       7\*  *  *  *  *  *  *  *  *  *  *\7
        8\*  *  *  *  *  *  *  *  *  *  *\8
         9\B  *  *  *  *  *  *  *  *  *  .\9
         10\*  *  *  W  *  *  *  *  *  .  .\10
          11\.  .  .  .  .  .  .  .  .  .  .\11
              a  b  c  d  e  f  g  h  i  j  k  
701c6 info: Old: [black, a9] [white, h1] [black, f6] [white, d10] 
701c6 info: New: [black, a9] [white, h1] [black, f6] [white, d10] [black, h4] [white, c1] 
701c6 info: MovesPlayed: [black, h4] [white, c1] 
701c6 info: No subtree to reuse.
701c6 info: StartSearch()[0]
701c6 info: 
Elapsed Time   0.35834s
Count          1
GamesPlayed    1
Nodes          1
Knowledge      0 (0.0%)
Expansions     0.0
Time           0.00
GameLen        115.0 dev=0.0 min=115.0 max=115.0
InTree         0.0 dev=0.0 min=0.0 max=0.0
KnowDepth      -
Aborted        0%
Games/s        2890.2
Score          1.00
Sequence      
701c6 info: 
701c6 warning: **** MoHexSearch returned empty sequence!
701c6 warning: **** Returning random move!
701c6 info: *** Player move: e10
601a6 info: DfpnSolver::CheckAbort(): Abort flag!
681b6 info: 
MID calls      60
VC builds      58
Terminal       0
Work           60
Wasted Work    0 (0%)
Elapsed Time   0.368415
MIDs/sec       162.86
VCs/sec        157.431
Cnt prune sib  0
Avg prune sib  -
Consider Size  83.069 dev=7.32694 min=40 max=90
Move Index     -
Move Percent   -
Delta Increase 3.77966 dev=14.5615 min=1 max=82
Winner         empty
PV             f10 j2 b10 i2

HashTableStatistics:
Stores         536
LookupAttempt  45962
LookupSuccess  2322
Collisions     0

681b6 info: Search aborted.
e2f27 info: PlayAndSolve: Building VCs to avoid race condition.
e2f27 info: PlayAndSolve: Continuing on as usual.
681b6 info: *** PlayerThread ***
701c6 info: *** SolverThread ***
601a6 config: VCS: reading captured set patterns from '/home/linus/MoHex2.0/nfbranchfix/benzene-vanilla-cmake/share/vc-captured-set.txt'.
601a6 config: VCS:: parsed 2 patterns.
601a6 config: VCS: reading captured set patterns from '/home/linus/MoHex2.0/nfbranchfix/benzene-vanilla-cmake/share/vc-captured-set.txt'.
601a6 config: VCS:: parsed 2 patterns.
601a6 dfpn: 
681b6 info: Best move cannot be determined, must search state.
681b6 info: --- MoHexPlayer::Search() ---
681b6 info: Color: black
681b6 info: MaxGames: 1
681b6 info: NumberThreads: 1
681b6 info: MaxNodes: 181818181 (15999999928 bytes)
681b6 info: TimeForMove: 1
601a6 dfpn: i2
601a6 dfpn: j2
601a6 dfpn: i3
601a6 dfpn: f2
601a6 dfpn: f8
601a6 dfpn: e9
601a6 dfpn: e8
601a6 dfpn: g5
601a6 dfpn: g7
601a6 dfpn: f7
601a6 dfpn: g8
601a6 dfpn: h3
601a6 dfpn: f9
601a6 dfpn: h7
601a6 dfpn: g3
601a6 dfpn: b10
601a6 dfpn: h2
601a6 dfpn: g6
601a6 dfpn: h5
601a6 dfpn: g2
601a6 dfpn: d2
601a6 dfpn: h6
601a6 dfpn: g4
601a6 dfpn: i2
681b6 info: PreSearch: max time reached (64/87).
681b6 info: Time for PreSearch: 0.202141s
681b6 info: 
  7ad608b26498ecd0
  a  b  c  d  e  f  g  h  i  j  k  
 1\.  .  W  .  .  .  .  W  .  .  .\1
  2\*  .  *  *  W  *  *  *  *  *  *\2
   3\.  *  *  *  *  *  *  *  *  *  *\3
    4\*  *  *  *  *  *  *  B  *  *  *\4
     5\*  *  *  *  *  *  *  *  *  *  *\5
      6\*  *  *  *  *  B  *  *  *  *  *\6
       7\*  *  *  *  *  *  *  *  *  *  *\7
        8\*  *  *  *  *  *  *  *  *  *  *\8
         9\B  *  *  *  *  *  *  *  *  *  .\9
         10\*  *  *  W  B  .  *  *  *  .  .\10
          11\.  .  .  b  b  b  .  .  .  .  .\11
              a  b  c  d  e  f  g  h  i  j  k  
681b6 info: Old: [black, a9] [white, h1] [black, f6] [white, d10] [black, h4] [white, c1] 
681b6 info: New: [black, a9] [white, h1] [black, f6] [white, d10] [black, h4] [white, c1] [black, e10] [white, e2] 
681b6 info: MovesPlayed: [black, e10] [white, e2] 
681b6 info: No subtree to reuse.
681b6 info: StartSearch()[0]
681b6 info: 
Elapsed Time   0.347212s
Count          1
GamesPlayed    1
Nodes          1
Knowledge      0 (0.0%)
Expansions     0.0
Time           0.00
GameLen        110.0 dev=0.0 min=110.0 max=110.0
InTree         0.0 dev=0.0 min=0.0 max=0.0
KnowDepth      -
Aborted        0%
Games/s        3610.1
Score          1.00
Sequence      
681b6 info: 
681b6 warning: **** MoHexSearch returned empty sequence!
681b6 warning: **** Returning random move!
681b6 info: *** Player move: j11
601a6 info: DfpnSolver::CheckAbort(): Abort flag!
701c6 info: 
MID calls      56
VC builds      54
Terminal       0
Work           56
Wasted Work    0 (0%)
Elapsed Time   0.359302
MIDs/sec       155.858
VCs/sec        150.291
Cnt prune sib  0
Avg prune sib  -
Consider Size  78.2963 dev=8.35691 min=26 max=87
Move Index     -
Move Percent   -
Delta Increase 3.81818 dev=14.5228 min=1 max=82
Winner         empty
PV             i2 g7 h3 e8

HashTableStatistics:
Stores         670
LookupAttempt  58290
LookupSuccess  3006
Collisions     0

701c6 info: Search aborted.
e2f27 info: PlayAndSolve: Building VCs to avoid race condition.
e2f27 info: PlayAndSolve: Continuing on as usual.
701c6 info: *** PlayerThread ***
681b6 info: *** SolverThread ***
601a6 config: VCS: reading captured set patterns from '/home/linus/MoHex2.0/nfbranchfix/benzene-vanilla-cmake/share/vc-captured-set.txt'.
601a6 config: VCS:: parsed 2 patterns.
601a6 config: VCS: reading captured set patterns from '/home/linus/MoHex2.0/nfbranchfix/benzene-vanilla-cmake/share/vc-captured-set.txt'.
601a6 config: VCS:: parsed 2 patterns.
601a6 dfpn: 
701c6 info: Best move cannot be determined, must search state.
701c6 info: --- MoHexPlayer::Search() ---
701c6 info: Color: black
701c6 info: MaxGames: 1
701c6 info: NumberThreads: 1
701c6 info: MaxNodes: 181818181 (15999999928 bytes)
701c6 info: TimeForMove: 1
601a6 dfpn: i2
601a6 dfpn: j2
601a6 dfpn: f8
601a6 dfpn: e9
601a6 dfpn: f2
601a6 dfpn: e8
601a6 dfpn: i3
601a6 dfpn: g8
601a6 dfpn: g7
601a6 dfpn: f7
601a6 dfpn: g5
601a6 dfpn: f9
601a6 dfpn: h3
601a6 dfpn: b10
601a6 dfpn: g6
601a6 dfpn: g3
601a6 dfpn: h7
601a6 dfpn: h2
601a6 dfpn: g2
601a6 dfpn: d2
601a6 dfpn: h5
601a6 dfpn: e7
601a6 dfpn: g4
601a6 dfpn: f9
701c6 info: PreSearch: max time reached (42/88).
701c6 info: Time for PreSearch: 0.201352s
701c6 info: 
  32d1ee9897a22ea8
  a  b  c  d  e  f  g  h  i  j  k  
 1\.  .  W  .  .  .  .  W  .  .  .\1
  2\*  .  *  *  W  *  *  *  *  *  *\2
   3\.  *  *  *  *  *  *  *  *  *  *\3
    4\*  *  *  *  *  *  *  B  *  *  *\4
     5\*  *  *  *  *  *  *  *  *  *  *\5
      6\*  *  *  *  *  B  *  *  *  *  *\6
       7\*  *  *  *  *  *  *  *  W  *  *\7
        8\*  *  *  *  *  *  *  *  *  *  *\8
         9\B  *  *  *  *  *  *  *  *  *  *\9
         10\*  *  *  W  B  .  *  *  *  *  .\10
          11\.  .  .  b  b  b  .  .  .  B  b\11
              a  b  c  d  e  f  g  h  i  j  k  
601a6 dfpn: i2
701c6 info: Old: [black, a9] [white, h1] [black, f6] [white, d10] [black, h4] [white, c1] [black, e10] [white, e2] 
701c6 info: New: [black, a9] [white, h1] [black, f6] [white, d10] [black, h4] [white, c1] [black, e10] [white, e2] [black, j11] [white, i7] 
701c6 info: MovesPlayed: [black, j11] [white, i7] 
701c6 info: No subtree to reuse.
701c6 info: StartSearch()[0]
701c6 info: 
Elapsed Time   0.563636s
Count          1
GamesPlayed    1
Nodes          1
Knowledge      0 (0.0%)
Expansions     0.0
Time           0.00
GameLen        107.0 dev=0.0 min=107.0 max=107.0
InTree         0.0 dev=0.0 min=0.0 max=0.0
KnowDepth      -
Aborted        0%
Games/s        3236.2
Score          1.00
Sequence      
701c6 info: 
701c6 warning: **** MoHexSearch returned empty sequence!
701c6 warning: **** Returning random move!
701c6 info: *** Player move: g4
601a6 info: DfpnSolver::CheckAbort(): Abort flag!
681b6 info: 
MID calls      80
VC builds      77
Terminal       1
Work           81
Wasted Work    0 (0%)
Elapsed Time   0.578081
MIDs/sec       138.389
VCs/sec        133.199
Cnt prune sib  1
Avg prune sib  1 dev=0 min=1 max=1
Consider Size  75.7632 dev=10.8274 min=26 max=88
Move Index     -
Move Percent   -
Delta Increase 3.475 dev=12.6905 min=1 max=83
Winner         empty
PV             i2 g7 e8 e9

HashTableStatistics:
Stores         855
LookupAttempt  72661
LookupSuccess  3765
Collisions     0

681b6 info: Search aborted.
e2f27 info: PlayAndSolve: Building VCs to avoid race condition.
e2f27 info: PlayAndSolve: Continuing on as usual.
681b6 info: *** PlayerThread ***
701c6 info: *** SolverThread ***
601a6 config: VCS: reading captured set patterns from '/home/linus/MoHex2.0/nfbranchfix/benzene-vanilla-cmake/share/vc-captured-set.txt'.
601a6 config: VCS:: parsed 2 patterns.
601a6 config: VCS: reading captured set patterns from '/home/linus/MoHex2.0/nfbranchfix/benzene-vanilla-cmake/share/vc-captured-set.txt'.
601a6 config: VCS:: parsed 2 patterns.
601a6 dfpn: 
681b6 info: Best move cannot be determined, must search state.
681b6 info: --- MoHexPlayer::Search() ---
681b6 info: Color: black
681b6 info: MaxGames: 1
681b6 info: NumberThreads: 1
681b6 info: MaxNodes: 181818181 (15999999928 bytes)
681b6 info: TimeForMove: 1
601a6 dfpn: i2
601a6 dfpn: f8
601a6 dfpn: e8
601a6 dfpn: e9
601a6 dfpn: g8
601a6 dfpn: j2
601a6 dfpn: g7
601a6 dfpn: f7
681b6 info: Winning sequence found before UCT search!
681b6 info: Sequence: e7
681b6 info: *** Player move: e7
601a6 info: DfpnSolver::CheckAbort(): Abort flag!
701c6 info: 
MID calls      9
VC builds      9
Terminal       0
Work           9
Wasted Work    0 (0%)
Elapsed Time   0.080883
MIDs/sec       111.272
VCs/sec        111.272
Cnt prune sib  0
Avg prune sib  -
Consider Size  25.1111 dev=22.4719 min=4 max=84
Move Index     -
Move Percent   -
Delta Increase 1 dev=0 min=1 max=1
Winner         empty
PV             f7 f8

HashTableStatistics:
Stores         882
LookupAttempt  75713
LookupSuccess  3867
Collisions     0

701c6 info: Search aborted.
e2f27 info: PlayAndSolve: Building VCs to avoid race condition.
e2f27 info: PlayAndSolve: Continuing on as usual.
701c6 info: *** PlayerThread ***
681b6 info: *** SolverThread ***
601a6 config: VCS: reading captured set patterns from '/home/linus/MoHex2.0/nfbranchfix/benzene-vanilla-cmake/share/vc-captured-set.txt'.
601a6 config: VCS:: parsed 2 patterns.
601a6 config: VCS: reading captured set patterns from '/home/linus/MoHex2.0/nfbranchfix/benzene-vanilla-cmake/share/vc-captured-set.txt'.
601a6 config: VCS:: parsed 2 patterns.
601a6 dfpn: 
681b6 info: 
MID calls      0
VC builds      1
Terminal       1
Work           1
Wasted Work    0 (0%)
Elapsed Time   0.00948
MIDs/sec       0
VCs/sec        105.485
Cnt prune sib  0
Avg prune sib  -
Consider Size  -
Move Index     -
Move Percent   -
Delta Increase -
Winner         black
PV             

HashTableStatistics:
Stores         883
LookupAttempt  75719
LookupSuccess  3870
Collisions     0

701c6 info: Winning SC.
701c6 info: *** Player move: f2
e2f27 info: PlayAndSolve: Building VCs to avoid race condition.
e2f27 info: PlayAndSolve: Continuing on as usual.
681b6 info: *** PlayerThread ***
701c6 info: *** SolverThread ***
601a6 config: VCS: reading captured set patterns from '/home/linus/MoHex2.0/nfbranchfix/benzene-vanilla-cmake/share/vc-captured-set.txt'.
601a6 config: VCS:: parsed 2 patterns.
601a6 config: VCS: reading captured set patterns from '/home/linus/MoHex2.0/nfbranchfix/benzene-vanilla-cmake/share/vc-captured-set.txt'.
601a6 config: VCS:: parsed 2 patterns.
601a6 dfpn: 
701c6 info: 
MID calls      0
VC builds      1
Terminal       1
Work           1
Wasted Work    0 (0%)
Elapsed Time   0.007656
MIDs/sec       0
VCs/sec        130.617
Cnt prune sib  0
Avg prune sib  -
Consider Size  -
Move Index     -
Move Percent   -
Delta Increase -
Winner         black
PV             

HashTableStatistics:
Stores         884
LookupAttempt  75725
LookupSuccess  3873
Collisions     0

681b6 info: Winning SC.
681b6 info: *** Player move: e4
e2f27 info: PlayAndSolve: Building VCs to avoid race condition.
e2f27 info: PlayAndSolve: Continuing on as usual.
701c6 info: *** PlayerThread ***
681b6 info: *** SolverThread ***
601a6 config: VCS: reading captured set patterns from '/home/linus/MoHex2.0/nfbranchfix/benzene-vanilla-cmake/share/vc-captured-set.txt'.
601a6 config: VCS:: parsed 2 patterns.
601a6 config: VCS: reading captured set patterns from '/home/linus/MoHex2.0/nfbranchfix/benzene-vanilla-cmake/share/vc-captured-set.txt'.
601a6 config: VCS:: parsed 2 patterns.
601a6 dfpn: 
701c6 info: Winning SC.
701c6 info: *** Player move: f3
681b6 info: 
MID calls      0
VC builds      1
Terminal       1
Work           1
Wasted Work    0 (0%)
Elapsed Time   0.008689
MIDs/sec       0
VCs/sec        115.088
Cnt prune sib  0
Avg prune sib  -
Consider Size  -
Move Index     -
Move Percent   -
Delta Increase -
Winner         black
PV             

HashTableStatistics:
Stores         885
LookupAttempt  75731
LookupSuccess  3876
Collisions     0

e2f27 info: PlayAndSolve: Building VCs to avoid race condition.
e2f27 info: PlayAndSolve: Continuing on as usual.
681b6 info: *** PlayerThread ***
701c6 info: *** SolverThread ***
601a6 config: VCS: reading captured set patterns from '/home/linus/MoHex2.0/nfbranchfix/benzene-vanilla-cmake/share/vc-captured-set.txt'.
601a6 config: VCS:: parsed 2 patterns.
601a6 config: VCS: reading captured set patterns from '/home/linus/MoHex2.0/nfbranchfix/benzene-vanilla-cmake/share/vc-captured-set.txt'.
601a6 config: VCS:: parsed 2 patterns.
601a6 dfpn: 
681b6 info: Winning SC.
681b6 info: *** Player move: g8
701c6 info: 
MID calls      0
VC builds      1
Terminal       1
Work           1
Wasted Work    0 (0%)
Elapsed Time   0.008427
MIDs/sec       0
VCs/sec        118.666
Cnt prune sib  0
Avg prune sib  -
Consider Size  -
Move Index     -
Move Percent   -
Delta Increase -
Winner         black
PV             

HashTableStatistics:
Stores         886
LookupAttempt  75737
LookupSuccess  3879
Collisions     0

e2f27 info: PlayAndSolve: Building VCs to avoid race condition.
e2f27 info: PlayAndSolve: Continuing on as usual.
701c6 info: *** PlayerThread ***
681b6 info: *** SolverThread ***
601a6 config: VCS: reading captured set patterns from '/home/linus/MoHex2.0/nfbranchfix/benzene-vanilla-cmake/share/vc-captured-set.txt'.
601a6 config: VCS:: parsed 2 patterns.
601a6 config: VCS: reading captured set patterns from '/home/linus/MoHex2.0/nfbranchfix/benzene-vanilla-cmake/share/vc-captured-set.txt'.
601a6 config: VCS:: parsed 2 patterns.
601a6 dfpn: 
701c6 info: Winning SC.
701c6 info: *** Player move: d6
681b6 info: 
MID calls      0
VC builds      1
Terminal       1
Work           1
Wasted Work    0 (0%)
Elapsed Time   0.009479
MIDs/sec       0
VCs/sec        105.496
Cnt prune sib  0
Avg prune sib  -
Consider Size  -
Move Index     -
Move Percent   -
Delta Increase -
Winner         black
PV             

HashTableStatistics:
Stores         887
LookupAttempt  75743
LookupSuccess  3882
Collisions     0

e2f27 info: PlayAndSolve: Building VCs to avoid race condition.
e2f27 info: PlayAndSolve: Continuing on as usual.
681b6 info: *** PlayerThread ***
701c6 info: *** SolverThread ***
601a6 config: VCS: reading captured set patterns from '/home/linus/MoHex2.0/nfbranchfix/benzene-vanilla-cmake/share/vc-captured-set.txt'.
601a6 config: VCS:: parsed 2 patterns.
601a6 config: VCS: reading captured set patterns from '/home/linus/MoHex2.0/nfbranchfix/benzene-vanilla-cmake/share/vc-captured-set.txt'.
601a6 config: VCS:: parsed 2 patterns.
601a6 dfpn: 
681b6 info: Winning SC.
681b6 info: *** Player move: d7
701c6 info: 
MID calls      0
VC builds      1
Terminal       1
Work           1
Wasted Work    0 (0%)
Elapsed Time   0.008417
MIDs/sec       0
VCs/sec        118.807
Cnt prune sib  0
Avg prune sib  -
Consider Size  -
Move Index     -
Move Percent   -
Delta Increase -
Winner         black
PV             

HashTableStatistics:
Stores         888
LookupAttempt  75749
LookupSuccess  3885
Collisions     0

e2f27 info: PlayAndSolve: Building VCs to avoid race condition.
e2f27 info: PlayAndSolve: Continuing on as usual.
701c6 info: *** PlayerThread ***
681b6 info: *** SolverThread ***
601a6 config: VCS: reading captured set patterns from '/home/linus/MoHex2.0/nfbranchfix/benzene-vanilla-cmake/share/vc-captured-set.txt'.
601a6 config: VCS:: parsed 2 patterns.
601a6 config: VCS: reading captured set patterns from '/home/linus/MoHex2.0/nfbranchfix/benzene-vanilla-cmake/share/vc-captured-set.txt'.
601a6 config: VCS:: parsed 2 patterns.
601a6 dfpn: 
701c6 info: Winning SC.
701c6 info: *** Player move: e5
681b6 info: 
MID calls      0
VC builds      1
Terminal       1
Work           1
Wasted Work    0 (0%)
Elapsed Time   0.009003
MIDs/sec       0
VCs/sec        111.074
Cnt prune sib  0
Avg prune sib  -
Consider Size  -
Move Index     -
Move Percent   -
Delta Increase -
Winner         black
PV             

HashTableStatistics:
Stores         889
LookupAttempt  75755
LookupSuccess  3888
Collisions     0

e2f27 info: PlayAndSolve: Building VCs to avoid race condition.
e2f27 info: PlayAndSolve: Continuing on as usual.
681b6 info: *** PlayerThread ***
701c6 info: *** SolverThread ***
601a6 config: VCS: reading captured set patterns from '/home/linus/MoHex2.0/nfbranchfix/benzene-vanilla-cmake/share/vc-captured-set.txt'.
601a6 config: VCS:: parsed 2 patterns.
601a6 config: VCS: reading captured set patterns from '/home/linus/MoHex2.0/nfbranchfix/benzene-vanilla-cmake/share/vc-captured-set.txt'.
601a6 config: VCS:: parsed 2 patterns.
601a6 dfpn: 
681b6 info: Winning SC.
681b6 info: *** Player move: g9
701c6 info: 
MID calls      0
VC builds      1
Terminal       1
Work           1
Wasted Work    0 (0%)
Elapsed Time   0.006577
MIDs/sec       0
VCs/sec        152.045
Cnt prune sib  0
Avg prune sib  -
Consider Size  -
Move Index     -
Move Percent   -
Delta Increase -
Winner         black
PV             

HashTableStatistics:
Stores         890
LookupAttempt  75761
LookupSuccess  3891
Collisions     0

e2f27 info: PlayAndSolve: Building VCs to avoid race condition.
e2f27 info: PlayAndSolve: Continuing on as usual.
701c6 info: *** PlayerThread ***
681b6 info: *** SolverThread ***
601a6 config: VCS: reading captured set patterns from '/home/linus/MoHex2.0/nfbranchfix/benzene-vanilla-cmake/share/vc-captured-set.txt'.
601a6 config: VCS:: parsed 2 patterns.
601a6 config: VCS: reading captured set patterns from '/home/linus/MoHex2.0/nfbranchfix/benzene-vanilla-cmake/share/vc-captured-set.txt'.
601a6 config: VCS:: parsed 2 patterns.
601a6 dfpn: 
701c6 info: Winning SC.
701c6 info: *** Player move: f10
681b6 info: 
MID calls      0
VC builds      1
Terminal       1
Work           1
Wasted Work    0 (0%)
Elapsed Time   0.006392
MIDs/sec       0
VCs/sec        156.446
Cnt prune sib  0
Avg prune sib  -
Consider Size  -
Move Index     -
Move Percent   -
Delta Increase -
Winner         black
PV             

HashTableStatistics:
Stores         891
LookupAttempt  75767
LookupSuccess  3894
Collisions     0

e2f27 info: PlayAndSolve: Building VCs to avoid race condition.
e2f27 info: PlayAndSolve: Continuing on as usual.
681b6 info: *** PlayerThread ***
701c6 info: *** SolverThread ***
601a6 config: VCS: reading captured set patterns from '/home/linus/MoHex2.0/nfbranchfix/benzene-vanilla-cmake/share/vc-captured-set.txt'.
601a6 config: VCS:: parsed 2 patterns.
601a6 config: VCS: reading captured set patterns from '/home/linus/MoHex2.0/nfbranchfix/benzene-vanilla-cmake/share/vc-captured-set.txt'.
601a6 config: VCS:: parsed 2 patterns.
601a6 dfpn: 
681b6 info: Winning SC.
681b6 info: *** Player move: f8
701c6 info: 
MID calls      0
VC builds      1
Terminal       1
Work           1
Wasted Work    0 (0%)
Elapsed Time   0.007471
MIDs/sec       0
VCs/sec        133.851
Cnt prune sib  0
Avg prune sib  -
Consider Size  -
Move Index     -
Move Percent   -
Delta Increase -
Winner         black
PV             

HashTableStatistics:
Stores         892
LookupAttempt  75773
LookupSuccess  3897
Collisions     0

e2f27 info: PlayAndSolve: Building VCs to avoid race condition.
e2f27 info: PlayAndSolve: Continuing on as usual.
701c6 info: *** PlayerThread ***
681b6 info: *** SolverThread ***
601a6 config: VCS: reading captured set patterns from '/home/linus/MoHex2.0/nfbranchfix/benzene-vanilla-cmake/share/vc-captured-set.txt'.
601a6 config: VCS:: parsed 2 patterns.
601a6 config: VCS: reading captured set patterns from '/home/linus/MoHex2.0/nfbranchfix/benzene-vanilla-cmake/share/vc-captured-set.txt'.
601a6 config: VCS:: parsed 2 patterns.
601a6 dfpn: 
701c6 info: Winning SC.
701c6 info: *** Player move: e8
681b6 info: 
MID calls      0
VC builds      1
Terminal       1
Work           1
Wasted Work    0 (0%)
Elapsed Time   0.007382
MIDs/sec       0
VCs/sec        135.465
Cnt prune sib  0
Avg prune sib  -
Consider Size  -
Move Index     -
Move Percent   -
Delta Increase -
Winner         black
PV             

HashTableStatistics:
Stores         893
LookupAttempt  75779
LookupSuccess  3900
Collisions     0

e2f27 info: PlayAndSolve: Building VCs to avoid race condition.
e2f27 info: PlayAndSolve: Continuing on as usual.
681b6 info: *** PlayerThread ***
701c6 info: *** SolverThread ***
601a6 config: VCS: reading captured set patterns from '/home/linus/MoHex2.0/nfbranchfix/benzene-vanilla-cmake/share/vc-captured-set.txt'.
601a6 config: VCS:: parsed 2 patterns.
601a6 config: VCS: reading captured set patterns from '/home/linus/MoHex2.0/nfbranchfix/benzene-vanilla-cmake/share/vc-captured-set.txt'.
601a6 config: VCS:: parsed 2 patterns.
601a6 dfpn: 
681b6 info: Winning SC.
681b6 info: *** Player move: g1
701c6 info: 
MID calls      0
VC builds      1
Terminal       1
Work           1
Wasted Work    0 (0%)
Elapsed Time   0.008764
MIDs/sec       0
VCs/sec        114.103
Cnt prune sib  0
Avg prune sib  -
Consider Size  -
Move Index     -
Move Percent   -
Delta Increase -
Winner         black
PV             

HashTableStatistics:
Stores         894
LookupAttempt  75785
LookupSuccess  3903
Collisions     0

e2f27 info: PlayAndSolve: Building VCs to avoid race condition.
e2f27 info: PlayAndSolve: Continuing on as usual.
701c6 info: *** PlayerThread ***
681b6 info: *** SolverThread ***
601a6 config: VCS: reading captured set patterns from '/home/linus/MoHex2.0/nfbranchfix/benzene-vanilla-cmake/share/vc-captured-set.txt'.
601a6 config: VCS:: parsed 2 patterns.
601a6 config: VCS: reading captured set patterns from '/home/linus/MoHex2.0/nfbranchfix/benzene-vanilla-cmake/share/vc-captured-set.txt'.
601a6 config: VCS:: parsed 2 patterns.
701c6 info: Captured cells caused win! Removing...
601a6 dfpn: 
681b6 info: 
MID calls      0
VC builds      1
Terminal       1
Work           1
Wasted Work    0 (0%)
Elapsed Time   0.002606
MIDs/sec       0
VCs/sec        383.73
Cnt prune sib  0
Avg prune sib  -
Consider Size  -
Move Index     -
Move Percent   -
Delta Increase -
Winner         black
PV             

HashTableStatistics:
Stores         895
LookupAttempt  75791
LookupSuccess  3906
Collisions     0

701c6 info: Winning SC.
701c6 info: *** Player move: f11
e2f27 config: ============ BenzeneShutdown =============
e2f27 config: MoHexProgram:: ShutdownSystem()
e2f27 config: CommonProgram:: ShutdownSystem()
e2f27 config: BenzeneProgram:: ShutdownSystem()
Flushing and closing this stream...
