# nice ../build/src/mohex/mohex --config mohex-weak.htp --seed 401347 --logfile-name jobs/11x11-mohex-mohex-weak-vs-mohex-mohex-cg2010/mohex-mohex-weak-20.log
>boardsize 11 11
<= 
<
>name
MoHex 2.0.CMake Mar 21 2025
Copyright (C) 2007-2012 by the authors of the Benzene project.
This program comes with ABSOLUTELY NO WARRANTY. This is
free software and you are welcome to redistribute it under
certain conditions. Type `benzene-license' for details.

SgRandom::SetSeed: 401347
SgUctSearch: system memory 33632358400, using 1000000000 (5681818 nodes)
SgRandom::SetSeed: 1
SgRandom::SetSeed: 401347
944a7 info: Prior Patterns:
944a7 info: Global:
944a7 info: Size            = 565 32648 
944a7 info: TableEntries    = 65932 65910
944a7 info: MirrorsAdded    = 0 0
944a7 info: PrunableCount   = 30593 30629
944a7 info: LargestGamma    = 5820.77
944a7 info: SmallestGamma   = 6.6e-05
944a7 info: Local:
944a7 info: Size            = 550 5318 
944a7 info: TableEntries    = 11602 11588
944a7 info: MirrorsAdded    = 0 0
944a7 info: PrunableCount   = 3659 3667
944a7 info: LargestGamma    = 11281.8
944a7 info: SmallestGamma   = 0.026235
944a7 info: Playout Patterns:
944a7 info: Global:
944a7 info: Size            = 565 32648 
944a7 info: TableEntries    = 70329 70329
944a7 info: MirrorsAdded    = 4397 4419
944a7 info: PrunableCount   = 30593 30629
944a7 info: LargestGamma    = 5820.77
944a7 info: SmallestGamma   = 6.6e-05
944a7 info: Local:
944a7 info: Size            = 550 5318 
944a7 info: TableEntries    = 11602 11588
944a7 info: MirrorsAdded    = 0 0
944a7 info: PrunableCount   = 3659 3667
944a7 info: LargestGamma    = 11281.8
944a7 info: SmallestGamma   = 0.026235
param_game allow_swap 1
= 

param_mohex max_memory 1600000
= 

param_mohex num_threads 1
= 

param_mohex max_time 1
= 

param_mohex max_games 1
= 

param_mohex knowledge_threshold 400
= 

param_mohex reuse_subtree 1
= 

param_mohex use_parallel_solver 1
= 

<= MoHex
<
>version
<= 2.0.CMake
<
>play b a11
<= 
<
>showboard
<= 
< 
<  23c9e855e4b556f6
<  a  b  c  d  e  f  g  h  i  j  k  
< 1\.  .  .  .  .  .  .  .  .  .  .\1
<  2\.  .  .  .  .  .  .  .  .  .  .\2
<   3\.  .  .  .  .  .  .  .  .  .  .\3
<    4\.  .  .  .  .  .  .  .  .  .  .\4
<     5\.  .  .  .  .  .  .  .  .  .  .\5
<      6\.  .  .  .  .  .  .  .  .  .  .\6
<       7\.  .  .  .  .  .  .  .  .  .  .\7
<        8\.  .  .  .  .  .  .  .  .  .  .\8
<         9\.  .  .  .  .  .  .  .  .  .  .\9
<         10\.  .  .  .  .  .  .  .  .  .  .\10
<          11\B  .  .  .  .  .  .  .  .  .  .\11
<              a  b  c  d  e  f  g  h  i  j  k  
<
>play w swap-pieces
<= 
<
>genmove w
<= a10
<
>play b b1
944a7 info: PlayAndSolve: Building VCs to avoid race condition.
944a7 info: PlayAndSolve: Continuing on as usual.
21746 info: *** PlayerThread ***
19736 info: *** SolverThread ***
21746 info: Best move cannot be determined, must search state.
21746 info: --- MoHexPlayer::Search() ---
21746 info: Color: white
21746 info: MaxGames: 1
21746 info: NumberThreads: 1
21746 info: MaxNodes: 9090 (799920 bytes)
21746 info: TimeForMove: 1
21746 info: PreSearch: max time reached (53/92).
21746 info: Time for PreSearch: 0.204272s
21746 info: 
  23c9e855e4b556f6
  a  b  c  d  e  f  g  h  i  j  k  
 1\.  .  .  *  *  *  *  *  *  *  .\1
  2\.  .  *  *  *  *  *  *  *  *  .\2
   3\.  *  *  *  *  *  *  *  *  *  .\3
    4\.  *  *  *  *  *  *  *  *  *  .\4
     5\.  *  *  *  *  *  *  *  *  *  .\5
      6\.  *  *  *  *  *  *  *  *  *  .\6
       7\.  *  *  *  *  *  *  *  *  *  .\7
        8\.  *  *  *  *  *  *  *  *  *  .\8
         9\.  *  *  *  *  *  *  *  *  *  .\9
         10\.  *  *  *  *  *  *  *  *  .  .\10
          11\B  .  *  *  *  *  *  *  .  .  .\11
              a  b  c  d  e  f  g  h  i  j  k  
21746 info: No subtree to reuse.
21746 info: Creating thread 0
21746 info: StartSearch()[0]
SgUctSearch: max games reached
21746 info: 
Elapsed Time   0.56114s
Count          1
GamesPlayed    1
Nodes          1
Knowledge      0 (0.0%)
Expansions     0.0
Time           0.00
GameLen        120.0 dev=0.0 min=120.0 max=120.0
InTree         0.0 dev=0.0 min=0.0 max=0.0
KnowDepth      -
Aborted        0%
Games/s        429.9
Score          1.00
Sequence      
21746 info: 
21746 warning: **** MoHexSearch returned empty sequence!
21746 warning: **** Returning random move!
21746 info: *** Player move: a10
11726 info: DfpnSolver::CheckAbort(): Abort flag!
19736 info: 
MID calls      80
VC builds      77
Terminal       0
Work           80
Wasted Work    0 (0%)
Elapsed Time   0.573057
MIDs/sec       139.602
VCs/sec        134.367
Cnt prune sib  0
Avg prune sib  -
Consider Size  86.6753 dev=4.1637 min=78 max=92
Move Index     -
Move Percent   -
Delta Increase 3.20253 dev=13.1104 min=1 max=86
Winner         empty
PV             j2 g5 h3

HashTableStatistics:
Stores         185
LookupAttempt  16045
LookupSuccess  810
Collisions     0

19736 info: Search aborted.
<= 
<
>genmove w
<= k9
<
>play b f6
944a7 info: PlayAndSolve: Building VCs to avoid race condition.
944a7 info: PlayAndSolve: Continuing on as usual.
19736 info: *** PlayerThread ***
21746 info: *** SolverThread ***
19736 info: Best move cannot be determined, must search state.
19736 info: --- MoHexPlayer::Search() ---
19736 info: Color: white
19736 info: MaxGames: 1
19736 info: NumberThreads: 1
19736 info: MaxNodes: 9090 (799920 bytes)
19736 info: TimeForMove: 1
19736 info: PreSearch: max time reached (49/93).
19736 info: Time for PreSearch: 0.200585s
19736 info: 
  df736ef1f0de244d
  a  b  c  d  e  f  g  h  i  j  k  
 1\b  B  .  *  *  *  *  *  *  *  .\1
  2\.  *  *  *  *  *  *  *  *  *  .\2
   3\.  *  *  *  *  *  *  *  *  *  .\3
    4\.  *  *  *  *  *  *  *  *  *  .\4
     5\.  *  *  *  *  *  *  *  *  *  .\5
      6\.  *  *  *  *  *  *  *  *  *  .\6
       7\.  *  *  *  *  *  *  *  *  *  .\7
        8\.  *  *  *  *  *  *  *  *  *  .\8
         9\.  *  *  *  *  *  *  *  *  *  .\9
         10\W  *  *  *  *  *  *  *  *  .  .\10
          11\B  .  *  *  *  *  *  *  .  .  .\11
              a  b  c  d  e  f  g  h  i  j  k  
19736 info: Old: [black, a11] [white, swap-pieces] 
19736 info: New: [black, a11] [white, swap-pieces] [white, a10] [black, b1] 
19736 info: ReuseSubtree: Colors do not alternate.
19736 info: No subtree to reuse.
19736 info: StartSearch()[0]
SgUctSearch: max games reached
19736 info: 
Elapsed Time   0.350405s
Count          1
GamesPlayed    1
Nodes          1
Knowledge      0 (0.0%)
Expansions     0.0
Time           0.00
GameLen        117.0 dev=0.0 min=117.0 max=117.0
InTree         0.0 dev=0.0 min=0.0 max=0.0
KnowDepth      -
Aborted        0%
Games/s        3278.7
Score          0.00
Sequence      
19736 info: 
19736 warning: **** MoHexSearch returned empty sequence!
19736 warning: **** Returning random move!
19736 info: *** Player move: k9
11726 info: DfpnSolver::CheckAbort(): Abort flag!
21746 info: 
MID calls      48
VC builds      47
Terminal       0
Work           48
Wasted Work    0 (0%)
Elapsed Time   0.363782
MIDs/sec       131.947
VCs/sec        129.198
Cnt prune sib  0
Avg prune sib  -
Consider Size  90.0425 dev=2.08417 min=85 max=93
Move Index     -
Move Percent   -
Delta Increase 2.89362 dev=12.5516 min=1 max=88
Winner         empty
PV             j2 f7 g5

HashTableStatistics:
Stores         306
LookupAttempt  29516
LookupSuccess  1589
Collisions     0

21746 info: Search aborted.
<= 
<
>genmove w
<= g7
<
>play b j10
944a7 info: PlayAndSolve: Building VCs to avoid race condition.
944a7 info: PlayAndSolve: Continuing on as usual.
21746 info: *** PlayerThread ***
19736 info: *** SolverThread ***
21746 info: Best move cannot be determined, must search state.
21746 info: --- MoHexPlayer::Search() ---
21746 info: Color: white
21746 info: MaxGames: 1
21746 info: NumberThreads: 1
21746 info: MaxNodes: 9090 (799920 bytes)
21746 info: TimeForMove: 1
21746 info: PreSearch: max time reached (49/93).
21746 info: Time for PreSearch: 0.203075s
21746 info: 
  5acba6b782e48895
  a  b  c  d  e  f  g  h  i  j  k  
 1\b  B  .  *  *  *  *  *  *  *  .\1
  2\.  *  *  *  *  *  *  *  *  *  .\2
   3\.  *  *  *  *  *  *  *  *  *  .\3
    4\.  *  *  *  *  *  *  *  *  *  .\4
     5\.  *  *  *  *  *  *  *  *  *  .\5
      6\.  *  *  *  *  B  *  *  *  *  .\6
       7\.  *  *  *  *  *  *  *  *  *  .\7
        8\.  *  *  *  *  *  *  *  *  *  .\8
         9\.  *  *  *  *  *  *  *  *  *  W\9
         10\W  *  *  *  *  *  *  *  *  .  w\10
          11\B  .  *  *  *  *  *  *  *  .  w\11
              a  b  c  d  e  f  g  h  i  j  k  
21746 info: Old: [black, a11] [white, swap-pieces] [white, a10] [black, b1] 
21746 info: New: [black, a11] [white, swap-pieces] [white, a10] [black, b1] [white, k9] [black, f6] 
21746 info: MovesPlayed: [white, k9] [black, f6] 
21746 info: No subtree to reuse.
21746 info: StartSearch()[0]
SgUctSearch: max games reached
21746 info: 
Elapsed Time   0.357753s
Count          1
GamesPlayed    1
Nodes          1
Knowledge      0 (0.0%)
Expansions     0.0
Time           0.00
GameLen        113.0 dev=0.0 min=113.0 max=113.0
InTree         0.0 dev=0.0 min=0.0 max=0.0
KnowDepth      -
Aborted        0%
Games/s        3144.7
Score          0.00
Sequence      
21746 info: 
21746 warning: **** MoHexSearch returned empty sequence!
21746 warning: **** Returning random move!
21746 info: *** Player move: g7
11726 info: DfpnSolver::CheckAbort(): Abort flag!
19736 info: 
MID calls      46
VC builds      45
Terminal       0
Work           46
Wasted Work    0 (0%)
Elapsed Time   0.371848
MIDs/sec       123.706
VCs/sec        121.017
Cnt prune sib  0
Avg prune sib  -
Consider Size  84.0222 dev=13.6813 min=31 max=93
Move Index     -
Move Percent   -
Delta Increase 2.91111 dev=12.3789 min=1 max=85
Winner         empty
PV             j2 g5 e8

HashTableStatistics:
Stores         423
LookupAttempt  42529
LookupSuccess  2366
Collisions     0

19736 info: Search aborted.
<= 
<
>genmove w
<= d7
<
>play b j3
944a7 info: PlayAndSolve: Building VCs to avoid race condition.
944a7 info: PlayAndSolve: Continuing on as usual.
19736 info: *** PlayerThread ***
21746 info: *** SolverThread ***
19736 info: Best move cannot be determined, must search state.
19736 info: --- MoHexPlayer::Search() ---
19736 info: Color: white
19736 info: MaxGames: 1
19736 info: NumberThreads: 1
19736 info: MaxNodes: 9090 (799920 bytes)
19736 info: TimeForMove: 1
19736 info: PreSearch: max time reached (47/88).
19736 info: Time for PreSearch: 0.200897s
19736 info: 
  71e8f0fa2b94bafa
  a  b  c  d  e  f  g  h  i  j  k  
 1\b  B  .  *  *  *  *  *  *  *  .\1
  2\.  *  *  *  *  *  *  *  *  *  .\2
   3\.  *  *  *  *  *  *  *  *  *  .\3
    4\.  *  *  *  *  *  *  *  *  *  .\4
     5\.  *  *  *  *  *  *  *  *  *  .\5
      6\.  *  *  *  *  B  *  *  *  *  .\6
       7\.  *  *  *  *  *  W  *  *  *  .\7
        8\.  *  *  *  *  *  *  *  *  *  .\8
         9\.  *  *  *  *  *  *  *  *  *  W\9
         10\W  *  *  *  *  *  *  *  .  B  b\10
          11\B  .  *  *  *  *  .  b  b  b  b\11
              a  b  c  d  e  f  g  h  i  j  k  
19736 info: Old: [black, a11] [white, swap-pieces] [white, a10] [black, b1] [white, k9] [black, f6] 
19736 info: New: [black, a11] [white, swap-pieces] [white, a10] [black, b1] [white, k9] [black, f6] [white, g7] [black, j10] 
19736 info: MovesPlayed: [white, g7] [black, j10] 
19736 info: No subtree to reuse.
19736 info: StartSearch()[0]
SgUctSearch: max games reached
19736 info: 
Elapsed Time   0.571938s
Count          1
GamesPlayed    1
Nodes          1
Knowledge      0 (0.0%)
Expansions     0.0
Time           0.00
GameLen        108.0 dev=0.0 min=108.0 max=108.0
InTree         0.0 dev=0.0 min=0.0 max=0.0
KnowDepth      -
Aborted        0%
Games/s        3424.7
Score          0.00
Sequence      
19736 info: 
19736 warning: **** MoHexSearch returned empty sequence!
19736 warning: **** Returning random move!
19736 info: *** Player move: d7
11726 info: DfpnSolver::CheckAbort(): Abort flag!
21746 info: 
MID calls      86
VC builds      81
Terminal       0
Work           86
Wasted Work    0 (0%)
Elapsed Time   0.584844
MIDs/sec       147.048
VCs/sec        138.498
Cnt prune sib  1
Avg prune sib  2 dev=0 min=2 max=2
Consider Size  73.0124 dev=21.4484 min=15 max=88
Move Index     -
Move Percent   -
Delta Increase 3.55294 dev=10.8644 min=1 max=80
Winner         empty
PV             d8 h6 e8

HashTableStatistics:
Stores         620
LookupAttempt  57377
LookupSuccess  3181
Collisions     0

21746 info: Search aborted.
<= 
<
>genmove w
<= j5
<
>play b f11
944a7 info: PlayAndSolve: Building VCs to avoid race condition.
944a7 info: PlayAndSolve: Continuing on as usual.
21746 info: *** PlayerThread ***
19736 info: *** SolverThread ***
21746 info: Best move cannot be determined, must search state.
21746 info: --- MoHexPlayer::Search() ---
21746 info: Color: white
21746 info: MaxGames: 1
21746 info: NumberThreads: 1
21746 info: MaxNodes: 9090 (799920 bytes)
21746 info: TimeForMove: 1
21746 info: PreSearch: max time reached (44/86).
21746 info: Time for PreSearch: 0.201042s
21746 info: 
  926d95e4f24b98a8
  a  b  c  d  e  f  g  h  i  j  k  
 1\b  B  .  *  *  *  *  *  *  *  .\1
  2\.  *  *  *  *  *  *  *  *  *  .\2
   3\.  *  *  *  *  *  *  *  *  B  .\3
    4\.  *  *  *  *  *  *  *  *  *  .\4
     5\.  *  *  *  *  *  *  *  *  *  .\5
      6\.  *  *  *  *  B  *  *  *  *  .\6
       7\.  *  *  W  *  *  W  *  *  *  .\7
        8\.  *  *  *  *  *  *  *  *  *  .\8
         9\.  *  *  *  *  *  *  *  *  *  W\9
         10\W  *  *  *  *  *  *  *  .  B  b\10
          11\B  .  *  *  *  *  .  b  b  b  b\11
              a  b  c  d  e  f  g  h  i  j  k  
21746 info: Old: [black, a11] [white, swap-pieces] [white, a10] [black, b1] [white, k9] [black, f6] [white, g7] [black, j10] 
21746 info: New: [black, a11] [white, swap-pieces] [white, a10] [black, b1] [white, k9] [black, f6] [white, g7] [black, j10] [white, d7] [black, j3] 
21746 info: MovesPlayed: [white, d7] [black, j3] 
21746 info: No subtree to reuse.
21746 info: StartSearch()[0]
SgUctSearch: max games reached
21746 info: 
Elapsed Time   0.351005s
Count          1
GamesPlayed    1
Nodes          1
Knowledge      0 (0.0%)
Expansions     0.0
Time           0.00
GameLen        106.0 dev=0.0 min=106.0 max=106.0
InTree         0.0 dev=0.0 min=0.0 max=0.0
KnowDepth      -
Aborted        0%
Games/s        3636.4
Score          0.00
Sequence      
21746 info: 
21746 warning: **** MoHexSearch returned empty sequence!
21746 warning: **** Returning random move!
21746 info: *** Player move: j5
11726 info: DfpnSolver::CheckAbort(): Abort flag!
19736 info: 
MID calls      40
VC builds      42
Terminal       4
Work           44
Wasted Work    0 (0%)
Elapsed Time   0.362396
MIDs/sec       110.376
VCs/sec        115.895
Cnt prune sib  0
Avg prune sib  -
Consider Size  54.9737 dev=25.4987 min=8 max=86
Move Index     -
Move Percent   -
Delta Increase 7.27907 dev=19.9515 min=1 max=78
Winner         empty
PV             e8 c8 j6 i6

HashTableStatistics:
Stores         730
LookupAttempt  67399
LookupSuccess  3853
Collisions     0

19736 info: Search aborted.
<= 
<
>genmove w
<= e8
<
>play b f7
944a7 info: PlayAndSolve: Building VCs to avoid race condition.
944a7 info: PlayAndSolve: Continuing on as usual.
19736 info: *** PlayerThread ***
21746 info: *** SolverThread ***
19736 info: Winning SC.
19736 info: *** Player move: e8
21746 info: 
MID calls      0
VC builds      1
Terminal       1
Work           1
Wasted Work    0 (0%)
Elapsed Time   0.009638
MIDs/sec       0
VCs/sec        103.756
Cnt prune sib  0
Avg prune sib  -
Consider Size  -
Move Index     -
Move Percent   -
Delta Increase -
Winner         white
PV             

HashTableStatistics:
Stores         731
LookupAttempt  67405
LookupSuccess  3856
Collisions     0

<= 
<
>genmove w
<= f8
<
>play b c7
944a7 info: PlayAndSolve: Building VCs to avoid race condition.
944a7 info: PlayAndSolve: Continuing on as usual.
19736 info: *** SolverThread ***
21746 info: *** PlayerThread ***
21746 info: Winning SC.
21746 info: *** Player move: f8
19736 info: 
MID calls      0
VC builds      1
Terminal       1
Work           1
Wasted Work    0 (0%)
Elapsed Time   0.007645
MIDs/sec       0
VCs/sec        130.804
Cnt prune sib  0
Avg prune sib  -
Consider Size  -
Move Index     -
Move Percent   -
Delta Increase -
Winner         white
PV             

HashTableStatistics:
Stores         732
LookupAttempt  67411
LookupSuccess  3859
Collisions     0

<= 
<
>genmove w
<= c9
<
>play b d9
944a7 info: PlayAndSolve: Building VCs to avoid race condition.
944a7 info: PlayAndSolve: Continuing on as usual.
21746 info: *** SolverThread ***
19736 info: *** PlayerThread ***
19736 info: Winning SC.
19736 info: *** Player move: c9
21746 info: 
MID calls      0
VC builds      1
Terminal       1
Work           1
Wasted Work    0 (0%)
Elapsed Time   0.008111
MIDs/sec       0
VCs/sec        123.289
Cnt prune sib  0
Avg prune sib  -
Consider Size  -
Move Index     -
Move Percent   -
Delta Increase -
Winner         white
PV             

HashTableStatistics:
Stores         733
LookupAttempt  67417
LookupSuccess  3862
Collisions     0

<= 
<
>genmove w
<= d8
<
>play b b9
944a7 info: PlayAndSolve: Building VCs to avoid race condition.
944a7 info: PlayAndSolve: Continuing on as usual.
21746 info: *** PlayerThread ***
19736 info: *** SolverThread ***
21746 info: Winning SC.
21746 info: *** Player move: d8
19736 info: 
MID calls      0
VC builds      1
Terminal       1
Work           1
Wasted Work    0 (0%)
Elapsed Time   0.008466
MIDs/sec       0
VCs/sec        118.12
Cnt prune sib  0
Avg prune sib  -
Consider Size  -
Move Index     -
Move Percent   -
Delta Increase -
Winner         white
PV             

HashTableStatistics:
Stores         734
LookupAttempt  67423
LookupSuccess  3865
Collisions     0

<= 
<
>genmove w
<= b10
<
>play b i6
944a7 info: PlayAndSolve: Building VCs to avoid race condition.
944a7 info: PlayAndSolve: Continuing on as usual.
19736 info: *** PlayerThread ***
21746 info: *** SolverThread ***
19736 info: Winning SC.
19736 info: *** Player move: b10
21746 info: 
MID calls      0
VC builds      1
Terminal       1
Work           1
Wasted Work    0 (0%)
Elapsed Time   0.008034
MIDs/sec       0
VCs/sec        124.471
Cnt prune sib  0
Avg prune sib  -
Consider Size  -
Move Index     -
Move Percent   -
Delta Increase -
Winner         white
PV             

HashTableStatistics:
Stores         735
LookupAttempt  67429
LookupSuccess  3868
Collisions     0

<= 
<
>genmove w
<= h8
<
>play b j7
944a7 info: PlayAndSolve: Building VCs to avoid race condition.
944a7 info: PlayAndSolve: Continuing on as usual.
19736 info: *** SolverThread ***
21746 info: *** PlayerThread ***
21746 info: Winning SC.
21746 info: *** Player move: h8
19736 info: 
MID calls      0
VC builds      1
Terminal       1
Work           1
Wasted Work    0 (0%)
Elapsed Time   0.005485
MIDs/sec       0
VCs/sec        182.315
Cnt prune sib  0
Avg prune sib  -
Consider Size  -
Move Index     -
Move Percent   -
Delta Increase -
Winner         white
PV             

HashTableStatistics:
Stores         736
LookupAttempt  67435
LookupSuccess  3871
Collisions     0

<= 
<
>genmove w
<= i9
<
>play b h9
944a7 info: PlayAndSolve: Building VCs to avoid race condition.
944a7 info: PlayAndSolve: Continuing on as usual.
19736 info: *** PlayerThread ***
21746 info: *** SolverThread ***
19736 info: Winning SC.
19736 info: *** Player move: i9
21746 info: 
MID calls      0
VC builds      1
Terminal       1
Work           1
Wasted Work    0 (0%)
Elapsed Time   0.006212
MIDs/sec       0
VCs/sec        160.979
Cnt prune sib  0
Avg prune sib  -
Consider Size  -
Move Index     -
Move Percent   -
Delta Increase -
Winner         white
PV             

HashTableStatistics:
Stores         737
LookupAttempt  67441
LookupSuccess  3874
Collisions     0

<= 
<
>genmove w
<= i8
<
>play b k7
944a7 info: PlayAndSolve: Building VCs to avoid race condition.
944a7 info: PlayAndSolve: Continuing on as usual.
21746 info: *** PlayerThread ***
19736 info: *** SolverThread ***
21746 info: Winning SC.
21746 info: *** Player move: i8
19736 info: 
MID calls      0
VC builds      1
Terminal       1
Work           1
Wasted Work    0 (0%)
Elapsed Time   0.005736
MIDs/sec       0
VCs/sec        174.338
Cnt prune sib  0
Avg prune sib  -
Consider Size  -
Move Index     -
Move Percent   -
Delta Increase -
Winner         white
PV             

HashTableStatistics:
Stores         738
LookupAttempt  67447
LookupSuccess  3877
Collisions     0

<= 
<
>genmove w
<= j9
<
>play b h7
944a7 info: PlayAndSolve: Building VCs to avoid race condition.
944a7 info: PlayAndSolve: Continuing on as usual.
19736 info: *** PlayerThread ***
21746 info: *** SolverThread ***
19736 info: Winning SC.
19736 info: *** Player move: j9
21746 info: 
MID calls      0
VC builds      1
Terminal       1
Work           1
Wasted Work    0 (0%)
Elapsed Time   0.00591
MIDs/sec       0
VCs/sec        169.205
Cnt prune sib  0
Avg prune sib  -
Consider Size  -
Move Index     -
Move Percent   -
Delta Increase -
Winner         white
PV             

HashTableStatistics:
Stores         739
LookupAttempt  67453
LookupSuccess  3880
Collisions     0

<= 
<
>genmove w
<= g8
<
>play b resign
944a7 info: PlayAndSolve: Building VCs to avoid race condition.
944a7 info: PlayAndSolve: Continuing on as usual.
21746 info: *** PlayerThread ***
19736 info: *** SolverThread ***
21746 info: Winning SC.
21746 info: *** Player move: g8
19736 info: 
MID calls      0
VC builds      1
Terminal       1
Work           1
Wasted Work    0 (0%)
Elapsed Time   0.005967
MIDs/sec       0
VCs/sec        167.588
Cnt prune sib  0
Avg prune sib  -
Consider Size  -
Move Index     -
Move Percent   -
Delta Increase -
Winner         white
PV             

HashTableStatistics:
Stores         740
LookupAttempt  67459
LookupSuccess  3883
Collisions     0

<= 
<
>final_score
<= W+
<
>quit
<= 
<
