# nice ../build/src/mohex/mohex --config mohex-weak.htp --seed 195857 --logfile-name jobs/11x11-mohex-mohex-weak-vs-mohex-mohex-cg2010/mohex-mohex-weak-5.log
>boardsize 11 11
MoHex 2.0.CMake Mar 21 2025
Copyright (C) 2007-2012 by the authors of the Benzene project.
This program comes with ABSOLUTELY NO WARRANTY. This is
free software and you are welcome to redistribute it under
certain conditions. Type `benzene-license' for details.

SgRandom::SetSeed: 195857
SgUctSearch: system memory 33632358400, using 1000000000 (5681818 nodes)
SgRandom::SetSeed: 1
SgRandom::SetSeed: 195857
1f307 info: Prior Patterns:
1f307 info: Global:
1f307 info: Size            = 565 32648 
1f307 info: TableEntries    = 65932 65910
1f307 info: MirrorsAdded    = 0 0
1f307 info: PrunableCount   = 30593 30629
1f307 info: LargestGamma    = 5820.77
1f307 info: SmallestGamma   = 6.6e-05
1f307 info: Local:
1f307 info: Size            = 550 5318 
1f307 info: TableEntries    = 11602 11588
1f307 info: MirrorsAdded    = 0 0
1f307 info: PrunableCount   = 3659 3667
1f307 info: LargestGamma    = 11281.8
1f307 info: SmallestGamma   = 0.026235
1f307 info: Playout Patterns:
1f307 info: Global:
1f307 info: Size            = 565 32648 
1f307 info: TableEntries    = 70329 70329
1f307 info: MirrorsAdded    = 4397 4419
1f307 info: PrunableCount   = 30593 30629
1f307 info: LargestGamma    = 5820.77
1f307 info: SmallestGamma   = 6.6e-05
1f307 info: Local:
1f307 info: Size            = 550 5318 
1f307 info: TableEntries    = 11602 11588
1f307 info: MirrorsAdded    = 0 0
1f307 info: PrunableCount   = 3659 3667
1f307 info: LargestGamma    = 11281.8
1f307 info: SmallestGamma   = 0.026235
param_game allow_swap 1
= 

param_mohex max_memory 1600000
= 

param_mohex num_threads 1
= 

param_mohex max_time 1
= 

param_mohex max_games 1
= 

param_mohex knowledge_threshold 400
= 

param_mohex reuse_subtree 1
= 

param_mohex use_parallel_solver 1
= 

<= 
<
>name
<= MoHex
<
>version
<= 2.0.CMake
<
>play b a3
<= 
<
>genmove w
<= swap-pieces
<
>showboard
1f307 info: SwapCheck: reading from '/home/linus/MoHex2.0/nfbranchfix/benzene-vanilla-cmake/share/swap-moves.txt'.
1f307 info: SwapCheck: playing swap.
<= 
< 
<  1db47b41f5f612d3
<  a  b  c  d  e  f  g  h  i  j  k  
< 1\.  .  .  .  .  .  .  .  .  .  .\1
<  2\.  .  .  .  .  .  .  .  .  .  .\2
<   3\B  .  .  .  .  .  .  .  .  .  .\3
<    4\.  .  .  .  .  .  .  .  .  .  .\4
<     5\.  .  .  .  .  .  .  .  .  .  .\5
<      6\.  .  .  .  .  .  .  .  .  .  .\6
<       7\.  .  .  .  .  .  .  .  .  .  .\7
<        8\.  .  .  .  .  .  .  .  .  .  .\8
<         9\.  .  .  .  .  .  .  .  .  .  .\9
<         10\.  .  .  .  .  .  .  .  .  .  .\10
<          11\.  .  .  .  .  .  .  .  .  .  .\11
<              a  b  c  d  e  f  g  h  i  j  k  
<
>play w h1
<= 
<
>showboard
<= 
< 
<  82156c0af32403c9
<  a  b  c  d  e  f  g  h  i  j  k  
< 1\.  .  .  .  .  .  .  W  .  .  .\1
<  2\.  .  .  .  .  .  .  .  .  .  .\2
<   3\B  .  .  .  .  .  .  .  .  .  .\3
<    4\.  .  .  .  .  .  .  .  .  .  .\4
<     5\.  .  .  .  .  .  .  .  .  .  .\5
<      6\.  .  .  .  .  .  .  .  .  .  .\6
<       7\.  .  .  .  .  .  .  .  .  .  .\7
<        8\.  .  .  .  .  .  .  .  .  .  .\8
<         9\.  .  .  .  .  .  .  .  .  .  .\9
<         10\.  .  .  .  .  .  .  .  .  .  .\10
<          11\.  .  .  .  .  .  .  .  .  .  .\11
<              a  b  c  d  e  f  g  h  i  j  k  
<
>genmove b
<= g1
<
>showboard
1f307 info: PlayAndSolve: Building VCs to avoid race condition.
1f307 info: PlayAndSolve: Continuing on as usual.
ac5a6 info: *** PlayerThread ***
a4596 info: *** SolverThread ***
ac5a6 info: Best move cannot be determined, must search state.
ac5a6 info: --- MoHexPlayer::Search() ---
ac5a6 info: Color: black
ac5a6 info: MaxGames: 1
ac5a6 info: NumberThreads: 1
ac5a6 info: MaxNodes: 9090 (799920 bytes)
ac5a6 info: TimeForMove: 1
ac5a6 info: PreSearch: max time reached (60/94).
ac5a6 info: Time for PreSearch: 0.201305s
ac5a6 info: 
  82156c0af32403c9
  a  b  c  d  e  f  g  h  i  j  k  
 1\.  .  .  .  .  .  .  W  .  .  .\1
  2\*  .  *  *  *  *  *  *  *  *  *\2
   3\B  *  *  *  *  *  *  *  *  *  *\3
    4\*  *  *  *  *  *  *  *  *  *  *\4
     5\*  *  *  *  *  *  *  *  *  *  *\5
      6\*  *  *  *  *  *  *  *  *  *  *\6
       7\*  *  *  *  *  *  *  *  *  *  *\7
        8\*  *  *  *  *  *  *  *  *  *  *\8
         9\*  *  *  *  *  *  *  *  *  *  .\9
         10\*  *  *  *  *  *  *  *  *  .  .\10
          11\.  .  .  .  .  .  .  .  .  .  .\11
              a  b  c  d  e  f  g  h  i  j  k  
ac5a6 info: No subtree to reuse.
ac5a6 info: Creating thread 0
ac5a6 info: StartSearch()[0]
SgUctSearch: max games reached
ac5a6 info: 
Elapsed Time   0.37238s
Count          1
GamesPlayed    1
Nodes          1
Knowledge      0 (0.0%)
Expansions     0.0
Time           0.00
GameLen        119.0 dev=0.0 min=119.0 max=119.0
InTree         0.0 dev=0.0 min=0.0 max=0.0
KnowDepth      -
Aborted        0%
Games/s        368.5
Score          1.00
Sequence      
ac5a6 info: 
ac5a6 warning: **** MoHexSearch returned empty sequence!
ac5a6 warning: **** Returning random move!
ac5a6 info: *** Player move: g1
9c586 info: DfpnSolver::CheckAbort(): Abort flag!
a4596 info: 
MID calls      57
VC builds      55
Terminal       0
Work           57
Wasted Work    0 (0%)
Elapsed Time   0.388029
MIDs/sec       146.896
VCs/sec        141.742
Cnt prune sib  0
Avg prune sib  -
Consider Size  89.8545 dev=3.08355 min=81 max=94
Move Index     -
Move Percent   -
Delta Increase 4.08929 dev=15.6756 min=1 max=87
Winner         empty
PV             f2 b8 e8 f6

HashTableStatistics:
Stores         138
LookupAttempt  14386
LookupSuccess  789
Collisions     0

a4596 info: Search aborted.
<= 
< 
<  09f11eb86d5a61f3
<  a  b  c  d  e  f  g  h  i  j  k  
< 1\.  .  .  .  .  .  B  W  .  .  .\1
<  2\.  .  .  .  .  .  .  .  .  .  .\2
<   3\B  .  .  .  .  .  .  .  .  .  .\3
<    4\.  .  .  .  .  .  .  .  .  .  .\4
<     5\.  .  .  .  .  .  .  .  .  .  .\5
<      6\.  .  .  .  .  .  .  .  .  .  .\6
<       7\.  .  .  .  .  .  .  .  .  .  .\7
<        8\.  .  .  .  .  .  .  .  .  .  .\8
<         9\.  .  .  .  .  .  .  .  .  .  .\9
<         10\.  .  .  .  .  .  .  .  .  .  .\10
<          11\.  .  .  .  .  .  .  .  .  .  .\11
<              a  b  c  d  e  f  g  h  i  j  k  
<
>play w k4
<= 
<
>showboard
<= 
< 
<  5101002cd1375c3f
<  a  b  c  d  e  f  g  h  i  j  k  
< 1\.  .  .  .  .  .  B  W  .  .  .\1
<  2\.  .  .  .  .  .  .  .  .  .  .\2
<   3\B  .  .  .  .  .  .  .  .  .  .\3
<    4\.  .  .  .  .  .  .  .  .  .  W\4
<     5\.  .  .  .  .  .  .  .  .  .  .\5
<      6\.  .  .  .  .  .  .  .  .  .  .\6
<       7\.  .  .  .  .  .  .  .  .  .  .\7
<        8\.  .  .  .  .  .  .  .  .  .  .\8
<         9\.  .  .  .  .  .  .  .  .  .  .\9
<         10\.  .  .  .  .  .  .  .  .  .  .\10
<          11\.  .  .  .  .  .  .  .  .  .  .\11
<              a  b  c  d  e  f  g  h  i  j  k  
<
>genmove b
<= j2
<
>showboard
1f307 info: PlayAndSolve: Building VCs to avoid race condition.
1f307 info: PlayAndSolve: Continuing on as usual.
a4596 info: *** PlayerThread ***
ac5a6 info: *** SolverThread ***
a4596 info: Best move cannot be determined, must search state.
a4596 info: --- MoHexPlayer::Search() ---
a4596 info: Color: black
a4596 info: MaxGames: 1
a4596 info: NumberThreads: 1
a4596 info: MaxNodes: 9090 (799920 bytes)
a4596 info: TimeForMove: 1
a4596 info: PreSearch: max time reached (57/91).
a4596 info: Time for PreSearch: 0.200438s
a4596 info: 
  5101002cd1375c3f
  a  b  c  d  e  f  g  h  i  j  k  
 1\.  .  .  .  .  .  B  W  .  .  .\1
  2\*  .  *  *  *  *  *  *  *  *  *\2
   3\B  *  *  *  *  *  *  *  *  *  .\3
    4\*  *  *  *  *  *  *  *  *  *  W\4
     5\*  *  *  *  *  *  *  *  *  *  .\5
      6\*  *  *  *  *  *  *  *  *  *  *\6
       7\*  *  *  *  *  *  *  *  *  *  *\7
        8\*  *  *  *  *  *  *  *  *  *  *\8
         9\*  *  *  *  *  *  *  *  *  *  .\9
         10\*  *  *  *  *  *  *  *  *  .  .\10
          11\.  .  .  .  .  .  .  .  .  .  .\11
              a  b  c  d  e  f  g  h  i  j  k  
a4596 info: Old: [black, a3] [white, swap-pieces] [white, h1] 
a4596 info: New: [black, a3] [white, swap-pieces] [white, h1] [black, g1] [white, k4] 
a4596 info: MovesPlayed: [black, g1] [white, k4] 
a4596 info: No subtree to reuse.
a4596 info: StartSearch()[0]
SgUctSearch: max games reached
a4596 info: 
Elapsed Time   0.366438s
Count          1
GamesPlayed    1
Nodes          1
Knowledge      0 (0.0%)
Expansions     0.0
Time           0.00
GameLen        117.0 dev=0.0 min=117.0 max=117.0
InTree         0.0 dev=0.0 min=0.0 max=0.0
KnowDepth      -
Aborted        0%
Games/s        2857.1
Score          1.00
Sequence      
a4596 info: 
a4596 warning: **** MoHexSearch returned empty sequence!
a4596 warning: **** Returning random move!
a4596 info: *** Player move: j2
9c586 info: DfpnSolver::CheckAbort(): Abort flag!
ac5a6 info: 
MID calls      55
VC builds      54
Terminal       0
Work           55
Wasted Work    0 (0%)
Elapsed Time   0.377673
MIDs/sec       145.629
VCs/sec        142.981
Cnt prune sib  0
Avg prune sib  -
Consider Size  86.6852 dev=3.77032 min=78 max=91
Move Index     -
Move Percent   -
Delta Increase 4.03704 dev=15.4967 min=1 max=86
Winner         empty
PV             b10 b6 d8 e6

HashTableStatistics:
Stores         271
LookupAttempt  27795
LookupSuccess  1522
Collisions     0

ac5a6 info: Search aborted.
<= 
< 
<  366da665c26b5b11
<  a  b  c  d  e  f  g  h  i  j  k  
< 1\.  .  .  .  .  .  B  W  .  .  .\1
<  2\.  .  .  .  .  .  .  .  .  B  .\2
<   3\B  .  .  .  .  .  .  .  .  .  .\3
<    4\.  .  .  .  .  .  .  .  .  .  W\4
<     5\.  .  .  .  .  .  .  .  .  .  .\5
<      6\.  .  .  .  .  .  .  .  .  .  .\6
<       7\.  .  .  .  .  .  .  .  .  .  .\7
<        8\.  .  .  .  .  .  .  .  .  .  .\8
<         9\.  .  .  .  .  .  .  .  .  .  .\9
<         10\.  .  .  .  .  .  .  .  .  .  .\10
<          11\.  .  .  .  .  .  .  .  .  .  .\11
<              a  b  c  d  e  f  g  h  i  j  k  
<
>play w f7
<= 
<
>showboard
<= 
< 
<  ad48876f0cb09bf0
<  a  b  c  d  e  f  g  h  i  j  k  
< 1\.  .  .  .  .  .  B  W  .  .  .\1
<  2\.  .  .  .  .  .  .  .  .  B  .\2
<   3\B  .  .  .  .  .  .  .  .  .  .\3
<    4\.  .  .  .  .  .  .  .  .  .  W\4
<     5\.  .  .  .  .  .  .  .  .  .  .\5
<      6\.  .  .  .  .  .  .  .  .  .  .\6
<       7\.  .  .  .  .  W  .  .  .  .  .\7
<        8\.  .  .  .  .  .  .  .  .  .  .\8
<         9\.  .  .  .  .  .  .  .  .  .  .\9
<         10\.  .  .  .  .  .  .  .  .  .  .\10
<          11\.  .  .  .  .  .  .  .  .  .  .\11
<              a  b  c  d  e  f  g  h  i  j  k  
<
>genmove b
<= c10
<
>showboard
1f307 info: PlayAndSolve: Building VCs to avoid race condition.
1f307 info: PlayAndSolve: Continuing on as usual.
ac5a6 info: *** PlayerThread ***
a4596 info: *** SolverThread ***
ac5a6 info: Best move cannot be determined, must search state.
ac5a6 info: --- MoHexPlayer::Search() ---
ac5a6 info: Color: black
ac5a6 info: MaxGames: 1
ac5a6 info: NumberThreads: 1
ac5a6 info: MaxNodes: 9090 (799920 bytes)
ac5a6 info: TimeForMove: 1
ac5a6 info: PreSearch: max time reached (59/87).
ac5a6 info: Time for PreSearch: 0.202871s
ac5a6 info: 
  ad48876f0cb09bf0
  a  b  c  d  e  f  g  h  i  j  k  
 1\.  .  .  .  .  .  B  W  .  b  b\1
  2\*  .  *  *  *  *  *  *  .  B  w\2
   3\B  *  *  *  *  *  *  *  *  *  w\3
    4\*  *  *  *  *  *  *  *  *  *  W\4
     5\*  *  *  *  *  *  *  *  *  *  .\5
      6\*  *  *  *  *  *  *  *  *  *  *\6
       7\*  *  *  *  *  W  *  *  *  *  *\7
        8\*  *  *  *  *  *  *  *  *  *  *\8
         9\*  *  *  *  *  *  *  *  *  *  .\9
         10\*  *  *  *  *  *  *  *  *  .  .\10
          11\.  .  .  .  .  .  .  .  .  .  .\11
              a  b  c  d  e  f  g  h  i  j  k  
ac5a6 info: Old: [black, a3] [white, swap-pieces] [white, h1] [black, g1] [white, k4] 
ac5a6 info: New: [black, a3] [white, swap-pieces] [white, h1] [black, g1] [white, k4] [black, j2] [white, f7] 
ac5a6 info: MovesPlayed: [black, j2] [white, f7] 
ac5a6 info: No subtree to reuse.
ac5a6 info: StartSearch()[0]
SgUctSearch: max games reached
ac5a6 info: 
Elapsed Time   0.609085s
Count          1
GamesPlayed    1
Nodes          1
Knowledge      0 (0.0%)
Expansions     0.0
Time           0.00
GameLen        111.0 dev=0.0 min=111.0 max=111.0
InTree         0.0 dev=0.0 min=0.0 max=0.0
KnowDepth      -
Aborted        0%
Games/s        3096.0
Score          1.00
Sequence      
ac5a6 info: 
ac5a6 warning: **** MoHexSearch returned empty sequence!
ac5a6 warning: **** Returning random move!
ac5a6 info: *** Player move: c10
9c586 info: DfpnSolver::CheckAbort(): Abort flag!
a4596 info: 
MID calls      90
VC builds      87
Terminal       0
Work           90
Wasted Work    0 (0%)
Elapsed Time   0.621809
MIDs/sec       144.739
VCs/sec        139.914
Cnt prune sib  0
Avg prune sib  -
Consider Size  78.9655 dev=10.758 min=32 max=87
Move Index     -
Move Percent   -
Delta Increase 3.62921 dev=13.7738 min=1 max=80
Winner         empty
PV             c8 b6 d6

HashTableStatistics:
Stores         475
LookupAttempt  43218
LookupSuccess  2290
Collisions     0

a4596 info: Search aborted.
<= 
< 
<  f8dba406969e6370
<  a  b  c  d  e  f  g  h  i  j  k  
< 1\.  .  .  .  .  .  B  W  .  .  .\1
<  2\.  .  .  .  .  .  .  .  .  B  .\2
<   3\B  .  .  .  .  .  .  .  .  .  .\3
<    4\.  .  .  .  .  .  .  .  .  .  W\4
<     5\.  .  .  .  .  .  .  .  .  .  .\5
<      6\.  .  .  .  .  .  .  .  .  .  .\6
<       7\.  .  .  .  .  W  .  .  .  .  .\7
<        8\.  .  .  .  .  .  .  .  .  .  .\8
<         9\.  .  .  .  .  .  .  .  .  .  .\9
<         10\.  .  B  .  .  .  .  .  .  .  .\10
<          11\.  .  .  .  .  .  .  .  .  .  .\11
<              a  b  c  d  e  f  g  h  i  j  k  
<
>play w a8
<= 
<
>showboard
<= 
< 
<  245a3c88b743a0c1
<  a  b  c  d  e  f  g  h  i  j  k  
< 1\.  .  .  .  .  .  B  W  .  .  .\1
<  2\.  .  .  .  .  .  .  .  .  B  .\2
<   3\B  .  .  .  .  .  .  .  .  .  .\3
<    4\.  .  .  .  .  .  .  .  .  .  W\4
<     5\.  .  .  .  .  .  .  .  .  .  .\5
<      6\.  .  .  .  .  .  .  .  .  .  .\6
<       7\.  .  .  .  .  W  .  .  .  .  .\7
<        8\W  .  .  .  .  .  .  .  .  .  .\8
<         9\.  .  .  .  .  .  .  .  .  .  .\9
<         10\.  .  B  .  .  .  .  .  .  .  .\10
<          11\.  .  .  .  .  .  .  .  .  .  .\11
<              a  b  c  d  e  f  g  h  i  j  k  
<
>genmove b
<= j8
<
>showboard
1f307 info: PlayAndSolve: Building VCs to avoid race condition.
1f307 info: PlayAndSolve: Continuing on as usual.
a4596 info: *** PlayerThread ***
ac5a6 info: *** SolverThread ***
a4596 info: Best move cannot be determined, must search state.
a4596 info: --- MoHexPlayer::Search() ---
a4596 info: Color: black
a4596 info: MaxGames: 1
a4596 info: NumberThreads: 1
a4596 info: MaxNodes: 9090 (799920 bytes)
a4596 info: TimeForMove: 1
a4596 info: PreSearch: max time reached (53/81).
a4596 info: Time for PreSearch: 0.206487s
a4596 info: 
  245a3c88b743a0c1
  a  b  c  d  e  f  g  h  i  j  k  
 1\.  .  .  .  .  .  B  W  .  b  b\1
  2\*  .  *  *  *  *  *  *  .  B  w\2
   3\B  *  *  *  *  *  *  *  *  *  w\3
    4\*  *  *  *  *  *  *  *  *  *  W\4
     5\*  *  *  *  *  *  *  *  *  *  .\5
      6\*  *  *  *  *  *  *  *  *  *  *\6
       7\.  *  *  *  *  W  *  *  *  *  *\7
        8\W  *  *  *  *  *  *  *  *  *  *\8
         9\.  *  *  *  *  *  *  *  *  *  .\9
         10\*  .  B  .  *  *  *  *  *  .  .\10
          11\.  b  b  b  .  .  .  .  .  .  .\11
              a  b  c  d  e  f  g  h  i  j  k  
a4596 info: Old: [black, a3] [white, swap-pieces] [white, h1] [black, g1] [white, k4] [black, j2] [white, f7] 
a4596 info: New: [black, a3] [white, swap-pieces] [white, h1] [black, g1] [white, k4] [black, j2] [white, f7] [black, c10] [white, a8] 
a4596 info: MovesPlayed: [black, c10] [white, a8] 
a4596 info: No subtree to reuse.
a4596 info: StartSearch()[0]
SgUctSearch: max games reached
a4596 info: 
Elapsed Time   0.406805s
Count          1
GamesPlayed    1
Nodes          1
Knowledge      0 (0.0%)
Expansions     0.0
Time           0.00
GameLen        106.0 dev=0.0 min=106.0 max=106.0
InTree         0.0 dev=0.0 min=0.0 max=0.0
KnowDepth      -
Aborted        0%
Games/s        2222.2
Score          0.00
Sequence      
a4596 info: 
a4596 warning: **** MoHexSearch returned empty sequence!
a4596 warning: **** Returning random move!
a4596 info: *** Player move: j8
9c586 info: DfpnSolver::CheckAbort(): Abort flag!
ac5a6 info: 
MID calls      58
VC builds      55
Terminal       0
Work           58
Wasted Work    0 (0%)
Elapsed Time   0.422377
MIDs/sec       137.318
VCs/sec        130.215
Cnt prune sib  1
Avg prune sib  1 dev=0 min=1 max=1
Consider Size  68.2545 dev=16.6102 min=26 max=81
Move Index     -
Move Percent   -
Delta Increase 3.38596 dev=10.9733 min=1 max=74
Winner         empty
PV             h5 g7 d8

HashTableStatistics:
Stores         614
LookupAttempt  54492
LookupSuccess  2974
Collisions     0

ac5a6 info: Search aborted.
<= 
< 
<  23306f7305d4c4c2
<  a  b  c  d  e  f  g  h  i  j  k  
< 1\.  .  .  .  .  .  B  W  .  .  .\1
<  2\.  .  .  .  .  .  .  .  .  B  .\2
<   3\B  .  .  .  .  .  .  .  .  .  .\3
<    4\.  .  .  .  .  .  .  .  .  .  W\4
<     5\.  .  .  .  .  .  .  .  .  .  .\5
<      6\.  .  .  .  .  .  .  .  .  .  .\6
<       7\.  .  .  .  .  W  .  .  .  .  .\7
<        8\W  .  .  .  .  .  .  .  .  B  .\8
<         9\.  .  .  .  .  .  .  .  .  .  .\9
<         10\.  .  B  .  .  .  .  .  .  .  .\10
<          11\.  .  .  .  .  .  .  .  .  .  .\11
<              a  b  c  d  e  f  g  h  i  j  k  
<
>play w i3
<= 
<
>showboard
<= 
< 
<  e6486c092b876121
<  a  b  c  d  e  f  g  h  i  j  k  
< 1\.  .  .  .  .  .  B  W  .  .  .\1
<  2\.  .  .  .  .  .  .  .  .  B  .\2
<   3\B  .  .  .  .  .  .  .  W  .  .\3
<    4\.  .  .  .  .  .  .  .  .  .  W\4
<     5\.  .  .  .  .  .  .  .  .  .  .\5
<      6\.  .  .  .  .  .  .  .  .  .  .\6
<       7\.  .  .  .  .  W  .  .  .  .  .\7
<        8\W  .  .  .  .  .  .  .  .  B  .\8
<         9\.  .  .  .  .  .  .  .  .  .  .\9
<         10\.  .  B  .  .  .  .  .  .  .  .\10
<          11\.  .  .  .  .  .  .  .  .  .  .\11
<              a  b  c  d  e  f  g  h  i  j  k  
<
>genmove b
<= k7
<
>showboard
1f307 info: PlayAndSolve: Building VCs to avoid race condition.
1f307 info: PlayAndSolve: Continuing on as usual.
ac5a6 info: *** PlayerThread ***
a4596 info: *** SolverThread ***
ac5a6 info: Best move cannot be determined, must search state.
ac5a6 info: --- MoHexPlayer::Search() ---
ac5a6 info: Color: black
ac5a6 info: MaxGames: 1
ac5a6 info: NumberThreads: 1
ac5a6 info: MaxNodes: 9090 (799920 bytes)
ac5a6 info: TimeForMove: 1
ac5a6 info: PreSearch: max time reached (56/77).
ac5a6 info: Time for PreSearch: 0.201552s
ac5a6 info: 
  e6486c092b876121
  a  b  c  d  e  f  g  h  i  j  k  
 1\.  .  .  .  .  .  B  W  .  b  b\1
  2\*  .  *  *  *  *  *  .  .  B  w\2
   3\B  *  *  *  *  *  *  *  W  *  w\3
    4\*  *  *  *  *  *  *  *  *  *  W\4
     5\*  *  *  *  *  *  *  *  *  *  .\5
      6\*  *  *  *  *  *  *  *  *  *  *\6
       7\.  *  *  *  *  W  *  *  *  *  .\7
        8\W  *  *  *  *  *  *  *  *  B  .\8
         9\.  *  *  *  *  *  *  *  *  *  .\9
         10\*  .  B  .  *  *  *  *  *  .  .\10
          11\.  b  b  b  .  .  .  .  .  .  .\11
              a  b  c  d  e  f  g  h  i  j  k  
ac5a6 info: Old: [black, a3] [white, swap-pieces] [white, h1] [black, g1] [white, k4] [black, j2] [white, f7] [black, c10] [white, a8] 
ac5a6 info: New: [black, a3] [white, swap-pieces] [white, h1] [black, g1] [white, k4] [black, j2] [white, f7] [black, c10] [white, a8] [black, j8] [white, i3] 
ac5a6 info: MovesPlayed: [black, j8] [white, i3] 
ac5a6 info: No subtree to reuse.
ac5a6 info: StartSearch()[0]
SgUctSearch: max games reached
ac5a6 info: 
Elapsed Time   0.376993s
Count          1
GamesPlayed    1
Nodes          1
Knowledge      0 (0.0%)
Expansions     0.0
Time           0.00
GameLen        104.0 dev=0.0 min=104.0 max=104.0
InTree         0.0 dev=0.0 min=0.0 max=0.0
KnowDepth      -
Aborted        0%
Games/s        2493.8
Score          1.00
Sequence      
ac5a6 info: 
ac5a6 warning: **** MoHexSearch returned empty sequence!
ac5a6 warning: **** Returning random move!
ac5a6 info: *** Player move: k7
9c586 info: DfpnSolver::CheckAbort(): Abort flag!
a4596 info: 
MID calls      60
VC builds      58
Terminal       0
Work           60
Wasted Work    0 (0%)
Elapsed Time   0.388481
MIDs/sec       154.448
VCs/sec        149.299
Cnt prune sib  0
Avg prune sib  -
Consider Size  70.6552 dev=6.69684 min=25 max=77
Move Index     -
Move Percent   -
Delta Increase 3.33898 dev=12.4922 min=1 max=72
Winner         empty
PV             c7 d8 d5 c8

HashTableStatistics:
Stores         754
LookupAttempt  65193
LookupSuccess  3566
Collisions     0

a4596 info: Search aborted.
<= 
< 
<  fe0ac9051ceefb1e
<  a  b  c  d  e  f  g  h  i  j  k  
< 1\.  .  .  .  .  .  B  W  .  .  .\1
<  2\.  .  .  .  .  .  .  .  .  B  .\2
<   3\B  .  .  .  .  .  .  .  W  .  .\3
<    4\.  .  .  .  .  .  .  .  .  .  W\4
<     5\.  .  .  .  .  .  .  .  .  .  .\5
<      6\.  .  .  .  .  .  .  .  .  .  .\6
<       7\.  .  .  .  .  W  .  .  .  .  B\7
<        8\W  .  .  .  .  .  .  .  .  B  .\8
<         9\.  .  .  .  .  .  .  .  .  .  .\9
<         10\.  .  B  .  .  .  .  .  .  .  .\10
<          11\.  .  .  .  .  .  .  .  .  .  .\11
<              a  b  c  d  e  f  g  h  i  j  k  
<
>play w c6
<= 
<
>showboard
<= 
< 
<  bb482c3cf53ca05e
<  a  b  c  d  e  f  g  h  i  j  k  
< 1\.  .  .  .  .  .  B  W  .  .  .\1
<  2\.  .  .  .  .  .  .  .  .  B  .\2
<   3\B  .  .  .  .  .  .  .  W  .  .\3
<    4\.  .  .  .  .  .  .  .  .  .  W\4
<     5\.  .  .  .  .  .  .  .  .  .  .\5
<      6\.  .  W  .  .  .  .  .  .  .  .\6
<       7\.  .  .  .  .  W  .  .  .  .  B\7
<        8\W  .  .  .  .  .  .  .  .  B  .\8
<         9\.  .  .  .  .  .  .  .  .  .  .\9
<         10\.  .  B  .  .  .  .  .  .  .  .\10
<          11\.  .  .  .  .  .  .  .  .  .  .\11
<              a  b  c  d  e  f  g  h  i  j  k  
<
>genmove b
<= e9
<
>showboard
1f307 info: PlayAndSolve: Building VCs to avoid race condition.
1f307 info: PlayAndSolve: Continuing on as usual.
a4596 info: *** PlayerThread ***
ac5a6 info: *** SolverThread ***
a4596 info: Best move cannot be determined, must search state.
a4596 info: --- MoHexPlayer::Search() ---
a4596 info: Color: black
a4596 info: MaxGames: 1
a4596 info: NumberThreads: 1
a4596 info: MaxNodes: 9090 (799920 bytes)
a4596 info: TimeForMove: 1
a4596 info: PreSearch: max time reached (56/72).
a4596 info: Time for PreSearch: 0.203384s
a4596 info: 
  bb482c3cf53ca05e
  a  b  c  d  e  f  g  h  i  j  k  
 1\.  .  .  .  .  .  B  W  .  b  b\1
  2\*  .  *  *  *  *  *  .  .  B  w\2
   3\B  *  *  *  *  *  *  *  W  *  w\3
    4\*  *  *  *  *  *  *  *  *  *  W\4
     5\*  *  *  *  *  *  *  *  *  *  .\5
      6\.  *  W  *  *  *  *  *  *  *  .\6
       7\.  .  *  *  *  W  *  *  *  .  B\7
        8\W  *  *  *  *  *  *  *  *  B  .\8
         9\.  *  *  *  *  *  *  *  *  *  .\9
         10\*  .  B  .  *  *  *  *  *  .  .\10
          11\.  b  b  b  .  .  .  .  .  .  .\11
              a  b  c  d  e  f  g  h  i  j  k  
a4596 info: Old: [black, a3] [white, swap-pieces] [white, h1] [black, g1] [white, k4] [black, j2] [white, f7] [black, c10] [white, a8] [black, j8] [white, i3] 
a4596 info: New: [black, a3] [white, swap-pieces] [white, h1] [black, g1] [white, k4] [black, j2] [white, f7] [black, c10] [white, a8] [black, j8] [white, i3] [black, k7] [white, c6] 
a4596 info: MovesPlayed: [black, k7] [white, c6] 
a4596 info: No subtree to reuse.
a4596 info: StartSearch()[0]
SgUctSearch: max games reached
a4596 info: 
Elapsed Time   0.363147s
Count          1
GamesPlayed    1
Nodes          1
Knowledge      0 (0.0%)
Expansions     0.0
Time           0.00
GameLen        102.0 dev=0.0 min=102.0 max=102.0
InTree         0.0 dev=0.0 min=0.0 max=0.0
KnowDepth      -
Aborted        0%
Games/s        3134.8
Score          0.00
Sequence      
a4596 info: 
a4596 warning: **** MoHexSearch returned empty sequence!
a4596 warning: **** Returning random move!
a4596 info: *** Player move: e9
9c586 info: DfpnSolver::CheckAbort(): Abort flag!
ac5a6 info: 
MID calls      48
VC builds      45
Terminal       0
Work           48
Wasted Work    0 (0%)
Elapsed Time   0.382749
MIDs/sec       125.409
VCs/sec        117.571
Cnt prune sib  0
Avg prune sib  -
Consider Size  58.1778 dev=20.7528 min=10 max=75
Move Index     -
Move Percent   -
Delta Increase 2.93617 dev=10.0983 min=1 max=70
Winner         empty
PV             g4 d8 h5

HashTableStatistics:
Stores         870
LookupAttempt  73721
LookupSuccess  4099
Collisions     0

ac5a6 info: Search aborted.
<= 
< 
<  415f015046d2bd58
<  a  b  c  d  e  f  g  h  i  j  k  
< 1\.  .  .  .  .  .  B  W  .  .  .\1
<  2\.  .  .  .  .  .  .  .  .  B  .\2
<   3\B  .  .  .  .  .  .  .  W  .  .\3
<    4\.  .  .  .  .  .  .  .  .  .  W\4
<     5\.  .  .  .  .  .  .  .  .  .  .\5
<      6\.  .  W  .  .  .  .  .  .  .  .\6
<       7\.  .  .  .  .  W  .  .  .  .  B\7
<        8\W  .  .  .  .  .  .  .  .  B  .\8
<         9\.  .  .  .  B  .  .  .  .  .  .\9
<         10\.  .  B  .  .  .  .  .  .  .  .\10
<          11\.  .  .  .  .  .  .  .  .  .  .\11
<              a  b  c  d  e  f  g  h  i  j  k  
<
>play w g10
<= 
<
>showboard
<= 
< 
<  261aa9605ba811fc
<  a  b  c  d  e  f  g  h  i  j  k  
< 1\.  .  .  .  .  .  B  W  .  .  .\1
<  2\.  .  .  .  .  .  .  .  .  B  .\2
<   3\B  .  .  .  .  .  .  .  W  .  .\3
<    4\.  .  .  .  .  .  .  .  .  .  W\4
<     5\.  .  .  .  .  .  .  .  .  .  .\5
<      6\.  .  W  .  .  .  .  .  .  .  .\6
<       7\.  .  .  .  .  W  .  .  .  .  B\7
<        8\W  .  .  .  .  .  .  .  .  B  .\8
<         9\.  .  .  .  B  .  .  .  .  .  .\9
<         10\.  .  B  .  .  .  W  .  .  .  .\10
<          11\.  .  .  .  .  .  .  .  .  .  .\11
<              a  b  c  d  e  f  g  h  i  j  k  
<
>genmove b
<= j4
<
>showboard
1f307 info: PlayAndSolve: Building VCs to avoid race condition.
1f307 info: PlayAndSolve: Continuing on as usual.
ac5a6 info: *** PlayerThread ***
a4596 info: *** SolverThread ***
ac5a6 info: Best move cannot be determined, must search state.
ac5a6 info: --- MoHexPlayer::Search() ---
ac5a6 info: Color: black
ac5a6 info: MaxGames: 1
ac5a6 info: NumberThreads: 1
ac5a6 info: MaxNodes: 9090 (799920 bytes)
ac5a6 info: TimeForMove: 1
ac5a6 info: Time for PreSearch: 0.17154s
ac5a6 info: 
  261aa9605ba811fc
  a  b  c  d  e  f  g  h  i  j  k  
 1\.  .  .  .  .  .  B  W  .  b  b\1
  2\.  .  .  *  *  *  *  .  .  B  w\2
   3\B  *  *  *  *  *  *  *  W  *  w\3
    4\*  *  *  *  *  *  *  *  *  *  W\4
     5\*  *  *  *  *  *  *  *  *  *  .\5
      6\.  *  W  *  *  *  *  *  *  *  .\6
       7\.  .  *  *  *  W  *  *  *  .  B\7
        8\W  *  *  *  .  .  *  *  *  B  .\8
         9\.  *  *  .  B  .  *  *  *  .  .\9
         10\*  .  B  b  b  .  W  .  .  .  .\10
          11\.  b  b  b  b  b  .  .  .  .  .\11
              a  b  c  d  e  f  g  h  i  j  k  
ac5a6 info: Old: [black, a3] [white, swap-pieces] [white, h1] [black, g1] [white, k4] [black, j2] [white, f7] [black, c10] [white, a8] [black, j8] [white, i3] [black, k7] [white, c6] 
ac5a6 info: New: [black, a3] [white, swap-pieces] [white, h1] [black, g1] [white, k4] [black, j2] [white, f7] [black, c10] [white, a8] [black, j8] [white, i3] [black, k7] [white, c6] [black, e9] [white, g10] 
ac5a6 info: MovesPlayed: [black, e9] [white, g10] 
ac5a6 info: No subtree to reuse.
ac5a6 info: StartSearch()[0]
SgUctSearch: max games reached
ac5a6 info: 
Elapsed Time   0.328265s
Count          1
GamesPlayed    1
Nodes          1
Knowledge      0 (0.0%)
Expansions     0.0
Time           0.00
GameLen        96.0 dev=0.0 min=96.0 max=96.0
InTree         0.0 dev=0.0 min=0.0 max=0.0
KnowDepth      -
Aborted        0%
Games/s        3436.4
Score          0.00
Sequence      
ac5a6 info: 
ac5a6 warning: **** MoHexSearch returned empty sequence!
ac5a6 warning: **** Returning random move!
ac5a6 info: *** Player move: j4
9c586 info: DfpnSolver::CheckAbort(): Abort flag!
a4596 info: 
MID calls      63
VC builds      59
Terminal       0
Work           63
Wasted Work    0 (0%)
Elapsed Time   0.336038
MIDs/sec       187.479
VCs/sec        175.575
Cnt prune sib  0
Avg prune sib  -
Consider Size  56.5254 dev=14.4168 min=13 max=68
Move Index     -
Move Percent   -
Delta Increase 2.5 dev=8.26136 min=1 max=64
Winner         empty
PV             e6 d8 j3 i5

HashTableStatistics:
Stores         1013
LookupAttempt  81891
LookupSuccess  4564
Collisions     0

a4596 info: Search aborted.
<= 
< 
<  a855d0920eae7d1a
<  a  b  c  d  e  f  g  h  i  j  k  
< 1\.  .  .  .  .  .  B  W  .  .  .\1
<  2\.  .  .  .  .  .  .  .  .  B  .\2
<   3\B  .  .  .  .  .  .  .  W  .  .\3
<    4\.  .  .  .  .  .  .  .  .  B  W\4
<     5\.  .  .  .  .  .  .  .  .  .  .\5
<      6\.  .  W  .  .  .  .  .  .  .  .\6
<       7\.  .  .  .  .  W  .  .  .  .  B\7
<        8\W  .  .  .  .  .  .  .  .  B  .\8
<         9\.  .  .  .  B  .  .  .  .  .  .\9
<         10\.  .  B  .  .  .  W  .  .  .  .\10
<          11\.  .  .  .  .  .  .  .  .  .  .\11
<              a  b  c  d  e  f  g  h  i  j  k  
<
>play w d9
<= 
<
>showboard
<= 
< 
<  18d76cc40e732691
<  a  b  c  d  e  f  g  h  i  j  k  
< 1\.  .  .  .  .  .  B  W  .  .  .\1
<  2\.  .  .  .  .  .  .  .  .  B  .\2
<   3\B  .  .  .  .  .  .  .  W  .  .\3
<    4\.  .  .  .  .  .  .  .  .  B  W\4
<     5\.  .  .  .  .  .  .  .  .  .  .\5
<      6\.  .  W  .  .  .  .  .  .  .  .\6
<       7\.  .  .  .  .  W  .  .  .  .  B\7
<        8\W  .  .  .  .  .  .  .  .  B  .\8
<         9\.  .  .  W  B  .  .  .  .  .  .\9
<         10\.  .  B  .  .  .  W  .  .  .  .\10
<          11\.  .  .  .  .  .  .  .  .  .  .\11
<              a  b  c  d  e  f  g  h  i  j  k  
<
>genmove b
<= a1
<
>showboard
1f307 info: PlayAndSolve: Building VCs to avoid race condition.
1f307 info: PlayAndSolve: Continuing on as usual.
a4596 info: *** PlayerThread ***
ac5a6 info: *** SolverThread ***
a4596 info: Best move cannot be determined, must search state.
a4596 info: --- MoHexPlayer::Search() ---
a4596 info: Color: black
a4596 info: MaxGames: 1
a4596 info: NumberThreads: 1
a4596 info: MaxNodes: 9090 (799920 bytes)
a4596 info: TimeForMove: 1
a4596 info: Time for PreSearch: 0.168038s
a4596 info: 
  18d76cc40e732691
  a  b  c  d  e  f  g  h  i  j  k  
 1\.  .  .  .  .  .  B  W  .  b  b\1
  2\.  .  .  *  *  *  *  .  .  B  w\2
   3\B  *  *  *  *  *  *  *  W  *  w\3
    4\*  *  *  *  *  *  *  *  *  B  W\4
     5\*  *  *  *  *  *  *  *  *  *  .\5
      6\.  *  W  *  *  *  *  *  *  *  .\6
       7\.  .  *  *  *  W  *  *  *  .  B\7
        8\W  *  *  *  *  .  *  *  *  B  .\8
         9\.  *  *  W  B  .  *  *  *  .  .\9
         10\*  .  B  b  b  .  W  .  .  .  .\10
          11\.  b  b  b  b  b  .  .  .  .  .\11
              a  b  c  d  e  f  g  h  i  j  k  
a4596 info: Old: [black, a3] [white, swap-pieces] [white, h1] [black, g1] [white, k4] [black, j2] [white, f7] [black, c10] [white, a8] [black, j8] [white, i3] [black, k7] [white, c6] [black, e9] [white, g10] 
a4596 info: New: [black, a3] [white, swap-pieces] [white, h1] [black, g1] [white, k4] [black, j2] [white, f7] [black, c10] [white, a8] [black, j8] [white, i3] [black, k7] [white, c6] [black, e9] [white, g10] [black, j4] [white, d9] 
a4596 info: MovesPlayed: [black, j4] [white, d9] 
a4596 info: No subtree to reuse.
a4596 info: StartSearch()[0]
SgUctSearch: max games reached
a4596 info: 
Elapsed Time   0.313479s
Count          1
GamesPlayed    1
Nodes          1
Knowledge      0 (0.0%)
Expansions     0.0
Time           0.00
GameLen        94.0 dev=0.0 min=94.0 max=94.0
InTree         0.0 dev=0.0 min=0.0 max=0.0
KnowDepth      -
Aborted        0%
Games/s        3584.2
Score          0.00
Sequence      
a4596 info: 
a4596 warning: **** MoHexSearch returned empty sequence!
a4596 warning: **** Returning random move!
a4596 info: *** Player move: a1
9c586 info: DfpnSolver::CheckAbort(): Abort flag!
ac5a6 info: 
MID calls      62
VC builds      58
Terminal       2
Work           64
Wasted Work    0 (0%)
Elapsed Time   0.321462
MIDs/sec       192.869
VCs/sec        180.426
Cnt prune sib  0
Avg prune sib  -
Consider Size  51.7857 dev=19.1793 min=10 max=67
Move Index     -
Move Percent   -
Delta Increase 3.38095 dev=6.80902 min=1 max=34
Winner         empty
PV             g7 g6 e8 j3

HashTableStatistics:
Stores         1157
LookupAttempt  89372
LookupSuccess  4996
Collisions     0

ac5a6 info: Search aborted.
<= 
< 
<  378c67f854afd9d3
<  a  b  c  d  e  f  g  h  i  j  k  
< 1\B  .  .  .  .  .  B  W  .  .  .\1
<  2\.  .  .  .  .  .  .  .  .  B  .\2
<   3\B  .  .  .  .  .  .  .  W  .  .\3
<    4\.  .  .  .  .  .  .  .  .  B  W\4
<     5\.  .  .  .  .  .  .  .  .  .  .\5
<      6\.  .  W  .  .  .  .  .  .  .  .\6
<       7\.  .  .  .  .  W  .  .  .  .  B\7
<        8\W  .  .  .  .  .  .  .  .  B  .\8
<         9\.  .  .  W  B  .  .  .  .  .  .\9
<         10\.  .  B  .  .  .  W  .  .  .  .\10
<          11\.  .  .  .  .  .  .  .  .  .  .\11
<              a  b  c  d  e  f  g  h  i  j  k  
<
>play w g6
<= 
<
>showboard
<= 
< 
<  5757abf7f4478182
<  a  b  c  d  e  f  g  h  i  j  k  
< 1\B  .  .  .  .  .  B  W  .  .  .\1
<  2\.  .  .  .  .  .  .  .  .  B  .\2
<   3\B  .  .  .  .  .  .  .  W  .  .\3
<    4\.  .  .  .  .  .  .  .  .  B  W\4
<     5\.  .  .  .  .  .  .  .  .  .  .\5
<      6\.  .  W  .  .  .  W  .  .  .  .\6
<       7\.  .  .  .  .  W  .  .  .  .  B\7
<        8\W  .  .  .  .  .  .  .  .  B  .\8
<         9\.  .  .  W  B  .  .  .  .  .  .\9
<         10\.  .  B  .  .  .  W  .  .  .  .\10
<          11\.  .  .  .  .  .  .  .  .  .  .\11
<              a  b  c  d  e  f  g  h  i  j  k  
<
>genmove b
<= d3
<
>showboard
1f307 info: PlayAndSolve: Building VCs to avoid race condition.
1f307 info: PlayAndSolve: Continuing on as usual.
ac5a6 info: *** PlayerThread ***
a4596 info: *** SolverThread ***
ac5a6 info: Best move cannot be determined, must search state.
ac5a6 info: --- MoHexPlayer::Search() ---
ac5a6 info: Color: black
ac5a6 info: MaxGames: 1
ac5a6 info: NumberThreads: 1
ac5a6 info: MaxNodes: 9090 (799920 bytes)
ac5a6 info: TimeForMove: 1
ac5a6 info: Time for PreSearch: 0.104503s
ac5a6 info: 
  5757abf7f4478182
  a  b  c  d  e  f  g  h  i  j  k  
 1\B  b  .  .  .  .  B  W  .  b  b\1
  2\.  .  .  .  .  .  .  .  .  B  w\2
   3\B  .  .  .  .  .  .  .  W  *  w\3
    4\*  *  *  *  *  *  .  *  *  B  W\4
     5\*  .  *  *  *  *  *  *  *  *  .\5
      6\.  *  W  *  *  *  W  *  *  *  .\6
       7\.  .  *  *  *  W  .  .  .  .  B\7
        8\W  *  *  *  *  .  .  .  .  B  .\8
         9\.  *  *  W  B  .  .  .  .  .  .\9
         10\*  .  B  b  b  .  W  .  .  .  .\10
          11\.  b  b  b  b  b  .  .  .  .  .\11
              a  b  c  d  e  f  g  h  i  j  k  
ac5a6 info: Old: [black, a3] [white, swap-pieces] [white, h1] [black, g1] [white, k4] [black, j2] [white, f7] [black, c10] [white, a8] [black, j8] [white, i3] [black, k7] [white, c6] [black, e9] [white, g10] [black, j4] [white, d9] 
ac5a6 info: New: [black, a3] [white, swap-pieces] [white, h1] [black, g1] [white, k4] [black, j2] [white, f7] [black, c10] [white, a8] [black, j8] [white, i3] [black, k7] [white, c6] [black, e9] [white, g10] [black, j4] [white, d9] [black, a1] [white, g6] 
ac5a6 info: MovesPlayed: [black, a1] [white, g6] 
ac5a6 info: No subtree to reuse.
ac5a6 info: StartSearch()[0]
SgUctSearch: max games reached
ac5a6 info: 
Elapsed Time   0.256084s
Count          1
GamesPlayed    1
Nodes          1
Knowledge      0 (0.0%)
Expansions     0.0
Time           0.00
GameLen        91.0 dev=0.0 min=91.0 max=91.0
InTree         0.0 dev=0.0 min=0.0 max=0.0
KnowDepth      -
Aborted        0%
Games/s        3355.7
Score          0.00
Sequence      
ac5a6 info: 
ac5a6 warning: **** MoHexSearch returned empty sequence!
ac5a6 warning: **** Returning random move!
ac5a6 info: *** Player move: d3
9c586 info: DfpnSolver::CheckAbort(): Abort flag!
a4596 info: 
MID calls      35
VC builds      33
Terminal       0
Work           35
Wasted Work    0 (0%)
Elapsed Time   0.268818
MIDs/sec       130.2
VCs/sec        122.76
Cnt prune sib  0
Avg prune sib  -
Consider Size  51.3939 dev=13.3665 min=28 max=64
Move Index     -
Move Percent   -
Delta Increase 3.55882 dev=10.9898 min=1 max=61
Winner         empty
PV             i5 j3 d8 e6

HashTableStatistics:
Stores         1236
LookupAttempt  92719
LookupSuccess  5178
Collisions     0

a4596 info: Search aborted.
<= 
< 
<  ce1bf8899f5a8e55
<  a  b  c  d  e  f  g  h  i  j  k  
< 1\B  .  .  .  .  .  B  W  .  .  .\1
<  2\.  .  .  .  .  .  .  .  .  B  .\2
<   3\B  .  .  B  .  .  .  .  W  .  .\3
<    4\.  .  .  .  .  .  .  .  .  B  W\4
<     5\.  .  .  .  .  .  .  .  .  .  .\5
<      6\.  .  W  .  .  .  W  .  .  .  .\6
<       7\.  .  .  .  .  W  .  .  .  .  B\7
<        8\W  .  .  .  .  .  .  .  .  B  .\8
<         9\.  .  .  W  B  .  .  .  .  .  .\9
<         10\.  .  B  .  .  .  W  .  .  .  .\10
<          11\.  .  .  .  .  .  .  .  .  .  .\11
<              a  b  c  d  e  f  g  h  i  j  k  
<
>play w h5
<= 
<
>showboard
<= 
< 
<  d313784679b2f58d
<  a  b  c  d  e  f  g  h  i  j  k  
< 1\B  .  .  .  .  .  B  W  .  .  .\1
<  2\.  .  .  .  .  .  .  .  .  B  .\2
<   3\B  .  .  B  .  .  .  .  W  .  .\3
<    4\.  .  .  .  .  .  .  .  .  B  W\4
<     5\.  .  .  .  .  .  .  W  .  .  .\5
<      6\.  .  W  .  .  .  W  .  .  .  .\6
<       7\.  .  .  .  .  W  .  .  .  .  B\7
<        8\W  .  .  .  .  .  .  .  .  B  .\8
<         9\.  .  .  W  B  .  .  .  .  .  .\9
<         10\.  .  B  .  .  .  W  .  .  .  .\10
<          11\.  .  .  .  .  .  .  .  .  .  .\11
<              a  b  c  d  e  f  g  h  i  j  k  
<
>genmove b
<= j3
<
>showboard
1f307 info: PlayAndSolve: Building VCs to avoid race condition.
1f307 info: PlayAndSolve: Continuing on as usual.
a4596 info: *** PlayerThread ***
ac5a6 info: *** SolverThread ***
a4596 info: Opponent has won; playing most blocking move.
a4596 info: *** Player move: j3
ac5a6 info: 
MID calls      0
VC builds      1
Terminal       1
Work           1
Wasted Work    0 (0%)
Elapsed Time   0.011112
MIDs/sec       0
VCs/sec        89.9928
Cnt prune sib  0
Avg prune sib  -
Consider Size  -
Move Index     -
Move Percent   -
Delta Increase -
Winner         white
PV             

HashTableStatistics:
Stores         1237
LookupAttempt  92725
LookupSuccess  5181
Collisions     0

<= 
< 
<  f9ce0076d6745d3a
<  a  b  c  d  e  f  g  h  i  j  k  
< 1\B  .  .  .  .  .  B  W  .  .  .\1
<  2\.  .  .  .  .  .  .  .  .  B  .\2
<   3\B  .  .  B  .  .  .  .  W  B  .\3
<    4\.  .  .  .  .  .  .  .  .  B  W\4
<     5\.  .  .  .  .  .  .  W  .  .  .\5
<      6\.  .  W  .  .  .  W  .  .  .  .\6
<       7\.  .  .  .  .  W  .  .  .  .  B\7
<        8\W  .  .  .  .  .  .  .  .  B  .\8
<         9\.  .  .  W  B  .  .  .  .  .  .\9
<         10\.  .  B  .  .  .  W  .  .  .  .\10
<          11\.  .  .  .  .  .  .  .  .  .  .\11
<              a  b  c  d  e  f  g  h  i  j  k  
<
>play w i6
<= 
<
>showboard
<= 
< 
<  9a02788bc1ab22f6
<  a  b  c  d  e  f  g  h  i  j  k  
< 1\B  .  .  .  .  .  B  W  .  .  .\1
<  2\.  .  .  .  .  .  .  .  .  B  .\2
<   3\B  .  .  B  .  .  .  .  W  B  .\3
<    4\.  .  .  .  .  .  .  .  .  B  W\4
<     5\.  .  .  .  .  .  .  W  .  .  .\5
<      6\.  .  W  .  .  .  W  .  W  .  .\6
<       7\.  .  .  .  .  W  .  .  .  .  B\7
<        8\W  .  .  .  .  .  .  .  .  B  .\8
<         9\.  .  .  W  B  .  .  .  .  .  .\9
<         10\.  .  B  .  .  .  W  .  .  .  .\10
<          11\.  .  .  .  .  .  .  .  .  .  .\11
<              a  b  c  d  e  f  g  h  i  j  k  
<
>genmove b
<= j5
<
>showboard
1f307 info: PlayAndSolve: Building VCs to avoid race condition.
1f307 info: PlayAndSolve: Continuing on as usual.
ac5a6 info: *** PlayerThread ***
a4596 info: *** SolverThread ***
ac5a6 info: Opponent has won; playing most blocking move.
ac5a6 info: *** Player move: j5
a4596 info: 
MID calls      0
VC builds      1
Terminal       1
Work           1
Wasted Work    0 (0%)
Elapsed Time   0.012081
MIDs/sec       0
VCs/sec        82.7746
Cnt prune sib  0
Avg prune sib  -
Consider Size  -
Move Index     -
Move Percent   -
Delta Increase -
Winner         white
PV             

HashTableStatistics:
Stores         1238
LookupAttempt  92731
LookupSuccess  5184
Collisions     0

<= 
< 
<  27554d34f4311082
<  a  b  c  d  e  f  g  h  i  j  k  
< 1\B  .  .  .  .  .  B  W  .  .  .\1
<  2\.  .  .  .  .  .  .  .  .  B  .\2
<   3\B  .  .  B  .  .  .  .  W  B  .\3
<    4\.  .  .  .  .  .  .  .  .  B  W\4
<     5\.  .  .  .  .  .  .  W  .  B  .\5
<      6\.  .  W  .  .  .  W  .  W  .  .\6
<       7\.  .  .  .  .  W  .  .  .  .  B\7
<        8\W  .  .  .  .  .  .  .  .  B  .\8
<         9\.  .  .  W  B  .  .  .  .  .  .\9
<         10\.  .  B  .  .  .  W  .  .  .  .\10
<          11\.  .  .  .  .  .  .  .  .  .  .\11
<              a  b  c  d  e  f  g  h  i  j  k  
<
>play w j6
<= 
<
>showboard
<= 
< 
<  548face86ae0d018
<  a  b  c  d  e  f  g  h  i  j  k  
< 1\B  .  .  .  .  .  B  W  .  .  .\1
<  2\.  .  .  .  .  .  .  .  .  B  .\2
<   3\B  .  .  B  .  .  .  .  W  B  .\3
<    4\.  .  .  .  .  .  .  .  .  B  W\4
<     5\.  .  .  .  .  .  .  W  .  B  .\5
<      6\.  .  W  .  .  .  W  .  W  W  .\6
<       7\.  .  .  .  .  W  .  .  .  .  B\7
<        8\W  .  .  .  .  .  .  .  .  B  .\8
<         9\.  .  .  W  B  .  .  .  .  .  .\9
<         10\.  .  B  .  .  .  W  .  .  .  .\10
<          11\.  .  .  .  .  .  .  .  .  .  .\11
<              a  b  c  d  e  f  g  h  i  j  k  
<
>genmove b
<= b7
<
>showboard
1f307 info: PlayAndSolve: Building VCs to avoid race condition.
1f307 info: PlayAndSolve: Continuing on as usual.
a4596 info: *** PlayerThread ***
ac5a6 info: *** SolverThread ***
a4596 info: Opponent has won; playing most blocking move.
a4596 info: *** Player move: b7
ac5a6 info: 
MID calls      0
VC builds      1
Terminal       1
Work           1
Wasted Work    0 (0%)
Elapsed Time   0.004645
MIDs/sec       0
VCs/sec        215.285
Cnt prune sib  0
Avg prune sib  -
Consider Size  -
Move Index     -
Move Percent   -
Delta Increase -
Winner         white
PV             

HashTableStatistics:
Stores         1239
LookupAttempt  92737
LookupSuccess  5187
Collisions     0

<= 
< 
<  81b2ca88a9fe1e39
<  a  b  c  d  e  f  g  h  i  j  k  
< 1\B  .  .  .  .  .  B  W  .  .  .\1
<  2\.  .  .  .  .  .  .  .  .  B  .\2
<   3\B  .  .  B  .  .  .  .  W  B  .\3
<    4\.  .  .  .  .  .  .  .  .  B  W\4
<     5\.  .  .  .  .  .  .  W  .  B  .\5
<      6\.  .  W  .  .  .  W  .  W  W  .\6
<       7\.  B  .  .  .  W  .  .  .  .  B\7
<        8\W  .  .  .  .  .  .  .  .  B  .\8
<         9\.  .  .  W  B  .  .  .  .  .  .\9
<         10\.  .  B  .  .  .  W  .  .  .  .\10
<          11\.  .  .  .  .  .  .  .  .  .  .\11
<              a  b  c  d  e  f  g  h  i  j  k  
<
>play w d8
<= 
<
>showboard
<= 
< 
<  773b8316296e976a
<  a  b  c  d  e  f  g  h  i  j  k  
< 1\B  .  .  .  .  .  B  W  .  .  .\1
<  2\.  .  .  .  .  .  .  .  .  B  .\2
<   3\B  .  .  B  .  .  .  .  W  B  .\3
<    4\.  .  .  .  .  .  .  .  .  B  W\4
<     5\.  .  .  .  .  .  .  W  .  B  .\5
<      6\.  .  W  .  .  .  W  .  W  W  .\6
<       7\.  B  .  .  .  W  .  .  .  .  B\7
<        8\W  .  .  W  .  .  .  .  .  B  .\8
<         9\.  .  .  W  B  .  .  .  .  .  .\9
<         10\.  .  B  .  .  .  W  .  .  .  .\10
<          11\.  .  .  .  .  .  .  .  .  .  .\11
<              a  b  c  d  e  f  g  h  i  j  k  
<
>genmove b
<= e7
<
>showboard
1f307 info: PlayAndSolve: Building VCs to avoid race condition.
1f307 info: PlayAndSolve: Continuing on as usual.
ac5a6 info: *** PlayerThread ***
a4596 info: *** SolverThread ***
ac5a6 info: Opponent has won; playing most blocking move.
ac5a6 info: *** Player move: e7
a4596 info: 
MID calls      0
VC builds      1
Terminal       1
Work           1
Wasted Work    0 (0%)
Elapsed Time   0.004157
MIDs/sec       0
VCs/sec        240.558
Cnt prune sib  0
Avg prune sib  -
Consider Size  -
Move Index     -
Move Percent   -
Delta Increase -
Winner         white
PV             

HashTableStatistics:
Stores         1240
LookupAttempt  92743
LookupSuccess  5190
Collisions     0

<= 
< 
<  88a48920fbdeab03
<  a  b  c  d  e  f  g  h  i  j  k  
< 1\B  .  .  .  .  .  B  W  .  .  .\1
<  2\.  .  .  .  .  .  .  .  .  B  .\2
<   3\B  .  .  B  .  .  .  .  W  B  .\3
<    4\.  .  .  .  .  .  .  .  .  B  W\4
<     5\.  .  .  .  .  .  .  W  .  B  .\5
<      6\.  .  W  .  .  .  W  .  W  W  .\6
<       7\.  B  .  .  B  W  .  .  .  .  B\7
<        8\W  .  .  W  .  .  .  .  .  B  .\8
<         9\.  .  .  W  B  .  .  .  .  .  .\9
<         10\.  .  B  .  .  .  W  .  .  .  .\10
<          11\.  .  .  .  .  .  .  .  .  .  .\11
<              a  b  c  d  e  f  g  h  i  j  k  
<
>play w e8
<= 
<
>showboard
<= 
< 
<  7895656d2daee5c4
<  a  b  c  d  e  f  g  h  i  j  k  
< 1\B  .  .  .  .  .  B  W  .  .  .\1
<  2\.  .  .  .  .  .  .  .  .  B  .\2
<   3\B  .  .  B  .  .  .  .  W  B  .\3
<    4\.  .  .  .  .  .  .  .  .  B  W\4
<     5\.  .  .  .  .  .  .  W  .  B  .\5
<      6\.  .  W  .  .  .  W  .  W  W  .\6
<       7\.  B  .  .  B  W  .  .  .  .  B\7
<        8\W  .  .  W  W  .  .  .  .  B  .\8
<         9\.  .  .  W  B  .  .  .  .  .  .\9
<         10\.  .  B  .  .  .  W  .  .  .  .\10
<          11\.  .  .  .  .  .  .  .  .  .  .\11
<              a  b  c  d  e  f  g  h  i  j  k  
<
>genmove b
<= b8
<
>showboard
1f307 info: PlayAndSolve: Building VCs to avoid race condition.
1f307 info: PlayAndSolve: Continuing on as usual.
a4596 info: *** PlayerThread ***
ac5a6 info: *** SolverThread ***
a4596 info: Opponent has won; playing most blocking move.
a4596 info: *** Player move: b8
ac5a6 info: 
MID calls      0
VC builds      1
Terminal       1
Work           1
Wasted Work    0 (0%)
Elapsed Time   0.003973
MIDs/sec       0
VCs/sec        251.699
Cnt prune sib  0
Avg prune sib  -
Consider Size  -
Move Index     -
Move Percent   -
Delta Increase -
Winner         white
PV             

HashTableStatistics:
Stores         1241
LookupAttempt  92749
LookupSuccess  5193
Collisions     0

<= 
< 
<  20559b8764af8e68
<  a  b  c  d  e  f  g  h  i  j  k  
< 1\B  .  .  .  .  .  B  W  .  .  .\1
<  2\.  .  .  .  .  .  .  .  .  B  .\2
<   3\B  .  .  B  .  .  .  .  W  B  .\3
<    4\.  .  .  .  .  .  .  .  .  B  W\4
<     5\.  .  .  .  .  .  .  W  .  B  .\5
<      6\.  .  W  .  .  .  W  .  W  W  .\6
<       7\.  B  .  .  B  W  .  .  .  .  B\7
<        8\W  B  .  W  W  .  .  .  .  B  .\8
<         9\.  .  .  W  B  .  .  .  .  .  .\9
<         10\.  .  B  .  .  .  W  .  .  .  .\10
<          11\.  .  .  .  .  .  .  .  .  .  .\11
<              a  b  c  d  e  f  g  h  i  j  k  
<
>play w b9
<= 
<
>showboard
<= 
< 
<  063941cb11d162d0
<  a  b  c  d  e  f  g  h  i  j  k  
< 1\B  .  .  .  .  .  B  W  .  .  .\1
<  2\.  .  .  .  .  .  .  .  .  B  .\2
<   3\B  .  .  B  .  .  .  .  W  B  .\3
<    4\.  .  .  .  .  .  .  .  .  B  W\4
<     5\.  .  .  .  .  .  .  W  .  B  .\5
<      6\.  .  W  .  .  .  W  .  W  W  .\6
<       7\.  B  .  .  B  W  .  .  .  .  B\7
<        8\W  B  .  W  W  .  .  .  .  B  .\8
<         9\.  W  .  W  B  .  .  .  .  .  .\9
<         10\.  .  B  .  .  .  W  .  .  .  .\10
<          11\.  .  .  .  .  .  .  .  .  .  .\11
<              a  b  c  d  e  f  g  h  i  j  k  
<
>genmove b
<= c8
<
>showboard
1f307 info: PlayAndSolve: Building VCs to avoid race condition.
1f307 info: PlayAndSolve: Continuing on as usual.
ac5a6 info: *** PlayerThread ***
a4596 info: *** SolverThread ***
ac5a6 info: Opponent has won; playing most blocking move.
ac5a6 info: *** Player move: c8
a4596 info: 
MID calls      0
VC builds      1
Terminal       1
Work           1
Wasted Work    0 (0%)
Elapsed Time   0.004814
MIDs/sec       0
VCs/sec        207.727
Cnt prune sib  0
Avg prune sib  -
Consider Size  -
Move Index     -
Move Percent   -
Delta Increase -
Winner         white
PV             

HashTableStatistics:
Stores         1242
LookupAttempt  92755
LookupSuccess  5196
Collisions     0

<= 
< 
<  5cb1e88e6fda00a4
<  a  b  c  d  e  f  g  h  i  j  k  
< 1\B  .  .  .  .  .  B  W  .  .  .\1
<  2\.  .  .  .  .  .  .  .  .  B  .\2
<   3\B  .  .  B  .  .  .  .  W  B  .\3
<    4\.  .  .  .  .  .  .  .  .  B  W\4
<     5\.  .  .  .  .  .  .  W  .  B  .\5
<      6\.  .  W  .  .  .  W  .  W  W  .\6
<       7\.  B  .  .  B  W  .  .  .  .  B\7
<        8\W  B  B  W  W  .  .  .  .  B  .\8
<         9\.  W  .  W  B  .  .  .  .  .  .\9
<         10\.  .  B  .  .  .  W  .  .  .  .\10
<          11\.  .  .  .  .  .  .  .  .  .  .\11
<              a  b  c  d  e  f  g  h  i  j  k  
<
>play w c9
<= 
<
>showboard
<= 
< 
<  18a393578746c502
<  a  b  c  d  e  f  g  h  i  j  k  
< 1\B  .  .  .  .  .  B  W  .  .  .\1
<  2\.  .  .  .  .  .  .  .  .  B  .\2
<   3\B  .  .  B  .  .  .  .  W  B  .\3
<    4\.  .  .  .  .  .  .  .  .  B  W\4
<     5\.  .  .  .  .  .  .  W  .  B  .\5
<      6\.  .  W  .  .  .  W  .  W  W  .\6
<       7\.  B  .  .  B  W  .  .  .  .  B\7
<        8\W  B  B  W  W  .  .  .  .  B  .\8
<         9\.  W  W  W  B  .  .  .  .  .  .\9
<         10\.  .  B  .  .  .  W  .  .  .  .\10
<          11\.  .  .  .  .  .  .  .  .  .  .\11
<              a  b  c  d  e  f  g  h  i  j  k  
<
>genmove b
<= k5
<
>showboard
1f307 info: PlayAndSolve: Building VCs to avoid race condition.
1f307 info: PlayAndSolve: Continuing on as usual.
a4596 info: *** PlayerThread ***
ac5a6 info: *** SolverThread ***
a4596 info: Captured cells caused win! Removing...
ac5a6 info: 
MID calls      0
VC builds      1
Terminal       1
Work           1
Wasted Work    0 (0%)
Elapsed Time   0.002586
MIDs/sec       0
VCs/sec        386.698
Cnt prune sib  0
Avg prune sib  -
Consider Size  -
Move Index     -
Move Percent   -
Delta Increase -
Winner         white
PV             

HashTableStatistics:
Stores         1243
LookupAttempt  92761
LookupSuccess  5199
Collisions     0

a4596 info: Opponent has won; playing most blocking move.
a4596 info: *** Player move: k5
<= 
< 
<  1103fb32af43715c
<  a  b  c  d  e  f  g  h  i  j  k  
< 1\B  .  .  .  .  .  B  W  .  .  .\1
<  2\.  .  .  .  .  .  .  .  .  B  .\2
<   3\B  .  .  B  .  .  .  .  W  B  .\3
<    4\.  .  .  .  .  .  .  .  .  B  W\4
<     5\.  .  .  .  .  .  .  W  .  B  B\5
<      6\.  .  W  .  .  .  W  .  W  W  .\6
<       7\.  B  .  .  B  W  .  .  .  .  B\7
<        8\W  B  B  W  W  .  .  .  .  B  .\8
<         9\.  W  W  W  B  .  .  .  .  .  .\9
<         10\.  .  B  .  .  .  W  .  .  .  .\10
<          11\.  .  .  .  .  .  .  .  .  .  .\11
<              a  b  c  d  e  f  g  h  i  j  k  
<
>play w k6
<= 
<
>showboard
<= 
< 
<  ff55c283c2c63f04
<  a  b  c  d  e  f  g  h  i  j  k  
< 1\B  .  .  .  .  .  B  W  .  .  .\1
<  2\.  .  .  .  .  .  .  .  .  B  .\2
<   3\B  .  .  B  .  .  .  .  W  B  .\3
<    4\.  .  .  .  .  .  .  .  .  B  W\4
<     5\.  .  .  .  .  .  .  W  .  B  B\5
<      6\.  .  W  .  .  .  W  .  W  W  W\6
<       7\.  B  .  .  B  W  .  .  .  .  B\7
<        8\W  B  B  W  W  .  .  .  .  B  .\8
<         9\.  W  W  W  B  .  .  .  .  .  .\9
<         10\.  .  B  .  .  .  W  .  .  .  .\10
<          11\.  .  .  .  .  .  .  .  .  .  .\11
<              a  b  c  d  e  f  g  h  i  j  k  
<
>genmove b
<= a9
<
>showboard
1f307 info: PlayAndSolve: Building VCs to avoid race condition.
1f307 info: PlayAndSolve: Continuing on as usual.
ac5a6 info: *** PlayerThread ***
a4596 info: *** SolverThread ***
ac5a6 info: Captured cells caused win! Removing...
a4596 info: 
MID calls      0
VC builds      1
Terminal       1
Work           1
Wasted Work    0 (0%)
Elapsed Time   0.002639
MIDs/sec       0
VCs/sec        378.931
Cnt prune sib  0
Avg prune sib  -
Consider Size  -
Move Index     -
Move Percent   -
Delta Increase -
Winner         white
PV             

HashTableStatistics:
Stores         1244
LookupAttempt  92767
LookupSuccess  5202
Collisions     0

ac5a6 info: Opponent has won; playing most blocking move.
ac5a6 info: *** Player move: a9
<= 
< 
<  34be81ea144db964
<  a  b  c  d  e  f  g  h  i  j  k  
< 1\B  .  .  .  .  .  B  W  .  .  .\1
<  2\.  .  .  .  .  .  .  .  .  B  .\2
<   3\B  .  .  B  .  .  .  .  W  B  .\3
<    4\.  .  .  .  .  .  .  .  .  B  W\4
<     5\.  .  .  .  .  .  .  W  .  B  B\5
<      6\.  .  W  .  .  .  W  .  W  W  W\6
<       7\.  B  .  .  B  W  .  .  .  .  B\7
<        8\W  B  B  W  W  .  .  .  .  B  .\8
<         9\B  W  W  W  B  .  .  .  .  .  .\9
<         10\.  .  B  .  .  .  W  .  .  .  .\10
<          11\.  .  .  .  .  .  .  .  .  .  .\11
<              a  b  c  d  e  f  g  h  i  j  k  
<
>play w a10
<= 
<
>showboard
<= 
< 
<  10256b2db8d49680
<  a  b  c  d  e  f  g  h  i  j  k  
< 1\B  .  .  .  .  .  B  W  .  .  .\1
<  2\.  .  .  .  .  .  .  .  .  B  .\2
<   3\B  .  .  B  .  .  .  .  W  B  .\3
<    4\.  .  .  .  .  .  .  .  .  B  W\4
<     5\.  .  .  .  .  .  .  W  .  B  B\5
<      6\.  .  W  .  .  .  W  .  W  W  W\6
<       7\.  B  .  .  B  W  .  .  .  .  B\7
<        8\W  B  B  W  W  .  .  .  .  B  .\8
<         9\B  W  W  W  B  .  .  .  .  .  .\9
<         10\W  .  B  .  .  .  W  .  .  .  .\10
<          11\.  .  .  .  .  .  .  .  .  .  .\11
<              a  b  c  d  e  f  g  h  i  j  k  
<
>genmove b
<= h6
<
>showboard
1f307 info: PlayAndSolve: Building VCs to avoid race condition.
1f307 info: PlayAndSolve: Continuing on as usual.
a4596 info: *** PlayerThread ***
ac5a6 info: *** SolverThread ***
a4596 info: Captured cells caused win! Removing...
ac5a6 info: 
MID calls      0
VC builds      1
Terminal       1
Work           1
Wasted Work    0 (0%)
Elapsed Time   0.002429
MIDs/sec       0
VCs/sec        411.692
Cnt prune sib  0
Avg prune sib  -
Consider Size  -
Move Index     -
Move Percent   -
Delta Increase -
Winner         white
PV             

HashTableStatistics:
Stores         1245
LookupAttempt  92773
LookupSuccess  5205
Collisions     0

a4596 info: Opponent has won; playing most blocking move.
a4596 info: *** Player move: h6
<= 
< 
<  b66e78197d3db3a0
<  a  b  c  d  e  f  g  h  i  j  k  
< 1\B  .  .  .  .  .  B  W  .  .  .\1
<  2\.  .  .  .  .  .  .  .  .  B  .\2
<   3\B  .  .  B  .  .  .  .  W  B  .\3
<    4\.  .  .  .  .  .  .  .  .  B  W\4
<     5\.  .  .  .  .  .  .  W  .  B  B\5
<      6\.  .  W  .  .  .  W  B  W  W  W\6
<       7\.  B  .  .  B  W  .  .  .  .  B\7
<        8\W  B  B  W  W  .  .  .  .  B  .\8
<         9\B  W  W  W  B  .  .  .  .  .  .\9
<         10\W  .  B  .  .  .  W  .  .  .  .\10
<          11\.  .  .  .  .  .  .  .  .  .  .\11
<              a  b  c  d  e  f  g  h  i  j  k  
<
>play w i5
<= 
<
>showboard
<= 
< 
<  cc549b8fa2d29756
<  a  b  c  d  e  f  g  h  i  j  k  
< 1\B  .  .  .  .  .  B  W  .  .  .\1
<  2\.  .  .  .  .  .  .  .  .  B  .\2
<   3\B  .  .  B  .  .  .  .  W  B  .\3
<    4\.  .  .  .  .  .  .  .  .  B  W\4
<     5\.  .  .  .  .  .  .  W  W  B  B\5
<      6\.  .  W  .  .  .  W  B  W  W  W\6
<       7\.  B  .  .  B  W  .  .  .  .  B\7
<        8\W  B  B  W  W  .  .  .  .  B  .\8
<         9\B  W  W  W  B  .  .  .  .  .  .\9
<         10\W  .  B  .  .  .  W  .  .  .  .\10
<          11\.  .  .  .  .  .  .  .  .  .  .\11
<              a  b  c  d  e  f  g  h  i  j  k  
<
>genmove b
<= resign
<
>showboard
<= 
< 
<  cc549b8fa2d29756
<  a  b  c  d  e  f  g  h  i  j  k  
< 1\B  .  .  .  .  .  B  W  .  .  .\1
<  2\.  .  .  .  .  .  .  .  .  B  .\2
<   3\B  .  .  B  .  .  .  .  W  B  .\3
<    4\.  .  .  .  .  .  .  .  .  B  W\4
<     5\.  .  .  .  .  .  .  W  W  B  B\5
<      6\.  .  W  .  .  .  W  B  W  W  W\6
<       7\.  B  .  .  B  W  .  .  .  .  B\7
<        8\W  B  B  W  W  .  .  .  .  B  .\8
<         9\B  W  W  W  B  .  .  .  .  .  .\9
<         10\W  .  B  .  .  .  W  .  .  .  .\10
<          11\.  .  .  .  .  .  .  .  .  .  .\11
<              a  b  c  d  e  f  g  h  i  j  k  
<
>final_score
<= W+
<
>quit
<= 
<
