# nice ../build/src/mohex/mohex --config mohex-weak.htp --seed 850061 --logfile-name jobs/11x11-mohex-mohex-weak-vs-mohex-mohex-cg2010/mohex-mohex-weak-12.log
>boardsize 11 11
<= 
<
>name
MoHex 2.0.CMake Mar 21 2025
Copyright (C) 2007-2012 by the authors of the Benzene project.
This program comes with ABSOLUTELY NO WARRANTY. This is
free software and you are welcome to redistribute it under
certain conditions. Type `benzene-license' for details.

SgRandom::SetSeed: 850061
SgUctSearch: system memory 33632358400, using 1000000000 (5681818 nodes)
SgRandom::SetSeed: 1
SgRandom::SetSeed: 850061
99317 info: Prior Patterns:
99317 info: Global:
99317 info: Size            = 565 32648 
99317 info: TableEntries    = 65932 65910
99317 info: MirrorsAdded    = 0 0
99317 info: PrunableCount   = 30593 30629
99317 info: LargestGamma    = 5820.77
99317 info: SmallestGamma   = 6.6e-05
99317 info: Local:
99317 info: Size            = 550 5318 
99317 info: TableEntries    = 11602 11588
99317 info: MirrorsAdded    = 0 0
99317 info: PrunableCount   = 3659 3667
99317 info: LargestGamma    = 11281.8
99317 info: SmallestGamma   = 0.026235
99317 info: Playout Patterns:
99317 info: Global:
99317 info: Size            = 565 32648 
99317 info: TableEntries    = 70329 70329
99317 info: MirrorsAdded    = 4397 4419
99317 info: PrunableCount   = 30593 30629
99317 info: LargestGamma    = 5820.77
99317 info: SmallestGamma   = 6.6e-05
99317 info: Local:
99317 info: Size            = 550 5318 
99317 info: TableEntries    = 11602 11588
99317 info: MirrorsAdded    = 0 0
99317 info: PrunableCount   = 3659 3667
99317 info: LargestGamma    = 11281.8
99317 info: SmallestGamma   = 0.026235
param_game allow_swap 1
= 

param_mohex max_memory 1600000
= 

param_mohex num_threads 1
= 

param_mohex max_time 1
= 

param_mohex max_games 1
= 

param_mohex knowledge_threshold 400
= 

param_mohex reuse_subtree 1
= 

param_mohex use_parallel_solver 1
= 

<= MoHex
<
>version
<= 2.0.CMake
<
>play b a7
<= 
<
>showboard
<= 
< 
<  b3f021d8087c9a69
<  a  b  c  d  e  f  g  h  i  j  k  
< 1\.  .  .  .  .  .  .  .  .  .  .\1
<  2\.  .  .  .  .  .  .  .  .  .  .\2
<   3\.  .  .  .  .  .  .  .  .  .  .\3
<    4\.  .  .  .  .  .  .  .  .  .  .\4
<     5\.  .  .  .  .  .  .  .  .  .  .\5
<      6\.  .  .  .  .  .  .  .  .  .  .\6
<       7\B  .  .  .  .  .  .  .  .  .  .\7
<        8\.  .  .  .  .  .  .  .  .  .  .\8
<         9\.  .  .  .  .  .  .  .  .  .  .\9
<         10\.  .  .  .  .  .  .  .  .  .  .\10
<          11\.  .  .  .  .  .  .  .  .  .  .\11
<              a  b  c  d  e  f  g  h  i  j  k  
<
>play w swap-pieces
<= 
<
>genmove w
<= k6
<
>play b g2
99317 info: PlayAndSolve: Building VCs to avoid race condition.
99317 info: PlayAndSolve: Continuing on as usual.
265b6 info: *** PlayerThread ***
1e5a6 info: *** SolverThread ***
265b6 info: Best move cannot be determined, must search state.
265b6 info: --- MoHexPlayer::Search() ---
265b6 info: Color: white
265b6 info: MaxGames: 1
265b6 info: NumberThreads: 1
265b6 info: MaxNodes: 9090 (799920 bytes)
265b6 info: TimeForMove: 1
265b6 info: PreSearch: max time reached (57/91).
265b6 info: Time for PreSearch: 0.202713s
265b6 info: 
  b3f021d8087c9a69
  a  b  c  d  e  f  g  h  i  j  k  
 1\.  .  .  *  *  *  .  *  *  *  .\1
  2\.  .  *  *  *  *  *  *  *  *  .\2
   3\.  *  *  *  *  *  *  *  *  *  .\3
    4\.  *  *  *  *  *  *  *  *  *  .\4
     5\.  *  *  *  *  *  *  *  *  *  .\5
      6\.  *  *  *  *  *  *  *  *  *  .\6
       7\B  *  *  *  *  *  *  *  *  *  .\7
        8\.  *  *  *  *  *  *  *  *  *  .\8
         9\.  *  *  *  *  *  *  *  *  *  .\9
         10\.  *  *  *  *  *  *  *  *  .  .\10
          11\.  *  *  *  .  *  *  *  .  .  .\11
              a  b  c  d  e  f  g  h  i  j  k  
265b6 info: No subtree to reuse.
265b6 info: Creating thread 0
265b6 info: StartSearch()[0]
SgUctSearch: max games reached
265b6 info: 
Elapsed Time   0.357924s
Count          1
GamesPlayed    1
Nodes          1
Knowledge      0 (0.0%)
Expansions     0.0
Time           0.00
GameLen        120.0 dev=0.0 min=120.0 max=120.0
InTree         0.0 dev=0.0 min=0.0 max=0.0
KnowDepth      -
Aborted        0%
Games/s        390.9
Score          1.00
Sequence      
265b6 info: 
265b6 warning: **** MoHexSearch returned empty sequence!
265b6 warning: **** Returning random move!
265b6 info: *** Player move: k6
16596 info: DfpnSolver::CheckAbort(): Abort flag!
1e5a6 info: 
MID calls      55
VC builds      54
Terminal       0
Work           55
Wasted Work    0 (0%)
Elapsed Time   0.371592
MIDs/sec       148.012
VCs/sec        145.321
Cnt prune sib  0
Avg prune sib  -
Consider Size  88.2778 dev=3.15857 min=80 max=91
Move Index     -
Move Percent   -
Delta Increase 4.14815 dev=15.9553 min=1 max=86
Winner         empty
PV             b9 d10 d7 f6

HashTableStatistics:
Stores         133
LookupAttempt  13495
LookupSuccess  733
Collisions     0

1e5a6 info: Search aborted.
<= 
<
>genmove w
<= k2
<
>play b j2
99317 info: PlayAndSolve: Building VCs to avoid race condition.
99317 info: PlayAndSolve: Continuing on as usual.
1e5a6 info: *** PlayerThread ***
265b6 info: *** SolverThread ***
1e5a6 info: Best move cannot be determined, must search state.
1e5a6 info: --- MoHexPlayer::Search() ---
1e5a6 info: Color: white
1e5a6 info: MaxGames: 1
1e5a6 info: NumberThreads: 1
1e5a6 info: MaxNodes: 9090 (799920 bytes)
1e5a6 info: TimeForMove: 1
1e5a6 info: PreSearch: max time reached (64/84).
1e5a6 info: Time for PreSearch: 0.20107s
1e5a6 info: 
  f885c3c77e95b963
  a  b  c  d  e  f  g  h  i  j  k  
 1\.  .  .  *  .  b  b  b  b  .  .\1
  2\.  .  *  *  *  .  B  .  *  *  .\2
   3\.  *  *  *  *  *  *  *  *  *  .\3
    4\.  *  *  *  *  *  *  *  *  *  .\4
     5\.  *  *  *  *  *  *  *  *  *  .\5
      6\.  *  *  *  *  *  *  *  *  *  W\6
       7\B  *  *  *  *  *  *  *  *  *  .\7
        8\.  *  *  *  *  *  *  *  *  *  .\8
         9\.  *  *  *  *  *  *  *  *  *  .\9
         10\.  *  *  *  *  *  *  *  *  .  .\10
          11\.  *  *  *  *  *  *  *  .  .  .\11
              a  b  c  d  e  f  g  h  i  j  k  
1e5a6 info: Old: [black, a7] [white, swap-pieces] 
1e5a6 info: New: [black, a7] [white, swap-pieces] [white, k6] [black, g2] 
1e5a6 info: ReuseSubtree: Colors do not alternate.
1e5a6 info: No subtree to reuse.
1e5a6 info: StartSearch()[0]
SgUctSearch: max games reached
1e5a6 info: 
Elapsed Time   0.351364s
Count          1
GamesPlayed    1
Nodes          1
Knowledge      0 (0.0%)
Expansions     0.0
Time           0.00
GameLen        114.0 dev=0.0 min=114.0 max=114.0
InTree         0.0 dev=0.0 min=0.0 max=0.0
KnowDepth      -
Aborted        0%
Games/s        3448.3
Score          0.00
Sequence      
1e5a6 info: 
1e5a6 warning: **** MoHexSearch returned empty sequence!
1e5a6 warning: **** Returning random move!
1e5a6 info: *** Player move: k2
16596 info: DfpnSolver::CheckAbort(): Abort flag!
265b6 info: 
MID calls      62
VC builds      61
Terminal       0
Work           62
Wasted Work    0 (0%)
Elapsed Time   0.363182
MIDs/sec       170.713
VCs/sec        167.96
Cnt prune sib  0
Avg prune sib  -
Consider Size  80.2787 dev=3.49281 min=75 max=85
Move Index     -
Move Percent   -
Delta Increase 3.57377 dev=13.8889 min=1 max=80
Winner         empty
PV             b9 i3 g5 h5

HashTableStatistics:
Stores         278
LookupAttempt  25848
LookupSuccess  1373
Collisions     0

265b6 info: Search aborted.
<= 
<
>genmove w
<= g7
<
>play b f10
99317 info: PlayAndSolve: Building VCs to avoid race condition.
99317 info: PlayAndSolve: Continuing on as usual.
265b6 info: *** PlayerThread ***
1e5a6 info: *** SolverThread ***
265b6 info: Best move cannot be determined, must search state.
265b6 info: --- MoHexPlayer::Search() ---
265b6 info: Color: white
265b6 info: MaxGames: 1
265b6 info: NumberThreads: 1
265b6 info: MaxNodes: 9090 (799920 bytes)
265b6 info: TimeForMove: 1
265b6 info: PreSearch: max time reached (72/82).
265b6 info: Time for PreSearch: 0.201704s
265b6 info: 
  780a6af8dc58764f
  a  b  c  d  e  f  g  h  i  j  k  
 1\.  .  .  *  .  b  b  b  b  b  b\1
  2\.  .  *  *  *  .  B  b  b  B  W\2
   3\.  *  *  *  *  *  *  *  *  *  .\3
    4\.  *  *  *  *  *  *  *  *  *  .\4
     5\.  *  *  *  *  *  *  *  *  *  .\5
      6\.  *  *  *  *  *  *  *  *  *  W\6
       7\B  *  *  *  *  *  *  *  *  *  .\7
        8\.  *  *  *  *  *  *  *  *  *  .\8
         9\.  *  *  *  *  *  *  *  *  *  .\9
         10\.  *  *  *  *  *  *  *  *  .  .\10
          11\.  *  *  *  *  *  *  *  .  .  .\11
              a  b  c  d  e  f  g  h  i  j  k  
265b6 info: Old: [black, a7] [white, swap-pieces] [white, k6] [black, g2] 
265b6 info: New: [black, a7] [white, swap-pieces] [white, k6] [black, g2] [white, k2] [black, j2] 
265b6 info: MovesPlayed: [white, k2] [black, j2] 
265b6 info: No subtree to reuse.
265b6 info: StartSearch()[0]
SgUctSearch: max games reached
265b6 info: 
Elapsed Time   0.351139s
Count          1
GamesPlayed    1
Nodes          1
Knowledge      0 (0.0%)
Expansions     0.0
Time           0.00
GameLen        108.0 dev=0.0 min=108.0 max=108.0
InTree         0.0 dev=0.0 min=0.0 max=0.0
KnowDepth      -
Aborted        0%
Games/s        3174.6
Score          0.00
Sequence      
265b6 info: 
265b6 warning: **** MoHexSearch returned empty sequence!
265b6 warning: **** Returning random move!
265b6 info: *** Player move: g7
16596 info: DfpnSolver::CheckAbort(): Abort flag!
1e5a6 info: 
MID calls      71
VC builds      68
Terminal       0
Work           71
Wasted Work    0 (0%)
Elapsed Time   0.360899
MIDs/sec       196.731
VCs/sec        188.418
Cnt prune sib  0
Avg prune sib  -
Consider Size  73.6765 dev=8.10303 min=44 max=82
Move Index     -
Move Percent   -
Delta Increase 2.67143 dev=9.88465 min=1 max=73
Winner         empty
PV             b10 i4 h6

HashTableStatistics:
Stores         443
LookupAttempt  38545
LookupSuccess  2070
Collisions     0

1e5a6 info: Search aborted.
<= 
<
>genmove w
<= h3
<
>play b j3
99317 info: PlayAndSolve: Building VCs to avoid race condition.
99317 info: PlayAndSolve: Continuing on as usual.
1e5a6 info: *** PlayerThread ***
265b6 info: *** SolverThread ***
1e5a6 info: Best move cannot be determined, must search state.
1e5a6 info: --- MoHexPlayer::Search() ---
1e5a6 info: Color: white
1e5a6 info: MaxGames: 1
1e5a6 info: NumberThreads: 1
1e5a6 info: MaxNodes: 9090 (799920 bytes)
1e5a6 info: TimeForMove: 1
1e5a6 info: PreSearch: max time reached (63/72).
1e5a6 info: Time for PreSearch: 0.202351s
1e5a6 info: 
  f87e744def02bc7e
  a  b  c  d  e  f  g  h  i  j  k  
 1\.  .  .  *  .  b  b  b  b  b  b\1
  2\.  .  *  *  *  .  B  b  b  B  W\2
   3\.  *  *  *  *  *  *  *  *  *  .\3
    4\.  *  *  *  *  *  *  *  *  *  .\4
     5\.  *  *  *  *  *  *  *  *  *  .\5
      6\.  *  *  *  *  *  *  *  *  *  W\6
       7\B  *  *  *  *  *  W  *  *  *  .\7
        8\.  *  *  *  *  *  *  *  *  *  .\8
         9\.  *  *  *  *  *  *  *  *  *  .\9
         10\.  *  *  *  .  B  .  *  *  .  .\10
          11\.  *  .  b  b  b  b  .  .  .  .\11
              a  b  c  d  e  f  g  h  i  j  k  
1e5a6 info: Old: [black, a7] [white, swap-pieces] [white, k6] [black, g2] [white, k2] [black, j2] 
1e5a6 info: New: [black, a7] [white, swap-pieces] [white, k6] [black, g2] [white, k2] [black, j2] [white, g7] [black, f10] 
1e5a6 info: MovesPlayed: [white, g7] [black, f10] 
1e5a6 info: No subtree to reuse.
1e5a6 info: StartSearch()[0]
SgUctSearch: max games reached
1e5a6 info: 
Elapsed Time   0.574679s
Count          1
GamesPlayed    1
Nodes          1
Knowledge      0 (0.0%)
Expansions     0.0
Time           0.00
GameLen        102.0 dev=0.0 min=102.0 max=102.0
InTree         0.0 dev=0.0 min=0.0 max=0.0
KnowDepth      -
Aborted        0%
Games/s        3268.0
Score          1.00
Sequence      
1e5a6 info: 
1e5a6 warning: **** MoHexSearch returned empty sequence!
1e5a6 warning: **** Returning random move!
1e5a6 info: *** Player move: h3
16596 info: DfpnSolver::CheckAbort(): Abort flag!
265b6 info: 
MID calls      117
VC builds      110
Terminal       0
Work           117
Wasted Work    0 (0%)
Elapsed Time   0.585943
MIDs/sec       199.678
VCs/sec        187.732
Cnt prune sib  0
Avg prune sib  -
Consider Size  62.4364 dev=14.2634 min=18 max=74
Move Index     -
Move Percent   -
Delta Increase 2.25 dev=7.20856 min=1 max=68
Winner         empty
PV             d9 a10 b8

HashTableStatistics:
Stores         699
LookupAttempt  52161
LookupSuccess  2757
Collisions     0

265b6 info: Search aborted.
<= 
<
>genmove w
<= d2
<
>play b e9
99317 info: PlayAndSolve: Building VCs to avoid race condition.
99317 info: PlayAndSolve: Continuing on as usual.
265b6 info: *** PlayerThread ***
1e5a6 info: *** SolverThread ***
265b6 info: Best move cannot be determined, must search state.
265b6 info: --- MoHexPlayer::Search() ---
265b6 info: Color: white
265b6 info: MaxGames: 1
265b6 info: NumberThreads: 1
265b6 info: MaxNodes: 9090 (799920 bytes)
265b6 info: TimeForMove: 1
265b6 info: PreSearch: max time reached (66/69).
265b6 info: Time for PreSearch: 0.201397s
265b6 info: 
  7f35dba9908a5efd
  a  b  c  d  e  f  g  h  i  j  k  
 1\.  .  .  *  .  b  b  b  b  b  b\1
  2\.  .  *  *  *  .  B  b  b  B  W\2
   3\.  *  *  *  *  *  *  W  .  B  .\3
    4\.  *  *  *  *  *  *  *  *  *  .\4
     5\.  *  *  *  *  *  *  *  *  *  .\5
      6\.  *  *  *  *  *  *  *  *  *  W\6
       7\B  *  *  *  *  *  W  *  *  *  .\7
        8\.  *  *  *  *  *  *  *  *  *  .\8
         9\.  *  *  *  *  *  *  *  *  *  .\9
         10\.  *  *  *  .  B  .  *  *  .  .\10
          11\.  *  .  b  b  b  b  .  .  .  .\11
              a  b  c  d  e  f  g  h  i  j  k  
265b6 info: Old: [black, a7] [white, swap-pieces] [white, k6] [black, g2] [white, k2] [black, j2] [white, g7] [black, f10] 
265b6 info: New: [black, a7] [white, swap-pieces] [white, k6] [black, g2] [white, k2] [black, j2] [white, g7] [black, f10] [white, h3] [black, j3] 
265b6 info: MovesPlayed: [white, h3] [black, j3] 
265b6 info: No subtree to reuse.
265b6 info: StartSearch()[0]
SgUctSearch: max games reached
265b6 info: 
Elapsed Time   0.349262s
Count          1
GamesPlayed    1
Nodes          1
Knowledge      0 (0.0%)
Expansions     0.0
Time           0.00
GameLen        100.0 dev=0.0 min=100.0 max=100.0
InTree         0.0 dev=0.0 min=0.0 max=0.0
KnowDepth      -
Aborted        0%
Games/s        3030.3
Score          1.00
Sequence      
265b6 info: 
265b6 warning: **** MoHexSearch returned empty sequence!
265b6 warning: **** Returning random move!
265b6 info: *** Player move: d2
16596 info: DfpnSolver::CheckAbort(): Abort flag!
1e5a6 info: 
MID calls      81
VC builds      77
Terminal       0
Work           81
Wasted Work    0 (0%)
Elapsed Time   0.359003
MIDs/sec       225.625
VCs/sec        214.483
Cnt prune sib  0
Avg prune sib  -
Consider Size  61.7273 dev=14.8083 min=17 max=74
Move Index     -
Move Percent   -
Delta Increase 2.3 dev=7.80609 min=1 max=68
Winner         empty
PV             j6 f6 e8

HashTableStatistics:
Stores         882
LookupAttempt  62948
LookupSuccess  3364
Collisions     0

1e5a6 info: Search aborted.
<= 
<
>genmove w
<= e8
<
>play b b5
99317 info: PlayAndSolve: Building VCs to avoid race condition.
99317 info: PlayAndSolve: Continuing on as usual.
1e5a6 info: *** PlayerThread ***
265b6 info: *** SolverThread ***
1e5a6 info: Best move cannot be determined, must search state.
1e5a6 info: --- MoHexPlayer::Search() ---
1e5a6 info: Color: white
1e5a6 info: MaxGames: 1
1e5a6 info: NumberThreads: 1
1e5a6 info: MaxNodes: 9090 (799920 bytes)
1e5a6 info: TimeForMove: 1
1e5a6 info: PreSearch: max time reached (63/66).
1e5a6 info: Time for PreSearch: 0.203397s
1e5a6 info: 
  09e76329e5fa58db
  a  b  c  d  e  f  g  h  i  j  k  
 1\.  .  .  .  b  b  b  b  b  b  b\1
  2\.  .  *  W  *  .  B  b  b  B  W\2
   3\.  *  *  *  *  *  *  W  .  B  .\3
    4\.  *  *  *  *  *  *  *  *  *  .\4
     5\.  *  *  *  *  *  *  *  *  *  .\5
      6\.  *  *  *  *  *  *  *  *  *  W\6
       7\B  *  *  *  *  *  W  *  *  *  .\7
        8\.  *  *  *  *  *  *  *  *  *  .\8
         9\.  *  *  *  B  *  *  *  *  *  .\9
         10\.  *  *  *  .  B  .  *  *  .  .\10
          11\.  *  .  b  b  b  b  .  .  .  .\11
              a  b  c  d  e  f  g  h  i  j  k  
1e5a6 info: Old: [black, a7] [white, swap-pieces] [white, k6] [black, g2] [white, k2] [black, j2] [white, g7] [black, f10] [white, h3] [black, j3] 
1e5a6 info: New: [black, a7] [white, swap-pieces] [white, k6] [black, g2] [white, k2] [black, j2] [white, g7] [black, f10] [white, h3] [black, j3] [white, d2] [black, e9] 
1e5a6 info: MovesPlayed: [white, d2] [black, e9] 
1e5a6 info: No subtree to reuse.
1e5a6 info: StartSearch()[0]
SgUctSearch: max games reached
1e5a6 info: 
Elapsed Time   0.36106s
Count          1
GamesPlayed    1
Nodes          1
Knowledge      0 (0.0%)
Expansions     0.0
Time           0.00
GameLen        97.0 dev=0.0 min=97.0 max=97.0
InTree         0.0 dev=0.0 min=0.0 max=0.0
KnowDepth      -
Aborted        0%
Games/s        3731.3
Score          0.00
Sequence      
1e5a6 info: 
1e5a6 warning: **** MoHexSearch returned empty sequence!
1e5a6 warning: **** Returning random move!
1e5a6 info: *** Player move: e8
16596 info: DfpnSolver::CheckAbort(): Abort flag!
265b6 info: 
MID calls      76
VC builds      71
Terminal       0
Work           76
Wasted Work    0 (0%)
Elapsed Time   0.369686
MIDs/sec       205.58
VCs/sec        192.055
Cnt prune sib  1
Avg prune sib  1 dev=0 min=1 max=1
Consider Size  52.3239 dev=21.3435 min=7 max=69
Move Index     -
Move Percent   -
Delta Increase 2.09333 dev=7.3904 min=1 max=65
Winner         empty
PV             j4 c8 i4

HashTableStatistics:
Stores         1054
LookupAttempt  72188
LookupSuccess  3922
Collisions     0

265b6 info: Search aborted.
<= 
<
>genmove w
<= a8
<
>play b i9
99317 info: PlayAndSolve: Building VCs to avoid race condition.
99317 info: PlayAndSolve: Continuing on as usual.
265b6 info: *** PlayerThread ***
1e5a6 info: *** SolverThread ***
265b6 info: Best move cannot be determined, must search state.
265b6 info: --- MoHexPlayer::Search() ---
265b6 info: Color: white
265b6 info: MaxGames: 1
265b6 info: NumberThreads: 1
265b6 info: MaxNodes: 9090 (799920 bytes)
265b6 info: TimeForMove: 1
265b6 info: PreSearch: max time reached (53/64).
265b6 info: Time for PreSearch: 0.20018s
265b6 info: 
  5625960f1b8bb172
  a  b  c  d  e  f  g  h  i  j  k  
 1\.  .  .  .  b  b  b  b  b  b  b\1
  2\.  .  .  W  *  .  B  b  b  B  W\2
   3\.  .  *  *  *  *  *  W  .  B  .\3
    4\.  .  *  *  *  *  *  *  *  *  .\4
     5\.  B  *  *  *  *  *  *  *  *  .\5
      6\.  *  *  *  *  *  *  *  *  *  W\6
       7\B  *  *  *  *  *  W  *  *  *  .\7
        8\.  *  *  *  W  *  *  *  *  *  .\8
         9\.  *  *  *  B  *  *  *  *  *  .\9
         10\.  *  *  *  .  B  .  *  *  .  .\10
          11\.  *  .  b  b  b  b  .  .  .  .\11
              a  b  c  d  e  f  g  h  i  j  k  
265b6 info: Old: [black, a7] [white, swap-pieces] [white, k6] [black, g2] [white, k2] [black, j2] [white, g7] [black, f10] [white, h3] [black, j3] [white, d2] [black, e9] 
265b6 info: New: [black, a7] [white, swap-pieces] [white, k6] [black, g2] [white, k2] [black, j2] [white, g7] [black, f10] [white, h3] [black, j3] [white, d2] [black, e9] [white, e8] [black, b5] 
265b6 info: MovesPlayed: [white, e8] [black, b5] 
265b6 info: No subtree to reuse.
265b6 info: StartSearch()[0]
SgUctSearch: max games reached
265b6 info: 
Elapsed Time   0.555116s
Count          1
GamesPlayed    1
Nodes          1
Knowledge      0 (0.0%)
Expansions     0.0
Time           0.00
GameLen        95.0 dev=0.0 min=95.0 max=95.0
InTree         0.0 dev=0.0 min=0.0 max=0.0
KnowDepth      -
Aborted        0%
Games/s        4048.6
Score          0.00
Sequence      
265b6 info: 
265b6 warning: **** MoHexSearch returned empty sequence!
265b6 warning: **** Returning random move!
265b6 info: *** Player move: a8
16596 info: DfpnSolver::CheckAbort(): Abort flag!
1e5a6 info: 
MID calls      77
VC builds      70
Terminal       0
Work           77
Wasted Work    0 (0%)
Elapsed Time   0.563714
MIDs/sec       136.594
VCs/sec        124.176
Cnt prune sib  0
Avg prune sib  -
Consider Size  41.4 dev=22.2861 min=5 max=64
Move Index     -
Move Percent   -
Delta Increase 3.23684 dev=9.6093 min=1 max=60
Winner         empty
PV             c9 h7 g8 h8 i5

HashTableStatistics:
Stores         1226
LookupAttempt  80323
LookupSuccess  4485
Collisions     0

1e5a6 info: Search aborted.
<= 
<
>genmove w
<= a4
<
>play b e6
99317 info: PlayAndSolve: Building VCs to avoid race condition.
99317 info: PlayAndSolve: Continuing on as usual.
1e5a6 info: *** PlayerThread ***
265b6 info: *** SolverThread ***
1e5a6 info: Best move cannot be determined, must search state.
1e5a6 info: --- MoHexPlayer::Search() ---
1e5a6 info: Color: white
1e5a6 info: MaxGames: 1
1e5a6 info: NumberThreads: 1
1e5a6 info: MaxNodes: 9090 (799920 bytes)
1e5a6 info: TimeForMove: 1
1e5a6 info: Time for PreSearch: 0.194543s
1e5a6 info: 
  0e39c6bf482b6fba
  a  b  c  d  e  f  g  h  i  j  k  
 1\.  .  .  .  b  b  b  b  b  b  b\1
  2\.  .  .  W  *  .  B  b  b  B  W\2
   3\.  .  *  *  *  *  *  W  .  B  .\3
    4\.  .  *  *  *  *  *  *  *  *  .\4
     5\.  B  *  *  *  *  *  *  *  *  .\5
      6\.  *  *  *  *  *  *  *  *  *  W\6
       7\B  *  *  *  *  *  W  *  *  *  .\7
        8\W  *  *  *  W  *  *  *  *  .  .\8
         9\.  *  *  *  B  *  *  *  B  *  .\9
         10\.  *  *  *  .  B  .  .  *  .  .\10
          11\.  *  .  b  b  b  b  .  .  .  .\11
              a  b  c  d  e  f  g  h  i  j  k  
1e5a6 info: Old: [black, a7] [white, swap-pieces] [white, k6] [black, g2] [white, k2] [black, j2] [white, g7] [black, f10] [white, h3] [black, j3] [white, d2] [black, e9] [white, e8] [black, b5] 
1e5a6 info: New: [black, a7] [white, swap-pieces] [white, k6] [black, g2] [white, k2] [black, j2] [white, g7] [black, f10] [white, h3] [black, j3] [white, d2] [black, e9] [white, e8] [black, b5] [white, a8] [black, i9] 
1e5a6 info: MovesPlayed: [white, a8] [black, i9] 
1e5a6 info: No subtree to reuse.
1e5a6 info: StartSearch()[0]
SgUctSearch: max games reached
1e5a6 info: 
Elapsed Time   0.344703s
Count          1
GamesPlayed    1
Nodes          1
Knowledge      0 (0.0%)
Expansions     0.0
Time           0.00
GameLen        93.0 dev=0.0 min=93.0 max=93.0
InTree         0.0 dev=0.0 min=0.0 max=0.0
KnowDepth      -
Aborted        0%
Games/s        3773.6
Score          1.00
Sequence      
1e5a6 info: 
1e5a6 warning: **** MoHexSearch returned empty sequence!
1e5a6 warning: **** Returning random move!
1e5a6 info: *** Player move: a4
16596 info: DfpnSolver::CheckAbort(): Abort flag!
265b6 info: 
MID calls      61
VC builds      53
Terminal       0
Work           61
Wasted Work    0 (0%)
Elapsed Time   0.355539
MIDs/sec       171.57
VCs/sec        149.069
Cnt prune sib  0
Avg prune sib  -
Consider Size  34.4151 dev=21.8411 min=6 max=61
Move Index     -
Move Percent   -
Delta Increase 2.5 dev=7.29269 min=1 max=57
Winner         empty
PV             i6 d8 c7 e6

HashTableStatistics:
Stores         1366
LookupAttempt  87024
LookupSuccess  5008
Collisions     0

265b6 info: Search aborted.
<= 
<
>genmove w
<= i4
<
>play b a9
99317 info: PlayAndSolve: Building VCs to avoid race condition.
99317 info: PlayAndSolve: Continuing on as usual.
265b6 info: *** PlayerThread ***
1e5a6 info: *** SolverThread ***
265b6 info: Best move cannot be determined, must search state.
265b6 info: --- MoHexPlayer::Search() ---
265b6 info: Color: white
265b6 info: MaxGames: 1
265b6 info: NumberThreads: 1
265b6 info: MaxNodes: 9090 (799920 bytes)
265b6 info: TimeForMove: 1
265b6 info: PreSearch: max time reached (61/62).
265b6 info: Time for PreSearch: 0.200828s
265b6 info: 
  9f64fffced16ba2f
  a  b  c  d  e  f  g  h  i  j  k  
 1\.  .  .  .  b  b  b  b  b  b  b\1
  2\.  .  .  W  *  .  B  b  b  B  W\2
   3\.  .  *  *  *  *  *  W  .  B  .\3
    4\W  .  *  *  *  *  *  *  *  *  .\4
     5\b  B  *  *  *  *  *  *  *  *  .\5
      6\.  *  *  *  B  *  *  *  *  *  W\6
       7\B  *  *  *  *  *  W  *  *  *  .\7
        8\W  *  *  *  W  *  *  *  *  .  .\8
         9\.  *  *  *  B  *  *  *  B  *  .\9
         10\.  *  *  *  .  B  .  .  *  .  .\10
          11\.  *  .  b  b  b  b  .  .  .  .\11
              a  b  c  d  e  f  g  h  i  j  k  
265b6 info: Old: [black, a7] [white, swap-pieces] [white, k6] [black, g2] [white, k2] [black, j2] [white, g7] [black, f10] [white, h3] [black, j3] [white, d2] [black, e9] [white, e8] [black, b5] [white, a8] [black, i9] 
265b6 info: New: [black, a7] [white, swap-pieces] [white, k6] [black, g2] [white, k2] [black, j2] [white, g7] [black, f10] [white, h3] [black, j3] [white, d2] [black, e9] [white, e8] [black, b5] [white, a8] [black, i9] [white, a4] [black, e6] 
265b6 info: MovesPlayed: [white, a4] [black, e6] 
265b6 info: No subtree to reuse.
265b6 info: StartSearch()[0]
SgUctSearch: max games reached
265b6 info: 
Elapsed Time   0.360499s
Count          1
GamesPlayed    1
Nodes          1
Knowledge      0 (0.0%)
Expansions     0.0
Time           0.00
GameLen        90.0 dev=0.0 min=90.0 max=90.0
InTree         0.0 dev=0.0 min=0.0 max=0.0
KnowDepth      -
Aborted        0%
Games/s        3154.6
Score          0.00
Sequence      
265b6 info: 
265b6 warning: **** MoHexSearch returned empty sequence!
265b6 warning: **** Returning random move!
265b6 info: *** Player move: i4
16596 info: DfpnSolver::CheckAbort(): Abort flag!
1e5a6 info: 
MID calls      73
VC builds      58
Terminal       0
Work           73
Wasted Work    0 (0%)
Elapsed Time   0.371153
MIDs/sec       196.684
VCs/sec        156.27
Cnt prune sib  0
Avg prune sib  -
Consider Size  31.3103 dev=21.1572 min=5 max=62
Move Index     -
Move Percent   -
Delta Increase 4.44445 dev=9.27046 min=1 max=41
Winner         empty
PV             h6 b10 d8

HashTableStatistics:
Stores         1534
LookupAttempt  94400
LookupSuccess  5654
Collisions     0

1e5a6 info: Search aborted.
<= 
<
>genmove w
<= e3
<
>play b b6
99317 info: PlayAndSolve: Building VCs to avoid race condition.
99317 info: PlayAndSolve: Continuing on as usual.
1e5a6 info: *** PlayerThread ***
265b6 info: *** SolverThread ***
1e5a6 info: Best move cannot be determined, must search state.
1e5a6 info: --- MoHexPlayer::Search() ---
1e5a6 info: Color: white
1e5a6 info: MaxGames: 1
1e5a6 info: NumberThreads: 1
1e5a6 info: MaxNodes: 9090 (799920 bytes)
1e5a6 info: TimeForMove: 1
1e5a6 info: PreSearch: max time reached (43/60).
1e5a6 info: Time for PreSearch: 0.205904s
1e5a6 info: 
  c65b5aa864f7483d
  a  b  c  d  e  f  g  h  i  j  k  
 1\.  .  .  .  b  b  b  b  b  b  b\1
  2\.  .  .  W  *  .  B  b  b  B  W\2
   3\.  .  *  *  *  *  *  W  .  B  .\3
    4\W  .  *  *  *  *  *  .  W  *  .\4
     5\b  B  *  *  *  *  *  *  *  *  .\5
      6\.  *  *  *  B  *  *  *  *  *  W\6
       7\B  *  *  *  *  *  W  *  *  *  .\7
        8\W  *  *  *  W  *  *  *  *  .  .\8
         9\B  *  *  *  B  *  *  *  B  *  .\9
         10\.  *  *  *  .  B  .  .  *  .  .\10
          11\.  *  .  b  b  b  b  .  .  .  .\11
              a  b  c  d  e  f  g  h  i  j  k  
1e5a6 info: Old: [black, a7] [white, swap-pieces] [white, k6] [black, g2] [white, k2] [black, j2] [white, g7] [black, f10] [white, h3] [black, j3] [white, d2] [black, e9] [white, e8] [black, b5] [white, a8] [black, i9] [white, a4] [black, e6] 
1e5a6 info: New: [black, a7] [white, swap-pieces] [white, k6] [black, g2] [white, k2] [black, j2] [white, g7] [black, f10] [white, h3] [black, j3] [white, d2] [black, e9] [white, e8] [black, b5] [white, a8] [black, i9] [white, a4] [black, e6] [white, i4] [black, a9] 
1e5a6 info: MovesPlayed: [white, i4] [black, a9] 
1e5a6 info: No subtree to reuse.
1e5a6 info: StartSearch()[0]
SgUctSearch: max games reached
1e5a6 info: 
Elapsed Time   0.386172s
Count          1
GamesPlayed    1
Nodes          1
Knowledge      0 (0.0%)
Expansions     0.0
Time           0.00
GameLen        88.0 dev=0.0 min=88.0 max=88.0
InTree         0.0 dev=0.0 min=0.0 max=0.0
KnowDepth      -
Aborted        0%
Games/s        1727.1
Score          0.00
Sequence      
1e5a6 info: 
1e5a6 warning: **** MoHexSearch returned empty sequence!
1e5a6 warning: **** Returning random move!
1e5a6 info: *** Player move: e3
16596 info: DfpnSolver::CheckAbort(): Abort flag!
265b6 info: 
MID calls      52
VC builds      43
Terminal       0
Work           52
Wasted Work    0 (0%)
Elapsed Time   0.396307
MIDs/sec       131.211
VCs/sec        108.502
Cnt prune sib  0
Avg prune sib  -
Consider Size  31.3953 dev=20.5496 min=4 max=60
Move Index     -
Move Percent   -
Delta Increase 4.98039 dev=10.2584 min=1 max=40
Winner         empty
PV             c9 i6 h8 j7 i5 j5

HashTableStatistics:
Stores         1654
LookupAttempt  100195
LookupSuccess  6116
Collisions     0

265b6 info: Search aborted.
<= 
<
>genmove w
<= g4
<
>play b i8
99317 info: PlayAndSolve: Building VCs to avoid race condition.
99317 info: PlayAndSolve: Continuing on as usual.
265b6 info: *** PlayerThread ***
1e5a6 info: *** SolverThread ***
265b6 info: Best move cannot be determined, must search state.
265b6 info: --- MoHexPlayer::Search() ---
265b6 info: Color: white
265b6 info: MaxGames: 1
265b6 info: NumberThreads: 1
265b6 info: MaxNodes: 9090 (799920 bytes)
265b6 info: TimeForMove: 1
265b6 info: PreSearch: max time reached (42/56).
265b6 info: Time for PreSearch: 0.208936s
265b6 info: 
  6ee96d196612617c
  a  b  c  d  e  f  g  h  i  j  k  
 1\.  .  .  .  b  b  b  b  b  b  b\1
  2\.  .  .  W  .  b  B  b  b  B  W\2
   3\.  .  .  .  W  *  *  W  .  B  .\3
    4\W  .  .  *  *  *  *  .  W  *  .\4
     5\b  B  *  *  *  *  *  *  *  *  .\5
      6\b  B  *  *  B  *  *  *  *  *  W\6
       7\B  *  *  *  *  *  W  *  *  *  .\7
        8\W  *  *  *  W  *  *  *  *  .  .\8
         9\B  *  *  *  B  *  *  *  B  *  .\9
         10\.  *  *  *  .  B  .  .  *  .  .\10
          11\.  *  .  b  b  b  b  .  .  .  .\11
              a  b  c  d  e  f  g  h  i  j  k  
265b6 info: Old: [black, a7] [white, swap-pieces] [white, k6] [black, g2] [white, k2] [black, j2] [white, g7] [black, f10] [white, h3] [black, j3] [white, d2] [black, e9] [white, e8] [black, b5] [white, a8] [black, i9] [white, a4] [black, e6] [white, i4] [black, a9] 
265b6 info: New: [black, a7] [white, swap-pieces] [white, k6] [black, g2] [white, k2] [black, j2] [white, g7] [black, f10] [white, h3] [black, j3] [white, d2] [black, e9] [white, e8] [black, b5] [white, a8] [black, i9] [white, a4] [black, e6] [white, i4] [black, a9] [white, e3] [black, b6] 
265b6 info: MovesPlayed: [white, e3] [black, b6] 
265b6 info: No subtree to reuse.
265b6 info: StartSearch()[0]
SgUctSearch: max games reached
265b6 info: 
Elapsed Time   0.377551s
Count          1
GamesPlayed    1
Nodes          1
Knowledge      0 (0.0%)
Expansions     0.0
Time           0.00
GameLen        84.0 dev=0.0 min=84.0 max=84.0
InTree         0.0 dev=0.0 min=0.0 max=0.0
KnowDepth      -
Aborted        0%
Games/s        3225.8
Score          0.00
Sequence      
265b6 info: 
265b6 warning: **** MoHexSearch returned empty sequence!
265b6 warning: **** Returning random move!
265b6 info: *** Player move: g4
16596 info: DfpnSolver::CheckAbort(): Abort flag!
1e5a6 info: 
MID calls      45
VC builds      40
Terminal       0
Work           45
Wasted Work    0 (0%)
Elapsed Time   0.393446
MIDs/sec       114.374
VCs/sec        101.666
Cnt prune sib  1
Avg prune sib  1 dev=0 min=1 max=1
Consider Size  27.575 dev=18.489 min=1 max=56
Move Index     -
Move Percent   -
Delta Increase 3.74419 dev=8.04086 min=1 max=40
Winner         empty
PV             h7 c8 f4

HashTableStatistics:
Stores         1761
LookupAttempt  105191
LookupSuccess  6520
Collisions     0

1e5a6 info: Search aborted.
<= 
<
>genmove w
<= c9
<
>play b b8
99317 info: PlayAndSolve: Building VCs to avoid race condition.
99317 info: PlayAndSolve: Continuing on as usual.
1e5a6 info: *** PlayerThread ***
265b6 info: *** SolverThread ***
1e5a6 info: Winning SC.
1e5a6 info: *** Player move: c9
265b6 info: 
MID calls      0
VC builds      1
Terminal       1
Work           1
Wasted Work    0 (0%)
Elapsed Time   0.008687
MIDs/sec       0
VCs/sec        115.115
Cnt prune sib  0
Avg prune sib  -
Consider Size  -
Move Index     -
Move Percent   -
Delta Increase -
Winner         white
PV             

HashTableStatistics:
Stores         1762
LookupAttempt  105197
LookupSuccess  6523
Collisions     0

<= 
<
>genmove w
<= a10
<
>play b b9
99317 info: PlayAndSolve: Building VCs to avoid race condition.
99317 info: PlayAndSolve: Continuing on as usual.
265b6 info: *** PlayerThread ***
1e5a6 info: *** SolverThread ***
265b6 info: Winning SC.
265b6 info: *** Player move: a10
1e5a6 info: 
MID calls      0
VC builds      1
Terminal       1
Work           1
Wasted Work    0 (0%)
Elapsed Time   0.009557
MIDs/sec       0
VCs/sec        104.635
Cnt prune sib  0
Avg prune sib  -
Consider Size  -
Move Index     -
Move Percent   -
Delta Increase -
Winner         white
PV             

HashTableStatistics:
Stores         1763
LookupAttempt  105203
LookupSuccess  6526
Collisions     0

<= 
<
>genmove w
<= b10
<
>play b f7
99317 info: PlayAndSolve: Building VCs to avoid race condition.
99317 info: PlayAndSolve: Continuing on as usual.
265b6 info: *** SolverThread ***
1e5a6 info: *** PlayerThread ***
1e5a6 info: Winning SC.
1e5a6 info: *** Player move: b10
265b6 info: 
MID calls      0
VC builds      1
Terminal       1
Work           1
Wasted Work    0 (0%)
Elapsed Time   0.008289
MIDs/sec       0
VCs/sec        120.642
Cnt prune sib  0
Avg prune sib  -
Consider Size  -
Move Index     -
Move Percent   -
Delta Increase -
Winner         white
PV             

HashTableStatistics:
Stores         1764
LookupAttempt  105209
LookupSuccess  6529
Collisions     0

<= 
<
>genmove w
<= f8
<
>play b h6
99317 info: PlayAndSolve: Building VCs to avoid race condition.
99317 info: PlayAndSolve: Continuing on as usual.
1e5a6 info: *** SolverThread ***
265b6 info: *** PlayerThread ***
265b6 info: Winning SC.
265b6 info: *** Player move: f8
1e5a6 info: 
MID calls      0
VC builds      1
Terminal       1
Work           1
Wasted Work    0 (0%)
Elapsed Time   0.00679
MIDs/sec       0
VCs/sec        147.275
Cnt prune sib  0
Avg prune sib  -
Consider Size  -
Move Index     -
Move Percent   -
Delta Increase -
Winner         white
PV             

HashTableStatistics:
Stores         1765
LookupAttempt  105215
LookupSuccess  6532
Collisions     0

<= 
<
>genmove w
<= g6
<
>play b j4
99317 info: PlayAndSolve: Building VCs to avoid race condition.
99317 info: PlayAndSolve: Continuing on as usual.
265b6 info: *** SolverThread ***
1e5a6 info: *** PlayerThread ***
1e5a6 info: Winning SC.
1e5a6 info: *** Player move: g6
265b6 info: 
MID calls      0
VC builds      1
Terminal       1
Work           1
Wasted Work    0 (0%)
Elapsed Time   0.005397
MIDs/sec       0
VCs/sec        185.288
Cnt prune sib  0
Avg prune sib  -
Consider Size  -
Move Index     -
Move Percent   -
Delta Increase -
Winner         white
PV             

HashTableStatistics:
Stores         1766
LookupAttempt  105221
LookupSuccess  6535
Collisions     0

<= 
<
>genmove w
<= i6
<
>play b i5
99317 info: PlayAndSolve: Building VCs to avoid race condition.
99317 info: PlayAndSolve: Continuing on as usual.
1e5a6 info: *** SolverThread ***
265b6 info: *** PlayerThread ***
265b6 info: Winning SC.
265b6 info: *** Player move: i6
1e5a6 info: 
MID calls      0
VC builds      1
Terminal       1
Work           1
Wasted Work    0 (0%)
Elapsed Time   0.005394
MIDs/sec       0
VCs/sec        185.391
Cnt prune sib  0
Avg prune sib  -
Consider Size  -
Move Index     -
Move Percent   -
Delta Increase -
Winner         white
PV             

HashTableStatistics:
Stores         1767
LookupAttempt  105227
LookupSuccess  6538
Collisions     0

<= 
<
>genmove w
<= h7
<
>play b d8
99317 info: PlayAndSolve: Building VCs to avoid race condition.
99317 info: PlayAndSolve: Continuing on as usual.
1e5a6 info: *** PlayerThread ***
265b6 info: *** SolverThread ***
1e5a6 info: Winning SC.
1e5a6 info: *** Player move: h7
265b6 info: 
MID calls      0
VC builds      1
Terminal       1
Work           1
Wasted Work    0 (0%)
Elapsed Time   0.00478
MIDs/sec       0
VCs/sec        209.205
Cnt prune sib  0
Avg prune sib  -
Consider Size  -
Move Index     -
Move Percent   -
Delta Increase -
Winner         white
PV             

HashTableStatistics:
Stores         1768
LookupAttempt  105233
LookupSuccess  6541
Collisions     0

<= 
<
>genmove w
<= d9
<
>play b j6
99317 info: PlayAndSolve: Building VCs to avoid race condition.
99317 info: PlayAndSolve: Continuing on as usual.
265b6 info: *** PlayerThread ***
1e5a6 info: *** SolverThread ***
265b6 info: Winning SC.
265b6 info: *** Player move: d9
1e5a6 info: 
MID calls      0
VC builds      1
Terminal       1
Work           1
Wasted Work    0 (0%)
Elapsed Time   0.003505
MIDs/sec       0
VCs/sec        285.307
Cnt prune sib  0
Avg prune sib  -
Consider Size  -
Move Index     -
Move Percent   -
Delta Increase -
Winner         white
PV             

HashTableStatistics:
Stores         1769
LookupAttempt  105239
LookupSuccess  6544
Collisions     0

<= 
<
>genmove w
<= j5
<
>play b k4
99317 info: PlayAndSolve: Building VCs to avoid race condition.
99317 info: PlayAndSolve: Continuing on as usual.
1e5a6 info: *** PlayerThread ***
265b6 info: *** SolverThread ***
1e5a6 info: Winning SC.
1e5a6 info: *** Player move: j5
265b6 info: 
MID calls      0
VC builds      1
Terminal       1
Work           1
Wasted Work    0 (0%)
Elapsed Time   0.002908
MIDs/sec       0
VCs/sec        343.879
Cnt prune sib  0
Avg prune sib  -
Consider Size  -
Move Index     -
Move Percent   -
Delta Increase -
Winner         white
PV             

HashTableStatistics:
Stores         1770
LookupAttempt  105245
LookupSuccess  6547
Collisions     0

<= 
<
>genmove w
<= k5
<
>play b resign
99317 info: PlayAndSolve: Building VCs to avoid race condition.
99317 info: PlayAndSolve: Continuing on as usual.
265b6 info: *** PlayerThread ***
1e5a6 info: *** SolverThread ***
265b6 info: Winning SC.
265b6 info: *** Player move: k5
1e5a6 info: 
MID calls      0
VC builds      1
Terminal       1
Work           1
Wasted Work    0 (0%)
Elapsed Time   0.004021
MIDs/sec       0
VCs/sec        248.694
Cnt prune sib  0
Avg prune sib  -
Consider Size  -
Move Index     -
Move Percent   -
Delta Increase -
Winner         white
PV             

HashTableStatistics:
Stores         1771
LookupAttempt  105251
LookupSuccess  6550
Collisions     0

<= 
<
>final_score
<= W+
<
>quit
<= 
<
