7a737 config: MoHex v2.0.CMake Mar 21 2025.
7a737 config: ============ InitializeSystem ============
7a737 config: BenzeneProgram::InitRandom()
7a737 config: Seed = 77790
7a737 info: Prior Patterns:
7a737 info: Global:
7a737 info: Size            = 565 32648 
7a737 info: TableEntries    = 65932 65910
7a737 info: MirrorsAdded    = 0 0
7a737 info: PrunableCount   = 30593 30629
7a737 info: LargestGamma    = 5820.77
7a737 info: SmallestGamma   = 6.6e-05
7a737 info: Local:
7a737 info: Size            = 550 5318 
7a737 info: TableEntries    = 11602 11588
7a737 info: MirrorsAdded    = 0 0
7a737 info: PrunableCount   = 3659 3667
7a737 info: LargestGamma    = 11281.8
7a737 info: SmallestGamma   = 0.026235
7a737 info: Playout Patterns:
7a737 info: Global:
7a737 info: Size            = 565 32648 
7a737 info: TableEntries    = 70329 70329
7a737 info: MirrorsAdded    = 4397 4419
7a737 info: PrunableCount   = 30593 30629
7a737 info: LargestGamma    = 5820.77
7a737 info: SmallestGamma   = 6.6e-05
7a737 info: Local:
7a737 info: Size            = 550 5318 
7a737 info: TableEntries    = 11602 11588
7a737 info: MirrorsAdded    = 0 0
7a737 info: PrunableCount   = 3659 3667
7a737 info: LargestGamma    = 11281.8
7a737 info: SmallestGamma   = 0.026235
7a737 config: IcePatternSet: reading from '/home/linus/MoHex2.0/nfbranchfix/benzene-vanilla-cmake/share/ice-patterns.txt'.
7a737 config: IcePatternSet: parsed 708 patterns.
7a737 config: VCS: reading captured set patterns from '/home/linus/MoHex2.0/nfbranchfix/benzene-vanilla-cmake/share/vc-captured-set.txt'.
7a737 config: VCS:: parsed 2 patterns.
7a737 config: VCS: reading captured set patterns from '/home/linus/MoHex2.0/nfbranchfix/benzene-vanilla-cmake/share/vc-captured-set.txt'.
7a737 config: VCS:: parsed 2 patterns.
7a737 config: IcePatternSet: reading from '/home/linus/MoHex2.0/nfbranchfix/benzene-vanilla-cmake/share/ice-patterns.txt'.
7a737 config: IcePatternSet: parsed 708 patterns.
7a737 config: VCS: reading captured set patterns from '/home/linus/MoHex2.0/nfbranchfix/benzene-vanilla-cmake/share/vc-captured-set.txt'.
7a737 config: VCS:: parsed 2 patterns.
7a737 config: VCS: reading captured set patterns from '/home/linus/MoHex2.0/nfbranchfix/benzene-vanilla-cmake/share/vc-captured-set.txt'.
7a737 config: VCS:: parsed 2 patterns.
7a737 config: VCS: reading captured set patterns from '/home/linus/MoHex2.0/nfbranchfix/benzene-vanilla-cmake/share/vc-captured-set.txt'.
7a737 config: VCS:: parsed 2 patterns.
7a737 config: VCS: reading captured set patterns from '/home/linus/MoHex2.0/nfbranchfix/benzene-vanilla-cmake/share/vc-captured-set.txt'.
7a737 config: VCS:: parsed 2 patterns.
7a737 config: VCS: reading captured set patterns from '/home/linus/MoHex2.0/nfbranchfix/benzene-vanilla-cmake/share/vc-captured-set.txt'.
7a737 config: VCS:: parsed 2 patterns.
7a737 config: VCS: reading captured set patterns from '/home/linus/MoHex2.0/nfbranchfix/benzene-vanilla-cmake/share/vc-captured-set.txt'.
7a737 config: VCS:: parsed 2 patterns.
7a737 info: SwapCheck: reading from '/home/linus/MoHex2.0/nfbranchfix/benzene-vanilla-cmake/share/swap-moves.txt'.
7a737 info: SwapCheck: playing swap.
7a737 info: PlayAndSolve: Building VCs to avoid race condition.
7a737 config: VCPattern: loading pattern templates from '/home/linus/MoHex2.0/nfbranchfix/benzene-vanilla-cmake/share/vc-patterns.txt'.
7a737 info: PlayAndSolve: Continuing on as usual.
bfff6 info: *** PlayerThread ***
b7fe6 info: *** SolverThread ***
affd6 config: VCS: reading captured set patterns from '/home/linus/MoHex2.0/nfbranchfix/benzene-vanilla-cmake/share/vc-captured-set.txt'.
affd6 config: VCS:: parsed 2 patterns.
affd6 config: VCS: reading captured set patterns from '/home/linus/MoHex2.0/nfbranchfix/benzene-vanilla-cmake/share/vc-captured-set.txt'.
affd6 config: VCS:: parsed 2 patterns.
affd6 dfpn: 
bfff6 info: Best move cannot be determined, must search state.
bfff6 info: --- MoHexPlayer::Search() ---
bfff6 info: Color: black
bfff6 info: MaxGames: 1
bfff6 info: NumberThreads: 1
bfff6 info: MaxNodes: 9090 (799920 bytes)
bfff6 info: TimeForMove: 1
affd6 dfpn: e7
affd6 dfpn: d8
affd6 dfpn: c8
affd6 dfpn: b10
affd6 dfpn: c9
affd6 dfpn: c7
affd6 dfpn: d7
affd6 dfpn: b8
affd6 dfpn: b9
affd6 dfpn: f6
affd6 dfpn: b7
affd6 dfpn: e6
affd6 dfpn: f5
affd6 dfpn: h6
affd6 dfpn: i5
affd6 dfpn: c4
affd6 dfpn: e8
affd6 dfpn: d9
affd6 dfpn: j4
affd6 dfpn: h5
affd6 dfpn: c10
affd6 dfpn: f7
affd6 dfpn: h4
affd6 dfpn: j5
affd6 dfpn: c10
bfff6 info: PreSearch: max time reached (50/89).
bfff6 info: Time for PreSearch: 0.201033s
bfff6 info: 
  0c55ee9187b6eed5
  a  b  c  d  e  f  g  h  i  j  k  
 1\.  .  .  .  .  .  .  .  .  .  .\1
  2\.  .  *  *  *  *  *  *  *  *  *\2
   3\.  *  *  *  *  *  *  *  *  *  *\3
    4\*  *  *  *  *  *  *  *  *  *  *\4
     5\*  *  *  *  *  *  *  *  *  *  *\5
      6\.  B  *  *  *  *  W  *  *  *  *\6
       7\.  *  *  *  *  *  *  *  *  *  *\7
        8\*  *  *  *  *  *  *  *  *  *  *\8
         9\*  *  *  *  *  *  *  *  *  *  .\9
         10\*  *  *  *  *  *  *  *  *  .  .\10
          11\.  .  .  .  .  .  .  .  .  .  .\11
              a  b  c  d  e  f  g  h  i  j  k  
affd6 dfpn: b10
bfff6 info: No subtree to reuse.
bfff6 info: Creating thread 0
bfff6 info: StartSearch()[0]
bfff6 config: VCS: reading captured set patterns from '/home/linus/MoHex2.0/nfbranchfix/benzene-vanilla-cmake/share/vc-captured-set.txt'.
bfff6 config: VCS:: parsed 2 patterns.
bfff6 config: VCS: reading captured set patterns from '/home/linus/MoHex2.0/nfbranchfix/benzene-vanilla-cmake/share/vc-captured-set.txt'.
bfff6 config: VCS:: parsed 2 patterns.
bfff6 info: 
Elapsed Time   0.591539s
Count          1
GamesPlayed    1
Nodes          1
Knowledge      0 (0.0%)
Expansions     0.0
Time           0.00
GameLen        119.0 dev=0.0 min=119.0 max=119.0
InTree         0.0 dev=0.0 min=0.0 max=0.0
KnowDepth      -
Aborted        0%
Games/s        394.5
Score          0.00
Sequence      
bfff6 info: 
bfff6 warning: **** MoHexSearch returned empty sequence!
bfff6 warning: **** Returning random move!
bfff6 info: *** Player move: j11
affd6 info: DfpnSolver::CheckAbort(): Abort flag!
b7fe6 info: 
MID calls      82
VC builds      80
Terminal       0
Work           82
Wasted Work    0 (0%)
Elapsed Time   0.602913
MIDs/sec       136.006
VCs/sec        132.689
Cnt prune sib  0
Avg prune sib  -
Consider Size  84.0625 dev=4.25276 min=77 max=90
Move Index     -
Move Percent   -
Delta Increase 3.08642 dev=12.4892 min=1 max=83
Winner         empty
PV             b10 e6 c7

HashTableStatistics:
Stores         189
LookupAttempt  15700
LookupSuccess  811
Collisions     0

b7fe6 info: Search aborted.
7a737 info: PlayAndSolve: Building VCs to avoid race condition.
7a737 info: PlayAndSolve: Continuing on as usual.
b7fe6 info: *** PlayerThread ***
bfff6 info: *** SolverThread ***
affd6 config: VCS: reading captured set patterns from '/home/linus/MoHex2.0/nfbranchfix/benzene-vanilla-cmake/share/vc-captured-set.txt'.
affd6 config: VCS:: parsed 2 patterns.
affd6 config: VCS: reading captured set patterns from '/home/linus/MoHex2.0/nfbranchfix/benzene-vanilla-cmake/share/vc-captured-set.txt'.
affd6 config: VCS:: parsed 2 patterns.
affd6 dfpn: 
b7fe6 info: Best move cannot be determined, must search state.
b7fe6 info: --- MoHexPlayer::Search() ---
b7fe6 info: Color: black
b7fe6 info: MaxGames: 1
b7fe6 info: NumberThreads: 1
b7fe6 info: MaxNodes: 9090 (799920 bytes)
b7fe6 info: TimeForMove: 1
affd6 dfpn: e7
affd6 dfpn: b10
affd6 dfpn: d8
affd6 dfpn: c8
affd6 dfpn: c9
affd6 dfpn: c7
affd6 dfpn: d7
affd6 dfpn: b8
affd6 dfpn: f6
affd6 dfpn: b9
affd6 dfpn: h6
affd6 dfpn: b7
affd6 dfpn: e6
affd6 dfpn: h5
affd6 dfpn: f5
affd6 dfpn: c4
affd6 dfpn: e8
affd6 dfpn: i5
affd6 dfpn: f7
affd6 dfpn: c10
affd6 dfpn: d9
affd6 dfpn: h4
affd6 dfpn: c10
b7fe6 info: PreSearch: max time reached (47/82).
b7fe6 info: Time for PreSearch: 0.202871s
b7fe6 info: 
  4d49d142a9f2d822
  a  b  c  d  e  f  g  h  i  j  k  
 1\.  .  .  .  .  .  .  .  .  .  .\1
  2\.  .  *  *  *  *  *  *  *  *  .\2
   3\.  *  *  *  *  *  *  *  *  *  w\3
    4\*  *  *  *  *  *  *  *  *  .  w\4
     5\*  *  *  *  *  *  *  *  *  W  w\5
      6\.  B  *  *  *  *  W  *  *  .  w\6
       7\.  *  *  *  *  *  *  *  *  *  .\7
        8\*  *  *  *  *  *  *  *  *  *  *\8
         9\*  *  *  *  *  *  *  *  *  *  *\9
         10\*  *  *  *  *  *  *  *  *  *  .\10
          11\.  .  .  .  .  .  .  .  .  B  b\11
              a  b  c  d  e  f  g  h  i  j  k  
b7fe6 info: Old: [black, b6] [white, swap-pieces] [white, g6] 
b7fe6 info: New: [black, b6] [white, swap-pieces] [white, g6] [black, j11] [white, j5] 
b7fe6 info: MovesPlayed: [black, j11] [white, j5] 
b7fe6 info: No subtree to reuse.
affd6 dfpn: b10
b7fe6 info: StartSearch()[0]
b7fe6 info: 
Elapsed Time   0.348166s
Count          1
GamesPlayed    1
Nodes          1
Knowledge      0 (0.0%)
Expansions     0.0
Time           0.00
GameLen        112.0 dev=0.0 min=112.0 max=112.0
InTree         0.0 dev=0.0 min=0.0 max=0.0
KnowDepth      -
Aborted        0%
Games/s        3344.5
Score          0.00
Sequence      
b7fe6 info: 
b7fe6 warning: **** MoHexSearch returned empty sequence!
b7fe6 warning: **** Returning random move!
b7fe6 info: *** Player move: g7
affd6 info: DfpnSolver::CheckAbort(): Abort flag!
bfff6 info: 
MID calls      55
VC builds      52
Terminal       0
Work           55
Wasted Work    0 (0%)
Elapsed Time   0.360449
MIDs/sec       152.587
VCs/sec        144.265
Cnt prune sib  0
Avg prune sib  -
Consider Size  77.1731 dev=17.4738 min=17 max=88
Move Index     -
Move Percent   -
Delta Increase 2.96296 dev=10.9493 min=1 max=81
Winner         empty
PV             b10 c8 e7

HashTableStatistics:
Stores         322
LookupAttempt  27359
LookupSuccess  1492
Collisions     0

bfff6 info: Search aborted.
7a737 info: PlayAndSolve: Building VCs to avoid race condition.
7a737 info: PlayAndSolve: Continuing on as usual.
bfff6 info: *** PlayerThread ***
b7fe6 info: *** SolverThread ***
affd6 config: VCS: reading captured set patterns from '/home/linus/MoHex2.0/nfbranchfix/benzene-vanilla-cmake/share/vc-captured-set.txt'.
affd6 config: VCS:: parsed 2 patterns.
affd6 config: VCS: reading captured set patterns from '/home/linus/MoHex2.0/nfbranchfix/benzene-vanilla-cmake/share/vc-captured-set.txt'.
affd6 config: VCS:: parsed 2 patterns.
affd6 dfpn: 
bfff6 info: Best move cannot be determined, must search state.
bfff6 info: --- MoHexPlayer::Search() ---
bfff6 info: Color: black
bfff6 info: MaxGames: 1
bfff6 info: NumberThreads: 1
bfff6 info: MaxNodes: 9090 (799920 bytes)
bfff6 info: TimeForMove: 1
affd6 dfpn: e7
affd6 dfpn: f6
affd6 dfpn: f7
affd6 dfpn: d8
affd6 dfpn: c8
affd6 dfpn: c7
affd6 dfpn: d7
affd6 dfpn: e6
affd6 dfpn: b10
affd6 dfpn: f5
affd6 dfpn: b8
affd6 dfpn: c9
affd6 dfpn: b7
affd6 dfpn: b9
affd6 dfpn: e8
affd6 dfpn: c4
affd6 dfpn: e5
affd6 dfpn: d6
affd6 dfpn: a8
affd6 dfpn: f4
affd6 dfpn: c10
bfff6 info: PreSearch: max time reached (48/80).
bfff6 info: Time for PreSearch: 0.201575s
bfff6 info: 
  598c55bf53d9c00d
  a  b  c  d  e  f  g  h  i  j  k  
 1\.  .  .  .  .  .  .  .  .  .  .\1
  2\.  .  *  *  *  *  *  *  *  *  .\2
   3\.  *  *  *  *  *  *  *  *  *  w\3
    4\*  *  *  *  *  *  *  *  *  .  w\4
     5\*  *  *  *  *  *  *  *  *  W  w\5
      6\.  B  *  *  *  *  W  W  *  .  w\6
       7\.  *  *  *  *  *  B  *  *  *  .\7
        8\*  *  *  *  *  *  *  *  *  *  *\8
         9\*  *  *  *  *  *  *  *  *  *  *\9
         10\*  *  *  *  *  *  *  *  *  *  .\10
          11\.  .  .  .  .  .  .  .  .  B  b\11
              a  b  c  d  e  f  g  h  i  j  k  
bfff6 info: Old: [black, b6] [white, swap-pieces] [white, g6] [black, j11] [white, j5] 
bfff6 info: New: [black, b6] [white, swap-pieces] [white, g6] [black, j11] [white, j5] [black, g7] [white, h6] 
bfff6 info: MovesPlayed: [black, g7] [white, h6] 
bfff6 info: No subtree to reuse.
bfff6 info: StartSearch()[0]
bfff6 info: 
Elapsed Time   0.353928s
Count          1
GamesPlayed    1
Nodes          1
Knowledge      0 (0.0%)
Expansions     0.0
Time           0.00
GameLen        110.0 dev=0.0 min=110.0 max=110.0
InTree         0.0 dev=0.0 min=0.0 max=0.0
KnowDepth      -
Aborted        0%
Games/s        3125.0
Score          1.00
Sequence      
bfff6 info: 
bfff6 warning: **** MoHexSearch returned empty sequence!
bfff6 warning: **** Returning random move!
bfff6 info: *** Player move: b3
affd6 info: DfpnSolver::CheckAbort(): Abort flag!
b7fe6 info: 
MID calls      48
VC builds      47
Terminal       0
Work           48
Wasted Work    0 (0%)
Elapsed Time   0.369959
MIDs/sec       129.744
VCs/sec        127.041
Cnt prune sib  0
Avg prune sib  -
Consider Size  75.2128 dev=17.3069 min=9 max=86
Move Index     -
Move Percent   -
Delta Increase 2.97872 dev=11.5712 min=1 max=81
Winner         empty
PV             c10 c8 f7 f6

HashTableStatistics:
Stores         437
LookupAttempt  37326
LookupSuccess  2027
Collisions     0

b7fe6 info: Search aborted.
7a737 info: PlayAndSolve: Building VCs to avoid race condition.
7a737 info: PlayAndSolve: Continuing on as usual.
b7fe6 info: *** PlayerThread ***
bfff6 info: *** SolverThread ***
affd6 config: VCS: reading captured set patterns from '/home/linus/MoHex2.0/nfbranchfix/benzene-vanilla-cmake/share/vc-captured-set.txt'.
affd6 config: VCS:: parsed 2 patterns.
affd6 config: VCS: reading captured set patterns from '/home/linus/MoHex2.0/nfbranchfix/benzene-vanilla-cmake/share/vc-captured-set.txt'.
affd6 config: VCS:: parsed 2 patterns.
affd6 dfpn: 
b7fe6 info: Best move cannot be determined, must search state.
b7fe6 info: --- MoHexPlayer::Search() ---
b7fe6 info: Color: black
b7fe6 info: MaxGames: 1
b7fe6 info: NumberThreads: 1
b7fe6 info: MaxNodes: 9090 (799920 bytes)
b7fe6 info: TimeForMove: 1
affd6 dfpn: e7
affd6 dfpn: c7
affd6 dfpn: c8
affd6 dfpn: d8
affd6 dfpn: d7
affd6 dfpn: b8
affd6 dfpn: f7
affd6 dfpn: b10
affd6 dfpn: b7
affd6 dfpn: c9
affd6 dfpn: b9
affd6 dfpn: e6
affd6 dfpn: f6
affd6 dfpn: e8
affd6 dfpn: f5
affd6 dfpn: d6
affd6 dfpn: a8
affd6 dfpn: c4
affd6 dfpn: e5
b7fe6 info: PreSearch: max time reached (35/79).
b7fe6 info: Time for PreSearch: 0.207626s
affd6 dfpn: a9
affd6 dfpn: a10
affd6 dfpn: c7
b7fe6 info: 
  b991053f6de2f8be
  a  b  c  d  e  f  g  h  i  j  k  
 1\.  .  .  .  .  .  .  .  .  W  *\1
  2\.  *  .  *  *  *  *  *  *  *  .\2
   3\.  B  *  *  *  *  *  *  *  *  w\3
    4\.  *  *  *  *  *  *  *  *  .  w\4
     5\*  *  *  *  *  *  *  *  *  W  w\5
      6\.  B  *  *  *  *  W  W  *  .  w\6
       7\.  *  *  *  *  *  B  *  *  *  .\7
        8\*  *  *  *  *  *  *  *  *  *  *\8
         9\*  *  *  *  *  *  *  *  *  *  *\9
         10\*  *  *  *  *  *  *  *  *  *  .\10
          11\.  .  .  .  .  .  .  .  .  B  b\11
              a  b  c  d  e  f  g  h  i  j  k  
b7fe6 info: Old: [black, b6] [white, swap-pieces] [white, g6] [black, j11] [white, j5] [black, g7] [white, h6] 
b7fe6 info: New: [black, b6] [white, swap-pieces] [white, g6] [black, j11] [white, j5] [black, g7] [white, h6] [black, b3] [white, j1] 
b7fe6 info: MovesPlayed: [black, b3] [white, j1] 
b7fe6 info: No subtree to reuse.
b7fe6 info: StartSearch()[0]
b7fe6 info: 
Elapsed Time   0.361969s
Count          1
GamesPlayed    1
Nodes          1
Knowledge      0 (0.0%)
Expansions     0.0
Time           0.00
GameLen        108.0 dev=0.0 min=108.0 max=108.0
InTree         0.0 dev=0.0 min=0.0 max=0.0
KnowDepth      -
Aborted        0%
Games/s        3289.5
Score          0.00
Sequence      
b7fe6 info: 
b7fe6 warning: **** MoHexSearch returned empty sequence!
b7fe6 warning: **** Returning random move!
b7fe6 info: *** Player move: i4
affd6 info: DfpnSolver::CheckAbort(): Abort flag!
bfff6 info: 
MID calls      37
VC builds      35
Terminal       0
Work           37
Wasted Work    0 (0%)
Elapsed Time   0.378786
MIDs/sec       97.6805
VCs/sec        92.4005
Cnt prune sib  0
Avg prune sib  -
Consider Size  73.2 dev=15.98 min=14 max=83
Move Index     -
Move Percent   -
Delta Increase 3.97222 dev=11.0943 min=1 max=57
Winner         empty
PV             c7 c8 e7 d7

HashTableStatistics:
Stores         531
LookupAttempt  46534
LookupSuccess  2596
Collisions     0

bfff6 info: Search aborted.
7a737 info: PlayAndSolve: Building VCs to avoid race condition.
7a737 info: PlayAndSolve: Continuing on as usual.
bfff6 info: *** PlayerThread ***
b7fe6 info: *** SolverThread ***
affd6 config: VCS: reading captured set patterns from '/home/linus/MoHex2.0/nfbranchfix/benzene-vanilla-cmake/share/vc-captured-set.txt'.
affd6 config: VCS:: parsed 2 patterns.
affd6 config: VCS: reading captured set patterns from '/home/linus/MoHex2.0/nfbranchfix/benzene-vanilla-cmake/share/vc-captured-set.txt'.
affd6 config: VCS:: parsed 2 patterns.
affd6 dfpn: 
bfff6 info: Best move cannot be determined, must search state.
bfff6 info: --- MoHexPlayer::Search() ---
bfff6 info: Color: black
bfff6 info: MaxGames: 1
bfff6 info: NumberThreads: 1
bfff6 info: MaxNodes: 9090 (799920 bytes)
bfff6 info: TimeForMove: 1
affd6 dfpn: e7
affd6 dfpn: c7
affd6 dfpn: c8
affd6 dfpn: d8
affd6 dfpn: b8
affd6 dfpn: b7
affd6 dfpn: d7
affd6 dfpn: b10
affd6 dfpn: f7
affd6 dfpn: b9
affd6 dfpn: c9
affd6 dfpn: f6
affd6 dfpn: e6
affd6 dfpn: c4
affd6 dfpn: e8
affd6 dfpn: b5
affd6 dfpn: a8
affd6 dfpn: d6
affd6 dfpn: f5
affd6 dfpn: a9
affd6 dfpn: b10
bfff6 info: PreSearch: max time reached (48/74).
bfff6 info: Time for PreSearch: 0.204188s
bfff6 info: 
  4f1e1c2e12a718d0
  a  b  c  d  e  f  g  h  i  j  k  
 1\.  .  .  .  .  .  W  .  .  W  .\1
  2\.  .  .  *  *  *  *  *  *  *  w\2
   3\.  B  *  *  *  *  *  *  *  .  w\3
    4\.  *  *  *  *  *  *  *  B  w  w\4
     5\*  *  *  *  *  *  *  .  .  W  w\5
      6\.  B  *  *  *  *  W  W  *  .  w\6
       7\.  *  *  *  *  *  B  *  *  *  .\7
        8\*  *  *  *  *  *  *  *  *  *  *\8
         9\*  *  *  *  *  *  *  *  *  *  *\9
         10\*  *  *  *  *  *  *  *  *  *  .\10
          11\.  .  .  .  .  .  .  .  .  B  b\11
              a  b  c  d  e  f  g  h  i  j  k  
bfff6 info: Old: [black, b6] [white, swap-pieces] [white, g6] [black, j11] [white, j5] [black, g7] [white, h6] [black, b3] [white, j1] 
bfff6 info: New: [black, b6] [white, swap-pieces] [white, g6] [black, j11] [white, j5] [black, g7] [white, h6] [black, b3] [white, j1] [black, i4] [white, g1] 
bfff6 info: MovesPlayed: [black, i4] [white, g1] 
bfff6 info: No subtree to reuse.
affd6 dfpn: c8
bfff6 info: StartSearch()[0]
bfff6 info: 
Elapsed Time   0.356185s
Count          1
GamesPlayed    1
Nodes          1
Knowledge      0 (0.0%)
Expansions     0.0
Time           0.00
GameLen        104.0 dev=0.0 min=104.0 max=104.0
InTree         0.0 dev=0.0 min=0.0 max=0.0
KnowDepth      -
Aborted        0%
Games/s        2762.4
Score          1.00
Sequence      
bfff6 info: 
bfff6 warning: **** MoHexSearch returned empty sequence!
bfff6 warning: **** Returning random move!
bfff6 info: *** Player move: c1
affd6 info: DfpnSolver::CheckAbort(): Abort flag!
b7fe6 info: 
MID calls      54
VC builds      51
Terminal       0
Work           54
Wasted Work    0 (0%)
Elapsed Time   0.368598
MIDs/sec       146.501
VCs/sec        138.362
Cnt prune sib  0
Avg prune sib  -
Consider Size  69.4314 dev=12.3926 min=9 max=77
Move Index     -
Move Percent   -
Delta Increase 2.64151 dev=9.6936 min=1 max=72
Winner         empty
PV             c8 b5 c5

HashTableStatistics:
Stores         660
LookupAttempt  56420
LookupSuccess  3180
Collisions     0

b7fe6 info: Search aborted.
7a737 info: PlayAndSolve: Building VCs to avoid race condition.
7a737 info: PlayAndSolve: Continuing on as usual.
b7fe6 info: *** PlayerThread ***
bfff6 info: *** SolverThread ***
affd6 config: VCS: reading captured set patterns from '/home/linus/MoHex2.0/nfbranchfix/benzene-vanilla-cmake/share/vc-captured-set.txt'.
affd6 config: VCS:: parsed 2 patterns.
affd6 config: VCS: reading captured set patterns from '/home/linus/MoHex2.0/nfbranchfix/benzene-vanilla-cmake/share/vc-captured-set.txt'.
affd6 config: VCS:: parsed 2 patterns.
affd6 dfpn: 
affd6 dfpn: e7
b7fe6 info: Best move cannot be determined, must search state.
b7fe6 info: --- MoHexPlayer::Search() ---
b7fe6 info: Color: black
b7fe6 info: MaxGames: 1
b7fe6 info: NumberThreads: 1
b7fe6 info: MaxNodes: 9090 (799920 bytes)
b7fe6 info: TimeForMove: 1
affd6 dfpn: c7
affd6 dfpn: c8
affd6 dfpn: b7
affd6 dfpn: b8
affd6 dfpn: d8
affd6 dfpn: d7
affd6 dfpn: b10
affd6 dfpn: b9
affd6 dfpn: f7
affd6 dfpn: c9
affd6 dfpn: e6
affd6 dfpn: c4
affd6 dfpn: f6
affd6 dfpn: e8
affd6 dfpn: b5
affd6 dfpn: d6
affd6 dfpn: a8
affd6 dfpn: c6
affd6 dfpn: b10
b7fe6 info: PreSearch: max time reached (48/71).
b7fe6 info: Time for PreSearch: 0.203655s
b7fe6 info: 
  71ed1e732f63f774
  a  b  c  d  e  f  g  h  i  j  k  
 1\b  b  B  .  .  .  W  .  .  W  .\1
  2\w  .  .  .  *  *  *  *  *  .  w\2
   3\w  B  *  *  *  *  *  *  W  .  w\3
    4\.  *  *  *  *  *  *  *  B  w  w\4
     5\*  *  *  *  *  *  *  .  .  W  w\5
      6\.  B  *  *  *  *  W  W  *  .  w\6
       7\.  *  *  *  *  *  B  *  *  *  .\7
        8\*  *  *  *  *  *  *  *  *  *  *\8
         9\*  *  *  *  *  *  *  *  *  *  *\9
         10\*  *  *  *  *  *  *  *  *  *  .\10
          11\.  .  .  .  .  .  .  .  .  B  b\11
              a  b  c  d  e  f  g  h  i  j  k  
b7fe6 info: Old: [black, b6] [white, swap-pieces] [white, g6] [black, j11] [white, j5] [black, g7] [white, h6] [black, b3] [white, j1] [black, i4] [white, g1] 
b7fe6 info: New: [black, b6] [white, swap-pieces] [white, g6] [black, j11] [white, j5] [black, g7] [white, h6] [black, b3] [white, j1] [black, i4] [white, g1] [black, c1] [white, i3] 
b7fe6 info: MovesPlayed: [black, c1] [white, i3] 
b7fe6 info: No subtree to reuse.
affd6 dfpn: c8
b7fe6 info: StartSearch()[0]
b7fe6 info: 
Elapsed Time   0.368554s
Count          1
GamesPlayed    1
Nodes          1
Knowledge      0 (0.0%)
Expansions     0.0
Time           0.00
GameLen        98.0 dev=0.0 min=98.0 max=98.0
InTree         0.0 dev=0.0 min=0.0 max=0.0
KnowDepth      -
Aborted        0%
Games/s        3571.4
Score          0.00
Sequence      
b7fe6 info: 
b7fe6 warning: **** MoHexSearch returned empty sequence!
b7fe6 warning: **** Returning random move!
b7fe6 info: *** Player move: j10
affd6 info: DfpnSolver::CheckAbort(): Abort flag!
bfff6 info: 
MID calls      49
VC builds      46
Terminal       0
Work           49
Wasted Work    0 (0%)
Elapsed Time   0.384033
MIDs/sec       127.593
VCs/sec        119.781
Cnt prune sib  0
Avg prune sib  -
Consider Size  57.2174 dev=23.766 min=8 max=76
Move Index     -
Move Percent   -
Delta Increase 2.75 dev=10.0156 min=1 max=71
Winner         empty
PV             c8 c4 a5

HashTableStatistics:
Stores         778
LookupAttempt  64877
LookupSuccess  3714
Collisions     0

bfff6 info: Search aborted.
