# nice ../build/src/mohex/mohex --config mohex-weak.htp --seed 815571 --logfile-name jobs/11x11-mohex-mohex-weak-vs-mohex-mohex-cg2010/mohex-mohex-weak-19.log
>boardsize 11 11
MoHex 2.0.CMake Mar 21 2025
Copyright (C) 2007-2012 by the authors of the Benzene project.
This program comes with ABSOLUTELY NO WARRANTY. This is
free software and you are welcome to redistribute it under
certain conditions. Type `benzene-license' for details.

SgRandom::SetSeed: 815571
SgUctSearch: system memory 33632358400, using 1000000000 (5681818 nodes)
SgRandom::SetSeed: 1
SgRandom::SetSeed: 815571
c55a7 info: Prior Patterns:
c55a7 info: Global:
c55a7 info: Size            = 565 32648 
c55a7 info: TableEntries    = 65932 65910
c55a7 info: MirrorsAdded    = 0 0
c55a7 info: PrunableCount   = 30593 30629
c55a7 info: LargestGamma    = 5820.77
c55a7 info: SmallestGamma   = 6.6e-05
c55a7 info: Local:
c55a7 info: Size            = 550 5318 
c55a7 info: TableEntries    = 11602 11588
c55a7 info: MirrorsAdded    = 0 0
c55a7 info: PrunableCount   = 3659 3667
c55a7 info: LargestGamma    = 11281.8
c55a7 info: SmallestGamma   = 0.026235
c55a7 info: Playout Patterns:
c55a7 info: Global:
c55a7 info: Size            = 565 32648 
c55a7 info: TableEntries    = 70329 70329
c55a7 info: MirrorsAdded    = 4397 4419
c55a7 info: PrunableCount   = 30593 30629
c55a7 info: LargestGamma    = 5820.77
c55a7 info: SmallestGamma   = 6.6e-05
c55a7 info: Local:
c55a7 info: Size            = 550 5318 
c55a7 info: TableEntries    = 11602 11588
c55a7 info: MirrorsAdded    = 0 0
c55a7 info: PrunableCount   = 3659 3667
c55a7 info: LargestGamma    = 11281.8
c55a7 info: SmallestGamma   = 0.026235
param_game allow_swap 1
= 

param_mohex max_memory 1600000
= 

param_mohex num_threads 1
= 

param_mohex max_time 1
= 

param_mohex max_games 1
= 

param_mohex knowledge_threshold 400
= 

param_mohex reuse_subtree 1
= 

param_mohex use_parallel_solver 1
= 

<= 
<
>name
<= MoHex
<
>version
<= 2.0.CMake
<
>play b a10
<= 
<
>genmove w
<= swap-pieces
<
>showboard
c55a7 info: SwapCheck: reading from '/home/linus/MoHex2.0/nfbranchfix/benzene-vanilla-cmake/share/swap-moves.txt'.
c55a7 info: SwapCheck: playing swap.
<= 
< 
<  d7f3f63aef980509
<  a  b  c  d  e  f  g  h  i  j  k  
< 1\.  .  .  .  .  .  .  .  .  .  .\1
<  2\.  .  .  .  .  .  .  .  .  .  .\2
<   3\.  .  .  .  .  .  .  .  .  .  .\3
<    4\.  .  .  .  .  .  .  .  .  .  .\4
<     5\.  .  .  .  .  .  .  .  .  .  .\5
<      6\.  .  .  .  .  .  .  .  .  .  .\6
<       7\.  .  .  .  .  .  .  .  .  .  .\7
<        8\.  .  .  .  .  .  .  .  .  .  .\8
<         9\.  .  .  .  .  .  .  .  .  .  .\9
<         10\B  .  .  .  .  .  .  .  .  .  .\10
<          11\.  .  .  .  .  .  .  .  .  .  .\11
<              a  b  c  d  e  f  g  h  i  j  k  
<
>play w e9
<= 
<
>showboard
<= 
< 
<  d42f12a979f460e5
<  a  b  c  d  e  f  g  h  i  j  k  
< 1\.  .  .  .  .  .  .  .  .  .  .\1
<  2\.  .  .  .  .  .  .  .  .  .  .\2
<   3\.  .  .  .  .  .  .  .  .  .  .\3
<    4\.  .  .  .  .  .  .  .  .  .  .\4
<     5\.  .  .  .  .  .  .  .  .  .  .\5
<      6\.  .  .  .  .  .  .  .  .  .  .\6
<       7\.  .  .  .  .  .  .  .  .  .  .\7
<        8\.  .  .  .  .  .  .  .  .  .  .\8
<         9\.  .  .  .  W  .  .  .  .  .  .\9
<         10\B  .  .  .  .  .  .  .  .  .  .\10
<          11\.  .  .  .  .  .  .  .  .  .  .\11
<              a  b  c  d  e  f  g  h  i  j  k  
<
>genmove b
<= j9
<
>showboard
c55a7 info: PlayAndSolve: Building VCs to avoid race condition.
c55a7 info: PlayAndSolve: Continuing on as usual.
52846 info: *** PlayerThread ***
4a836 info: *** SolverThread ***
52846 info: Best move cannot be determined, must search state.
52846 info: --- MoHexPlayer::Search() ---
52846 info: Color: black
52846 info: MaxGames: 1
52846 info: NumberThreads: 1
52846 info: MaxNodes: 9090 (799920 bytes)
52846 info: TimeForMove: 1
52846 info: PreSearch: max time reached (51/89).
52846 info: Time for PreSearch: 0.200147s
52846 info: 
  d42f12a979f460e5
  a  b  c  d  e  f  g  h  i  j  k  
 1\.  .  .  .  .  .  .  .  .  .  .\1
  2\.  .  *  *  *  *  *  *  *  *  *\2
   3\.  *  *  *  *  *  *  *  *  *  *\3
    4\*  *  *  *  *  *  *  *  *  *  *\4
     5\*  *  *  *  *  *  *  *  *  *  *\5
      6\*  *  *  *  *  *  *  *  *  *  *\6
       7\*  *  *  *  *  *  *  *  *  *  *\7
        8\*  *  *  *  *  *  *  *  *  *  *\8
         9\*  *  *  *  W  *  *  *  *  *  .\9
         10\B  .  *  .  .  *  *  *  *  .  .\10
          11\.  .  .  .  .  .  .  .  .  .  .\11
              a  b  c  d  e  f  g  h  i  j  k  
52846 info: No subtree to reuse.
52846 info: Creating thread 0
52846 info: StartSearch()[0]
SgUctSearch: max games reached
52846 info: 
Elapsed Time   0.358133s
Count          1
GamesPlayed    1
Nodes          1
Knowledge      0 (0.0%)
Expansions     0.0
Time           0.00
GameLen        119.0 dev=0.0 min=119.0 max=119.0
InTree         0.0 dev=0.0 min=0.0 max=0.0
KnowDepth      -
Aborted        0%
Games/s        278.7
Score          1.00
Sequence      
52846 info: 
52846 warning: **** MoHexSearch returned empty sequence!
52846 warning: **** Returning random move!
52846 info: *** Player move: j9
7fff6 info: DfpnSolver::CheckAbort(): Abort flag!
4a836 info: 
MID calls      46
VC builds      45
Terminal       0
Work           46
Wasted Work    0 (0%)
Elapsed Time   0.376011
MIDs/sec       122.337
VCs/sec        119.677
Cnt prune sib  1
Avg prune sib  1 dev=0 min=1 max=1
Consider Size  86.3111 dev=5.4237 min=75 max=92
Move Index     -
Move Percent   -
Delta Increase 2.93333 dev=12.093 min=1 max=83
Winner         empty
PV             c10 b6 d8

HashTableStatistics:
Stores         115
LookupAttempt  12004
LookupSuccess  673
Collisions     0

4a836 info: Search aborted.
<= 
< 
<  8b4365862cfa755b
<  a  b  c  d  e  f  g  h  i  j  k  
< 1\.  .  .  .  .  .  .  .  .  .  .\1
<  2\.  .  .  .  .  .  .  .  .  .  .\2
<   3\.  .  .  .  .  .  .  .  .  .  .\3
<    4\.  .  .  .  .  .  .  .  .  .  .\4
<     5\.  .  .  .  .  .  .  .  .  .  .\5
<      6\.  .  .  .  .  .  .  .  .  .  .\6
<       7\.  .  .  .  .  .  .  .  .  .  .\7
<        8\.  .  .  .  .  .  .  .  .  .  .\8
<         9\.  .  .  .  W  .  .  .  .  B  .\9
<         10\B  .  .  .  .  .  .  .  .  .  .\10
<          11\.  .  .  .  .  .  .  .  .  .  .\11
<              a  b  c  d  e  f  g  h  i  j  k  
<
>play w h3
<= 
<
>showboard
<= 
< 
<  26d5b252fcb43f6f
<  a  b  c  d  e  f  g  h  i  j  k  
< 1\.  .  .  .  .  .  .  .  .  .  .\1
<  2\.  .  .  .  .  .  .  .  .  .  .\2
<   3\.  .  .  .  .  .  .  W  .  .  .\3
<    4\.  .  .  .  .  .  .  .  .  .  .\4
<     5\.  .  .  .  .  .  .  .  .  .  .\5
<      6\.  .  .  .  .  .  .  .  .  .  .\6
<       7\.  .  .  .  .  .  .  .  .  .  .\7
<        8\.  .  .  .  .  .  .  .  .  .  .\8
<         9\.  .  .  .  W  .  .  .  .  B  .\9
<         10\B  .  .  .  .  .  .  .  .  .  .\10
<          11\.  .  .  .  .  .  .  .  .  .  .\11
<              a  b  c  d  e  f  g  h  i  j  k  
<
>genmove b
<= b11
<
>showboard
c55a7 info: PlayAndSolve: Building VCs to avoid race condition.
c55a7 info: PlayAndSolve: Continuing on as usual.
4a836 info: *** PlayerThread ***
52846 info: *** SolverThread ***
4a836 info: Best move cannot be determined, must search state.
4a836 info: --- MoHexPlayer::Search() ---
4a836 info: Color: black
4a836 info: MaxGames: 1
4a836 info: NumberThreads: 1
4a836 info: MaxNodes: 9090 (799920 bytes)
4a836 info: TimeForMove: 1
4a836 info: PreSearch: max time reached (57/84).
4a836 info: Time for PreSearch: 0.20054s
4a836 info: 
  26d5b252fcb43f6f
  a  b  c  d  e  f  g  h  i  j  k  
 1\.  .  .  .  .  .  .  .  .  .  .\1
  2\.  .  *  *  *  *  *  .  .  *  *\2
   3\.  *  *  *  *  *  *  W  *  *  *\3
    4\*  *  *  *  *  *  *  *  *  *  *\4
     5\*  *  *  *  *  *  *  *  *  *  *\5
      6\*  *  *  *  *  *  *  *  *  *  *\6
       7\*  *  *  *  *  *  *  *  *  *  *\7
        8\*  *  *  *  *  *  *  *  *  *  .\8
         9\*  *  *  *  W  *  *  *  *  B  .\9
         10\B  .  *  .  .  *  *  *  *  .  .\10
          11\.  .  .  .  .  .  .  .  .  .  .\11
              a  b  c  d  e  f  g  h  i  j  k  
4a836 info: Old: [black, a10] [white, swap-pieces] [white, e9] 
4a836 info: New: [black, a10] [white, swap-pieces] [white, e9] [black, j9] [white, h3] 
4a836 info: MovesPlayed: [black, j9] [white, h3] 
4a836 info: No subtree to reuse.
4a836 info: StartSearch()[0]
SgUctSearch: max games reached
4a836 info: 
Elapsed Time   0.351051s
Count          1
GamesPlayed    1
Nodes          1
Knowledge      0 (0.0%)
Expansions     0.0
Time           0.00
GameLen        117.0 dev=0.0 min=117.0 max=117.0
InTree         0.0 dev=0.0 min=0.0 max=0.0
KnowDepth      -
Aborted        0%
Games/s        3215.4
Score          1.00
Sequence      
4a836 info: 
4a836 warning: **** MoHexSearch returned empty sequence!
4a836 warning: **** Returning random move!
4a836 info: *** Player move: b11
7fff6 info: DfpnSolver::CheckAbort(): Abort flag!
52846 info: 
MID calls      54
VC builds      53
Terminal       0
Work           54
Wasted Work    0 (0%)
Elapsed Time   0.364474
MIDs/sec       148.159
VCs/sec        145.415
Cnt prune sib  1
Avg prune sib  1 dev=0 min=1 max=1
Consider Size  80.8302 dev=6.52347 min=70 max=89
Move Index     -
Move Percent   -
Delta Increase 3.86792 dev=14.218 min=1 max=80
Winner         empty
PV             c10 b6 c7 d5

HashTableStatistics:
Stores         244
LookupAttempt  23698
LookupSuccess  1305
Collisions     0

52846 info: Search aborted.
<= 
< 
<  286878b0b7b66a40
<  a  b  c  d  e  f  g  h  i  j  k  
< 1\.  .  .  .  .  .  .  .  .  .  .\1
<  2\.  .  .  .  .  .  .  .  .  .  .\2
<   3\.  .  .  .  .  .  .  W  .  .  .\3
<    4\.  .  .  .  .  .  .  .  .  .  .\4
<     5\.  .  .  .  .  .  .  .  .  .  .\5
<      6\.  .  .  .  .  .  .  .  .  .  .\6
<       7\.  .  .  .  .  .  .  .  .  .  .\7
<        8\.  .  .  .  .  .  .  .  .  .  .\8
<         9\.  .  .  .  W  .  .  .  .  B  .\9
<         10\B  .  .  .  .  .  .  .  .  .  .\10
<          11\.  B  .  .  .  .  .  .  .  .  .\11
<              a  b  c  d  e  f  g  h  i  j  k  
<
>play w e5
<= 
<
>showboard
<= 
< 
<  b69ec4f71f899709
<  a  b  c  d  e  f  g  h  i  j  k  
< 1\.  .  .  .  .  .  .  .  .  .  .\1
<  2\.  .  .  .  .  .  .  .  .  .  .\2
<   3\.  .  .  .  .  .  .  W  .  .  .\3
<    4\.  .  .  .  .  .  .  .  .  .  .\4
<     5\.  .  .  .  W  .  .  .  .  .  .\5
<      6\.  .  .  .  .  .  .  .  .  .  .\6
<       7\.  .  .  .  .  .  .  .  .  .  .\7
<        8\.  .  .  .  .  .  .  .  .  .  .\8
<         9\.  .  .  .  W  .  .  .  .  B  .\9
<         10\B  .  .  .  .  .  .  .  .  .  .\10
<          11\.  B  .  .  .  .  .  .  .  .  .\11
<              a  b  c  d  e  f  g  h  i  j  k  
<
>genmove b
<= d1
<
>showboard
c55a7 info: PlayAndSolve: Building VCs to avoid race condition.
c55a7 info: PlayAndSolve: Continuing on as usual.
52846 info: *** PlayerThread ***
4a836 info: *** SolverThread ***
52846 info: Best move cannot be determined, must search state.
52846 info: --- MoHexPlayer::Search() ---
52846 info: Color: black
52846 info: MaxGames: 1
52846 info: NumberThreads: 1
52846 info: MaxNodes: 9090 (799920 bytes)
52846 info: TimeForMove: 1
52846 info: PreSearch: max time reached (54/82).
52846 info: Time for PreSearch: 0.203195s
52846 info: 
  b69ec4f71f899709
  a  b  c  d  e  f  g  h  i  j  k  
 1\.  .  .  .  .  .  .  .  .  .  .\1
  2\.  .  *  *  *  *  *  .  .  *  *\2
   3\.  *  *  *  *  *  *  W  *  *  *\3
    4\*  *  *  *  *  *  *  *  *  *  *\4
     5\*  *  *  *  W  *  *  *  *  *  *\5
      6\*  *  *  *  *  *  *  *  *  *  *\6
       7\*  *  *  *  *  *  *  *  *  *  *\7
        8\*  *  *  *  *  *  *  *  *  *  .\8
         9\*  *  *  *  W  *  *  *  *  B  .\9
         10\B  .  *  .  .  *  *  *  *  .  .\10
          11\.  B  .  .  .  .  .  .  .  .  .\11
              a  b  c  d  e  f  g  h  i  j  k  
52846 info: Old: [black, a10] [white, swap-pieces] [white, e9] [black, j9] [white, h3] 
52846 info: New: [black, a10] [white, swap-pieces] [white, e9] [black, j9] [white, h3] [black, b11] [white, e5] 
52846 info: MovesPlayed: [black, b11] [white, e5] 
52846 info: No subtree to reuse.
52846 info: StartSearch()[0]
SgUctSearch: max games reached
52846 info: 
Elapsed Time   0.384408s
Count          1
GamesPlayed    1
Nodes          1
Knowledge      0 (0.0%)
Expansions     0.0
Time           0.00
GameLen        115.0 dev=0.0 min=115.0 max=115.0
InTree         0.0 dev=0.0 min=0.0 max=0.0
KnowDepth      -
Aborted        0%
Games/s        3030.3
Score          1.00
Sequence      
52846 info: 
52846 warning: **** MoHexSearch returned empty sequence!
52846 warning: **** Returning random move!
52846 info: *** Player move: d1
7fff6 info: DfpnSolver::CheckAbort(): Abort flag!
4a836 info: 
MID calls      48
VC builds      46
Terminal       0
Work           48
Wasted Work    0 (0%)
Elapsed Time   0.396543
MIDs/sec       121.046
VCs/sec        116.003
Cnt prune sib  0
Avg prune sib  -
Consider Size  80.1087 dev=4.86427 min=70 max=85
Move Index     -
Move Percent   -
Delta Increase 4.21277 dev=14.8581 min=1 max=79
Winner         empty
PV             j2 j5 i4 h6

HashTableStatistics:
Stores         361
LookupAttempt  34696
LookupSuccess  1932
Collisions     0

4a836 info: Search aborted.
<= 
< 
<  5f7413f07181f999
<  a  b  c  d  e  f  g  h  i  j  k  
< 1\.  .  .  B  .  .  .  .  .  .  .\1
<  2\.  .  .  .  .  .  .  .  .  .  .\2
<   3\.  .  .  .  .  .  .  W  .  .  .\3
<    4\.  .  .  .  .  .  .  .  .  .  .\4
<     5\.  .  .  .  W  .  .  .  .  .  .\5
<      6\.  .  .  .  .  .  .  .  .  .  .\6
<       7\.  .  .  .  .  .  .  .  .  .  .\7
<        8\.  .  .  .  .  .  .  .  .  .  .\8
<         9\.  .  .  .  W  .  .  .  .  B  .\9
<         10\B  .  .  .  .  .  .  .  .  .  .\10
<          11\.  B  .  .  .  .  .  .  .  .  .\11
<              a  b  c  d  e  f  g  h  i  j  k  
<
>play w c7
<= 
<
>showboard
<= 
< 
<  de0da70feacde3ec
<  a  b  c  d  e  f  g  h  i  j  k  
< 1\.  .  .  B  .  .  .  .  .  .  .\1
<  2\.  .  .  .  .  .  .  .  .  .  .\2
<   3\.  .  .  .  .  .  .  W  .  .  .\3
<    4\.  .  .  .  .  .  .  .  .  .  .\4
<     5\.  .  .  .  W  .  .  .  .  .  .\5
<      6\.  .  .  .  .  .  .  .  .  .  .\6
<       7\.  .  W  .  .  .  .  .  .  .  .\7
<        8\.  .  .  .  .  .  .  .  .  .  .\8
<         9\.  .  .  .  W  .  .  .  .  B  .\9
<         10\B  .  .  .  .  .  .  .  .  .  .\10
<          11\.  B  .  .  .  .  .  .  .  .  .\11
<              a  b  c  d  e  f  g  h  i  j  k  
<
>genmove b
<= d2
<
>showboard
c55a7 info: PlayAndSolve: Building VCs to avoid race condition.
c55a7 info: PlayAndSolve: Continuing on as usual.
4a836 info: *** PlayerThread ***
52846 info: *** SolverThread ***
4a836 info: Best move cannot be determined, must search state.
4a836 info: --- MoHexPlayer::Search() ---
4a836 info: Color: black
4a836 info: MaxGames: 1
4a836 info: NumberThreads: 1
4a836 info: MaxNodes: 9090 (799920 bytes)
4a836 info: TimeForMove: 1
4a836 info: Time for PreSearch: 0.159953s
4a836 info: 
  de0da70feacde3ec
  a  b  c  d  e  f  g  h  i  j  k  
 1\.  .  .  B  .  .  .  .  .  .  .\1
  2\.  .  .  .  .  .  .  .  .  *  *\2
   3\*  *  *  .  .  .  .  W  *  *  *\3
    4\*  *  *  *  *  *  *  *  *  *  *\4
     5\*  *  *  *  W  *  *  *  *  *  *\5
      6\*  *  *  *  .  .  .  *  *  *  *\6
       7\*  *  W  .  .  .  .  .  *  *  *\7
        8\*  *  .  .  .  .  .  .  .  .  .\8
         9\*  .  .  .  W  .  .  .  .  B  .\9
         10\B  .  .  .  .  .  .  .  .  .  .\10
          11\.  B  .  .  .  .  .  .  .  .  .\11
              a  b  c  d  e  f  g  h  i  j  k  
4a836 info: Old: [black, a10] [white, swap-pieces] [white, e9] [black, j9] [white, h3] [black, b11] [white, e5] 
4a836 info: New: [black, a10] [white, swap-pieces] [white, e9] [black, j9] [white, h3] [black, b11] [white, e5] [black, d1] [white, c7] 
4a836 info: MovesPlayed: [black, d1] [white, c7] 
4a836 info: No subtree to reuse.
4a836 info: StartSearch()[0]
SgUctSearch: max games reached
4a836 info: 
Elapsed Time   0.310957s
Count          1
GamesPlayed    1
Nodes          1
Knowledge      0 (0.0%)
Expansions     0.0
Time           0.00
GameLen        113.0 dev=0.0 min=113.0 max=113.0
InTree         0.0 dev=0.0 min=0.0 max=0.0
KnowDepth      -
Aborted        0%
Games/s        3164.6
Score          0.00
Sequence      
4a836 info: 
4a836 warning: **** MoHexSearch returned empty sequence!
4a836 warning: **** Returning random move!
4a836 info: *** Player move: d2
7fff6 info: DfpnSolver::CheckAbort(): Abort flag!
52846 info: 
MID calls      31
VC builds      30
Terminal       0
Work           31
Wasted Work    0 (0%)
Elapsed Time   0.328078
MIDs/sec       94.4897
VCs/sec        91.4417
Cnt prune sib  0
Avg prune sib  -
Consider Size  64.2667 dev=20.6832 min=27 max=82
Move Index     -
Move Percent   -
Delta Increase 3.6 dev=13.2781 min=1 max=75
Winner         empty
PV             j2 f6 j3

HashTableStatistics:
Stores         436
LookupAttempt  39120
LookupSuccess  2190
Collisions     0

52846 info: Search aborted.
<= 
< 
<  ba9dac64c5c71940
<  a  b  c  d  e  f  g  h  i  j  k  
< 1\.  .  .  B  .  .  .  .  .  .  .\1
<  2\.  .  .  B  .  .  .  .  .  .  .\2
<   3\.  .  .  .  .  .  .  W  .  .  .\3
<    4\.  .  .  .  .  .  .  .  .  .  .\4
<     5\.  .  .  .  W  .  .  .  .  .  .\5
<      6\.  .  .  .  .  .  .  .  .  .  .\6
<       7\.  .  W  .  .  .  .  .  .  .  .\7
<        8\.  .  .  .  .  .  .  .  .  .  .\8
<         9\.  .  .  .  W  .  .  .  .  B  .\9
<         10\B  .  .  .  .  .  .  .  .  .  .\10
<          11\.  B  .  .  .  .  .  .  .  .  .\11
<              a  b  c  d  e  f  g  h  i  j  k  
<
>play w g4
<= 
<
>showboard
<= 
< 
<  c809278a154abcb7
<  a  b  c  d  e  f  g  h  i  j  k  
< 1\.  .  .  B  .  .  .  .  .  .  .\1
<  2\.  .  .  B  .  .  .  .  .  .  .\2
<   3\.  .  .  .  .  .  .  W  .  .  .\3
<    4\.  .  .  .  .  .  W  .  .  .  .\4
<     5\.  .  .  .  W  .  .  .  .  .  .\5
<      6\.  .  .  .  .  .  .  .  .  .  .\6
<       7\.  .  W  .  .  .  .  .  .  .  .\7
<        8\.  .  .  .  .  .  .  .  .  .  .\8
<         9\.  .  .  .  W  .  .  .  .  B  .\9
<         10\B  .  .  .  .  .  .  .  .  .  .\10
<          11\.  B  .  .  .  .  .  .  .  .  .\11
<              a  b  c  d  e  f  g  h  i  j  k  
<
>genmove b
<= f4
<
>showboard
c55a7 info: PlayAndSolve: Building VCs to avoid race condition.
c55a7 info: PlayAndSolve: Continuing on as usual.
52846 info: *** PlayerThread ***
4a836 info: *** SolverThread ***
4a836 info: 
MID calls      0
VC builds      1
Terminal       1
Work           1
Wasted Work    0 (0%)
Elapsed Time   0.021027
MIDs/sec       0
VCs/sec        47.5579
Cnt prune sib  0
Avg prune sib  -
Consider Size  -
Move Index     -
Move Percent   -
Delta Increase -
Winner         white
PV             

HashTableStatistics:
Stores         437
LookupAttempt  39126
LookupSuccess  2193
Collisions     0

52846 info: Opponent has won; playing most blocking move.
52846 info: *** Player move: f4
<= 
< 
<  d2d719ccfddebfd7
<  a  b  c  d  e  f  g  h  i  j  k  
< 1\.  .  .  B  .  .  .  .  .  .  .\1
<  2\.  .  .  B  .  .  .  .  .  .  .\2
<   3\.  .  .  .  .  .  .  W  .  .  .\3
<    4\.  .  .  .  .  B  W  .  .  .  .\4
<     5\.  .  .  .  W  .  .  .  .  .  .\5
<      6\.  .  .  .  .  .  .  .  .  .  .\6
<       7\.  .  W  .  .  .  .  .  .  .  .\7
<        8\.  .  .  .  .  .  .  .  .  .  .\8
<         9\.  .  .  .  W  .  .  .  .  B  .\9
<         10\B  .  .  .  .  .  .  .  .  .  .\10
<          11\.  B  .  .  .  .  .  .  .  .  .\11
<              a  b  c  d  e  f  g  h  i  j  k  
<
>play w f5
<= 
<
>showboard
<= 
< 
<  f0f105ac5a7a0026
<  a  b  c  d  e  f  g  h  i  j  k  
< 1\.  .  .  B  .  .  .  .  .  .  .\1
<  2\.  .  .  B  .  .  .  .  .  .  .\2
<   3\.  .  .  .  .  .  .  W  .  .  .\3
<    4\.  .  .  .  .  B  W  .  .  .  .\4
<     5\.  .  .  .  W  W  .  .  .  .  .\5
<      6\.  .  .  .  .  .  .  .  .  .  .\6
<       7\.  .  W  .  .  .  .  .  .  .  .\7
<        8\.  .  .  .  .  .  .  .  .  .  .\8
<         9\.  .  .  .  W  .  .  .  .  B  .\9
<         10\B  .  .  .  .  .  .  .  .  .  .\10
<          11\.  B  .  .  .  .  .  .  .  .  .\11
<              a  b  c  d  e  f  g  h  i  j  k  
<
>genmove b
<= k2
<
>showboard
c55a7 info: PlayAndSolve: Building VCs to avoid race condition.
c55a7 info: PlayAndSolve: Continuing on as usual.
4a836 info: *** PlayerThread ***
52846 info: *** SolverThread ***
52846 info: 
MID calls      0
VC builds      1
Terminal       1
Work           1
Wasted Work    0 (0%)
Elapsed Time   0.037126
MIDs/sec       0
VCs/sec        26.9353
Cnt prune sib  0
Avg prune sib  -
Consider Size  -
Move Index     -
Move Percent   -
Delta Increase -
Winner         white
PV             

HashTableStatistics:
Stores         438
LookupAttempt  39132
LookupSuccess  2196
Collisions     0

4a836 info: Opponent has won; playing most blocking move.
4a836 info: *** Player move: k2
<= 
< 
<  d2294a7a0a12a0f2
<  a  b  c  d  e  f  g  h  i  j  k  
< 1\.  .  .  B  .  .  .  .  .  .  .\1
<  2\.  .  .  B  .  .  .  .  .  .  B\2
<   3\.  .  .  .  .  .  .  W  .  .  .\3
<    4\.  .  .  .  .  B  W  .  .  .  .\4
<     5\.  .  .  .  W  W  .  .  .  .  .\5
<      6\.  .  .  .  .  .  .  .  .  .  .\6
<       7\.  .  W  .  .  .  .  .  .  .  .\7
<        8\.  .  .  .  .  .  .  .  .  .  .\8
<         9\.  .  .  .  W  .  .  .  .  B  .\9
<         10\B  .  .  .  .  .  .  .  .  .  .\10
<          11\.  B  .  .  .  .  .  .  .  .  .\11
<              a  b  c  d  e  f  g  h  i  j  k  
<
>play w j4
<= 
<
>showboard
<= 
< 
<  35ef85ade1aa9d3b
<  a  b  c  d  e  f  g  h  i  j  k  
< 1\.  .  .  B  .  .  .  .  .  .  .\1
<  2\.  .  .  B  .  .  .  .  .  .  B\2
<   3\.  .  .  .  .  .  .  W  .  .  .\3
<    4\.  .  .  .  .  B  W  .  .  W  .\4
<     5\.  .  .  .  W  W  .  .  .  .  .\5
<      6\.  .  .  .  .  .  .  .  .  .  .\6
<       7\.  .  W  .  .  .  .  .  .  .  .\7
<        8\.  .  .  .  .  .  .  .  .  .  .\8
<         9\.  .  .  .  W  .  .  .  .  B  .\9
<         10\B  .  .  .  .  .  .  .  .  .  .\10
<          11\.  B  .  .  .  .  .  .  .  .  .\11
<              a  b  c  d  e  f  g  h  i  j  k  
<
>genmove b
<= i3
<
>showboard
c55a7 info: PlayAndSolve: Building VCs to avoid race condition.
c55a7 info: PlayAndSolve: Continuing on as usual.
52846 info: *** PlayerThread ***
4a836 info: *** SolverThread ***
52846 info: Opponent has won; playing most blocking move.
52846 info: *** Player move: i3
4a836 info: 
MID calls      0
VC builds      1
Terminal       1
Work           1
Wasted Work    0 (0%)
Elapsed Time   0.01767
MIDs/sec       0
VCs/sec        56.5931
Cnt prune sib  0
Avg prune sib  -
Consider Size  -
Move Index     -
Move Percent   -
Delta Increase -
Winner         white
PV             

HashTableStatistics:
Stores         439
LookupAttempt  39138
LookupSuccess  2199
Collisions     0

<= 
< 
<  e93bf7303ebb1e41
<  a  b  c  d  e  f  g  h  i  j  k  
< 1\.  .  .  B  .  .  .  .  .  .  .\1
<  2\.  .  .  B  .  .  .  .  .  .  B\2
<   3\.  .  .  .  .  .  .  W  B  .  .\3
<    4\.  .  .  .  .  B  W  .  .  W  .\4
<     5\.  .  .  .  W  W  .  .  .  .  .\5
<      6\.  .  .  .  .  .  .  .  .  .  .\6
<       7\.  .  W  .  .  .  .  .  .  .  .\7
<        8\.  .  .  .  .  .  .  .  .  .  .\8
<         9\.  .  .  .  W  .  .  .  .  B  .\9
<         10\B  .  .  .  .  .  .  .  .  .  .\10
<          11\.  B  .  .  .  .  .  .  .  .  .\11
<              a  b  c  d  e  f  g  h  i  j  k  
<
>play w h5
<= 
<
>showboard
<= 
< 
<  f43377ffd8536599
<  a  b  c  d  e  f  g  h  i  j  k  
< 1\.  .  .  B  .  .  .  .  .  .  .\1
<  2\.  .  .  B  .  .  .  .  .  .  B\2
<   3\.  .  .  .  .  .  .  W  B  .  .\3
<    4\.  .  .  .  .  B  W  .  .  W  .\4
<     5\.  .  .  .  W  W  .  W  .  .  .\5
<      6\.  .  .  .  .  .  .  .  .  .  .\6
<       7\.  .  W  .  .  .  .  .  .  .  .\7
<        8\.  .  .  .  .  .  .  .  .  .  .\8
<         9\.  .  .  .  W  .  .  .  .  B  .\9
<         10\B  .  .  .  .  .  .  .  .  .  .\10
<          11\.  B  .  .  .  .  .  .  .  .  .\11
<              a  b  c  d  e  f  g  h  i  j  k  
<
>genmove b
<= i5
<
>showboard
c55a7 info: PlayAndSolve: Building VCs to avoid race condition.
c55a7 info: PlayAndSolve: Continuing on as usual.
52846 info: *** SolverThread ***
4a836 info: *** PlayerThread ***
52846 info: 
MID calls      0
VC builds      1
Terminal       1
Work           1
Wasted Work    0 (0%)
Elapsed Time   0.034199
MIDs/sec       0
VCs/sec        29.2406
Cnt prune sib  0
Avg prune sib  -
Consider Size  -
Move Index     -
Move Percent   -
Delta Increase -
Winner         white
PV             

HashTableStatistics:
Stores         440
LookupAttempt  39144
LookupSuccess  2202
Collisions     0

4a836 info: Opponent has won; playing most blocking move.
4a836 info: *** Player move: i5
<= 
< 
<  84d6b8b9479d649c
<  a  b  c  d  e  f  g  h  i  j  k  
< 1\.  .  .  B  .  .  .  .  .  .  .\1
<  2\.  .  .  B  .  .  .  .  .  .  B\2
<   3\.  .  .  .  .  .  .  W  B  .  .\3
<    4\.  .  .  .  .  B  W  .  .  W  .\4
<     5\.  .  .  .  W  W  .  W  B  .  .\5
<      6\.  .  .  .  .  .  .  .  .  .  .\6
<       7\.  .  W  .  .  .  .  .  .  .  .\7
<        8\.  .  .  .  .  .  .  .  .  .  .\8
<         9\.  .  .  .  W  .  .  .  .  B  .\9
<         10\B  .  .  .  .  .  .  .  .  .  .\10
<          11\.  B  .  .  .  .  .  .  .  .  .\11
<              a  b  c  d  e  f  g  h  i  j  k  
<
>play w h6
<= 
<
>showboard
<= 
< 
<  821c374e44e02ae2
<  a  b  c  d  e  f  g  h  i  j  k  
< 1\.  .  .  B  .  .  .  .  .  .  .\1
<  2\.  .  .  B  .  .  .  .  .  .  B\2
<   3\.  .  .  .  .  .  .  W  B  .  .\3
<    4\.  .  .  .  .  B  W  .  .  W  .\4
<     5\.  .  .  .  W  W  .  W  B  .  .\5
<      6\.  .  .  .  .  .  .  W  .  .  .\6
<       7\.  .  W  .  .  .  .  .  .  .  .\7
<        8\.  .  .  .  .  .  .  .  .  .  .\8
<         9\.  .  .  .  W  .  .  .  .  B  .\9
<         10\B  .  .  .  .  .  .  .  .  .  .\10
<          11\.  B  .  .  .  .  .  .  .  .  .\11
<              a  b  c  d  e  f  g  h  i  j  k  
<
>genmove b
<= i4
<
>showboard
c55a7 info: PlayAndSolve: Building VCs to avoid race condition.
c55a7 info: PlayAndSolve: Continuing on as usual.
4a836 info: *** SolverThread ***
52846 info: *** PlayerThread ***
52846 info: Opponent has won; playing most blocking move.
52846 info: *** Player move: i4
4a836 info: 
MID calls      0
VC builds      1
Terminal       1
Work           1
Wasted Work    0 (0%)
Elapsed Time   0.031867
MIDs/sec       0
VCs/sec        31.3804
Cnt prune sib  0
Avg prune sib  -
Consider Size  -
Move Index     -
Move Percent   -
Delta Increase -
Winner         white
PV             

HashTableStatistics:
Stores         441
LookupAttempt  39150
LookupSuccess  2205
Collisions     0

<= 
< 
<  d4ca22b5411bbe7f
<  a  b  c  d  e  f  g  h  i  j  k  
< 1\.  .  .  B  .  .  .  .  .  .  .\1
<  2\.  .  .  B  .  .  .  .  .  .  B\2
<   3\.  .  .  .  .  .  .  W  B  .  .\3
<    4\.  .  .  .  .  B  W  .  B  W  .\4
<     5\.  .  .  .  W  W  .  W  B  .  .\5
<      6\.  .  .  .  .  .  .  W  .  .  .\6
<       7\.  .  W  .  .  .  .  .  .  .  .\7
<        8\.  .  .  .  .  .  .  .  .  .  .\8
<         9\.  .  .  .  W  .  .  .  .  B  .\9
<         10\B  .  .  .  .  .  .  .  .  .  .\10
<          11\.  B  .  .  .  .  .  .  .  .  .\11
<              a  b  c  d  e  f  g  h  i  j  k  
<
>play w i6
<= 
<
>showboard
<= 
< 
<  b7065a4856c4c1b3
<  a  b  c  d  e  f  g  h  i  j  k  
< 1\.  .  .  B  .  .  .  .  .  .  .\1
<  2\.  .  .  B  .  .  .  .  .  .  B\2
<   3\.  .  .  .  .  .  .  W  B  .  .\3
<    4\.  .  .  .  .  B  W  .  B  W  .\4
<     5\.  .  .  .  W  W  .  W  B  .  .\5
<      6\.  .  .  .  .  .  .  W  W  .  .\6
<       7\.  .  W  .  .  .  .  .  .  .  .\7
<        8\.  .  .  .  .  .  .  .  .  .  .\8
<         9\.  .  .  .  W  .  .  .  .  B  .\9
<         10\B  .  .  .  .  .  .  .  .  .  .\10
<          11\.  B  .  .  .  .  .  .  .  .  .\11
<              a  b  c  d  e  f  g  h  i  j  k  
<
>genmove b
<= d6
<
>showboard
c55a7 info: PlayAndSolve: Building VCs to avoid race condition.
c55a7 info: PlayAndSolve: Continuing on as usual.
52846 info: *** SolverThread ***
4a836 info: *** PlayerThread ***
52846 info: 
MID calls      0
VC builds      1
Terminal       1
Work           1
Wasted Work    0 (0%)
Elapsed Time   0.051906
MIDs/sec       0
VCs/sec        19.2656
Cnt prune sib  0
Avg prune sib  -
Consider Size  -
Move Index     -
Move Percent   -
Delta Increase -
Winner         white
PV             

HashTableStatistics:
Stores         442
LookupAttempt  39156
LookupSuccess  2208
Collisions     0

4a836 info: Opponent has won; playing most blocking move.
4a836 info: *** Player move: d6
<= 
< 
<  739f6d51e0d1c5c3
<  a  b  c  d  e  f  g  h  i  j  k  
< 1\.  .  .  B  .  .  .  .  .  .  .\1
<  2\.  .  .  B  .  .  .  .  .  .  B\2
<   3\.  .  .  .  .  .  .  W  B  .  .\3
<    4\.  .  .  .  .  B  W  .  B  W  .\4
<     5\.  .  .  .  W  W  .  W  B  .  .\5
<      6\.  .  .  B  .  .  .  W  W  .  .\6
<       7\.  .  W  .  .  .  .  .  .  .  .\7
<        8\.  .  .  .  .  .  .  .  .  .  .\8
<         9\.  .  .  .  W  .  .  .  .  B  .\9
<         10\B  .  .  .  .  .  .  .  .  .  .\10
<          11\.  B  .  .  .  .  .  .  .  .  .\11
<              a  b  c  d  e  f  g  h  i  j  k  
<
>play w d7
<= 
<
>showboard
<= 
< 
<  bac7707f96c84f26
<  a  b  c  d  e  f  g  h  i  j  k  
< 1\.  .  .  B  .  .  .  .  .  .  .\1
<  2\.  .  .  B  .  .  .  .  .  .  B\2
<   3\.  .  .  .  .  .  .  W  B  .  .\3
<    4\.  .  .  .  .  B  W  .  B  W  .\4
<     5\.  .  .  .  W  W  .  W  B  .  .\5
<      6\.  .  .  B  .  .  .  W  W  .  .\6
<       7\.  .  W  W  .  .  .  .  .  .  .\7
<        8\.  .  .  .  .  .  .  .  .  .  .\8
<         9\.  .  .  .  W  .  .  .  .  B  .\9
<         10\B  .  .  .  .  .  .  .  .  .  .\10
<          11\.  B  .  .  .  .  .  .  .  .  .\11
<              a  b  c  d  e  f  g  h  i  j  k  
<
>genmove b
<= e6
<
>showboard
c55a7 info: PlayAndSolve: Building VCs to avoid race condition.
c55a7 info: PlayAndSolve: Continuing on as usual.
52846 info: *** PlayerThread ***
4a836 info: *** SolverThread ***
52846 info: Opponent has won; playing most blocking move.
52846 info: *** Player move: e6
4a836 info: 
MID calls      0
VC builds      1
Terminal       1
Work           1
Wasted Work    0 (0%)
Elapsed Time   0.047035
MIDs/sec       0
VCs/sec        21.2608
Cnt prune sib  0
Avg prune sib  -
Consider Size  -
Move Index     -
Move Percent   -
Delta Increase -
Winner         white
PV             

HashTableStatistics:
Stores         443
LookupAttempt  39162
LookupSuccess  2211
Collisions     0

<= 
< 
<  b750099b1fce9166
<  a  b  c  d  e  f  g  h  i  j  k  
< 1\.  .  .  B  .  .  .  .  .  .  .\1
<  2\.  .  .  B  .  .  .  .  .  .  B\2
<   3\.  .  .  .  .  .  .  W  B  .  .\3
<    4\.  .  .  .  .  B  W  .  B  W  .\4
<     5\.  .  .  .  W  W  .  W  B  .  .\5
<      6\.  .  .  B  B  .  .  W  W  .  .\6
<       7\.  .  W  W  .  .  .  .  .  .  .\7
<        8\.  .  .  .  .  .  .  .  .  .  .\8
<         9\.  .  .  .  W  .  .  .  .  B  .\9
<         10\B  .  .  .  .  .  .  .  .  .  .\10
<          11\.  B  .  .  .  .  .  .  .  .  .\11
<              a  b  c  d  e  f  g  h  i  j  k  
<
>play w e7
<= 
<
>showboard
<= 
< 
<  afe96edb8d05cb95
<  a  b  c  d  e  f  g  h  i  j  k  
< 1\.  .  .  B  .  .  .  .  .  .  .\1
<  2\.  .  .  B  .  .  .  .  .  .  B\2
<   3\.  .  .  .  .  .  .  W  B  .  .\3
<    4\.  .  .  .  .  B  W  .  B  W  .\4
<     5\.  .  .  .  W  W  .  W  B  .  .\5
<      6\.  .  .  B  B  .  .  W  W  .  .\6
<       7\.  .  W  W  W  .  .  .  .  .  .\7
<        8\.  .  .  .  .  .  .  .  .  .  .\8
<         9\.  .  .  .  W  .  .  .  .  B  .\9
<         10\B  .  .  .  .  .  .  .  .  .  .\10
<          11\.  B  .  .  .  .  .  .  .  .  .\11
<              a  b  c  d  e  f  g  h  i  j  k  
<
>genmove b
<= a7
<
>showboard
c55a7 info: PlayAndSolve: Building VCs to avoid race condition.
c55a7 info: PlayAndSolve: Continuing on as usual.
4a836 info: *** PlayerThread ***
52846 info: *** SolverThread ***
4a836 info: Opponent has won; playing most blocking move.
4a836 info: *** Player move: a7
52846 info: 
MID calls      0
VC builds      1
Terminal       1
Work           1
Wasted Work    0 (0%)
Elapsed Time   0.041431
MIDs/sec       0
VCs/sec        24.1365
Cnt prune sib  0
Avg prune sib  -
Consider Size  -
Move Index     -
Move Percent   -
Delta Increase -
Winner         white
PV             

HashTableStatistics:
Stores         444
LookupAttempt  39168
LookupSuccess  2214
Collisions     0

<= 
< 
<  3661fb8be1ce6de3
<  a  b  c  d  e  f  g  h  i  j  k  
< 1\.  .  .  B  .  .  .  .  .  .  .\1
<  2\.  .  .  B  .  .  .  .  .  .  B\2
<   3\.  .  .  .  .  .  .  W  B  .  .\3
<    4\.  .  .  .  .  B  W  .  B  W  .\4
<     5\.  .  .  .  W  W  .  W  B  .  .\5
<      6\.  .  .  B  B  .  .  W  W  .  .\6
<       7\B  .  W  W  W  .  .  .  .  .  .\7
<        8\.  .  .  .  .  .  .  .  .  .  .\8
<         9\.  .  .  .  W  .  .  .  .  B  .\9
<         10\B  .  .  .  .  .  .  .  .  .  .\10
<          11\.  B  .  .  .  .  .  .  .  .  .\11
<              a  b  c  d  e  f  g  h  i  j  k  
<
>play w a8
<= 
<
>showboard
<= 
< 
<  eae06305c013ae52
<  a  b  c  d  e  f  g  h  i  j  k  
< 1\.  .  .  B  .  .  .  .  .  .  .\1
<  2\.  .  .  B  .  .  .  .  .  .  B\2
<   3\.  .  .  .  .  .  .  W  B  .  .\3
<    4\.  .  .  .  .  B  W  .  B  W  .\4
<     5\.  .  .  .  W  W  .  W  B  .  .\5
<      6\.  .  .  B  B  .  .  W  W  .  .\6
<       7\B  .  W  W  W  .  .  .  .  .  .\7
<        8\W  .  .  .  .  .  .  .  .  .  .\8
<         9\.  .  .  .  W  .  .  .  .  B  .\9
<         10\B  .  .  .  .  .  .  .  .  .  .\10
<          11\.  B  .  .  .  .  .  .  .  .  .\11
<              a  b  c  d  e  f  g  h  i  j  k  
<
>genmove b
<= j6
<
>showboard
c55a7 info: PlayAndSolve: Building VCs to avoid race condition.
c55a7 info: PlayAndSolve: Continuing on as usual.
52846 info: *** PlayerThread ***
4a836 info: *** SolverThread ***
52846 info: Opponent has won; playing most blocking move.
52846 info: *** Player move: j6
4a836 info: 
MID calls      0
VC builds      1
Terminal       1
Work           1
Wasted Work    0 (0%)
Elapsed Time   0.0262
MIDs/sec       0
VCs/sec        38.1679
Cnt prune sib  0
Avg prune sib  -
Consider Size  -
Move Index     -
Move Percent   -
Delta Increase -
Winner         white
PV             

HashTableStatistics:
Stores         445
LookupAttempt  39174
LookupSuccess  2217
Collisions     0

<= 
< 
<  f9c1fa80028272f3
<  a  b  c  d  e  f  g  h  i  j  k  
< 1\.  .  .  B  .  .  .  .  .  .  .\1
<  2\.  .  .  B  .  .  .  .  .  .  B\2
<   3\.  .  .  .  .  .  .  W  B  .  .\3
<    4\.  .  .  .  .  B  W  .  B  W  .\4
<     5\.  .  .  .  W  W  .  W  B  .  .\5
<      6\.  .  .  B  B  .  .  W  W  B  .\6
<       7\B  .  W  W  W  .  .  .  .  .  .\7
<        8\W  .  .  .  .  .  .  .  .  .  .\8
<         9\.  .  .  .  W  .  .  .  .  B  .\9
<         10\B  .  .  .  .  .  .  .  .  .  .\10
<          11\.  B  .  .  .  .  .  .  .  .  .\11
<              a  b  c  d  e  f  g  h  i  j  k  
<
>play w j5
<= 
<
>showboard
<= 
< 
<  ffe76722b9420d44
<  a  b  c  d  e  f  g  h  i  j  k  
< 1\.  .  .  B  .  .  .  .  .  .  .\1
<  2\.  .  .  B  .  .  .  .  .  .  B\2
<   3\.  .  .  .  .  .  .  W  B  .  .\3
<    4\.  .  .  .  .  B  W  .  B  W  .\4
<     5\.  .  .  .  W  W  .  W  B  W  .\5
<      6\.  .  .  B  B  .  .  W  W  B  .\6
<       7\B  .  W  W  W  .  .  .  .  .  .\7
<        8\W  .  .  .  .  .  .  .  .  .  .\8
<         9\.  .  .  .  W  .  .  .  .  B  .\9
<         10\B  .  .  .  .  .  .  .  .  .  .\10
<          11\.  B  .  .  .  .  .  .  .  .  .\11
<              a  b  c  d  e  f  g  h  i  j  k  
<
>genmove b
<= f6
<
>showboard
c55a7 info: PlayAndSolve: Building VCs to avoid race condition.
c55a7 info: PlayAndSolve: Continuing on as usual.
4a836 info: *** PlayerThread ***
52846 info: *** SolverThread ***
4a836 info: Opponent has won; playing most blocking move.
4a836 info: *** Player move: f6
52846 info: 
MID calls      0
VC builds      1
Terminal       1
Work           1
Wasted Work    0 (0%)
Elapsed Time   0.005745
MIDs/sec       0
VCs/sec        174.064
Cnt prune sib  0
Avg prune sib  -
Consider Size  -
Move Index     -
Move Percent   -
Delta Increase -
Winner         white
PV             

HashTableStatistics:
Stores         446
LookupAttempt  39180
LookupSuccess  2220
Collisions     0

<= 
< 
<  7369a30f7182d962
<  a  b  c  d  e  f  g  h  i  j  k  
< 1\.  .  .  B  .  .  .  .  .  .  .\1
<  2\.  .  .  B  .  .  .  .  .  .  B\2
<   3\.  .  .  .  .  .  .  W  B  .  .\3
<    4\.  .  .  .  .  B  W  .  B  W  .\4
<     5\.  .  .  .  W  W  .  W  B  W  .\5
<      6\.  .  .  B  B  B  .  W  W  B  .\6
<       7\B  .  W  W  W  .  .  .  .  .  .\7
<        8\W  .  .  .  .  .  .  .  .  .  .\8
<         9\.  .  .  .  W  .  .  .  .  B  .\9
<         10\B  .  .  .  .  .  .  .  .  .  .\10
<          11\.  B  .  .  .  .  .  .  .  .  .\11
<              a  b  c  d  e  f  g  h  i  j  k  
<
>play w f7
<= 
<
>showboard
<= 
< 
<  e84c8205bf591983
<  a  b  c  d  e  f  g  h  i  j  k  
< 1\.  .  .  B  .  .  .  .  .  .  .\1
<  2\.  .  .  B  .  .  .  .  .  .  B\2
<   3\.  .  .  .  .  .  .  W  B  .  .\3
<    4\.  .  .  .  .  B  W  .  B  W  .\4
<     5\.  .  .  .  W  W  .  W  B  W  .\5
<      6\.  .  .  B  B  B  .  W  W  B  .\6
<       7\B  .  W  W  W  W  .  .  .  .  .\7
<        8\W  .  .  .  .  .  .  .  .  .  .\8
<         9\.  .  .  .  W  .  .  .  .  B  .\9
<         10\B  .  .  .  .  .  .  .  .  .  .\10
<          11\.  B  .  .  .  .  .  .  .  .  .\11
<              a  b  c  d  e  f  g  h  i  j  k  
<
>genmove b
<= g6
<
>showboard
c55a7 info: PlayAndSolve: Building VCs to avoid race condition.
c55a7 info: PlayAndSolve: Continuing on as usual.
52846 info: *** PlayerThread ***
4a836 info: *** SolverThread ***
52846 info: Opponent has won; playing most blocking move.
52846 info: *** Player move: g6
4a836 info: 
MID calls      0
VC builds      1
Terminal       1
Work           1
Wasted Work    0 (0%)
Elapsed Time   0.005545
MIDs/sec       0
VCs/sec        180.343
Cnt prune sib  0
Avg prune sib  -
Consider Size  -
Move Index     -
Move Percent   -
Delta Increase -
Winner         white
PV             

HashTableStatistics:
Stores         447
LookupAttempt  39186
LookupSuccess  2223
Collisions     0

<= 
< 
<  254178bcd4359db7
<  a  b  c  d  e  f  g  h  i  j  k  
< 1\.  .  .  B  .  .  .  .  .  .  .\1
<  2\.  .  .  B  .  .  .  .  .  .  B\2
<   3\.  .  .  .  .  .  .  W  B  .  .\3
<    4\.  .  .  .  .  B  W  .  B  W  .\4
<     5\.  .  .  .  W  W  .  W  B  W  .\5
<      6\.  .  .  B  B  B  B  W  W  B  .\6
<       7\B  .  W  W  W  W  .  .  .  .  .\7
<        8\W  .  .  .  .  .  .  .  .  .  .\8
<         9\.  .  .  .  W  .  .  .  .  B  .\9
<         10\B  .  .  .  .  .  .  .  .  .  .\10
<          11\.  B  .  .  .  .  .  .  .  .  .\11
<              a  b  c  d  e  f  g  h  i  j  k  
<
>play w g7
<= 
<
>showboard
<= 
< 
<  23eaa5bd213a0b8f
<  a  b  c  d  e  f  g  h  i  j  k  
< 1\.  .  .  B  .  .  .  .  .  .  .\1
<  2\.  .  .  B  .  .  .  .  .  .  B\2
<   3\.  .  .  .  .  .  .  W  B  .  .\3
<    4\.  .  .  .  .  B  W  .  B  W  .\4
<     5\.  .  .  .  W  W  .  W  B  W  .\5
<      6\.  .  .  B  B  B  B  W  W  B  .\6
<       7\B  .  W  W  W  W  W  .  .  .  .\7
<        8\W  .  .  .  .  .  .  .  .  .  .\8
<         9\.  .  .  .  W  .  .  .  .  B  .\9
<         10\B  .  .  .  .  .  .  .  .  .  .\10
<          11\.  B  .  .  .  .  .  .  .  .  .\11
<              a  b  c  d  e  f  g  h  i  j  k  
<
>genmove b
<= b7
<
>showboard
c55a7 info: PlayAndSolve: Building VCs to avoid race condition.
c55a7 info: PlayAndSolve: Continuing on as usual.
4a836 info: *** PlayerThread ***
52846 info: *** SolverThread ***
4a836 info: Opponent has won; playing most blocking move.
4a836 info: *** Player move: b7
52846 info: 
MID calls      0
VC builds      1
Terminal       1
Work           1
Wasted Work    0 (0%)
Elapsed Time   0.004857
MIDs/sec       0
VCs/sec        205.888
Cnt prune sib  0
Avg prune sib  -
Consider Size  -
Move Index     -
Move Percent   -
Delta Increase -
Winner         white
PV             

HashTableStatistics:
Stores         448
LookupAttempt  39192
LookupSuccess  2226
Collisions     0

<= 
< 
<  f6d7c3dde224c5ae
<  a  b  c  d  e  f  g  h  i  j  k  
< 1\.  .  .  B  .  .  .  .  .  .  .\1
<  2\.  .  .  B  .  .  .  .  .  .  B\2
<   3\.  .  .  .  .  .  .  W  B  .  .\3
<    4\.  .  .  .  .  B  W  .  B  W  .\4
<     5\.  .  .  .  W  W  .  W  B  W  .\5
<      6\.  .  .  B  B  B  B  W  W  B  .\6
<       7\B  B  W  W  W  W  W  .  .  .  .\7
<        8\W  .  .  .  .  .  .  .  .  .  .\8
<         9\.  .  .  .  W  .  .  .  .  B  .\9
<         10\B  .  .  .  .  .  .  .  .  .  .\10
<          11\.  B  .  .  .  .  .  .  .  .  .\11
<              a  b  c  d  e  f  g  h  i  j  k  
<
>play w b8
<= 
<
>showboard
<= 
< 
<  72276c05f1c2c503
<  a  b  c  d  e  f  g  h  i  j  k  
< 1\.  .  .  B  .  .  .  .  .  .  .\1
<  2\.  .  .  B  .  .  .  .  .  .  B\2
<   3\.  .  .  .  .  .  .  W  B  .  .\3
<    4\.  .  .  .  .  B  W  .  B  W  .\4
<     5\.  .  .  .  W  W  .  W  B  W  .\5
<      6\.  .  .  B  B  B  B  W  W  B  .\6
<       7\B  B  W  W  W  W  W  .  .  .  .\7
<        8\W  W  .  .  .  .  .  .  .  .  .\8
<         9\.  .  .  .  W  .  .  .  .  B  .\9
<         10\B  .  .  .  .  .  .  .  .  .  .\10
<          11\.  B  .  .  .  .  .  .  .  .  .\11
<              a  b  c  d  e  f  g  h  i  j  k  
<
>genmove b
<= k5
<
>showboard
c55a7 info: PlayAndSolve: Building VCs to avoid race condition.
c55a7 info: PlayAndSolve: Continuing on as usual.
52846 info: *** PlayerThread ***
4a836 info: *** SolverThread ***
52846 info: Captured cells caused win! Removing...
4a836 info: 
MID calls      0
VC builds      1
Terminal       1
Work           1
Wasted Work    0 (0%)
Elapsed Time   0.002704
MIDs/sec       0
VCs/sec        369.822
Cnt prune sib  0
Avg prune sib  -
Consider Size  -
Move Index     -
Move Percent   -
Delta Increase -
Winner         white
PV             

HashTableStatistics:
Stores         449
LookupAttempt  39198
LookupSuccess  2229
Collisions     0

52846 info: Opponent has won; playing most blocking move.
52846 info: *** Player move: k5
<= 
< 
<  7b870460d9c7715d
<  a  b  c  d  e  f  g  h  i  j  k  
< 1\.  .  .  B  .  .  .  .  .  .  .\1
<  2\.  .  .  B  .  .  .  .  .  .  B\2
<   3\.  .  .  .  .  .  .  W  B  .  .\3
<    4\.  .  .  .  .  B  W  .  B  W  .\4
<     5\.  .  .  .  W  W  .  W  B  W  B\5
<      6\.  .  .  B  B  B  B  W  W  B  .\6
<       7\B  B  W  W  W  W  W  .  .  .  .\7
<        8\W  W  .  .  .  .  .  .  .  .  .\8
<         9\.  .  .  .  W  .  .  .  .  B  .\9
<         10\B  .  .  .  .  .  .  .  .  .  .\10
<          11\.  B  .  .  .  .  .  .  .  .  .\11
<              a  b  c  d  e  f  g  h  i  j  k  
<
>play w k3
<= 
<
>showboard
<= 
< 
<  aefdc292f77eef34
<  a  b  c  d  e  f  g  h  i  j  k  
< 1\.  .  .  B  .  .  .  .  .  .  .\1
<  2\.  .  .  B  .  .  .  .  .  .  B\2
<   3\.  .  .  .  .  .  .  W  B  .  W\3
<    4\.  .  .  .  .  B  W  .  B  W  .\4
<     5\.  .  .  .  W  W  .  W  B  W  B\5
<      6\.  .  .  B  B  B  B  W  W  B  .\6
<       7\B  B  W  W  W  W  W  .  .  .  .\7
<        8\W  W  .  .  .  .  .  .  .  .  .\8
<         9\.  .  .  .  W  .  .  .  .  B  .\9
<         10\B  .  .  .  .  .  .  .  .  .  .\10
<          11\.  B  .  .  .  .  .  .  .  .  .\11
<              a  b  c  d  e  f  g  h  i  j  k  
<
>genmove b
<= resign
<
>showboard
<= 
< 
<  aefdc292f77eef34
<  a  b  c  d  e  f  g  h  i  j  k  
< 1\.  .  .  B  .  .  .  .  .  .  .\1
<  2\.  .  .  B  .  .  .  .  .  .  B\2
<   3\.  .  .  .  .  .  .  W  B  .  W\3
<    4\.  .  .  .  .  B  W  .  B  W  .\4
<     5\.  .  .  .  W  W  .  W  B  W  B\5
<      6\.  .  .  B  B  B  B  W  W  B  .\6
<       7\B  B  W  W  W  W  W  .  .  .  .\7
<        8\W  W  .  .  .  .  .  .  .  .  .\8
<         9\.  .  .  .  W  .  .  .  .  B  .\9
<         10\B  .  .  .  .  .  .  .  .  .  .\10
<          11\.  B  .  .  .  .  .  .  .  .  .\11
<              a  b  c  d  e  f  g  h  i  j  k  
<
>final_score
<= W+
<
>quit
<= 
<
