70777 config: MoHex v2.0.CMake Mar 21 2025.
70777 config: ============ InitializeSystem ============
70777 config: BenzeneProgram::InitRandom()
70777 config: Seed = 728434
70777 info: Prior Patterns:
70777 info: Global:
70777 info: Size            = 565 32648 
70777 info: TableEntries    = 65932 65910
70777 info: MirrorsAdded    = 0 0
70777 info: PrunableCount   = 30593 30629
70777 info: LargestGamma    = 5820.77
70777 info: SmallestGamma   = 6.6e-05
70777 info: Local:
70777 info: Size            = 550 5318 
70777 info: TableEntries    = 11602 11588
70777 info: MirrorsAdded    = 0 0
70777 info: PrunableCount   = 3659 3667
70777 info: LargestGamma    = 11281.8
70777 info: SmallestGamma   = 0.026235
70777 info: Playout Patterns:
70777 info: Global:
70777 info: Size            = 565 32648 
70777 info: TableEntries    = 70329 70329
70777 info: MirrorsAdded    = 4397 4419
70777 info: PrunableCount   = 30593 30629
70777 info: LargestGamma    = 5820.77
70777 info: SmallestGamma   = 6.6e-05
70777 info: Local:
70777 info: Size            = 550 5318 
70777 info: TableEntries    = 11602 11588
70777 info: MirrorsAdded    = 0 0
70777 info: PrunableCount   = 3659 3667
70777 info: LargestGamma    = 11281.8
70777 info: SmallestGamma   = 0.026235
70777 config: IcePatternSet: reading from '/home/linus/MoHex2.0/nfbranchfix/benzene-vanilla-cmake/share/ice-patterns.txt'.
70777 config: IcePatternSet: parsed 708 patterns.
70777 config: VCS: reading captured set patterns from '/home/linus/MoHex2.0/nfbranchfix/benzene-vanilla-cmake/share/vc-captured-set.txt'.
70777 config: VCS:: parsed 2 patterns.
70777 config: VCS: reading captured set patterns from '/home/linus/MoHex2.0/nfbranchfix/benzene-vanilla-cmake/share/vc-captured-set.txt'.
70777 config: VCS:: parsed 2 patterns.
70777 config: IcePatternSet: reading from '/home/linus/MoHex2.0/nfbranchfix/benzene-vanilla-cmake/share/ice-patterns.txt'.
70777 config: IcePatternSet: parsed 708 patterns.
70777 config: VCS: reading captured set patterns from '/home/linus/MoHex2.0/nfbranchfix/benzene-vanilla-cmake/share/vc-captured-set.txt'.
70777 config: VCS:: parsed 2 patterns.
70777 config: VCS: reading captured set patterns from '/home/linus/MoHex2.0/nfbranchfix/benzene-vanilla-cmake/share/vc-captured-set.txt'.
70777 config: VCS:: parsed 2 patterns.
70777 config: VCS: reading captured set patterns from '/home/linus/MoHex2.0/nfbranchfix/benzene-vanilla-cmake/share/vc-captured-set.txt'.
70777 config: VCS:: parsed 2 patterns.
70777 config: VCS: reading captured set patterns from '/home/linus/MoHex2.0/nfbranchfix/benzene-vanilla-cmake/share/vc-captured-set.txt'.
70777 config: VCS:: parsed 2 patterns.
70777 config: VCS: reading captured set patterns from '/home/linus/MoHex2.0/nfbranchfix/benzene-vanilla-cmake/share/vc-captured-set.txt'.
70777 config: VCS:: parsed 2 patterns.
70777 config: VCS: reading captured set patterns from '/home/linus/MoHex2.0/nfbranchfix/benzene-vanilla-cmake/share/vc-captured-set.txt'.
70777 config: VCS:: parsed 2 patterns.
70777 info: SwapCheck: reading from '/home/linus/MoHex2.0/nfbranchfix/benzene-vanilla-cmake/share/swap-moves.txt'.
70777 info: SwapCheck: playing swap.
70777 info: PlayAndSolve: Building VCs to avoid race condition.
70777 config: VCPattern: loading pattern templates from '/home/linus/MoHex2.0/nfbranchfix/benzene-vanilla-cmake/share/vc-patterns.txt'.
70777 info: PlayAndSolve: Continuing on as usual.
fda16 info: *** PlayerThread ***
f5a06 info: *** SolverThread ***
ed9f6 config: VCS: reading captured set patterns from '/home/linus/MoHex2.0/nfbranchfix/benzene-vanilla-cmake/share/vc-captured-set.txt'.
ed9f6 config: VCS:: parsed 2 patterns.
ed9f6 config: VCS: reading captured set patterns from '/home/linus/MoHex2.0/nfbranchfix/benzene-vanilla-cmake/share/vc-captured-set.txt'.
ed9f6 config: VCS:: parsed 2 patterns.
ed9f6 dfpn: 
fda16 info: Best move cannot be determined, must search state.
fda16 info: --- MoHexPlayer::Search() ---
fda16 info: Color: black
fda16 info: MaxGames: 1
fda16 info: NumberThreads: 1
fda16 info: MaxNodes: 181818181 (15999999928 bytes)
fda16 info: TimeForMove: 1
ed9f6 dfpn: d8
ed9f6 dfpn: b10
ed9f6 dfpn: c9
ed9f6 dfpn: e7
ed9f6 dfpn: e8
ed9f6 dfpn: d7
ed9f6 dfpn: f7
ed9f6 dfpn: f8
ed9f6 dfpn: c8
ed9f6 dfpn: g5
ed9f6 dfpn: e6
ed9f6 dfpn: f6
ed9f6 dfpn: h4
ed9f6 dfpn: d9
ed9f6 dfpn: g6
ed9f6 dfpn: b8
ed9f6 dfpn: f5
ed9f6 dfpn: g7
fda16 info: PreSearch: max time reached (39/91).
fda16 info: Time for PreSearch: 0.202511s
ed9f6 dfpn: c10
ed9f6 dfpn: b9
ed9f6 dfpn: g4
fda16 info: 
  c1545a61208aca21
  a  b  c  d  e  f  g  h  i  j  k  
 1\.  .  .  .  .  .  .  .  .  .  .\1
  2\.  .  *  *  *  *  *  *  *  *  *\2
   3\.  *  *  *  *  *  *  *  *  *  *\3
    4\B  *  *  *  *  *  *  *  *  *  *\4
     5\*  *  *  *  *  *  *  *  *  *  *\5
      6\*  *  *  *  *  *  *  *  *  *  *\6
       7\*  *  *  *  *  *  *  *  *  *  *\7
        8\*  *  *  *  *  *  *  *  W  *  *\8
         9\*  *  *  *  *  *  *  *  *  *  .\9
         10\*  *  *  *  *  *  *  *  *  .  .\10
          11\.  .  .  .  .  .  .  .  .  .  .\11
              a  b  c  d  e  f  g  h  i  j  k  
ed9f6 dfpn: d6
ed9f6 dfpn: c7
ed9f6 dfpn: i3
ed9f6 dfpn: c10
fda16 info: No subtree to reuse.
fda16 info: Creating thread 0
fda16 info: StartSearch()[0]
fda16 config: VCS: reading captured set patterns from '/home/linus/MoHex2.0/nfbranchfix/benzene-vanilla-cmake/share/vc-captured-set.txt'.
fda16 config: VCS:: parsed 2 patterns.
fda16 config: VCS: reading captured set patterns from '/home/linus/MoHex2.0/nfbranchfix/benzene-vanilla-cmake/share/vc-captured-set.txt'.
fda16 config: VCS:: parsed 2 patterns.
fda16 info: 
Elapsed Time   0.420273s
Count          1
GamesPlayed    1
Nodes          1
Knowledge      0 (0.0%)
Expansions     0.0
Time           0.00
GameLen        119.0 dev=0.0 min=119.0 max=119.0
InTree         0.0 dev=0.0 min=0.0 max=0.0
KnowDepth      -
Aborted        0%
Games/s        336.1
Score          1.00
Sequence      
fda16 info: 
fda16 warning: **** MoHexSearch returned empty sequence!
fda16 warning: **** Returning random move!
fda16 info: *** Player move: d10
ed9f6 info: DfpnSolver::CheckAbort(): Abort flag!
f5a06 info: 
MID calls      35
VC builds      34
Terminal       0
Work           35
Wasted Work    0 (0%)
Elapsed Time   0.441901
MIDs/sec       79.2033
VCs/sec        76.9403
Cnt prune sib  0
Avg prune sib  -
Consider Size  89.9412 dev=2.65616 min=85 max=92
Move Index     -
Move Percent   -
Delta Increase 3.55882 dev=14.1861 min=1 max=85
Winner         empty
PV             c10 f6 d7

HashTableStatistics:
Stores         94
LookupAttempt  11745
LookupSuccess  713
Collisions     0

f5a06 info: Search aborted.
70777 info: PlayAndSolve: Building VCs to avoid race condition.
70777 info: PlayAndSolve: Continuing on as usual.
f5a06 info: *** PlayerThread ***
fda16 info: *** SolverThread ***
ed9f6 config: VCS: reading captured set patterns from '/home/linus/MoHex2.0/nfbranchfix/benzene-vanilla-cmake/share/vc-captured-set.txt'.
ed9f6 config: VCS:: parsed 2 patterns.
ed9f6 config: VCS: reading captured set patterns from '/home/linus/MoHex2.0/nfbranchfix/benzene-vanilla-cmake/share/vc-captured-set.txt'.
ed9f6 config: VCS:: parsed 2 patterns.
ed9f6 dfpn: 
f5a06 info: Best move cannot be determined, must search state.
f5a06 info: --- MoHexPlayer::Search() ---
f5a06 info: Color: black
f5a06 info: MaxGames: 1
f5a06 info: NumberThreads: 1
f5a06 info: MaxNodes: 181818181 (15999999928 bytes)
f5a06 info: TimeForMove: 1
ed9f6 dfpn: g6
ed9f6 dfpn: c8
ed9f6 dfpn: f7
ed9f6 dfpn: f8
ed9f6 dfpn: g7
ed9f6 dfpn: d7
ed9f6 dfpn: d8
ed9f6 dfpn: b8
ed9f6 dfpn: b9
ed9f6 dfpn: b7
ed9f6 dfpn: h6
ed9f6 dfpn: d6
ed9f6 dfpn: h5
ed9f6 dfpn: f6
ed9f6 dfpn: h4
ed9f6 dfpn: g5
ed9f6 dfpn: h7
f5a06 info: PreSearch: max time reached (34/87).
f5a06 info: Time for PreSearch: 0.203455s
ed9f6 dfpn: c7
ed9f6 dfpn: b10
ed9f6 dfpn: c9
f5a06 info: 
  cf25ab7d4ced35b5
  a  b  c  d  e  f  g  h  i  j  k  
 1\.  .  .  .  .  .  .  .  .  .  .\1
  2\.  .  *  *  *  *  *  *  *  *  *\2
   3\.  *  *  *  *  *  *  *  *  *  *\3
    4\B  *  *  *  *  *  *  *  *  *  *\4
     5\*  *  *  *  *  *  *  *  *  *  *\5
      6\*  *  *  *  *  *  *  *  *  *  *\6
       7\*  *  *  *  W  *  *  *  *  *  *\7
        8\*  *  *  *  *  *  *  *  W  *  *\8
         9\*  *  *  *  *  *  *  *  *  *  .\9
         10\*  *  .  B  .  *  *  *  *  .  .\10
          11\.  b  b  b  b  .  .  .  .  .  .\11
              a  b  c  d  e  f  g  h  i  j  k  
ed9f6 dfpn: g8
ed9f6 dfpn: i3
ed9f6 dfpn: e8
ed9f6 dfpn: c8
f5a06 info: Old: [black, a4] [white, swap-pieces] [white, i8] 
f5a06 info: New: [black, a4] [white, swap-pieces] [white, i8] [black, d10] [white, e7] 
f5a06 info: MovesPlayed: [black, d10] [white, e7] 
f5a06 info: No subtree to reuse.
f5a06 info: StartSearch()[0]
f5a06 info: 
Elapsed Time   0.386255s
Count          1
GamesPlayed    1
Nodes          1
Knowledge      0 (0.0%)
Expansions     0.0
Time           0.00
GameLen        113.0 dev=0.0 min=113.0 max=113.0
InTree         0.0 dev=0.0 min=0.0 max=0.0
KnowDepth      -
Aborted        0%
Games/s        2341.9
Score          1.00
Sequence      
f5a06 info: 
f5a06 warning: **** MoHexSearch returned empty sequence!
f5a06 warning: **** Returning random move!
f5a06 info: *** Player move: a8
ed9f6 info: DfpnSolver::CheckAbort(): Abort flag!
fda16 info: 
MID calls      33
VC builds      32
Terminal       0
Work           33
Wasted Work    0 (0%)
Elapsed Time   0.40551
MIDs/sec       81.379
VCs/sec        78.913
Cnt prune sib  0
Avg prune sib  -
Consider Size  82.5938 dev=2.59638 min=71 max=87
Move Index     -
Move Percent   -
Delta Increase 3.5 dev=13.9194 min=1 max=81
Winner         empty
PV             c8 b10 d9

HashTableStatistics:
Stores         183
LookupAttempt  22366
LookupSuccess  1373
Collisions     0

fda16 info: Search aborted.
70777 info: PlayAndSolve: Building VCs to avoid race condition.
70777 info: PlayAndSolve: Continuing on as usual.
fda16 info: *** PlayerThread ***
f5a06 info: *** SolverThread ***
ed9f6 config: VCS: reading captured set patterns from '/home/linus/MoHex2.0/nfbranchfix/benzene-vanilla-cmake/share/vc-captured-set.txt'.
ed9f6 config: VCS:: parsed 2 patterns.
ed9f6 config: VCS: reading captured set patterns from '/home/linus/MoHex2.0/nfbranchfix/benzene-vanilla-cmake/share/vc-captured-set.txt'.
ed9f6 config: VCS:: parsed 2 patterns.
ed9f6 dfpn: 
ed9f6 dfpn: b9
fda16 info: Best move cannot be determined, must search state.
fda16 info: --- MoHexPlayer::Search() ---
fda16 info: Color: black
fda16 info: MaxGames: 1
fda16 info: NumberThreads: 1
fda16 info: MaxNodes: 181818181 (15999999928 bytes)
fda16 info: TimeForMove: 1
ed9f6 dfpn: c8
ed9f6 dfpn: b6
ed9f6 dfpn: g6
ed9f6 dfpn: c9
ed9f6 dfpn: b10
ed9f6 dfpn: d5
ed9f6 dfpn: b5
ed9f6 dfpn: h4
ed9f6 dfpn: f8
ed9f6 dfpn: f7
ed9f6 dfpn: i3
ed9f6 dfpn: d8
ed9f6 dfpn: h5
ed9f6 dfpn: h3
ed9f6 dfpn: g7
ed9f6 dfpn: a9
ed9f6 dfpn: c5
ed9f6 dfpn: d7
ed9f6 dfpn: h6
ed9f6 dfpn: g5
fda16 info: PreSearch: max time reached (45/85).
fda16 info: Time for PreSearch: 0.202929s
ed9f6 dfpn: a7
ed9f6 dfpn: i4
fda16 info: 
  bfc639c53c09e756
  a  b  c  d  e  f  g  h  i  j  k  
 1\.  .  .  .  .  .  .  .  .  .  .\1
  2\.  .  *  *  *  *  *  *  *  *  *\2
   3\.  *  *  *  *  *  *  *  *  *  *\3
    4\B  *  *  *  *  W  *  *  *  *  *\4
     5\*  *  *  *  *  *  *  *  *  *  *\5
      6\*  *  *  *  *  *  *  *  *  *  *\6
       7\*  *  *  *  W  *  *  *  *  *  *\7
        8\B  *  *  *  *  *  *  *  W  *  *\8
         9\*  *  *  *  *  *  *  *  *  *  .\9
         10\*  *  .  B  .  *  *  *  *  .  .\10
          11\.  b  b  b  b  .  .  .  .  .  .\11
              a  b  c  d  e  f  g  h  i  j  k  
fda16 info: Old: [black, a4] [white, swap-pieces] [white, i8] [black, d10] [white, e7] 
fda16 info: New: [black, a4] [white, swap-pieces] [white, i8] [black, d10] [white, e7] [black, a8] [white, f4] 
fda16 info: MovesPlayed: [black, a8] [white, f4] 
fda16 info: No subtree to reuse.
fda16 info: StartSearch()[0]
fda16 info: 
Elapsed Time   3.95487s
Count          1
GamesPlayed    1
Nodes          1
Knowledge      0 (0.0%)
Expansions     0.0
Time           0.00
GameLen        111.0 dev=0.0 min=111.0 max=111.0
InTree         0.0 dev=0.0 min=0.0 max=0.0
KnowDepth      -
Aborted        0%
Games/s        2604.2
Score          0.00
Sequence      
fda16 info: 
fda16 warning: **** MoHexSearch returned empty sequence!
fda16 warning: **** Returning random move!
fda16 info: *** Player move: c6
ed9f6 info: DfpnSolver::CheckAbort(): Abort flag!
f5a06 info: 
MID calls      39
VC builds      39
Terminal       0
Work           39
Wasted Work    0 (0%)
Elapsed Time   3.97694
MIDs/sec       9.80652
VCs/sec        9.80652
Cnt prune sib  0
Avg prune sib  -
Consider Size  81.8205 dev=1.37518 min=77 max=85
Move Index     -
Move Percent   -
Delta Increase 3.10526 dev=12.8058 min=1 max=81
Winner         empty
PV             i4 g8 b9

HashTableStatistics:
Stores         283
LookupAttempt  32978
LookupSuccess  1990
Collisions     0

f5a06 info: Search aborted.
70777 info: PlayAndSolve: Building VCs to avoid race condition.
70777 info: PlayAndSolve: Continuing on as usual.
f5a06 info: *** PlayerThread ***
fda16 info: *** SolverThread ***
ed9f6 config: VCS: reading captured set patterns from '/home/linus/MoHex2.0/nfbranchfix/benzene-vanilla-cmake/share/vc-captured-set.txt'.
ed9f6 config: VCS:: parsed 2 patterns.
ed9f6 config: VCS: reading captured set patterns from '/home/linus/MoHex2.0/nfbranchfix/benzene-vanilla-cmake/share/vc-captured-set.txt'.
ed9f6 config: VCS:: parsed 2 patterns.
ed9f6 dfpn: 
f5a06 info: Best move cannot be determined, must search state.
f5a06 info: --- MoHexPlayer::Search() ---
f5a06 info: Color: black
f5a06 info: MaxGames: 1
f5a06 info: NumberThreads: 1
f5a06 info: MaxNodes: 181818181 (15999999928 bytes)
f5a06 info: TimeForMove: 1
ed9f6 dfpn: b5
ed9f6 dfpn: b9
ed9f6 dfpn: c8
ed9f6 dfpn: c9
ed9f6 dfpn: g6
ed9f6 dfpn: e4
ed9f6 dfpn: b10
ed9f6 dfpn: h4
ed9f6 dfpn: c5
ed9f6 dfpn: i3
ed9f6 dfpn: h3
ed9f6 dfpn: c4
ed9f6 dfpn: d8
ed9f6 dfpn: h5
ed9f6 dfpn: f8
ed9f6 dfpn: f7
ed9f6 dfpn: g4
ed9f6 dfpn: b6
ed9f6 dfpn: g7
ed9f6 dfpn: g5
ed9f6 dfpn: i4
ed9f6 dfpn: h6
ed9f6 dfpn: i4
f5a06 info: PreSearch: max time reached (53/81).
f5a06 info: Time for PreSearch: 0.202031s
f5a06 info: 
  0593a3dfbb9b4fe0
  a  b  c  d  e  f  g  h  i  j  k  
 1\.  .  .  .  .  .  .  .  .  .  .\1
  2\.  .  *  *  *  *  *  *  *  *  *\2
   3\.  .  *  *  *  *  *  *  *  *  *\3
    4\B  *  *  W  *  W  *  *  *  *  *\4
     5\*  *  *  *  *  *  *  *  *  *  *\5
      6\*  *  B  *  *  *  *  *  *  *  *\6
       7\.  .  *  *  W  *  *  *  *  *  *\7
        8\B  *  *  *  *  *  *  *  W  *  *\8
         9\*  *  *  *  *  *  *  *  *  *  .\9
         10\*  *  .  B  .  *  *  *  *  .  .\10
          11\.  b  b  b  b  .  .  .  .  .  .\11
              a  b  c  d  e  f  g  h  i  j  k  
f5a06 info: Old: [black, a4] [white, swap-pieces] [white, i8] [black, d10] [white, e7] [black, a8] [white, f4] 
f5a06 info: New: [black, a4] [white, swap-pieces] [white, i8] [black, d10] [white, e7] [black, a8] [white, f4] [black, c6] [white, d4] 
f5a06 info: MovesPlayed: [black, c6] [white, d4] 
f5a06 info: No subtree to reuse.
f5a06 info: StartSearch()[0]
f5a06 info: 
Elapsed Time   0.35139s
Count          1
GamesPlayed    1
Nodes          1
Knowledge      0 (0.0%)
Expansions     0.0
Time           0.00
GameLen        109.0 dev=0.0 min=109.0 max=109.0
InTree         0.0 dev=0.0 min=0.0 max=0.0
KnowDepth      -
Aborted        0%
Games/s        2531.6
Score          0.00
Sequence      
f5a06 info: 
f5a06 warning: **** MoHexSearch returned empty sequence!
f5a06 warning: **** Returning random move!
f5a06 info: *** Player move: j2
ed9f6 info: DfpnSolver::CheckAbort(): Abort flag!
fda16 info: 
MID calls      44
VC builds      43
Terminal       0
Work           44
Wasted Work    0 (0%)
Elapsed Time   0.366841
MIDs/sec       119.943
VCs/sec        117.217
Cnt prune sib  0
Avg prune sib  -
Consider Size  77.3721 dev=1.52614 min=73 max=81
Move Index     -
Move Percent   -
Delta Increase 4.4186 dev=15.3702 min=1 max=75
Winner         empty
PV             i4 i5 b5

HashTableStatistics:
Stores         393
LookupAttempt  43444
LookupSuccess  2612
Collisions     0

fda16 info: Search aborted.
70777 info: PlayAndSolve: Building VCs to avoid race condition.
70777 info: PlayAndSolve: Continuing on as usual.
fda16 info: *** PlayerThread ***
f5a06 info: *** SolverThread ***
ed9f6 config: VCS: reading captured set patterns from '/home/linus/MoHex2.0/nfbranchfix/benzene-vanilla-cmake/share/vc-captured-set.txt'.
ed9f6 config: VCS:: parsed 2 patterns.
ed9f6 config: VCS: reading captured set patterns from '/home/linus/MoHex2.0/nfbranchfix/benzene-vanilla-cmake/share/vc-captured-set.txt'.
ed9f6 config: VCS:: parsed 2 patterns.
ed9f6 dfpn: 
ed9f6 dfpn: b5
fda16 info: Best move cannot be determined, must search state.
fda16 info: --- MoHexPlayer::Search() ---
fda16 info: Color: black
fda16 info: MaxGames: 1
fda16 info: NumberThreads: 1
fda16 info: MaxNodes: 181818181 (15999999928 bytes)
fda16 info: TimeForMove: 1
ed9f6 dfpn: b9
ed9f6 dfpn: g6
ed9f6 dfpn: c8
ed9f6 dfpn: f8
ed9f6 dfpn: c9
ed9f6 dfpn: g7
ed9f6 dfpn: f7
ed9f6 dfpn: b10
ed9f6 dfpn: e4
ed9f6 dfpn: h6
ed9f6 dfpn: i4
ed9f6 dfpn: g8
ed9f6 dfpn: h5
ed9f6 dfpn: d8
ed9f6 dfpn: g5
ed9f6 dfpn: c5
ed9f6 dfpn: h4
ed9f6 dfpn: c4
ed9f6 dfpn: d7
ed9f6 dfpn: c8
fda16 info: PreSearch: max time reached (51/75).
fda16 info: Time for PreSearch: 0.202166s
fda16 info: 
  34d3ea5cd3c6fa15
  a  b  c  d  e  f  g  h  i  j  k  
 1\.  .  .  .  .  .  .  .  b  b  b\1
  2\.  .  *  *  *  *  *  *  .  B  .\2
   3\.  *  *  *  *  *  *  *  *  *  *\3
    4\B  *  *  W  *  W  *  *  *  *  *\4
     5\*  *  *  *  *  *  *  *  *  *  *\5
      6\*  *  B  *  *  *  *  *  *  *  *\6
       7\.  .  *  *  W  *  *  *  *  *  *\7
        8\B  *  *  *  *  *  *  *  W  *  *\8
         9\*  *  *  *  *  *  *  W  *  *  .\9
         10\*  *  .  B  .  *  .  .  *  .  .\10
          11\.  b  b  b  b  .  .  .  .  .  .\11
              a  b  c  d  e  f  g  h  i  j  k  
fda16 info: Old: [black, a4] [white, swap-pieces] [white, i8] [black, d10] [white, e7] [black, a8] [white, f4] [black, c6] [white, d4] 
fda16 info: New: [black, a4] [white, swap-pieces] [white, i8] [black, d10] [white, e7] [black, a8] [white, f4] [black, c6] [white, d4] [black, j2] [white, h9] 
fda16 info: MovesPlayed: [black, j2] [white, h9] 
fda16 info: No subtree to reuse.
fda16 info: StartSearch()[0]
fda16 info: 
Elapsed Time   0.377109s
Count          1
GamesPlayed    1
Nodes          1
Knowledge      0 (0.0%)
Expansions     0.0
Time           0.00
GameLen        104.0 dev=0.0 min=104.0 max=104.0
InTree         0.0 dev=0.0 min=0.0 max=0.0
KnowDepth      -
Aborted        0%
Games/s        3389.8
Score          1.00
Sequence      
fda16 info: 
fda16 warning: **** MoHexSearch returned empty sequence!
fda16 warning: **** Returning random move!
fda16 info: *** Player move: c10
ed9f6 info: DfpnSolver::CheckAbort(): Abort flag!
f5a06 info: 
MID calls      35
VC builds      34
Terminal       0
Work           35
Wasted Work    0 (0%)
Elapsed Time   0.394911
MIDs/sec       88.6276
VCs/sec        86.0953
Cnt prune sib  0
Avg prune sib  -
Consider Size  70.2647 dev=1.7708 min=66 max=75
Move Index     -
Move Percent   -
Delta Increase 3.02941 dev=11.6581 min=1 max=70
Winner         empty
PV             c8 h5 b5

HashTableStatistics:
Stores         483
LookupAttempt  51881
LookupSuccess  3133
Collisions     0

f5a06 info: Search aborted.
70777 info: PlayAndSolve: Building VCs to avoid race condition.
70777 info: PlayAndSolve: Continuing on as usual.
f5a06 info: *** PlayerThread ***
fda16 info: *** SolverThread ***
ed9f6 config: VCS: reading captured set patterns from '/home/linus/MoHex2.0/nfbranchfix/benzene-vanilla-cmake/share/vc-captured-set.txt'.
ed9f6 config: VCS:: parsed 2 patterns.
ed9f6 config: VCS: reading captured set patterns from '/home/linus/MoHex2.0/nfbranchfix/benzene-vanilla-cmake/share/vc-captured-set.txt'.
ed9f6 config: VCS:: parsed 2 patterns.
ed9f6 dfpn: 
ed9f6 dfpn: b5
f5a06 info: Best move cannot be determined, must search state.
f5a06 info: --- MoHexPlayer::Search() ---
f5a06 info: Color: black
f5a06 info: MaxGames: 1
f5a06 info: NumberThreads: 1
f5a06 info: MaxNodes: 181818181 (15999999928 bytes)
f5a06 info: TimeForMove: 1
ed9f6 dfpn: b9
ed9f6 dfpn: c8
ed9f6 dfpn: g6
ed9f6 dfpn: c9
ed9f6 dfpn: f8
ed9f6 dfpn: i4
ed9f6 dfpn: e4
ed9f6 dfpn: f7
ed9f6 dfpn: h6
ed9f6 dfpn: g7
ed9f6 dfpn: h4
ed9f6 dfpn: h5
ed9f6 dfpn: d8
ed9f6 dfpn: c5
ed9f6 dfpn: g5
ed9f6 dfpn: c4
ed9f6 dfpn: g8
ed9f6 dfpn: d7
ed9f6 dfpn: c8
f5a06 info: PreSearch: max time reached (65/71).
f5a06 info: Time for PreSearch: 0.202133s
f5a06 info: 
  39b0d7a1f5853f59
  a  b  c  d  e  f  g  h  i  j  k  
 1\.  .  .  .  .  .  .  .  b  b  b\1
  2\.  .  *  *  *  *  *  .  .  B  w\2
   3\.  .  *  *  *  *  *  *  *  *  w\3
    4\B  *  *  W  *  W  *  *  *  *  W\4
     5\*  *  *  *  *  *  *  *  *  *  .\5
      6\*  *  B  *  *  *  *  *  *  *  *\6
       7\.  .  *  *  W  *  *  *  *  *  *\7
        8\B  *  *  *  *  *  *  *  W  *  *\8
         9\*  *  *  *  *  *  *  W  *  *  .\9
         10\*  .  B  B  .  *  .  .  *  .  .\10
          11\.  b  b  b  b  .  .  .  .  .  .\11
              a  b  c  d  e  f  g  h  i  j  k  
f5a06 info: Old: [black, a4] [white, swap-pieces] [white, i8] [black, d10] [white, e7] [black, a8] [white, f4] [black, c6] [white, d4] [black, j2] [white, h9] 
f5a06 info: New: [black, a4] [white, swap-pieces] [white, i8] [black, d10] [white, e7] [black, a8] [white, f4] [black, c6] [white, d4] [black, j2] [white, h9] [black, c10] [white, k4] 
f5a06 info: MovesPlayed: [black, c10] [white, k4] 
f5a06 info: No subtree to reuse.
f5a06 info: StartSearch()[0]
f5a06 info: 
Elapsed Time   0.348577s
Count          1
GamesPlayed    1
Nodes          1
Knowledge      0 (0.0%)
Expansions     0.0
Time           0.00
GameLen        100.0 dev=0.0 min=100.0 max=100.0
InTree         0.0 dev=0.0 min=0.0 max=0.0
KnowDepth      -
Aborted        0%
Games/s        3663.0
Score          0.00
Sequence      
f5a06 info: 
f5a06 warning: **** MoHexSearch returned empty sequence!
f5a06 warning: **** Returning random move!
f5a06 info: *** Player move: c8
ed9f6 info: DfpnSolver::CheckAbort(): Abort flag!
fda16 info: 
MID calls      43
VC builds      41
Terminal       0
Work           43
Wasted Work    0 (0%)
Elapsed Time   0.364938
MIDs/sec       117.828
VCs/sec        112.348
Cnt prune sib  0
Avg prune sib  -
Consider Size  61.5122 dev=13.7772 min=13 max=71
Move Index     -
Move Percent   -
Delta Increase 3.92857 dev=13.0154 min=1 max=66
Winner         empty
PV             c8 i4 e4 d5

HashTableStatistics:
Stores         587
LookupAttempt  59940
LookupSuccess  3620
Collisions     0

fda16 info: Search aborted.
70777 info: PlayAndSolve: Building VCs to avoid race condition.
70777 info: PlayAndSolve: Continuing on as usual.
fda16 info: *** PlayerThread ***
f5a06 info: *** SolverThread ***
ed9f6 config: VCS: reading captured set patterns from '/home/linus/MoHex2.0/nfbranchfix/benzene-vanilla-cmake/share/vc-captured-set.txt'.
ed9f6 config: VCS:: parsed 2 patterns.
ed9f6 config: VCS: reading captured set patterns from '/home/linus/MoHex2.0/nfbranchfix/benzene-vanilla-cmake/share/vc-captured-set.txt'.
ed9f6 config: VCS:: parsed 2 patterns.
ed9f6 dfpn: 
ed9f6 dfpn: b5
fda16 info: Best move cannot be determined, must search state.
fda16 info: --- MoHexPlayer::Search() ---
fda16 info: Color: black
fda16 info: MaxGames: 1
fda16 info: NumberThreads: 1
fda16 info: MaxNodes: 181818181 (15999999928 bytes)
fda16 info: TimeForMove: 1
ed9f6 dfpn: e4
ed9f6 dfpn: c4
ed9f6 dfpn: g6
ed9f6 dfpn: c5
ed9f6 dfpn: a5
ed9f6 dfpn: b6
ed9f6 dfpn: b9
ed9f6 dfpn: g4
ed9f6 dfpn: h5
ed9f6 dfpn: d5
ed9f6 dfpn: a6
ed9f6 dfpn: e5
ed9f6 dfpn: h4
ed9f6 dfpn: d6
ed9f6 dfpn: c3
ed9f6 dfpn: d6
fda16 info: PreSearch: max time reached (45/62).
fda16 info: Time for PreSearch: 0.202834s
fda16 info: 
  19029d72546179db
  a  b  c  d  e  f  g  h  i  j  k  
 1\.  .  .  .  .  .  .  .  b  b  b\1
  2\.  .  *  *  *  *  *  *  .  B  w\2
   3\.  .  *  *  *  *  *  *  *  *  w\3
    4\B  *  *  W  *  W  *  *  *  .  W\4
     5\*  *  *  *  *  *  *  *  W  *  .\5
      6\*  *  B  *  *  *  *  *  *  *  *\6
       7\.  .  .  .  W  *  *  *  *  *  *\7
        8\B  .  B  *  *  *  *  *  W  *  *\8
         9\.  .  .  .  *  *  *  W  *  *  .\9
         10\.  .  B  B  .  *  .  .  *  .  .\10
          11\.  b  b  b  b  .  .  .  .  .  .\11
              a  b  c  d  e  f  g  h  i  j  k  
fda16 info: Old: [black, a4] [white, swap-pieces] [white, i8] [black, d10] [white, e7] [black, a8] [white, f4] [black, c6] [white, d4] [black, j2] [white, h9] [black, c10] [white, k4] 
fda16 info: New: [black, a4] [white, swap-pieces] [white, i8] [black, d10] [white, e7] [black, a8] [white, f4] [black, c6] [white, d4] [black, j2] [white, h9] [black, c10] [white, k4] [black, c8] [white, i5] 
fda16 info: MovesPlayed: [black, c8] [white, i5] 
fda16 info: No subtree to reuse.
fda16 info: StartSearch()[0]
fda16 info: 
Elapsed Time   0.35852s
Count          1
GamesPlayed    1
Nodes          1
Knowledge      0 (0.0%)
Expansions     0.0
Time           0.00
GameLen        98.0 dev=0.0 min=98.0 max=98.0
InTree         0.0 dev=0.0 min=0.0 max=0.0
KnowDepth      -
Aborted        0%
Games/s        3984.1
Score          0.00
Sequence      
fda16 info: 
fda16 warning: **** MoHexSearch returned empty sequence!
fda16 warning: **** Returning random move!
fda16 info: *** Player move: f1
ed9f6 info: DfpnSolver::CheckAbort(): Abort flag!
f5a06 info: 
MID calls      30
VC builds      32
Terminal       5
Work           35
Wasted Work    21 (60%)
Elapsed Time   0.379173
MIDs/sec       79.1196
VCs/sec        84.3942
Cnt prune sib  7
Avg prune sib  1 dev=0 min=1 max=1
Consider Size  33.1852 dev=22.6929 min=5 max=64
Move Index     0.8 dev=0.979796 min=0 max=2
Move Percent   0.0148148 dev=0.0181444 min=0 max=0.037037
Delta Increase 7.82353 dev=17.7175 min=1 max=57
Winner         empty
PV             d6 f1 b5

HashTableStatistics:
Stores         672
LookupAttempt  64910
LookupSuccess  3983
Collisions     0

f5a06 info: Search aborted.
70777 info: PlayAndSolve: Building VCs to avoid race condition.
70777 info: PlayAndSolve: Continuing on as usual.
f5a06 info: *** PlayerThread ***
fda16 info: *** SolverThread ***
ed9f6 config: VCS: reading captured set patterns from '/home/linus/MoHex2.0/nfbranchfix/benzene-vanilla-cmake/share/vc-captured-set.txt'.
ed9f6 config: VCS:: parsed 2 patterns.
ed9f6 config: VCS: reading captured set patterns from '/home/linus/MoHex2.0/nfbranchfix/benzene-vanilla-cmake/share/vc-captured-set.txt'.
ed9f6 config: VCS:: parsed 2 patterns.
ed9f6 dfpn: 
f5a06 info: Best move cannot be determined, must search state.
f5a06 info: --- MoHexPlayer::Search() ---
f5a06 info: Color: black
f5a06 info: MaxGames: 1
f5a06 info: NumberThreads: 1
f5a06 info: MaxNodes: 181818181 (15999999928 bytes)
f5a06 info: TimeForMove: 1
ed9f6 dfpn: b5
ed9f6 dfpn: e4
ed9f6 dfpn: c4
ed9f6 dfpn: c5
ed9f6 dfpn: a5
ed9f6 dfpn: b6
ed9f6 dfpn: b9
ed9f6 dfpn: d5
ed9f6 dfpn: g6
ed9f6 dfpn: a6
ed9f6 dfpn: g4
ed9f6 dfpn: e5
ed9f6 dfpn: e3
ed9f6 dfpn: d6
ed9f6 dfpn: c3
f5a06 info: PreSearch: max time reached (56/58).
f5a06 info: Time for PreSearch: 0.20066s
ed9f6 dfpn: d6
f5a06 info: 
  6066abac105282b8
  a  b  c  d  e  f  g  h  i  j  k  
 1\.  .  .  .  .  B  b  b  b  b  b\1
  2\.  .  *  *  .  .  .  .  .  B  w\2
   3\.  .  *  *  .  *  .  *  *  *  w\3
    4\B  *  *  W  *  W  *  *  *  .  W\4
     5\*  *  *  *  *  *  *  *  W  *  .\5
      6\*  *  B  *  *  *  *  *  *  *  *\6
       7\.  .  .  .  W  *  *  *  *  *  *\7
        8\B  .  B  *  *  *  *  *  W  *  *\8
         9\.  .  .  .  *  *  *  W  *  *  .\9
         10\.  .  B  B  .  W  *  .  *  .  .\10
          11\.  b  b  b  b  .  .  .  .  .  .\11
              a  b  c  d  e  f  g  h  i  j  k  
f5a06 info: Old: [black, a4] [white, swap-pieces] [white, i8] [black, d10] [white, e7] [black, a8] [white, f4] [black, c6] [white, d4] [black, j2] [white, h9] [black, c10] [white, k4] [black, c8] [white, i5] 
f5a06 info: New: [black, a4] [white, swap-pieces] [white, i8] [black, d10] [white, e7] [black, a8] [white, f4] [black, c6] [white, d4] [black, j2] [white, h9] [black, c10] [white, k4] [black, c8] [white, i5] [black, f1] [white, f10] 
f5a06 info: MovesPlayed: [black, f1] [white, f10] 
f5a06 info: No subtree to reuse.
f5a06 info: StartSearch()[0]
f5a06 info: 
Elapsed Time   0.349672s
Count          1
GamesPlayed    1
Nodes          1
Knowledge      0 (0.0%)
Expansions     0.0
Time           0.00
GameLen        94.0 dev=0.0 min=94.0 max=94.0
InTree         0.0 dev=0.0 min=0.0 max=0.0
KnowDepth      -
Aborted        0%
Games/s        3759.4
Score          0.00
Sequence      
f5a06 info: 
f5a06 warning: **** MoHexSearch returned empty sequence!
f5a06 warning: **** Returning random move!
f5a06 info: *** Player move: e10
ed9f6 info: DfpnSolver::CheckAbort(): Abort flag!
fda16 info: 
MID calls      32
VC builds      27
Terminal       0
Work           32
Wasted Work    0 (0%)
Elapsed Time   0.376797
MIDs/sec       84.9264
VCs/sec        71.6566
Cnt prune sib  5
Avg prune sib  1.2 dev=0.4 min=1 max=2
Consider Size  20.9259 dev=18.8246 min=1 max=58
Move Index     -
Move Percent   -
Delta Increase 4.64286 dev=12.2481 min=1 max=53
Winner         empty
PV             d6 b10 d8 e2 e4 f3

HashTableStatistics:
Stores         748
LookupAttempt  69109
LookupSuccess  4314
Collisions     0

fda16 info: Search aborted.
70777 info: PlayAndSolve: Building VCs to avoid race condition.
70777 info: PlayAndSolve: Continuing on as usual.
fda16 info: *** PlayerThread ***
f5a06 info: *** SolverThread ***
ed9f6 config: VCS: reading captured set patterns from '/home/linus/MoHex2.0/nfbranchfix/benzene-vanilla-cmake/share/vc-captured-set.txt'.
ed9f6 config: VCS:: parsed 2 patterns.
ed9f6 config: VCS: reading captured set patterns from '/home/linus/MoHex2.0/nfbranchfix/benzene-vanilla-cmake/share/vc-captured-set.txt'.
ed9f6 config: VCS:: parsed 2 patterns.
ed9f6 dfpn: 
fda16 info: Best move cannot be determined, must search state.
fda16 info: --- MoHexPlayer::Search() ---
fda16 info: Color: black
fda16 info: MaxGames: 1
fda16 info: NumberThreads: 1
fda16 info: MaxNodes: 181818181 (15999999928 bytes)
fda16 info: TimeForMove: 1
ed9f6 dfpn: b5
ed9f6 dfpn: e4
ed9f6 dfpn: g6
ed9f6 dfpn: c5
ed9f6 dfpn: b9
ed9f6 dfpn: c4
ed9f6 dfpn: d6
ed9f6 dfpn: b6
ed9f6 dfpn: g4
ed9f6 dfpn: h5
ed9f6 dfpn: a5
ed9f6 dfpn: d5
ed9f6 dfpn: f7
ed9f6 dfpn: h4
ed9f6 dfpn: f8
ed9f6 dfpn: d6
fda16 info: Time for PreSearch: 0.202819s
fda16 info: 
  cbc3fd713b0baadd
  a  b  c  d  e  f  g  h  i  j  k  
 1\.  .  .  .  .  B  b  b  b  b  b\1
  2\.  .  *  *  .  .  .  .  .  B  w\2
   3\.  .  *  *  .  *  .  *  *  *  w\3
    4\B  *  *  W  *  W  *  *  *  .  W\4
     5\*  *  *  *  *  *  *  *  W  *  .\5
      6\*  *  B  *  *  *  *  *  *  *  *\6
       7\.  .  .  .  W  *  *  *  *  *  *\7
        8\B  W  B  .  *  *  *  *  W  *  *\8
         9\*  .  .  .  .  *  *  W  *  *  .\9
         10\.  .  B  B  B  W  *  .  *  .  .\10
          11\.  b  b  b  b  .  .  .  .  .  .\11
              a  b  c  d  e  f  g  h  i  j  k  
fda16 info: Old: [black, a4] [white, swap-pieces] [white, i8] [black, d10] [white, e7] [black, a8] [white, f4] [black, c6] [white, d4] [black, j2] [white, h9] [black, c10] [white, k4] [black, c8] [white, i5] [black, f1] [white, f10] 
fda16 info: New: [black, a4] [white, swap-pieces] [white, i8] [black, d10] [white, e7] [black, a8] [white, f4] [black, c6] [white, d4] [black, j2] [white, h9] [black, c10] [white, k4] [black, c8] [white, i5] [black, f1] [white, f10] [black, e10] [white, b8] 
fda16 info: MovesPlayed: [black, e10] [white, b8] 
fda16 info: No subtree to reuse.
fda16 info: StartSearch()[0]
fda16 info: 
Elapsed Time   0.38494s
Count          1
GamesPlayed    1
Nodes          1
Knowledge      0 (0.0%)
Expansions     0.0
Time           0.00
GameLen        92.0 dev=0.0 min=92.0 max=92.0
InTree         0.0 dev=0.0 min=0.0 max=0.0
KnowDepth      -
Aborted        0%
Games/s        3378.4
Score          1.00
Sequence      
fda16 info: 
fda16 warning: **** MoHexSearch returned empty sequence!
fda16 warning: **** Returning random move!
fda16 info: *** Player move: a7
ed9f6 info: DfpnSolver::CheckAbort(): Abort flag!
f5a06 info: 
MID calls      35
VC builds      33
Terminal       0
Work           35
Wasted Work    0 (0%)
Elapsed Time   0.398844
MIDs/sec       87.7536
VCs/sec        82.7391
Cnt prune sib  1
Avg prune sib  1 dev=0 min=1 max=1
Consider Size  47.9394 dev=11.5783 min=11 max=58
Move Index     -
Move Percent   -
Delta Increase 2.82353 dev=7.10621 min=1 max=37
Winner         empty
PV             d6 b5 h3 c9

HashTableStatistics:
Stores         832
LookupAttempt  74189
LookupSuccess  4641
Collisions     0

f5a06 info: Search aborted.
70777 info: PlayAndSolve: Building VCs to avoid race condition.
70777 info: PlayAndSolve: Continuing on as usual.
f5a06 info: *** PlayerThread ***
fda16 info: *** SolverThread ***
ed9f6 config: VCS: reading captured set patterns from '/home/linus/MoHex2.0/nfbranchfix/benzene-vanilla-cmake/share/vc-captured-set.txt'.
ed9f6 config: VCS:: parsed 2 patterns.
ed9f6 config: VCS: reading captured set patterns from '/home/linus/MoHex2.0/nfbranchfix/benzene-vanilla-cmake/share/vc-captured-set.txt'.
ed9f6 config: VCS:: parsed 2 patterns.
ed9f6 dfpn: 
f5a06 info: Best move cannot be determined, must search state.
f5a06 info: --- MoHexPlayer::Search() ---
f5a06 info: Color: black
f5a06 info: MaxGames: 1
f5a06 info: NumberThreads: 1
f5a06 info: MaxNodes: 181818181 (15999999928 bytes)
f5a06 info: TimeForMove: 1
ed9f6 dfpn: b5
ed9f6 dfpn: b9
ed9f6 dfpn: c4
ed9f6 dfpn: a5
ed9f6 dfpn: e4
ed9f6 dfpn: g6
ed9f6 dfpn: a9
ed9f6 dfpn: d6
ed9f6 dfpn: c3
ed9f6 dfpn: g4
ed9f6 dfpn: d5
ed9f6 dfpn: h5
ed9f6 dfpn: e3
ed9f6 dfpn: b4
ed9f6 dfpn: f8
ed9f6 dfpn: d6
f5a06 info: Time for PreSearch: 0.184647s
f5a06 info: 
  242fd1c1ad6b4543
  a  b  c  d  e  f  g  h  i  j  k  
 1\.  .  .  .  .  B  b  b  b  b  b\1
  2\.  .  *  *  .  .  .  .  .  B  w\2
   3\.  .  *  *  .  *  .  *  *  *  w\3
    4\B  *  *  W  *  W  *  *  *  .  W\4
     5\*  *  .  *  *  *  *  *  W  *  .\5
      6\.  .  B  *  *  *  *  *  *  *  *\6
       7\B  .  .  .  W  *  *  *  *  *  *\7
        8\B  W  B  .  *  *  *  *  W  *  *\8
         9\*  .  .  .  .  *  *  W  *  *  .\9
         10\.  .  B  B  B  W  *  *  *  .  *\10
          11\.  b  b  b  b  .  .  .  W  .  .\11
              a  b  c  d  e  f  g  h  i  j  k  
f5a06 info: Old: [black, a4] [white, swap-pieces] [white, i8] [black, d10] [white, e7] [black, a8] [white, f4] [black, c6] [white, d4] [black, j2] [white, h9] [black, c10] [white, k4] [black, c8] [white, i5] [black, f1] [white, f10] [black, e10] [white, b8] 
f5a06 info: New: [black, a4] [white, swap-pieces] [white, i8] [black, d10] [white, e7] [black, a8] [white, f4] [black, c6] [white, d4] [black, j2] [white, h9] [black, c10] [white, k4] [black, c8] [white, i5] [black, f1] [white, f10] [black, e10] [white, b8] [black, a7] [white, i11] 
f5a06 info: MovesPlayed: [black, a7] [white, i11] 
f5a06 info: No subtree to reuse.
f5a06 info: StartSearch()[0]
f5a06 info: 
Elapsed Time   0.346563s
Count          1
GamesPlayed    1
Nodes          1
Knowledge      0 (0.0%)
Expansions     0.0
Time           0.00
GameLen        90.0 dev=0.0 min=90.0 max=90.0
InTree         0.0 dev=0.0 min=0.0 max=0.0
KnowDepth      -
Aborted        0%
Games/s        3496.5
Score          1.00
Sequence      
f5a06 info: 
f5a06 warning: **** MoHexSearch returned empty sequence!
f5a06 warning: **** Returning random move!
f5a06 info: *** Player move: a6
ed9f6 info: DfpnSolver::CheckAbort(): Abort flag!
fda16 info: 
MID calls      29
VC builds      28
Terminal       0
Work           29
Wasted Work    0 (0%)
Elapsed Time   0.36445
MIDs/sec       79.572
VCs/sec        76.8281
Cnt prune sib  2
Avg prune sib  1.5 dev=0.5 min=1 max=2
Consider Size  30.8929 dev=20.1571 min=4 max=60
Move Index     -
Move Percent   -
Delta Increase 3.14286 dev=10.1935 min=1 max=56
Winner         empty
PV             d6 b9 e3 c9

HashTableStatistics:
Stores         904
LookupAttempt  78423
LookupSuccess  4961
Collisions     0

fda16 info: Search aborted.
70777 info: PlayAndSolve: Building VCs to avoid race condition.
70777 info: PlayAndSolve: Continuing on as usual.
fda16 info: *** PlayerThread ***
f5a06 info: *** SolverThread ***
ed9f6 config: VCS: reading captured set patterns from '/home/linus/MoHex2.0/nfbranchfix/benzene-vanilla-cmake/share/vc-captured-set.txt'.
ed9f6 config: VCS:: parsed 2 patterns.
ed9f6 config: VCS: reading captured set patterns from '/home/linus/MoHex2.0/nfbranchfix/benzene-vanilla-cmake/share/vc-captured-set.txt'.
ed9f6 config: VCS:: parsed 2 patterns.
ed9f6 dfpn: 
fda16 info: Winning SC.
fda16 info: *** Player move: b9
f5a06 info: 
MID calls      0
VC builds      1
Terminal       1
Work           1
Wasted Work    0 (0%)
Elapsed Time   0.007433
MIDs/sec       0
VCs/sec        134.535
Cnt prune sib  0
Avg prune sib  -
Consider Size  -
Move Index     -
Move Percent   -
Delta Increase -
Winner         black
PV             

HashTableStatistics:
Stores         905
LookupAttempt  78429
LookupSuccess  4964
Collisions     0

70777 info: PlayAndSolve: Building VCs to avoid race condition.
70777 info: PlayAndSolve: Continuing on as usual.
f5a06 info: *** PlayerThread ***
fda16 info: *** SolverThread ***
ed9f6 config: VCS: reading captured set patterns from '/home/linus/MoHex2.0/nfbranchfix/benzene-vanilla-cmake/share/vc-captured-set.txt'.
ed9f6 config: VCS:: parsed 2 patterns.
ed9f6 config: VCS: reading captured set patterns from '/home/linus/MoHex2.0/nfbranchfix/benzene-vanilla-cmake/share/vc-captured-set.txt'.
ed9f6 config: VCS:: parsed 2 patterns.
ed9f6 dfpn: 
f5a06 info: Best move cannot be determined, must search state.
f5a06 info: --- MoHexPlayer::Search() ---
f5a06 info: Color: black
f5a06 info: MaxGames: 1
f5a06 info: NumberThreads: 1
f5a06 info: MaxNodes: 181818181 (15999999928 bytes)
f5a06 info: TimeForMove: 1
ed9f6 dfpn: b2
f5a06 info: Winning sequence found before UCT search!
f5a06 info: Sequence: b2
f5a06 info: *** Player move: b2
fda16 info: 
MID calls      1
VC builds      2
Terminal       1
Work           2
Wasted Work    1 (50%)
Elapsed Time   0.011319
MIDs/sec       88.347
VCs/sec        176.694
Cnt prune sib  0
Avg prune sib  -
Consider Size  35 dev=0 min=35 max=35
Move Index     0 dev=0 min=0 max=0
Move Percent   0 dev=0 min=0 max=0
Delta Increase 1 dev=0 min=1 max=1
Winner         black
PV             b2

HashTableStatistics:
Stores         909
LookupAttempt  78614
LookupSuccess  4972
Collisions     0

fda16 info: *** FOUND WIN!!! ***
fda16 info: PV: b2
70777 info: PlayAndSolve: Building VCs to avoid race condition.
70777 info: PlayAndSolve: Continuing on as usual.
fda16 info: *** PlayerThread ***
f5a06 info: *** SolverThread ***
ed9f6 config: VCS: reading captured set patterns from '/home/linus/MoHex2.0/nfbranchfix/benzene-vanilla-cmake/share/vc-captured-set.txt'.
ed9f6 config: VCS:: parsed 2 patterns.
ed9f6 config: VCS: reading captured set patterns from '/home/linus/MoHex2.0/nfbranchfix/benzene-vanilla-cmake/share/vc-captured-set.txt'.
ed9f6 config: VCS:: parsed 2 patterns.
ed9f6 dfpn: 
fda16 info: Winning SC.
fda16 info: *** Player move: a5
f5a06 info: 
MID calls      0
VC builds      1
Terminal       1
Work           1
Wasted Work    0 (0%)
Elapsed Time   0.006184
MIDs/sec       0
VCs/sec        161.708
Cnt prune sib  0
Avg prune sib  -
Consider Size  -
Move Index     -
Move Percent   -
Delta Increase -
Winner         black
PV             

HashTableStatistics:
Stores         910
LookupAttempt  78620
LookupSuccess  4975
Collisions     0

70777 info: PlayAndSolve: Building VCs to avoid race condition.
70777 info: PlayAndSolve: Continuing on as usual.
f5a06 info: *** PlayerThread ***
fda16 info: *** SolverThread ***
ed9f6 config: VCS: reading captured set patterns from '/home/linus/MoHex2.0/nfbranchfix/benzene-vanilla-cmake/share/vc-captured-set.txt'.
ed9f6 config: VCS:: parsed 2 patterns.
ed9f6 config: VCS: reading captured set patterns from '/home/linus/MoHex2.0/nfbranchfix/benzene-vanilla-cmake/share/vc-captured-set.txt'.
ed9f6 config: VCS:: parsed 2 patterns.
ed9f6 dfpn: 
f5a06 info: Winning SC.
f5a06 info: *** Player move: b1
fda16 info: 
MID calls      0
VC builds      1
Terminal       1
Work           1
Wasted Work    0 (0%)
Elapsed Time   0.006557
MIDs/sec       0
VCs/sec        152.509
Cnt prune sib  0
Avg prune sib  -
Consider Size  -
Move Index     -
Move Percent   -
Delta Increase -
Winner         black
PV             

HashTableStatistics:
Stores         911
LookupAttempt  78626
LookupSuccess  4978
Collisions     0

70777 info: PlayAndSolve: Building VCs to avoid race condition.
70777 info: PlayAndSolve: Continuing on as usual.
fda16 info: *** PlayerThread ***
f5a06 info: *** SolverThread ***
ed9f6 config: VCS: reading captured set patterns from '/home/linus/MoHex2.0/nfbranchfix/benzene-vanilla-cmake/share/vc-captured-set.txt'.
ed9f6 config: VCS:: parsed 2 patterns.
ed9f6 config: VCS: reading captured set patterns from '/home/linus/MoHex2.0/nfbranchfix/benzene-vanilla-cmake/share/vc-captured-set.txt'.
ed9f6 config: VCS:: parsed 2 patterns.
ed9f6 dfpn: 
fda16 info: Winning SC.
fda16 info: *** Player move: a9
f5a06 info: 
MID calls      0
VC builds      1
Terminal       1
Work           1
Wasted Work    0 (0%)
Elapsed Time   0.007069
MIDs/sec       0
VCs/sec        141.463
Cnt prune sib  0
Avg prune sib  -
Consider Size  -
Move Index     -
Move Percent   -
Delta Increase -
Winner         black
PV             

HashTableStatistics:
Stores         912
LookupAttempt  78632
LookupSuccess  4981
Collisions     0

70777 info: PlayAndSolve: Building VCs to avoid race condition.
70777 info: PlayAndSolve: Continuing on as usual.
fda16 info: *** SolverThread ***
f5a06 info: *** PlayerThread ***
ed9f6 config: VCS: reading captured set patterns from '/home/linus/MoHex2.0/nfbranchfix/benzene-vanilla-cmake/share/vc-captured-set.txt'.
ed9f6 config: VCS:: parsed 2 patterns.
ed9f6 config: VCS: reading captured set patterns from '/home/linus/MoHex2.0/nfbranchfix/benzene-vanilla-cmake/share/vc-captured-set.txt'.
ed9f6 config: VCS:: parsed 2 patterns.
ed9f6 dfpn: 
f5a06 info: Winning SC.
f5a06 info: *** Player move: b10
fda16 info: 
MID calls      0
VC builds      1
Terminal       1
Work           1
Wasted Work    0 (0%)
Elapsed Time   0.006165
MIDs/sec       0
VCs/sec        162.206
Cnt prune sib  0
Avg prune sib  -
Consider Size  -
Move Index     -
Move Percent   -
Delta Increase -
Winner         black
PV             

HashTableStatistics:
Stores         913
LookupAttempt  78638
LookupSuccess  4984
Collisions     0

70777 info: PlayAndSolve: Building VCs to avoid race condition.
70777 info: PlayAndSolve: Continuing on as usual.
fda16 info: *** PlayerThread ***
f5a06 info: *** SolverThread ***
ed9f6 config: VCS: reading captured set patterns from '/home/linus/MoHex2.0/nfbranchfix/benzene-vanilla-cmake/share/vc-captured-set.txt'.
ed9f6 config: VCS:: parsed 2 patterns.
ed9f6 config: VCS: reading captured set patterns from '/home/linus/MoHex2.0/nfbranchfix/benzene-vanilla-cmake/share/vc-captured-set.txt'.
ed9f6 config: VCS:: parsed 2 patterns.
ed9f6 dfpn: 
fda16 info: Winning SC.
fda16 info: *** Player move: b3
f5a06 info: 
MID calls      0
VC builds      1
Terminal       1
Work           1
Wasted Work    0 (0%)
Elapsed Time   0.00604
MIDs/sec       0
VCs/sec        165.563
Cnt prune sib  0
Avg prune sib  -
Consider Size  -
Move Index     -
Move Percent   -
Delta Increase -
Winner         black
PV             

HashTableStatistics:
Stores         914
LookupAttempt  78644
LookupSuccess  4987
Collisions     0

70777 info: PlayAndSolve: Building VCs to avoid race condition.
70777 info: PlayAndSolve: Continuing on as usual.
f5a06 info: *** PlayerThread ***
fda16 info: *** SolverThread ***
ed9f6 config: VCS: reading captured set patterns from '/home/linus/MoHex2.0/nfbranchfix/benzene-vanilla-cmake/share/vc-captured-set.txt'.
ed9f6 config: VCS:: parsed 2 patterns.
ed9f6 config: VCS: reading captured set patterns from '/home/linus/MoHex2.0/nfbranchfix/benzene-vanilla-cmake/share/vc-captured-set.txt'.
ed9f6 config: VCS:: parsed 2 patterns.
f5a06 info: Captured cells caused win! Removing...
ed9f6 dfpn: 
fda16 info: 
MID calls      0
VC builds      1
Terminal       1
Work           1
Wasted Work    0 (0%)
Elapsed Time   0.002777
MIDs/sec       0
VCs/sec        360.101
Cnt prune sib  0
Avg prune sib  -
Consider Size  -
Move Index     -
Move Percent   -
Delta Increase -
Winner         black
PV             

HashTableStatistics:
Stores         915
LookupAttempt  78650
LookupSuccess  4990
Collisions     0

f5a06 info: Winning SC.
f5a06 info: *** Player move: b11
70777 config: ============ BenzeneShutdown =============
70777 config: MoHexProgram:: ShutdownSystem()
70777 config: CommonProgram:: ShutdownSystem()
70777 config: BenzeneProgram:: ShutdownSystem()
Flushing and closing this stream...
