# nice ../build/src/mohex/mohex --config mohex-weak.htp --seed 49194 --logfile-name jobs/11x11-mohex-mohex-weak-vs-mohex-mohex-cg2010/mohex-mohex-weak-17.log
>boardsize 11 11
MoHex 2.0.CMake Mar 21 2025
Copyright (C) 2007-2012 by the authors of the Benzene project.
This program comes with ABSOLUTELY NO WARRANTY. This is
free software and you are welcome to redistribute it under
certain conditions. Type `benzene-license' for details.

SgRandom::SetSeed: 49194
SgUctSearch: system memory 33632358400, using 1000000000 (5681818 nodes)
SgRandom::SetSeed: 1
SgRandom::SetSeed: 49194
1a377 info: Prior Patterns:
1a377 info: Global:
1a377 info: Size            = 565 32648 
1a377 info: TableEntries    = 65932 65910
1a377 info: MirrorsAdded    = 0 0
1a377 info: PrunableCount   = 30593 30629
1a377 info: LargestGamma    = 5820.77
1a377 info: SmallestGamma   = 6.6e-05
1a377 info: Local:
1a377 info: Size            = 550 5318 
1a377 info: TableEntries    = 11602 11588
1a377 info: MirrorsAdded    = 0 0
1a377 info: PrunableCount   = 3659 3667
1a377 info: LargestGamma    = 11281.8
1a377 info: SmallestGamma   = 0.026235
1a377 info: Playout Patterns:
1a377 info: Global:
1a377 info: Size            = 565 32648 
1a377 info: TableEntries    = 70329 70329
1a377 info: MirrorsAdded    = 4397 4419
1a377 info: PrunableCount   = 30593 30629
1a377 info: LargestGamma    = 5820.77
1a377 info: SmallestGamma   = 6.6e-05
1a377 info: Local:
1a377 info: Size            = 550 5318 
1a377 info: TableEntries    = 11602 11588
1a377 info: MirrorsAdded    = 0 0
1a377 info: PrunableCount   = 3659 3667
1a377 info: LargestGamma    = 11281.8
1a377 info: SmallestGamma   = 0.026235
<= 
<
>name
param_game allow_swap 1
= 

param_mohex max_memory 1600000
= 

param_mohex num_threads 1
= 

param_mohex max_time 1
= 

param_mohex max_games 1
= 

param_mohex knowledge_threshold 400
= 

param_mohex reuse_subtree 1
= 

param_mohex use_parallel_solver 1
= 

<= MoHex
<
>version
<= 2.0.CMake
<
>play b a9
<= 
<
>genmove w
<= h1
<
>play b f6
1a377 info: SwapCheck: reading from '/home/linus/MoHex2.0/nfbranchfix/benzene-vanilla-cmake/share/swap-moves.txt'.
1a377 info: SwapCheck: opting not to swap.
1a377 info: PlayAndSolve: Building VCs to avoid race condition.
1a377 info: PlayAndSolve: Continuing on as usual.
a7616 info: *** PlayerThread ***
9f606 info: *** SolverThread ***
a7616 info: Best move cannot be determined, must search state.
a7616 info: --- MoHexPlayer::Search() ---
a7616 info: Color: white
a7616 info: MaxGames: 1
a7616 info: NumberThreads: 1
a7616 info: MaxNodes: 9090 (799920 bytes)
a7616 info: TimeForMove: 1
a7616 info: PreSearch: max time reached (59/91).
a7616 info: Time for PreSearch: 0.201512s
a7616 info: 
  e193f7e1b23cba7f
  a  b  c  d  e  f  g  h  i  j  k  
 1\.  .  .  *  *  *  *  *  .  *  .\1
  2\.  .  *  *  *  *  *  *  *  *  .\2
   3\.  *  *  *  *  *  *  *  *  *  .\3
    4\.  *  *  *  *  *  *  *  *  *  .\4
     5\.  *  *  *  *  *  *  *  *  *  .\5
      6\.  *  *  *  *  *  *  *  *  *  .\6
       7\.  *  *  *  *  *  *  *  *  *  .\7
        8\.  *  *  *  *  *  *  *  *  *  .\8
         9\B  *  *  *  *  *  *  *  *  *  .\9
         10\.  *  *  *  *  *  *  *  *  .  .\10
          11\.  *  .  *  *  *  *  *  .  .  .\11
              a  b  c  d  e  f  g  h  i  j  k  
a7616 info: No subtree to reuse.
a7616 info: Creating thread 0
a7616 info: StartSearch()[0]
SgUctSearch: max games reached
a7616 info: 
Elapsed Time   0.559983s
Count          1
GamesPlayed    1
Nodes          1
Knowledge      0 (0.0%)
Expansions     0.0
Time           0.00
GameLen        120.0 dev=0.0 min=120.0 max=120.0
InTree         0.0 dev=0.0 min=0.0 max=0.0
KnowDepth      -
Aborted        0%
Games/s        422.3
Score          0.00
Sequence      
a7616 info: 
a7616 warning: **** MoHexSearch returned empty sequence!
a7616 warning: **** Returning random move!
a7616 info: *** Player move: h1
975f6 info: DfpnSolver::CheckAbort(): Abort flag!
9f606 info: 
MID calls      84
VC builds      81
Terminal       0
Work           84
Wasted Work    0 (0%)
Elapsed Time   0.57378
MIDs/sec       146.398
VCs/sec        141.169
Cnt prune sib  0
Avg prune sib  -
Consider Size  87.2593 dev=4.01468 min=78 max=91
Move Index     -
Move Percent   -
Delta Increase 3.10843 dev=13.0282 min=1 max=86
Winner         empty
PV             j2 e5 d7

HashTableStatistics:
Stores         193
LookupAttempt  16345
LookupSuccess  814
Collisions     0

9f606 info: Search aborted.
<= 
<
>genmove w
<= d10
<
>play b h4
1a377 info: PlayAndSolve: Building VCs to avoid race condition.
1a377 info: PlayAndSolve: Continuing on as usual.
9f606 info: *** PlayerThread ***
a7616 info: *** SolverThread ***
9f606 info: Best move cannot be determined, must search state.
9f606 info: --- MoHexPlayer::Search() ---
9f606 info: Color: white
9f606 info: MaxGames: 1
9f606 info: NumberThreads: 1
9f606 info: MaxNodes: 9090 (799920 bytes)
9f606 info: TimeForMove: 1
9f606 info: PreSearch: max time reached (55/91).
9f606 info: Time for PreSearch: 0.202129s
9f606 info: 
  f2bc24877c2e7f43
  a  b  c  d  e  f  g  h  i  j  k  
 1\.  .  .  *  *  *  *  W  *  *  .\1
  2\.  .  *  *  *  *  *  *  *  *  .\2
   3\.  *  *  *  *  *  *  *  *  *  .\3
    4\.  *  *  *  *  *  *  *  *  *  .\4
     5\.  *  *  *  *  *  *  *  *  *  .\5
      6\.  *  *  *  *  B  *  *  *  *  .\6
       7\.  *  *  *  *  *  *  *  *  *  .\7
        8\.  *  *  *  *  *  *  *  *  *  .\8
         9\B  *  *  *  *  *  *  *  *  *  .\9
         10\.  *  *  *  *  *  *  *  *  .  .\10
          11\.  *  *  *  *  *  *  *  .  .  .\11
              a  b  c  d  e  f  g  h  i  j  k  
9f606 info: Old: [black, a9] 
9f606 info: New: [black, a9] [white, h1] [black, f6] 
9f606 info: MovesPlayed: [white, h1] [black, f6] 
9f606 info: No subtree to reuse.
9f606 info: StartSearch()[0]
SgUctSearch: max games reached
9f606 info: 
Elapsed Time   0.350471s
Count          1
GamesPlayed    1
Nodes          1
Knowledge      0 (0.0%)
Expansions     0.0
Time           0.00
GameLen        118.0 dev=0.0 min=118.0 max=118.0
InTree         0.0 dev=0.0 min=0.0 max=0.0
KnowDepth      -
Aborted        0%
Games/s        3257.3
Score          1.00
Sequence      
9f606 info: 
9f606 warning: **** MoHexSearch returned empty sequence!
9f606 warning: **** Returning random move!
9f606 info: *** Player move: d10
975f6 info: DfpnSolver::CheckAbort(): Abort flag!
a7616 info: 
MID calls      57
VC builds      55
Terminal       0
Work           57
Wasted Work    0 (0%)
Elapsed Time   0.363655
MIDs/sec       156.742
VCs/sec        151.242
Cnt prune sib  0
Avg prune sib  -
Consider Size  87.4909 dev=2.90969 min=79 max=91
Move Index     -
Move Percent   -
Delta Increase 4 dev=15.3983 min=1 max=85
Winner         empty
PV             b7 f2 e4 g3

HashTableStatistics:
Stores         330
LookupAttempt  29971
LookupSuccess  1550
Collisions     0

a7616 info: Search aborted.
<= 
<
>genmove w
<= c1
<
>play b e10
1a377 info: PlayAndSolve: Building VCs to avoid race condition.
1a377 info: PlayAndSolve: Continuing on as usual.
a7616 info: *** PlayerThread ***
9f606 info: *** SolverThread ***
a7616 info: Best move cannot be determined, must search state.
a7616 info: --- MoHexPlayer::Search() ---
a7616 info: Color: white
a7616 info: MaxGames: 1
a7616 info: NumberThreads: 1
a7616 info: MaxNodes: 9090 (799920 bytes)
a7616 info: TimeForMove: 1
a7616 info: PreSearch: max time reached (48/87).
a7616 info: Time for PreSearch: 0.201736s
a7616 info: 
  66866a1e9e17109f
  a  b  c  d  e  f  g  h  i  j  k  
 1\.  .  .  *  *  *  *  W  *  *  .\1
  2\.  .  *  *  *  *  *  *  *  *  .\2
   3\.  *  *  *  *  *  *  *  *  *  .\3
    4\.  *  *  *  *  *  *  B  *  *  .\4
     5\.  *  *  *  *  *  *  *  *  *  .\5
      6\.  *  *  *  *  B  *  *  *  *  .\6
       7\.  *  *  *  *  *  *  *  *  *  .\7
        8\.  *  *  *  *  *  *  *  *  *  .\8
         9\B  *  *  *  *  *  *  *  *  *  .\9
         10\.  *  *  W  *  *  *  *  *  .  .\10
          11\.  *  .  .  *  *  *  *  .  .  .\11
              a  b  c  d  e  f  g  h  i  j  k  
a7616 info: Old: [black, a9] [white, h1] [black, f6] 
a7616 info: New: [black, a9] [white, h1] [black, f6] [white, d10] [black, h4] 
a7616 info: MovesPlayed: [white, d10] [black, h4] 
a7616 info: No subtree to reuse.
a7616 info: StartSearch()[0]
SgUctSearch: max games reached
a7616 info: 
Elapsed Time   0.36496s
Count          1
GamesPlayed    1
Nodes          1
Knowledge      0 (0.0%)
Expansions     0.0
Time           0.00
GameLen        116.0 dev=0.0 min=116.0 max=116.0
InTree         0.0 dev=0.0 min=0.0 max=0.0
KnowDepth      -
Aborted        0%
Games/s        2915.5
Score          0.00
Sequence      
a7616 info: 
a7616 warning: **** MoHexSearch returned empty sequence!
a7616 warning: **** Returning random move!
a7616 info: *** Player move: c1
975f6 info: DfpnSolver::CheckAbort(): Abort flag!
9f606 info: 
MID calls      57
VC builds      55
Terminal       0
Work           57
Wasted Work    0 (0%)
Elapsed Time   0.376423
MIDs/sec       151.425
VCs/sec        146.112
Cnt prune sib  0
Avg prune sib  -
Consider Size  83.9636 dev=3.87513 min=75 max=91
Move Index     -
Move Percent   -
Delta Increase 3.875 dev=14.7552 min=1 max=83
Winner         empty
PV             b7 f10 e8 g7

HashTableStatistics:
Stores         466
LookupAttempt  42695
LookupSuccess  2235
Collisions     0

9f606 info: Search aborted.
<= 
<
>genmove w
<= e2
<
>play b j11
1a377 info: PlayAndSolve: Building VCs to avoid race condition.
1a377 info: PlayAndSolve: Continuing on as usual.
9f606 info: *** PlayerThread ***
a7616 info: *** SolverThread ***
9f606 info: Best move cannot be determined, must search state.
9f606 info: --- MoHexPlayer::Search() ---
9f606 info: Color: white
9f606 info: MaxGames: 1
9f606 info: NumberThreads: 1
9f606 info: MaxNodes: 9090 (799920 bytes)
9f606 info: TimeForMove: 1
9f606 info: PreSearch: max time reached (54/83).
9f606 info: Time for PreSearch: 0.201863s
9f606 info: 
  7924a79d9047d242
  a  b  c  d  e  f  g  h  i  j  k  
 1\.  *  W  *  *  *  *  W  *  *  .\1
  2\.  .  *  *  *  *  *  *  *  *  .\2
   3\.  *  *  *  *  *  *  *  *  *  .\3
    4\.  *  *  *  *  *  *  B  *  *  .\4
     5\.  *  *  *  *  *  *  *  *  *  .\5
      6\.  *  *  *  *  B  *  *  *  *  .\6
       7\.  *  *  *  *  *  *  *  *  *  .\7
        8\.  *  *  *  *  *  *  *  *  *  .\8
         9\B  *  *  *  *  *  *  *  *  *  .\9
         10\.  *  *  W  B  .  *  *  *  .  .\10
          11\.  *  .  b  b  b  .  *  .  .  .\11
              a  b  c  d  e  f  g  h  i  j  k  
9f606 info: Old: [black, a9] [white, h1] [black, f6] [white, d10] [black, h4] 
9f606 info: New: [black, a9] [white, h1] [black, f6] [white, d10] [black, h4] [white, c1] [black, e10] 
9f606 info: MovesPlayed: [white, c1] [black, e10] 
9f606 info: No subtree to reuse.
9f606 info: StartSearch()[0]
SgUctSearch: max games reached
9f606 info: 
Elapsed Time   0.358631s
Count          1
GamesPlayed    1
Nodes          1
Knowledge      0 (0.0%)
Expansions     0.0
Time           0.00
GameLen        111.0 dev=0.0 min=111.0 max=111.0
InTree         0.0 dev=0.0 min=0.0 max=0.0
KnowDepth      -
Aborted        0%
Games/s        3636.4
Score          0.00
Sequence      
9f606 info: 
9f606 warning: **** MoHexSearch returned empty sequence!
9f606 warning: **** Returning random move!
9f606 info: *** Player move: e2
975f6 info: DfpnSolver::CheckAbort(): Abort flag!
a7616 info: 
MID calls      64
VC builds      61
Terminal       0
Work           64
Wasted Work    0 (0%)
Elapsed Time   0.37022
MIDs/sec       172.87
VCs/sec        164.767
Cnt prune sib  0
Avg prune sib  -
Consider Size  80.623 dev=7.32644 min=35 max=90
Move Index     -
Move Percent   -
Delta Increase 3.52381 dev=11.9069 min=1 max=83
Winner         empty
PV             g7 j2 e8

HashTableStatistics:
Stores         617
LookupAttempt  55394
LookupSuccess  2925
Collisions     0

a7616 info: Search aborted.
<= 
<
>genmove w
<= i7
<
>play b g4
1a377 info: PlayAndSolve: Building VCs to avoid race condition.
1a377 info: PlayAndSolve: Continuing on as usual.
a7616 info: *** PlayerThread ***
9f606 info: *** SolverThread ***
a7616 info: Best move cannot be determined, must search state.
a7616 info: --- MoHexPlayer::Search() ---
a7616 info: Color: white
a7616 info: MaxGames: 1
a7616 info: NumberThreads: 1
a7616 info: MaxNodes: 9090 (799920 bytes)
a7616 info: TimeForMove: 1
a7616 info: PreSearch: max time reached (54/81).
a7616 info: Time for PreSearch: 0.202714s
a7616 info: 
  3decaac3f11ca590
  a  b  c  d  e  f  g  h  i  j  k  
 1\.  .  W  *  .  .  *  W  *  *  .\1
  2\.  .  *  *  W  *  *  *  *  *  .\2
   3\.  .  *  *  *  *  *  *  *  *  .\3
    4\.  *  *  *  *  *  *  B  *  *  .\4
     5\.  *  *  *  *  *  *  *  *  *  .\5
      6\.  *  *  *  *  B  *  *  *  *  .\6
       7\.  *  *  *  *  *  *  *  *  *  .\7
        8\.  *  *  *  *  *  *  *  *  *  .\8
         9\B  *  *  *  *  *  *  *  *  *  .\9
         10\.  *  *  W  B  .  *  *  *  *  .\10
          11\.  *  .  b  b  b  .  *  .  B  b\11
              a  b  c  d  e  f  g  h  i  j  k  
a7616 info: Old: [black, a9] [white, h1] [black, f6] [white, d10] [black, h4] [white, c1] [black, e10] 
a7616 info: New: [black, a9] [white, h1] [black, f6] [white, d10] [black, h4] [white, c1] [black, e10] [white, e2] [black, j11] 
a7616 info: MovesPlayed: [white, e2] [black, j11] 
a7616 info: No subtree to reuse.
a7616 info: StartSearch()[0]
SgUctSearch: max games reached
a7616 info: 
Elapsed Time   0.35335s
Count          1
GamesPlayed    1
Nodes          1
Knowledge      0 (0.0%)
Expansions     0.0
Time           0.00
GameLen        108.0 dev=0.0 min=108.0 max=108.0
InTree         0.0 dev=0.0 min=0.0 max=0.0
KnowDepth      -
Aborted        0%
Games/s        3378.4
Score          0.00
Sequence      
a7616 info: 
a7616 warning: **** MoHexSearch returned empty sequence!
a7616 warning: **** Returning random move!
a7616 info: *** Player move: i7
975f6 info: DfpnSolver::CheckAbort(): Abort flag!
9f606 info: 
MID calls      62
VC builds      60
Terminal       0
Work           62
Wasted Work    0 (0%)
Elapsed Time   0.366227
MIDs/sec       169.294
VCs/sec        163.833
Cnt prune sib  1
Avg prune sib  1 dev=0 min=1 max=1
Consider Size  76.0333 dev=15.7427 min=22 max=91
Move Index     -
Move Percent   -
Delta Increase 3.55738 dev=13.5858 min=1 max=84
Winner         empty
PV             j2 f9 d2 i2

HashTableStatistics:
Stores         762
LookupAttempt  67210
LookupSuccess  3566
Collisions     0

9f606 info: Search aborted.
<= 
<
>genmove w
<= a10
<
>play b e7
1a377 info: PlayAndSolve: Building VCs to avoid race condition.
1a377 info: PlayAndSolve: Continuing on as usual.
9f606 info: *** PlayerThread ***
a7616 info: *** SolverThread ***
9f606 info: Best move cannot be determined, must search state.
9f606 info: --- MoHexPlayer::Search() ---
9f606 info: Color: white
9f606 info: MaxGames: 1
9f606 info: NumberThreads: 1
9f606 info: MaxNodes: 9090 (799920 bytes)
9f606 info: TimeForMove: 1
9f606 info: PreSearch: max time reached (47/77).
9f606 info: Time for PreSearch: 0.202693s
9f606 info: 
  515cdb9f017f765c
  a  b  c  d  e  f  g  h  i  j  k  
 1\.  .  W  *  .  .  *  W  *  *  .\1
  2\.  .  *  *  W  *  *  *  *  *  .\2
   3\.  .  *  *  *  *  *  *  *  *  .\3
    4\.  *  *  *  *  *  B  B  *  *  .\4
     5\.  *  *  *  *  *  .  *  *  *  .\5
      6\.  *  *  *  *  B  *  *  *  *  .\6
       7\.  *  *  *  *  *  *  *  W  .  .\7
        8\.  *  *  *  *  *  *  *  *  *  .\8
         9\B  *  *  *  *  *  *  *  *  .  .\9
         10\.  *  *  W  B  .  *  *  *  .  .\10
          11\.  *  .  b  b  b  .  *  .  B  b\11
              a  b  c  d  e  f  g  h  i  j  k  
9f606 info: Old: [black, a9] [white, h1] [black, f6] [white, d10] [black, h4] [white, c1] [black, e10] [white, e2] [black, j11] 
9f606 info: New: [black, a9] [white, h1] [black, f6] [white, d10] [black, h4] [white, c1] [black, e10] [white, e2] [black, j11] [white, i7] [black, g4] 
9f606 info: MovesPlayed: [white, i7] [black, g4] 
9f606 info: No subtree to reuse.
9f606 info: StartSearch()[0]
SgUctSearch: max games reached
9f606 info: 
Elapsed Time   0.349597s
Count          1
GamesPlayed    1
Nodes          1
Knowledge      0 (0.0%)
Expansions     0.0
Time           0.00
GameLen        106.0 dev=0.0 min=106.0 max=106.0
InTree         0.0 dev=0.0 min=0.0 max=0.0
KnowDepth      -
Aborted        0%
Games/s        3703.7
Score          0.00
Sequence      
9f606 info: 
9f606 warning: **** MoHexSearch returned empty sequence!
9f606 warning: **** Returning random move!
9f606 info: *** Player move: a10
975f6 info: DfpnSolver::CheckAbort(): Abort flag!
a7616 info: 
MID calls      48
VC builds      46
Terminal       1
Work           49
Wasted Work    0 (0%)
Elapsed Time   0.361119
MIDs/sec       132.92
VCs/sec        127.382
Cnt prune sib  0
Avg prune sib  -
Consider Size  68.9333 dev=20.6165 min=20 max=87
Move Index     -
Move Percent   -
Delta Increase 3.29167 dev=8.66256 min=1 max=41
Winner         empty
PV             f2 j2 i3

HashTableStatistics:
Stores         882
LookupAttempt  77137
LookupSuccess  4192
Collisions     0

a7616 info: Search aborted.
<= 
<
>genmove w
<= i2
<
>play b f2
1a377 info: PlayAndSolve: Building VCs to avoid race condition.
1a377 info: PlayAndSolve: Continuing on as usual.
a7616 info: *** PlayerThread ***
9f606 info: *** SolverThread ***
a7616 info: Opponent has won; playing most blocking move.
a7616 info: *** Player move: i2
9f606 info: 
MID calls      0
VC builds      1
Terminal       1
Work           1
Wasted Work    0 (0%)
Elapsed Time   0.014817
MIDs/sec       0
VCs/sec        67.49
Cnt prune sib  0
Avg prune sib  -
Consider Size  -
Move Index     -
Move Percent   -
Delta Increase -
Winner         black
PV             

HashTableStatistics:
Stores         883
LookupAttempt  77143
LookupSuccess  4195
Collisions     0

<= 
<
>genmove w
<= g3
<
>play b e4
1a377 info: PlayAndSolve: Building VCs to avoid race condition.
1a377 info: PlayAndSolve: Continuing on as usual.
9f606 info: *** PlayerThread ***
a7616 info: *** SolverThread ***
a7616 info: 
MID calls      0
VC builds      1
Terminal       1
Work           1
Wasted Work    0 (0%)
Elapsed Time   0.009108
MIDs/sec       0
VCs/sec        109.794
Cnt prune sib  0
Avg prune sib  -
Consider Size  -
Move Index     -
Move Percent   -
Delta Increase -
Winner         black
PV             

HashTableStatistics:
Stores         884
LookupAttempt  77149
LookupSuccess  4198
Collisions     0

9f606 info: Opponent has won; playing most blocking move.
9f606 info: *** Player move: g3
<= 
<
>genmove w
<= e3
<
>play b f3
1a377 info: PlayAndSolve: Building VCs to avoid race condition.
1a377 info: PlayAndSolve: Continuing on as usual.
a7616 info: *** PlayerThread ***
9f606 info: *** SolverThread ***
9f606 info: 
MID calls      0
VC builds      1
Terminal       1
Work           1
Wasted Work    0 (0%)
Elapsed Time   0.008685
MIDs/sec       0
VCs/sec        115.141
Cnt prune sib  0
Avg prune sib  -
Consider Size  -
Move Index     -
Move Percent   -
Delta Increase -
Winner         black
PV             

HashTableStatistics:
Stores         885
LookupAttempt  77155
LookupSuccess  4201
Collisions     0

a7616 info: Opponent has won; playing most blocking move.
a7616 info: *** Player move: e3
<= 
<
>genmove w
<= e9
<
>play b g8
1a377 info: PlayAndSolve: Building VCs to avoid race condition.
1a377 info: PlayAndSolve: Continuing on as usual.
9f606 info: *** PlayerThread ***
a7616 info: *** SolverThread ***
9f606 info: Opponent has won; playing most blocking move.
9f606 info: *** Player move: e9
a7616 info: 
MID calls      0
VC builds      1
Terminal       1
Work           1
Wasted Work    0 (0%)
Elapsed Time   0.008279
MIDs/sec       0
VCs/sec        120.788
Cnt prune sib  0
Avg prune sib  -
Consider Size  -
Move Index     -
Move Percent   -
Delta Increase -
Winner         black
PV             

HashTableStatistics:
Stores         886
LookupAttempt  77161
LookupSuccess  4204
Collisions     0

<= 
<
>genmove w
<= f4
<
>play b d6
1a377 info: PlayAndSolve: Building VCs to avoid race condition.
1a377 info: PlayAndSolve: Continuing on as usual.
9f606 info: *** SolverThread ***
a7616 info: *** PlayerThread ***
a7616 info: Opponent has won; playing most blocking move.
a7616 info: *** Player move: f4
9f606 info: 
MID calls      0
VC builds      1
Terminal       1
Work           1
Wasted Work    0 (0%)
Elapsed Time   0.009814
MIDs/sec       0
VCs/sec        101.895
Cnt prune sib  0
Avg prune sib  -
Consider Size  -
Move Index     -
Move Percent   -
Delta Increase -
Winner         black
PV             

HashTableStatistics:
Stores         887
LookupAttempt  77167
LookupSuccess  4207
Collisions     0

<= 
<
>genmove w
<= e6
<
>play b d7
1a377 info: PlayAndSolve: Building VCs to avoid race condition.
1a377 info: PlayAndSolve: Continuing on as usual.
a7616 info: *** SolverThread ***
9f606 info: *** PlayerThread ***
9f606 info: Opponent has won; playing most blocking move.
9f606 info: *** Player move: e6
a7616 info: 
MID calls      0
VC builds      1
Terminal       1
Work           1
Wasted Work    0 (0%)
Elapsed Time   0.010472
MIDs/sec       0
VCs/sec        95.4927
Cnt prune sib  0
Avg prune sib  -
Consider Size  -
Move Index     -
Move Percent   -
Delta Increase -
Winner         black
PV             

HashTableStatistics:
Stores         888
LookupAttempt  77173
LookupSuccess  4210
Collisions     0

<= 
<
>genmove w
<= d5
<
>play b e5
1a377 info: PlayAndSolve: Building VCs to avoid race condition.
1a377 info: PlayAndSolve: Continuing on as usual.
9f606 info: *** SolverThread ***
a7616 info: *** PlayerThread ***
9f606 info: 
MID calls      0
VC builds      1
Terminal       1
Work           1
Wasted Work    0 (0%)
Elapsed Time   0.009256
MIDs/sec       0
VCs/sec        108.038
Cnt prune sib  0
Avg prune sib  -
Consider Size  -
Move Index     -
Move Percent   -
Delta Increase -
Winner         black
PV             

HashTableStatistics:
Stores         889
LookupAttempt  77179
LookupSuccess  4213
Collisions     0

a7616 info: Opponent has won; playing most blocking move.
a7616 info: *** Player move: d5
<= 
<
>genmove w
<= f9
<
>play b g9
1a377 info: PlayAndSolve: Building VCs to avoid race condition.
1a377 info: PlayAndSolve: Continuing on as usual.
9f606 info: *** PlayerThread ***
a7616 info: *** SolverThread ***
9f606 info: Opponent has won; playing most blocking move.
9f606 info: *** Player move: f9
a7616 info: 
MID calls      0
VC builds      1
Terminal       1
Work           1
Wasted Work    0 (0%)
Elapsed Time   0.006489
MIDs/sec       0
VCs/sec        154.107
Cnt prune sib  0
Avg prune sib  -
Consider Size  -
Move Index     -
Move Percent   -
Delta Increase -
Winner         black
PV             

HashTableStatistics:
Stores         890
LookupAttempt  77185
LookupSuccess  4216
Collisions     0

<= 
<
>genmove w
<= g10
<
>play b f10
1a377 info: PlayAndSolve: Building VCs to avoid race condition.
1a377 info: PlayAndSolve: Continuing on as usual.
a7616 info: *** PlayerThread ***
9f606 info: *** SolverThread ***
a7616 info: Opponent has won; playing most blocking move.
a7616 info: *** Player move: g10
9f606 info: 
MID calls      0
VC builds      1
Terminal       1
Work           1
Wasted Work    0 (0%)
Elapsed Time   0.007422
MIDs/sec       0
VCs/sec        134.735
Cnt prune sib  0
Avg prune sib  -
Consider Size  -
Move Index     -
Move Percent   -
Delta Increase -
Winner         black
PV             

HashTableStatistics:
Stores         891
LookupAttempt  77191
LookupSuccess  4219
Collisions     0

<= 
<
>genmove w
<= g7
<
>play b f8
1a377 info: PlayAndSolve: Building VCs to avoid race condition.
1a377 info: PlayAndSolve: Continuing on as usual.
9f606 info: *** PlayerThread ***
a7616 info: *** SolverThread ***
9f606 info: Opponent has won; playing most blocking move.
9f606 info: *** Player move: g7
a7616 info: 
MID calls      0
VC builds      1
Terminal       1
Work           1
Wasted Work    0 (0%)
Elapsed Time   0.006131
MIDs/sec       0
VCs/sec        163.106
Cnt prune sib  0
Avg prune sib  -
Consider Size  -
Move Index     -
Move Percent   -
Delta Increase -
Winner         black
PV             

HashTableStatistics:
Stores         892
LookupAttempt  77197
LookupSuccess  4222
Collisions     0

<= 
<
>genmove w
<= f7
<
>play b e8
1a377 info: PlayAndSolve: Building VCs to avoid race condition.
1a377 info: PlayAndSolve: Continuing on as usual.
a7616 info: *** PlayerThread ***
9f606 info: *** SolverThread ***
a7616 info: Opponent has won; playing most blocking move.
a7616 info: *** Player move: f7
9f606 info: 
MID calls      0
VC builds      1
Terminal       1
Work           1
Wasted Work    0 (0%)
Elapsed Time   0.006951
MIDs/sec       0
VCs/sec        143.864
Cnt prune sib  0
Avg prune sib  -
Consider Size  -
Move Index     -
Move Percent   -
Delta Increase -
Winner         black
PV             

HashTableStatistics:
Stores         893
LookupAttempt  77203
LookupSuccess  4225
Collisions     0

<= 
<
>genmove w
<= f1
<
>play b g1
1a377 info: PlayAndSolve: Building VCs to avoid race condition.
1a377 info: PlayAndSolve: Continuing on as usual.
9f606 info: *** PlayerThread ***
a7616 info: *** SolverThread ***
9f606 info: Captured cells caused win! Removing...
a7616 info: 
MID calls      0
VC builds      1
Terminal       1
Work           1
Wasted Work    0 (0%)
Elapsed Time   0.00221
MIDs/sec       0
VCs/sec        452.489
Cnt prune sib  0
Avg prune sib  -
Consider Size  -
Move Index     -
Move Percent   -
Delta Increase -
Winner         black
PV             

HashTableStatistics:
Stores         894
LookupAttempt  77209
LookupSuccess  4228
Collisions     0

9f606 info: Opponent has won; playing most blocking move.
9f606 info: *** Player move: f1
<= 
<
>genmove w
<= d11
<
>play b f11
1a377 info: PlayAndSolve: Building VCs to avoid race condition.
1a377 info: PlayAndSolve: Continuing on as usual.
a7616 info: *** PlayerThread ***
9f606 info: *** SolverThread ***
a7616 info: Captured cells caused win! Removing...
9f606 info: 
MID calls      0
VC builds      1
Terminal       1
Work           1
Wasted Work    0 (0%)
Elapsed Time   0.002323
MIDs/sec       0
VCs/sec        430.478
Cnt prune sib  0
Avg prune sib  -
Consider Size  -
Move Index     -
Move Percent   -
Delta Increase -
Winner         black
PV             

HashTableStatistics:
Stores         895
LookupAttempt  77215
LookupSuccess  4231
Collisions     0

a7616 info: Opponent has won; playing most blocking move.
a7616 info: *** Player move: d11
<= 
<
>genmove w
<= resign
<
>final_score
<= B+
<
>quit
<= 
<
