# nice ../build/src/mohex/mohex --config mohex-cg2010.htp --seed 788366 --logfile-name jobs/11x11-mohex-mohex-weak-vs-mohex-mohex-cg2010/mohex-mohex-cg2010-15.log
>boardsize 11 11
<= 
<
>name
MoHex 2.0.CMake Mar 21 2025
Copyright (C) 2007-2012 by the authors of the Benzene project.
This program comes with ABSOLUTELY NO WARRANTY. This is
free software and you are welcome to redistribute it under
certain conditions. Type `benzene-license' for details.

SgRandom::SetSeed: 788366
SgUctSearch: system memory 33632358400, using 1000000000 (5681818 nodes)
SgRandom::SetSeed: 1
SgRandom::SetSeed: 788366
2a4e7 info: Prior Patterns:
2a4e7 info: Global:
2a4e7 info: Size            = 565 32648 
2a4e7 info: TableEntries    = 65932 65910
2a4e7 info: MirrorsAdded    = 0 0
2a4e7 info: PrunableCount   = 30593 30629
2a4e7 info: LargestGamma    = 5820.77
2a4e7 info: SmallestGamma   = 6.6e-05
2a4e7 info: Local:
2a4e7 info: Size            = 550 5318 
2a4e7 info: TableEntries    = 11602 11588
2a4e7 info: MirrorsAdded    = 0 0
2a4e7 info: PrunableCount   = 3659 3667
2a4e7 info: LargestGamma    = 11281.8
2a4e7 info: SmallestGamma   = 0.026235
2a4e7 info: Playout Patterns:
2a4e7 info: Global:
2a4e7 info: Size            = 565 32648 
2a4e7 info: TableEntries    = 70329 70329
2a4e7 info: MirrorsAdded    = 4397 4419
2a4e7 info: PrunableCount   = 30593 30629
2a4e7 info: LargestGamma    = 5820.77
2a4e7 info: SmallestGamma   = 6.6e-05
2a4e7 info: Local:
2a4e7 info: Size            = 550 5318 
2a4e7 info: TableEntries    = 11602 11588
2a4e7 info: MirrorsAdded    = 0 0
2a4e7 info: PrunableCount   = 3659 3667
2a4e7 info: LargestGamma    = 11281.8
2a4e7 info: SmallestGamma   = 0.026235
param_game allow_swap 1
= 

param_mohex max_memory 32000000000
= 

param_mohex num_threads 1
= 

param_mohex max_time 1
= 

param_mohex max_games 1
= 

param_mohex knowledge_threshold 400
= 

param_mohex reuse_subtree 1
= 

param_mohex use_parallel_solver 1
= 

<= MoHex
<
>version
<= 2.0.CMake
<
>play b a8
<= 
<
>showboard
<= 
< 
<  56a83f762e90c25f
<  a  b  c  d  e  f  g  h  i  j  k  
< 1\.  .  .  .  .  .  .  .  .  .  .\1
<  2\.  .  .  .  .  .  .  .  .  .  .\2
<   3\.  .  .  .  .  .  .  .  .  .  .\3
<    4\.  .  .  .  .  .  .  .  .  .  .\4
<     5\.  .  .  .  .  .  .  .  .  .  .\5
<      6\.  .  .  .  .  .  .  .  .  .  .\6
<       7\.  .  .  .  .  .  .  .  .  .  .\7
<        8\B  .  .  .  .  .  .  .  .  .  .\8
<         9\.  .  .  .  .  .  .  .  .  .  .\9
<         10\.  .  .  .  .  .  .  .  .  .  .\10
<          11\.  .  .  .  .  .  .  .  .  .  .\11
<              a  b  c  d  e  f  g  h  i  j  k  
<
>play w swap-pieces
<= 
<
>genmove w
<= j9
<
>play b e6
2a4e7 info: PlayAndSolve: Building VCs to avoid race condition.
2a4e7 info: PlayAndSolve: Continuing on as usual.
b7786 info: *** PlayerThread ***
af776 info: *** SolverThread ***
b7786 info: Best move cannot be determined, must search state.
b7786 info: --- MoHexPlayer::Search() ---
b7786 info: Color: white
b7786 info: MaxGames: 1
b7786 info: NumberThreads: 1
b7786 info: MaxNodes: 181818181 (15999999928 bytes)
b7786 info: TimeForMove: 1
b7786 info: PreSearch: max time reached (59/91).
b7786 info: Time for PreSearch: 0.201821s
b7786 info: 
  56a83f762e90c25f
  a  b  c  d  e  f  g  h  i  j  k  
 1\.  .  .  *  *  *  *  .  *  *  .\1
  2\.  .  *  *  *  *  *  *  *  *  .\2
   3\.  *  *  *  *  *  *  *  *  *  .\3
    4\.  *  *  *  *  *  *  *  *  *  .\4
     5\.  *  *  *  *  *  *  *  *  *  .\5
      6\.  *  *  *  *  *  *  *  *  *  .\6
       7\.  *  *  *  *  *  *  *  *  *  .\7
        8\B  *  *  *  *  *  *  *  *  *  .\8
         9\.  *  *  *  *  *  *  *  *  *  .\9
         10\.  *  *  *  *  *  *  *  *  .  .\10
          11\.  *  *  .  *  *  *  *  .  .  .\11
              a  b  c  d  e  f  g  h  i  j  k  
b7786 info: No subtree to reuse.
b7786 info: Creating thread 0
b7786 info: StartSearch()[0]
SgUctSearch: max games reached
b7786 info: 
Elapsed Time   0.362615s
Count          1
GamesPlayed    1
Nodes          1
Knowledge      0 (0.0%)
Expansions     0.0
Time           0.00
GameLen        120.0 dev=0.0 min=120.0 max=120.0
InTree         0.0 dev=0.0 min=0.0 max=0.0
KnowDepth      -
Aborted        0%
Games/s        324.1
Score          0.00
Sequence      
b7786 info: 
b7786 warning: **** MoHexSearch returned empty sequence!
b7786 warning: **** Returning random move!
b7786 info: *** Player move: j9
a7766 info: DfpnSolver::CheckAbort(): Abort flag!
af776 info: 
MID calls      54
VC builds      52
Terminal       0
Work           54
Wasted Work    0 (0%)
Elapsed Time   0.373888
MIDs/sec       144.428
VCs/sec        139.079
Cnt prune sib  0
Avg prune sib  -
Consider Size  89.1539 dev=2.81718 min=78 max=91
Move Index     -
Move Percent   -
Delta Increase 4.22641 dev=16.1942 min=1 max=86
Winner         empty
PV             b6 j2 h4 j3

HashTableStatistics:
Stores         131
LookupAttempt  13448
LookupSuccess  733
Collisions     0

af776 info: Search aborted.
<= 
<
>genmove w
<= c10
<
>play b h6
2a4e7 info: PlayAndSolve: Building VCs to avoid race condition.
2a4e7 info: PlayAndSolve: Continuing on as usual.
af776 info: *** PlayerThread ***
b7786 info: *** SolverThread ***
af776 info: Best move cannot be determined, must search state.
af776 info: --- MoHexPlayer::Search() ---
af776 info: Color: white
af776 info: MaxGames: 1
af776 info: NumberThreads: 1
af776 info: MaxNodes: 181818181 (15999999928 bytes)
af776 info: TimeForMove: 1
af776 info: PreSearch: max time reached (54/89).
af776 info: Time for PreSearch: 0.200592s
af776 info: 
  959b4c3abc549ba4
  a  b  c  d  e  f  g  h  i  j  k  
 1\.  .  .  *  *  *  *  *  *  *  .\1
  2\.  .  *  *  *  *  *  *  *  *  .\2
   3\.  *  *  *  *  *  *  *  *  *  .\3
    4\.  *  *  *  *  *  *  *  *  *  .\4
     5\.  *  *  *  *  *  *  *  *  *  .\5
      6\.  *  *  *  B  *  *  *  *  *  .\6
       7\.  *  *  *  *  *  *  *  *  *  w\7
        8\B  *  *  *  *  *  *  *  *  .  w\8
         9\.  *  *  *  *  *  *  *  *  W  w\9
         10\.  *  *  *  *  *  *  *  .  w  w\10
          11\.  *  *  *  *  *  *  *  .  w  w\11
              a  b  c  d  e  f  g  h  i  j  k  
af776 info: Old: [black, a8] [white, swap-pieces] 
af776 info: New: [black, a8] [white, swap-pieces] [white, j9] [black, e6] 
af776 info: ReuseSubtree: Colors do not alternate.
af776 info: No subtree to reuse.
af776 info: StartSearch()[0]
SgUctSearch: max games reached
af776 info: 
Elapsed Time   0.35939s
Count          1
GamesPlayed    1
Nodes          1
Knowledge      0 (0.0%)
Expansions     0.0
Time           0.00
GameLen        111.0 dev=0.0 min=111.0 max=111.0
InTree         0.0 dev=0.0 min=0.0 max=0.0
KnowDepth      -
Aborted        0%
Games/s        2857.1
Score          0.00
Sequence      
af776 info: 
af776 warning: **** MoHexSearch returned empty sequence!
af776 warning: **** Returning random move!
af776 info: *** Player move: c10
a7766 info: DfpnSolver::CheckAbort(): Abort flag!
b7786 info: 
MID calls      52
VC builds      50
Terminal       0
Work           52
Wasted Work    0 (0%)
Elapsed Time   0.371637
MIDs/sec       139.921
VCs/sec        134.54
Cnt prune sib  0
Avg prune sib  -
Consider Size  82.94 dev=3.46043 min=73 max=89
Move Index     -
Move Percent   -
Delta Increase 4.13726 dev=15.1347 min=1 max=79
Winner         empty
PV             b9 d10 e8 d8

HashTableStatistics:
Stores         258
LookupAttempt  26189
LookupSuccess  1464
Collisions     0

b7786 info: Search aborted.
<= 
<
>genmove w
<= d7
<
>play b h1
2a4e7 info: PlayAndSolve: Building VCs to avoid race condition.
2a4e7 info: PlayAndSolve: Continuing on as usual.
b7786 info: *** PlayerThread ***
af776 info: *** SolverThread ***
b7786 info: Best move cannot be determined, must search state.
b7786 info: --- MoHexPlayer::Search() ---
b7786 info: Color: white
b7786 info: MaxGames: 1
b7786 info: NumberThreads: 1
b7786 info: MaxNodes: 181818181 (15999999928 bytes)
b7786 info: TimeForMove: 1
b7786 info: PreSearch: max time reached (68/85).
b7786 info: Time for PreSearch: 0.202283s
b7786 info: 
  9693ea845e4a79cc
  a  b  c  d  e  f  g  h  i  j  k  
 1\.  .  .  *  *  *  *  *  *  *  .\1
  2\.  .  *  *  *  *  *  *  *  *  .\2
   3\.  *  *  *  *  *  *  *  *  *  .\3
    4\.  *  *  *  *  *  *  *  *  *  .\4
     5\.  *  *  *  *  *  *  *  *  *  .\5
      6\.  *  *  *  B  *  *  B  *  *  .\6
       7\.  *  *  *  *  *  *  *  *  *  w\7
        8\B  *  *  *  *  *  *  *  *  .  w\8
         9\.  *  *  *  *  *  *  *  *  W  w\9
         10\.  *  W  *  *  *  *  *  .  w  w\10
          11\.  .  .  *  *  *  *  *  .  w  w\11
              a  b  c  d  e  f  g  h  i  j  k  
b7786 info: Old: [black, a8] [white, swap-pieces] [white, j9] [black, e6] 
b7786 info: New: [black, a8] [white, swap-pieces] [white, j9] [black, e6] [white, c10] [black, h6] 
b7786 info: MovesPlayed: [white, c10] [black, h6] 
b7786 info: No subtree to reuse.
b7786 info: StartSearch()[0]
SgUctSearch: max games reached
b7786 info: 
Elapsed Time   0.370465s
Count          1
GamesPlayed    1
Nodes          1
Knowledge      0 (0.0%)
Expansions     0.0
Time           0.00
GameLen        109.0 dev=0.0 min=109.0 max=109.0
InTree         0.0 dev=0.0 min=0.0 max=0.0
KnowDepth      -
Aborted        0%
Games/s        3413.0
Score          0.00
Sequence      
b7786 info: 
b7786 warning: **** MoHexSearch returned empty sequence!
b7786 warning: **** Returning random move!
b7786 info: *** Player move: d7
a7766 info: DfpnSolver::CheckAbort(): Abort flag!
af776 info: 
MID calls      56
VC builds      54
Terminal       0
Work           56
Wasted Work    0 (0%)
Elapsed Time   0.384251
MIDs/sec       145.738
VCs/sec        140.533
Cnt prune sib  0
Avg prune sib  -
Consider Size  78.5185 dev=3.75033 min=68 max=85
Move Index     -
Move Percent   -
Delta Increase 3.74545 dev=13.943 min=1 max=77
Winner         empty
PV             j2 f10 f9 e9

HashTableStatistics:
Stores         392
LookupAttempt  38331
LookupSuccess  2148
Collisions     0

af776 info: Search aborted.
<= 
<
>genmove w
<= f2
<
>play b d4
2a4e7 info: PlayAndSolve: Building VCs to avoid race condition.
2a4e7 info: PlayAndSolve: Continuing on as usual.
af776 info: *** PlayerThread ***
b7786 info: *** SolverThread ***
af776 info: Best move cannot be determined, must search state.
af776 info: --- MoHexPlayer::Search() ---
af776 info: Color: white
af776 info: MaxGames: 1
af776 info: NumberThreads: 1
af776 info: MaxNodes: 181818181 (15999999928 bytes)
af776 info: TimeForMove: 1
af776 info: PreSearch: max time reached (53/81).
af776 info: Time for PreSearch: 0.20166s
af776 info: 
  8ec9a9d98cc37ee6
  a  b  c  d  e  f  g  h  i  j  k  
 1\.  .  .  *  *  *  .  B  .  *  .\1
  2\.  .  *  *  *  *  *  *  *  *  .\2
   3\.  *  *  *  *  *  *  *  *  *  .\3
    4\.  *  *  *  *  *  *  *  *  *  .\4
     5\.  *  *  *  *  *  *  *  *  *  .\5
      6\.  *  *  *  B  *  *  B  *  *  .\6
       7\.  *  *  W  *  *  *  *  *  *  w\7
        8\B  *  *  *  *  *  *  *  *  .  w\8
         9\.  *  *  *  *  *  *  *  *  W  w\9
         10\.  *  W  *  *  *  *  *  .  w  w\10
          11\.  .  .  *  *  *  *  *  .  w  w\11
              a  b  c  d  e  f  g  h  i  j  k  
af776 info: Old: [black, a8] [white, swap-pieces] [white, j9] [black, e6] [white, c10] [black, h6] 
af776 info: New: [black, a8] [white, swap-pieces] [white, j9] [black, e6] [white, c10] [black, h6] [white, d7] [black, h1] 
af776 info: MovesPlayed: [white, d7] [black, h1] 
af776 info: No subtree to reuse.
af776 info: StartSearch()[0]
SgUctSearch: max games reached
af776 info: 
Elapsed Time   0.557681s
Count          1
GamesPlayed    1
Nodes          1
Knowledge      0 (0.0%)
Expansions     0.0
Time           0.00
GameLen        107.0 dev=0.0 min=107.0 max=107.0
InTree         0.0 dev=0.0 min=0.0 max=0.0
KnowDepth      -
Aborted        0%
Games/s        3472.2
Score          1.00
Sequence      
af776 info: 
af776 warning: **** MoHexSearch returned empty sequence!
af776 warning: **** Returning random move!
af776 info: *** Player move: f2
a7766 info: DfpnSolver::CheckAbort(): Abort flag!
b7786 info: 
MID calls      106
VC builds      103
Terminal       0
Work           106
Wasted Work    0 (0%)
Elapsed Time   0.567026
MIDs/sec       186.94
VCs/sec        181.65
Cnt prune sib  1
Avg prune sib  1 dev=0 min=1 max=1
Consider Size  72.1553 dev=11.6543 min=13 max=81
Move Index     -
Move Percent   -
Delta Increase 3.10476 dev=11.9546 min=1 max=78
Winner         empty
PV             f9 h8 g10

HashTableStatistics:
Stores         627
LookupAttempt  53458
LookupSuccess  2880
Collisions     0

b7786 info: Search aborted.
<= 
<
>genmove w
<= a2
<
>play b c3
2a4e7 info: PlayAndSolve: Building VCs to avoid race condition.
2a4e7 info: PlayAndSolve: Continuing on as usual.
b7786 info: *** PlayerThread ***
af776 info: *** SolverThread ***
b7786 info: Best move cannot be determined, must search state.
b7786 info: --- MoHexPlayer::Search() ---
b7786 info: Color: white
b7786 info: MaxGames: 1
b7786 info: NumberThreads: 1
b7786 info: MaxNodes: 181818181 (15999999928 bytes)
b7786 info: TimeForMove: 1
b7786 info: PreSearch: max time reached (67/78).
b7786 info: Time for PreSearch: 0.201364s
b7786 info: 
  4094cd1892992995
  a  b  c  d  e  f  g  h  i  j  k  
 1\.  .  .  *  *  .  b  B  .  *  .\1
  2\.  .  *  *  *  W  *  *  *  *  .\2
   3\.  *  *  *  *  *  *  *  *  *  .\3
    4\.  *  *  B  *  *  *  *  *  *  .\4
     5\.  *  *  *  *  *  *  *  *  *  .\5
      6\.  *  *  *  B  *  *  B  *  *  .\6
       7\.  *  *  W  *  *  *  *  *  *  w\7
        8\B  *  *  *  *  *  *  *  *  .  w\8
         9\.  *  *  *  *  *  *  *  *  W  w\9
         10\.  *  W  *  *  *  *  *  .  w  w\10
          11\.  .  .  *  *  *  *  *  .  w  w\11
              a  b  c  d  e  f  g  h  i  j  k  
b7786 info: Old: [black, a8] [white, swap-pieces] [white, j9] [black, e6] [white, c10] [black, h6] [white, d7] [black, h1] 
b7786 info: New: [black, a8] [white, swap-pieces] [white, j9] [black, e6] [white, c10] [black, h6] [white, d7] [black, h1] [white, f2] [black, d4] 
b7786 info: MovesPlayed: [white, f2] [black, d4] 
b7786 info: No subtree to reuse.
b7786 info: StartSearch()[0]
SgUctSearch: max games reached
b7786 info: 
Elapsed Time   0.359908s
Count          1
GamesPlayed    1
Nodes          1
Knowledge      0 (0.0%)
Expansions     0.0
Time           0.00
GameLen        104.0 dev=0.0 min=104.0 max=104.0
InTree         0.0 dev=0.0 min=0.0 max=0.0
KnowDepth      -
Aborted        0%
Games/s        3086.4
Score          1.00
Sequence      
b7786 info: 
b7786 warning: **** MoHexSearch returned empty sequence!
b7786 warning: **** Returning random move!
b7786 info: *** Player move: a2
a7766 info: DfpnSolver::CheckAbort(): Abort flag!
af776 info: 
MID calls      74
VC builds      72
Terminal       0
Work           74
Wasted Work    0 (0%)
Elapsed Time   0.368377
MIDs/sec       200.881
VCs/sec        195.452
Cnt prune sib  0
Avg prune sib  -
Consider Size  72.6667 dev=5.03595 min=45 max=78
Move Index     -
Move Percent   -
Delta Increase 3.0137 dev=10.3494 min=1 max=76
Winner         empty
PV             b10 g5 g8

HashTableStatistics:
Stores         796
LookupAttempt  65390
LookupSuccess  3486
Collisions     0

af776 info: Search aborted.
<= 
<
>genmove w
<= a6
<
>play b k4
2a4e7 info: PlayAndSolve: Building VCs to avoid race condition.
2a4e7 info: PlayAndSolve: Continuing on as usual.
af776 info: *** PlayerThread ***
b7786 info: *** SolverThread ***
af776 info: Best move cannot be determined, must search state.
af776 info: --- MoHexPlayer::Search() ---
af776 info: Color: white
af776 info: MaxGames: 1
af776 info: NumberThreads: 1
af776 info: MaxNodes: 181818181 (15999999928 bytes)
af776 info: TimeForMove: 1
af776 info: PreSearch: max time reached (72/77).
af776 info: Time for PreSearch: 0.201763s
af776 info: 
  908a3d89705da3ee
  a  b  c  d  e  f  g  h  i  j  k  
 1\b  .  *  *  *  .  b  B  .  *  .\1
  2\W  *  *  *  *  W  *  *  *  *  .\2
   3\.  .  B  *  *  *  *  *  *  *  .\3
    4\.  .  *  B  *  *  *  *  *  *  .\4
     5\.  .  *  *  *  *  *  *  *  *  .\5
      6\.  *  *  *  B  *  *  B  *  *  .\6
       7\.  *  *  W  *  *  *  *  *  .  w\7
        8\B  *  *  *  *  *  *  *  *  .  w\8
         9\.  *  *  *  *  *  *  *  *  W  w\9
         10\.  *  W  *  *  *  *  *  .  w  w\10
          11\.  .  .  *  *  *  *  *  .  w  w\11
              a  b  c  d  e  f  g  h  i  j  k  
af776 info: Old: [black, a8] [white, swap-pieces] [white, j9] [black, e6] [white, c10] [black, h6] [white, d7] [black, h1] [white, f2] [black, d4] 
af776 info: New: [black, a8] [white, swap-pieces] [white, j9] [black, e6] [white, c10] [black, h6] [white, d7] [black, h1] [white, f2] [black, d4] [white, a2] [black, c3] 
af776 info: MovesPlayed: [white, a2] [black, c3] 
af776 info: No subtree to reuse.
af776 info: StartSearch()[0]
SgUctSearch: max games reached
af776 info: 
Elapsed Time   0.346805s
Count          1
GamesPlayed    1
Nodes          1
Knowledge      0 (0.0%)
Expansions     0.0
Time           0.00
GameLen        101.0 dev=0.0 min=101.0 max=101.0
InTree         0.0 dev=0.0 min=0.0 max=0.0
KnowDepth      -
Aborted        0%
Games/s        3546.1
Score          0.00
Sequence      
af776 info: 
af776 warning: **** MoHexSearch returned empty sequence!
af776 warning: **** Returning random move!
af776 info: *** Player move: a6
a7766 info: DfpnSolver::CheckAbort(): Abort flag!
b7786 info: 
MID calls      70
VC builds      67
Terminal       2
Work           72
Wasted Work    0 (0%)
Elapsed Time   0.357466
MIDs/sec       195.823
VCs/sec        187.43
Cnt prune sib  0
Avg prune sib  -
Consider Size  64.5846 dev=17.9982 min=14 max=78
Move Index     -
Move Percent   -
Delta Increase 3.77465 dev=9.13929 min=1 max=49
Winner         empty
PV             e9 g8 h9 f10 i2 f7

HashTableStatistics:
Stores         959
LookupAttempt  76233
LookupSuccess  4094
Collisions     0

b7786 info: Search aborted.
<= 
<
>genmove w
<= d5
<
>play b c4
2a4e7 info: PlayAndSolve: Building VCs to avoid race condition.
2a4e7 info: PlayAndSolve: Continuing on as usual.
b7786 info: *** PlayerThread ***
af776 info: *** SolverThread ***
b7786 info: Best move cannot be determined, must search state.
b7786 info: --- MoHexPlayer::Search() ---
b7786 info: Color: white
b7786 info: MaxGames: 1
b7786 info: NumberThreads: 1
b7786 info: MaxNodes: 181818181 (15999999928 bytes)
b7786 info: TimeForMove: 1
b7786 info: PreSearch: max time reached (61/77).
b7786 info: Time for PreSearch: 0.20248s
b7786 info: 
  74cd3fc1e11b155a
  a  b  c  d  e  f  g  h  i  j  k  
 1\b  .  *  *  *  .  b  B  .  *  .\1
  2\W  .  *  *  *  W  *  *  *  *  .\2
   3\.  .  B  *  *  *  *  *  *  *  .\3
    4\.  .  *  B  *  *  *  *  *  *  B\4
     5\.  .  *  *  *  *  *  *  *  *  .\5
      6\W  *  *  *  B  *  *  B  *  *  .\6
       7\.  *  *  W  *  *  *  *  *  .  w\7
        8\B  *  *  *  *  *  *  *  *  .  w\8
         9\.  *  *  *  *  *  *  *  *  W  w\9
         10\.  *  W  *  *  *  *  *  .  w  w\10
          11\.  .  .  *  *  *  *  *  .  w  w\11
              a  b  c  d  e  f  g  h  i  j  k  
b7786 info: Old: [black, a8] [white, swap-pieces] [white, j9] [black, e6] [white, c10] [black, h6] [white, d7] [black, h1] [white, f2] [black, d4] [white, a2] [black, c3] 
b7786 info: New: [black, a8] [white, swap-pieces] [white, j9] [black, e6] [white, c10] [black, h6] [white, d7] [black, h1] [white, f2] [black, d4] [white, a2] [black, c3] [white, a6] [black, k4] 
b7786 info: MovesPlayed: [white, a6] [black, k4] 
b7786 info: No subtree to reuse.
b7786 info: StartSearch()[0]
SgUctSearch: max games reached
b7786 info: 
Elapsed Time   0.572187s
Count          1
GamesPlayed    1
Nodes          1
Knowledge      0 (0.0%)
Expansions     0.0
Time           0.00
GameLen        99.0 dev=0.0 min=99.0 max=99.0
InTree         0.0 dev=0.0 min=0.0 max=0.0
KnowDepth      -
Aborted        0%
Games/s        3484.3
Score          0.00
Sequence      
b7786 info: 
b7786 warning: **** MoHexSearch returned empty sequence!
b7786 warning: **** Returning random move!
b7786 info: *** Player move: d5
a7766 info: DfpnSolver::CheckAbort(): Abort flag!
af776 info: 
MID calls      114
VC builds      108
Terminal       0
Work           114
Wasted Work    0 (0%)
Elapsed Time   0.584392
MIDs/sec       195.075
VCs/sec        184.807
Cnt prune sib  1
Avg prune sib  1 dev=0 min=1 max=1
Consider Size  63.0278 dev=14.5822 min=21 max=77
Move Index     -
Move Percent   -
Delta Increase 2.76991 dev=9.5547 min=1 max=71
Winner         empty
PV             i7 g8 f10 h9

HashTableStatistics:
Stores         1209
LookupAttempt  90483
LookupSuccess  4833
Collisions     0

af776 info: Search aborted.
<= 
<
>genmove w
<= f3
<
>play b j2
2a4e7 info: PlayAndSolve: Building VCs to avoid race condition.
2a4e7 info: PlayAndSolve: Continuing on as usual.
af776 info: *** PlayerThread ***
b7786 info: *** SolverThread ***
af776 info: Best move cannot be determined, must search state.
af776 info: --- MoHexPlayer::Search() ---
af776 info: Color: white
af776 info: MaxGames: 1
af776 info: NumberThreads: 1
af776 info: MaxNodes: 181818181 (15999999928 bytes)
af776 info: TimeForMove: 1
af776 info: PreSearch: max time reached (49/74).
af776 info: Time for PreSearch: 0.20242s
af776 info: 
  1ef5dd12b43da48b
  a  b  c  d  e  f  g  h  i  j  k  
 1\b  .  *  *  *  .  b  B  .  *  .\1
  2\W  *  *  *  *  W  *  *  *  *  .\2
   3\.  .  B  .  *  *  *  *  *  *  .\3
    4\.  .  B  B  *  *  *  *  *  *  B\4
     5\.  .  *  W  *  *  *  *  *  *  .\5
      6\W  *  *  *  B  *  *  B  *  *  .\6
       7\.  *  *  W  *  *  *  *  *  .  w\7
        8\B  *  *  *  *  *  *  *  *  .  w\8
         9\.  *  *  *  *  *  *  *  *  W  w\9
         10\.  *  W  *  *  *  *  *  .  w  w\10
          11\.  .  .  *  *  *  *  *  .  w  w\11
              a  b  c  d  e  f  g  h  i  j  k  
af776 info: Old: [black, a8] [white, swap-pieces] [white, j9] [black, e6] [white, c10] [black, h6] [white, d7] [black, h1] [white, f2] [black, d4] [white, a2] [black, c3] [white, a6] [black, k4] 
af776 info: New: [black, a8] [white, swap-pieces] [white, j9] [black, e6] [white, c10] [black, h6] [white, d7] [black, h1] [white, f2] [black, d4] [white, a2] [black, c3] [white, a6] [black, k4] [white, d5] [black, c4] 
af776 info: MovesPlayed: [white, d5] [black, c4] 
af776 info: No subtree to reuse.
af776 info: StartSearch()[0]
SgUctSearch: max games reached
af776 info: 
Elapsed Time   0.38932s
Count          1
GamesPlayed    1
Nodes          1
Knowledge      0 (0.0%)
Expansions     0.0
Time           0.00
GameLen        97.0 dev=0.0 min=97.0 max=97.0
InTree         0.0 dev=0.0 min=0.0 max=0.0
KnowDepth      -
Aborted        0%
Games/s        3021.1
Score          0.00
Sequence      
af776 info: 
af776 warning: **** MoHexSearch returned empty sequence!
af776 warning: **** Returning random move!
af776 info: *** Player move: f3
a7766 info: DfpnSolver::CheckAbort(): Abort flag!
b7786 info: 
MID calls      59
VC builds      56
Terminal       0
Work           59
Wasted Work    0 (0%)
Elapsed Time   0.400903
MIDs/sec       147.168
VCs/sec        139.685
Cnt prune sib  1
Avg prune sib  1 dev=0 min=1 max=1
Consider Size  60.9286 dev=8.34923 min=38 max=74
Move Index     -
Move Percent   -
Delta Increase 2.7931 dev=9.31954 min=1 max=63
Winner         empty
PV             b10 e8 d10

HashTableStatistics:
Stores         1348
LookupAttempt  100174
LookupSuccess  5422
Collisions     0

b7786 info: Search aborted.
<= 
<
>genmove w
<= k6
<
>play b b4
2a4e7 info: PlayAndSolve: Building VCs to avoid race condition.
2a4e7 info: PlayAndSolve: Continuing on as usual.
b7786 info: *** PlayerThread ***
af776 info: *** SolverThread ***
b7786 info: Best move cannot be determined, must search state.
b7786 info: --- MoHexPlayer::Search() ---
b7786 info: Color: white
b7786 info: MaxGames: 1
b7786 info: NumberThreads: 1
b7786 info: MaxNodes: 181818181 (15999999928 bytes)
b7786 info: TimeForMove: 1
b7786 info: Time for PreSearch: 0.166339s
b7786 info: 
  3d468d6154816b08
  a  b  c  d  e  f  g  h  i  j  k  
 1\b  .  *  .  *  .  b  B  b  b  b\1
  2\W  .  *  .  .  W  .  *  .  B  .\2
   3\.  .  B  b  b  W  *  *  *  *  .\3
    4\.  .  B  B  .  *  *  *  *  *  B\4
     5\.  .  *  W  .  *  *  *  *  *  .\5
      6\W  *  *  *  B  *  *  B  *  *  .\6
       7\.  *  *  W  *  *  *  *  *  .  w\7
        8\B  *  *  *  *  *  *  *  *  .  w\8
         9\.  *  *  *  *  *  *  *  *  W  w\9
         10\.  *  W  *  *  *  *  *  .  w  w\10
          11\.  .  .  *  *  *  *  *  .  w  w\11
              a  b  c  d  e  f  g  h  i  j  k  
b7786 info: Old: [black, a8] [white, swap-pieces] [white, j9] [black, e6] [white, c10] [black, h6] [white, d7] [black, h1] [white, f2] [black, d4] [white, a2] [black, c3] [white, a6] [black, k4] [white, d5] [black, c4] 
b7786 info: New: [black, a8] [white, swap-pieces] [white, j9] [black, e6] [white, c10] [black, h6] [white, d7] [black, h1] [white, f2] [black, d4] [white, a2] [black, c3] [white, a6] [black, k4] [white, d5] [black, c4] [white, f3] [black, j2] 
b7786 info: MovesPlayed: [white, f3] [black, j2] 
b7786 info: No subtree to reuse.
b7786 info: StartSearch()[0]
SgUctSearch: max games reached
b7786 info: 
Elapsed Time   0.319354s
Count          1
GamesPlayed    1
Nodes          1
Knowledge      0 (0.0%)
Expansions     0.0
Time           0.00
GameLen        90.0 dev=0.0 min=90.0 max=90.0
InTree         0.0 dev=0.0 min=0.0 max=0.0
KnowDepth      -
Aborted        0%
Games/s        3521.1
Score          0.00
Sequence      
b7786 info: 
b7786 warning: **** MoHexSearch returned empty sequence!
b7786 warning: **** Returning random move!
b7786 info: *** Player move: k6
a7766 info: DfpnSolver::CheckAbort(): Abort flag!
af776 info: 
MID calls      73
VC builds      68
Terminal       0
Work           73
Wasted Work    0 (0%)
Elapsed Time   0.326774
MIDs/sec       223.396
VCs/sec        208.095
Cnt prune sib  1
Avg prune sib  2 dev=0 min=2 max=2
Consider Size  49.1912 dev=13.006 min=20 max=63
Move Index     -
Move Percent   -
Delta Increase 2.48611 dev=7.2284 min=1 max=55
Winner         empty
PV             b10 h8 h7

HashTableStatistics:
Stores         1513
LookupAttempt  108427
LookupSuccess  5934
Collisions     0

af776 info: Search aborted.
<= 
<
>genmove w
<= b6
<
>play b i7
2a4e7 info: PlayAndSolve: Building VCs to avoid race condition.
2a4e7 info: PlayAndSolve: Continuing on as usual.
af776 info: *** PlayerThread ***
b7786 info: *** SolverThread ***
af776 info: Best move cannot be determined, must search state.
af776 info: --- MoHexPlayer::Search() ---
af776 info: Color: white
af776 info: MaxGames: 1
af776 info: NumberThreads: 1
af776 info: MaxNodes: 181818181 (15999999928 bytes)
af776 info: TimeForMove: 1
af776 info: Time for PreSearch: 0.13339s
af776 info: 
  7a0c4d974d0dbaa6
  a  b  c  d  e  f  g  h  i  j  k  
 1\b  b  b  b  b  b  b  B  b  b  b\1
  2\W  b  b  b  b  W  .  *  .  B  .\2
   3\w  b  B  b  b  W  *  *  *  *  .\3
    4\w  B  B  B  .  *  *  *  *  *  B\4
     5\b  .  *  W  .  *  *  *  *  *  .\5
      6\W  *  *  *  B  *  *  B  *  *  W\6
       7\.  *  *  W  *  *  *  *  *  .  b\7
        8\B  *  *  *  *  *  *  *  *  .  w\8
         9\.  *  *  *  *  *  *  *  *  W  w\9
         10\.  *  W  *  *  *  *  *  .  w  w\10
          11\.  .  .  *  *  *  *  *  .  w  w\11
              a  b  c  d  e  f  g  h  i  j  k  
af776 info: Old: [black, a8] [white, swap-pieces] [white, j9] [black, e6] [white, c10] [black, h6] [white, d7] [black, h1] [white, f2] [black, d4] [white, a2] [black, c3] [white, a6] [black, k4] [white, d5] [black, c4] [white, f3] [black, j2] 
af776 info: New: [black, a8] [white, swap-pieces] [white, j9] [black, e6] [white, c10] [black, h6] [white, d7] [black, h1] [white, f2] [black, d4] [white, a2] [black, c3] [white, a6] [black, k4] [white, d5] [black, c4] [white, f3] [black, j2] [white, k6] [black, b4] 
af776 info: MovesPlayed: [white, k6] [black, b4] 
af776 info: No subtree to reuse.
af776 info: StartSearch()[0]
SgUctSearch: max games reached
af776 info: 
Elapsed Time   0.584548s
Count          1
GamesPlayed    1
Nodes          1
Knowledge      0 (0.0%)
Expansions     0.0
Time           0.00
GameLen        75.0 dev=0.0 min=75.0 max=75.0
InTree         0.0 dev=0.0 min=0.0 max=0.0
KnowDepth      -
Aborted        0%
Games/s        2247.2
Score          1.00
Sequence      
af776 info: 
af776 warning: **** MoHexSearch returned empty sequence!
af776 warning: **** Returning random move!
af776 info: *** Player move: b6
a7766 info: DfpnSolver::CheckAbort(): Abort flag!
b7786 info: 
MID calls      109
VC builds      101
Terminal       0
Work           109
Wasted Work    0 (0%)
Elapsed Time   0.595349
MIDs/sec       183.086
VCs/sec        169.648
Cnt prune sib  2
Avg prune sib  2.5 dev=1.5 min=1 max=4
Consider Size  46.5644 dev=10.3028 min=17 max=57
Move Index     -
Move Percent   -
Delta Increase 2.80556 dev=7.62241 min=1 max=50
Winner         empty
PV             e9 h5 g8 h8

HashTableStatistics:
Stores         1749
LookupAttempt  117902
LookupSuccess  6480
Collisions     0

b7786 info: Search aborted.
<= 
<
>genmove w
<= i6
<
>play b b9
2a4e7 info: PlayAndSolve: Building VCs to avoid race condition.
2a4e7 info: PlayAndSolve: Continuing on as usual.
b7786 info: *** PlayerThread ***
af776 info: *** SolverThread ***
b7786 info: Best move cannot be determined, must search state.
b7786 info: --- MoHexPlayer::Search() ---
b7786 info: Color: white
b7786 info: MaxGames: 1
b7786 info: NumberThreads: 1
b7786 info: MaxNodes: 181818181 (15999999928 bytes)
b7786 info: TimeForMove: 1
b7786 info: Time for PreSearch: 0.127696s
b7786 info: 
  646ca0199805b467
  a  b  c  d  e  f  g  h  i  j  k  
 1\b  b  b  b  b  b  b  B  b  b  b\1
  2\W  b  b  b  b  W  .  *  .  B  .\2
   3\w  b  B  b  b  W  *  *  *  *  .\3
    4\w  B  B  B  .  *  *  *  *  *  B\4
     5\b  b  .  W  .  *  *  *  *  *  .\5
      6\W  W  .  .  B  *  *  B  *  .  W\6
       7\b  *  .  W  *  *  *  *  B  w  b\7
        8\B  .  .  *  *  *  *  *  .  w  w\8
         9\.  .  .  *  *  *  *  *  .  W  w\9
         10\.  .  W  *  *  *  *  .  .  w  w\10
          11\.  .  .  *  *  *  *  .  .  w  w\11
              a  b  c  d  e  f  g  h  i  j  k  
b7786 info: Old: [black, a8] [white, swap-pieces] [white, j9] [black, e6] [white, c10] [black, h6] [white, d7] [black, h1] [white, f2] [black, d4] [white, a2] [black, c3] [white, a6] [black, k4] [white, d5] [black, c4] [white, f3] [black, j2] [white, k6] [black, b4] 
b7786 info: New: [black, a8] [white, swap-pieces] [white, j9] [black, e6] [white, c10] [black, h6] [white, d7] [black, h1] [white, f2] [black, d4] [white, a2] [black, c3] [white, a6] [black, k4] [white, d5] [black, c4] [white, f3] [black, j2] [white, k6] [black, b4] [white, b6] [black, i7] 
b7786 info: MovesPlayed: [white, b6] [black, i7] 
b7786 info: No subtree to reuse.
b7786 info: StartSearch()[0]
SgUctSearch: max games reached
b7786 info: 
Elapsed Time   0.303973s
Count          1
GamesPlayed    1
Nodes          1
Knowledge      0 (0.0%)
Expansions     0.0
Time           0.00
GameLen        69.0 dev=0.0 min=69.0 max=69.0
InTree         0.0 dev=0.0 min=0.0 max=0.0
KnowDepth      -
Aborted        0%
Games/s        2907.0
Score          1.00
Sequence      
b7786 info: 
b7786 warning: **** MoHexSearch returned empty sequence!
b7786 warning: **** Returning random move!
b7786 info: *** Player move: i6
a7766 info: DfpnSolver::CheckAbort(): Abort flag!
af776 info: 
MID calls      47
VC builds      44
Terminal       0
Work           47
Wasted Work    0 (0%)
Elapsed Time   0.318563
MIDs/sec       147.538
VCs/sec        138.12
Cnt prune sib  1
Avg prune sib  4 dev=0 min=4 max=4
Consider Size  34.3409 dev=14.754 min=9 max=51
Move Index     -
Move Percent   -
Delta Increase 2.54348 dev=7.03317 min=1 max=47
Winner         empty
PV             i4 f10 g5

HashTableStatistics:
Stores         1857
LookupAttempt  122191
LookupSuccess  6785
Collisions     0

af776 info: Search aborted.
<= 
<
>genmove w
<= h9
<
>play b k3
2a4e7 info: PlayAndSolve: Building VCs to avoid race condition.
2a4e7 info: PlayAndSolve: Continuing on as usual.
af776 info: *** PlayerThread ***
b7786 info: *** SolverThread ***
af776 info: Best move cannot be determined, must search state.
af776 info: --- MoHexPlayer::Search() ---
af776 info: Color: white
af776 info: MaxGames: 1
af776 info: NumberThreads: 1
af776 info: MaxNodes: 181818181 (15999999928 bytes)
af776 info: TimeForMove: 1
af776 info: Time for PreSearch: 0.098741s
af776 info: 
  54bba7bf88c5dcf0
  a  b  c  d  e  f  g  h  i  j  k  
 1\b  b  b  b  b  b  b  B  b  b  b\1
  2\W  b  b  b  b  W  .  *  .  B  .\2
   3\w  b  B  b  b  W  *  *  *  *  .\3
    4\w  B  B  B  .  *  *  *  *  *  B\4
     5\b  b  .  W  .  *  *  *  *  *  .\5
      6\W  W  .  .  B  *  *  B  W  .  W\6
       7\b  .  .  W  *  *  *  *  B  w  b\7
        8\B  *  *  *  *  *  *  *  .  w  w\8
         9\.  B  *  *  *  *  *  *  .  W  w\9
         10\.  *  W  *  *  *  *  .  .  w  w\10
          11\.  .  .  *  *  *  *  .  .  w  w\11
              a  b  c  d  e  f  g  h  i  j  k  
af776 info: Old: [black, a8] [white, swap-pieces] [white, j9] [black, e6] [white, c10] [black, h6] [white, d7] [black, h1] [white, f2] [black, d4] [white, a2] [black, c3] [white, a6] [black, k4] [white, d5] [black, c4] [white, f3] [black, j2] [white, k6] [black, b4] [white, b6] [black, i7] 
af776 info: New: [black, a8] [white, swap-pieces] [white, j9] [black, e6] [white, c10] [black, h6] [white, d7] [black, h1] [white, f2] [black, d4] [white, a2] [black, c3] [white, a6] [black, k4] [white, d5] [black, c4] [white, f3] [black, j2] [white, k6] [black, b4] [white, b6] [black, i7] [white, i6] [black, b9] 
af776 info: MovesPlayed: [white, i6] [black, b9] 
af776 info: No subtree to reuse.
af776 info: StartSearch()[0]
SgUctSearch: max games reached
af776 info: 
Elapsed Time   0.278917s
Count          1
GamesPlayed    1
Nodes          1
Knowledge      0 (0.0%)
Expansions     0.0
Time           0.00
GameLen        67.0 dev=0.0 min=67.0 max=67.0
InTree         0.0 dev=0.0 min=0.0 max=0.0
KnowDepth      -
Aborted        0%
Games/s        2785.5
Score          0.00
Sequence      
af776 info: 
af776 warning: **** MoHexSearch returned empty sequence!
af776 warning: **** Returning random move!
af776 info: *** Player move: h9
a7766 info: DfpnSolver::CheckAbort(): Abort flag!
b7786 info: 
MID calls      58
VC builds      53
Terminal       0
Work           58
Wasted Work    0 (0%)
Elapsed Time   0.288392
MIDs/sec       201.115
VCs/sec        183.778
Cnt prune sib  2
Avg prune sib  2 dev=1 min=1 max=3
Consider Size  35.717 dev=8.6622 min=10 max=45
Move Index     -
Move Percent   -
Delta Increase 2.61404 dev=6.23447 min=1 max=41
Winner         empty
PV             g8 j6 h9

HashTableStatistics:
Stores         1987
LookupAttempt  126825
LookupSuccess  7097
Collisions     0

b7786 info: Search aborted.
<= 
<
>genmove w
<= h3
<
>play b e9
2a4e7 info: PlayAndSolve: Building VCs to avoid race condition.
2a4e7 info: PlayAndSolve: Continuing on as usual.
b7786 info: *** PlayerThread ***
af776 info: *** SolverThread ***
b7786 info: Best move cannot be determined, must search state.
b7786 info: --- MoHexPlayer::Search() ---
b7786 info: Color: white
b7786 info: MaxGames: 1
b7786 info: NumberThreads: 1
b7786 info: MaxNodes: 181818181 (15999999928 bytes)
b7786 info: TimeForMove: 1
b7786 info: Time for PreSearch: 0.073216s
b7786 info: 
  41ca5c5803ab0423
  a  b  c  d  e  f  g  h  i  j  k  
 1\b  b  b  b  b  b  b  B  b  b  b\1
  2\W  b  b  b  b  W  .  *  .  B  .\2
   3\w  b  B  b  b  W  *  *  *  *  B\3
    4\w  B  B  B  .  *  *  *  *  *  B\4
     5\b  b  .  W  .  *  *  *  *  *  .\5
      6\W  W  .  .  B  *  *  B  W  .  W\6
       7\b  .  .  W  *  *  *  *  B  w  b\7
        8\B  *  *  *  *  *  *  .  w  w  w\8
         9\.  B  *  *  *  *  *  W  w  W  w\9
         10\.  *  W  *  *  *  .  w  w  w  w\10
          11\.  .  .  *  *  *  .  w  w  w  w\11
              a  b  c  d  e  f  g  h  i  j  k  
b7786 info: Old: [black, a8] [white, swap-pieces] [white, j9] [black, e6] [white, c10] [black, h6] [white, d7] [black, h1] [white, f2] [black, d4] [white, a2] [black, c3] [white, a6] [black, k4] [white, d5] [black, c4] [white, f3] [black, j2] [white, k6] [black, b4] [white, b6] [black, i7] [white, i6] [black, b9] 
b7786 info: New: [black, a8] [white, swap-pieces] [white, j9] [black, e6] [white, c10] [black, h6] [white, d7] [black, h1] [white, f2] [black, d4] [white, a2] [black, c3] [white, a6] [black, k4] [white, d5] [black, c4] [white, f3] [black, j2] [white, k6] [black, b4] [white, b6] [black, i7] [white, i6] [black, b9] [white, h9] [black, k3] 
b7786 info: MovesPlayed: [white, h9] [black, k3] 
b7786 info: No subtree to reuse.
b7786 info: StartSearch()[0]
SgUctSearch: max games reached
b7786 info: 
Elapsed Time   0.236857s
Count          1
GamesPlayed    1
Nodes          1
Knowledge      0 (0.0%)
Expansions     0.0
Time           0.00
GameLen        59.0 dev=0.0 min=59.0 max=59.0
InTree         0.0 dev=0.0 min=0.0 max=0.0
KnowDepth      -
Aborted        0%
Games/s        3802.3
Score          1.00
Sequence      
b7786 info: 
b7786 warning: **** MoHexSearch returned empty sequence!
b7786 warning: **** Returning random move!
b7786 info: *** Player move: h3
a7766 info: DfpnSolver::CheckAbort(): Abort flag!
af776 info: 
MID calls      64
VC builds      55
Terminal       0
Work           64
Wasted Work    0 (0%)
Elapsed Time   0.24456
MIDs/sec       261.694
VCs/sec        224.894
Cnt prune sib  1
Avg prune sib  1 dev=0 min=1 max=1
Consider Size  22.8182 dev=11.3588 min=7 max=41
Move Index     -
Move Percent   -
Delta Increase 2.8254 dev=4.58618 min=1 max=25
Winner         empty
PV             e10 f10 g8

HashTableStatistics:
Stores         2131
LookupAttempt  130879
LookupSuccess  7473
Collisions     0

af776 info: Search aborted.
<= 
<
>genmove w
<= f5
<
>play b d6
2a4e7 info: PlayAndSolve: Building VCs to avoid race condition.
2a4e7 info: PlayAndSolve: Continuing on as usual.
af776 info: *** PlayerThread ***
b7786 info: *** SolverThread ***
af776 info: Best move cannot be determined, must search state.
af776 info: --- MoHexPlayer::Search() ---
af776 info: Color: white
af776 info: MaxGames: 1
af776 info: NumberThreads: 1
af776 info: MaxNodes: 181818181 (15999999928 bytes)
af776 info: TimeForMove: 1
af776 info: Time for PreSearch: 0.02601s
af776 info: 
  164ba6e0600b5311
  a  b  c  d  e  f  g  h  i  j  k  
 1\b  b  b  b  b  b  b  B  b  b  b\1
  2\W  b  b  b  b  W  b  b  b  B  .\2
   3\w  b  B  b  b  W  *  W  .  *  B\3
    4\w  B  B  B  .  *  .  .  .  .  B\4
     5\b  b  .  W  .  *  .  .  *  .  .\5
      6\W  W  .  .  B  *  *  B  W  .  W\6
       7\b  .  .  W  *  *  *  .  B  w  b\7
        8\B  .  .  .  *  *  .  .  w  w  w\8
         9\.  B  .  .  B  *  .  W  w  W  w\9
         10\.  .  W  .  .  *  .  w  w  w  w\10
          11\.  .  .  *  .  *  .  w  w  w  w\11
              a  b  c  d  e  f  g  h  i  j  k  
af776 info: Old: [black, a8] [white, swap-pieces] [white, j9] [black, e6] [white, c10] [black, h6] [white, d7] [black, h1] [white, f2] [black, d4] [white, a2] [black, c3] [white, a6] [black, k4] [white, d5] [black, c4] [white, f3] [black, j2] [white, k6] [black, b4] [white, b6] [black, i7] [white, i6] [black, b9] [white, h9] [black, k3] 
af776 info: New: [black, a8] [white, swap-pieces] [white, j9] [black, e6] [white, c10] [black, h6] [white, d7] [black, h1] [white, f2] [black, d4] [white, a2] [black, c3] [white, a6] [black, k4] [white, d5] [black, c4] [white, f3] [black, j2] [white, k6] [black, b4] [white, b6] [black, i7] [white, i6] [black, b9] [white, h9] [black, k3] [white, h3] [black, e9] 
af776 info: MovesPlayed: [white, h3] [black, e9] 
af776 info: No subtree to reuse.
af776 info: StartSearch()[0]
SgUctSearch: max games reached
af776 info: 
Elapsed Time   0.205404s
Count          1
GamesPlayed    1
Nodes          1
Knowledge      0 (0.0%)
Expansions     0.0
Time           0.00
GameLen        54.0 dev=0.0 min=54.0 max=54.0
InTree         0.0 dev=0.0 min=0.0 max=0.0
KnowDepth      -
Aborted        0%
Games/s        3003.0
Score          0.00
Sequence      
af776 info: 
af776 warning: **** MoHexSearch returned empty sequence!
af776 warning: **** Returning random move!
af776 info: *** Player move: f5
a7766 info: DfpnSolver::CheckAbort(): Abort flag!
b7786 info: 
MID calls      72
VC builds      53
Terminal       0
Work           72
Wasted Work    0 (0%)
Elapsed Time   0.212908
MIDs/sec       338.174
VCs/sec        248.934
Cnt prune sib  4
Avg prune sib  1.25 dev=0.433013 min=1 max=2
Consider Size  18.3962 dev=10.5604 min=1 max=33
Move Index     -
Move Percent   -
Delta Increase 3.51429 dev=4.56303 min=1 max=19
Winner         empty
PV             f10 d10 f8 e7 e8 d8 b10 d9

HashTableStatistics:
Stores         2277
LookupAttempt  132598
LookupSuccess  7649
Collisions     0

b7786 info: Search aborted.
<= 
<
>genmove w
<= g5
<
>play b a9
2a4e7 info: PlayAndSolve: Building VCs to avoid race condition.
2a4e7 info: PlayAndSolve: Continuing on as usual.
b7786 info: *** PlayerThread ***
af776 info: *** SolverThread ***
b7786 info: Best move cannot be determined, must search state.
b7786 info: --- MoHexPlayer::Search() ---
b7786 info: Color: white
b7786 info: MaxGames: 1
b7786 info: NumberThreads: 1
b7786 info: MaxNodes: 181818181 (15999999928 bytes)
b7786 info: TimeForMove: 1
b7786 info: Time for PreSearch: 0.057827s
b7786 info: 
  f0f48d9971bae890
  a  b  c  d  e  f  g  h  i  j  k  
 1\b  b  b  b  b  b  b  B  b  b  b\1
  2\W  b  b  b  b  W  b  b  b  B  .\2
   3\w  b  B  b  b  W  *  W  *  *  B\3
    4\w  B  B  B  .  .  .  *  *  *  B\4
     5\b  b  .  W  .  W  *  *  *  *  .\5
      6\W  W  .  B  B  *  *  B  W  .  W\6
       7\b  .  .  W  *  *  *  *  B  w  b\7
        8\B  .  .  *  *  *  *  .  w  w  w\8
         9\.  B  .  .  B  *  *  W  w  W  w\9
         10\.  .  W  .  .  *  .  w  w  w  w\10
          11\.  .  .  *  .  *  .  w  w  w  w\11
              a  b  c  d  e  f  g  h  i  j  k  
b7786 info: Old: [black, a8] [white, swap-pieces] [white, j9] [black, e6] [white, c10] [black, h6] [white, d7] [black, h1] [white, f2] [black, d4] [white, a2] [black, c3] [white, a6] [black, k4] [white, d5] [black, c4] [white, f3] [black, j2] [white, k6] [black, b4] [white, b6] [black, i7] [white, i6] [black, b9] [white, h9] [black, k3] [white, h3] [black, e9] 
b7786 info: New: [black, a8] [white, swap-pieces] [white, j9] [black, e6] [white, c10] [black, h6] [white, d7] [black, h1] [white, f2] [black, d4] [white, a2] [black, c3] [white, a6] [black, k4] [white, d5] [black, c4] [white, f3] [black, j2] [white, k6] [black, b4] [white, b6] [black, i7] [white, i6] [black, b9] [white, h9] [black, k3] [white, h3] [black, e9] [white, f5] [black, d6] 
b7786 info: MovesPlayed: [white, f5] [black, d6] 
b7786 info: No subtree to reuse.
b7786 info: StartSearch()[0]
SgUctSearch: max games reached
b7786 info: 
Elapsed Time   0.223573s
Count          1
GamesPlayed    1
Nodes          1
Knowledge      0 (0.0%)
Expansions     0.0
Time           0.00
GameLen        52.0 dev=0.0 min=52.0 max=52.0
InTree         0.0 dev=0.0 min=0.0 max=0.0
KnowDepth      -
Aborted        0%
Games/s        4065.0
Score          0.00
Sequence      
b7786 info: 
b7786 warning: **** MoHexSearch returned empty sequence!
b7786 warning: **** Returning random move!
b7786 info: *** Player move: g5
a7766 info: DfpnSolver::CheckAbort(): Abort flag!
af776 info: 
MID calls      63
VC builds      54
Terminal       0
Work           63
Wasted Work    0 (0%)
Elapsed Time   0.231041
MIDs/sec       272.679
VCs/sec        233.725
Cnt prune sib  4
Avg prune sib  2 dev=1.22474 min=1 max=4
Consider Size  19.9815 dev=7.79717 min=6 max=35
Move Index     -
Move Percent   -
Delta Increase 2.43548 dev=3.5452 min=1 max=22
Winner         empty
PV             i5 h7 j6

HashTableStatistics:
Stores         2416
LookupAttempt  135524
LookupSuccess  7923
Collisions     0

af776 info: Search aborted.
<= 
<
>genmove w
<= c8
<
>play b i5
2a4e7 info: PlayAndSolve: Building VCs to avoid race condition.
2a4e7 info: PlayAndSolve: Continuing on as usual.
af776 info: *** PlayerThread ***
b7786 info: *** SolverThread ***
af776 info: Best move cannot be determined, must search state.
af776 info: --- MoHexPlayer::Search() ---
af776 info: Color: white
af776 info: MaxGames: 1
af776 info: NumberThreads: 1
af776 info: MaxNodes: 181818181 (15999999928 bytes)
af776 info: TimeForMove: 1
af776 info: Time for PreSearch: 0.055004s
af776 info: 
  33737a4c8b140729
  a  b  c  d  e  f  g  h  i  j  k  
 1\b  b  b  b  b  b  b  B  b  b  b\1
  2\W  b  b  b  b  W  b  b  b  B  .\2
   3\w  b  B  b  b  W  .  W  .  *  B\3
    4\w  B  B  B  .  .  .  .  *  *  B\4
     5\b  b  .  W  .  W  W  .  *  *  .\5
      6\W  W  .  B  B  .  .  B  W  .  W\6
       7\b  *  *  W  *  *  *  *  B  w  b\7
        8\B  .  *  *  *  *  *  .  w  w  w\8
         9\B  B  .  .  B  *  *  W  w  W  w\9
         10\.  *  W  .  .  *  .  w  w  w  w\10
          11\.  .  .  *  .  *  .  w  w  w  w\11
              a  b  c  d  e  f  g  h  i  j  k  
af776 info: Old: [black, a8] [white, swap-pieces] [white, j9] [black, e6] [white, c10] [black, h6] [white, d7] [black, h1] [white, f2] [black, d4] [white, a2] [black, c3] [white, a6] [black, k4] [white, d5] [black, c4] [white, f3] [black, j2] [white, k6] [black, b4] [white, b6] [black, i7] [white, i6] [black, b9] [white, h9] [black, k3] [white, h3] [black, e9] [white, f5] [black, d6] 
af776 info: New: [black, a8] [white, swap-pieces] [white, j9] [black, e6] [white, c10] [black, h6] [white, d7] [black, h1] [white, f2] [black, d4] [white, a2] [black, c3] [white, a6] [black, k4] [white, d5] [black, c4] [white, f3] [black, j2] [white, k6] [black, b4] [white, b6] [black, i7] [white, i6] [black, b9] [white, h9] [black, k3] [white, h3] [black, e9] [white, f5] [black, d6] [white, g5] [black, a9] 
af776 info: MovesPlayed: [white, g5] [black, a9] 
af776 info: No subtree to reuse.
af776 info: StartSearch()[0]
SgUctSearch: max games reached
af776 info: 
Elapsed Time   0.214923s
Count          1
GamesPlayed    1
Nodes          1
Knowledge      0 (0.0%)
Expansions     0.0
Time           0.00
GameLen        50.0 dev=0.0 min=50.0 max=50.0
InTree         0.0 dev=0.0 min=0.0 max=0.0
KnowDepth      -
Aborted        0%
Games/s        3649.6
Score          1.00
Sequence      
af776 info: 
af776 warning: **** MoHexSearch returned empty sequence!
af776 warning: **** Returning random move!
af776 info: *** Player move: c8
a7766 info: DfpnSolver::CheckAbort(): Abort flag!
b7786 info: 
MID calls      60
VC builds      48
Terminal       1
Work           61
Wasted Work    4 (6.55738%)
Elapsed Time   0.231335
MIDs/sec       259.364
VCs/sec        207.491
Cnt prune sib  3
Avg prune sib  2 dev=0.816496 min=1 max=3
Consider Size  13.3191 dev=8.04537 min=1 max=29
Move Index     1 dev=0 min=1 max=1
Move Percent   0.1 dev=0 min=0.1 max=0.1
Delta Increase 2.49153 dev=2.51351 min=1 max=12
Winner         empty
PV             g8 f7 d11 i5

HashTableStatistics:
Stores         2546
LookupAttempt  137368
LookupSuccess  8148
Collisions     0

b7786 info: Search aborted.
<= 
<
>genmove w
<= c7
<
>play b f7
2a4e7 info: PlayAndSolve: Building VCs to avoid race condition.
2a4e7 info: PlayAndSolve: Continuing on as usual.
b7786 info: *** PlayerThread ***
af776 info: *** SolverThread ***
b7786 info: Best move cannot be determined, must search state.
b7786 info: --- MoHexPlayer::Search() ---
b7786 info: Color: white
b7786 info: MaxGames: 1
b7786 info: NumberThreads: 1
b7786 info: MaxNodes: 181818181 (15999999928 bytes)
b7786 info: TimeForMove: 1
b7786 info: Time for PreSearch: 0.015252s
b7786 info: 
  123372e0a0f6607a
  a  b  c  d  e  f  g  h  i  j  k  
 1\b  b  b  b  b  b  b  B  b  b  b\1
  2\W  b  b  b  b  W  b  b  b  B  .\2
   3\w  b  B  b  b  W  .  W  .  *  B\3
    4\w  B  B  B  .  .  .  .  .  .  B\4
     5\b  b  .  W  .  W  W  .  B  *  .\5
      6\W  W  .  B  B  .  .  B  W  .  W\6
       7\b  .  .  W  .  .  *  .  B  w  b\7
        8\B  .  W  .  .  *  .  .  w  w  w\8
         9\B  B  .  .  B  *  .  W  w  W  w\9
         10\.  .  W  .  .  *  .  w  w  w  w\10
          11\.  .  .  *  .  *  .  w  w  w  w\11
              a  b  c  d  e  f  g  h  i  j  k  
b7786 info: Old: [black, a8] [white, swap-pieces] [white, j9] [black, e6] [white, c10] [black, h6] [white, d7] [black, h1] [white, f2] [black, d4] [white, a2] [black, c3] [white, a6] [black, k4] [white, d5] [black, c4] [white, f3] [black, j2] [white, k6] [black, b4] [white, b6] [black, i7] [white, i6] [black, b9] [white, h9] [black, k3] [white, h3] [black, e9] [white, f5] [black, d6] [white, g5] [black, a9] 
b7786 info: New: [black, a8] [white, swap-pieces] [white, j9] [black, e6] [white, c10] [black, h6] [white, d7] [black, h1] [white, f2] [black, d4] [white, a2] [black, c3] [white, a6] [black, k4] [white, d5] [black, c4] [white, f3] [black, j2] [white, k6] [black, b4] [white, b6] [black, i7] [white, i6] [black, b9] [white, h9] [black, k3] [white, h3] [black, e9] [white, f5] [black, d6] [white, g5] [black, a9] [white, c8] [black, i5] 
b7786 info: MovesPlayed: [white, c8] [black, i5] 
b7786 info: No subtree to reuse.
b7786 info: StartSearch()[0]
SgUctSearch: max games reached
b7786 info: 
Elapsed Time   0.176126s
Count          1
GamesPlayed    1
Nodes          1
Knowledge      0 (0.0%)
Expansions     0.0
Time           0.00
GameLen        48.0 dev=0.0 min=48.0 max=48.0
InTree         0.0 dev=0.0 min=0.0 max=0.0
KnowDepth      -
Aborted        0%
Games/s        3831.4
Score          0.00
Sequence      
b7786 info: 
b7786 warning: **** MoHexSearch returned empty sequence!
b7786 warning: **** Returning random move!
b7786 info: *** Player move: c7
a7766 info: DfpnSolver::CheckAbort(): Abort flag!
af776 info: 
MID calls      49
VC builds      38
Terminal       0
Work           49
Wasted Work    0 (0%)
Elapsed Time   0.185475
MIDs/sec       264.187
VCs/sec        204.879
Cnt prune sib  0
Avg prune sib  -
Consider Size  11.6842 dev=4.80737 min=3 max=23
Move Index     -
Move Percent   -
Delta Increase 2.14583 dev=2.50823 min=1 max=13
Winner         empty
PV             g7 e5 e4 g6

HashTableStatistics:
Stores         2648
LookupAttempt  138192
LookupSuccess  8259
Collisions     0

af776 info: Search aborted.
<= 
<
>genmove w
<= g6
<
>play b g7
2a4e7 info: PlayAndSolve: Building VCs to avoid race condition.
2a4e7 info: PlayAndSolve: Continuing on as usual.
af776 info: *** PlayerThread ***
b7786 info: *** SolverThread ***
af776 info: Opponent has won; playing most blocking move.
af776 info: *** Player move: g6
b7786 info: 
MID calls      0
VC builds      1
Terminal       1
Work           1
Wasted Work    0 (0%)
Elapsed Time   0.006239
MIDs/sec       0
VCs/sec        160.282
Cnt prune sib  0
Avg prune sib  -
Consider Size  -
Move Index     -
Move Percent   -
Delta Increase -
Winner         black
PV             

HashTableStatistics:
Stores         2649
LookupAttempt  138198
LookupSuccess  8262
Collisions     0

<= 
<
>genmove w
<= e8
<
>play b f8
2a4e7 info: PlayAndSolve: Building VCs to avoid race condition.
2a4e7 info: PlayAndSolve: Continuing on as usual.
b7786 info: *** PlayerThread ***
af776 info: *** SolverThread ***
b7786 info: Opponent has won; playing most blocking move.
b7786 info: *** Player move: e8
af776 info: 
MID calls      0
VC builds      1
Terminal       1
Work           1
Wasted Work    0 (0%)
Elapsed Time   0.005619
MIDs/sec       0
VCs/sec        177.968
Cnt prune sib  0
Avg prune sib  -
Consider Size  -
Move Index     -
Move Percent   -
Delta Increase -
Winner         black
PV             

HashTableStatistics:
Stores         2650
LookupAttempt  138204
LookupSuccess  8265
Collisions     0

<= 
<
>genmove w
<= j3
<
>play b k2
2a4e7 info: PlayAndSolve: Building VCs to avoid race condition.
2a4e7 info: PlayAndSolve: Continuing on as usual.
af776 info: *** PlayerThread ***
b7786 info: *** SolverThread ***
af776 info: Opponent has won; playing most blocking move.
af776 info: *** Player move: j3
b7786 info: 
MID calls      0
VC builds      1
Terminal       1
Work           1
Wasted Work    0 (0%)
Elapsed Time   0.005637
MIDs/sec       0
VCs/sec        177.399
Cnt prune sib  0
Avg prune sib  -
Consider Size  -
Move Index     -
Move Percent   -
Delta Increase -
Winner         black
PV             

HashTableStatistics:
Stores         2651
LookupAttempt  138210
LookupSuccess  8268
Collisions     0

<= 
<
>genmove w
<= j5
<
>play b j4
2a4e7 info: PlayAndSolve: Building VCs to avoid race condition.
2a4e7 info: PlayAndSolve: Continuing on as usual.
b7786 info: *** PlayerThread ***
af776 info: *** SolverThread ***
b7786 info: Opponent has won; playing most blocking move.
b7786 info: *** Player move: j5
af776 info: 
MID calls      0
VC builds      1
Terminal       1
Work           1
Wasted Work    0 (0%)
Elapsed Time   0.004426
MIDs/sec       0
VCs/sec        225.938
Cnt prune sib  0
Avg prune sib  -
Consider Size  -
Move Index     -
Move Percent   -
Delta Increase -
Winner         black
PV             

HashTableStatistics:
Stores         2652
LookupAttempt  138216
LookupSuccess  8271
Collisions     0

<= 
<
>genmove w
<= d11
<
>play b f10
2a4e7 info: PlayAndSolve: Building VCs to avoid race condition.
2a4e7 info: PlayAndSolve: Continuing on as usual.
af776 info: *** PlayerThread ***
b7786 info: *** SolverThread ***
af776 info: Opponent has won; playing most blocking move.
af776 info: *** Player move: d11
b7786 info: 
MID calls      0
VC builds      1
Terminal       1
Work           1
Wasted Work    0 (0%)
Elapsed Time   0.00405
MIDs/sec       0
VCs/sec        246.914
Cnt prune sib  0
Avg prune sib  -
Consider Size  -
Move Index     -
Move Percent   -
Delta Increase -
Winner         black
PV             

HashTableStatistics:
Stores         2653
LookupAttempt  138222
LookupSuccess  8274
Collisions     0

<= 
<
>genmove w
<= f11
<
>play b e11
2a4e7 info: PlayAndSolve: Building VCs to avoid race condition.
2a4e7 info: PlayAndSolve: Continuing on as usual.
b7786 info: *** PlayerThread ***
af776 info: *** SolverThread ***
b7786 info: Captured cells caused win! Removing...
af776 info: 
MID calls      0
VC builds      1
Terminal       1
Work           1
Wasted Work    0 (0%)
Elapsed Time   0.002378
MIDs/sec       0
VCs/sec        420.521
Cnt prune sib  0
Avg prune sib  -
Consider Size  -
Move Index     -
Move Percent   -
Delta Increase -
Winner         black
PV             

HashTableStatistics:
Stores         2654
LookupAttempt  138228
LookupSuccess  8277
Collisions     0

b7786 info: Opponent has won; playing most blocking move.
b7786 info: *** Player move: f11
<= 
<
>genmove w
<= f9
<
>play b e10
2a4e7 info: PlayAndSolve: Building VCs to avoid race condition.
2a4e7 info: PlayAndSolve: Continuing on as usual.
af776 info: *** PlayerThread ***
b7786 info: *** SolverThread ***
af776 info: Captured cells caused win! Removing...
b7786 info: 
MID calls      0
VC builds      1
Terminal       1
Work           1
Wasted Work    0 (0%)
Elapsed Time   0.002633
MIDs/sec       0
VCs/sec        379.795
Cnt prune sib  0
Avg prune sib  -
Consider Size  -
Move Index     -
Move Percent   -
Delta Increase -
Winner         black
PV             

HashTableStatistics:
Stores         2655
LookupAttempt  138234
LookupSuccess  8280
Collisions     0

af776 info: Opponent has won; playing most blocking move.
af776 info: *** Player move: f9
<= 
<
>genmove w
<= j1
<
>play b k1
2a4e7 info: PlayAndSolve: Building VCs to avoid race condition.
2a4e7 info: PlayAndSolve: Continuing on as usual.
b7786 info: *** PlayerThread ***
af776 info: *** SolverThread ***
b7786 info: Captured cells caused win! Removing...
af776 info: 
MID calls      0
VC builds      1
Terminal       1
Work           1
Wasted Work    0 (0%)
Elapsed Time   0.003519
MIDs/sec       0
VCs/sec        284.172
Cnt prune sib  0
Avg prune sib  -
Consider Size  -
Move Index     -
Move Percent   -
Delta Increase -
Winner         black
PV             

HashTableStatistics:
Stores         2656
LookupAttempt  138240
LookupSuccess  8283
Collisions     0

b7786 info: Opponent has won; playing most blocking move.
b7786 info: *** Player move: j1
<= 
<
>genmove w
<= resign
<
>final_score
<= B+
<
>quit
<= 
<
