# nice ../build/src/mohex/mohex --config mohex-cg2010.htp --seed 212409 --logfile-name jobs/11x11-mohex-mohex-weak-vs-mohex-mohex-cg2010/mohex-mohex-cg2010-16.log
>boardsize 11 11
MoHex 2.0.CMake Mar 21 2025
Copyright (C) 2007-2012 by the authors of the Benzene project.
This program comes with ABSOLUTELY NO WARRANTY. This is
free software and you are welcome to redistribute it under
certain conditions. Type `benzene-license' for details.

SgRandom::SetSeed: 212409
SgUctSearch: system memory 33632358400, using 1000000000 (5681818 nodes)
SgRandom::SetSeed: 1
SgRandom::SetSeed: 212409
59677 info: Prior Patterns:
59677 info: Global:
59677 info: Size            = 565 32648 
59677 info: TableEntries    = 65932 65910
59677 info: MirrorsAdded    = 0 0
59677 info: PrunableCount   = 30593 30629
59677 info: LargestGamma    = 5820.77
59677 info: SmallestGamma   = 6.6e-05
59677 info: Local:
59677 info: Size            = 550 5318 
59677 info: TableEntries    = 11602 11588
59677 info: MirrorsAdded    = 0 0
59677 info: PrunableCount   = 3659 3667
59677 info: LargestGamma    = 11281.8
59677 info: SmallestGamma   = 0.026235
59677 info: Playout Patterns:
59677 info: Global:
59677 info: Size            = 565 32648 
59677 info: TableEntries    = 70329 70329
59677 info: MirrorsAdded    = 4397 4419
59677 info: PrunableCount   = 30593 30629
59677 info: LargestGamma    = 5820.77
59677 info: SmallestGamma   = 6.6e-05
59677 info: Local:
59677 info: Size            = 550 5318 
59677 info: TableEntries    = 11602 11588
59677 info: MirrorsAdded    = 0 0
59677 info: PrunableCount   = 3659 3667
59677 info: LargestGamma    = 11281.8
59677 info: SmallestGamma   = 0.026235
param_game allow_swap 1
= 

param_mohex max_memory 32000000000
= 

param_mohex num_threads 1
= 

param_mohex max_time 1
= 

param_mohex max_games 1
= 

param_mohex knowledge_threshold 400
= 

param_mohex reuse_subtree 1
= 

param_mohex use_parallel_solver 1
= 

<= 
<
>name
<= MoHex
<
>version
<= 2.0.CMake
<
>play b a9
<= 
<
>genmove w
<= i10
<
>play b e3
59677 info: SwapCheck: reading from '/home/linus/MoHex2.0/nfbranchfix/benzene-vanilla-cmake/share/swap-moves.txt'.
59677 info: SwapCheck: opting not to swap.
59677 info: PlayAndSolve: Building VCs to avoid race condition.
59677 info: PlayAndSolve: Continuing on as usual.
e6916 info: *** PlayerThread ***
de906 info: *** SolverThread ***
e6916 info: Best move cannot be determined, must search state.
e6916 info: --- MoHexPlayer::Search() ---
e6916 info: Color: white
e6916 info: MaxGames: 1
e6916 info: NumberThreads: 1
e6916 info: MaxNodes: 181818181 (15999999928 bytes)
e6916 info: TimeForMove: 1
e6916 info: PreSearch: max time reached (54/91).
e6916 info: Time for PreSearch: 0.202518s
e6916 info: 
  e193f7e1b23cba7f
  a  b  c  d  e  f  g  h  i  j  k  
 1\.  .  .  *  *  *  *  *  .  *  .\1
  2\.  .  *  *  *  *  *  *  *  *  .\2
   3\.  *  *  *  *  *  *  *  *  *  .\3
    4\.  *  *  *  *  *  *  *  *  *  .\4
     5\.  *  *  *  *  *  *  *  *  *  .\5
      6\.  *  *  *  *  *  *  *  *  *  .\6
       7\.  *  *  *  *  *  *  *  *  *  .\7
        8\.  *  *  *  *  *  *  *  *  *  .\8
         9\B  *  *  *  *  *  *  *  *  *  .\9
         10\.  *  *  *  *  *  *  *  *  .  .\10
          11\.  *  .  *  *  *  *  *  .  .  .\11
              a  b  c  d  e  f  g  h  i  j  k  
e6916 info: No subtree to reuse.
e6916 info: Creating thread 0
e6916 info: StartSearch()[0]
SgUctSearch: max games reached
e6916 info: 
Elapsed Time   0.55571s
Count          1
GamesPlayed    1
Nodes          1
Knowledge      0 (0.0%)
Expansions     0.0
Time           0.00
GameLen        120.0 dev=0.0 min=120.0 max=120.0
InTree         0.0 dev=0.0 min=0.0 max=0.0
KnowDepth      -
Aborted        0%
Games/s        422.5
Score          0.00
Sequence      
e6916 info: 
e6916 warning: **** MoHexSearch returned empty sequence!
e6916 warning: **** Returning random move!
e6916 info: *** Player move: i10
d68f6 info: DfpnSolver::CheckAbort(): Abort flag!
de906 info: 
MID calls      84
VC builds      81
Terminal       0
Work           84
Wasted Work    0 (0%)
Elapsed Time   0.573889
MIDs/sec       146.37
VCs/sec        141.142
Cnt prune sib  0
Avg prune sib  -
Consider Size  87.2593 dev=4.01468 min=78 max=91
Move Index     -
Move Percent   -
Delta Increase 3.10843 dev=13.0282 min=1 max=86
Winner         empty
PV             j2 e5 d7

HashTableStatistics:
Stores         193
LookupAttempt  16345
LookupSuccess  814
Collisions     0

de906 info: Search aborted.
<= 
<
>genmove w
<= c4
<
>play b k5
59677 info: PlayAndSolve: Building VCs to avoid race condition.
59677 info: PlayAndSolve: Continuing on as usual.
de906 info: *** PlayerThread ***
e6916 info: *** SolverThread ***
de906 info: Best move cannot be determined, must search state.
de906 info: --- MoHexPlayer::Search() ---
de906 info: Color: white
de906 info: MaxGames: 1
de906 info: NumberThreads: 1
de906 info: MaxNodes: 181818181 (15999999928 bytes)
de906 info: TimeForMove: 1
de906 info: PreSearch: max time reached (43/90).
de906 info: Time for PreSearch: 0.205117s
de906 info: 
  bd8747c0757a887c
  a  b  c  d  e  f  g  h  i  j  k  
 1\.  .  .  *  *  *  *  *  *  *  .\1
  2\.  .  *  *  *  *  *  *  *  *  .\2
   3\.  *  *  *  B  *  *  *  *  *  .\3
    4\.  *  *  *  *  *  *  *  *  *  .\4
     5\.  *  *  *  *  *  *  *  *  *  .\5
      6\.  *  *  *  *  *  *  *  *  *  .\6
       7\.  *  *  *  *  *  *  *  *  *  .\7
        8\.  *  *  *  *  *  *  *  *  *  .\8
         9\B  *  *  *  *  *  *  *  *  *  .\9
         10\.  *  *  *  *  *  *  *  W  .  .\10
          11\.  *  *  *  *  *  *  .  .  .  .\11
              a  b  c  d  e  f  g  h  i  j  k  
de906 info: Old: [black, a9] 
de906 info: New: [black, a9] [white, i10] [black, e3] 
de906 info: MovesPlayed: [white, i10] [black, e3] 
de906 info: No subtree to reuse.
de906 info: StartSearch()[0]
SgUctSearch: max games reached
de906 info: 
Elapsed Time   0.363393s
Count          1
GamesPlayed    1
Nodes          1
Knowledge      0 (0.0%)
Expansions     0.0
Time           0.00
GameLen        118.0 dev=0.0 min=118.0 max=118.0
InTree         0.0 dev=0.0 min=0.0 max=0.0
KnowDepth      -
Aborted        0%
Games/s        2710.0
Score          0.00
Sequence      
de906 info: 
de906 warning: **** MoHexSearch returned empty sequence!
de906 warning: **** Returning random move!
de906 info: *** Player move: c4
d68f6 info: DfpnSolver::CheckAbort(): Abort flag!
e6916 info: 
MID calls      38
VC builds      37
Terminal       0
Work           38
Wasted Work    0 (0%)
Elapsed Time   0.377182
MIDs/sec       100.747
VCs/sec        98.0959
Cnt prune sib  0
Avg prune sib  -
Consider Size  86.7027 dev=1.13601 min=82 max=90
Move Index     -
Move Percent   -
Delta Increase 3.27027 dev=13.1306 min=1 max=82
Winner         empty
PV             b7 h4 g6

HashTableStatistics:
Stores         293
LookupAttempt  28143
LookupSuccess  1530
Collisions     0

e6916 info: Search aborted.
<= 
<
>genmove w
<= g4
<
>play b h11
59677 info: PlayAndSolve: Building VCs to avoid race condition.
59677 info: PlayAndSolve: Continuing on as usual.
e6916 info: *** PlayerThread ***
de906 info: *** SolverThread ***
e6916 info: Best move cannot be determined, must search state.
e6916 info: --- MoHexPlayer::Search() ---
e6916 info: Color: white
e6916 info: MaxGames: 1
e6916 info: NumberThreads: 1
e6916 info: MaxNodes: 181818181 (15999999928 bytes)
e6916 info: TimeForMove: 1
e6916 info: PreSearch: max time reached (60/88).
e6916 info: Time for PreSearch: 0.202341s
e6916 info: 
  5e5028890816317a
  a  b  c  d  e  f  g  h  i  j  k  
 1\.  .  .  *  *  *  *  *  *  *  .\1
  2\.  .  *  *  *  *  *  *  *  *  .\2
   3\.  *  *  *  B  *  *  *  *  *  .\3
    4\.  *  W  *  *  *  *  *  *  *  .\4
     5\.  .  *  *  *  *  *  *  *  *  B\5
      6\.  *  *  *  *  *  *  *  *  *  .\6
       7\.  *  *  *  *  *  *  *  *  *  .\7
        8\.  *  *  *  *  *  *  *  *  *  .\8
         9\B  *  *  *  *  *  *  *  *  *  .\9
         10\.  *  *  *  *  *  *  *  W  .  .\10
          11\.  *  *  *  *  *  *  .  .  .  .\11
              a  b  c  d  e  f  g  h  i  j  k  
e6916 info: Old: [black, a9] [white, i10] [black, e3] 
e6916 info: New: [black, a9] [white, i10] [black, e3] [white, c4] [black, k5] 
e6916 info: MovesPlayed: [white, c4] [black, k5] 
e6916 info: No subtree to reuse.
e6916 info: StartSearch()[0]
SgUctSearch: max games reached
e6916 info: 
Elapsed Time   0.360829s
Count          1
GamesPlayed    1
Nodes          1
Knowledge      0 (0.0%)
Expansions     0.0
Time           0.00
GameLen        116.0 dev=0.0 min=116.0 max=116.0
InTree         0.0 dev=0.0 min=0.0 max=0.0
KnowDepth      -
Aborted        0%
Games/s        3636.4
Score          0.00
Sequence      
e6916 info: 
e6916 warning: **** MoHexSearch returned empty sequence!
e6916 warning: **** Returning random move!
e6916 info: *** Player move: g4
d68f6 info: DfpnSolver::CheckAbort(): Abort flag!
de906 info: 
MID calls      56
VC builds      55
Terminal       0
Work           56
Wasted Work    0 (0%)
Elapsed Time   0.376393
MIDs/sec       148.781
VCs/sec        146.124
Cnt prune sib  1
Avg prune sib  1 dev=0 min=1 max=1
Consider Size  81.8364 dev=4.68573 min=71 max=88
Move Index     -
Move Percent   -
Delta Increase 3.92727 dev=14.788 min=1 max=82
Winner         empty
PV             b7 b10 c8 e7

HashTableStatistics:
Stores         427
LookupAttempt  40761
LookupSuccess  2213
Collisions     0

de906 info: Search aborted.
<= 
<
>genmove w
<= h2
<
>play b g3
59677 info: PlayAndSolve: Building VCs to avoid race condition.
59677 info: PlayAndSolve: Continuing on as usual.
de906 info: *** PlayerThread ***
e6916 info: *** SolverThread ***
de906 info: Best move cannot be determined, must search state.
de906 info: --- MoHexPlayer::Search() ---
de906 info: Color: white
de906 info: MaxGames: 1
de906 info: NumberThreads: 1
de906 info: MaxNodes: 181818181 (15999999928 bytes)
de906 info: TimeForMove: 1
de906 info: PreSearch: max time reached (53/86).
de906 info: Time for PreSearch: 0.20244s
de906 info: 
  d8e08e2c72cd0c8c
  a  b  c  d  e  f  g  h  i  j  k  
 1\.  .  .  *  *  *  *  *  *  *  .\1
  2\.  .  *  *  *  *  *  *  *  *  .\2
   3\.  *  *  *  B  *  *  *  *  *  .\3
    4\.  *  W  *  *  *  W  *  *  *  .\4
     5\.  .  *  *  *  *  *  *  *  *  B\5
      6\.  *  *  *  *  *  *  *  *  *  .\6
       7\.  *  *  *  *  *  *  *  *  *  .\7
        8\.  *  *  *  *  *  *  *  *  *  .\8
         9\B  *  *  *  *  *  *  *  *  *  .\9
         10\.  *  *  *  *  *  *  *  W  .  .\10
          11\.  *  *  *  *  *  .  B  .  .  .\11
              a  b  c  d  e  f  g  h  i  j  k  
de906 info: Old: [black, a9] [white, i10] [black, e3] [white, c4] [black, k5] 
de906 info: New: [black, a9] [white, i10] [black, e3] [white, c4] [black, k5] [white, g4] [black, h11] 
de906 info: MovesPlayed: [white, g4] [black, h11] 
de906 info: No subtree to reuse.
de906 info: StartSearch()[0]
SgUctSearch: max games reached
de906 info: 
Elapsed Time   0.351138s
Count          1
GamesPlayed    1
Nodes          1
Knowledge      0 (0.0%)
Expansions     0.0
Time           0.00
GameLen        114.0 dev=0.0 min=114.0 max=114.0
InTree         0.0 dev=0.0 min=0.0 max=0.0
KnowDepth      -
Aborted        0%
Games/s        3367.0
Score          0.00
Sequence      
de906 info: 
de906 warning: **** MoHexSearch returned empty sequence!
de906 warning: **** Returning random move!
de906 info: *** Player move: h2
d68f6 info: DfpnSolver::CheckAbort(): Abort flag!
e6916 info: 
MID calls      57
VC builds      55
Terminal       0
Work           57
Wasted Work    0 (0%)
Elapsed Time   0.362636
MIDs/sec       157.182
VCs/sec        151.667
Cnt prune sib  0
Avg prune sib  -
Consider Size  79.8 dev=6.57384 min=43 max=86
Move Index     -
Move Percent   -
Delta Increase 3.76786 dev=14.1925 min=1 max=78
Winner         empty
PV             b7 j2 j4 e5

HashTableStatistics:
Stores         563
LookupAttempt  53154
LookupSuccess  2898
Collisions     0

e6916 info: Search aborted.
<= 
<
>genmove w
<= j6
<
>play b g10
59677 info: PlayAndSolve: Building VCs to avoid race condition.
59677 info: PlayAndSolve: Continuing on as usual.
e6916 info: *** PlayerThread ***
de906 info: *** SolverThread ***
e6916 info: Best move cannot be determined, must search state.
e6916 info: --- MoHexPlayer::Search() ---
e6916 info: Color: white
e6916 info: MaxGames: 1
e6916 info: NumberThreads: 1
e6916 info: MaxNodes: 181818181 (15999999928 bytes)
e6916 info: TimeForMove: 1
e6916 info: PreSearch: max time reached (62/82).
e6916 info: Time for PreSearch: 0.201416s
e6916 info: 
  09e3e3c7eefb36f6
  a  b  c  d  e  f  g  h  i  j  k  
 1\.  .  .  *  *  *  *  .  .  *  .\1
  2\.  .  .  *  *  *  *  W  *  *  .\2
   3\.  *  *  *  B  *  B  *  *  *  .\3
    4\.  *  W  *  *  *  W  *  *  *  .\4
     5\.  .  *  *  *  *  *  *  *  *  B\5
      6\.  *  *  *  *  *  *  *  *  *  .\6
       7\.  *  *  *  *  *  *  *  *  *  .\7
        8\.  *  *  *  *  *  *  *  *  *  .\8
         9\B  *  *  *  *  *  *  *  *  *  .\9
         10\.  *  *  *  *  *  *  *  W  .  .\10
          11\.  *  *  *  *  *  .  B  .  .  .\11
              a  b  c  d  e  f  g  h  i  j  k  
e6916 info: Old: [black, a9] [white, i10] [black, e3] [white, c4] [black, k5] [white, g4] [black, h11] 
e6916 info: New: [black, a9] [white, i10] [black, e3] [white, c4] [black, k5] [white, g4] [black, h11] [white, h2] [black, g3] 
e6916 info: MovesPlayed: [white, h2] [black, g3] 
e6916 info: No subtree to reuse.
e6916 info: StartSearch()[0]
SgUctSearch: max games reached
e6916 info: 
Elapsed Time   0.350838s
Count          1
GamesPlayed    1
Nodes          1
Knowledge      0 (0.0%)
Expansions     0.0
Time           0.00
GameLen        112.0 dev=0.0 min=112.0 max=112.0
InTree         0.0 dev=0.0 min=0.0 max=0.0
KnowDepth      -
Aborted        0%
Games/s        3300.3
Score          1.00
Sequence      
e6916 info: 
e6916 warning: **** MoHexSearch returned empty sequence!
e6916 warning: **** Returning random move!
e6916 info: *** Player move: j6
d68f6 info: DfpnSolver::CheckAbort(): Abort flag!
de906 info: 
MID calls      68
VC builds      65
Terminal       0
Work           68
Wasted Work    0 (0%)
Elapsed Time   0.360424
MIDs/sec       188.667
VCs/sec        180.343
Cnt prune sib  2
Avg prune sib  2.5 dev=1.5 min=1 max=4
Consider Size  72.1385 dev=15.5147 min=18 max=82
Move Index     -
Move Percent   -
Delta Increase 3.31343 dev=12.4998 min=1 max=75
Winner         empty
PV             j2 d5 c7

HashTableStatistics:
Stores         722
LookupAttempt  65560
LookupSuccess  3592
Collisions     0

de906 info: Search aborted.
<= 
<
>genmove w
<= g7
<
>play b a4
59677 info: PlayAndSolve: Building VCs to avoid race condition.
59677 info: PlayAndSolve: Continuing on as usual.
de906 info: *** PlayerThread ***
e6916 info: *** SolverThread ***
de906 info: Best move cannot be determined, must search state.
de906 info: --- MoHexPlayer::Search() ---
de906 info: Color: white
de906 info: MaxGames: 1
de906 info: NumberThreads: 1
de906 info: MaxNodes: 181818181 (15999999928 bytes)
de906 info: TimeForMove: 1
de906 info: PreSearch: max time reached (48/75).
de906 info: Time for PreSearch: 0.202572s
de906 info: 
  10fe3b4596e5270d
  a  b  c  d  e  f  g  h  i  j  k  
 1\.  .  .  *  *  *  *  .  .  *  .\1
  2\.  .  *  *  *  *  *  W  *  *  .\2
   3\.  *  *  *  B  *  B  *  *  *  .\3
    4\.  *  W  *  *  *  W  *  *  *  .\4
     5\.  .  *  *  *  *  *  *  *  .  B\5
      6\.  *  *  *  *  *  *  *  *  W  .\6
       7\.  *  *  *  *  *  *  *  *  *  .\7
        8\.  *  *  *  *  *  *  *  *  *  .\8
         9\B  *  *  *  *  *  *  *  *  *  .\9
         10\.  *  *  *  *  .  B  .  W  .  .\10
          11\.  *  *  .  b  b  b  B  .  .  .\11
              a  b  c  d  e  f  g  h  i  j  k  
de906 info: Old: [black, a9] [white, i10] [black, e3] [white, c4] [black, k5] [white, g4] [black, h11] [white, h2] [black, g3] 
de906 info: New: [black, a9] [white, i10] [black, e3] [white, c4] [black, k5] [white, g4] [black, h11] [white, h2] [black, g3] [white, j6] [black, g10] 
de906 info: MovesPlayed: [white, j6] [black, g10] 
de906 info: No subtree to reuse.
de906 info: StartSearch()[0]
SgUctSearch: max games reached
de906 info: 
Elapsed Time   0.359496s
Count          1
GamesPlayed    1
Nodes          1
Knowledge      0 (0.0%)
Expansions     0.0
Time           0.00
GameLen        107.0 dev=0.0 min=107.0 max=107.0
InTree         0.0 dev=0.0 min=0.0 max=0.0
KnowDepth      -
Aborted        0%
Games/s        3521.1
Score          0.00
Sequence      
de906 info: 
de906 warning: **** MoHexSearch returned empty sequence!
de906 warning: **** Returning random move!
de906 info: *** Player move: g7
d68f6 info: DfpnSolver::CheckAbort(): Abort flag!
e6916 info: 
MID calls      48
VC builds      46
Terminal       0
Work           48
Wasted Work    0 (0%)
Elapsed Time   0.368848
MIDs/sec       130.135
VCs/sec        124.713
Cnt prune sib  1
Avg prune sib  1 dev=0 min=1 max=1
Consider Size  63.8913 dev=20.141 min=13 max=78
Move Index     -
Move Percent   -
Delta Increase 3.95745 dev=12.3615 min=1 max=71
Winner         empty
PV             d6 i3 g7 f6

HashTableStatistics:
Stores         837
LookupAttempt  74612
LookupSuccess  4127
Collisions     0

e6916 info: Search aborted.
<= 
<
>genmove w
<= b11
<
>play b g6
59677 info: PlayAndSolve: Building VCs to avoid race condition.
59677 info: PlayAndSolve: Continuing on as usual.
e6916 info: *** PlayerThread ***
de906 info: *** SolverThread ***
e6916 info: Best move cannot be determined, must search state.
e6916 info: --- MoHexPlayer::Search() ---
e6916 info: Color: white
e6916 info: MaxGames: 1
e6916 info: NumberThreads: 1
e6916 info: MaxNodes: 181818181 (15999999928 bytes)
e6916 info: TimeForMove: 1
e6916 info: PreSearch: max time reached (41/77).
e6916 info: Time for PreSearch: 0.20244s
e6916 info: 
  2ad64d57cbb9c431
  a  b  c  d  e  f  g  h  i  j  k  
 1\.  .  *  *  *  *  *  .  .  *  .\1
  2\.  *  *  *  *  *  *  W  *  *  .\2
   3\.  *  *  *  B  *  B  *  *  *  .\3
    4\B  *  W  *  *  *  W  *  *  *  .\4
     5\.  *  *  *  *  *  *  *  *  .  B\5
      6\.  *  *  *  *  *  *  *  *  W  .\6
       7\.  *  *  *  *  *  W  *  *  *  .\7
        8\.  *  *  *  *  *  *  *  *  *  .\8
         9\B  *  *  *  *  *  *  *  *  *  .\9
         10\.  *  *  *  *  .  B  .  W  .  .\10
          11\.  *  *  .  b  b  b  B  .  .  .\11
              a  b  c  d  e  f  g  h  i  j  k  
e6916 info: Old: [black, a9] [white, i10] [black, e3] [white, c4] [black, k5] [white, g4] [black, h11] [white, h2] [black, g3] [white, j6] [black, g10] 
e6916 info: New: [black, a9] [white, i10] [black, e3] [white, c4] [black, k5] [white, g4] [black, h11] [white, h2] [black, g3] [white, j6] [black, g10] [white, g7] [black, a4] 
e6916 info: MovesPlayed: [white, g7] [black, a4] 
e6916 info: No subtree to reuse.
e6916 info: StartSearch()[0]
SgUctSearch: max games reached
e6916 info: 
Elapsed Time   0.349884s
Count          1
GamesPlayed    1
Nodes          1
Knowledge      0 (0.0%)
Expansions     0.0
Time           0.00
GameLen        105.0 dev=0.0 min=105.0 max=105.0
InTree         0.0 dev=0.0 min=0.0 max=0.0
KnowDepth      -
Aborted        0%
Games/s        3246.8
Score          1.00
Sequence      
e6916 info: 
e6916 warning: **** MoHexSearch returned empty sequence!
e6916 warning: **** Returning random move!
e6916 info: *** Player move: b11
d68f6 info: DfpnSolver::CheckAbort(): Abort flag!
de906 info: 
MID calls      44
VC builds      43
Terminal       1
Work           45
Wasted Work    0 (0%)
Elapsed Time   0.369246
MIDs/sec       119.162
VCs/sec        116.454
Cnt prune sib  0
Avg prune sib  -
Consider Size  62.4048 dev=20.0868 min=14 max=77
Move Index     -
Move Percent   -
Delta Increase 3.52273 dev=11.5788 min=1 max=68
Winner         empty
PV             d5 f4 f7 e6

HashTableStatistics:
Stores         947
LookupAttempt  83776
LookupSuccess  4704
Collisions     0

de906 info: Search aborted.
<= 
<
>genmove w
<= e4
<
>play b c7
59677 info: PlayAndSolve: Building VCs to avoid race condition.
59677 info: PlayAndSolve: Continuing on as usual.
de906 info: *** PlayerThread ***
e6916 info: *** SolverThread ***
de906 info: Best move cannot be determined, must search state.
de906 info: --- MoHexPlayer::Search() ---
de906 info: Color: white
de906 info: MaxGames: 1
de906 info: NumberThreads: 1
de906 info: MaxNodes: 181818181 (15999999928 bytes)
de906 info: TimeForMove: 1
de906 info: PreSearch: max time reached (53/75).
de906 info: Time for PreSearch: 0.202233s
de906 info: 
  29a7ebdb8ed58606
  a  b  c  d  e  f  g  h  i  j  k  
 1\.  .  *  *  *  *  *  .  .  *  .\1
  2\.  *  *  *  *  *  *  W  *  *  .\2
   3\.  *  *  *  B  *  B  *  *  *  .\3
    4\B  *  W  *  *  *  W  *  *  *  .\4
     5\.  *  *  *  *  *  *  *  *  .  B\5
      6\.  *  *  *  *  *  B  *  *  W  .\6
       7\.  *  *  *  *  *  W  *  *  *  .\7
        8\.  *  *  *  *  *  *  *  *  *  .\8
         9\B  *  *  *  *  *  *  *  *  *  .\9
         10\.  *  *  *  *  .  B  .  W  .  .\10
          11\.  W  *  .  b  b  b  B  .  .  .\11
              a  b  c  d  e  f  g  h  i  j  k  
de906 info: Old: [black, a9] [white, i10] [black, e3] [white, c4] [black, k5] [white, g4] [black, h11] [white, h2] [black, g3] [white, j6] [black, g10] [white, g7] [black, a4] 
de906 info: New: [black, a9] [white, i10] [black, e3] [white, c4] [black, k5] [white, g4] [black, h11] [white, h2] [black, g3] [white, j6] [black, g10] [white, g7] [black, a4] [white, b11] [black, g6] 
de906 info: MovesPlayed: [white, b11] [black, g6] 
de906 info: No subtree to reuse.
de906 info: StartSearch()[0]
SgUctSearch: max games reached
de906 info: 
Elapsed Time   0.603144s
Count          1
GamesPlayed    1
Nodes          1
Knowledge      0 (0.0%)
Expansions     0.0
Time           0.00
GameLen        103.0 dev=0.0 min=103.0 max=103.0
InTree         0.0 dev=0.0 min=0.0 max=0.0
KnowDepth      -
Aborted        0%
Games/s        3048.8
Score          1.00
Sequence      
de906 info: 
de906 warning: **** MoHexSearch returned empty sequence!
de906 warning: **** Returning random move!
de906 info: *** Player move: e4
d68f6 info: DfpnSolver::CheckAbort(): Abort flag!
e6916 info: 
MID calls      105
VC builds      99
Terminal       0
Work           105
Wasted Work    0 (0%)
Elapsed Time   0.613864
MIDs/sec       171.048
VCs/sec        161.274
Cnt prune sib  2
Avg prune sib  1.5 dev=0.5 min=1 max=2
Consider Size  58.6465 dev=18.6933 min=20 max=76
Move Index     -
Move Percent   -
Delta Increase 3.43269 dev=10.5591 min=1 max=69
Winner         empty
PV             b7 d6 f7 d8

HashTableStatistics:
Stores         1177
LookupAttempt  96293
LookupSuccess  5342
Collisions     0

e6916 info: Search aborted.
<= 
<
>genmove w
<= k4
<
>play b g8
59677 info: PlayAndSolve: Building VCs to avoid race condition.
59677 info: PlayAndSolve: Continuing on as usual.
e6916 info: *** PlayerThread ***
de906 info: *** SolverThread ***
e6916 info: Best move cannot be determined, must search state.
e6916 info: --- MoHexPlayer::Search() ---
e6916 info: Color: white
e6916 info: MaxGames: 1
e6916 info: NumberThreads: 1
e6916 info: MaxNodes: 181818181 (15999999928 bytes)
e6916 info: TimeForMove: 1
e6916 info: PreSearch: max time reached (48/72).
e6916 info: Time for PreSearch: 0.200857s
e6916 info: 
  85e047acf2697f72
  a  b  c  d  e  f  g  h  i  j  k  
 1\.  .  *  *  *  *  *  .  .  *  .\1
  2\.  *  *  *  *  *  *  W  *  *  .\2
   3\.  *  *  *  B  *  B  *  *  *  .\3
    4\B  *  W  *  W  *  W  *  *  *  .\4
     5\.  *  *  *  *  *  *  *  *  .  B\5
      6\.  *  *  *  *  *  B  *  *  W  .\6
       7\.  .  B  *  *  *  W  *  *  *  .\7
        8\.  *  *  *  *  *  *  *  *  *  .\8
         9\B  *  *  *  *  *  *  *  *  *  .\9
         10\.  *  *  *  *  .  B  .  W  .  .\10
          11\.  W  *  .  b  b  b  B  .  .  .\11
              a  b  c  d  e  f  g  h  i  j  k  
e6916 info: Old: [black, a9] [white, i10] [black, e3] [white, c4] [black, k5] [white, g4] [black, h11] [white, h2] [black, g3] [white, j6] [black, g10] [white, g7] [black, a4] [white, b11] [black, g6] 
e6916 info: New: [black, a9] [white, i10] [black, e3] [white, c4] [black, k5] [white, g4] [black, h11] [white, h2] [black, g3] [white, j6] [black, g10] [white, g7] [black, a4] [white, b11] [black, g6] [white, e4] [black, c7] 
e6916 info: MovesPlayed: [white, e4] [black, c7] 
e6916 info: No subtree to reuse.
e6916 info: StartSearch()[0]
SgUctSearch: max games reached
e6916 info: 
Elapsed Time   0.365856s
Count          1
GamesPlayed    1
Nodes          1
Knowledge      0 (0.0%)
Expansions     0.0
Time           0.00
GameLen        101.0 dev=0.0 min=101.0 max=101.0
InTree         0.0 dev=0.0 min=0.0 max=0.0
KnowDepth      -
Aborted        0%
Games/s        1485.9
Score          1.00
Sequence      
e6916 info: 
e6916 warning: **** MoHexSearch returned empty sequence!
e6916 warning: **** Returning random move!
e6916 info: *** Player move: k4
d68f6 info: DfpnSolver::CheckAbort(): Abort flag!
de906 info: 
MID calls      57
VC builds      53
Terminal       0
Work           57
Wasted Work    0 (0%)
Elapsed Time   0.378864
MIDs/sec       150.45
VCs/sec        139.892
Cnt prune sib  2
Avg prune sib  2 dev=1 min=1 max=3
Consider Size  61.1698 dev=14.2732 min=19 max=72
Move Index     -
Move Percent   -
Delta Increase 3.75 dev=10.2055 min=1 max=62
Winner         empty
PV             d5 j2 i4 f4

HashTableStatistics:
Stores         1309
LookupAttempt  105233
LookupSuccess  5845
Collisions     0

de906 info: Search aborted.
<= 
<
>genmove w
<= a5
<
>play b b6
59677 info: PlayAndSolve: Building VCs to avoid race condition.
59677 info: PlayAndSolve: Continuing on as usual.
de906 info: *** PlayerThread ***
e6916 info: *** SolverThread ***
de906 info: Best move cannot be determined, must search state.
de906 info: --- MoHexPlayer::Search() ---
de906 info: Color: white
de906 info: MaxGames: 1
de906 info: NumberThreads: 1
de906 info: MaxNodes: 181818181 (15999999928 bytes)
de906 info: TimeForMove: 1
de906 info: PreSearch: max time reached (53/71).
de906 info: Time for PreSearch: 0.201736s
de906 info: 
  dbb34b834f08afd8
  a  b  c  d  e  f  g  h  i  j  k  
 1\.  .  *  *  *  *  *  .  .  *  .\1
  2\.  *  *  *  *  *  *  W  *  *  .\2
   3\.  *  *  *  B  *  B  *  *  *  .\3
    4\B  *  W  *  W  *  W  *  *  *  W\4
     5\.  *  *  *  *  *  *  *  *  .  B\5
      6\.  *  *  *  *  *  B  *  *  W  .\6
       7\.  .  B  *  *  *  W  *  *  *  .\7
        8\.  *  *  *  *  *  B  *  *  *  .\8
         9\B  *  *  *  *  *  *  *  *  *  .\9
         10\.  *  *  *  *  .  B  .  W  .  .\10
          11\.  W  *  .  b  b  b  B  .  .  .\11
              a  b  c  d  e  f  g  h  i  j  k  
de906 info: Old: [black, a9] [white, i10] [black, e3] [white, c4] [black, k5] [white, g4] [black, h11] [white, h2] [black, g3] [white, j6] [black, g10] [white, g7] [black, a4] [white, b11] [black, g6] [white, e4] [black, c7] 
de906 info: New: [black, a9] [white, i10] [black, e3] [white, c4] [black, k5] [white, g4] [black, h11] [white, h2] [black, g3] [white, j6] [black, g10] [white, g7] [black, a4] [white, b11] [black, g6] [white, e4] [black, c7] [white, k4] [black, g8] 
de906 info: MovesPlayed: [white, k4] [black, g8] 
de906 info: No subtree to reuse.
de906 info: StartSearch()[0]
SgUctSearch: max games reached
de906 info: 
Elapsed Time   0.385707s
Count          1
GamesPlayed    1
Nodes          1
Knowledge      0 (0.0%)
Expansions     0.0
Time           0.00
GameLen        99.0 dev=0.0 min=99.0 max=99.0
InTree         0.0 dev=0.0 min=0.0 max=0.0
KnowDepth      -
Aborted        0%
Games/s        2283.1
Score          1.00
Sequence      
de906 info: 
de906 warning: **** MoHexSearch returned empty sequence!
de906 warning: **** Returning random move!
de906 info: *** Player move: a5
d68f6 info: DfpnSolver::CheckAbort(): Abort flag!
e6916 info: 
MID calls      61
VC builds      58
Terminal       0
Work           61
Wasted Work    0 (0%)
Elapsed Time   0.397593
MIDs/sec       153.423
VCs/sec        145.878
Cnt prune sib  3
Avg prune sib  1.66667 dev=0.942809 min=1 max=3
Consider Size  56.1035 dev=16.3935 min=13 max=71
Move Index     -
Move Percent   -
Delta Increase 3.88333 dev=11.8703 min=1 max=67
Winner         empty
PV             i4 b6 d5 a5

HashTableStatistics:
Stores         1450
LookupAttempt  114287
LookupSuccess  6391
Collisions     0

e6916 info: Search aborted.
<= 
<
>genmove w
<= e10
<
>play b b2
59677 info: PlayAndSolve: Building VCs to avoid race condition.
59677 info: PlayAndSolve: Continuing on as usual.
e6916 info: *** PlayerThread ***
de906 info: *** SolverThread ***
e6916 info: Best move cannot be determined, must search state.
e6916 info: --- MoHexPlayer::Search() ---
e6916 info: Color: white
e6916 info: MaxGames: 1
e6916 info: NumberThreads: 1
e6916 info: MaxNodes: 181818181 (15999999928 bytes)
e6916 info: TimeForMove: 1
e6916 info: Time for PreSearch: 0.197969s
e6916 info: 
  0eeec8478aed746a
  a  b  c  d  e  f  g  h  i  j  k  
 1\.  .  .  *  *  *  *  .  .  *  .\1
  2\.  .  .  *  *  *  *  W  *  *  .\2
   3\.  .  *  *  B  *  B  *  *  *  .\3
    4\B  .  W  .  W  *  W  *  *  *  W\4
     5\W  .  .  *  *  *  *  *  *  .  B\5
      6\b  B  *  *  *  *  B  *  *  W  .\6
       7\.  *  B  *  *  *  W  *  *  .  .\7
        8\.  *  *  *  *  *  B  *  *  *  .\8
         9\B  *  *  *  *  *  *  *  .  .  .\9
         10\.  *  *  *  *  .  B  .  W  .  .\10
          11\.  W  *  .  b  b  b  B  .  .  .\11
              a  b  c  d  e  f  g  h  i  j  k  
e6916 info: Old: [black, a9] [white, i10] [black, e3] [white, c4] [black, k5] [white, g4] [black, h11] [white, h2] [black, g3] [white, j6] [black, g10] [white, g7] [black, a4] [white, b11] [black, g6] [white, e4] [black, c7] [white, k4] [black, g8] 
e6916 info: New: [black, a9] [white, i10] [black, e3] [white, c4] [black, k5] [white, g4] [black, h11] [white, h2] [black, g3] [white, j6] [black, g10] [white, g7] [black, a4] [white, b11] [black, g6] [white, e4] [black, c7] [white, k4] [black, g8] [white, a5] [black, b6] 
e6916 info: MovesPlayed: [white, a5] [black, b6] 
e6916 info: No subtree to reuse.
e6916 info: StartSearch()[0]
SgUctSearch: max games reached
e6916 info: 
Elapsed Time   0.509119s
Count          1
GamesPlayed    1
Nodes          1
Knowledge      0 (0.0%)
Expansions     0.0
Time           0.00
GameLen        96.0 dev=0.0 min=96.0 max=96.0
InTree         0.0 dev=0.0 min=0.0 max=0.0
KnowDepth      -
Aborted        0%
Games/s        3816.8
Score          0.00
Sequence      
e6916 info: 
e6916 warning: **** MoHexSearch returned empty sequence!
e6916 warning: **** Returning random move!
e6916 info: *** Player move: e10
d68f6 info: DfpnSolver::CheckAbort(): Abort flag!
de906 info: 
MID calls      108
VC builds      98
Terminal       0
Work           108
Wasted Work    0 (0%)
Elapsed Time   0.517897
MIDs/sec       208.536
VCs/sec        189.227
Cnt prune sib  4
Avg prune sib  1.5 dev=0.866025 min=1 max=3
Consider Size  49.6939 dev=16.9184 min=3 max=67
Move Index     -
Move Percent   -
Delta Increase 2.78505 dev=8.63813 min=1 max=64
Winner         empty
PV             d5 h5 f8 i3

HashTableStatistics:
Stores         1685
LookupAttempt  124957
LookupSuccess  7009
Collisions     0

de906 info: Search aborted.
<= 
<
>genmove w
<= c8
<
>play b c6
59677 info: PlayAndSolve: Building VCs to avoid race condition.
59677 info: PlayAndSolve: Continuing on as usual.
de906 info: *** PlayerThread ***
e6916 info: *** SolverThread ***
de906 info: Best move cannot be determined, must search state.
de906 info: --- MoHexPlayer::Search() ---
de906 info: Color: white
de906 info: MaxGames: 1
de906 info: NumberThreads: 1
de906 info: MaxNodes: 181818181 (15999999928 bytes)
de906 info: TimeForMove: 1
de906 info: Time for PreSearch: 0.171908s
de906 info: 
  a118cd0e8a067692
  a  b  c  d  e  f  g  h  i  j  k  
 1\b  b  b  b  .  *  *  .  .  *  .\1
  2\b  B  .  .  *  *  *  W  *  *  .\2
   3\.  *  *  .  B  *  B  *  *  *  .\3
    4\B  .  W  .  W  *  W  *  *  *  W\4
     5\W  .  .  *  *  *  *  *  *  .  B\5
      6\b  B  *  *  *  *  B  *  *  W  .\6
       7\.  *  B  *  *  *  W  *  *  .  .\7
        8\.  *  *  *  *  *  B  *  *  *  .\8
         9\B  *  *  *  *  .  *  *  .  .  .\9
         10\.  *  *  *  W  .  B  .  W  .  .\10
          11\.  W  *  .  b  b  b  B  .  .  .\11
              a  b  c  d  e  f  g  h  i  j  k  
de906 info: Old: [black, a9] [white, i10] [black, e3] [white, c4] [black, k5] [white, g4] [black, h11] [white, h2] [black, g3] [white, j6] [black, g10] [white, g7] [black, a4] [white, b11] [black, g6] [white, e4] [black, c7] [white, k4] [black, g8] [white, a5] [black, b6] 
de906 info: New: [black, a9] [white, i10] [black, e3] [white, c4] [black, k5] [white, g4] [black, h11] [white, h2] [black, g3] [white, j6] [black, g10] [white, g7] [black, a4] [white, b11] [black, g6] [white, e4] [black, c7] [white, k4] [black, g8] [white, a5] [black, b6] [white, e10] [black, b2] 
de906 info: MovesPlayed: [white, e10] [black, b2] 
de906 info: No subtree to reuse.
de906 info: StartSearch()[0]
SgUctSearch: max games reached
de906 info: 
Elapsed Time   0.316369s
Count          1
GamesPlayed    1
Nodes          1
Knowledge      0 (0.0%)
Expansions     0.0
Time           0.00
GameLen        89.0 dev=0.0 min=89.0 max=89.0
InTree         0.0 dev=0.0 min=0.0 max=0.0
KnowDepth      -
Aborted        0%
Games/s        3649.6
Score          0.00
Sequence      
de906 info: 
de906 warning: **** MoHexSearch returned empty sequence!
de906 warning: **** Returning random move!
de906 info: *** Player move: c8
d68f6 info: DfpnSolver::CheckAbort(): Abort flag!
e6916 info: 
MID calls      82
VC builds      74
Terminal       0
Work           82
Wasted Work    0 (0%)
Elapsed Time   0.323587
MIDs/sec       253.409
VCs/sec        228.687
Cnt prune sib  4
Avg prune sib  1.25 dev=0.433013 min=1 max=2
Consider Size  47.9189 dev=10.7926 min=9 max=60
Move Index     -
Move Percent   -
Delta Increase 3.38272 dev=7.99161 min=1 max=49
Winner         empty
PV             d5 i3 g9 h5

HashTableStatistics:
Stores         1866
LookupAttempt  133165
LookupSuccess  7511
Collisions     0

e6916 info: Search aborted.
<= 
<
>genmove w
<= k9
<
>play b i7
59677 info: PlayAndSolve: Building VCs to avoid race condition.
59677 info: PlayAndSolve: Continuing on as usual.
e6916 info: *** PlayerThread ***
de906 info: *** SolverThread ***
e6916 info: Best move cannot be determined, must search state.
e6916 info: --- MoHexPlayer::Search() ---
e6916 info: Color: white
e6916 info: MaxGames: 1
e6916 info: NumberThreads: 1
e6916 info: MaxNodes: 181818181 (15999999928 bytes)
e6916 info: TimeForMove: 1
e6916 info: Time for PreSearch: 0.160697s
e6916 info: 
  7857c903220d6021
  a  b  c  d  e  f  g  h  i  j  k  
 1\b  b  b  b  .  *  *  .  .  *  .\1
  2\b  B  .  .  *  *  *  W  *  *  .\2
   3\.  *  *  .  B  *  B  *  *  *  .\3
    4\B  .  W  .  W  *  W  *  *  *  W\4
     5\W  .  .  *  *  *  *  *  *  .  B\5
      6\b  B  B  *  *  *  B  *  *  W  .\6
       7\b  b  B  *  *  *  W  *  *  .  .\7
        8\b  b  W  *  *  *  B  *  *  *  .\8
         9\B  *  *  *  *  .  *  *  .  .  .\9
         10\.  *  *  *  W  .  B  .  W  .  .\10
          11\.  W  *  .  b  b  b  B  .  .  .\11
              a  b  c  d  e  f  g  h  i  j  k  
e6916 info: Old: [black, a9] [white, i10] [black, e3] [white, c4] [black, k5] [white, g4] [black, h11] [white, h2] [black, g3] [white, j6] [black, g10] [white, g7] [black, a4] [white, b11] [black, g6] [white, e4] [black, c7] [white, k4] [black, g8] [white, a5] [black, b6] [white, e10] [black, b2] 
e6916 info: New: [black, a9] [white, i10] [black, e3] [white, c4] [black, k5] [white, g4] [black, h11] [white, h2] [black, g3] [white, j6] [black, g10] [white, g7] [black, a4] [white, b11] [black, g6] [white, e4] [black, c7] [white, k4] [black, g8] [white, a5] [black, b6] [white, e10] [black, b2] [white, c8] [black, c6] 
e6916 info: MovesPlayed: [white, c8] [black, c6] 
e6916 info: No subtree to reuse.
e6916 info: StartSearch()[0]
SgUctSearch: max games reached
e6916 info: 
Elapsed Time   0.311651s
Count          1
GamesPlayed    1
Nodes          1
Knowledge      0 (0.0%)
Expansions     0.0
Time           0.00
GameLen        83.0 dev=0.0 min=83.0 max=83.0
InTree         0.0 dev=0.0 min=0.0 max=0.0
KnowDepth      -
Aborted        0%
Games/s        3134.8
Score          1.00
Sequence      
e6916 info: 
e6916 warning: **** MoHexSearch returned empty sequence!
e6916 warning: **** Returning random move!
e6916 info: *** Player move: k9
d68f6 info: DfpnSolver::CheckAbort(): Abort flag!
de906 info: 
MID calls      87
VC builds      81
Terminal       0
Work           87
Wasted Work    0 (0%)
Elapsed Time   0.320678
MIDs/sec       271.3
VCs/sec        252.59
Cnt prune sib  5
Avg prune sib  1.2 dev=0.4 min=1 max=2
Consider Size  41.4074 dev=12.3386 min=5 max=56
Move Index     -
Move Percent   -
Delta Increase 3.05814 dev=7.6635 min=1 max=47
Winner         empty
PV             i6 i3 c11 a11

HashTableStatistics:
Stores         2054
LookupAttempt  140421
LookupSuccess  7926
Collisions     0

de906 info: Search aborted.
<= 
<
>genmove w
<= h6
<
>play b b5
59677 info: PlayAndSolve: Building VCs to avoid race condition.
59677 info: PlayAndSolve: Continuing on as usual.
de906 info: *** PlayerThread ***
e6916 info: *** SolverThread ***
de906 info: Best move cannot be determined, must search state.
de906 info: --- MoHexPlayer::Search() ---
de906 info: Color: white
de906 info: MaxGames: 1
de906 info: NumberThreads: 1
de906 info: MaxNodes: 181818181 (15999999928 bytes)
de906 info: TimeForMove: 1
de906 info: Time for PreSearch: 0.138728s
de906 info: 
  72a7faaf8528f221
  a  b  c  d  e  f  g  h  i  j  k  
 1\b  b  b  b  .  *  *  .  .  *  .\1
  2\b  B  .  .  *  *  *  W  *  *  .\2
   3\.  *  *  .  B  *  B  *  *  *  .\3
    4\B  .  W  .  W  *  W  *  *  *  W\4
     5\W  .  .  *  *  *  *  *  *  .  B\5
      6\b  B  B  *  *  *  B  *  *  W  .\6
       7\b  b  B  *  *  *  W  *  B  .  .\7
        8\b  b  W  *  *  *  B  *  *  .  .\8
         9\B  *  *  *  *  .  *  *  .  .  W\9
         10\.  *  *  *  W  .  B  .  W  .  w\10
          11\.  W  *  .  b  b  b  B  b  b  w\11
              a  b  c  d  e  f  g  h  i  j  k  
de906 info: Old: [black, a9] [white, i10] [black, e3] [white, c4] [black, k5] [white, g4] [black, h11] [white, h2] [black, g3] [white, j6] [black, g10] [white, g7] [black, a4] [white, b11] [black, g6] [white, e4] [black, c7] [white, k4] [black, g8] [white, a5] [black, b6] [white, e10] [black, b2] [white, c8] [black, c6] 
de906 info: New: [black, a9] [white, i10] [black, e3] [white, c4] [black, k5] [white, g4] [black, h11] [white, h2] [black, g3] [white, j6] [black, g10] [white, g7] [black, a4] [white, b11] [black, g6] [white, e4] [black, c7] [white, k4] [black, g8] [white, a5] [black, b6] [white, e10] [black, b2] [white, c8] [black, c6] [white, k9] [black, i7] 
de906 info: MovesPlayed: [white, k9] [black, i7] 
de906 info: No subtree to reuse.
de906 info: StartSearch()[0]
SgUctSearch: max games reached
de906 info: 
Elapsed Time   0.307577s
Count          1
GamesPlayed    1
Nodes          1
Knowledge      0 (0.0%)
Expansions     0.0
Time           0.00
GameLen        77.0 dev=0.0 min=77.0 max=77.0
InTree         0.0 dev=0.0 min=0.0 max=0.0
KnowDepth      -
Aborted        0%
Games/s        2770.1
Score          1.00
Sequence      
de906 info: 
de906 warning: **** MoHexSearch returned empty sequence!
de906 warning: **** Returning random move!
de906 info: *** Player move: h6
d68f6 info: DfpnSolver::CheckAbort(): Abort flag!
e6916 info: 
MID calls      78
VC builds      72
Terminal       0
Work           78
Wasted Work    0 (0%)
Elapsed Time   0.315353
MIDs/sec       247.342
VCs/sec        228.316
Cnt prune sib  3
Avg prune sib  3.66667 dev=0.942809 min=3 max=5
Consider Size  37.9167 dev=12.9558 min=2 max=53
Move Index     -
Move Percent   -
Delta Increase 3.06493 dev=7.68763 min=1 max=47
Winner         empty
PV             i6 f8 f4

HashTableStatistics:
Stores         2226
LookupAttempt  146676
LookupSuccess  8327
Collisions     0

e6916 info: Search aborted.
<= 
<
>genmove w
<= h8
<
>play b b3
59677 info: PlayAndSolve: Building VCs to avoid race condition.
59677 info: PlayAndSolve: Continuing on as usual.
e6916 info: *** PlayerThread ***
de906 info: *** SolverThread ***
e6916 info: Best move cannot be determined, must search state.
e6916 info: --- MoHexPlayer::Search() ---
e6916 info: Color: white
e6916 info: MaxGames: 1
e6916 info: NumberThreads: 1
e6916 info: MaxNodes: 181818181 (15999999928 bytes)
e6916 info: TimeForMove: 1
e6916 info: Time for PreSearch: 0.157154s
e6916 info: 
  db9e6c33ae541b31
  a  b  c  d  e  f  g  h  i  j  k  
 1\b  b  b  b  .  .  *  .  .  *  .\1
  2\b  B  .  .  *  *  *  W  *  *  .\2
   3\.  *  *  .  B  *  B  *  *  *  .\3
    4\B  *  W  .  W  *  W  *  *  *  W\4
     5\W  B  .  *  *  *  *  *  .  .  B\5
      6\b  B  B  *  *  *  B  W  .  W  .\6
       7\b  b  B  *  *  *  W  .  B  .  .\7
        8\b  b  W  *  *  *  B  .  .  .  .\8
         9\B  *  *  *  *  .  *  .  .  .  W\9
         10\.  *  *  *  W  .  B  .  W  .  w\10
          11\.  W  *  .  b  b  b  B  b  b  w\11
              a  b  c  d  e  f  g  h  i  j  k  
e6916 info: Old: [black, a9] [white, i10] [black, e3] [white, c4] [black, k5] [white, g4] [black, h11] [white, h2] [black, g3] [white, j6] [black, g10] [white, g7] [black, a4] [white, b11] [black, g6] [white, e4] [black, c7] [white, k4] [black, g8] [white, a5] [black, b6] [white, e10] [black, b2] [white, c8] [black, c6] [white, k9] [black, i7] 
e6916 info: New: [black, a9] [white, i10] [black, e3] [white, c4] [black, k5] [white, g4] [black, h11] [white, h2] [black, g3] [white, j6] [black, g10] [white, g7] [black, a4] [white, b11] [black, g6] [white, e4] [black, c7] [white, k4] [black, g8] [white, a5] [black, b6] [white, e10] [black, b2] [white, c8] [black, c6] [white, k9] [black, i7] [white, h6] [black, b5] 
e6916 info: MovesPlayed: [white, h6] [black, b5] 
e6916 info: No subtree to reuse.
e6916 info: StartSearch()[0]
SgUctSearch: max games reached
e6916 info: 
Elapsed Time   0.302843s
Count          1
GamesPlayed    1
Nodes          1
Knowledge      0 (0.0%)
Expansions     0.0
Time           0.00
GameLen        75.0 dev=0.0 min=75.0 max=75.0
InTree         0.0 dev=0.0 min=0.0 max=0.0
KnowDepth      -
Aborted        0%
Games/s        3413.0
Score          1.00
Sequence      
e6916 info: 
e6916 warning: **** MoHexSearch returned empty sequence!
e6916 warning: **** Returning random move!
e6916 info: *** Player move: h8
d68f6 info: DfpnSolver::CheckAbort(): Abort flag!
de906 info: 
MID calls      88
VC builds      76
Terminal       3
Work           91
Wasted Work    0 (0%)
Elapsed Time   0.311221
MIDs/sec       282.757
VCs/sec        244.199
Cnt prune sib  2
Avg prune sib  5.5 dev=2.5 min=3 max=8
Consider Size  25.1096 dev=16.95 min=2 max=52
Move Index     -
Move Percent   -
Delta Increase 1.97778 dev=4.84419 min=1 max=46
Winner         empty
PV             b10 e8 f7 d7

HashTableStatistics:
Stores         2424
LookupAttempt  152064
LookupSuccess  8795
Collisions     0

de906 info: Search aborted.
<= 
<
>genmove w
<= b10
<
>play b e9
59677 info: PlayAndSolve: Building VCs to avoid race condition.
59677 info: PlayAndSolve: Continuing on as usual.
de906 info: *** PlayerThread ***
e6916 info: *** SolverThread ***
de906 info: Best move cannot be determined, must search state.
de906 info: --- MoHexPlayer::Search() ---
de906 info: Color: white
de906 info: MaxGames: 1
de906 info: NumberThreads: 1
de906 info: MaxNodes: 181818181 (15999999928 bytes)
de906 info: TimeForMove: 1
de906 info: Time for PreSearch: 0.179213s
e6916 info: 
MID calls      64
VC builds      51
Terminal       6
Work           70
Wasted Work    77 (110%)
Elapsed Time   0.211354
MIDs/sec       302.81
VCs/sec        241.301
Cnt prune sib  1
Avg prune sib  8 dev=0 min=8 max=8
Consider Size  14.2222 dev=13.3065 min=1 max=42
Move Index     1.625 dev=1.93245 min=0 max=5
Move Percent   0.0451389 dev=0.0547323 min=0 max=0.142857
Delta Increase 7.59649 dev=21.0837 min=1 max=101
Winner         white
PV             b10 e9 g9 f9 d10

HashTableStatistics:
Stores         2576
LookupAttempt  155297
LookupSuccess  9105
Collisions     0

e6916 info: *** FOUND WIN!!! ***
e6916 info: PV: b10 e9 g9 f9 d10
de906 info: 
  a1a3477605827633
  a  b  c  d  e  f  g  h  i  j  k  
 1\b  b  b  b  b  b  b  b  .  *  .\1
  2\b  B  b  b  b  b  b  W  *  *  .\2
   3\b  B  b  b  B  b  B  *  *  *  .\3
    4\B  *  W  .  W  *  W  *  *  *  W\4
     5\W  B  .  *  *  *  *  *  .  .  B\5
      6\b  B  B  *  *  *  B  W  .  W  .\6
       7\b  b  B  *  *  *  W  .  B  .  .\7
        8\b  b  W  *  *  *  B  W  .  .  .\8
         9\B  *  *  *  *  .  *  .  .  .  W\9
         10\.  *  *  *  W  .  B  .  W  .  w\10
          11\.  W  *  .  b  b  b  B  b  b  w\11
              a  b  c  d  e  f  g  h  i  j  k  
de906 info: Old: [black, a9] [white, i10] [black, e3] [white, c4] [black, k5] [white, g4] [black, h11] [white, h2] [black, g3] [white, j6] [black, g10] [white, g7] [black, a4] [white, b11] [black, g6] [white, e4] [black, c7] [white, k4] [black, g8] [white, a5] [black, b6] [white, e10] [black, b2] [white, c8] [black, c6] [white, k9] [black, i7] [white, h6] [black, b5] 
de906 info: New: [black, a9] [white, i10] [black, e3] [white, c4] [black, k5] [white, g4] [black, h11] [white, h2] [black, g3] [white, j6] [black, g10] [white, g7] [black, a4] [white, b11] [black, g6] [white, e4] [black, c7] [white, k4] [black, g8] [white, a5] [black, b6] [white, e10] [black, b2] [white, c8] [black, c6] [white, k9] [black, i7] [white, h6] [black, b5] [white, h8] [black, b3] 
de906 info: MovesPlayed: [white, h8] [black, b3] 
de906 info: No subtree to reuse.
de906 info: StartSearch()[0]
SgUctSearch: abort flag
de906 info: 
Elapsed Time   0.331149s
Count          1
GamesPlayed    1
Nodes          1
Knowledge      0 (0.0%)
Expansions     0.0
Time           0.00
GameLen        60.0 dev=0.0 min=60.0 max=60.0
InTree         0.0 dev=0.0 min=0.0 max=0.0
KnowDepth      -
Aborted        0%
Games/s        3952.6
Score          1.00
Sequence      
de906 info: 
de906 warning: **** MoHexSearch returned empty sequence!
de906 warning: **** Returning random move!
<= 
<
>genmove w
<= g9
<
>play b f9
59677 info: PlayAndSolve: Building VCs to avoid race condition.
59677 info: PlayAndSolve: Continuing on as usual.
e6916 info: *** PlayerThread ***
de906 info: *** SolverThread ***
de906 info: Already solved!
de906 info: white wins!
de906 info: PV: g9 f9 d10
de906 info: *** FOUND WIN!!! ***
de906 info: PV: g9 f9 d10
e6916 info: Best move cannot be determined, must search state.
e6916 info: --- MoHexPlayer::Search() ---
e6916 info: Color: white
e6916 info: MaxGames: 1
e6916 info: NumberThreads: 1
e6916 info: MaxNodes: 181818181 (15999999928 bytes)
e6916 info: TimeForMove: 1
e6916 info: Winning sequence found before UCT search!
e6916 info: Sequence: d10
<= 
<
>genmove w
<= d10
<
>play b f7
59677 info: PlayAndSolve: Building VCs to avoid race condition.
59677 info: PlayAndSolve: Continuing on as usual.
de906 info: *** PlayerThread ***
e6916 info: *** SolverThread ***
e6916 info: Already solved!
e6916 info: white wins!
e6916 info: PV: d10
e6916 info: *** FOUND WIN!!! ***
e6916 info: PV: d10
de906 info: Best move cannot be determined, must search state.
de906 info: --- MoHexPlayer::Search() ---
de906 info: Color: white
de906 info: MaxGames: 1
de906 info: NumberThreads: 1
de906 info: MaxNodes: 181818181 (15999999928 bytes)
de906 info: TimeForMove: 1
de906 info: Winning sequence found before UCT search!
de906 info: Sequence: d10
<= 
<
>genmove w
<= f10
<
>play b k7
59677 info: PlayAndSolve: Building VCs to avoid race condition.
59677 info: PlayAndSolve: Continuing on as usual.
e6916 info: *** PlayerThread ***
de906 info: *** SolverThread ***
e6916 info: Winning SC.
e6916 info: *** Player move: f10
de906 info: 
MID calls      0
VC builds      1
Terminal       1
Work           1
Wasted Work    0 (0%)
Elapsed Time   0.004649
MIDs/sec       0
VCs/sec        215.1
Cnt prune sib  0
Avg prune sib  -
Consider Size  -
Move Index     -
Move Percent   -
Delta Increase -
Winner         white
PV             

HashTableStatistics:
Stores         2577
LookupAttempt  155311
LookupSuccess  9116
Collisions     0

<= 
<
>genmove w
<= i9
<
>play b k2
59677 info: PlayAndSolve: Building VCs to avoid race condition.
59677 info: PlayAndSolve: Continuing on as usual.
de906 info: *** PlayerThread ***
e6916 info: *** SolverThread ***
de906 info: Winning SC.
de906 info: *** Player move: i9
e6916 info: 
MID calls      0
VC builds      1
Terminal       1
Work           1
Wasted Work    0 (0%)
Elapsed Time   0.004549
MIDs/sec       0
VCs/sec        219.829
Cnt prune sib  0
Avg prune sib  -
Consider Size  -
Move Index     -
Move Percent   -
Delta Increase -
Winner         white
PV             

HashTableStatistics:
Stores         2578
LookupAttempt  155317
LookupSuccess  9119
Collisions     0

<= 
<
>genmove w
<= i8
<
>play b a10
59677 info: PlayAndSolve: Building VCs to avoid race condition.
59677 info: PlayAndSolve: Continuing on as usual.
e6916 info: *** PlayerThread ***
de906 info: *** SolverThread ***
e6916 info: Winning SC.
e6916 info: *** Player move: i8
de906 info: 
MID calls      0
VC builds      1
Terminal       1
Work           1
Wasted Work    0 (0%)
Elapsed Time   0.003426
MIDs/sec       0
VCs/sec        291.886
Cnt prune sib  0
Avg prune sib  -
Consider Size  -
Move Index     -
Move Percent   -
Delta Increase -
Winner         white
PV             

HashTableStatistics:
Stores         2579
LookupAttempt  155323
LookupSuccess  9122
Collisions     0

<= 
<
>genmove w
<= a11
<
>play b c10
59677 info: PlayAndSolve: Building VCs to avoid race condition.
59677 info: PlayAndSolve: Continuing on as usual.
de906 info: *** PlayerThread ***
e6916 info: *** SolverThread ***
de906 info: Winning SC.
de906 info: *** Player move: a11
e6916 info: 
MID calls      0
VC builds      1
Terminal       1
Work           1
Wasted Work    0 (0%)
Elapsed Time   0.003776
MIDs/sec       0
VCs/sec        264.831
Cnt prune sib  0
Avg prune sib  -
Consider Size  -
Move Index     -
Move Percent   -
Delta Increase -
Winner         white
PV             

HashTableStatistics:
Stores         2580
LookupAttempt  155329
LookupSuccess  9125
Collisions     0

<= 
<
>genmove w
<= c11
<
>play b j10
59677 info: PlayAndSolve: Building VCs to avoid race condition.
59677 info: PlayAndSolve: Continuing on as usual.
e6916 info: *** PlayerThread ***
de906 info: *** SolverThread ***
e6916 info: Winning SC.
e6916 info: *** Player move: c11
de906 info: 
MID calls      0
VC builds      1
Terminal       1
Work           1
Wasted Work    0 (0%)
Elapsed Time   0.003577
MIDs/sec       0
VCs/sec        279.564
Cnt prune sib  0
Avg prune sib  -
Consider Size  -
Move Index     -
Move Percent   -
Delta Increase -
Winner         white
PV             

HashTableStatistics:
Stores         2581
LookupAttempt  155335
LookupSuccess  9128
Collisions     0

<= 
<
>genmove w
<= j9
<
>play b resign
59677 info: PlayAndSolve: Building VCs to avoid race condition.
59677 info: PlayAndSolve: Continuing on as usual.
de906 info: *** PlayerThread ***
e6916 info: *** SolverThread ***
de906 info: Winning SC.
de906 info: *** Player move: j9
e6916 info: 
MID calls      0
VC builds      1
Terminal       1
Work           1
Wasted Work    0 (0%)
Elapsed Time   0.00359
MIDs/sec       0
VCs/sec        278.552
Cnt prune sib  0
Avg prune sib  -
Consider Size  -
Move Index     -
Move Percent   -
Delta Increase -
Winner         white
PV             

HashTableStatistics:
Stores         2582
LookupAttempt  155341
LookupSuccess  9131
Collisions     0

<= 
<
>final_score
<= W+
<
>quit
<= 
<
