79b87 config: MoHex v2.0.CMake Mar 21 2025.
79b87 config: ============ InitializeSystem ============
79b87 config: BenzeneProgram::InitRandom()
79b87 config: Seed = 461593
79b87 info: Prior Patterns:
79b87 info: Global:
79b87 info: Size            = 565 32648 
79b87 info: TableEntries    = 65932 65910
79b87 info: MirrorsAdded    = 0 0
79b87 info: PrunableCount   = 30593 30629
79b87 info: LargestGamma    = 5820.77
79b87 info: SmallestGamma   = 6.6e-05
79b87 info: Local:
79b87 info: Size            = 550 5318 
79b87 info: TableEntries    = 11602 11588
79b87 info: MirrorsAdded    = 0 0
79b87 info: PrunableCount   = 3659 3667
79b87 info: LargestGamma    = 11281.8
79b87 info: SmallestGamma   = 0.026235
79b87 info: Playout Patterns:
79b87 info: Global:
79b87 info: Size            = 565 32648 
79b87 info: TableEntries    = 70329 70329
79b87 info: MirrorsAdded    = 4397 4419
79b87 info: PrunableCount   = 30593 30629
79b87 info: LargestGamma    = 5820.77
79b87 info: SmallestGamma   = 6.6e-05
79b87 info: Local:
79b87 info: Size            = 550 5318 
79b87 info: TableEntries    = 11602 11588
79b87 info: MirrorsAdded    = 0 0
79b87 info: PrunableCount   = 3659 3667
79b87 info: LargestGamma    = 11281.8
79b87 info: SmallestGamma   = 0.026235
79b87 config: IcePatternSet: reading from '/home/linus/MoHex2.0/nfbranchfix/benzene-vanilla-cmake/share/ice-patterns.txt'.
79b87 config: IcePatternSet: parsed 708 patterns.
79b87 config: VCS: reading captured set patterns from '/home/linus/MoHex2.0/nfbranchfix/benzene-vanilla-cmake/share/vc-captured-set.txt'.
79b87 config: VCS:: parsed 2 patterns.
79b87 config: VCS: reading captured set patterns from '/home/linus/MoHex2.0/nfbranchfix/benzene-vanilla-cmake/share/vc-captured-set.txt'.
79b87 config: VCS:: parsed 2 patterns.
79b87 config: IcePatternSet: reading from '/home/linus/MoHex2.0/nfbranchfix/benzene-vanilla-cmake/share/ice-patterns.txt'.
79b87 config: IcePatternSet: parsed 708 patterns.
79b87 config: VCS: reading captured set patterns from '/home/linus/MoHex2.0/nfbranchfix/benzene-vanilla-cmake/share/vc-captured-set.txt'.
79b87 config: VCS:: parsed 2 patterns.
79b87 config: VCS: reading captured set patterns from '/home/linus/MoHex2.0/nfbranchfix/benzene-vanilla-cmake/share/vc-captured-set.txt'.
79b87 config: VCS:: parsed 2 patterns.
79b87 config: VCS: reading captured set patterns from '/home/linus/MoHex2.0/nfbranchfix/benzene-vanilla-cmake/share/vc-captured-set.txt'.
79b87 config: VCS:: parsed 2 patterns.
79b87 config: VCS: reading captured set patterns from '/home/linus/MoHex2.0/nfbranchfix/benzene-vanilla-cmake/share/vc-captured-set.txt'.
79b87 config: VCS:: parsed 2 patterns.
79b87 config: VCS: reading captured set patterns from '/home/linus/MoHex2.0/nfbranchfix/benzene-vanilla-cmake/share/vc-captured-set.txt'.
79b87 config: VCS:: parsed 2 patterns.
79b87 config: VCS: reading captured set patterns from '/home/linus/MoHex2.0/nfbranchfix/benzene-vanilla-cmake/share/vc-captured-set.txt'.
79b87 config: VCS:: parsed 2 patterns.
79b87 info: SwapCheck: reading from '/home/linus/MoHex2.0/nfbranchfix/benzene-vanilla-cmake/share/swap-moves.txt'.
79b87 info: SwapCheck: playing swap.
79b87 info: PlayAndSolve: Building VCs to avoid race condition.
79b87 config: VCPattern: loading pattern templates from '/home/linus/MoHex2.0/nfbranchfix/benzene-vanilla-cmake/share/vc-patterns.txt'.
79b87 info: PlayAndSolve: Continuing on as usual.
bfff6 info: *** PlayerThread ***
b7fe6 info: *** SolverThread ***
affd6 config: VCS: reading captured set patterns from '/home/linus/MoHex2.0/nfbranchfix/benzene-vanilla-cmake/share/vc-captured-set.txt'.
affd6 config: VCS:: parsed 2 patterns.
affd6 config: VCS: reading captured set patterns from '/home/linus/MoHex2.0/nfbranchfix/benzene-vanilla-cmake/share/vc-captured-set.txt'.
affd6 config: VCS:: parsed 2 patterns.
affd6 dfpn: 
bfff6 info: Best move cannot be determined, must search state.
bfff6 info: --- MoHexPlayer::Search() ---
bfff6 info: Color: black
bfff6 info: MaxGames: 1
bfff6 info: NumberThreads: 1
bfff6 info: MaxNodes: 181818181 (15999999928 bytes)
bfff6 info: TimeForMove: 1
affd6 dfpn: b10
affd6 dfpn: c9
affd6 dfpn: b8
affd6 dfpn: d8
affd6 dfpn: h4
affd6 dfpn: g5
affd6 dfpn: c8
affd6 dfpn: b9
affd6 dfpn: i3
affd6 dfpn: e8
affd6 dfpn: j2
affd6 dfpn: e7
affd6 dfpn: g4
affd6 dfpn: f7
affd6 dfpn: g6
affd6 dfpn: h5
affd6 dfpn: f6
affd6 dfpn: g7
affd6 dfpn: c10
affd6 dfpn: f5
affd6 dfpn: d9
affd6 dfpn: f8
affd6 dfpn: d7
affd6 dfpn: h6
affd6 dfpn: c10
bfff6 info: PreSearch: max time reached (54/89).
bfff6 info: Time for PreSearch: 0.200152s
bfff6 info: 
  5da6186965f9d431
  a  b  c  d  e  f  g  h  i  j  k  
 1\.  .  .  .  .  .  .  .  .  .  .\1
  2\.  .  *  *  *  *  *  *  *  *  *\2
   3\.  *  *  *  *  *  *  *  *  *  *\3
    4\*  *  *  *  *  *  *  *  *  *  *\4
     5\*  *  *  *  *  *  *  *  *  *  .\5
      6\*  *  *  *  *  *  *  *  *  *  W\6
       7\B  *  *  *  *  *  *  *  *  *  .\7
        8\*  *  *  *  *  *  *  *  *  *  *\8
         9\*  *  *  *  *  *  *  *  *  *  .\9
         10\*  *  *  *  *  *  *  *  *  .  .\10
          11\.  .  .  .  .  .  .  .  .  .  .\11
              a  b  c  d  e  f  g  h  i  j  k  
affd6 dfpn: b10
bfff6 info: No subtree to reuse.
bfff6 info: Creating thread 0
bfff6 info: StartSearch()[0]
bfff6 config: VCS: reading captured set patterns from '/home/linus/MoHex2.0/nfbranchfix/benzene-vanilla-cmake/share/vc-captured-set.txt'.
bfff6 config: VCS:: parsed 2 patterns.
bfff6 config: VCS: reading captured set patterns from '/home/linus/MoHex2.0/nfbranchfix/benzene-vanilla-cmake/share/vc-captured-set.txt'.
bfff6 config: VCS:: parsed 2 patterns.
bfff6 info: 
Elapsed Time   0.544597s
Count          1
GamesPlayed    1
Nodes          1
Knowledge      0 (0.0%)
Expansions     0.0
Time           0.00
GameLen        119.0 dev=0.0 min=119.0 max=119.0
InTree         0.0 dev=0.0 min=0.0 max=0.0
KnowDepth      -
Aborted        0%
Games/s        388.7
Score          0.00
Sequence      
bfff6 info: 
bfff6 warning: **** MoHexSearch returned empty sequence!
bfff6 warning: **** Returning random move!
bfff6 info: *** Player move: g2
affd6 info: DfpnSolver::CheckAbort(): Abort flag!
b7fe6 info: 
MID calls      93
VC builds      90
Terminal       0
Work           93
Wasted Work    0 (0%)
Elapsed Time   0.553812
MIDs/sec       167.927
VCs/sec        162.51
Cnt prune sib  0
Avg prune sib  -
Consider Size  85.2445 dev=4.17454 min=77 max=92
Move Index     -
Move Percent   -
Delta Increase 2.84783 dev=11.96 min=1 max=85
Winner         empty
PV             b10 h5 f6

HashTableStatistics:
Stores         211
LookupAttempt  16754
LookupSuccess  823
Collisions     0

b7fe6 info: Search aborted.
79b87 info: PlayAndSolve: Building VCs to avoid race condition.
79b87 info: PlayAndSolve: Continuing on as usual.
b7fe6 info: *** PlayerThread ***
bfff6 info: *** SolverThread ***
affd6 config: VCS: reading captured set patterns from '/home/linus/MoHex2.0/nfbranchfix/benzene-vanilla-cmake/share/vc-captured-set.txt'.
affd6 config: VCS:: parsed 2 patterns.
affd6 config: VCS: reading captured set patterns from '/home/linus/MoHex2.0/nfbranchfix/benzene-vanilla-cmake/share/vc-captured-set.txt'.
affd6 config: VCS:: parsed 2 patterns.
affd6 dfpn: 
b7fe6 info: Best move cannot be determined, must search state.
b7fe6 info: --- MoHexPlayer::Search() ---
b7fe6 info: Color: black
b7fe6 info: MaxGames: 1
b7fe6 info: NumberThreads: 1
b7fe6 info: MaxNodes: 181818181 (15999999928 bytes)
b7fe6 info: TimeForMove: 1
affd6 dfpn: b10
affd6 dfpn: c9
affd6 dfpn: h4
affd6 dfpn: d8
affd6 dfpn: b8
affd6 dfpn: g5
affd6 dfpn: g4
affd6 dfpn: h5
affd6 dfpn: f5
affd6 dfpn: i3
affd6 dfpn: g6
affd6 dfpn: c8
affd6 dfpn: e8
affd6 dfpn: e7
affd6 dfpn: f6
affd6 dfpn: f4
affd6 dfpn: f7
affd6 dfpn: b9
affd6 dfpn: g7
affd6 dfpn: c10
affd6 dfpn: d9
affd6 dfpn: e6
affd6 dfpn: i3
b7fe6 info: PreSearch: max time reached (59/82).
b7fe6 info: Time for PreSearch: 0.200663s
b7fe6 info: 
  1f66ccb1cf047161
  a  b  c  d  e  f  g  h  i  j  k  
 1\.  .  .  .  .  b  b  b  b  b  b\1
  2\.  .  *  *  *  .  B  .  .  .  W\2
   3\.  *  *  *  *  *  *  *  *  *  .\3
    4\*  *  *  *  *  *  *  *  *  *  *\4
     5\*  *  *  *  *  *  *  *  *  *  .\5
      6\*  *  *  *  *  *  *  *  *  *  W\6
       7\B  *  *  *  *  *  *  *  *  *  .\7
        8\*  *  *  *  *  *  *  *  *  *  *\8
         9\*  *  *  *  *  *  *  *  *  *  .\9
         10\*  *  *  *  *  *  *  *  *  .  .\10
          11\.  .  .  .  .  .  .  .  .  .  .\11
              a  b  c  d  e  f  g  h  i  j  k  
b7fe6 info: Old: [black, a7] [white, swap-pieces] [white, k6] 
b7fe6 info: New: [black, a7] [white, swap-pieces] [white, k6] [black, g2] [white, k2] 
b7fe6 info: MovesPlayed: [black, g2] [white, k2] 
b7fe6 info: No subtree to reuse.
b7fe6 info: StartSearch()[0]
b7fe6 info: 
Elapsed Time   0.344492s
Count          1
GamesPlayed    1
Nodes          1
Knowledge      0 (0.0%)
Expansions     0.0
Time           0.00
GameLen        111.0 dev=0.0 min=111.0 max=111.0
InTree         0.0 dev=0.0 min=0.0 max=0.0
KnowDepth      -
Aborted        0%
Games/s        3496.5
Score          0.00
Sequence      
b7fe6 info: 
b7fe6 warning: **** MoHexSearch returned empty sequence!
b7fe6 warning: **** Returning random move!
affd6 dfpn: c10
b7fe6 info: *** Player move: j2
affd6 info: DfpnSolver::CheckAbort(): Abort flag!
bfff6 info: 
MID calls      66
VC builds      63
Terminal       0
Work           66
Wasted Work    0 (0%)
Elapsed Time   0.35538
MIDs/sec       185.717
VCs/sec        177.275
Cnt prune sib  0
Avg prune sib  -
Consider Size  74.8254 dev=8.64925 min=39 max=83
Move Index     -
Move Percent   -
Delta Increase 3.29231 dev=12.6086 min=1 max=76
Winner         empty
PV             c10 d8 f7

HashTableStatistics:
Stores         366
LookupAttempt  29178
LookupSuccess  1515
Collisions     0

bfff6 info: Search aborted.
79b87 info: PlayAndSolve: Building VCs to avoid race condition.
79b87 info: PlayAndSolve: Continuing on as usual.
bfff6 info: *** PlayerThread ***
b7fe6 info: *** SolverThread ***
affd6 config: VCS: reading captured set patterns from '/home/linus/MoHex2.0/nfbranchfix/benzene-vanilla-cmake/share/vc-captured-set.txt'.
affd6 config: VCS:: parsed 2 patterns.
affd6 config: VCS: reading captured set patterns from '/home/linus/MoHex2.0/nfbranchfix/benzene-vanilla-cmake/share/vc-captured-set.txt'.
affd6 config: VCS:: parsed 2 patterns.
affd6 dfpn: 
bfff6 info: Best move cannot be determined, must search state.
bfff6 info: --- MoHexPlayer::Search() ---
bfff6 info: Color: black
bfff6 info: MaxGames: 1
bfff6 info: NumberThreads: 1
bfff6 info: MaxNodes: 181818181 (15999999928 bytes)
bfff6 info: TimeForMove: 1
affd6 dfpn: e8
affd6 dfpn: c9
affd6 dfpn: b10
affd6 dfpn: d8
affd6 dfpn: f7
affd6 dfpn: e7
affd6 dfpn: f6
affd6 dfpn: b8
affd6 dfpn: c8
affd6 dfpn: h7
affd6 dfpn: b9
affd6 dfpn: d9
affd6 dfpn: d7
affd6 dfpn: e6
affd6 dfpn: c10
affd6 dfpn: i6
affd6 dfpn: h6
affd6 dfpn: f5
affd6 dfpn: h5
affd6 dfpn: g5
affd6 dfpn: e5
affd6 dfpn: e8
bfff6 info: PreSearch: max time reached (64/78).
bfff6 info: Time for PreSearch: 0.200968s
bfff6 info: 
  7ea1b7f92957e077
  a  b  c  d  e  f  g  h  i  j  k  
 1\.  .  .  .  .  b  b  b  b  b  b\1
  2\.  .  *  *  *  .  B  b  b  B  W\2
   3\.  *  *  *  *  *  .  .  .  *  .\3
    4\*  *  *  *  *  *  *  *  *  *  *\4
     5\*  *  *  *  *  *  *  *  *  *  .\5
      6\*  *  *  *  *  *  *  *  *  *  W\6
       7\B  *  *  *  *  *  W  *  *  *  .\7
        8\*  *  *  *  *  *  *  *  *  *  *\8
         9\*  *  *  *  *  *  *  *  *  *  .\9
         10\*  *  *  *  *  *  *  *  *  .  .\10
          11\.  .  .  .  .  .  .  .  .  .  .\11
              a  b  c  d  e  f  g  h  i  j  k  
bfff6 info: Old: [black, a7] [white, swap-pieces] [white, k6] [black, g2] [white, k2] 
bfff6 info: New: [black, a7] [white, swap-pieces] [white, k6] [black, g2] [white, k2] [black, j2] [white, g7] 
bfff6 info: MovesPlayed: [black, j2] [white, g7] 
bfff6 info: No subtree to reuse.
affd6 dfpn: f6
bfff6 info: StartSearch()[0]
bfff6 info: 
Elapsed Time   0.349128s
Count          1
GamesPlayed    1
Nodes          1
Knowledge      0 (0.0%)
Expansions     0.0
Time           0.00
GameLen        107.0 dev=0.0 min=107.0 max=107.0
InTree         0.0 dev=0.0 min=0.0 max=0.0
KnowDepth      -
Aborted        0%
Games/s        3759.4
Score          0.00
Sequence      
bfff6 info: 
bfff6 warning: **** MoHexSearch returned empty sequence!
bfff6 warning: **** Returning random move!
bfff6 info: *** Player move: f10
affd6 info: DfpnSolver::CheckAbort(): Abort flag!
b7fe6 info: 
MID calls      63
VC builds      60
Terminal       0
Work           63
Wasted Work    0 (0%)
Elapsed Time   0.357649
MIDs/sec       176.15
VCs/sec        167.762
Cnt prune sib  0
Avg prune sib  -
Consider Size  66.95 dev=17.9568 min=28 max=80
Move Index     -
Move Percent   -
Delta Increase 3.33871 dev=10.997 min=1 max=72
Winner         empty
PV             f6 g4 e8

HashTableStatistics:
Stores         514
LookupAttempt  40190
LookupSuccess  2156
Collisions     0

b7fe6 info: Search aborted.
79b87 info: PlayAndSolve: Building VCs to avoid race condition.
79b87 info: PlayAndSolve: Continuing on as usual.
b7fe6 info: *** PlayerThread ***
bfff6 info: *** SolverThread ***
affd6 config: VCS: reading captured set patterns from '/home/linus/MoHex2.0/nfbranchfix/benzene-vanilla-cmake/share/vc-captured-set.txt'.
affd6 config: VCS:: parsed 2 patterns.
affd6 config: VCS: reading captured set patterns from '/home/linus/MoHex2.0/nfbranchfix/benzene-vanilla-cmake/share/vc-captured-set.txt'.
affd6 config: VCS:: parsed 2 patterns.
affd6 dfpn: 
b7fe6 info: Best move cannot be determined, must search state.
b7fe6 info: --- MoHexPlayer::Search() ---
b7fe6 info: Color: black
b7fe6 info: MaxGames: 1
b7fe6 info: NumberThreads: 1
b7fe6 info: MaxNodes: 181818181 (15999999928 bytes)
b7fe6 info: TimeForMove: 1
affd6 dfpn: e8
affd6 dfpn: f4
affd6 dfpn: d8
affd6 dfpn: e7
affd6 dfpn: c9
affd6 dfpn: b8
affd6 dfpn: f7
affd6 dfpn: j3
affd6 dfpn: b10
affd6 dfpn: c8
affd6 dfpn: f6
affd6 dfpn: i4
affd6 dfpn: h7
affd6 dfpn: b9
affd6 dfpn: d9
affd6 dfpn: d7
affd6 dfpn: e6
affd6 dfpn: e5
affd6 dfpn: i6
affd6 dfpn: e4
affd6 dfpn: b10
b7fe6 info: Time for PreSearch: 0.201531s
b7fe6 info: 
  55e8a3993f4cf64a
  a  b  c  d  e  f  g  h  i  j  k  
 1\.  .  .  .  .  b  b  b  b  b  b\1
  2\.  .  *  *  .  .  B  b  b  B  W\2
   3\.  *  *  *  *  *  *  W  .  *  .\3
    4\*  *  *  *  *  *  *  *  *  *  *\4
     5\*  *  *  *  *  *  *  *  *  *  .\5
      6\*  *  *  *  *  *  *  *  *  *  W\6
       7\B  *  *  *  *  *  W  *  *  *  .\7
        8\*  *  *  *  *  *  *  *  *  *  *\8
         9\*  *  *  *  *  *  *  *  *  *  .\9
         10\*  *  *  .  .  B  .  .  *  .  .\10
          11\.  .  .  b  b  b  b  .  .  .  .\11
              a  b  c  d  e  f  g  h  i  j  k  
affd6 dfpn: i4
b7fe6 info: Old: [black, a7] [white, swap-pieces] [white, k6] [black, g2] [white, k2] [black, j2] [white, g7] 
b7fe6 info: New: [black, a7] [white, swap-pieces] [white, k6] [black, g2] [white, k2] [black, j2] [white, g7] [black, f10] [white, h3] 
b7fe6 info: MovesPlayed: [black, f10] [white, h3] 
b7fe6 info: No subtree to reuse.
b7fe6 info: StartSearch()[0]
b7fe6 info: 
Elapsed Time   0.35646s
Count          1
GamesPlayed    1
Nodes          1
Knowledge      0 (0.0%)
Expansions     0.0
Time           0.00
GameLen        101.0 dev=0.0 min=101.0 max=101.0
InTree         0.0 dev=0.0 min=0.0 max=0.0
KnowDepth      -
Aborted        0%
Games/s        2611.0
Score          0.00
Sequence      
b7fe6 info: 
b7fe6 warning: **** MoHexSearch returned empty sequence!
b7fe6 warning: **** Returning random move!
b7fe6 info: *** Player move: j3
affd6 info: DfpnSolver::CheckAbort(): Abort flag!
bfff6 info: 
MID calls      72
VC builds      69
Terminal       0
Work           72
Wasted Work    0 (0%)
Elapsed Time   0.368109
MIDs/sec       195.594
VCs/sec        187.444
Cnt prune sib  0
Avg prune sib  -
Consider Size  67.4783 dev=6.98991 min=20 max=76
Move Index     -
Move Percent   -
Delta Increase 2.87324 dev=10.6809 min=1 max=68
Winner         empty
PV             i4 b8 e8

HashTableStatistics:
Stores         679
LookupAttempt  51447
LookupSuccess  2758
Collisions     0

bfff6 info: Search aborted.
79b87 info: PlayAndSolve: Building VCs to avoid race condition.
79b87 info: PlayAndSolve: Continuing on as usual.
bfff6 info: *** PlayerThread ***
b7fe6 info: *** SolverThread ***
affd6 config: VCS: reading captured set patterns from '/home/linus/MoHex2.0/nfbranchfix/benzene-vanilla-cmake/share/vc-captured-set.txt'.
affd6 config: VCS:: parsed 2 patterns.
affd6 config: VCS: reading captured set patterns from '/home/linus/MoHex2.0/nfbranchfix/benzene-vanilla-cmake/share/vc-captured-set.txt'.
affd6 config: VCS:: parsed 2 patterns.
affd6 dfpn: 
bfff6 info: Best move cannot be determined, must search state.
bfff6 info: --- MoHexPlayer::Search() ---
bfff6 info: Color: black
bfff6 info: MaxGames: 1
bfff6 info: NumberThreads: 1
bfff6 info: MaxNodes: 181818181 (15999999928 bytes)
bfff6 info: TimeForMove: 1
affd6 dfpn: e8
affd6 dfpn: j4
affd6 dfpn: i6
affd6 dfpn: h7
affd6 dfpn: f7
affd6 dfpn: e7
affd6 dfpn: d8
affd6 dfpn: f6
affd6 dfpn: j5
affd6 dfpn: j6
affd6 dfpn: h6
affd6 dfpn: c9
affd6 dfpn: h8
affd6 dfpn: f4
affd6 dfpn: i4
affd6 dfpn: i5
affd6 dfpn: c8
affd6 dfpn: d9
affd6 dfpn: i7
affd6 dfpn: b10
affd6 dfpn: h7
bfff6 info: Time for PreSearch: 0.186253s
affd6 dfpn: i5
bfff6 info: 
  f3f04e45561445dd
  a  b  c  d  e  f  g  h  i  j  k  
 1\.  .  .  .  b  b  b  b  b  b  b\1
  2\.  .  .  W  .  .  B  b  b  B  W\2
   3\.  *  *  *  *  *  *  W  .  B  .\3
    4\*  *  *  *  *  *  *  *  *  *  *\4
     5\*  *  *  *  *  *  *  *  *  *  .\5
      6\*  *  *  *  *  *  *  *  *  *  W\6
       7\B  *  *  *  *  *  W  *  *  *  .\7
        8\*  *  *  *  *  *  *  *  *  *  *\8
         9\*  *  *  *  *  *  *  *  *  *  .\9
         10\*  *  *  .  .  B  .  .  *  .  .\10
          11\.  .  .  b  b  b  b  .  .  .  .\11
              a  b  c  d  e  f  g  h  i  j  k  
bfff6 info: Old: [black, a7] [white, swap-pieces] [white, k6] [black, g2] [white, k2] [black, j2] [white, g7] [black, f10] [white, h3] 
bfff6 info: New: [black, a7] [white, swap-pieces] [white, k6] [black, g2] [white, k2] [black, j2] [white, g7] [black, f10] [white, h3] [black, j3] [white, d2] 
bfff6 info: MovesPlayed: [black, j3] [white, d2] 
bfff6 info: No subtree to reuse.
bfff6 info: StartSearch()[0]
bfff6 info: 
Elapsed Time   0.331939s
Count          1
GamesPlayed    1
Nodes          1
Knowledge      0 (0.0%)
Expansions     0.0
Time           0.00
GameLen        98.0 dev=0.0 min=98.0 max=98.0
InTree         0.0 dev=0.0 min=0.0 max=0.0
KnowDepth      -
Aborted        0%
Games/s        3367.0
Score          1.00
Sequence      
bfff6 info: 
bfff6 warning: **** MoHexSearch returned empty sequence!
bfff6 warning: **** Returning random move!
bfff6 info: *** Player move: e9
affd6 info: DfpnSolver::CheckAbort(): Abort flag!
b7fe6 info: 
MID calls      72
VC builds      68
Terminal       0
Work           72
Wasted Work    0 (0%)
Elapsed Time   0.342529
MIDs/sec       210.201
VCs/sec        198.523
Cnt prune sib  0
Avg prune sib  -
Consider Size  55.3823 dev=18.1506 min=13 max=73
Move Index     -
Move Percent   -
Delta Increase 3.16901 dev=11.2023 min=1 max=68
Winner         empty
PV             i5 i6 b9 f6

HashTableStatistics:
Stores         843
LookupAttempt  61521
LookupSuccess  3361
Collisions     0

b7fe6 info: Search aborted.
79b87 info: PlayAndSolve: Building VCs to avoid race condition.
79b87 info: PlayAndSolve: Continuing on as usual.
b7fe6 info: *** PlayerThread ***
bfff6 info: *** SolverThread ***
affd6 config: VCS: reading captured set patterns from '/home/linus/MoHex2.0/nfbranchfix/benzene-vanilla-cmake/share/vc-captured-set.txt'.
affd6 config: VCS:: parsed 2 patterns.
affd6 config: VCS: reading captured set patterns from '/home/linus/MoHex2.0/nfbranchfix/benzene-vanilla-cmake/share/vc-captured-set.txt'.
affd6 config: VCS:: parsed 2 patterns.
affd6 dfpn: 
b7fe6 info: Best move cannot be determined, must search state.
b7fe6 info: --- MoHexPlayer::Search() ---
b7fe6 info: Color: black
b7fe6 info: MaxGames: 1
b7fe6 info: NumberThreads: 1
b7fe6 info: MaxNodes: 181818181 (15999999928 bytes)
b7fe6 info: TimeForMove: 1
affd6 dfpn: c9
affd6 dfpn: i6
affd6 dfpn: h7
affd6 dfpn: j4
affd6 dfpn: d8
affd6 dfpn: j6
affd6 dfpn: h8
affd6 dfpn: h6
affd6 dfpn: j5
affd6 dfpn: c8
affd6 dfpn: b8
affd6 dfpn: d7
affd6 dfpn: b9
affd6 dfpn: i7
affd6 dfpn: b10
affd6 dfpn: i5
affd6 dfpn: d9
affd6 dfpn: h5
affd6 dfpn: h7
b7fe6 info: Time for PreSearch: 0.168905s
affd6 dfpn: i5
b7fe6 info: 
  f9d68f64338a161c
  a  b  c  d  e  f  g  h  i  j  k  
 1\.  .  .  .  b  b  b  b  b  b  b\1
  2\.  .  .  W  .  .  B  b  b  B  W\2
   3\.  *  *  *  *  *  *  W  .  B  .\3
    4\*  *  *  *  *  *  *  *  *  *  *\4
     5\*  *  *  *  *  *  *  *  *  *  .\5
      6\*  *  *  *  *  *  *  *  *  *  W\6
       7\B  *  *  *  *  *  W  *  *  *  .\7
        8\*  *  *  *  W  *  *  *  *  *  *\8
         9\*  *  *  *  B  .  *  *  *  *  .\9
         10\*  *  .  .  .  B  .  .  *  .  .\10
          11\.  .  .  b  b  b  b  .  .  .  .\11
              a  b  c  d  e  f  g  h  i  j  k  
affd6 dfpn: h7
b7fe6 info: Old: [black, a7] [white, swap-pieces] [white, k6] [black, g2] [white, k2] [black, j2] [white, g7] [black, f10] [white, h3] [black, j3] [white, d2] 
b7fe6 info: New: [black, a7] [white, swap-pieces] [white, k6] [black, g2] [white, k2] [black, j2] [white, g7] [black, f10] [white, h3] [black, j3] [white, d2] [black, e9] [white, e8] 
b7fe6 info: MovesPlayed: [black, e9] [white, e8] 
b7fe6 info: No subtree to reuse.
b7fe6 info: StartSearch()[0]
b7fe6 info: 
Elapsed Time   0.317099s
Count          1
GamesPlayed    1
Nodes          1
Knowledge      0 (0.0%)
Expansions     0.0
Time           0.00
GameLen        96.0 dev=0.0 min=96.0 max=96.0
InTree         0.0 dev=0.0 min=0.0 max=0.0
KnowDepth      -
Aborted        0%
Games/s        3558.7
Score          0.00
Sequence      
b7fe6 info: 
b7fe6 warning: **** MoHexSearch returned empty sequence!
b7fe6 warning: **** Returning random move!
b7fe6 info: *** Player move: b5
affd6 info: DfpnSolver::CheckAbort(): Abort flag!
bfff6 info: 
MID calls      74
VC builds      66
Terminal       0
Work           74
Wasted Work    0 (0%)
Elapsed Time   0.32488
MIDs/sec       227.776
VCs/sec        203.152
Cnt prune sib  3
Avg prune sib  1 dev=0 min=1 max=1
Consider Size  51.4242 dev=19.1691 min=6 max=69
Move Index     -
Move Percent   -
Delta Increase 2.61644 dev=7.64204 min=1 max=64
Winner         empty
PV             h7 j4 f4 h6

HashTableStatistics:
Stores         1010
LookupAttempt  70693
LookupSuccess  3941
Collisions     0

bfff6 info: Search aborted.
79b87 info: PlayAndSolve: Building VCs to avoid race condition.
79b87 info: PlayAndSolve: Continuing on as usual.
bfff6 info: *** PlayerThread ***
b7fe6 info: *** SolverThread ***
affd6 config: VCS: reading captured set patterns from '/home/linus/MoHex2.0/nfbranchfix/benzene-vanilla-cmake/share/vc-captured-set.txt'.
affd6 config: VCS:: parsed 2 patterns.
affd6 config: VCS: reading captured set patterns from '/home/linus/MoHex2.0/nfbranchfix/benzene-vanilla-cmake/share/vc-captured-set.txt'.
affd6 config: VCS:: parsed 2 patterns.
affd6 dfpn: 
bfff6 info: Best move cannot be determined, must search state.
bfff6 info: --- MoHexPlayer::Search() ---
bfff6 info: Color: black
bfff6 info: MaxGames: 1
bfff6 info: NumberThreads: 1
bfff6 info: MaxNodes: 181818181 (15999999928 bytes)
bfff6 info: TimeForMove: 1
affd6 dfpn: c9
affd6 dfpn: d8
affd6 dfpn: i6
affd6 dfpn: h7
affd6 dfpn: j4
affd6 dfpn: c8
affd6 dfpn: j6
affd6 dfpn: h6
affd6 dfpn: h8
affd6 dfpn: d7
affd6 dfpn: j5
affd6 dfpn: c7
affd6 dfpn: b8
affd6 dfpn: i7
affd6 dfpn: b10
affd6 dfpn: d9
affd6 dfpn: b9
affd6 dfpn: h7
bfff6 info: Time for PreSearch: 0.177478s
bfff6 info: 
  8aa40e813a5672c3
  a  b  c  d  e  f  g  h  i  j  k  
 1\.  .  .  .  b  b  b  b  b  b  b\1
  2\.  .  .  W  .  .  B  b  b  B  W\2
   3\.  *  *  *  *  *  *  W  .  B  .\3
    4\*  *  *  *  *  *  *  *  *  *  *\4
     5\.  B  *  *  *  *  *  *  *  *  .\5
      6\.  .  *  *  *  *  *  *  *  *  W\6
       7\B  *  *  *  *  *  W  *  *  *  .\7
        8\W  *  *  *  W  *  *  *  *  *  *\8
         9\.  *  *  *  B  .  *  *  *  *  .\9
         10\*  *  .  .  .  B  .  .  *  .  .\10
          11\.  .  .  b  b  b  b  .  .  .  .\11
              a  b  c  d  e  f  g  h  i  j  k  
affd6 dfpn: j6
bfff6 info: Old: [black, a7] [white, swap-pieces] [white, k6] [black, g2] [white, k2] [black, j2] [white, g7] [black, f10] [white, h3] [black, j3] [white, d2] [black, e9] [white, e8] 
bfff6 info: New: [black, a7] [white, swap-pieces] [white, k6] [black, g2] [white, k2] [black, j2] [white, g7] [black, f10] [white, h3] [black, j3] [white, d2] [black, e9] [white, e8] [black, b5] [white, a8] 
bfff6 info: MovesPlayed: [black, b5] [white, a8] 
bfff6 info: No subtree to reuse.
bfff6 info: StartSearch()[0]
bfff6 info: 
Elapsed Time   0.332909s
Count          1
GamesPlayed    1
Nodes          1
Knowledge      0 (0.0%)
Expansions     0.0
Time           0.00
GameLen        94.0 dev=0.0 min=94.0 max=94.0
InTree         0.0 dev=0.0 min=0.0 max=0.0
KnowDepth      -
Aborted        0%
Games/s        3012.0
Score          1.00
Sequence      
bfff6 info: 
bfff6 warning: **** MoHexSearch returned empty sequence!
bfff6 warning: **** Returning random move!
bfff6 info: *** Player move: i9
affd6 info: DfpnSolver::CheckAbort(): Abort flag!
b7fe6 info: 
MID calls      79
VC builds      75
Terminal       2
Work           81
Wasted Work    0 (0%)
Elapsed Time   0.342884
MIDs/sec       230.399
VCs/sec        218.733
Cnt prune sib  4
Avg prune sib  1 dev=0 min=1 max=1
Consider Size  53.2877 dev=15.4809 min=6 max=63
Move Index     -
Move Percent   -
Delta Increase 2.9375 dev=9.07241 min=1 max=59
Winner         empty
PV             j6 i8 i7 h8

HashTableStatistics:
Stores         1189
LookupAttempt  79416
LookupSuccess  4426
Collisions     0

b7fe6 info: Search aborted.
79b87 info: PlayAndSolve: Building VCs to avoid race condition.
79b87 info: PlayAndSolve: Continuing on as usual.
b7fe6 info: *** PlayerThread ***
bfff6 info: *** SolverThread ***
affd6 config: VCS: reading captured set patterns from '/home/linus/MoHex2.0/nfbranchfix/benzene-vanilla-cmake/share/vc-captured-set.txt'.
affd6 config: VCS:: parsed 2 patterns.
affd6 config: VCS: reading captured set patterns from '/home/linus/MoHex2.0/nfbranchfix/benzene-vanilla-cmake/share/vc-captured-set.txt'.
affd6 config: VCS:: parsed 2 patterns.
affd6 dfpn: 
b7fe6 info: Best move cannot be determined, must search state.
b7fe6 info: --- MoHexPlayer::Search() ---
b7fe6 info: Color: black
b7fe6 info: MaxGames: 1
b7fe6 info: NumberThreads: 1
b7fe6 info: MaxNodes: 181818181 (15999999928 bytes)
b7fe6 info: TimeForMove: 1
affd6 dfpn: i6
affd6 dfpn: c9
affd6 dfpn: j6
affd6 dfpn: h7
affd6 dfpn: d8
affd6 dfpn: j4
affd6 dfpn: i5
affd6 dfpn: h6
affd6 dfpn: c8
affd6 dfpn: j5
affd6 dfpn: i7
affd6 dfpn: d7
affd6 dfpn: c7
affd6 dfpn: b8
affd6 dfpn: b10
affd6 dfpn: d9
affd6 dfpn: i5
affd6 dfpn: h7
b7fe6 info: Time for PreSearch: 0.182629s
b7fe6 info: 
  92f386186410646f
  a  b  c  d  e  f  g  h  i  j  k  
 1\.  .  .  .  b  b  b  b  b  b  b\1
  2\.  .  .  W  .  .  B  b  b  B  W\2
   3\.  *  *  *  *  *  *  W  .  B  .\3
    4\W  *  *  *  *  *  *  *  *  *  *\4
     5\b  B  *  *  *  *  *  *  *  *  .\5
      6\.  .  *  *  *  *  *  *  *  *  W\6
       7\B  *  *  *  *  *  W  *  *  *  .\7
        8\W  *  *  *  W  *  *  *  *  *  *\8
         9\.  *  *  *  B  .  *  .  B  .  .\9
         10\*  *  .  .  .  B  .  .  .  .  .\10
          11\.  .  .  b  b  b  b  .  .  .  .\11
              a  b  c  d  e  f  g  h  i  j  k  
b7fe6 info: Old: [black, a7] [white, swap-pieces] [white, k6] [black, g2] [white, k2] [black, j2] [white, g7] [black, f10] [white, h3] [black, j3] [white, d2] [black, e9] [white, e8] [black, b5] [white, a8] 
b7fe6 info: New: [black, a7] [white, swap-pieces] [white, k6] [black, g2] [white, k2] [black, j2] [white, g7] [black, f10] [white, h3] [black, j3] [white, d2] [black, e9] [white, e8] [black, b5] [white, a8] [black, i9] [white, a4] 
b7fe6 info: MovesPlayed: [black, i9] [white, a4] 
b7fe6 info: No subtree to reuse.
b7fe6 info: StartSearch()[0]
b7fe6 info: 
Elapsed Time   0.343109s
Count          1
GamesPlayed    1
Nodes          1
Knowledge      0 (0.0%)
Expansions     0.0
Time           0.00
GameLen        91.0 dev=0.0 min=91.0 max=91.0
InTree         0.0 dev=0.0 min=0.0 max=0.0
KnowDepth      -
Aborted        0%
Games/s        3058.1
Score          0.00
Sequence      
b7fe6 info: 
b7fe6 warning: **** MoHexSearch returned empty sequence!
b7fe6 warning: **** Returning random move!
b7fe6 info: *** Player move: e6
affd6 info: DfpnSolver::CheckAbort(): Abort flag!
bfff6 info: 
MID calls      72
VC builds      65
Terminal       0
Work           72
Wasted Work    0 (0%)
Elapsed Time   0.35165
MIDs/sec       204.749
VCs/sec        184.843
Cnt prune sib  2
Avg prune sib  1 dev=0 min=1 max=1
Consider Size  42.0615 dev=22.4197 min=1 max=62
Move Index     -
Move Percent   -
Delta Increase 2.92754 dev=8.25029 min=1 max=54
Winner         empty
PV             h7 h6 c8 c9

HashTableStatistics:
Stores         1349
LookupAttempt  86444
LookupSuccess  4864
Collisions     0

bfff6 info: Search aborted.
79b87 info: PlayAndSolve: Building VCs to avoid race condition.
79b87 info: PlayAndSolve: Continuing on as usual.
bfff6 info: *** PlayerThread ***
b7fe6 info: *** SolverThread ***
affd6 config: VCS: reading captured set patterns from '/home/linus/MoHex2.0/nfbranchfix/benzene-vanilla-cmake/share/vc-captured-set.txt'.
affd6 config: VCS:: parsed 2 patterns.
affd6 config: VCS: reading captured set patterns from '/home/linus/MoHex2.0/nfbranchfix/benzene-vanilla-cmake/share/vc-captured-set.txt'.
affd6 config: VCS:: parsed 2 patterns.
affd6 dfpn: 
bfff6 info: Best move cannot be determined, must search state.
bfff6 info: --- MoHexPlayer::Search() ---
bfff6 info: Color: black
bfff6 info: MaxGames: 1
bfff6 info: NumberThreads: 1
bfff6 info: MaxNodes: 181818181 (15999999928 bytes)
bfff6 info: TimeForMove: 1
affd6 dfpn: c9
affd6 dfpn: d8
affd6 dfpn: j4
affd6 dfpn: f4
affd6 dfpn: j5
affd6 dfpn: d7
affd6 dfpn: i6
affd6 dfpn: c8
affd6 dfpn: j6
affd6 dfpn: d9
affd6 dfpn: b10
affd6 dfpn: b8
affd6 dfpn: b9
affd6 dfpn: h7
affd6 dfpn: e3
affd6 dfpn: j4
affd6 dfpn: f4
affd6 dfpn: i6
bfff6 info: Time for PreSearch: 0.193461s
affd6 dfpn: d8
bfff6 info: 
  0db019c1b27cce5d
  a  b  c  d  e  f  g  h  i  j  k  
 1\.  .  .  .  b  b  b  b  b  b  b\1
  2\.  .  .  W  .  .  B  b  b  B  W\2
   3\.  *  *  *  *  *  *  W  .  B  .\3
    4\W  *  *  *  *  *  *  *  W  *  *\4
     5\b  B  *  *  *  *  *  *  *  *  .\5
      6\.  .  *  *  B  *  *  *  *  *  W\6
       7\B  *  *  *  *  *  W  *  *  *  .\7
        8\W  *  *  *  W  *  *  *  *  *  *\8
         9\.  *  *  *  B  .  *  .  B  .  .\9
         10\*  *  .  .  .  B  .  .  .  .  .\10
          11\.  .  .  b  b  b  b  .  .  .  .\11
              a  b  c  d  e  f  g  h  i  j  k  
affd6 dfpn: f4
bfff6 info: Old: [black, a7] [white, swap-pieces] [white, k6] [black, g2] [white, k2] [black, j2] [white, g7] [black, f10] [white, h3] [black, j3] [white, d2] [black, e9] [white, e8] [black, b5] [white, a8] [black, i9] [white, a4] 
bfff6 info: New: [black, a7] [white, swap-pieces] [white, k6] [black, g2] [white, k2] [black, j2] [white, g7] [black, f10] [white, h3] [black, j3] [white, d2] [black, e9] [white, e8] [black, b5] [white, a8] [black, i9] [white, a4] [black, e6] [white, i4] 
bfff6 info: MovesPlayed: [black, e6] [white, i4] 
bfff6 info: No subtree to reuse.
affd6 dfpn: d8
bfff6 info: StartSearch()[0]
bfff6 info: 
Elapsed Time   0.519472s
Count          1
GamesPlayed    1
Nodes          1
Knowledge      0 (0.0%)
Expansions     0.0
Time           0.00
GameLen        89.0 dev=0.0 min=89.0 max=89.0
InTree         0.0 dev=0.0 min=0.0 max=0.0
KnowDepth      -
Aborted        0%
Games/s        2849.0
Score          1.00
Sequence      
bfff6 info: 
bfff6 warning: **** MoHexSearch returned empty sequence!
bfff6 warning: **** Returning random move!
bfff6 info: *** Player move: a9
affd6 info: DfpnSolver::CheckAbort(): Abort flag!
b7fe6 info: 
MID calls      98
VC builds      82
Terminal       0
Work           98
Wasted Work    0 (0%)
Elapsed Time   0.533155
MIDs/sec       183.811
VCs/sec        153.801
Cnt prune sib  3
Avg prune sib  1 dev=0 min=1 max=1
Consider Size  34.3049 dev=20.5151 min=5 max=59
Move Index     -
Move Percent   -
Delta Increase 2.80412 dev=7.29728 min=1 max=53
Winner         empty
PV             d8 d9 b9 b10

HashTableStatistics:
Stores         1564
LookupAttempt  94159
LookupSuccess  5454
Collisions     0

b7fe6 info: Search aborted.
79b87 info: PlayAndSolve: Building VCs to avoid race condition.
79b87 info: PlayAndSolve: Continuing on as usual.
b7fe6 info: *** PlayerThread ***
bfff6 info: *** SolverThread ***
affd6 config: VCS: reading captured set patterns from '/home/linus/MoHex2.0/nfbranchfix/benzene-vanilla-cmake/share/vc-captured-set.txt'.
affd6 config: VCS:: parsed 2 patterns.
affd6 config: VCS: reading captured set patterns from '/home/linus/MoHex2.0/nfbranchfix/benzene-vanilla-cmake/share/vc-captured-set.txt'.
affd6 config: VCS:: parsed 2 patterns.
affd6 dfpn: 
b7fe6 info: Best move cannot be determined, must search state.
b7fe6 info: --- MoHexPlayer::Search() ---
b7fe6 info: Color: black
b7fe6 info: MaxGames: 1
b7fe6 info: NumberThreads: 1
b7fe6 info: MaxNodes: 181818181 (15999999928 bytes)
b7fe6 info: TimeForMove: 1
affd6 dfpn: f4
affd6 dfpn: j4
affd6 dfpn: c9
affd6 dfpn: d8
affd6 dfpn: j5
affd6 dfpn: j6
affd6 dfpn: i6
affd6 dfpn: d7
affd6 dfpn: c8
affd6 dfpn: b8
affd6 dfpn: h7
affd6 dfpn: i7
affd6 dfpn: d9
affd6 dfpn: b10
affd6 dfpn: b3
affd6 dfpn: j4
affd6 dfpn: f4
b7fe6 info: Time for PreSearch: 0.19849s
affd6 dfpn: i6
b7fe6 info: 
  281ffb0f25fbebe7
  a  b  c  d  e  f  g  h  i  j  k  
 1\.  .  .  .  b  b  b  b  b  b  b\1
  2\.  .  .  W  .  b  B  b  b  B  W\2
   3\.  *  *  *  W  .  .  W  .  B  .\3
    4\W  *  *  *  *  *  *  *  W  *  *\4
     5\b  B  *  *  *  *  *  *  *  *  .\5
      6\.  .  *  *  B  *  *  *  *  *  W\6
       7\B  *  *  *  *  *  W  *  *  *  .\7
        8\W  *  *  *  W  *  *  *  *  *  *\8
         9\B  *  *  *  B  .  *  .  B  .  .\9
         10\*  *  .  .  .  B  .  .  .  .  .\10
          11\.  .  .  b  b  b  b  .  .  .  .\11
              a  b  c  d  e  f  g  h  i  j  k  
b7fe6 info: Old: [black, a7] [white, swap-pieces] [white, k6] [black, g2] [white, k2] [black, j2] [white, g7] [black, f10] [white, h3] [black, j3] [white, d2] [black, e9] [white, e8] [black, b5] [white, a8] [black, i9] [white, a4] [black, e6] [white, i4] 
b7fe6 info: New: [black, a7] [white, swap-pieces] [white, k6] [black, g2] [white, k2] [black, j2] [white, g7] [black, f10] [white, h3] [black, j3] [white, d2] [black, e9] [white, e8] [black, b5] [white, a8] [black, i9] [white, a4] [black, e6] [white, i4] [black, a9] [white, e3] 
b7fe6 info: MovesPlayed: [black, a9] [white, e3] 
b7fe6 info: No subtree to reuse.
b7fe6 info: StartSearch()[0]
b7fe6 info: 
Elapsed Time   0.353089s
Count          1
GamesPlayed    1
Nodes          1
Knowledge      0 (0.0%)
Expansions     0.0
Time           0.00
GameLen        86.0 dev=0.0 min=86.0 max=86.0
InTree         0.0 dev=0.0 min=0.0 max=0.0
KnowDepth      -
Aborted        0%
Games/s        2801.1
Score          1.00
Sequence      
b7fe6 info: 
b7fe6 warning: **** MoHexSearch returned empty sequence!
b7fe6 warning: **** Returning random move!
b7fe6 info: *** Player move: b6
affd6 info: DfpnSolver::CheckAbort(): Abort flag!
bfff6 info: 
MID calls      67
VC builds      59
Terminal       0
Work           67
Wasted Work    0 (0%)
Elapsed Time   0.373858
MIDs/sec       179.212
VCs/sec        157.814
Cnt prune sib  4
Avg prune sib  1 dev=0 min=1 max=1
Consider Size  37.3051 dev=18.274 min=2 max=56
Move Index     -
Move Percent   -
Delta Increase 2.60606 dev=6.07249 min=1 max=47
Winner         empty
PV             i6 h8 c8 f4

HashTableStatistics:
Stores         1714
LookupAttempt  100224
LookupSuccess  5883
Collisions     0

bfff6 info: Search aborted.
79b87 info: PlayAndSolve: Building VCs to avoid race condition.
79b87 info: PlayAndSolve: Continuing on as usual.
bfff6 info: *** PlayerThread ***
b7fe6 info: *** SolverThread ***
affd6 config: VCS: reading captured set patterns from '/home/linus/MoHex2.0/nfbranchfix/benzene-vanilla-cmake/share/vc-captured-set.txt'.
affd6 config: VCS:: parsed 2 patterns.
affd6 config: VCS: reading captured set patterns from '/home/linus/MoHex2.0/nfbranchfix/benzene-vanilla-cmake/share/vc-captured-set.txt'.
affd6 config: VCS:: parsed 2 patterns.
affd6 dfpn: 
affd6 dfpn: j4
bfff6 info: Best move cannot be determined, must search state.
bfff6 info: --- MoHexPlayer::Search() ---
bfff6 info: Color: black
bfff6 info: MaxGames: 1
bfff6 info: NumberThreads: 1
bfff6 info: MaxNodes: 181818181 (15999999928 bytes)
bfff6 info: TimeForMove: 1
affd6 dfpn: c9
affd6 dfpn: d8
affd6 dfpn: j5
affd6 dfpn: b8
affd6 dfpn: j6
affd6 dfpn: i6
affd6 dfpn: j4
bfff6 info: Time for PreSearch: 0.078273s
affd6 dfpn: d8
bfff6 info: 
  1c7de6f7b69fc48b
  a  b  c  d  e  f  g  h  i  j  k  
 1\.  .  .  .  b  b  b  b  b  b  b\1
  2\.  .  .  W  .  b  B  b  b  B  W\2
   3\.  .  .  .  W  .  .  W  w  B  .\3
    4\W  .  .  .  .  .  W  w  W  *  *\4
     5\b  B  .  .  .  .  *  *  *  *  .\5
      6\b  B  .  .  B  .  *  *  *  *  W\6
       7\B  .  .  .  .  *  W  *  *  *  .\7
        8\W  *  *  *  W  *  .  .  .  .  .\8
         9\B  *  *  .  B  .  .  .  B  .  .\9
         10\*  *  .  .  .  B  .  .  .  .  .\10
          11\.  .  .  b  b  b  b  .  .  .  .\11
              a  b  c  d  e  f  g  h  i  j  k  
bfff6 info: Old: [black, a7] [white, swap-pieces] [white, k6] [black, g2] [white, k2] [black, j2] [white, g7] [black, f10] [white, h3] [black, j3] [white, d2] [black, e9] [white, e8] [black, b5] [white, a8] [black, i9] [white, a4] [black, e6] [white, i4] [black, a9] [white, e3] 
bfff6 info: New: [black, a7] [white, swap-pieces] [white, k6] [black, g2] [white, k2] [black, j2] [white, g7] [black, f10] [white, h3] [black, j3] [white, d2] [black, e9] [white, e8] [black, b5] [white, a8] [black, i9] [white, a4] [black, e6] [white, i4] [black, a9] [white, e3] [black, b6] [white, g4] 
bfff6 info: MovesPlayed: [black, b6] [white, g4] 
bfff6 info: No subtree to reuse.
affd6 dfpn: i6
bfff6 info: StartSearch()[0]
bfff6 info: 
Elapsed Time   0.233835s
Count          1
GamesPlayed    1
Nodes          1
Knowledge      0 (0.0%)
Expansions     0.0
Time           0.00
GameLen        81.0 dev=0.0 min=81.0 max=81.0
InTree         0.0 dev=0.0 min=0.0 max=0.0
KnowDepth      -
Aborted        0%
Games/s        3096.0
Score          0.00
Sequence      
bfff6 info: 
bfff6 warning: **** MoHexSearch returned empty sequence!
bfff6 warning: **** Returning random move!
bfff6 info: *** Player move: i8
affd6 info: DfpnSolver::CheckAbort(): Abort flag!
b7fe6 info: 
MID calls      38
VC builds      33
Terminal       0
Work           38
Wasted Work    0 (0%)
Elapsed Time   0.252239
MIDs/sec       150.651
VCs/sec        130.828
Cnt prune sib  0
Avg prune sib  -
Consider Size  23.2424 dev=14.7443 min=6 max=51
Move Index     -
Move Percent   -
Delta Increase 2.67568 dev=3.58717 min=1 max=14
Winner         empty
PV             i6 i5 k4 j5

HashTableStatistics:
Stores         1798
LookupAttempt  101940
LookupSuccess  6040
Collisions     0

b7fe6 info: Search aborted.
79b87 info: PlayAndSolve: Building VCs to avoid race condition.
79b87 info: PlayAndSolve: Continuing on as usual.
b7fe6 info: *** PlayerThread ***
bfff6 info: *** SolverThread ***
affd6 config: VCS: reading captured set patterns from '/home/linus/MoHex2.0/nfbranchfix/benzene-vanilla-cmake/share/vc-captured-set.txt'.
affd6 config: VCS:: parsed 2 patterns.
affd6 config: VCS: reading captured set patterns from '/home/linus/MoHex2.0/nfbranchfix/benzene-vanilla-cmake/share/vc-captured-set.txt'.
affd6 config: VCS:: parsed 2 patterns.
affd6 dfpn: 
b7fe6 info: Opponent has won; playing most blocking move.
b7fe6 info: *** Player move: b8
bfff6 info: 
MID calls      0
VC builds      1
Terminal       1
Work           1
Wasted Work    0 (0%)
Elapsed Time   0.009931
MIDs/sec       0
VCs/sec        100.695
Cnt prune sib  0
Avg prune sib  -
Consider Size  -
Move Index     -
Move Percent   -
Delta Increase -
Winner         white
PV             

HashTableStatistics:
Stores         1799
LookupAttempt  101946
LookupSuccess  6043
Collisions     0

79b87 info: PlayAndSolve: Building VCs to avoid race condition.
79b87 info: PlayAndSolve: Continuing on as usual.
bfff6 info: *** PlayerThread ***
b7fe6 info: *** SolverThread ***
affd6 config: VCS: reading captured set patterns from '/home/linus/MoHex2.0/nfbranchfix/benzene-vanilla-cmake/share/vc-captured-set.txt'.
affd6 config: VCS:: parsed 2 patterns.
affd6 config: VCS: reading captured set patterns from '/home/linus/MoHex2.0/nfbranchfix/benzene-vanilla-cmake/share/vc-captured-set.txt'.
affd6 config: VCS:: parsed 2 patterns.
affd6 dfpn: 
bfff6 info: Opponent has won; playing most blocking move.
bfff6 info: *** Player move: b9
b7fe6 info: 
MID calls      0
VC builds      1
Terminal       1
Work           1
Wasted Work    0 (0%)
Elapsed Time   0.008692
MIDs/sec       0
VCs/sec        115.048
Cnt prune sib  0
Avg prune sib  -
Consider Size  -
Move Index     -
Move Percent   -
Delta Increase -
Winner         white
PV             

HashTableStatistics:
Stores         1800
LookupAttempt  101952
LookupSuccess  6046
Collisions     0

79b87 info: PlayAndSolve: Building VCs to avoid race condition.
79b87 info: PlayAndSolve: Continuing on as usual.
bfff6 info: *** SolverThread ***
b7fe6 info: *** PlayerThread ***
affd6 config: VCS: reading captured set patterns from '/home/linus/MoHex2.0/nfbranchfix/benzene-vanilla-cmake/share/vc-captured-set.txt'.
affd6 config: VCS:: parsed 2 patterns.
affd6 config: VCS: reading captured set patterns from '/home/linus/MoHex2.0/nfbranchfix/benzene-vanilla-cmake/share/vc-captured-set.txt'.
affd6 config: VCS:: parsed 2 patterns.
affd6 dfpn: 
b7fe6 info: Opponent has won; playing most blocking move.
b7fe6 info: *** Player move: f7
bfff6 info: 
MID calls      0
VC builds      1
Terminal       1
Work           1
Wasted Work    0 (0%)
Elapsed Time   0.008728
MIDs/sec       0
VCs/sec        114.574
Cnt prune sib  0
Avg prune sib  -
Consider Size  -
Move Index     -
Move Percent   -
Delta Increase -
Winner         white
PV             

HashTableStatistics:
Stores         1801
LookupAttempt  101958
LookupSuccess  6049
Collisions     0

79b87 info: PlayAndSolve: Building VCs to avoid race condition.
79b87 info: PlayAndSolve: Continuing on as usual.
bfff6 info: *** PlayerThread ***
b7fe6 info: *** SolverThread ***
affd6 config: VCS: reading captured set patterns from '/home/linus/MoHex2.0/nfbranchfix/benzene-vanilla-cmake/share/vc-captured-set.txt'.
affd6 config: VCS:: parsed 2 patterns.
affd6 config: VCS: reading captured set patterns from '/home/linus/MoHex2.0/nfbranchfix/benzene-vanilla-cmake/share/vc-captured-set.txt'.
affd6 config: VCS:: parsed 2 patterns.
affd6 dfpn: 
bfff6 info: Opponent has won; playing most blocking move.
bfff6 info: *** Player move: h6
b7fe6 info: 
MID calls      0
VC builds      1
Terminal       1
Work           1
Wasted Work    0 (0%)
Elapsed Time   0.006756
MIDs/sec       0
VCs/sec        148.017
Cnt prune sib  0
Avg prune sib  -
Consider Size  -
Move Index     -
Move Percent   -
Delta Increase -
Winner         white
PV             

HashTableStatistics:
Stores         1802
LookupAttempt  101964
LookupSuccess  6052
Collisions     0

79b87 info: PlayAndSolve: Building VCs to avoid race condition.
79b87 info: PlayAndSolve: Continuing on as usual.
b7fe6 info: *** PlayerThread ***
bfff6 info: *** SolverThread ***
affd6 config: VCS: reading captured set patterns from '/home/linus/MoHex2.0/nfbranchfix/benzene-vanilla-cmake/share/vc-captured-set.txt'.
affd6 config: VCS:: parsed 2 patterns.
affd6 config: VCS: reading captured set patterns from '/home/linus/MoHex2.0/nfbranchfix/benzene-vanilla-cmake/share/vc-captured-set.txt'.
affd6 config: VCS:: parsed 2 patterns.
affd6 dfpn: 
b7fe6 info: Opponent has won; playing most blocking move.
b7fe6 info: *** Player move: j4
bfff6 info: 
MID calls      0
VC builds      1
Terminal       1
Work           1
Wasted Work    0 (0%)
Elapsed Time   0.005971
MIDs/sec       0
VCs/sec        167.476
Cnt prune sib  0
Avg prune sib  -
Consider Size  -
Move Index     -
Move Percent   -
Delta Increase -
Winner         white
PV             

HashTableStatistics:
Stores         1803
LookupAttempt  101970
LookupSuccess  6055
Collisions     0

79b87 info: PlayAndSolve: Building VCs to avoid race condition.
79b87 info: PlayAndSolve: Continuing on as usual.
b7fe6 info: *** SolverThread ***
bfff6 info: *** PlayerThread ***
affd6 config: VCS: reading captured set patterns from '/home/linus/MoHex2.0/nfbranchfix/benzene-vanilla-cmake/share/vc-captured-set.txt'.
affd6 config: VCS:: parsed 2 patterns.
affd6 config: VCS: reading captured set patterns from '/home/linus/MoHex2.0/nfbranchfix/benzene-vanilla-cmake/share/vc-captured-set.txt'.
affd6 config: VCS:: parsed 2 patterns.
affd6 dfpn: 
bfff6 info: Opponent has won; playing most blocking move.
bfff6 info: *** Player move: i5
b7fe6 info: 
MID calls      0
VC builds      1
Terminal       1
Work           1
Wasted Work    0 (0%)
Elapsed Time   0.003994
MIDs/sec       0
VCs/sec        250.376
Cnt prune sib  0
Avg prune sib  -
Consider Size  -
Move Index     -
Move Percent   -
Delta Increase -
Winner         white
PV             

HashTableStatistics:
Stores         1804
LookupAttempt  101976
LookupSuccess  6058
Collisions     0

79b87 info: PlayAndSolve: Building VCs to avoid race condition.
79b87 info: PlayAndSolve: Continuing on as usual.
b7fe6 info: *** PlayerThread ***
bfff6 info: *** SolverThread ***
affd6 config: VCS: reading captured set patterns from '/home/linus/MoHex2.0/nfbranchfix/benzene-vanilla-cmake/share/vc-captured-set.txt'.
affd6 config: VCS:: parsed 2 patterns.
affd6 config: VCS: reading captured set patterns from '/home/linus/MoHex2.0/nfbranchfix/benzene-vanilla-cmake/share/vc-captured-set.txt'.
affd6 config: VCS:: parsed 2 patterns.
affd6 dfpn: 
b7fe6 info: Opponent has won; playing most blocking move.
b7fe6 info: *** Player move: d8
bfff6 info: 
MID calls      0
VC builds      1
Terminal       1
Work           1
Wasted Work    0 (0%)
Elapsed Time   0.003817
MIDs/sec       0
VCs/sec        261.986
Cnt prune sib  0
Avg prune sib  -
Consider Size  -
Move Index     -
Move Percent   -
Delta Increase -
Winner         white
PV             

HashTableStatistics:
Stores         1805
LookupAttempt  101982
LookupSuccess  6061
Collisions     0

79b87 info: PlayAndSolve: Building VCs to avoid race condition.
79b87 info: PlayAndSolve: Continuing on as usual.
bfff6 info: *** PlayerThread ***
b7fe6 info: *** SolverThread ***
affd6 config: VCS: reading captured set patterns from '/home/linus/MoHex2.0/nfbranchfix/benzene-vanilla-cmake/share/vc-captured-set.txt'.
affd6 config: VCS:: parsed 2 patterns.
affd6 config: VCS: reading captured set patterns from '/home/linus/MoHex2.0/nfbranchfix/benzene-vanilla-cmake/share/vc-captured-set.txt'.
affd6 config: VCS:: parsed 2 patterns.
bfff6 info: Captured cells caused win! Removing...
affd6 dfpn: 
b7fe6 info: 
MID calls      0
VC builds      1
Terminal       1
Work           1
Wasted Work    0 (0%)
Elapsed Time   0.002585
MIDs/sec       0
VCs/sec        386.847
Cnt prune sib  0
Avg prune sib  -
Consider Size  -
Move Index     -
Move Percent   -
Delta Increase -
Winner         white
PV             

HashTableStatistics:
Stores         1806
LookupAttempt  101988
LookupSuccess  6064
Collisions     0

bfff6 info: Opponent has won; playing most blocking move.
bfff6 info: *** Player move: j6
79b87 info: PlayAndSolve: Building VCs to avoid race condition.
79b87 info: PlayAndSolve: Continuing on as usual.
b7fe6 info: *** PlayerThread ***
bfff6 info: *** SolverThread ***
affd6 config: VCS: reading captured set patterns from '/home/linus/MoHex2.0/nfbranchfix/benzene-vanilla-cmake/share/vc-captured-set.txt'.
affd6 config: VCS:: parsed 2 patterns.
affd6 config: VCS: reading captured set patterns from '/home/linus/MoHex2.0/nfbranchfix/benzene-vanilla-cmake/share/vc-captured-set.txt'.
affd6 config: VCS:: parsed 2 patterns.
b7fe6 info: Captured cells caused win! Removing...
affd6 dfpn: 
bfff6 info: 
MID calls      0
VC builds      1
Terminal       1
Work           1
Wasted Work    0 (0%)
Elapsed Time   0.003287
MIDs/sec       0
VCs/sec        304.229
Cnt prune sib  0
Avg prune sib  -
Consider Size  -
Move Index     -
Move Percent   -
Delta Increase -
Winner         white
PV             

HashTableStatistics:
Stores         1807
LookupAttempt  101994
LookupSuccess  6067
Collisions     0

b7fe6 info: Opponent has won; playing most blocking move.
b7fe6 info: *** Player move: k4
79b87 config: ============ BenzeneShutdown =============
79b87 config: MoHexProgram:: ShutdownSystem()
79b87 config: CommonProgram:: ShutdownSystem()
79b87 config: BenzeneProgram:: ShutdownSystem()
Flushing and closing this stream...
